2024-05-15 22:04:07	MonitorSpeechStart	We need to mark the answer.	1250
2024-05-15 22:04:07	ActionGesture	BrowRaise
2024-05-15 22:04:20	MonitorSpeechStart	I think we need to mark the answer. I did already.	2807
2024-05-15 22:04:21	ActionGesture	BrowRaise
2024-05-15 22:04:22	ActionGesture	BrowRaise
2024-05-15 22:04:50	MonitorSpeechStart	Before moving on, you need to mark your answer. Did you?	3348
2024-05-15 22:04:51	ActionGesture	BrowRaise
2024-05-15 22:04:53	ActionGesture	BrowRaise
2024-05-15 22:12:54	Autoreload is disabled because the development mode is off.
2024-05-15 22:12:54	Application started in 0.737 seconds.
2024-05-15 22:12:55	Responding at http://127.0.0.1:8888
2024-05-15 22:12:56	----------------- NEW EXECUTION-------------------
2024-05-15 22:12:56	ActionGesture	CloseEyes
2024-05-15 22:13:01	GUIEvent	GUI_RELOADED	GUI_RELOADED [ACCEPTED]	0.0	UNDEFINED	UNDEFINED	Init
2024-05-15 22:13:02	GUIEvent	SYNCH_REQUESTED	SYNCH REQUESTED .. [ACCEPTED]	0.0	UNDEFINED	UNDEFINED	Init
2024-05-15 22:13:03	GUIEvent	NEW_STAGE_REQUESTED	STAGE[0.2] [28] REQUESTED .. [ACCEPTED]	0.0	UNDEFINED	UNDEFINED	Init
2024-05-15 22:13:03	SessionEvent	USER_SET	USER TO ACTIVATE.	0.2	28	UNDEFINED	Init
2024-05-15 22:13:03	ActionGesture	OpenEyes
2024-05-15 22:13:03	ActionGesture	Smile
2024-05-15 22:13:03	MonitorSpeechStart	Hi there	477
2024-05-15 22:13:03	ActionGesture	BrowRaise
2024-05-15 22:13:05	ActionGesture	BigSmile
2024-05-15 22:13:05	MonitorSpeechStart	Nice to meet you.	824
2024-05-15 22:13:05	ActionGesture	BrowRaise
2024-05-15 22:13:07	MonitorSpeechStart	How you doing?	741
2024-05-15 22:13:07	ActionGesture	BrowRaise
2024-05-15 22:13:08	GUIEvent	NEW_STAGE_REQUESTED	STAGE[1] [28] REQUESTED .. [ACCEPTED]	0.2	28	CONDITION2	Init
2024-05-15 22:13:08	SessionEvent	QUESTION_SET	NEW QUESTION TO ACTIVATE	1		CONDITION2	Init
2024-05-15 22:13:09	MonitorSpeechStart	Ok #QNUM#. Let's see	2658
2024-05-15 22:13:10	ActionGesture	BrowRaise
2024-05-15 22:13:11	ActionGesture	BrowRaise
2024-05-15 22:13:11	GUIEvent	ANSWER_MARKED	ANSWER[FALSE] [1] [28] SENT .. [ACCEPTED]	1	28	CONDITION2	Init
2024-05-15 22:13:17	MonitorSpeechStart	Ok let me know when you marked the answer	2040
2024-05-15 22:13:18	ActionGesture	BrowRaise
2024-05-15 22:13:20	ActionGesture	Smile
2024-05-15 22:13:21	SenseSpeech	um	848
2024-05-15 22:13:21	MonitorSpeechStart	Oops, I didn't get that.	1517
2024-05-15 22:13:23	ActionGesture	BrowRaise
2024-05-15 22:13:23	MonitorSpeechStart	Whenever you want.	757
2024-05-15 22:13:24	ActionGesture	BrowRaise
2024-05-15 22:13:25	ActionGesture	Smile
2024-05-15 22:13:27	SenseSpeech	I marked the answer	1319
2024-05-15 22:13:43	MonitorSpeechStart	DISCLOSURE 1 UNCERTAIN FOR Q 1	2168
2024-05-15 22:13:44	ActionGesture	BrowRaise
2024-05-15 22:13:45	ActionGesture	BrowRaise
