2024-05-14 13:28:38	Autoreload is disabled because the development mode is off.
2024-05-14 13:28:38	Application started in 0.701 seconds.
2024-05-14 13:28:39	Responding at http://127.0.0.1:8888
2024-05-14 13:28:40	----------------- NEW EXECUTION-------------------
2024-05-14 13:28:41	ActionGesture	CloseEyes
2024-05-14 13:28:43	GUIEvent	GUI_RELOADED	GUI_RELOADED [ACCEPTED]	0.0	UNDEFINED	UNDEFINED	UNDEFINED
2024-05-14 13:28:44	GUIEvent	SYNCH_REQUESTED	SYNCH REQUESTED .. [ACCEPTED]	0.0	UNDEFINED	UNDEFINED	UNDEFINED
2024-05-14 13:29:41	MonitorSpeechStart	REQUIRED FIELD	0
2024-05-14 13:30:27	Autoreload is disabled because the development mode is off.
2024-05-14 13:30:28	Application started in 0.714 seconds.
2024-05-14 13:30:28	Responding at http://127.0.0.1:8888
2024-05-14 13:30:30	----------------- NEW EXECUTION-------------------
2024-05-14 13:30:31	ActionGesture	CloseEyes
2024-05-14 13:30:39	GUIEvent	NEW_STAGE_REQUESTED	STAGE[0.2] [13] REQUESTED .. [REJECTED]	0.0	UNDEFINED	UNDEFINED	UNDEFINED
2024-05-14 13:30:44	GUIEvent	GUI_RELOADED	GUI_RELOADED [ACCEPTED]	0.0	UNDEFINED	UNDEFINED	UNDEFINED
2024-05-14 13:30:44	GUIEvent	SYNCH_REQUESTED	SYNCH REQUESTED .. [ACCEPTED]	0.0	UNDEFINED	UNDEFINED	UNDEFINED
2024-05-14 13:30:51	GUIEvent	NEW_STAGE_REQUESTED	STAGE[0.2] [28] REQUESTED .. [ACCEPTED]	0.0	UNDEFINED	UNDEFINED	UNDEFINED
2024-05-14 13:30:51	SystemEvent	USER_SET	USER SET IN GUI.	0.2	28	UNDEFINED	UNDEFINED
2024-05-14 13:30:52	ActionGesture	OpenEyes
2024-05-14 13:30:52	ActionGesture	Smile
2024-05-14 13:30:53	MonitorSpeechStart	REQUIRED FIELD	0
2024-05-14 13:35:45	Autoreload is disabled because the development mode is off.
2024-05-14 13:35:46	Application started in 0.555 seconds.
2024-05-14 13:35:46	Responding at http://127.0.0.1:8888
2024-05-14 13:35:47	----------------- NEW EXECUTION-------------------
2024-05-14 13:35:47	ActionGesture	CloseEyes
2024-05-14 13:35:50	GUIEvent	GUI_RELOADED	GUI_RELOADED [ACCEPTED]	0.0	UNDEFINED	UNDEFINED	UNDEFINED
2024-05-14 13:35:50	GUIEvent	SYNCH_REQUESTED	SYNCH REQUESTED .. [ACCEPTED]	0.0	UNDEFINED	UNDEFINED	UNDEFINED
2024-05-14 13:35:51	GUIEvent	NEW_STAGE_REQUESTED	STAGE[0.2] [46] REQUESTED .. [ACCEPTED]	0.0	UNDEFINED	UNDEFINED	UNDEFINED
2024-05-14 13:35:51	SystemEvent	USER_SET	USER SET IN GUI.	0.2	46	UNDEFINED	UNDEFINED
2024-05-14 13:35:51	ActionGesture	OpenEyes
2024-05-14 13:35:51	ActionGesture	Smile
2024-05-14 13:35:52	MonitorSpeechStart	Oh, hello there	1105
2024-05-14 13:35:53	ActionGesture	BrowRaise
2024-05-14 13:35:54	ActionGesture	BigSmile
2024-05-14 13:35:54	MonitorSpeechStart	Nice to meet you.	824
2024-05-14 13:35:54	ActionGesture	BrowRaise
2024-05-14 13:35:56	GUIEvent	NEW_STAGE_REQUESTED	STAGE[1] [46] REQUESTED .. [ACCEPTED]	0.2	46	CONDITION3	UNDEFINED
2024-05-14 13:35:57	MonitorSpeechStart	1	597
2024-05-14 13:35:58	ActionGesture	BrowRaise
2024-05-14 13:36:00	MonitorSpeechStart	Holy	459
2024-05-14 13:36:00	SenseSpeech	ERROR! Azure credentials are not provided.	null
2024-05-14 13:36:01	MonitorSpeechStart	I think my connection broke. Did you say something?	2704
2024-05-14 13:36:03	ActionGesture	BrowRaise
2024-05-14 13:36:03	ActionGesture	BrowRaise
2024-05-14 13:36:07	GUIEvent	ANSWER_SENT	ANSWER[FALSE] [1] [46] SENT .. [ACCEPTED]	1	46	CONDITION3	UNDEFINED
2024-05-14 13:36:08	MonitorSpeechStart	DISCLOSURE 1 CERTAIN FOR Q 1	2033
2024-05-14 13:36:09	ActionGesture	BrowRaise
2024-05-14 13:36:10	ActionGesture	BrowRaise
2024-05-14 13:36:10	SenseSpeech	ERROR! Azure credentials are not provided.	null
2024-05-14 13:36:11	MonitorSpeechStart	I think my connection broke. Did you say something?	2704
2024-05-14 13:36:13	ActionGesture	BrowRaise
2024-05-14 13:36:13	ActionGesture	BrowRaise
2024-05-14 13:36:24	GUIEvent	NEW_STAGE_REQUESTED	STAGE[2] [46] REQUESTED .. [ACCEPTED]	1	46	CONDITION3	UNDEFINED
2024-05-14 13:36:24	MonitorSpeechStart	Good boy. You confirmed	1743
2024-05-14 13:36:26	ActionGesture	BrowRaise
2024-05-14 13:36:28	MonitorSpeechStart	Number 2	699
2024-05-14 13:36:28	ActionGesture	BrowRaise
2024-05-14 13:36:30	SenseSpeech	ERROR! Azure credentials are not provided.	null
2024-05-14 13:36:30	MonitorSpeechStart	I think my connection broke. Did you say something?	2704
2024-05-14 13:36:32	ActionGesture	BrowRaise
2024-05-14 13:36:32	ActionGesture	BrowRaise
2024-05-14 13:36:33	GUIEvent	ANSWER_SENT	ANSWER[TRUE] [2] [46] SENT .. [ACCEPTED]	2	46	CONDITION3	UNDEFINED
2024-05-14 13:36:35	MonitorSpeechStart	DISCLOSURE 1 CERTAIN FOR Q 2	1985
2024-05-14 13:36:36	ActionGesture	BrowRaise
2024-05-14 13:36:37	SenseSpeech	ERROR! Azure credentials are not provided.	null
2024-05-14 13:36:37	MonitorSpeechStart	I think my connection broke. Did you say something?	2704
2024-05-14 13:36:39	ActionGesture	BrowRaise
2024-05-14 13:36:39	ActionGesture	BrowRaise
2024-05-14 13:36:43	GUIEvent	NEW_STAGE_REQUESTED	STAGE[3] [46] REQUESTED .. [ACCEPTED]	2	46	CONDITION3	UNDEFINED
2024-05-14 13:36:43	MonitorSpeechStart	Good boy. You confirmed	1743
2024-05-14 13:36:44	ActionGesture	BrowRaise
2024-05-14 13:36:47	MonitorSpeechStart	Question 3	905
2024-05-14 13:36:47	ActionGesture	BrowRaise
2024-05-14 13:36:49	SenseSpeech	ERROR! Azure credentials are not provided.	null
2024-05-14 13:36:50	MonitorSpeechStart	I think my connection broke. Did you say something?	2704
2024-05-14 13:36:52	ActionGesture	BrowRaise
2024-05-14 13:36:52	ActionGesture	BrowRaise
