2024-05-14 20:36:52	Autoreload is disabled because the development mode is off.
2024-05-14 20:36:53	Application started in 0.508 seconds.
2024-05-14 20:36:53	Responding at http://127.0.0.1:8888
2024-05-14 20:36:54	----------------- NEW EXECUTION-------------------
2024-05-14 20:36:54	SystemEvent	FLOW_START	FLOW STARTED	0.0		UNDEFINED	UNDEFINED
2024-05-14 20:36:54	FlowEvent	NEW_STATE	Sleep	0.0		UNDEFINED	Sleep
2024-05-14 20:36:54	ActionGesture	CloseEyes
2024-05-14 20:37:03	GUIEvent	GUI_RELOADED	GUI_RELOADED [ACCEPTED]	0.0	UNDEFINED	UNDEFINED	UNDEFINED
2024-05-14 20:37:03	GUIEvent	SYNCH_REQUESTED	SYNCH REQUESTED .. [ACCEPTED]	0.0	UNDEFINED	UNDEFINED	UNDEFINED
2024-05-14 20:37:05	GUIEvent	NEW_STAGE_REQUESTED	STAGE[0.2] [13] REQUESTED .. [ACCEPTED]	0.0	UNDEFINED	UNDEFINED	UNDEFINED
2024-05-14 20:37:05	SystemEvent	USER_SET	USER SET IN GUI.	0.2	13	UNDEFINED	UNDEFINED
2024-05-14 20:37:05	FlowEvent	NEW_STATE	Welcome	0.2		UNDEFINED	Welcome
2024-05-14 20:37:05	ActionGesture	OpenEyes
2024-05-14 20:37:05	ActionGesture	Smile
2024-05-14 20:37:05	MonitorSpeechStart	Hi there	477
2024-05-14 20:37:05	ActionGesture	BrowRaise
2024-05-14 20:37:07	ActionGesture	BigSmile
2024-05-14 20:37:07	MonitorSpeechStart	Nice to meet you.	824
2024-05-14 20:37:07	ActionGesture	BrowRaise
2024-05-14 20:37:09	MonitorSpeechStart	How you doing?	741
2024-05-14 20:37:09	ActionGesture	BrowRaise
2024-05-14 20:37:11	ActionGesture	Smile
2024-05-14 20:37:12	SenseSpeech	yeah	822
2024-05-14 20:37:12	MonitorSpeechStart	Ok	618
2024-05-14 20:37:12	ActionGesture	BrowRaise
2024-05-14 20:37:13	GUIEvent	NEW_STAGE_REQUESTED	STAGE[1] [13] REQUESTED .. [ACCEPTED]	0.2	13	CONDITION1	UNDEFINED
2024-05-14 20:37:15	MonitorSpeechStart	Ok #QNUM#. Let's see	2658
2024-05-14 20:37:16	ActionGesture	BrowRaise
2024-05-14 20:37:17	ActionGesture	BrowRaise
2024-05-14 20:37:23	MonitorSpeechStart	Ok. I have it. Do you?	2177
2024-05-14 20:37:24	ActionGesture	BrowRaise
2024-05-14 20:37:31	MonitorSpeechStart	Ok #QNUM#. Let's see	2658
2024-05-14 20:37:32	ActionGesture	BrowRaise
2024-05-14 20:37:33	ActionGesture	BrowRaise
2024-05-14 20:37:39	MonitorSpeechStart	Ok. I have it. Do you?	2177
2024-05-14 20:37:40	ActionGesture	BrowRaise
2024-05-14 20:37:46	MonitorSpeechStart	Ok #QNUM#. Let's see	2658
2024-05-14 20:37:47	ActionGesture	BrowRaise
2024-05-14 20:37:48	ActionGesture	BrowRaise
2024-05-14 20:37:54	MonitorSpeechStart	Ok. I have it. Do you?	2177
2024-05-14 20:37:55	ActionGesture	BrowRaise
2024-05-14 20:38:02	MonitorSpeechStart	Ok #QNUM#. Let's see	2658
2024-05-14 20:38:03	ActionGesture	BrowRaise
2024-05-14 20:38:04	ActionGesture	BrowRaise
2024-05-14 20:38:09	MonitorSpeechStart	Ok. I have it. Do you?	2177
2024-05-14 20:38:11	ActionGesture	BrowRaise
2024-05-14 20:38:13	ActionGesture	Smile
2024-05-14 20:38:14	SenseSpeech	yes	944
2024-05-14 20:44:06	Autoreload is disabled because the development mode is off.
2024-05-14 20:44:07	Application started in 0.566 seconds.
2024-05-14 20:44:07	Responding at http://127.0.0.1:8888
2024-05-14 20:44:09	----------------- NEW EXECUTION-------------------
2024-05-14 20:44:09	SystemEvent	FLOW_START	FLOW STARTED	0.0		UNDEFINED	UNDEFINED
2024-05-14 20:44:09	FlowEvent	NEW_STATE	Sleep	0.0		UNDEFINED	Sleep
2024-05-14 20:44:09	ActionGesture	CloseEyes
2024-05-14 20:44:10	GUIEvent	GUI_RELOADED	GUI_RELOADED [ACCEPTED]	0.0	UNDEFINED	UNDEFINED	UNDEFINED
2024-05-14 20:44:10	GUIEvent	SYNCH_REQUESTED	SYNCH REQUESTED .. [ACCEPTED]	0.0	UNDEFINED	UNDEFINED	UNDEFINED
2024-05-14 20:44:11	GUIEvent	NEW_STAGE_REQUESTED	STAGE[0.2] [29] REQUESTED .. [ACCEPTED]	0.0	UNDEFINED	UNDEFINED	UNDEFINED
2024-05-14 20:44:11	SystemEvent	USER_SET	USER SET IN GUI.	0.2	29	UNDEFINED	UNDEFINED
2024-05-14 20:44:11	FlowEvent	NEW_STATE	Welcome	0.2		CONDITION2	Welcome
2024-05-14 20:44:11	ActionGesture	OpenEyes
2024-05-14 20:44:11	ActionGesture	Smile
2024-05-14 20:44:12	MonitorSpeechStart	Hi there	477
2024-05-14 20:44:12	ActionGesture	BrowRaise
2024-05-14 20:44:13	ActionGesture	BigSmile
2024-05-14 20:44:13	MonitorSpeechStart	Nice to meet you.	824
2024-05-14 20:44:14	ActionGesture	BrowRaise
2024-05-14 20:44:15	GUIEvent	NEW_STAGE_REQUESTED	STAGE[1] [29] REQUESTED .. [ACCEPTED]	0.2	29	CONDITION2	UNDEFINED
2024-05-14 20:44:16	MonitorSpeechStart	Ok #QNUM#. Let's see	2658
2024-05-14 20:44:17	ActionGesture	BrowRaise
2024-05-14 20:44:18	ActionGesture	BrowRaise
2024-05-14 20:44:24	MonitorSpeechStart	Ok let me know when you marked the answer	2040
2024-05-14 20:44:26	ActionGesture	BrowRaise
2024-05-14 20:44:28	ActionGesture	Smile
2024-05-14 20:44:29	SenseSpeech	okay	1182
2024-05-14 20:55:34	Autoreload is disabled because the development mode is off.
2024-05-14 20:55:35	Application started in 0.516 seconds.
2024-05-14 20:55:35	Responding at http://127.0.0.1:8888
2024-05-14 20:55:37	----------------- NEW EXECUTION-------------------
2024-05-14 20:55:37	SystemEvent	FLOW_START	FLOW STARTED	0.0		UNDEFINED	UNDEFINED
2024-05-14 20:55:37	FlowEvent	NEW_STATE	Sleep	0.0		UNDEFINED	Sleep
2024-05-14 20:55:37	ActionGesture	CloseEyes
2024-05-14 20:55:40	GUIEvent	GUI_RELOADED	GUI_RELOADED [ACCEPTED]	0.0	UNDEFINED	UNDEFINED	UNDEFINED
2024-05-14 20:55:40	GUIEvent	SYNCH_REQUESTED	SYNCH REQUESTED .. [ACCEPTED]	0.0	UNDEFINED	UNDEFINED	UNDEFINED
2024-05-14 20:55:42	GUIEvent	NEW_STAGE_REQUESTED	STAGE[0.2] [22] REQUESTED .. [ACCEPTED]	0.0	UNDEFINED	UNDEFINED	UNDEFINED
2024-05-14 20:55:42	SystemEvent	USER_SET	USER SET IN GUI.	0.2	22	UNDEFINED	UNDEFINED
2024-05-14 20:55:42	FlowEvent	NEW_STATE	Welcome	0.2		CONDITION2	Welcome
2024-05-14 20:55:42	ActionGesture	OpenEyes
2024-05-14 20:55:42	ActionGesture	Smile
2024-05-14 20:55:42	MonitorSpeechStart	Oh, hello there	1105
2024-05-14 20:55:43	ActionGesture	BrowRaise
2024-05-14 20:55:45	ActionGesture	BigSmile
2024-05-14 20:55:45	MonitorSpeechStart	Nice to meet you.	824
2024-05-14 20:55:45	ActionGesture	BrowRaise
2024-05-14 20:55:47	MonitorSpeechStart	How you doing?	741
2024-05-14 20:55:47	ActionGesture	BrowRaise
2024-05-14 20:55:50	GUIEvent	NEW_STAGE_REQUESTED	STAGE[1] [22] REQUESTED .. [ACCEPTED]	0.2	22	CONDITION2	UNDEFINED
2024-05-14 20:55:51	MonitorSpeechStart	Ok #QNUM#. Let's see	2658
2024-05-14 20:55:52	ActionGesture	BrowRaise
2024-05-14 20:55:53	ActionGesture	BrowRaise
2024-05-14 20:55:59	MonitorSpeechStart	Ok let me know when you marked the answer	2040
2024-05-14 20:56:00	ActionGesture	BrowRaise
2024-05-14 20:56:07	MonitorSpeechStart	Whenever you want.	757
2024-05-14 20:56:08	ActionGesture	BrowRaise
2024-05-14 20:56:13	MonitorSpeechStart	Ok. I have it. Do you?	2177
2024-05-14 20:56:14	ActionGesture	BrowRaise
2024-05-14 20:56:20	ActionGesture	Smile
2024-05-14 20:56:21	SenseSpeech	okay	1281
2024-05-14 20:56:22	MonitorSpeechStart	We need to mark the answer.	1250
2024-05-14 20:56:23	ActionGesture	BrowRaise
2024-05-14 20:56:28	MonitorSpeechStart	Ok #QNUM#. Let's see	2658
2024-05-14 20:56:30	ActionGesture	BrowRaise
2024-05-14 20:56:30	ActionGesture	BrowRaise
