2024-05-27 21:17:33	Autoreload is disabled because the development mode is off.
2024-05-27 21:17:33	Application started in 0.627 seconds.
2024-05-27 21:17:34	Responding at http://127.0.0.1:8888
2024-05-27 21:17:36	----------------- NEW EXECUTION-------------------
2024-05-27 21:20:09	FlowEvent	NEW_FLOW_STATE	Testing	0.0		UNDEFINED	Testing
2024-05-27 21:20:10	MonitorSpeechStart	Mhm. Nu ska jag pausa <mark name="action"/>	2200
2024-05-27 21:20:12	ActionGesture	BrowRaise
2024-05-27 21:20:13	ActionGesture	SubtleWobbleYes
2024-05-27 21:20:17	MonitorSpeechStart	umh, jag 채r en  talande robot. mm, jag 채r en  talande robot. aha, jag 채r en  talande robot. ah, jag 채r en  talande robot.	12687
2024-05-27 21:20:17	ActionGesture	BrowRaise
2024-05-27 21:20:18	ActionGesture	BrowRaise
2024-05-27 21:20:21	ActionGesture	BrowRaise
2024-05-27 21:20:21	ActionGesture	BrowRaise
2024-05-27 21:20:24	ActionGesture	BrowRaise
2024-05-27 21:20:25	ActionGesture	BrowRaise
2024-05-27 21:20:27	ActionGesture	BrowRaise
2024-05-27 21:20:28	ActionGesture	BrowRaise
2024-05-27 21:20:28	ActionGesture	BrowRaise
2024-05-27 21:20:29	ActionGesture	BrowRaise
2024-05-27 21:20:31	MonitorSpeechStart	Ok, let's test.	1511
2024-05-27 21:20:32	ActionGesture	BrowRaise
2024-05-27 21:20:39	ActionGesture	Smile
2024-05-27 21:20:47	ActionGesture	Smile
2024-05-27 21:20:48	SenseSpeech	through	932
2024-05-27 21:20:48	ActionGesture	doubleNod
2024-05-27 21:20:49	MonitorSpeechStart	doubleNod	824
2024-05-27 21:20:49	ActionGesture	BrowRaise
2024-05-27 21:20:56	MonitorSpeechStart	Mm now I will wobble with NO <mark name="action"/>	1950
2024-05-27 21:20:57	ActionGesture	BrowRaise
2024-05-27 21:20:58	ActionGesture	BrowRaise
2024-05-27 21:20:58	ActionGesture	BrowRaise
2024-05-27 21:20:58	ActionGesture	SubtleWobbleNo
2024-05-27 21:21:00	MonitorSpeechStart	um before continuing	1561
2024-05-27 21:21:00	ActionGesture	BrowRaise
2024-05-27 21:21:02	ActionGesture	BrowRaise
2024-05-27 21:21:03	MonitorSpeechStart	Now I will wobble with YES <mark name="action"/>	1800
2024-05-27 21:21:04	ActionGesture	BrowRaise
2024-05-27 21:21:05	ActionGesture	SubtleWobbleYes
2024-05-27 21:21:06	MonitorSpeechStart	and finish	886
2024-05-27 21:21:07	ActionGesture	BrowRaise
2024-05-27 21:21:13	MonitorSpeechStart	Mm now I will wobble with NO <mark name="action"/>	1950
2024-05-27 21:21:13	ActionGesture	BrowRaise
2024-05-27 21:21:14	ActionGesture	BrowRaise
2024-05-27 21:21:15	ActionGesture	BrowRaise
2024-05-27 21:21:15	ActionGesture	SubtleWobbleNo
2024-05-27 21:21:16	MonitorSpeechStart	um before continuing	1561
2024-05-27 21:21:16	ActionGesture	BrowRaise
2024-05-27 21:21:17	ActionGesture	BrowRaise
2024-05-27 21:21:18	MonitorSpeechStart	Now I will wobble with YES <mark name="action"/>	1800
2024-05-27 21:21:19	ActionGesture	BrowRaise
2024-05-27 21:21:20	ActionGesture	SubtleWobbleYes
2024-05-27 21:21:21	MonitorSpeechStart	and finish	886
2024-05-27 21:21:22	ActionGesture	BrowRaise
2024-05-27 21:24:17	Autoreload is disabled because the development mode is off.
2024-05-27 21:24:18	Application started in 0.592 seconds.
2024-05-27 21:24:18	Responding at http://127.0.0.1:8888
2024-05-27 21:24:21	----------------- NEW EXECUTION-------------------
2024-05-27 21:24:59	FlowEvent	NEW_FLOW_STATE	Testing	0.0		UNDEFINED	Testing
2024-05-27 21:25:00	MonitorSpeechStart	Mm now I will wobble with NO <mark name="action"/>	1950
2024-05-27 21:25:00	ActionGesture	BrowRaise
2024-05-27 21:25:01	ActionGesture	BrowRaise
2024-05-27 21:25:02	ActionGesture	BrowRaise
2024-05-27 21:25:02	ActionGesture	SubtleWobbleNo
2024-05-27 21:25:03	MonitorSpeechStart	um before continuing	1561
2024-05-27 21:25:03	ActionGesture	BrowRaise
2024-05-27 21:25:04	ActionGesture	BrowRaise
2024-05-27 21:25:05	MonitorSpeechStart	Now I will wobble with YES <mark name="action"/>	1800
2024-05-27 21:25:06	ActionGesture	BrowRaise
2024-05-27 21:25:07	ActionGesture	SubtleWobbleYes
2024-05-27 21:25:08	MonitorSpeechStart	and finish	886
2024-05-27 21:25:09	ActionGesture	BrowRaise
2024-05-27 21:25:15	MonitorSpeechStart	Mm now I will wobble with NO <mark name="action"/>	1950
2024-05-27 21:25:15	ActionGesture	BrowRaise
2024-05-27 21:25:16	ActionGesture	BrowRaise
2024-05-27 21:25:17	ActionGesture	BrowRaise
2024-05-27 21:25:17	ActionGesture	SubtleWobbleNo
2024-05-27 21:25:18	MonitorSpeechStart	um before continuing	1561
2024-05-27 21:25:18	ActionGesture	BrowRaise
2024-05-27 21:25:20	ActionGesture	BrowRaise
2024-05-27 21:25:20	MonitorSpeechStart	Now I will wobble with YES <mark name="action"/>	1800
2024-05-27 21:25:22	ActionGesture	BrowRaise
2024-05-27 21:25:22	ActionGesture	SubtleWobbleYes
2024-05-27 21:25:23	MonitorSpeechStart	and finish	886
2024-05-27 21:25:24	ActionGesture	BrowRaise
2024-05-27 21:25:35	MonitorSpeechStart	Mm now I will wobble with NO <mark name="action"/>	1950
2024-05-27 21:25:35	ActionGesture	BrowRaise
2024-05-27 21:25:36	ActionGesture	BrowRaise
2024-05-27 21:25:37	ActionGesture	BrowRaise
2024-05-27 21:25:37	ActionGesture	SubtleWobbleNo
2024-05-27 21:25:38	MonitorSpeechStart	um before continuing	1561
2024-05-27 21:25:38	ActionGesture	BrowRaise
2024-05-27 21:25:40	ActionGesture	BrowRaise
2024-05-27 21:25:40	MonitorSpeechStart	Now I will wobble with YES <mark name="action"/>	1800
2024-05-27 21:25:42	ActionGesture	BrowRaise
2024-05-27 21:25:42	ActionGesture	SubtleWobbleYes
2024-05-27 21:25:43	MonitorSpeechStart	and finish	886
2024-05-27 21:25:44	ActionGesture	BrowRaise
2024-05-27 21:25:50	MonitorSpeechStart	Mm now I will wobble with NO <mark name="action"/>	1950
2024-05-27 21:25:50	ActionGesture	BrowRaise
2024-05-27 21:25:51	ActionGesture	BrowRaise
2024-05-27 21:25:52	ActionGesture	BrowRaise
2024-05-27 21:27:00	Autoreload is disabled because the development mode is off.
2024-05-27 21:27:01	Application started in 0.591 seconds.
2024-05-27 21:27:01	Responding at http://127.0.0.1:8888
2024-05-27 21:27:04	----------------- NEW EXECUTION-------------------
2024-05-27 21:27:12	FlowEvent	NEW_FLOW_STATE	Testing	0.0		UNDEFINED	Testing
2024-05-27 21:27:13	MonitorSpeechStart	Mm now I will wobble with NO <mark name="action"/>	1950
2024-05-27 21:27:13	ActionGesture	BrowRaise
2024-05-27 21:27:14	ActionGesture	BrowRaise
2024-05-27 21:27:14	ActionGesture	BrowRaise
2024-05-27 21:27:15	ActionGesture	SubtleWobbleNo
2024-05-27 21:27:16	MonitorSpeechStart	um before continuing	1561
2024-05-27 21:27:16	ActionGesture	BrowRaise
2024-05-27 21:27:17	ActionGesture	BrowRaise
2024-05-27 21:27:18	MonitorSpeechStart	Now I will wobble with YES <mark name="action"/>	1800
2024-05-27 21:27:19	ActionGesture	BrowRaise
2024-05-27 21:27:20	ActionGesture	SubtleWobbleYes
2024-05-27 21:27:21	MonitorSpeechStart	and finish	886
2024-05-27 21:27:22	ActionGesture	BrowRaise
2024-05-27 21:29:18	Autoreload is disabled because the development mode is off.
2024-05-27 21:29:19	Application started in 0.583 seconds.
2024-05-27 21:29:19	Responding at http://127.0.0.1:8888
2024-05-27 21:29:21	----------------- NEW EXECUTION-------------------
2024-05-27 21:29:26	FlowEvent	NEW_FLOW_STATE	Testing	0.0		UNDEFINED	Testing
2024-05-27 21:29:26	MonitorSpeechStart	Mm now I will wobble with NO <mark name="action"/>	1950
2024-05-27 21:29:27	ActionGesture	BrowRaise
2024-05-27 21:29:28	ActionGesture	BrowRaise
2024-05-27 21:29:28	ActionGesture	BrowRaise
2024-05-27 21:29:28	ActionGesture	SubtleWobbleNo
2024-05-27 21:29:29	MonitorSpeechStart	um before continuing	1561
2024-05-27 21:29:30	ActionGesture	BrowRaise
2024-05-27 21:29:31	ActionGesture	BrowRaise
2024-05-27 21:29:32	MonitorSpeechStart	Now I will wobble with YES <mark name="action"/>	1800
2024-05-27 21:29:33	ActionGesture	BrowRaise
2024-05-27 21:29:33	ActionGesture	SubtleWobbleYes
2024-05-27 21:29:35	MonitorSpeechStart	and finish	886
2024-05-27 21:29:35	ActionGesture	BrowRaise
2024-05-27 21:29:41	MonitorSpeechStart	Mm now I will wobble with NO <mark name="action"/>	1950
2024-05-27 21:29:42	ActionGesture	BrowRaise
2024-05-27 21:29:43	ActionGesture	BrowRaise
2024-05-27 21:29:43	ActionGesture	BrowRaise
2024-05-27 21:29:43	ActionGesture	SubtleWobbleNo
2024-05-27 21:29:45	MonitorSpeechStart	um before continuing	1561
2024-05-27 21:29:45	ActionGesture	BrowRaise
2024-05-27 21:29:46	ActionGesture	BrowRaise
2024-05-27 21:29:47	MonitorSpeechStart	Now I will wobble with YES <mark name="action"/>	1800
2024-05-27 21:29:48	ActionGesture	BrowRaise
2024-05-27 21:31:06	Autoreload is disabled because the development mode is off.
2024-05-27 21:31:07	Application started in 0.585 seconds.
2024-05-27 21:31:07	Responding at http://127.0.0.1:8888
2024-05-27 21:31:10	----------------- NEW EXECUTION-------------------
2024-05-27 21:31:10	FlowEvent	NEW_FLOW_STATE	Testing	0.0		UNDEFINED	Testing
2024-05-27 21:31:10	MonitorSpeechStart	Mm now I will wobble with NO <mark name="action"/>	1950
2024-05-27 21:31:10	ActionGesture	BrowRaise
2024-05-27 21:31:12	ActionGesture	BrowRaise
2024-05-27 21:31:12	ActionGesture	BrowRaise
2024-05-27 21:31:12	ActionGesture	SubtleWobbleNo
2024-05-27 21:31:13	MonitorSpeechStart	um before continuing	1561
2024-05-27 21:31:13	ActionGesture	BrowRaise
2024-05-27 21:31:15	ActionGesture	BrowRaise
2024-05-27 21:31:15	MonitorSpeechStart	Now I will wobble with YES <mark name="action"/>	1800
2024-05-27 21:31:17	ActionGesture	BrowRaise
2024-05-27 21:31:17	ActionGesture	SubtleWobbleYes
2024-05-27 21:31:18	MonitorSpeechStart	and finish	886
2024-05-27 21:31:19	ActionGesture	BrowRaise
2024-05-27 21:31:25	MonitorSpeechStart	Mm now I will wobble with NO <mark name="action"/>	1950
2024-05-27 21:31:26	ActionGesture	BrowRaise
2024-05-27 21:31:27	ActionGesture	BrowRaise
2024-05-27 21:31:27	ActionGesture	BrowRaise
2024-05-27 21:31:27	ActionGesture	SubtleWobbleNo
2024-05-27 21:31:28	MonitorSpeechStart	um before continuing	1561
2024-05-27 21:31:29	ActionGesture	BrowRaise
2024-05-27 21:31:30	ActionGesture	BrowRaise
2024-05-27 21:31:30	MonitorSpeechStart	Now I will wobble with YES <mark name="action"/>	1800
2024-05-27 21:31:32	ActionGesture	BrowRaise
2024-05-27 21:31:32	ActionGesture	SubtleWobbleYes
2024-05-27 21:31:34	MonitorSpeechStart	and finish	886
2024-05-27 21:31:34	ActionGesture	BrowRaise
2024-05-27 21:32:13	Autoreload is disabled because the development mode is off.
2024-05-27 21:32:14	Application started in 0.582 seconds.
2024-05-27 21:32:14	Responding at http://127.0.0.1:8888
2024-05-27 21:32:16	----------------- NEW EXECUTION-------------------
2024-05-27 21:32:16	FlowEvent	NEW_FLOW_STATE	Testing	0.0		UNDEFINED	Testing
2024-05-27 21:32:17	MonitorSpeechStart	Mm now I will wobble with NO <mark name="action"/>	1950
2024-05-27 21:32:17	ActionGesture	BrowRaise
2024-05-27 21:32:18	ActionGesture	BrowRaise
2024-05-27 21:32:19	ActionGesture	BrowRaise
2024-05-27 21:32:19	ActionGesture	SubtleWobbleNo
2024-05-27 21:32:20	MonitorSpeechStart	um before continuing	1561
2024-05-27 21:32:20	ActionGesture	BrowRaise
2024-05-27 21:32:21	ActionGesture	BrowRaise
2024-05-27 21:32:22	MonitorSpeechStart	Now I will wobble with YES <mark name="action"/>	1800
2024-05-27 21:32:23	ActionGesture	BrowRaise
2024-05-27 21:32:24	ActionGesture	SubtleWobbleYes
2024-05-27 21:32:25	MonitorSpeechStart	and finish	886
2024-05-27 21:32:26	ActionGesture	BrowRaise
2024-05-27 21:32:32	MonitorSpeechStart	Mm now I will wobble with NO <mark name="action"/>	1950
2024-05-27 21:32:32	ActionGesture	BrowRaise
2024-05-27 21:32:33	ActionGesture	BrowRaise
2024-05-27 21:32:34	ActionGesture	BrowRaise
2024-05-27 21:32:34	ActionGesture	SubtleWobbleNo
2024-05-27 21:32:35	MonitorSpeechStart	um before continuing	1561
2024-05-27 21:32:35	ActionGesture	BrowRaise
2024-05-27 21:32:36	ActionGesture	BrowRaise
2024-05-27 21:32:37	MonitorSpeechStart	Now I will wobble with YES <mark name="action"/>	1800
2024-05-27 21:32:38	ActionGesture	BrowRaise
2024-05-27 21:32:39	ActionGesture	SubtleWobbleYes
2024-05-27 21:32:40	MonitorSpeechStart	and finish	886
2024-05-27 21:32:41	ActionGesture	BrowRaise
2024-05-27 21:32:47	MonitorSpeechStart	Mm now I will wobble with NO <mark name="action"/>	1950
2024-05-27 21:32:47	ActionGesture	BrowRaise
2024-05-27 21:32:48	ActionGesture	BrowRaise
2024-05-27 21:32:49	ActionGesture	BrowRaise
2024-05-27 21:32:49	ActionGesture	SubtleWobbleNo
2024-05-27 21:32:50	MonitorSpeechStart	um before continuing	1561
2024-05-27 21:32:50	ActionGesture	BrowRaise
2024-05-27 21:32:52	ActionGesture	BrowRaise
2024-05-27 21:32:52	MonitorSpeechStart	Now I will wobble with YES <mark name="action"/>	1800
2024-05-27 21:32:53	ActionGesture	BrowRaise
2024-05-27 21:32:54	ActionGesture	SubtleWobbleYes
2024-05-27 21:32:55	MonitorSpeechStart	and finish	886
2024-05-27 21:32:56	ActionGesture	BrowRaise
2024-05-27 21:33:02	MonitorSpeechStart	Mm now I will wobble with NO <mark name="action"/>	1950
2024-05-27 21:33:02	ActionGesture	BrowRaise
2024-05-27 21:33:04	ActionGesture	BrowRaise
2024-05-27 21:33:04	ActionGesture	BrowRaise
2024-05-27 21:33:04	ActionGesture	SubtleWobbleNo
2024-05-27 21:33:05	MonitorSpeechStart	um before continuing	1561
2024-05-27 21:33:05	ActionGesture	BrowRaise
2024-05-27 21:33:07	ActionGesture	BrowRaise
2024-05-27 21:33:07	MonitorSpeechStart	Now I will wobble with YES <mark name="action"/>	1800
2024-05-27 21:33:09	ActionGesture	BrowRaise
2024-05-27 21:34:32	Autoreload is disabled because the development mode is off.
2024-05-27 21:34:33	Application started in 0.585 seconds.
2024-05-27 21:34:33	Responding at http://127.0.0.1:8888
2024-05-27 21:34:36	----------------- NEW EXECUTION-------------------
2024-05-27 21:34:36	FlowEvent	NEW_FLOW_STATE	Testing	0.0		UNDEFINED	Testing
2024-05-27 21:34:36	MonitorSpeechStart	Mm now I will wobble with NO <mark name="action"/>	1950
2024-05-27 21:34:37	ActionGesture	BrowRaise
2024-05-27 21:34:38	ActionGesture	BrowRaise
2024-05-27 21:34:38	ActionGesture	BrowRaise
2024-05-27 21:34:38	ActionGesture	SubtleWobbleNo
2024-05-27 21:34:40	MonitorSpeechStart	um before continuing	1561
2024-05-27 21:34:40	ActionGesture	BrowRaise
2024-05-27 21:34:41	ActionGesture	BrowRaise
2024-05-27 21:34:42	MonitorSpeechStart	Now I will wobble with YES <mark name="action"/>	1800
2024-05-27 21:34:43	ActionGesture	BrowRaise
2024-05-27 21:34:43	ActionGesture	SubtleWobbleYes
2024-05-27 21:34:45	MonitorSpeechStart	and finish	886
2024-05-27 21:34:45	ActionGesture	BrowRaise
2024-05-27 21:34:51	MonitorSpeechStart	Mm now I will wobble with NO <mark name="action"/>	1950
2024-05-27 21:34:52	ActionGesture	BrowRaise
2024-05-27 21:34:53	ActionGesture	BrowRaise
2024-05-27 21:34:53	ActionGesture	BrowRaise
2024-05-27 21:34:53	ActionGesture	SubtleWobbleNo
2024-05-27 21:34:55	MonitorSpeechStart	um before continuing	1561
2024-05-27 21:34:55	ActionGesture	BrowRaise
2024-05-27 21:34:56	ActionGesture	BrowRaise
2024-05-27 21:34:57	MonitorSpeechStart	Now I will wobble with YES <mark name="action"/>	1800
2024-05-27 21:35:02	Autoreload is disabled because the development mode is off.
2024-05-27 21:35:02	Application started in 0.589 seconds.
2024-05-27 21:35:03	Responding at http://127.0.0.1:8888
2024-05-27 21:35:05	----------------- NEW EXECUTION-------------------
2024-05-27 21:35:05	FlowEvent	NEW_FLOW_STATE	Testing	0.0		UNDEFINED	Testing
2024-05-27 21:35:06	MonitorSpeechStart	Mm now I will wobble with NO <mark name="action"/>	1950
2024-05-27 21:35:06	ActionGesture	BrowRaise
2024-05-27 21:35:07	ActionGesture	BrowRaise
2024-05-27 21:35:07	ActionGesture	BrowRaise
2024-05-27 21:35:08	ActionGesture	SubtleWobbleNo
2024-05-27 21:35:09	MonitorSpeechStart	um before continuing	1561
2024-05-27 21:35:09	ActionGesture	BrowRaise
2024-05-27 21:35:10	ActionGesture	BrowRaise
2024-05-27 21:35:11	MonitorSpeechStart	Now I will wobble with YES <mark name="action"/>	1800
2024-05-27 21:35:12	ActionGesture	BrowRaise
2024-05-27 21:35:13	ActionGesture	SubtleWobbleYes
2024-05-27 21:35:14	MonitorSpeechStart	and finish	886
2024-05-27 21:35:15	ActionGesture	BrowRaise
2024-05-27 21:35:21	MonitorSpeechStart	Mm now I will wobble with NO <mark name="action"/>	1950
2024-05-27 21:35:21	ActionGesture	BrowRaise
2024-05-27 21:35:22	ActionGesture	BrowRaise
2024-05-27 21:35:23	ActionGesture	BrowRaise
2024-05-27 21:35:23	ActionGesture	SubtleWobbleNo
2024-05-27 21:35:24	MonitorSpeechStart	um before continuing	1561
2024-05-27 21:35:24	ActionGesture	BrowRaise
2024-05-27 21:35:30	Autoreload is disabled because the development mode is off.
2024-05-27 21:35:31	Application started in 0.605 seconds.
2024-05-27 21:35:31	Responding at http://127.0.0.1:8888
2024-05-27 21:35:33	----------------- NEW EXECUTION-------------------
2024-05-27 21:35:33	FlowEvent	NEW_FLOW_STATE	Testing	0.0		UNDEFINED	Testing
2024-05-27 21:35:34	MonitorSpeechStart	Mm now I will wobble with NO <mark name="action"/>	1950
2024-05-27 21:35:34	ActionGesture	BrowRaise
2024-05-27 21:35:36	ActionGesture	BrowRaise
2024-05-27 21:35:36	ActionGesture	BrowRaise
2024-05-27 21:35:36	ActionGesture	SubtleWobbleNo
2024-05-27 21:35:37	MonitorSpeechStart	um before continuing	1561
2024-05-27 21:35:37	ActionGesture	BrowRaise
2024-05-27 21:35:39	ActionGesture	BrowRaise
2024-05-27 21:35:39	MonitorSpeechStart	Now I will wobble with YES <mark name="action"/>	1800
2024-05-27 21:35:41	ActionGesture	BrowRaise
2024-05-27 21:35:41	ActionGesture	SubtleWobbleYes
2024-05-27 21:35:43	MonitorSpeechStart	and finish	886
2024-05-27 21:35:43	ActionGesture	BrowRaise
2024-05-27 21:35:52	Autoreload is disabled because the development mode is off.
2024-05-27 21:35:53	Application started in 0.586 seconds.
2024-05-27 21:35:53	Responding at http://127.0.0.1:8888
2024-05-27 21:35:55	----------------- NEW EXECUTION-------------------
2024-05-27 21:35:55	FlowEvent	NEW_FLOW_STATE	Testing	0.0		UNDEFINED	Testing
2024-05-27 21:35:56	MonitorSpeechStart	Mm now I will wobble with NO <mark name="action"/>	1950
2024-05-27 21:35:56	ActionGesture	BrowRaise
2024-05-27 21:35:57	ActionGesture	BrowRaise
2024-05-27 21:35:58	ActionGesture	BrowRaise
2024-05-27 21:35:58	ActionGesture	SubtleWobbleNo
2024-05-27 21:35:59	MonitorSpeechStart	um before continuing	1561
2024-05-27 21:35:59	ActionGesture	BrowRaise
2024-05-27 21:36:00	ActionGesture	BrowRaise
2024-05-27 21:36:01	MonitorSpeechStart	Now I will wobble with YES <mark name="action"/>	1800
2024-05-27 21:36:03	ActionGesture	BrowRaise
2024-05-27 21:36:03	ActionGesture	SubtleWobbleYes
2024-05-27 21:36:04	MonitorSpeechStart	and finish	886
2024-05-27 21:36:05	ActionGesture	BrowRaise
2024-05-27 21:36:11	Autoreload is disabled because the development mode is off.
2024-05-27 21:36:12	Application started in 0.593 seconds.
2024-05-27 21:36:12	Responding at http://127.0.0.1:8888
2024-05-27 21:36:14	----------------- NEW EXECUTION-------------------
2024-05-27 21:36:14	FlowEvent	NEW_FLOW_STATE	Testing	0.0		UNDEFINED	Testing
2024-05-27 21:36:15	MonitorSpeechStart	Mm now I will wobble with NO <mark name="action"/>	1950
2024-05-27 21:36:15	ActionGesture	BrowRaise
2024-05-27 21:36:16	ActionGesture	BrowRaise
2024-05-27 21:36:17	ActionGesture	BrowRaise
2024-05-27 21:36:17	ActionGesture	SubtleWobbleNo
2024-05-27 21:36:18	MonitorSpeechStart	um before continuing	1561
2024-05-27 21:36:18	ActionGesture	BrowRaise
2024-05-27 21:36:19	ActionGesture	BrowRaise
2024-05-27 21:36:20	MonitorSpeechStart	Now I will wobble with YES <mark name="action"/>	1800
2024-05-27 21:36:21	ActionGesture	BrowRaise
2024-05-27 21:36:22	ActionGesture	SubtleWobbleYes
2024-05-27 21:36:23	MonitorSpeechStart	and finish	886
2024-05-27 21:36:24	ActionGesture	BrowRaise
2024-05-27 21:36:34	Autoreload is disabled because the development mode is off.
2024-05-27 21:36:35	Application started in 0.585 seconds.
2024-05-27 21:36:35	Responding at http://127.0.0.1:8888
2024-05-27 21:36:37	----------------- NEW EXECUTION-------------------
2024-05-27 21:36:37	FlowEvent	NEW_FLOW_STATE	Testing	0.0		UNDEFINED	Testing
2024-05-27 21:36:38	MonitorSpeechStart	Mm now I will wobble with NO <mark name="action"/>	1950
2024-05-27 21:36:38	ActionGesture	BrowRaise
2024-05-27 21:36:39	ActionGesture	BrowRaise
2024-05-27 21:36:39	ActionGesture	BrowRaise
2024-05-27 21:36:40	ActionGesture	SubtleWobbleNo
2024-05-27 21:36:41	MonitorSpeechStart	um before continuing	1561
2024-05-27 21:36:41	ActionGesture	BrowRaise
2024-05-27 21:36:42	ActionGesture	BrowRaise
2024-05-27 21:36:43	MonitorSpeechStart	Now I will wobble with YES <mark name="action"/>	1800
2024-05-27 21:36:44	ActionGesture	BrowRaise
2024-05-27 21:36:45	ActionGesture	SubtleWobbleYes
2024-05-27 21:36:46	MonitorSpeechStart	and finish	886
2024-05-27 21:36:47	ActionGesture	BrowRaise
2024-05-27 21:36:56	Autoreload is disabled because the development mode is off.
2024-05-27 21:36:56	Application started in 0.59 seconds.
2024-05-27 21:36:57	Responding at http://127.0.0.1:8888
2024-05-27 21:36:59	----------------- NEW EXECUTION-------------------
2024-05-27 21:36:59	FlowEvent	NEW_FLOW_STATE	Testing	0.0		UNDEFINED	Testing
2024-05-27 21:36:59	MonitorSpeechStart	Mm now I will wobble with NO <mark name="action"/>	1950
2024-05-27 21:37:00	ActionGesture	BrowRaise
2024-05-27 21:37:01	ActionGesture	BrowRaise
2024-05-27 21:37:01	ActionGesture	BrowRaise
2024-05-27 21:37:01	ActionGesture	SubtleWobbleNo
2024-05-27 21:37:03	MonitorSpeechStart	um before continuing	1561
2024-05-27 21:37:03	ActionGesture	BrowRaise
2024-05-27 21:37:04	ActionGesture	BrowRaise
2024-05-27 21:37:05	MonitorSpeechStart	Now I will wobble with YES <mark name="action"/>	1800
2024-05-27 21:37:06	ActionGesture	BrowRaise
2024-05-27 21:37:07	ActionGesture	SubtleWobbleYes
2024-05-27 21:37:08	MonitorSpeechStart	and finish	886
2024-05-27 21:37:08	ActionGesture	BrowRaise
2024-05-27 21:37:15	MonitorSpeechStart	Mm now I will wobble with NO <mark name="action"/>	1950
2024-05-27 21:37:20	Autoreload is disabled because the development mode is off.
2024-05-27 21:37:20	Application started in 0.585 seconds.
2024-05-27 21:37:20	Responding at http://127.0.0.1:8888
2024-05-27 21:37:23	----------------- NEW EXECUTION-------------------
2024-05-27 21:37:23	FlowEvent	NEW_FLOW_STATE	Testing	0.0		UNDEFINED	Testing
2024-05-27 21:37:23	MonitorSpeechStart	Mm now I will wobble with NO <mark name="action"/>	1950
2024-05-27 21:37:24	ActionGesture	BrowRaise
2024-05-27 21:37:25	ActionGesture	BrowRaise
2024-05-27 21:37:25	ActionGesture	BrowRaise
2024-05-27 21:37:25	ActionGesture	SubtleWobbleNo
2024-05-27 21:37:26	MonitorSpeechStart	um before continuing	1561
2024-05-27 21:37:27	ActionGesture	BrowRaise
2024-05-27 21:37:28	ActionGesture	BrowRaise
2024-05-27 21:37:28	MonitorSpeechStart	Now I will wobble with YES <mark name="action"/>	1800
2024-05-27 21:37:30	ActionGesture	BrowRaise
2024-05-27 21:37:30	ActionGesture	SubtleWobbleYes
2024-05-27 21:37:32	MonitorSpeechStart	and finish	886
2024-05-27 21:37:32	ActionGesture	BrowRaise
2024-05-27 21:37:41	Autoreload is disabled because the development mode is off.
2024-05-27 21:37:42	Application started in 0.614 seconds.
2024-05-27 21:37:42	Responding at http://127.0.0.1:8888
2024-05-27 21:37:45	----------------- NEW EXECUTION-------------------
2024-05-27 21:37:45	FlowEvent	NEW_FLOW_STATE	Testing	0.0		UNDEFINED	Testing
2024-05-27 21:37:45	MonitorSpeechStart	Mm now I will wobble with NO <mark name="action"/>	1950
2024-05-27 21:37:46	ActionGesture	BrowRaise
2024-05-27 21:37:47	ActionGesture	BrowRaise
2024-05-27 21:37:47	ActionGesture	BrowRaise
2024-05-27 21:37:47	ActionGesture	SubtleWobbleNo
2024-05-27 21:37:48	MonitorSpeechStart	um before continuing	1561
2024-05-27 21:37:49	ActionGesture	BrowRaise
2024-05-27 21:37:50	ActionGesture	BrowRaise
2024-05-27 21:37:50	MonitorSpeechStart	Now I will wobble with YES <mark name="action"/>	1800
2024-05-27 21:37:56	Autoreload is disabled because the development mode is off.
2024-05-27 21:37:57	Application started in 0.596 seconds.
2024-05-27 21:37:57	Responding at http://127.0.0.1:8888
2024-05-27 21:37:59	----------------- NEW EXECUTION-------------------
2024-05-27 21:37:59	FlowEvent	NEW_FLOW_STATE	Testing	0.0		UNDEFINED	Testing
2024-05-27 21:38:00	MonitorSpeechStart	Mm now I will wobble with NO <mark name="action"/>	1950
2024-05-27 21:38:00	ActionGesture	BrowRaise
2024-05-27 21:38:02	ActionGesture	BrowRaise
2024-05-27 21:38:02	ActionGesture	BrowRaise
2024-05-27 21:38:02	ActionGesture	SubtleWobbleNo
2024-05-27 21:38:03	MonitorSpeechStart	um before continuing	1561
2024-05-27 21:38:03	ActionGesture	BrowRaise
2024-05-27 21:38:05	ActionGesture	BrowRaise
2024-05-27 21:38:05	MonitorSpeechStart	Now I will wobble with YES <mark name="action"/>	1800
2024-05-27 21:38:07	ActionGesture	BrowRaise
2024-05-27 21:38:07	ActionGesture	SubtleWobbleYes
2024-05-27 21:38:08	MonitorSpeechStart	and finish	886
2024-05-27 21:38:09	ActionGesture	BrowRaise
2024-05-27 21:38:15	MonitorSpeechStart	Mm now I will wobble with NO <mark name="action"/>	1950
2024-05-27 21:38:15	ActionGesture	BrowRaise
2024-05-27 21:38:17	ActionGesture	BrowRaise
2024-05-27 21:38:17	ActionGesture	BrowRaise
2024-05-27 21:38:17	ActionGesture	SubtleWobbleNo
2024-05-27 21:38:18	MonitorSpeechStart	um before continuing	1561
2024-05-27 21:38:18	ActionGesture	BrowRaise
2024-05-27 21:38:20	ActionGesture	BrowRaise
2024-05-27 21:38:20	MonitorSpeechStart	Now I will wobble with YES <mark name="action"/>	1800
2024-05-27 21:38:22	ActionGesture	BrowRaise
2024-05-27 21:38:22	ActionGesture	SubtleWobbleYes
2024-05-27 21:38:23	MonitorSpeechStart	and finish	886
2024-05-27 21:38:24	ActionGesture	BrowRaise
2024-05-27 21:39:49	Autoreload is disabled because the development mode is off.
2024-05-27 21:39:50	Application started in 0.598 seconds.
2024-05-27 21:39:50	Responding at http://127.0.0.1:8888
2024-05-27 21:39:52	----------------- NEW EXECUTION-------------------
2024-05-27 21:39:52	FlowEvent	NEW_FLOW_STATE	Sleep	0.0		UNDEFINED	Sleep
2024-05-27 21:39:52	ActionGesture	CloseEyes
2024-05-27 21:39:52	ActionGesture	CloseEyes
2024-05-27 21:40:38	GUIEvent	GUI_RELOADED	GUI_RELOADED [ACCEPTED]	0.0	UNDEFINED	UNDEFINED	Sleep
2024-05-27 21:40:38	GUIEvent	SYNCH_REQUESTED	SYNCH REQUESTED .. [ACCEPTED]	0.0	UNDEFINED	UNDEFINED	Sleep
2024-05-27 21:41:09	GUIEvent	GUI_STARTED	GUI_STARTED [ACCEPTED]	0.0	UNDEFINED	UNDEFINED	Sleep
2024-05-27 21:41:09	GUIEvent	SYNCH_REQUESTED	SYNCH REQUESTED .. [ACCEPTED]	0.0	UNDEFINED	UNDEFINED	Sleep
2024-05-27 21:41:53	MonitorSpeechStart	<prosody rate="1.0">No start signal received, terminating the program.</prosody>	3150
2024-05-27 21:41:54	ActionGesture	BrowRaise
2024-05-27 21:41:55	ActionGesture	BrowRaise
2024-05-27 21:41:56	ActionGesture	BrowRaise
2024-05-27 21:42:10	Autoreload is disabled because the development mode is off.
2024-05-27 21:42:10	Application started in 0.624 seconds.
2024-05-27 21:42:11	Responding at http://127.0.0.1:8888
2024-05-27 21:42:12	----------------- NEW EXECUTION-------------------
2024-05-27 21:42:12	FlowEvent	NEW_FLOW_STATE	Sleep	0.0		UNDEFINED	Sleep
2024-05-27 21:42:12	ActionGesture	CloseEyes
2024-05-27 21:42:12	ActionGesture	CloseEyes
2024-05-27 21:42:16	GUIEvent	GUI_RELOADED	GUI_RELOADED [ACCEPTED]	0.0	UNDEFINED	UNDEFINED	Sleep
2024-05-27 21:42:16	GUIEvent	SYNCH_REQUESTED	SYNCH REQUESTED .. [ACCEPTED]	0.0	UNDEFINED	UNDEFINED	Sleep
2024-05-27 21:44:13	MonitorSpeechStart	<prosody rate="1.0">No start signal received, terminating the program.</prosody>	3150
2024-05-27 21:44:14	ActionGesture	BrowRaise
2024-05-27 21:44:14	ActionGesture	BrowRaise
2024-05-27 21:44:16	ActionGesture	BrowRaise
2024-05-27 21:45:19	Autoreload is disabled because the development mode is off.
2024-05-27 21:45:20	Application started in 0.661 seconds.
2024-05-27 21:45:20	Responding at http://127.0.0.1:8888
2024-05-27 21:45:22	----------------- NEW EXECUTION-------------------
2024-05-27 21:45:22	FlowEvent	NEW_FLOW_STATE	Sleep	0.0		UNDEFINED	Sleep
2024-05-27 21:45:22	ActionGesture	CloseEyes
2024-05-27 21:45:22	ActionGesture	CloseEyes
2024-05-27 21:45:23	GUIEvent	GUI_RELOADED	GUI_RELOADED [ACCEPTED]	0.0	UNDEFINED	UNDEFINED	Sleep
2024-05-27 21:45:24	GUIEvent	SYNCH_REQUESTED	SYNCH REQUESTED .. [ACCEPTED]	0.0	UNDEFINED	UNDEFINED	Sleep
2024-05-27 21:50:19	Autoreload is disabled because the development mode is off.
2024-05-27 21:50:19	Application started in 0.589 seconds.
2024-05-27 21:50:20	Responding at http://127.0.0.1:8888
2024-05-27 21:50:23	----------------- NEW EXECUTION-------------------
2024-05-27 21:50:23	FlowEvent	NEW_FLOW_STATE	Sleep	0.0		UNDEFINED	Sleep
2024-05-27 21:50:23	ActionGesture	CloseEyes
2024-05-27 21:50:23	ActionGesture	CloseEyes
2024-05-27 21:50:25	GUIEvent	GUI_RELOADED	GUI_RELOADED [ACCEPTED]	0.0	UNDEFINED	UNDEFINED	Sleep
2024-05-27 21:50:25	GUIEvent	SYNCH_REQUESTED	SYNCH REQUESTED .. [ACCEPTED]	0.0	UNDEFINED	UNDEFINED	Sleep
2024-05-27 21:50:27	GUIEvent	GUI_STARTED	GUI_STARTED [ACCEPTED]	0.0	UNDEFINED	UNDEFINED	Sleep
2024-05-27 21:50:27	GUIEvent	SYNCH_REQUESTED	SYNCH REQUESTED .. [ACCEPTED]	0.0	UNDEFINED	UNDEFINED	Sleep
2024-05-27 21:50:43	GUIEvent	NEW_STAGE_REQUESTED	STAGE[0.2] [53] REQUESTED .. [ACCEPTED]	0.0	UNDEFINED	UNDEFINED	Sleep
2024-05-27 21:50:43	SessionEvent	USER_SET	USER TO ACTIVATE.	0.2	53	UNDEFINED	Sleep
2024-05-27 21:50:43	FlowEvent	NEW_FLOW_STATE	Welcome	0.2		CONDITION3	Welcome
2024-05-27 21:50:43	ActionGesture	OpenEyes
2024-05-27 21:50:43	ActionGesture	Smile
2024-05-27 21:50:45	MonitorSpeechStart	<prosody rate="1.0">Hello there</prosody>	811
2024-05-27 21:50:46	ActionGesture	BrowRaise
2024-05-27 21:50:49	MonitorSpeechStart	<prosody rate="1.0">Nice to meet you</prosody>	1050
2024-05-27 21:50:50	ActionGesture	BrowRaise
2024-05-27 21:50:53	MonitorSpeechStart	<prosody rate="1.0">How you doing?</prosody>	824
2024-05-27 21:50:54	ActionGesture	BrowRaise
2024-05-27 21:50:55	SenseSpeech	ERROR : No internet detected. Can't connect to http://speech.googleapis.com	null
2024-05-27 21:50:57	MonitorSpeechStart	<prosody rate="1.0">I think my connection broke</prosody>	1624
2024-05-27 21:50:57	ActionGesture	BrowRaise
2024-05-27 21:50:59	ActionGesture	BrowRaise
2024-05-27 21:51:01	MonitorSpeechStart	<prosody rate="1.0">Did you say something?</prosody>	1099
2024-05-27 21:51:02	ActionGesture	BrowRaise
2024-05-27 21:51:03	SenseSpeech	ERROR : No internet detected. Can't connect to http://speech.googleapis.com	null
2024-05-27 21:51:04	MonitorSpeechStart	<prosody rate="1.0">I think my connection broke</prosody>	1624
2024-05-27 21:51:04	ActionGesture	BrowRaise
2024-05-27 21:51:05	ActionGesture	BrowRaise
2024-05-27 21:51:06	MonitorSpeechStart	<prosody rate="1.0">Did you say something?</prosody>	1099
2024-05-27 21:51:07	ActionGesture	BrowRaise
2024-05-27 21:51:08	SenseSpeech	ERROR : No internet detected. Can't connect to http://speech.googleapis.com	null
2024-05-27 21:51:09	MonitorSpeechStart	<prosody rate="1.0">I think my connection broke</prosody>	1624
2024-05-27 21:51:09	ActionGesture	BrowRaise
2024-05-27 21:51:10	ActionGesture	BrowRaise
2024-05-27 21:51:11	MonitorSpeechStart	<prosody rate="1.0">Did you say something?</prosody>	1099
2024-05-27 21:51:12	ActionGesture	BrowRaise
2024-05-27 21:51:14	SenseSpeech	ERROR : No internet detected. Can't connect to http://speech.googleapis.com	null
2024-05-27 21:51:14	MonitorSpeechStart	<prosody rate="1.0">I think my connection broke</prosody>	1624
2024-05-27 21:51:14	ActionGesture	BrowRaise
2024-05-27 21:51:15	SenseSpeech	ERROR : No internet detected. Can't connect to http://speech.googleapis.com	null
2024-05-27 21:51:15	ActionGesture	BrowRaise
2024-05-27 21:51:16	MonitorSpeechStart	<prosody rate="1.0">Did you say something?</prosody>	1099
2024-05-27 21:51:17	ActionGesture	BrowRaise
2024-05-27 21:51:19	SenseSpeech	ERROR : No internet detected. Can't connect to http://speech.googleapis.com	null
2024-05-27 21:51:19	MonitorSpeechStart	<prosody rate="1.0">I think my connection broke</prosody>	1624
2024-05-27 21:51:19	ActionGesture	BrowRaise
2024-05-27 21:51:21	ActionGesture	BrowRaise
2024-05-27 21:51:22	MonitorSpeechStart	<prosody rate="1.0">Did you say something?</prosody>	1099
2024-05-27 21:51:23	ActionGesture	BrowRaise
2024-05-27 21:51:24	SenseSpeech	ERROR : No internet detected. Can't connect to http://speech.googleapis.com	null
2024-05-27 21:51:25	MonitorSpeechStart	<prosody rate="1.0">I think my connection broke</prosody>	1624
2024-05-27 21:51:25	ActionGesture	BrowRaise
2024-05-27 21:51:26	ActionGesture	BrowRaise
2024-05-27 21:51:27	MonitorSpeechStart	<prosody rate="1.0">Did you say something?</prosody>	1099
2024-05-27 21:51:28	ActionGesture	BrowRaise
2024-05-27 21:51:37	FlowEvent	NEW_FLOW_STATE	ReviewInstructions	0.2		CONDITION3	ReviewInstructions
2024-05-27 21:51:39	MonitorSpeechStart	<prosody rate="1.0">Right, as far as I know,we will get some Electronics questions to resolve together. Somebody told you?</prosody>	6400
2024-05-27 21:51:39	ActionGesture	BrowRaise
2024-05-27 21:51:40	ActionGesture	BrowRaise
2024-05-27 21:51:40	ActionGesture	BrowRaise
2024-05-27 21:51:41	ActionGesture	BrowRaise
2024-05-27 21:51:44	ActionGesture	BrowRaise
2024-05-27 21:51:45	ActionGesture	BrowRaise
2024-05-27 21:51:49	ActionGesture	Smile
2024-05-27 21:51:49	SenseSpeech	no	775
2024-05-27 21:51:50	MonitorSpeechStart	<prosody rate="1.0">Mm</prosody>	499
2024-05-27 21:51:51	ActionGesture	BrowRaise
2024-05-27 21:51:54	MonitorSpeechStart	<prosody rate="1.0">Basically a question will come up on the tablet, I receive it, we think, we answer separately and then we discuss</prosody>	6200
2024-05-27 21:51:56	ActionGesture	BrowRaise
2024-05-27 21:51:57	ActionGesture	BrowRaise
2024-05-27 21:51:57	ActionGesture	BrowRaise
2024-05-27 21:51:58	ActionGesture	BrowRaise
2024-05-27 21:51:59	ActionGesture	BrowRaise
2024-05-27 21:52:00	ActionGesture	BrowRaise
2024-05-27 21:52:04	MonitorSpeechStart	<prosody rate="1.0">Do you want me to explain or are you ready?</prosody>	2125
2024-05-27 21:52:05	ActionGesture	BrowRaise
2024-05-27 21:52:06	ActionGesture	BrowRaise
2024-05-27 21:52:08	ActionGesture	Smile
2024-05-27 21:52:08	SenseSpeech	I am ready	537
