2024-05-14 17:22:12	Autoreload is disabled because the development mode is off.
2024-05-14 17:22:13	Application started in 0.509 seconds.
2024-05-14 17:22:13	Responding at http://127.0.0.1:8888
2024-05-14 17:22:14	----------------- NEW EXECUTION-------------------
2024-05-14 17:22:14	SystemEvent	FLOW_START	FLOW STARTED	0.0		UNDEFINED	UNDEFINED
2024-05-14 17:22:14	FlowEvent	NEW_STATE	Testing	0.0		UNDEFINED	Testing
2024-05-14 17:22:15	MonitorSpeechStart	Ok, let's test. Say whatever you want.	2873
2024-05-14 17:22:15	ActionGesture	BrowRaise
2024-05-14 17:22:17	ActionGesture	BrowRaise
2024-05-14 17:22:20	ActionGesture	Smile
2024-05-14 17:22:21	SenseSpeech	um	918
2024-05-14 17:22:22	MonitorSpeechStart	You just backchanneled.	1149
2024-05-14 17:22:23	ActionGesture	BrowRaise
2024-05-14 17:22:27	ActionGesture	Smile
2024-05-14 17:22:29	SenseSpeech	I see	1489
2024-05-14 17:22:29	MonitorSpeechStart	You just backchanneled.	1149
2024-05-14 17:22:30	ActionGesture	BrowRaise
2024-05-14 17:22:33	ActionGesture	Smile
2024-05-14 17:22:34	SenseSpeech	can you elaborate	1347
2024-05-14 17:22:35	MonitorSpeechStart	You want me to elaborate.	1182
2024-05-14 17:22:36	ActionGesture	BrowRaise
2024-05-14 17:22:38	ActionGesture	Smile
2024-05-14 17:22:39	SenseSpeech	it was great	992
2024-05-14 17:22:40	MonitorSpeechStart	You said something in about 992 milliseconds.	3005
2024-05-14 17:22:41	ActionGesture	BrowRaise
2024-05-14 17:22:41	ActionGesture	BrowRaise
2024-05-14 17:22:43	ActionGesture	BrowRaise
2024-05-14 17:22:48	MonitorSpeechStart	You said inaudible in about null milliseconds.	2157
2024-05-14 17:22:49	ActionGesture	BrowRaise
2024-05-14 17:22:50	ActionGesture	BrowRaise
2024-05-14 17:22:53	ActionGesture	Smile
2024-05-14 17:22:55	SenseSpeech	okay that's that's weird	2747
2024-05-14 17:22:56	MonitorSpeechStart	You assented	663
2024-05-14 17:22:56	ActionGesture	BrowRaise
2024-05-14 17:23:02	MonitorSpeechStart	You said inaudible in about null milliseconds.	2157
2024-05-14 17:23:02	ActionGesture	BrowRaise
2024-05-14 17:23:03	ActionGesture	BrowRaise
2024-05-14 17:23:09	MonitorSpeechStart	You said inaudible in about null milliseconds.	2157
2024-05-14 17:23:10	ActionGesture	BrowRaise
2024-05-14 17:23:11	ActionGesture	BrowRaise
2024-05-14 17:23:13	ActionGesture	Smile
2024-05-14 17:23:14	SenseSpeech	okay	1214
2024-05-14 17:23:15	MonitorSpeechStart	You assented	663
2024-05-14 17:23:15	ActionGesture	BrowRaise
2024-05-14 17:23:21	MonitorSpeechStart	You said inaudible in about null milliseconds.	2157
2024-05-14 17:23:21	ActionGesture	BrowRaise
2024-05-14 17:23:22	ActionGesture	BrowRaise
2024-05-14 17:23:28	MonitorSpeechStart	You said inaudible in about null milliseconds.	2157
2024-05-14 17:23:29	ActionGesture	BrowRaise
2024-05-14 17:23:30	ActionGesture	BrowRaise
2024-05-14 17:23:33	ActionGesture	Smile
2024-05-14 17:23:45	SenseSpeech	uh oar	11919
2024-05-14 17:23:46	MonitorSpeechStart	You said something in about 11919 milliseconds.	3599
2024-05-14 17:23:48	ActionGesture	BrowRaise
2024-05-14 17:23:48	ActionGesture	BrowRaise
2024-05-14 17:23:49	ActionGesture	BrowRaise
2024-05-14 17:23:53	ActionGesture	Smile
2024-05-14 17:23:54	SenseSpeech	11	1123
2024-05-14 17:23:54	MonitorSpeechStart	You just backchanneled.	1149
2024-05-14 17:23:55	ActionGesture	BrowRaise
2024-05-14 17:24:01	MonitorSpeechStart	You said inaudible in about null milliseconds.	2157
2024-05-14 17:24:01	ActionGesture	BrowRaise
2024-05-14 17:24:03	ActionGesture	BrowRaise
2024-05-14 17:24:06	ActionGesture	Smile
2024-05-14 17:25:04	Autoreload is disabled because the development mode is off.
2024-05-14 17:25:05	Application started in 0.494 seconds.
2024-05-14 17:25:05	Responding at http://127.0.0.1:8888
2024-05-14 17:25:07	----------------- NEW EXECUTION-------------------
2024-05-14 17:25:07	SystemEvent	FLOW_START	FLOW STARTED	0.0		UNDEFINED	UNDEFINED
2024-05-14 17:25:07	FlowEvent	NEW_STATE	Testing	0.0		UNDEFINED	Testing
2024-05-14 17:25:07	MonitorSpeechStart	Ok, let's test. Say whatever you want.	2873
2024-05-14 17:25:07	ActionGesture	BrowRaise
2024-05-14 17:25:10	ActionGesture	BrowRaise
2024-05-14 17:25:12	ActionGesture	Smile
2024-05-14 17:25:14	SenseSpeech	yes but I disagree	1783
2024-05-14 17:25:15	MonitorSpeechStart	You said Yes and something else...	1462
2024-05-14 17:25:15	ActionGesture	BrowRaise
2024-05-14 17:25:16	ActionGesture	BrowRaise
2024-05-14 17:25:17	MonitorSpeechStart	You disagreed	875
2024-05-14 17:25:17	ActionGesture	BrowRaise
2024-05-14 17:25:20	ActionGesture	Smile
2024-05-14 17:25:22	SenseSpeech	exactly	1204
2024-05-14 17:25:22	MonitorSpeechStart	You assented	663
2024-05-14 17:25:22	ActionGesture	BrowRaise
2024-05-14 17:25:28	MonitorSpeechStart	I'm listening.	676
2024-05-14 17:25:31	ActionGesture	Smile
2024-05-14 17:25:33	SenseSpeech	exactly but I disagree	1951
2024-05-14 17:25:33	MonitorSpeechStart	You said Yes and something else...	1462
2024-05-14 17:25:33	ActionGesture	BrowRaise
2024-05-14 17:25:34	ActionGesture	BrowRaise
2024-05-14 17:25:35	MonitorSpeechStart	You disagreed	875
2024-05-14 17:25:35	ActionGesture	BrowRaise
2024-05-14 17:25:39	ActionGesture	Smile
2024-05-14 17:25:41	SenseSpeech	no but I agree	1580
2024-05-14 17:25:41	MonitorSpeechStart	You said Yes and something else...	1462
2024-05-14 17:25:41	ActionGesture	BrowRaise
2024-05-14 17:25:42	ActionGesture	BrowRaise
2024-05-14 17:25:43	MonitorSpeechStart	You agreed	721
2024-05-14 17:25:44	ActionGesture	BrowRaise
2024-05-14 17:25:49	MonitorSpeechStart	I'm listening.	676
2024-05-14 17:25:52	ActionGesture	Smile
2024-05-14 17:25:53	SenseSpeech	I said no	1208
2024-05-14 17:25:53	MonitorSpeechStart	You denied	734
2024-05-14 17:25:54	ActionGesture	BrowRaise
2024-05-14 17:25:57	ActionGesture	Smile
2024-05-14 17:25:59	SenseSpeech	yes but before I didn't	2590
2024-05-14 17:26:00	MonitorSpeechStart	You said Yes and something else...	1462
2024-05-14 17:26:00	ActionGesture	BrowRaise
2024-05-14 17:26:01	ActionGesture	BrowRaise
2024-05-14 17:26:01	MonitorSpeechStart	You denied	734
2024-05-14 17:26:02	ActionGesture	BrowRaise
2024-05-14 17:26:07	ActionGesture	Smile
2024-05-14 17:26:08	SenseSpeech	no	1124
2024-05-14 17:26:08	MonitorSpeechStart	You denied	734
2024-05-14 17:26:09	ActionGesture	BrowRaise
2024-05-14 17:26:11	ActionGesture	Smile
2024-05-14 17:26:14	SenseSpeech	okay I did	2146
2024-05-14 17:26:14	MonitorSpeechStart	You assented	663
2024-05-14 17:26:14	ActionGesture	BrowRaise
2024-05-14 17:26:20	MonitorSpeechStart	I'm listening.	676
2024-05-14 17:26:22	ActionGesture	Smile
2024-05-14 17:26:24	SenseSpeech	okay I am going to listen to you	2545
2024-05-14 17:26:25	MonitorSpeechStart	You assented	663
2024-05-14 17:26:25	ActionGesture	BrowRaise
2024-05-14 17:26:29	ActionGesture	Smile
2024-05-14 17:26:31	SenseSpeech	okay let's discuss this	2260
2024-05-14 17:26:31	MonitorSpeechStart	You assented	663
2024-05-14 17:26:32	ActionGesture	BrowRaise
2024-05-14 17:26:37	MonitorSpeechStart	I'm listening.	676
2024-05-14 17:26:43	MonitorSpeechStart	I'm listening.	676
2024-05-14 17:26:45	ActionGesture	Smile
2024-05-14 17:26:46	SenseSpeech	okay this is a problem	1727
2024-05-14 17:26:47	MonitorSpeechStart	You assented	663
2024-05-14 17:26:47	ActionGesture	BrowRaise
2024-05-14 17:26:50	ActionGesture	Smile
2024-05-14 17:26:51	SenseSpeech	why	848
2024-05-14 17:26:51	MonitorSpeechStart	You want me to elaborate.	1182
2024-05-14 17:26:52	ActionGesture	BrowRaise
2024-05-14 17:26:57	MonitorSpeechStart	I'm listening.	676
2024-05-14 17:26:59	ActionGesture	Smile
2024-05-14 17:27:00	SenseSpeech	okay but why	1522
2024-05-14 17:27:01	MonitorSpeechStart	You said Yes and something else...	1462
2024-05-14 17:27:01	ActionGesture	BrowRaise
2024-05-14 17:27:02	ActionGesture	BrowRaise
2024-05-14 17:27:02	MonitorSpeechStart	You want me to elaborate.	1182
2024-05-14 17:27:03	ActionGesture	BrowRaise
2024-05-14 17:27:07	ActionGesture	Smile
2024-05-14 17:27:09	SenseSpeech	okay why	1445
2024-05-14 17:27:09	MonitorSpeechStart	You said Yes and something else...	1462
2024-05-14 17:27:09	ActionGesture	BrowRaise
2024-05-14 17:27:10	ActionGesture	BrowRaise
2024-05-14 17:27:11	MonitorSpeechStart	You want me to elaborate.	1182
2024-05-14 17:27:12	ActionGesture	BrowRaise
2024-05-14 17:27:17	MonitorSpeechStart	I'm listening.	676
2024-05-14 17:27:20	ActionGesture	Smile
2024-05-14 17:27:22	SenseSpeech	okay this is a problem	2061
2024-05-14 17:27:22	MonitorSpeechStart	You assented	663
2024-05-14 17:27:23	ActionGesture	BrowRaise
2024-05-14 17:27:26	ActionGesture	Smile
2024-05-14 17:27:28	SenseSpeech	what why	2073
2024-05-14 17:27:29	MonitorSpeechStart	You want me to elaborate.	1182
2024-05-14 17:27:30	ActionGesture	BrowRaise
2024-05-14 17:46:00	Autoreload is disabled because the development mode is off.
2024-05-14 17:46:00	Application started in 0.492 seconds.
2024-05-14 17:46:01	Responding at http://127.0.0.1:8888
2024-05-14 17:46:02	----------------- NEW EXECUTION-------------------
2024-05-14 17:46:02	SystemEvent	FLOW_START	FLOW STARTED	0.0		UNDEFINED	UNDEFINED
2024-05-14 17:46:02	FlowEvent	NEW_STATE	Testing	0.0		UNDEFINED	Testing
2024-05-14 17:46:02	MonitorSpeechStart	Ok, let's test. Say whatever you want.	2873
2024-05-14 17:46:02	ActionGesture	BrowRaise
2024-05-14 17:46:05	ActionGesture	BrowRaise
2024-05-14 17:46:07	ActionGesture	Smile
2024-05-14 17:46:09	SenseSpeech	okay but I disagree	1919
2024-05-14 17:46:10	MonitorSpeechStart	Oh...	459
2024-05-14 17:46:11	MonitorSpeechStart	You disagreed	875
2024-05-14 17:46:11	ActionGesture	BrowRaise
2024-05-14 17:46:17	MonitorSpeechStart	I'm listening.	676
2024-05-14 17:46:48	Autoreload is disabled because the development mode is off.
2024-05-14 17:46:49	Application started in 0.488 seconds.
2024-05-14 17:46:49	Responding at http://127.0.0.1:8888
2024-05-14 17:46:50	----------------- NEW EXECUTION-------------------
2024-05-14 17:46:50	SystemEvent	FLOW_START	FLOW STARTED	0.0		UNDEFINED	UNDEFINED
2024-05-14 17:46:50	FlowEvent	NEW_STATE	Testing	0.0		UNDEFINED	Testing
2024-05-14 17:46:50	MonitorSpeechStart	Ok, let's test. Say whatever you want.	2873
2024-05-14 17:46:51	ActionGesture	BrowRaise
2024-05-14 17:46:53	ActionGesture	BrowRaise
2024-05-14 17:46:56	ActionGesture	Smile
2024-05-14 17:46:58	SenseSpeech	yes but I don't agree	2037
2024-05-14 17:46:58	MonitorSpeechStart	Oh...	459
2024-05-14 17:46:59	MonitorSpeechStart	You disagreed	875
2024-05-14 17:46:59	ActionGesture	BrowRaise
2024-05-14 17:47:05	MonitorSpeechStart	I'm listening.	676
2024-05-14 17:47:08	ActionGesture	Smile
2024-05-14 17:47:09	SenseSpeech	however	1222
2024-05-14 17:47:09	MonitorSpeechStart	You just backchanneled.	1149
2024-05-14 17:47:10	ActionGesture	BrowRaise
2024-05-14 17:47:16	MonitorSpeechStart	I'm listening.	676
2024-05-14 17:47:55	Autoreload is disabled because the development mode is off.
2024-05-14 17:47:56	Application started in 0.493 seconds.
2024-05-14 17:47:56	Responding at http://127.0.0.1:8888
2024-05-14 17:47:57	----------------- NEW EXECUTION-------------------
2024-05-14 17:47:57	SystemEvent	FLOW_START	FLOW STARTED	0.0		UNDEFINED	UNDEFINED
2024-05-14 17:47:57	FlowEvent	NEW_STATE	Testing	0.0		UNDEFINED	Testing
2024-05-14 17:47:58	MonitorSpeechStart	Ok, let's test. Say whatever you want.	2873
2024-05-14 17:47:58	ActionGesture	BrowRaise
2024-05-14 17:48:00	ActionGesture	BrowRaise
2024-05-14 17:48:02	ActionGesture	Smile
2024-05-14 17:48:04	SenseSpeech	okay I disagree	1656
2024-05-14 17:48:04	MonitorSpeechStart	Oh...	459
2024-05-14 17:48:05	MonitorSpeechStart	You disagreed	875
2024-05-14 17:48:05	ActionGesture	BrowRaise
2024-05-14 17:48:08	ActionGesture	Smile
2024-05-14 17:48:10	SenseSpeech	okay I am listening	1758
2024-05-14 17:48:10	MonitorSpeechStart	You assented	663
2024-05-14 17:48:11	ActionGesture	BrowRaise
2024-05-14 17:48:16	MonitorSpeechStart	I'm listening.	676
2024-05-14 17:48:18	ActionGesture	Smile
2024-05-14 17:48:19	SenseSpeech	okay I agree	1418
2024-05-14 17:48:19	MonitorSpeechStart	You agreed	721
2024-05-14 17:48:20	ActionGesture	BrowRaise
2024-05-14 17:48:21	SenseSpeech	ERROR : No internet detected. Can't connect to http://speech.googleapis.com	null
2024-05-14 17:48:23	MonitorSpeechStart	The connection failed for that response	1875
2024-05-14 17:48:25	ActionGesture	BrowRaise
