2024-05-13 23:00:04	GUIEvent	GUI_RELOADED	GUI_RELOADED [ACCEPTED]	0.0	UNDEFINED	UNDEFINED	UNDEFINED
GUI_RELOADED	GUI_RELOADED [ACCEPTED]	0.0	UNDEFINED	UNDEFINED	UNDEFINED
2024-05-13 23:00:04	GUIEvent	SYNCH_REQUESTED	SYNCH REQUESTED .. [ACCEPTED]	0.0	UNDEFINED	UNDEFINED	UNDEFINED
SYNCH_REQUESTED	SYNCH REQUESTED .. [ACCEPTED]	0.0	UNDEFINED	UNDEFINED	UNDEFINED
2024-05-13 23:00:08	GUIEvent	NEW_STAGE_REQUESTED	STAGE[0.2] [22] REQUESTED .. [ACCEPTED]	0.0	UNDEFINED	UNDEFINED	UNDEFINED
NEW_STAGE_REQUESTED	STAGE[0.2] [22] REQUESTED .. [ACCEPTED]	0.2	22	CONDITION2	UNDEFINED
2024-05-13 23:00:08	ActionGesture	OpenEyes
2024-05-13 23:00:08	ActionGesture	Smile
2024-05-13 23:00:09	MonitorSpeechStart	Hi there	477
2024-05-13 23:00:09	ActionGesture	BrowRaise
2024-05-13 23:00:10	ActionGesture	BigSmile
2024-05-13 23:00:10	MonitorSpeechStart	Nice to meet you.	824
2024-05-13 23:00:11	ActionGesture	BrowRaise
2024-05-13 23:00:12	MonitorSpeechStart	How you doing?	741
2024-05-13 23:00:12	ActionGesture	BrowRaise
2024-05-13 23:00:16	GUIEvent	NEW_STAGE_REQUESTED	STAGE[1] [22] REQUESTED .. [ACCEPTED]	0.2	22	CONDITION2	UNDEFINED
NEW_STAGE_REQUESTED	STAGE[1] [22] REQUESTED .. [ACCEPTED]	1	22	CONDITION2	UNDEFINED
2024-05-13 23:00:17	MonitorSpeechStart	1	597
2024-05-13 23:00:18	ActionGesture	BrowRaise
2024-05-13 23:00:20	MonitorSpeechStart	OK	618
2024-05-13 23:00:20	ActionGesture	BrowRaise
2024-05-13 23:00:21	GUIEvent	ANSWER_SENT	ANSWER[TRUE] [1] [22] SENT .. [ACCEPTED]	1	22	CONDITION2	UNDEFINED
ANSWER_SENT	ANSWER[TRUE] [1] [22] SENT .. [ACCEPTED]	1	22	CONDITION2	UNDEFINED
2024-05-13 23:00:25	ActionGesture	Smile
2024-05-13 23:00:53	ActionGesture	Smile
2024-05-13 23:02:43	Autoreload is disabled because the development mode is off.
2024-05-13 23:02:44	Application started in 1.067 seconds.
2024-05-13 23:02:44	Responding at http://127.0.0.1:8888
2024-05-13 23:02:47	----------------- NEW EXECUTION-------------------
2024-05-13 23:02:47	ActionGesture	CloseEyes
2024-05-13 23:03:13	GUIEvent	GUI_RELOADED	GUI_RELOADED [ACCEPTED]	0.0	UNDEFINED	UNDEFINED	UNDEFINED
GUI_RELOADED	GUI_RELOADED [ACCEPTED]	0.0	UNDEFINED	UNDEFINED	UNDEFINED
2024-05-13 23:03:13	GUIEvent	SYNCH_REQUESTED	SYNCH REQUESTED .. [ACCEPTED]	0.0	UNDEFINED	UNDEFINED	UNDEFINED
SYNCH_REQUESTED	SYNCH REQUESTED .. [ACCEPTED]	0.0	UNDEFINED	UNDEFINED	UNDEFINED
2024-05-13 23:03:16	GUIEvent	NEW_STAGE_REQUESTED	STAGE[0.2] [22] REQUESTED .. [ACCEPTED]	0.0	UNDEFINED	UNDEFINED	UNDEFINED
NEW_STAGE_REQUESTED	STAGE[0.2] [22] REQUESTED .. [ACCEPTED]	0.2	22	CONDITION2	UNDEFINED
2024-05-13 23:03:16	ActionGesture	OpenEyes
2024-05-13 23:03:16	ActionGesture	Smile
2024-05-13 23:03:16	MonitorSpeechStart	Hi there	477
2024-05-13 23:03:17	ActionGesture	BrowRaise
2024-05-13 23:03:18	ActionGesture	BigSmile
2024-05-13 23:03:18	MonitorSpeechStart	Nice to meet you.	824
2024-05-13 23:03:18	ActionGesture	BrowRaise
2024-05-13 23:03:20	MonitorSpeechStart	How you doing?	741
2024-05-13 23:03:20	ActionGesture	BrowRaise
2024-05-13 23:03:23	ActionGesture	Smile
2024-05-13 23:03:25	SenseSpeech	I think on	1507
2024-05-13 23:03:25	MonitorSpeechStart	Ok	618
2024-05-13 23:03:25	ActionGesture	BrowRaise
2024-05-13 23:03:27	MonitorSpeechStart	I suppose they told you what we are here for a little bit	2441
2024-05-13 23:03:27	ActionGesture	BrowRaise
2024-05-13 23:03:28	ActionGesture	BrowRaise
2024-05-13 23:03:30	MonitorSpeechStart	Right?	438
2024-05-13 23:03:30	ActionGesture	BrowRaise
2024-05-13 23:03:30	GUIEvent	NEW_STAGE_REQUESTED	STAGE[1] [22] REQUESTED .. [ACCEPTED]	0.2	22	CONDITION2	UNDEFINED
NEW_STAGE_REQUESTED	STAGE[1] [22] REQUESTED .. [ACCEPTED]	1	22	CONDITION2	UNDEFINED
2024-05-13 23:03:32	MonitorSpeechStart	Question 1	821
2024-05-13 23:03:33	ActionGesture	BrowRaise
2024-05-13 23:03:35	GUIEvent	ANSWER_SENT	ANSWER[TRUE] [1] [22] SENT .. [ACCEPTED]	1	22	CONDITION2	UNDEFINED
ANSWER_SENT	ANSWER[TRUE] [1] [22] SENT .. [ACCEPTED]	1	22	CONDITION2	UNDEFINED
2024-05-13 23:06:35	ActionGesture	Smile
2024-05-13 23:06:36	GUIEvent	NEW_STAGE_REQUESTED	STAGE[2] [22] REQUESTED .. [ACCEPTED]	1	22	CONDITION2	UNDEFINED
NEW_STAGE_REQUESTED	STAGE[2] [22] REQUESTED .. [ACCEPTED]	2	22	CONDITION2	UNDEFINED
2024-05-13 23:06:36	SenseSpeech	take	939
2024-05-13 23:06:37	MonitorSpeechStart	Good boy. You confirmed	1743
2024-05-13 23:06:38	ActionGesture	BrowRaise
2024-05-13 23:06:42	MonitorSpeechStart	Number 2	699
2024-05-13 23:06:42	ActionGesture	BrowRaise
2024-05-13 23:06:49	ActionGesture	Smile
2024-05-13 23:06:50	GUIEvent	ANSWER_SENT	ANSWER[TRUE] [2] [22] SENT .. [ACCEPTED]	2	22	CONDITION2	UNDEFINED
ANSWER_SENT	ANSWER[TRUE] [2] [22] SENT .. [ACCEPTED]	2	22	CONDITION2	UNDEFINED
2024-05-13 23:08:05	SenseSpeech	social	10974
