2024-05-27 22:02:37	Autoreload is disabled because the development mode is off.
2024-05-27 22:02:38	Application started in 0.585 seconds.
2024-05-27 22:02:38	Responding at http://127.0.0.1:8888
2024-05-27 22:02:41	----------------- NEW EXECUTION-------------------
2024-05-27 22:02:41	FlowEvent	NEW_FLOW_STATE	Sleep	0.0		UNDEFINED	Sleep
2024-05-27 22:02:41	ActionGesture	CloseEyes
2024-05-27 22:02:41	ActionGesture	CloseEyes
2024-05-27 22:02:51	GUIEvent	GUI_RELOADED	GUI_RELOADED [ACCEPTED]	0.0	UNDEFINED	UNDEFINED	Sleep
2024-05-27 22:02:51	GUIEvent	SYNCH_REQUESTED	SYNCH REQUESTED .. [ACCEPTED]	0.0	UNDEFINED	UNDEFINED	Sleep
2024-05-27 22:02:54	GUIEvent	NEW_STAGE_REQUESTED	STAGE[0.2] [53] REQUESTED .. [ACCEPTED]	0.0	UNDEFINED	UNDEFINED	Sleep
2024-05-27 22:02:54	SessionEvent	USER_SET	USER TO ACTIVATE.	0.2	53	UNDEFINED	Sleep
2024-05-27 22:02:54	FlowEvent	NEW_FLOW_STATE	Welcome	0.2		CONDITION3	Welcome
2024-05-27 22:02:54	ActionGesture	OpenEyes
2024-05-27 22:02:54	ActionGesture	Smile
2024-05-27 22:02:54	MonitorSpeechStart	<prosody rate="1.0">Hello there</prosody>	811
2024-05-27 22:02:55	ActionGesture	BrowRaise
2024-05-27 22:02:57	MonitorSpeechStart	<prosody rate="1.0">Nice to meet you</prosody>	1050
2024-05-27 22:02:58	ActionGesture	BrowRaise
2024-05-27 22:02:59	MonitorSpeechStart	<prosody rate="1.0">How you doing?</prosody>	824
2024-05-27 22:03:00	ActionGesture	BrowRaise
2024-05-27 22:03:01	SenseSpeech	ERROR : No internet detected. Can't connect to http://speech.googleapis.com	null
2024-05-27 22:03:01	MonitorSpeechStart	<prosody rate="1.0">I think my connection broke</prosody>	1624
2024-05-27 22:03:02	ActionGesture	BrowRaise
2024-05-27 22:03:03	ActionGesture	BrowRaise
2024-05-27 22:03:04	MonitorSpeechStart	<prosody rate="1.0">Did you say something?</prosody>	1099
2024-05-27 22:03:05	ActionGesture	BrowRaise
2024-05-27 22:03:07	SenseSpeech	ERROR : No internet detected. Can't connect to http://speech.googleapis.com	null
2024-05-27 22:03:07	MonitorSpeechStart	<prosody rate="1.0">I think my connection broke</prosody>	1624
2024-05-27 22:03:07	ActionGesture	BrowRaise
2024-05-27 22:03:08	ActionGesture	BrowRaise
2024-05-27 22:03:10	MonitorSpeechStart	<prosody rate="1.0">Did you say something?</prosody>	1099
2024-05-27 22:03:10	ActionGesture	BrowRaise
2024-05-27 22:03:12	SenseSpeech	ERROR : No internet detected. Can't connect to http://speech.googleapis.com	null
2024-05-27 22:03:12	MonitorSpeechStart	<prosody rate="1.0">I think my connection broke</prosody>	1624
2024-05-27 22:03:12	ActionGesture	BrowRaise
2024-05-27 22:03:14	ActionGesture	BrowRaise
2024-05-27 22:03:15	MonitorSpeechStart	<prosody rate="1.0">Did you say something?</prosody>	1099
2024-05-27 22:03:16	ActionGesture	BrowRaise
2024-05-27 22:03:17	SenseSpeech	ERROR : No internet detected. Can't connect to http://speech.googleapis.com	null
2024-05-27 22:03:18	MonitorSpeechStart	<prosody rate="1.0">I think my connection broke</prosody>	1624
2024-05-27 22:03:18	ActionGesture	BrowRaise
2024-05-27 22:03:19	ActionGesture	BrowRaise
2024-05-27 22:03:20	MonitorSpeechStart	<prosody rate="1.0">Did you say something?</prosody>	1099
2024-05-27 22:03:21	ActionGesture	BrowRaise
2024-05-27 22:03:22	SenseSpeech	ERROR : No internet detected. Can't connect to http://speech.googleapis.com	null
2024-05-27 22:03:23	MonitorSpeechStart	<prosody rate="1.0">I think my connection broke</prosody>	1624
2024-05-27 22:03:24	ActionGesture	BrowRaise
2024-05-27 22:03:25	ActionGesture	BrowRaise
2024-05-27 22:03:26	MonitorSpeechStart	<prosody rate="1.0">Did you say something?</prosody>	1099
2024-05-27 22:03:27	ActionGesture	BrowRaise
2024-05-27 22:03:28	SenseSpeech	ERROR : No internet detected. Can't connect to http://speech.googleapis.com	null
2024-05-27 22:03:28	MonitorSpeechStart	<prosody rate="1.0">I think my connection broke</prosody>	1624
2024-05-27 22:03:29	ActionGesture	BrowRaise
2024-05-27 22:03:30	ActionGesture	BrowRaise
2024-05-27 22:03:31	MonitorSpeechStart	<prosody rate="1.0">Did you say something?</prosody>	1099
2024-05-27 22:03:32	ActionGesture	BrowRaise
2024-05-27 22:03:33	SenseSpeech	ERROR : No internet detected. Can't connect to http://speech.googleapis.com	null
2024-05-27 22:03:34	MonitorSpeechStart	<prosody rate="1.0">I think my connection broke</prosody>	1624
2024-05-27 22:03:34	ActionGesture	BrowRaise
2024-05-27 22:03:35	ActionGesture	BrowRaise
2024-05-27 22:03:36	MonitorSpeechStart	<prosody rate="1.0">Did you say something?</prosody>	1099
2024-05-27 22:03:37	ActionGesture	BrowRaise
2024-05-27 22:03:38	SenseSpeech	ERROR : No internet detected. Can't connect to http://speech.googleapis.com	null
2024-05-27 22:03:39	MonitorSpeechStart	<prosody rate="1.0">I think my connection broke</prosody>	1624
2024-05-27 22:03:39	ActionGesture	BrowRaise
2024-05-27 22:03:40	ActionGesture	BrowRaise
2024-05-27 22:03:41	MonitorSpeechStart	<prosody rate="1.0">Did you say something?</prosody>	1099
2024-05-27 22:03:42	ActionGesture	BrowRaise
2024-05-27 22:03:44	SenseSpeech	ERROR : No internet detected. Can't connect to http://speech.googleapis.com	null
2024-05-27 22:03:44	MonitorSpeechStart	<prosody rate="1.0">I think my connection broke</prosody>	1624
2024-05-27 22:03:44	ActionGesture	BrowRaise
2024-05-27 22:03:45	ActionGesture	BrowRaise
2024-05-27 22:03:47	MonitorSpeechStart	<prosody rate="1.0">Did you say something?</prosody>	1099
2024-05-27 22:03:47	ActionGesture	BrowRaise
2024-05-27 22:03:49	SenseSpeech	ERROR : No internet detected. Can't connect to http://speech.googleapis.com	null
2024-05-27 22:03:49	MonitorSpeechStart	<prosody rate="1.0">I think my connection broke</prosody>	1624
2024-05-27 22:03:49	ActionGesture	BrowRaise
2024-05-27 22:03:51	ActionGesture	BrowRaise
2024-05-27 22:03:52	MonitorSpeechStart	<prosody rate="1.0">Did you say something?</prosody>	1099
2024-05-27 22:03:53	ActionGesture	BrowRaise
2024-05-27 22:03:54	SenseSpeech	ERROR : No internet detected. Can't connect to http://speech.googleapis.com	null
2024-05-27 22:03:54	MonitorSpeechStart	<prosody rate="1.0">I think my connection broke</prosody>	1624
2024-05-27 22:03:54	ActionGesture	BrowRaise
2024-05-27 22:03:56	ActionGesture	BrowRaise
2024-05-27 22:03:57	MonitorSpeechStart	<prosody rate="1.0">Did you say something?</prosody>	1099
2024-05-27 22:03:58	ActionGesture	BrowRaise
2024-05-27 22:03:59	SenseSpeech	ERROR : No internet detected. Can't connect to http://speech.googleapis.com	null
2024-05-27 22:04:00	MonitorSpeechStart	<prosody rate="1.0">I think my connection broke</prosody>	1624
2024-05-27 22:04:00	ActionGesture	BrowRaise
2024-05-27 22:04:01	ActionGesture	BrowRaise
2024-05-27 22:04:02	MonitorSpeechStart	<prosody rate="1.0">Did you say something?</prosody>	1099
2024-05-27 22:04:03	ActionGesture	BrowRaise
2024-05-27 22:04:05	SenseSpeech	ERROR : No internet detected. Can't connect to http://speech.googleapis.com	null
2024-05-27 22:04:05	MonitorSpeechStart	<prosody rate="1.0">I think my connection broke</prosody>	1624
2024-05-27 22:04:05	ActionGesture	BrowRaise
2024-05-27 22:04:06	ActionGesture	BrowRaise
2024-05-27 22:04:08	MonitorSpeechStart	<prosody rate="1.0">Did you say something?</prosody>	1099
2024-05-27 22:04:08	ActionGesture	BrowRaise
2024-05-27 22:04:10	SenseSpeech	ERROR : No internet detected. Can't connect to http://speech.googleapis.com	null
2024-05-27 22:04:10	MonitorSpeechStart	<prosody rate="1.0">I think my connection broke</prosody>	1624
2024-05-27 22:04:10	ActionGesture	BrowRaise
2024-05-27 22:04:12	ActionGesture	BrowRaise
2024-05-27 22:04:13	MonitorSpeechStart	<prosody rate="1.0">Did you say something?</prosody>	1099
2024-05-27 22:04:14	ActionGesture	BrowRaise
2024-05-27 22:04:15	SenseSpeech	ERROR : No internet detected. Can't connect to http://speech.googleapis.com	null
2024-05-27 22:04:16	MonitorSpeechStart	<prosody rate="1.0">I think my connection broke</prosody>	1624
2024-05-27 22:04:16	ActionGesture	BrowRaise
2024-05-27 22:04:17	ActionGesture	BrowRaise
2024-05-27 22:04:18	MonitorSpeechStart	<prosody rate="1.0">Did you say something?</prosody>	1099
2024-05-27 22:04:19	ActionGesture	BrowRaise
2024-05-27 22:04:21	SenseSpeech	ERROR : No internet detected. Can't connect to http://speech.googleapis.com	null
2024-05-27 22:04:21	MonitorSpeechStart	<prosody rate="1.0">I think my connection broke</prosody>	1624
2024-05-27 22:04:21	ActionGesture	BrowRaise
2024-05-27 22:04:22	ActionGesture	BrowRaise
2024-05-27 22:04:23	MonitorSpeechStart	<prosody rate="1.0">Did you say something?</prosody>	1099
2024-05-27 22:04:24	ActionGesture	BrowRaise
2024-05-27 22:04:26	SenseSpeech	ERROR : No internet detected. Can't connect to http://speech.googleapis.com	null
2024-05-27 22:04:26	MonitorSpeechStart	<prosody rate="1.0">I think my connection broke</prosody>	1624
2024-05-27 22:04:26	ActionGesture	BrowRaise
2024-05-27 22:04:27	ActionGesture	BrowRaise
2024-05-27 22:04:28	MonitorSpeechStart	<prosody rate="1.0">Did you say something?</prosody>	1099
2024-05-27 22:04:29	ActionGesture	BrowRaise
2024-05-27 22:04:31	SenseSpeech	ERROR : No internet detected. Can't connect to http://speech.googleapis.com	null
2024-05-27 22:04:31	MonitorSpeechStart	<prosody rate="1.0">I think my connection broke</prosody>	1624
2024-05-27 22:04:31	ActionGesture	BrowRaise
2024-05-27 22:04:33	ActionGesture	BrowRaise
2024-05-27 22:04:34	MonitorSpeechStart	<prosody rate="1.0">Did you say something?</prosody>	1099
2024-05-27 22:06:37	Autoreload is disabled because the development mode is off.
2024-05-27 22:06:37	Application started in 0.616 seconds.
2024-05-27 22:06:38	Responding at http://127.0.0.1:8888
2024-05-27 22:06:41	----------------- NEW EXECUTION-------------------
2024-05-27 22:06:41	FlowEvent	NEW_FLOW_STATE	Sleep	0.0		UNDEFINED	Sleep
2024-05-27 22:06:41	ActionGesture	CloseEyes
2024-05-27 22:06:41	ActionGesture	CloseEyes
2024-05-27 22:06:48	GUIEvent	GUI_RELOADED	GUI_RELOADED [ACCEPTED]	0.0	UNDEFINED	UNDEFINED	Sleep
2024-05-27 22:06:48	GUIEvent	SYNCH_REQUESTED	SYNCH REQUESTED .. [ACCEPTED]	0.0	UNDEFINED	UNDEFINED	Sleep
2024-05-27 22:06:49	GUIEvent	NEW_STAGE_REQUESTED	STAGE[0.2] [53] REQUESTED .. [ACCEPTED]	0.0	UNDEFINED	UNDEFINED	Sleep
2024-05-27 22:06:49	SessionEvent	USER_SET	USER TO ACTIVATE.	0.2	53	UNDEFINED	Sleep
2024-05-27 22:06:49	FlowEvent	NEW_FLOW_STATE	Welcome	0.2		CONDITION3	Welcome
2024-05-27 22:06:49	ActionGesture	OpenEyes
2024-05-27 22:06:49	ActionGesture	Smile
2024-05-27 22:06:50	MonitorSpeechStart	<prosody rate="1.0">Hello there</prosody>	811
2024-05-27 22:06:51	ActionGesture	BrowRaise
2024-05-27 22:06:53	MonitorSpeechStart	<prosody rate="1.0">Nice to meet you</prosody>	1050
2024-05-27 22:06:53	ActionGesture	BrowRaise
2024-05-27 22:06:55	MonitorSpeechStart	<prosody rate="1.0">How you doing?</prosody>	824
2024-05-27 22:06:56	ActionGesture	BrowRaise
2024-05-27 22:06:57	ActionGesture	Smile
2024-05-27 22:06:58	SenseSpeech	ja	742
2024-05-27 22:06:58	FlowEvent	NEW_FLOW_STATE	ReviewInstructions	0.2		CONDITION3	ReviewInstructions
2024-05-27 22:06:59	MonitorSpeechStart	<prosody rate="1.0">Right, as far as I know,we will get some Electronics questions to resolve together. Somebody told you?</prosody>	6400
2024-05-27 22:06:59	ActionGesture	BrowRaise
2024-05-27 22:06:59	ActionGesture	BrowRaise
2024-05-27 22:06:59	ActionGesture	BrowRaise
2024-05-27 22:07:00	ActionGesture	BrowRaise
2024-05-27 22:07:03	ActionGesture	BrowRaise
2024-05-27 22:07:04	ActionGesture	BrowRaise
2024-05-27 22:07:07	ActionGesture	Smile
2024-05-27 22:07:10	SenseSpeech	bryter strömmen Caj	2580
2024-05-27 22:07:26	MonitorSpeechStart	<prosody rate="1.0">Basically a question will come up on the tablet, I receive it, we think, we answer separately and then we discuss</prosody>	6200
2024-05-27 22:07:28	ActionGesture	BrowRaise
2024-05-27 22:07:47	Autoreload is disabled because the development mode is off.
2024-05-27 22:07:48	Application started in 0.582 seconds.
2024-05-27 22:07:48	Responding at http://127.0.0.1:8888
2024-05-27 22:07:50	----------------- NEW EXECUTION-------------------
2024-05-27 22:07:50	FlowEvent	NEW_FLOW_STATE	Sleep	0.0		UNDEFINED	Sleep
2024-05-27 22:07:51	ActionGesture	CloseEyes
2024-05-27 22:07:51	ActionGesture	CloseEyes
2024-05-27 22:07:55	GUIEvent	GUI_RELOADED	GUI_RELOADED [ACCEPTED]	0.0	UNDEFINED	UNDEFINED	Sleep
2024-05-27 22:07:55	GUIEvent	SYNCH_REQUESTED	SYNCH REQUESTED .. [ACCEPTED]	0.0	UNDEFINED	UNDEFINED	Sleep
2024-05-27 22:07:57	GUIEvent	NEW_STAGE_REQUESTED	STAGE[0.2] [53] REQUESTED .. [ACCEPTED]	0.0	UNDEFINED	UNDEFINED	Sleep
2024-05-27 22:07:57	SessionEvent	USER_SET	USER TO ACTIVATE.	0.2	53	UNDEFINED	Sleep
2024-05-27 22:07:57	FlowEvent	NEW_FLOW_STATE	Welcome	0.2		CONDITION3	Welcome
2024-05-27 22:07:57	ActionGesture	OpenEyes
2024-05-27 22:07:57	ActionGesture	Smile
2024-05-27 22:07:58	MonitorSpeechStart	<prosody rate="1.0">Hello there</prosody>	811
2024-05-27 22:07:58	ActionGesture	BrowRaise
2024-05-27 22:08:00	MonitorSpeechStart	<prosody rate="1.0">Nice to meet you</prosody>	1050
2024-05-27 22:08:01	ActionGesture	BrowRaise
2024-05-27 22:08:02	MonitorSpeechStart	<prosody rate="1.0">How you doing?</prosody>	824
2024-05-27 22:08:03	ActionGesture	BrowRaise
2024-05-27 22:08:09	ActionGesture	Smile
2024-05-27 22:08:10	SenseSpeech	ja	911
2024-05-27 22:08:10	FlowEvent	NEW_FLOW_STATE	ReviewInstructions	0.2		CONDITION3	ReviewInstructions
2024-05-27 22:08:11	MonitorSpeechStart	<prosody rate="1.0">Right, as far as I know,we will get some Electronics questions to resolve together. Somebody told you?</prosody>	6400
2024-05-27 22:08:11	ActionGesture	BrowRaise
2024-05-27 22:08:11	ActionGesture	BrowRaise
2024-05-27 22:08:12	ActionGesture	BrowRaise
2024-05-27 22:08:12	ActionGesture	BrowRaise
2024-05-27 22:08:15	ActionGesture	BrowRaise
2024-05-27 22:08:17	ActionGesture	BrowRaise
2024-05-27 22:08:19	ActionGesture	Smile
2024-05-27 22:08:21	SenseSpeech	okej	2510
2024-05-27 22:08:30	MonitorSpeechStart	<prosody rate="1.0">Mm</prosody>	499
2024-05-27 22:08:30	ActionGesture	BrowRaise
2024-05-27 22:08:31	MonitorSpeechStart	<prosody rate="1.0">Basically a question will come up on the tablet, I receive it, we think, we answer separately and then we discuss</prosody>	6200
2024-05-27 22:08:34	ActionGesture	BrowRaise
2024-05-27 22:08:34	ActionGesture	BrowRaise
2024-05-27 22:08:35	ActionGesture	BrowRaise
2024-05-27 22:08:35	ActionGesture	BrowRaise
2024-05-27 22:08:37	ActionGesture	BrowRaise
2024-05-27 22:08:38	ActionGesture	BrowRaise
2024-05-27 22:08:40	MonitorSpeechStart	<prosody rate="1.0">Do you want me to explain or are you ready?</prosody>	2125
2024-05-27 22:08:41	ActionGesture	BrowRaise
2024-05-27 22:08:42	ActionGesture	BrowRaise
2024-05-27 22:08:53	Autoreload is disabled because the development mode is off.
2024-05-27 22:08:54	Application started in 0.608 seconds.
2024-05-27 22:08:54	Responding at http://127.0.0.1:8888
2024-05-27 22:08:57	----------------- NEW EXECUTION-------------------
2024-05-27 22:08:57	FlowEvent	NEW_FLOW_STATE	Sleep	0.0		UNDEFINED	Sleep
2024-05-27 22:08:57	ActionGesture	CloseEyes
2024-05-27 22:08:57	ActionGesture	CloseEyes
2024-05-27 22:09:00	GUIEvent	GUI_RELOADED	GUI_RELOADED [ACCEPTED]	0.0	UNDEFINED	UNDEFINED	Sleep
2024-05-27 22:09:00	GUIEvent	SYNCH_REQUESTED	SYNCH REQUESTED .. [ACCEPTED]	0.0	UNDEFINED	UNDEFINED	Sleep
2024-05-27 22:09:02	GUIEvent	NEW_STAGE_REQUESTED	STAGE[0.2] [53] REQUESTED .. [ACCEPTED]	0.0	UNDEFINED	UNDEFINED	Sleep
2024-05-27 22:09:02	SessionEvent	USER_SET	USER TO ACTIVATE.	0.2	53	UNDEFINED	Sleep
2024-05-27 22:09:02	FlowEvent	NEW_FLOW_STATE	Welcome	0.2		CONDITION3	Welcome
2024-05-27 22:09:02	ActionGesture	OpenEyes
2024-05-27 22:09:02	ActionGesture	Smile
2024-05-27 22:09:03	MonitorSpeechStart	<prosody rate="1.0">Hello there</prosody>	811
2024-05-27 22:09:03	ActionGesture	BrowRaise
2024-05-27 22:09:05	MonitorSpeechStart	<prosody rate="1.0">Nice to meet you</prosody>	1050
2024-05-27 22:09:06	ActionGesture	BrowRaise
2024-05-27 22:09:07	MonitorSpeechStart	<prosody rate="1.0">How you doing?</prosody>	824
2024-05-27 22:09:08	ActionGesture	BrowRaise
2024-05-27 22:09:10	ActionGesture	Smile
2024-05-27 22:09:11	SenseSpeech	ja	835
2024-05-27 22:09:11	FlowEvent	NEW_FLOW_STATE	ReviewInstructions	0.2		CONDITION3	ReviewInstructions
2024-05-27 22:09:12	MonitorSpeechStart	<prosody rate="1.0">Right, as far as I know,we will get some Electronics questions to resolve together. Somebody told you?</prosody>	6400
2024-05-27 22:09:12	ActionGesture	BrowRaise
2024-05-27 22:09:12	ActionGesture	BrowRaise
2024-05-27 22:09:13	ActionGesture	BrowRaise
2024-05-27 22:09:14	ActionGesture	BrowRaise
2024-05-27 22:09:16	ActionGesture	BrowRaise
2024-05-27 22:09:18	ActionGesture	BrowRaise
2024-05-27 22:09:20	ActionGesture	Smile
2024-05-27 22:09:24	SenseSpeech	but I don't think of story by coys	3928
2024-05-27 22:10:34	Autoreload is disabled because the development mode is off.
2024-05-27 22:10:35	Application started in 0.592 seconds.
2024-05-27 22:10:35	Responding at http://127.0.0.1:8888
2024-05-27 22:10:38	----------------- NEW EXECUTION-------------------
2024-05-27 22:10:38	FlowEvent	NEW_FLOW_STATE	Sleep	0.0		UNDEFINED	Sleep
2024-05-27 22:10:38	ActionGesture	CloseEyes
2024-05-27 22:10:38	ActionGesture	CloseEyes
2024-05-27 22:10:45	GUIEvent	GUI_RELOADED	GUI_RELOADED [ACCEPTED]	0.0	UNDEFINED	UNDEFINED	Sleep
2024-05-27 22:10:46	GUIEvent	SYNCH_REQUESTED	SYNCH REQUESTED .. [ACCEPTED]	0.0	UNDEFINED	UNDEFINED	Sleep
2024-05-27 22:10:48	GUIEvent	NEW_STAGE_REQUESTED	STAGE[0.2] [54] REQUESTED .. [ACCEPTED]	0.0	UNDEFINED	UNDEFINED	Sleep
2024-05-27 22:10:48	SessionEvent	USER_SET	USER TO ACTIVATE.	0.2	54	UNDEFINED	Sleep
2024-05-27 22:10:48	FlowEvent	NEW_FLOW_STATE	Welcome	0.2		CONDITION3	Welcome
2024-05-27 22:10:48	ActionGesture	OpenEyes
2024-05-27 22:10:48	ActionGesture	Smile
2024-05-27 22:10:49	MonitorSpeechStart	<prosody rate="1.0">Hello there</prosody>	811
2024-05-27 22:10:49	ActionGesture	BrowRaise
2024-05-27 22:10:51	MonitorSpeechStart	<prosody rate="1.0">Nice to meet you</prosody>	1050
2024-05-27 22:10:52	ActionGesture	BrowRaise
2024-05-27 22:10:54	MonitorSpeechStart	<prosody rate="1.0">How you doing?</prosody>	824
2024-05-27 22:10:54	ActionGesture	BrowRaise
2024-05-27 22:10:58	ActionGesture	Smile
2024-05-27 22:10:59	SenseSpeech	yes	917
2024-05-27 22:10:59	FlowEvent	NEW_FLOW_STATE	ReviewInstructions	0.2		CONDITION3	ReviewInstructions
2024-05-27 22:11:01	MonitorSpeechStart	<prosody rate="1.0">Right, as far as I know,we will get some Electronics questions to resolve together. Somebody told you?</prosody>	6400
2024-05-27 22:11:01	ActionGesture	BrowRaise
2024-05-27 22:11:01	ActionGesture	BrowRaise
2024-05-27 22:11:01	ActionGesture	BrowRaise
2024-05-27 22:11:01	ActionGesture	BrowRaise
2024-05-27 22:11:04	ActionGesture	BrowRaise
2024-05-27 22:11:06	ActionGesture	BrowRaise
2024-05-27 22:11:09	ActionGesture	Smile
2024-05-27 22:11:11	SenseSpeech	Somebody told me Yes	2252
2024-05-27 22:11:20	MonitorSpeechStart	<prosody rate="1.0">Basically a question will come up on the tablet, I receive it, we think, we answer separately and then we discuss</prosody>	6200
2024-05-27 22:11:22	ActionGesture	BrowRaise
2024-05-27 22:11:23	ActionGesture	BrowRaise
2024-05-27 22:11:23	ActionGesture	BrowRaise
2024-05-27 22:11:24	ActionGesture	BrowRaise
2024-05-27 22:11:25	ActionGesture	BrowRaise
2024-05-27 22:11:25	GUIEvent	NEW_STAGE_REQUESTED	STAGE[1] [54] REQUESTED .. [ACCEPTED]	0.2	54	CONDITION3	ReviewInstructions
2024-05-27 22:11:25	SessionEvent	QUESTION_SET	NEW QUESTION TO ACTIVATE	1		CONDITION3	ReviewInstructions
2024-05-27 22:11:25	FlowEvent	NEW_FLOW_STATE	QuestionReflection	1		CONDITION3	QuestionReflection
2024-05-27 22:11:26	ActionGesture	BrowRaise
2024-05-27 22:11:28	MonitorSpeechStart	<prosody rate="1.0">Ok</prosody>	661
2024-05-27 22:11:28	ActionGesture	BrowRaise
2024-05-27 22:11:30	MonitorSpeechStart	<prosody rate="1.0">I think I am getting the question 1</prosody>	1875
2024-05-27 22:11:31	ActionGesture	BrowRaise
2024-05-27 22:11:32	ActionGesture	BrowRaise
2024-05-27 22:11:34	MonitorSpeechStart	<prosody rate="1.0">Let's see</prosody>	799
2024-05-27 22:11:35	ActionGesture	BrowRaise
2024-05-27 22:11:35	GUIEvent	ANSWER_MARKED	ANSWER[TRUE] [1] [54] SENT .. [ACCEPTED]	1	54	CONDITION3	QuestionReflection
2024-05-27 22:11:43	GUIEvent	SYNCH_REQUESTED	SYNCH REQUESTED .. [ACCEPTED]	1	54	CONDITION3	QuestionReflection
2024-05-27 22:11:44	MonitorSpeechStart	<prosody rate="1.0">Have you answered?</prosody>	911
2024-05-27 22:11:44	ActionGesture	BrowRaise
2024-05-27 22:11:46	ActionGesture	Smile
2024-05-27 22:11:46	GUIEvent	SYNCH_REQUESTED	SYNCH REQUESTED .. [ACCEPTED]	1	54	CONDITION3	QuestionReflection
2024-05-27 22:11:47	SenseSpeech	yes	1038
2024-05-27 22:11:47	MonitorSpeechStart	<prosody rate="1.0">Mm</prosody>	499
2024-05-27 22:11:47	ActionGesture	BrowRaise
2024-05-27 22:11:49	MonitorSpeechStart	<prosody rate="1.0">Have you answered already?</prosody>	1236
2024-05-27 22:11:49	GUIEvent	SYNCH_REQUESTED	SYNCH REQUESTED .. [ACCEPTED]	1	54	CONDITION3	QuestionReflection
2024-05-27 22:11:50	ActionGesture	BrowRaise
2024-05-27 22:11:52	ActionGesture	Smile
2024-05-27 22:11:52	GUIEvent	SYNCH_REQUESTED	SYNCH REQUESTED .. [ACCEPTED]	1	54	CONDITION3	QuestionReflection
2024-05-27 22:11:53	SenseSpeech	Yes I am set	1646
2024-05-27 22:11:54	MonitorSpeechStart	<prosody rate="1.0">Also</prosody>	736
2024-05-27 22:11:55	ActionGesture	BrowRaise
2024-05-27 22:11:55	GUIEvent	SYNCH_REQUESTED	SYNCH REQUESTED .. [ACCEPTED]	1	54	CONDITION3	QuestionReflection
2024-05-27 22:11:56	MonitorSpeechStart	<prosody rate="1.0">Let me know when you have it</prosody>	1349
2024-05-27 22:11:57	ActionGesture	BrowRaise
2024-05-27 22:11:57	ActionGesture	BrowRaise
2024-05-27 22:11:58	GUIEvent	SYNCH_REQUESTED	SYNCH REQUESTED .. [ACCEPTED]	1	54	CONDITION3	QuestionReflection
2024-05-27 22:12:01	GUIEvent	SYNCH_REQUESTED	SYNCH REQUESTED .. [ACCEPTED]	1	54	CONDITION3	QuestionReflection
2024-05-27 22:12:02	MonitorSpeechStart	<prosody rate="1.0">I mean</prosody>	661
2024-05-27 22:12:03	ActionGesture	BrowRaise
2024-05-27 22:12:04	MonitorSpeechStart	<prosody rate="1.0">Have you answered?</prosody>	911
2024-05-27 22:12:04	GUIEvent	SYNCH_REQUESTED	SYNCH REQUESTED .. [ACCEPTED]	1	54	CONDITION3	QuestionReflection
2024-05-27 22:12:05	ActionGesture	BrowRaise
2024-05-27 22:12:07	ActionGesture	Smile
2024-05-27 22:12:07	GUIEvent	SYNCH_REQUESTED	SYNCH REQUESTED .. [ACCEPTED]	1	54	CONDITION3	QuestionReflection
2024-05-27 22:12:08	SenseSpeech	Yes I am set	1268
2024-05-27 22:12:09	MonitorSpeechStart	<prosody rate="1.0">Don't forget also that</prosody>	1412
2024-05-27 22:12:10	ActionGesture	BrowRaise
2024-05-27 22:12:10	GUIEvent	SYNCH_REQUESTED	SYNCH REQUESTED .. [ACCEPTED]	1	54	CONDITION3	QuestionReflection
2024-05-27 22:12:12	MonitorSpeechStart	<prosody rate="1.0">OK, I have answered. Have you?</prosody>	2962
2024-05-27 22:12:13	ActionGesture	BrowRaise
2024-05-27 22:12:13	GUIEvent	SYNCH_REQUESTED	SYNCH REQUESTED .. [ACCEPTED]	1	54	CONDITION3	QuestionReflection
2024-05-27 22:12:14	ActionGesture	BrowRaise
2024-05-27 22:12:16	GUIEvent	SYNCH_REQUESTED	SYNCH REQUESTED .. [ACCEPTED]	1	54	CONDITION3	QuestionReflection
2024-05-27 22:12:18	ActionGesture	Smile
2024-05-27 22:12:19	SenseSpeech	yes	990
2024-05-27 22:12:19	GUIEvent	SYNCH_REQUESTED	SYNCH REQUESTED .. [ACCEPTED]	1	54	CONDITION3	QuestionReflection
2024-05-27 22:12:20	MonitorSpeechStart	<prosody rate="1.0">Um Tell me when you have answered.</prosody>	1850
2024-05-27 22:12:21	ActionGesture	BrowRaise
2024-05-27 22:12:22	ActionGesture	BrowRaise
2024-05-27 22:12:22	GUIEvent	SYNCH_REQUESTED	SYNCH REQUESTED .. [ACCEPTED]	1	54	CONDITION3	QuestionReflection
2024-05-27 22:12:25	GUIEvent	SYNCH_REQUESTED	SYNCH REQUESTED .. [ACCEPTED]	1	54	CONDITION3	QuestionReflection
2024-05-27 22:12:27	MonitorSpeechStart	<prosody rate="1.0">Um</prosody>	724
2024-05-27 22:12:27	ActionGesture	BrowRaise
2024-05-27 22:12:28	GUIEvent	SYNCH_REQUESTED	SYNCH REQUESTED .. [ACCEPTED]	1	54	CONDITION3	QuestionReflection
2024-05-27 22:12:29	MonitorSpeechStart	<prosody rate="1.0">I believe that I am ready. Are you?</prosody>	2725
2024-05-27 22:12:30	ActionGesture	BrowRaise
2024-05-27 22:12:31	ActionGesture	BrowRaise
2024-05-27 22:12:32	GUIEvent	SYNCH_REQUESTED	SYNCH REQUESTED .. [ACCEPTED]	1	54	CONDITION3	QuestionReflection
2024-05-27 22:12:32	ActionGesture	BrowRaise
2024-05-27 22:12:35	GUIEvent	SYNCH_REQUESTED	SYNCH REQUESTED .. [ACCEPTED]	1	54	CONDITION3	QuestionReflection
2024-05-27 22:12:37	MonitorSpeechStart	<prosody rate="1.0">Mm</prosody>	499
2024-05-27 22:12:37	ActionGesture	BrowRaise
2024-05-27 22:12:38	GUIEvent	SYNCH_REQUESTED	SYNCH REQUESTED .. [ACCEPTED]	1	54	CONDITION3	QuestionReflection
2024-05-27 22:12:39	MonitorSpeechStart	<prosody rate="1.0">I have chosen. Have you?</prosody>	2362
2024-05-27 22:12:39	ActionGesture	BrowRaise
2024-05-27 22:12:41	GUIEvent	SYNCH_REQUESTED	SYNCH REQUESTED .. [ACCEPTED]	1	54	CONDITION3	QuestionReflection
2024-05-27 22:12:41	ActionGesture	BrowRaise
2024-05-27 22:12:43	ActionGesture	Smile
2024-05-27 22:12:44	GUIEvent	SYNCH_REQUESTED	SYNCH REQUESTED .. [ACCEPTED]	1	54	CONDITION3	QuestionReflection
2024-05-27 22:12:44	SenseSpeech	yes	909
2024-05-27 22:15:38	GUIEvent	SYNCH_REQUESTED	SYNCH REQUESTED .. [ACCEPTED]	1	54	CONDITION3	QuestionReflection
2024-05-27 22:15:43	Autoreload is disabled because the development mode is off.
2024-05-27 22:15:43	Application started in 0.62 seconds.
2024-05-27 22:15:43	Responding at http://127.0.0.1:8888
2024-05-27 22:15:45	GUIEvent	SYNCH_REQUESTED	SYNCH REQUESTED .. [REJECTED]	0.0	UNDEFINED	UNDEFINED	Init
2024-05-27 22:15:46	----------------- NEW EXECUTION-------------------
2024-05-27 22:15:46	FlowEvent	NEW_FLOW_STATE	Sleep	0.0		UNDEFINED	Sleep
2024-05-27 22:15:46	ActionGesture	CloseEyes
2024-05-27 22:15:46	ActionGesture	CloseEyes
2024-05-27 22:15:59	GUIEvent	GUI_RELOADED	GUI_RELOADED [ACCEPTED]	0.0	UNDEFINED	UNDEFINED	Sleep
2024-05-27 22:15:59	GUIEvent	SYNCH_REQUESTED	SYNCH REQUESTED .. [ACCEPTED]	0.0	UNDEFINED	UNDEFINED	Sleep
2024-05-27 22:16:00	GUIEvent	NEW_STAGE_REQUESTED	STAGE[0.2] [45] REQUESTED .. [ACCEPTED]	0.0	UNDEFINED	UNDEFINED	Sleep
2024-05-27 22:16:00	SessionEvent	USER_SET	USER TO ACTIVATE.	0.2	45	UNDEFINED	Sleep
2024-05-27 22:16:00	FlowEvent	NEW_FLOW_STATE	Welcome	0.2		CONDITION3	Welcome
2024-05-27 22:16:00	ActionGesture	OpenEyes
2024-05-27 22:16:00	ActionGesture	Smile
2024-05-27 22:16:01	MonitorSpeechStart	<prosody rate="1.0">Hello there</prosody>	811
2024-05-27 22:16:02	ActionGesture	BrowRaise
2024-05-27 22:16:04	MonitorSpeechStart	<prosody rate="1.0">Nice to meet you</prosody>	1050
2024-05-27 22:16:05	ActionGesture	BrowRaise
2024-05-27 22:16:06	MonitorSpeechStart	<prosody rate="1.0">How you doing?</prosody>	824
2024-05-27 22:16:07	ActionGesture	BrowRaise
2024-05-27 22:16:09	ActionGesture	Smile
2024-05-27 22:16:10	SenseSpeech	yes	933
2024-05-27 22:16:10	FlowEvent	NEW_FLOW_STATE	ReviewInstructions	0.2		CONDITION3	ReviewInstructions
2024-05-27 22:16:11	MonitorSpeechStart	<prosody rate="1.0">Right, as far as I know,we will get some Electronics questions to resolve together. Somebody told you?</prosody>	6400
2024-05-27 22:16:11	ActionGesture	BrowRaise
2024-05-27 22:16:11	ActionGesture	BrowRaise
2024-05-27 22:16:12	ActionGesture	BrowRaise
2024-05-27 22:16:12	ActionGesture	BrowRaise
2024-05-27 22:16:15	ActionGesture	BrowRaise
2024-05-27 22:16:17	ActionGesture	BrowRaise
2024-05-27 22:16:21	ActionGesture	Smile
2024-05-27 22:16:22	SenseSpeech	yes	906
2024-05-27 22:19:22	Autoreload is disabled because the development mode is off.
2024-05-27 22:19:23	Application started in 0.592 seconds.
2024-05-27 22:19:23	Responding at http://127.0.0.1:8888
2024-05-27 22:19:27	----------------- NEW EXECUTION-------------------
2024-05-27 22:19:27	FlowEvent	NEW_FLOW_STATE	Sleep	0.0		UNDEFINED	Sleep
2024-05-27 22:19:27	ActionGesture	CloseEyes
2024-05-27 22:19:27	ActionGesture	CloseEyes
2024-05-27 22:19:33	GUIEvent	GUI_RELOADED	GUI_RELOADED [ACCEPTED]	0.0	UNDEFINED	UNDEFINED	Sleep
2024-05-27 22:19:33	GUIEvent	SYNCH_REQUESTED	SYNCH REQUESTED .. [ACCEPTED]	0.0	UNDEFINED	UNDEFINED	Sleep
2024-05-27 22:19:35	GUIEvent	NEW_STAGE_REQUESTED	STAGE[0.2] [4] REQUESTED .. [ACCEPTED]	0.0	UNDEFINED	UNDEFINED	Sleep
2024-05-27 22:19:35	SessionEvent	USER_SET	USER TO ACTIVATE.	0.2	4	UNDEFINED	Sleep
2024-05-27 22:19:35	FlowEvent	NEW_FLOW_STATE	Welcome	0.2		CONDITION1	Welcome
2024-05-27 22:19:35	ActionGesture	OpenEyes
2024-05-27 22:19:35	ActionGesture	Smile
2024-05-27 22:19:36	MonitorSpeechStart	<prosody rate="1.0">Hello there</prosody>	811
2024-05-27 22:19:37	ActionGesture	BrowRaise
2024-05-27 22:19:38	MonitorSpeechStart	<prosody rate="1.0">Nice to meet you</prosody>	1050
2024-05-27 22:19:39	ActionGesture	BrowRaise
2024-05-27 22:19:41	MonitorSpeechStart	<prosody rate="1.0">How you doing?</prosody>	824
2024-05-27 22:19:41	ActionGesture	BrowRaise
2024-05-27 22:19:43	ActionGesture	Smile
2024-05-27 22:19:44	SenseSpeech	yes	1040
2024-05-27 22:19:44	FlowEvent	NEW_FLOW_STATE	ReviewInstructions	0.2		CONDITION1	ReviewInstructions
2024-05-27 22:19:44	MonitorSpeechStart	<prosody rate="1.0">Right, as far as I know,we will get some Electronics questions to resolve together. Somebody told you?</prosody>	6400
2024-05-27 22:19:45	ActionGesture	BrowRaise
2024-05-27 22:19:45	ActionGesture	BrowRaise
2024-05-27 22:19:45	ActionGesture	BrowRaise
2024-05-27 22:19:46	ActionGesture	BrowRaise
2024-05-27 22:19:49	ActionGesture	BrowRaise
2024-05-27 22:19:51	ActionGesture	BrowRaise
2024-05-27 22:19:54	ActionGesture	Smile
2024-05-27 22:19:55	SenseSpeech	yes	1065
2024-05-27 22:20:59	Autoreload is disabled because the development mode is off.
2024-05-27 22:20:59	Application started in 0.614 seconds.
2024-05-27 22:21:00	Responding at http://127.0.0.1:8888
2024-05-27 22:21:03	----------------- NEW EXECUTION-------------------
2024-05-27 22:21:04	FlowEvent	NEW_FLOW_STATE	Sleep	0.0		UNDEFINED	Sleep
2024-05-27 22:21:04	ActionGesture	CloseEyes
2024-05-27 22:21:04	ActionGesture	CloseEyes
2024-05-27 22:21:08	GUIEvent	GUI_RELOADED	GUI_RELOADED [ACCEPTED]	0.0	UNDEFINED	UNDEFINED	Sleep
2024-05-27 22:21:09	GUIEvent	SYNCH_REQUESTED	SYNCH REQUESTED .. [ACCEPTED]	0.0	UNDEFINED	UNDEFINED	Sleep
2024-05-27 22:21:09	GUIEvent	NEW_STAGE_REQUESTED	STAGE[0.2] [20] REQUESTED .. [ACCEPTED]	0.0	UNDEFINED	UNDEFINED	Sleep
2024-05-27 22:21:09	SessionEvent	USER_SET	USER TO ACTIVATE.	0.2	20	UNDEFINED	Sleep
2024-05-27 22:21:09	FlowEvent	NEW_FLOW_STATE	Welcome	0.2		CONDITION1	Welcome
2024-05-27 22:21:09	ActionGesture	OpenEyes
2024-05-27 22:21:09	ActionGesture	Smile
2024-05-27 22:21:12	MonitorSpeechStart	<prosody rate="1.0">Hello there</prosody>	543
2024-05-27 22:21:12	ActionGesture	BrowRaise
2024-05-27 22:21:14	MonitorSpeechStart	<prosody rate="1.0">Nice to meet you</prosody>	824
2024-05-27 22:21:14	ActionGesture	BrowRaise
2024-05-27 22:21:17	MonitorSpeechStart	<prosody rate="1.0">How you doing?</prosody>	741
2024-05-27 22:21:17	ActionGesture	BrowRaise
2024-05-27 22:21:19	ActionGesture	Smile
2024-05-27 22:21:20	SenseSpeech	yes	893
2024-05-27 22:21:20	FlowEvent	NEW_FLOW_STATE	ReviewInstructions	0.2		CONDITION1	ReviewInstructions
2024-05-27 22:21:21	MonitorSpeechStart	<prosody rate="1.0">Right, as far as I know,we will get some Electronics questions to resolve together. Somebody told you?</prosody>	6104
2024-05-27 22:21:21	ActionGesture	BrowRaise
2024-05-27 22:21:22	ActionGesture	BrowRaise
2024-05-27 22:21:25	ActionGesture	BrowRaise
2024-05-27 22:21:26	ActionGesture	BrowRaise
2024-05-27 22:21:28	ActionGesture	Smile
2024-05-27 22:21:31	SenseSpeech	yes	2456
2024-05-27 22:22:29	Autoreload is disabled because the development mode is off.
2024-05-27 22:22:29	Application started in 0.585 seconds.
2024-05-27 22:22:30	Responding at http://127.0.0.1:8888
2024-05-27 22:22:33	----------------- NEW EXECUTION-------------------
2024-05-27 22:22:34	FlowEvent	NEW_FLOW_STATE	Sleep	0.0		UNDEFINED	Sleep
2024-05-27 22:22:34	ActionGesture	CloseEyes
2024-05-27 22:22:34	ActionGesture	CloseEyes
2024-05-27 22:22:38	GUIEvent	GUI_RELOADED	GUI_RELOADED [ACCEPTED]	0.0	UNDEFINED	UNDEFINED	Sleep
2024-05-27 22:22:38	GUIEvent	SYNCH_REQUESTED	SYNCH REQUESTED .. [ACCEPTED]	0.0	UNDEFINED	UNDEFINED	Sleep
2024-05-27 22:22:41	GUIEvent	NEW_STAGE_REQUESTED	STAGE[0.2] [3] REQUESTED .. [ACCEPTED]	0.0	UNDEFINED	UNDEFINED	Sleep
2024-05-27 22:22:41	SessionEvent	USER_SET	USER TO ACTIVATE.	0.2	3	UNDEFINED	Sleep
2024-05-27 22:22:41	FlowEvent	NEW_FLOW_STATE	Welcome	0.2		CONDITION1	Welcome
2024-05-27 22:22:41	ActionGesture	OpenEyes
2024-05-27 22:22:41	ActionGesture	Smile
2024-05-27 22:22:43	MonitorSpeechStart	<prosody rate="1.0">Hello there</prosody>	750
2024-05-27 22:22:43	ActionGesture	BrowRaise
2024-05-27 22:22:46	MonitorSpeechStart	<prosody rate="1.0">Nice to meet you</prosody>	1125
2024-05-27 22:22:49	MonitorSpeechStart	<prosody rate="1.0">How you doing?</prosody>	1000
2024-05-27 22:22:49	ActionGesture	BrowRaise
2024-05-27 22:22:53	ActionGesture	Smile
2024-05-27 22:22:54	SenseSpeech	yes	944
2024-05-27 22:22:54	FlowEvent	NEW_FLOW_STATE	ReviewInstructions	0.2		CONDITION1	ReviewInstructions
2024-05-27 22:22:55	MonitorSpeechStart	<prosody rate="1.0">Right, as far as I know,we will get some Electronics questions to resolve together. Somebody told you?</prosody>	7855
2024-05-27 22:22:56	ActionGesture	BrowRaise
2024-05-27 22:22:56	ActionGesture	BrowRaise
2024-05-27 22:22:58	ActionGesture	BrowRaise
2024-05-27 22:23:02	ActionGesture	BrowRaise
2024-05-27 22:23:05	ActionGesture	Smile
2024-05-27 22:23:06	SenseSpeech	ja	847
2024-05-27 22:23:18	MonitorSpeechStart	<prosody rate="1.0">Good</prosody>	412
2024-05-27 22:23:21	MonitorSpeechStart	<prosody rate="1.0">Basically a question will come up on the tablet, I receive it, we think, we answer separately and then we discuss</prosody>	8137
2024-05-27 22:23:21	ActionGesture	BrowRaise
2024-05-27 22:23:23	ActionGesture	BrowRaise
2024-05-27 22:23:25	ActionGesture	BrowRaise
2024-05-27 22:23:27	ActionGesture	BrowRaise
2024-05-27 22:23:28	ActionGesture	BrowRaise
2024-05-27 22:23:31	MonitorSpeechStart	<prosody rate="1.0">Do you want me to explain or are you ready?</prosody>	3275
2024-05-27 22:23:31	ActionGesture	BrowRaise
2024-05-27 22:23:34	ActionGesture	BrowRaise
2024-05-27 22:23:36	ActionGesture	Smile
2024-05-27 22:23:37	SenseSpeech	repeterade	1517
2024-05-27 22:23:39	MonitorSpeechStart	<prosody rate="1.0">Yes</prosody>	562
2024-05-27 22:23:39	ActionGesture	BrowRaise
2024-05-27 22:23:40	MonitorSpeechStart	<prosody rate="1.0">Do you want me to explain or are you ready?</prosody>	3275
2024-05-27 22:23:40	ActionGesture	BrowRaise
2024-05-27 22:23:45	ActionGesture	BrowRaise
2024-05-27 22:23:54	ActionGesture	Smile
2024-05-27 22:23:55	SenseSpeech	repeterade	1135
2024-05-27 22:23:56	MonitorSpeechStart	<prosody rate="1.0">Sure</prosody>	650
2024-05-27 22:23:56	ActionGesture	BrowRaise
2024-05-27 22:23:57	MonitorSpeechStart	<prosody rate="1.0">Do you want me to explain or are you ready?</prosody>	3275
2024-05-27 22:23:57	ActionGesture	BrowRaise
2024-05-27 22:24:00	ActionGesture	BrowRaise
2024-05-27 22:24:04	ActionGesture	Smile
2024-05-27 22:24:05	SenseSpeech	exponera	1304
2024-05-27 22:24:56	MonitorSpeechStart	<prosody rate="1.0">Mm</prosody>	437
2024-05-27 22:24:56	ActionGesture	BrowRaise
2024-05-27 22:24:58	MonitorSpeechStart	<prosody rate="1.0">The questions will appear one by one on the tablet</prosody>	3237
2024-05-27 22:24:58	ActionGesture	BrowRaise
2024-05-27 22:25:01	ActionGesture	BrowRaise
2024-05-27 22:25:03	MonitorSpeechStart	<prosody rate="1.0">For each one, we will have time to think</prosody>	2862
2024-05-27 22:25:05	ActionGesture	BrowRaise
2024-05-27 22:25:08	MonitorSpeechStart	<prosody rate="1.0">Then you mark your answer and I will mark mine</prosody>	3212
2024-05-27 22:25:10	ActionGesture	BrowRaise
2024-05-27 22:25:11	ActionGesture	BrowRaise
2024-05-27 22:25:13	MonitorSpeechStart	<prosody rate="1.0">You ready?</prosody>	662
2024-05-27 22:25:13	ActionGesture	BrowRaise
2024-05-27 22:25:16	ActionGesture	Smile
2024-05-27 22:25:18	SenseSpeech	Jag vet inte	1292
2024-05-27 22:25:34	Autoreload is disabled because the development mode is off.
2024-05-27 22:25:35	Application started in 0.592 seconds.
2024-05-27 22:25:35	Responding at http://127.0.0.1:8888
2024-05-27 22:25:39	----------------- NEW EXECUTION-------------------
2024-05-27 22:25:40	FlowEvent	NEW_FLOW_STATE	Sleep	0.0		UNDEFINED	Sleep
2024-05-27 22:25:40	ActionGesture	CloseEyes
2024-05-27 22:25:40	ActionGesture	CloseEyes
2024-05-27 22:25:44	GUIEvent	GUI_RELOADED	GUI_RELOADED [ACCEPTED]	0.0	UNDEFINED	UNDEFINED	Sleep
2024-05-27 22:25:44	GUIEvent	SYNCH_REQUESTED	SYNCH REQUESTED .. [ACCEPTED]	0.0	UNDEFINED	UNDEFINED	Sleep
2024-05-27 22:25:47	GUIEvent	NEW_STAGE_REQUESTED	STAGE[0.2] [53] REQUESTED .. [ACCEPTED]	0.0	UNDEFINED	UNDEFINED	Sleep
2024-05-27 22:25:47	SessionEvent	USER_SET	USER TO ACTIVATE.	0.2	53	UNDEFINED	Sleep
2024-05-27 22:25:47	FlowEvent	NEW_FLOW_STATE	Welcome	0.2		CONDITION3	Welcome
2024-05-27 22:25:47	ActionGesture	OpenEyes
2024-05-27 22:25:47	ActionGesture	Smile
2024-05-27 22:25:48	MonitorSpeechStart	<prosody rate="1.0">Hello there</prosody>	543
2024-05-27 22:25:48	ActionGesture	BrowRaise
2024-05-27 22:25:50	MonitorSpeechStart	<prosody rate="1.0">Nice to meet you</prosody>	824
2024-05-27 22:25:50	ActionGesture	BrowRaise
2024-05-27 22:25:52	MonitorSpeechStart	<prosody rate="1.0">How you doing?</prosody>	741
2024-05-27 22:25:52	ActionGesture	BrowRaise
2024-05-27 22:25:54	ActionGesture	Smile
2024-05-27 22:26:01	SenseSpeech	yeah	6770
2024-05-27 22:26:01	FlowEvent	NEW_FLOW_STATE	ReviewInstructions	0.2		CONDITION3	ReviewInstructions
2024-05-27 22:26:01	MonitorSpeechStart	<prosody rate="1.0">Right, as far as I know,we will get some Electronics questions to resolve together. Somebody told you?</prosody>	6104
2024-05-27 22:26:01	ActionGesture	BrowRaise
2024-05-27 22:26:02	ActionGesture	BrowRaise
2024-05-27 22:26:06	GUIEvent	NEW_STAGE_REQUESTED	STAGE[1] [53] REQUESTED .. [ACCEPTED]	0.2	53	CONDITION3	ReviewInstructions
2024-05-27 22:26:06	SessionEvent	QUESTION_SET	NEW QUESTION TO ACTIVATE	1		CONDITION3	ReviewInstructions
2024-05-27 22:26:06	FlowEvent	NEW_FLOW_STATE	QuestionReflection	1		CONDITION3	QuestionReflection
2024-05-27 22:26:06	ActionGesture	BrowRaise
2024-05-27 22:26:07	MonitorSpeechStart	<prosody rate="1.0">Ok</prosody>	618
2024-05-27 22:26:08	ActionGesture	BrowRaise
2024-05-27 22:26:10	MonitorSpeechStart	<prosody rate="1.0">I think I am getting the question 1</prosody>	1802
2024-05-27 22:26:10	ActionGesture	BrowRaise
2024-05-27 22:26:11	ActionGesture	BrowRaise
2024-05-27 22:26:13	GUIEvent	ANSWER_MARKED	ANSWER[TRUE] [1] [53] SENT .. [ACCEPTED]	1	53	CONDITION3	QuestionReflection
2024-05-27 22:26:13	MonitorSpeechStart	<prosody rate="1.0">Let's see</prosody>	658
2024-05-27 22:26:13	ActionGesture	BrowRaise
2024-05-27 22:26:15	ActionGesture	Smile
2024-05-27 22:26:18	SenseSpeech	I have it	2967
2024-05-27 22:26:27	GUIEvent	SYNCH_REQUESTED	SYNCH REQUESTED .. [ACCEPTED]	1	53	CONDITION3	QuestionReflection
2024-05-27 22:26:27	FlowEvent	NEW_FLOW_STATE	QuestionDisclosure	1		CONDITION3	QuestionDisclosure
2024-05-27 22:26:27	ActionGesture	SubtleNod
2024-05-27 22:26:28	MonitorSpeechStart	<prosody rate="1.13">Good <mark name="action"/></prosody>	348
2024-05-27 22:26:29	ActionGesture	EyesOpenBrowUpNod
2024-05-27 22:26:30	MonitorSpeechStart	<prosody rate="1.13">I'm convinced that it's TRUE <mark name="action"/></prosody>	1161
2024-05-27 22:26:30	GUIEvent	SYNCH_REQUESTED	SYNCH REQUESTED .. [ACCEPTED]	1	53	CONDITION3	QuestionDisclosure
2024-05-27 22:26:31	ActionGesture	BrowRaise
2024-05-27 22:26:31	ActionGesture	EyesOpenBrowUpNod
2024-05-27 22:26:33	MonitorSpeechStart	<prosody rate="1.13">What do you think?</prosody>	657
2024-05-27 22:26:33	ActionGesture	BrowRaise
2024-05-27 22:26:33	GUIEvent	SYNCH_REQUESTED	SYNCH REQUESTED .. [ACCEPTED]	1	53	CONDITION3	QuestionDisclosure
2024-05-27 22:26:36	GUIEvent	SYNCH_REQUESTED	SYNCH REQUESTED .. [ACCEPTED]	1	53	CONDITION3	QuestionDisclosure
2024-05-27 22:26:39	GUIEvent	SYNCH_REQUESTED	SYNCH REQUESTED .. [ACCEPTED]	1	53	CONDITION3	QuestionDisclosure
2024-05-27 22:26:42	FlowEvent	NEW_FLOW_STATE	QuestionReview	1		CONDITION3	QuestionReview
2024-05-27 22:26:42	ActionGesture	Smile
2024-05-27 22:26:42	SenseSpeech	I'm	54
2024-05-27 22:26:42	GUIEvent	SYNCH_REQUESTED	SYNCH REQUESTED .. [ACCEPTED]	1	53	CONDITION3	QuestionReview
2024-05-27 22:26:43	MonitorSpeechStart	<prosody rate="1.13">I mean <mark name="action"/></prosody>	521
2024-05-27 22:26:43	ActionGesture	EyesOpenBrowUpNod
2024-05-27 22:26:45	MonitorSpeechStart	<prosody rate="1.13">It is obvious, since the resistance increases with more lamps while the voltage is constant.</prosody>	4251
2024-05-27 22:26:45	ActionGesture	BrowRaise
2024-05-27 22:26:45	GUIEvent	SYNCH_REQUESTED	SYNCH REQUESTED .. [ACCEPTED]	1	53	CONDITION3	QuestionReview
2024-05-27 22:26:48	GUIEvent	SYNCH_REQUESTED	SYNCH REQUESTED .. [ACCEPTED]	1	53	CONDITION3	QuestionReview
2024-05-27 22:26:49	ActionGesture	BrowRaise
2024-05-27 22:26:49	ActionGesture	BrowRaise
2024-05-27 22:26:51	GUIEvent	SYNCH_REQUESTED	SYNCH REQUESTED .. [ACCEPTED]	1	53	CONDITION3	QuestionReview
2024-05-27 22:26:54	GUIEvent	SYNCH_REQUESTED	SYNCH REQUESTED .. [ACCEPTED]	1	53	CONDITION3	QuestionReview
2024-05-27 22:26:54	ActionGesture	Smile
2024-05-27 22:26:56	SenseSpeech	I don't know	1115
2024-05-27 22:26:59	GUIEvent	SYNCH_REQUESTED	SYNCH REQUESTED .. [ACCEPTED]	1	53	CONDITION3	QuestionReview
2024-05-27 22:27:00	MonitorSpeechStart	<prosody rate="1.13">Ok, let me put it this way <mark name="action"/></prosody>	1765
2024-05-27 22:27:01	ActionGesture	BrowRaise
2024-05-27 22:27:01	ActionGesture	EyesOpenBrowUpNod
2024-05-27 22:27:02	GUIEvent	SYNCH_REQUESTED	SYNCH REQUESTED .. [ACCEPTED]	1	53	CONDITION3	QuestionReview
2024-05-27 22:27:03	MonitorSpeechStart	<prosody rate="1.13">Enligt Ohms lag blir strömmen lägre om resistansen ökar när spänningen hålls konstant, så då kommer lamporna absolut att lysa svagare.</prosody>	6684
2024-05-27 22:27:05	GUIEvent	SYNCH_REQUESTED	SYNCH REQUESTED .. [ACCEPTED]	1	53	CONDITION3	QuestionReview
2024-05-27 22:27:06	ActionGesture	BrowRaise
2024-05-27 22:27:08	GUIEvent	SYNCH_REQUESTED	SYNCH REQUESTED .. [ACCEPTED]	1	53	CONDITION3	QuestionReview
2024-05-27 22:27:08	ActionGesture	BrowRaise
2024-05-27 22:27:08	ActionGesture	BrowRaise
2024-05-27 22:27:09	ActionGesture	BrowRaise
2024-05-27 22:27:09	ActionGesture	BrowRaise
2024-05-27 22:27:11	GUIEvent	SYNCH_REQUESTED	SYNCH REQUESTED .. [ACCEPTED]	1	53	CONDITION3	QuestionReview
2024-05-27 22:27:11	ActionGesture	Smile
2024-05-27 22:27:14	GUIEvent	SYNCH_REQUESTED	SYNCH REQUESTED .. [ACCEPTED]	1	53	CONDITION3	QuestionReview
2024-05-27 22:27:16	SenseSpeech	um	5250
2024-05-27 22:27:24	GUIEvent	SYNCH_REQUESTED	SYNCH REQUESTED .. [ACCEPTED]	1	53	CONDITION3	QuestionReview
2024-05-27 22:27:24	FlowEvent	NEW_FLOW_STATE	QuestionCheckpoint	1		CONDITION3	QuestionCheckpoint
2024-05-27 22:27:24	ActionGesture	SubtleNod
2024-05-27 22:27:25	MonitorSpeechStart	<prosody rate="1.13">Indeed <mark name="action"/></prosody>	479
2024-05-27 22:27:26	ActionGesture	EyesOpenBrowUpNod
2024-05-27 22:27:27	GUIEvent	SYNCH_REQUESTED	SYNCH REQUESTED .. [ACCEPTED]	1	53	CONDITION3	QuestionCheckpoint
2024-05-27 22:27:27	MonitorSpeechStart	<prosody rate="1.13">but <mark name="action"/></prosody>	384
2024-05-27 22:27:27	ActionGesture	BrowRaise
2024-05-27 22:27:28	ActionGesture	EyesOpenBrowUpNod
2024-05-27 22:27:29	MonitorSpeechStart	<prosody rate="1.13">So <mark name="action"/></prosody>	346
2024-05-27 22:27:30	ActionGesture	EyesOpenBrowUpNod
2024-05-27 22:27:30	GUIEvent	SYNCH_REQUESTED	SYNCH REQUESTED .. [ACCEPTED]	1	53	CONDITION3	QuestionCheckpoint
2024-05-27 22:27:31	MonitorSpeechStart	<prosody rate="1.13">I'm completely sure <mark name="action"/></prosody>	945
2024-05-27 22:27:31	ActionGesture	BrowRaise
2024-05-27 22:27:32	ActionGesture	EyesOpenBrowUpNod
2024-05-27 22:27:33	GUIEvent	SYNCH_REQUESTED	SYNCH REQUESTED .. [ACCEPTED]	1	53	CONDITION3	QuestionCheckpoint
2024-05-27 22:27:34	MonitorSpeechStart	<prosody rate="1.13">do we agree it's TRUE?</prosody>	1023
2024-05-27 22:27:34	ActionGesture	BrowRaise
2024-05-27 22:27:36	ActionGesture	Smile
2024-05-27 22:27:36	GUIEvent	SYNCH_REQUESTED	SYNCH REQUESTED .. [ACCEPTED]	1	53	CONDITION3	QuestionCheckpoint
2024-05-27 22:27:39	GUIEvent	SYNCH_REQUESTED	SYNCH REQUESTED .. [ACCEPTED]	1	53	CONDITION3	QuestionCheckpoint
2024-05-27 22:27:42	GUIEvent	SYNCH_REQUESTED	SYNCH REQUESTED .. [ACCEPTED]	1	53	CONDITION3	QuestionCheckpoint
2024-05-27 22:27:45	GUIEvent	SYNCH_REQUESTED	SYNCH REQUESTED .. [ACCEPTED]	1	53	CONDITION3	QuestionCheckpoint
2024-05-27 22:27:48	GUIEvent	SYNCH_REQUESTED	SYNCH REQUESTED .. [ACCEPTED]	1	53	CONDITION3	QuestionCheckpoint
2024-05-27 22:29:02	Autoreload is disabled because the development mode is off.
2024-05-27 22:29:03	Application started in 0.606 seconds.
2024-05-27 22:29:03	Responding at http://127.0.0.1:8888
2024-05-27 22:29:07	----------------- NEW EXECUTION-------------------
2024-05-27 22:29:07	FlowEvent	NEW_FLOW_STATE	Testing	0.0		UNDEFINED	Testing
2024-05-27 22:29:09	MonitorSpeechStart	Mm now I will wobble with NO <mark name="action"/>	1621
2024-05-27 22:29:09	ActionGesture	BrowRaise
2024-05-27 22:29:10	ActionGesture	BrowRaise
2024-05-27 22:29:10	ActionGesture	SubtleWobbleNo
2024-05-27 22:29:12	MonitorSpeechStart	um before continuing	1228
2024-05-27 22:29:13	ActionGesture	BrowRaise
2024-05-27 22:29:15	MonitorSpeechStart	Now I will wobble with YES <mark name="action"/>	1443
2024-05-27 22:29:15	ActionGesture	BrowRaise
2024-05-27 22:29:16	ActionGesture	BrowRaise
2024-05-27 22:29:16	ActionGesture	SubtleWobbleYes
2024-05-27 22:29:18	MonitorSpeechStart	and finish	629
2024-05-27 22:29:21	ActionGesture	Smile
2024-05-27 22:29:29	SenseSpeech	yes	8445
2024-05-27 22:29:30	MonitorSpeechStart	<prosody rate="1.0">I am quite certain <mark name="action"/></prosody>	1024
2024-05-27 22:29:30	ActionGesture	BrowRaise
2024-05-27 22:29:31	ActionGesture	EyesOpenBrowUpNod
2024-05-27 22:29:33	MonitorSpeechStart	<prosody rate="1.0">Look at me <mark name="action"/></prosody>	571
2024-05-27 22:29:33	ActionGesture	BrowRaise
2024-05-27 22:29:33	ActionGesture	EyesOpenBrowUpNod
2024-05-27 22:29:35	MonitorSpeechStart	<prosody rate="1.0">I'm determined</prosody>	787
2024-05-27 22:29:35	ActionGesture	BrowRaise
2024-05-27 22:29:37	ActionGesture	Smile
2024-05-27 22:29:42	SenseSpeech	yes	5670
2024-05-27 22:29:43	MonitorSpeechStart	<prosody rate="1.0">I am quite certain <mark name="action"/></prosody>	1024
2024-05-27 22:29:43	ActionGesture	BrowRaise
2024-05-27 22:29:44	ActionGesture	EyesOpenBrowUpNod
2024-05-27 22:29:45	MonitorSpeechStart	<prosody rate="1.0">Look at me <mark name="action"/></prosody>	571
2024-05-27 22:29:45	ActionGesture	BrowRaise
2024-05-27 22:29:45	ActionGesture	EyesOpenBrowUpNod
2024-05-27 22:29:46	MonitorSpeechStart	<prosody rate="1.0">I'm determined</prosody>	787
2024-05-27 22:29:47	ActionGesture	BrowRaise
2024-05-27 22:29:48	ActionGesture	Smile
2024-05-27 22:30:36	Autoreload is disabled because the development mode is off.
2024-05-27 22:30:36	Application started in 0.591 seconds.
2024-05-27 22:30:37	Responding at http://127.0.0.1:8888
2024-05-27 22:30:40	----------------- NEW EXECUTION-------------------
2024-05-27 22:30:41	FlowEvent	NEW_FLOW_STATE	Testing	0.0		UNDEFINED	Testing
2024-05-27 22:30:41	MonitorSpeechStart	Mm now I will wobble with NO <mark name="action"/>	1621
2024-05-27 22:30:42	ActionGesture	BrowRaise
2024-05-27 22:30:42	ActionGesture	BrowRaise
2024-05-27 22:30:43	ActionGesture	SubtleWobbleNo
2024-05-27 22:30:44	MonitorSpeechStart	um before continuing	1228
2024-05-27 22:30:45	ActionGesture	BrowRaise
2024-05-27 22:30:46	MonitorSpeechStart	Now I will wobble with YES <mark name="action"/>	1443
2024-05-27 22:30:46	ActionGesture	BrowRaise
2024-05-27 22:30:47	ActionGesture	BrowRaise
2024-05-27 22:30:48	ActionGesture	SubtleWobbleYes
2024-05-27 22:30:49	MonitorSpeechStart	and finish	629
2024-05-27 22:30:52	ActionGesture	Smile
2024-05-27 22:30:53	SenseSpeech	yes	1004
2024-05-27 22:30:54	MonitorSpeechStart	<prosody rate="1.0">I am quite certain <mark name="action"/></prosody>	1024
2024-05-27 22:30:54	ActionGesture	BrowRaise
2024-05-27 22:30:55	ActionGesture	EyesOpenBrowUpNod
2024-05-27 22:30:56	MonitorSpeechStart	<prosody rate="1.0">Look at me <mark name="action"/></prosody>	571
2024-05-27 22:30:56	ActionGesture	BrowRaise
2024-05-27 22:30:56	ActionGesture	EyesOpenBrowUpNod
2024-05-27 22:30:58	MonitorSpeechStart	<prosody rate="1.0">I'm determined</prosody>	787
2024-05-27 22:30:58	ActionGesture	BrowRaise
2024-05-27 22:31:00	ActionGesture	Smile
2024-05-27 22:31:40	Autoreload is disabled because the development mode is off.
2024-05-27 22:31:41	Application started in 0.592 seconds.
2024-05-27 22:31:41	Responding at http://127.0.0.1:8888
2024-05-27 22:31:44	----------------- NEW EXECUTION-------------------
2024-05-27 22:31:45	FlowEvent	NEW_FLOW_STATE	Testing	0.0		UNDEFINED	Testing
2024-05-27 22:31:45	MonitorSpeechStart	Mm now I will wobble with NO <mark name="action"/>	1621
2024-05-27 22:31:46	ActionGesture	BrowRaise
2024-05-27 22:31:46	ActionGesture	BrowRaise
2024-05-27 22:31:47	ActionGesture	SubtleWobbleNo
2024-05-27 22:31:49	MonitorSpeechStart	um before continuing	1228
2024-05-27 22:31:49	ActionGesture	BrowRaise
2024-05-27 22:31:50	MonitorSpeechStart	Now I will wobble with YES <mark name="action"/>	1443
2024-05-27 22:31:50	ActionGesture	BrowRaise
2024-05-27 22:31:51	ActionGesture	BrowRaise
2024-05-27 22:31:52	ActionGesture	SubtleWobbleYes
2024-05-27 22:31:53	MonitorSpeechStart	and finish	629
2024-05-27 22:31:57	ActionGesture	Smile
2024-05-27 22:31:58	SenseSpeech	yes	800
2024-05-27 22:31:58	MonitorSpeechStart	<prosody rate="1.0">I am quite certain <mark name="action"/></prosody>	1024
2024-05-27 22:31:59	ActionGesture	BrowRaise
2024-05-27 22:31:59	ActionGesture	EyesOpenBrowUpNod
2024-05-27 22:32:00	MonitorSpeechStart	<prosody rate="1.0">Look at me <mark name="action"/></prosody>	571
2024-05-27 22:32:00	ActionGesture	BrowRaise
2024-05-27 22:32:01	ActionGesture	EyesOpenBrowUpNod
2024-05-27 22:32:02	MonitorSpeechStart	<prosody rate="1.0">I'm determined</prosody>	787
2024-05-27 22:32:02	ActionGesture	BrowRaise
2024-05-27 22:33:24	Autoreload is disabled because the development mode is off.
2024-05-27 22:33:24	Application started in 0.599 seconds.
2024-05-27 22:33:24	Responding at http://127.0.0.1:8888
2024-05-27 22:33:27	----------------- NEW EXECUTION-------------------
2024-05-27 22:33:28	FlowEvent	NEW_FLOW_STATE	Testing	0.0		UNDEFINED	Testing
2024-05-27 22:33:29	MonitorSpeechStart	<prosody rate="1.0">I am quite certain <mark name="action"/></prosody>	1024
2024-05-27 22:33:30	ActionGesture	BrowRaise
2024-05-27 22:33:30	ActionGesture	EyesOpenBrowUpNod
2024-05-27 22:33:31	MonitorSpeechStart	<prosody rate="1.0">Look at me <mark name="action"/></prosody>	571
2024-05-27 22:33:31	ActionGesture	BrowRaise
2024-05-27 22:33:32	ActionGesture	EyesOpenBrowUpNod
2024-05-27 22:33:32	MonitorSpeechStart	<prosody rate="1.0">I'm determined</prosody>	787
2024-05-27 22:33:33	ActionGesture	BrowRaise
2024-05-27 22:33:41	MonitorSpeechStart	<prosody rate="1.0">Mm now I will wobble with NO <mark name="action"/></prosody>	1621
2024-05-27 22:33:41	ActionGesture	BrowRaise
2024-05-27 22:33:42	ActionGesture	BrowRaise
2024-05-27 22:33:43	ActionGesture	SubtleWobbleNo
2024-05-27 22:33:45	MonitorSpeechStart	<prosody rate="1.0">um before continuing</prosody>	1228
2024-05-27 22:33:45	ActionGesture	BrowRaise
2024-05-27 22:33:47	MonitorSpeechStart	<prosody rate="1.0">Now I will wobble with YES <mark name="action"/></prosody>	1443
2024-05-27 22:33:47	ActionGesture	BrowRaise
2024-05-27 22:33:48	ActionGesture	BrowRaise
2024-05-27 22:33:48	ActionGesture	SubtleWobbleYes
2024-05-27 22:33:50	MonitorSpeechStart	<prosody rate="1.0">and finish</prosody>	629
2024-05-27 22:33:57	MonitorSpeechStart	<prosody rate="1.0">Mm now I will wobble with NO <mark name="action"/></prosody>	1621
2024-05-27 22:33:57	ActionGesture	BrowRaise
2024-05-27 22:33:57	ActionGesture	SubtleWobbleNo
2024-05-27 22:33:57	MonitorSpeechStart	<prosody rate="1.0">Mm now I will wobble with NO <mark name="action"/></prosody>	1621
2024-05-27 22:33:58	ActionGesture	BrowRaise
2024-05-27 22:33:58	ActionGesture	BrowRaise
2024-05-27 22:34:00	MonitorSpeechStart	<prosody rate="1.0">um before continuing</prosody>	1228
2024-05-27 22:34:01	ActionGesture	BrowRaise
2024-05-27 22:34:02	MonitorSpeechStart	<prosody rate="1.0">Now I will wobble with YES <mark name="action"/></prosody>	1443
2024-05-27 22:34:02	ActionGesture	BrowRaise
2024-05-27 22:34:03	ActionGesture	BrowRaise
2024-05-27 22:34:04	ActionGesture	SubtleWobbleYes
2024-05-27 22:34:05	MonitorSpeechStart	<prosody rate="1.0">and finish</prosody>	629
2024-05-27 22:34:11	MonitorSpeechStart	<prosody rate="1.0">Mm now I will wobble with NO <mark name="action"/></prosody>	1621
2024-05-27 22:34:12	ActionGesture	BrowRaise
2024-05-27 22:34:12	ActionGesture	BrowRaise
2024-05-27 22:34:13	ActionGesture	SubtleWobbleNo
2024-05-27 22:34:14	MonitorSpeechStart	<prosody rate="1.0">um before continuing</prosody>	1228
2024-05-27 22:34:15	ActionGesture	BrowRaise
2024-05-27 22:34:16	MonitorSpeechStart	<prosody rate="1.0">Now I will wobble with YES <mark name="action"/></prosody>	1443
2024-05-27 22:34:16	ActionGesture	BrowRaise
2024-05-27 22:34:17	ActionGesture	BrowRaise
2024-05-27 22:34:18	ActionGesture	SubtleWobbleYes
2024-05-27 22:34:19	MonitorSpeechStart	<prosody rate="1.0">and finish</prosody>	629
2024-05-27 22:34:24	ActionGesture	Smile
2024-05-27 22:34:25	SenseSpeech	yes	1097
2024-05-27 22:34:26	MonitorSpeechStart	<prosody rate="1.0">I am quite certain <mark name="action"/></prosody>	1024
2024-05-27 22:34:26	ActionGesture	BrowRaise
2024-05-27 22:34:27	ActionGesture	EyesOpenBrowUpNod
2024-05-27 22:34:28	MonitorSpeechStart	<prosody rate="1.0">Look at me <mark name="action"/></prosody>	571
2024-05-27 22:34:28	ActionGesture	BrowRaise
2024-05-27 22:34:28	ActionGesture	EyesOpenBrowUpNod
2024-05-27 22:34:29	MonitorSpeechStart	<prosody rate="1.0">I'm determined</prosody>	787
2024-05-27 22:34:30	ActionGesture	BrowRaise
2024-05-27 22:34:31	ActionGesture	Smile
2024-05-27 22:34:47	ActionGesture	Smile
2024-05-27 22:35:04	ActionGesture	Smile
2024-05-27 22:35:20	ActionGesture	Smile
2024-05-27 22:35:36	Autoreload is disabled because the development mode is off.
2024-05-27 22:35:37	Application started in 0.59 seconds.
2024-05-27 22:35:37	Responding at http://127.0.0.1:8888
2024-05-27 22:35:43	----------------- NEW EXECUTION-------------------
2024-05-27 22:35:44	FlowEvent	NEW_FLOW_STATE	Testing	0.0		UNDEFINED	Testing
2024-05-27 22:35:45	MonitorSpeechStart	<prosody rate="1.0">I am quite certain <mark name="action"/></prosody>	1024
2024-05-27 22:35:46	ActionGesture	BrowRaise
2024-05-27 22:35:46	ActionGesture	EyesOpenBrowUpNod
2024-05-27 22:35:47	MonitorSpeechStart	<prosody rate="1.0">Look at me <mark name="action"/></prosody>	571
2024-05-27 22:35:47	ActionGesture	BrowRaise
2024-05-27 22:35:48	ActionGesture	EyesOpenBrowUpNod
2024-05-27 22:35:49	MonitorSpeechStart	<prosody rate="1.0">I'm determined</prosody>	787
2024-05-27 22:35:49	ActionGesture	BrowRaise
2024-05-27 22:35:51	ActionGesture	Smile
2024-05-27 22:36:05	Autoreload is disabled because the development mode is off.
2024-05-27 22:36:06	Application started in 0.6 seconds.
2024-05-27 22:36:06	Responding at http://127.0.0.1:8888
2024-05-27 22:36:09	----------------- NEW EXECUTION-------------------
2024-05-27 22:36:09	FlowEvent	NEW_FLOW_STATE	Testing	0.0		UNDEFINED	Testing
2024-05-27 22:36:10	MonitorSpeechStart	<prosody rate="1.0">I am quite certain <mark name="action"/></prosody>	1024
2024-05-27 22:36:11	ActionGesture	BrowRaise
2024-05-27 22:36:11	ActionGesture	EyesOpenBrowUpNod
2024-05-27 22:36:12	MonitorSpeechStart	<prosody rate="1.0">Look at me <mark name="action"/></prosody>	571
2024-05-27 22:36:12	ActionGesture	BrowRaise
2024-05-27 22:36:13	ActionGesture	EyesOpenBrowUpNod
2024-05-27 22:36:13	MonitorSpeechStart	<prosody rate="1.0">I'm determined</prosody>	787
2024-05-27 22:36:14	ActionGesture	BrowRaise
2024-05-27 22:36:15	ActionGesture	Smile
2024-05-27 22:36:26	Autoreload is disabled because the development mode is off.
2024-05-27 22:36:27	Application started in 0.589 seconds.
2024-05-27 22:36:27	Responding at http://127.0.0.1:8888
2024-05-27 22:36:30	----------------- NEW EXECUTION-------------------
2024-05-27 22:36:32	FlowEvent	NEW_FLOW_STATE	Testing	0.0		UNDEFINED	Testing
2024-05-27 22:36:32	MonitorSpeechStart	<prosody rate="1.0">I am quite certain <mark name="action"/></prosody>	1024
2024-05-27 22:36:33	ActionGesture	BrowRaise
2024-05-27 22:36:33	ActionGesture	EyesOpenBrowUpNod
2024-05-27 22:36:34	MonitorSpeechStart	<prosody rate="1.0">Look at me <mark name="action"/></prosody>	571
2024-05-27 22:36:35	ActionGesture	BrowRaise
2024-05-27 22:36:35	ActionGesture	EyesOpenBrowUpNod
2024-05-27 22:36:37	MonitorSpeechStart	<prosody rate="1.0">I'm determined</prosody>	787
2024-05-27 22:36:37	ActionGesture	BrowRaise
2024-05-27 22:36:39	ActionGesture	Smile
2024-05-27 22:36:50	Autoreload is disabled because the development mode is off.
2024-05-27 22:36:50	Application started in 0.592 seconds.
2024-05-27 22:36:50	Responding at http://127.0.0.1:8888
2024-05-27 22:36:55	----------------- NEW EXECUTION-------------------
2024-05-27 22:36:56	FlowEvent	NEW_FLOW_STATE	Testing	0.0		UNDEFINED	Testing
2024-05-27 22:36:56	MonitorSpeechStart	<prosody rate="1.0">I am quite certain <mark name="action"/></prosody>	1024
2024-05-27 22:36:57	ActionGesture	BrowRaise
2024-05-27 22:36:57	ActionGesture	EyesOpenBrowUpNod
2024-05-27 22:36:58	MonitorSpeechStart	<prosody rate="1.0">Look at me <mark name="action"/></prosody>	571
2024-05-27 22:36:58	ActionGesture	BrowRaise
2024-05-27 22:36:59	ActionGesture	EyesOpenBrowUpNod
2024-05-27 22:37:00	MonitorSpeechStart	<prosody rate="1.0">I'm determined</prosody>	787
2024-05-27 22:37:00	ActionGesture	BrowRaise
2024-05-27 22:37:09	Autoreload is disabled because the development mode is off.
2024-05-27 22:37:10	Application started in 0.589 seconds.
2024-05-27 22:37:10	Responding at http://127.0.0.1:8888
2024-05-27 22:37:13	----------------- NEW EXECUTION-------------------
2024-05-27 22:37:16	FlowEvent	NEW_FLOW_STATE	Testing	0.0		UNDEFINED	Testing
2024-05-27 22:37:18	MonitorSpeechStart	<prosody rate="1.0">I am quite certain <mark name="action"/></prosody>	1024
2024-05-27 22:37:18	ActionGesture	BrowRaise
2024-05-27 22:37:18	ActionGesture	EyesOpenBrowUpNod
2024-05-27 22:37:19	MonitorSpeechStart	<prosody rate="1.0">Look at me <mark name="action"/></prosody>	571
2024-05-27 22:37:19	ActionGesture	BrowRaise
2024-05-27 22:37:20	ActionGesture	EyesOpenBrowUpNod
2024-05-27 22:37:20	MonitorSpeechStart	<prosody rate="1.0">I'm determined</prosody>	787
2024-05-27 22:37:21	ActionGesture	BrowRaise
2024-05-27 22:37:23	ActionGesture	Smile
2024-05-27 22:37:30	Autoreload is disabled because the development mode is off.
2024-05-27 22:37:31	Application started in 0.602 seconds.
2024-05-27 22:37:31	Responding at http://127.0.0.1:8888
2024-05-27 22:37:36	----------------- NEW EXECUTION-------------------
2024-05-27 22:37:36	FlowEvent	NEW_FLOW_STATE	Testing	0.0		UNDEFINED	Testing
2024-05-27 22:37:37	MonitorSpeechStart	<prosody rate="1.0">I am quite certain <mark name="action"/></prosody>	1024
2024-05-27 22:37:38	ActionGesture	BrowRaise
2024-05-27 22:37:38	ActionGesture	EyesOpenBrowUpNod
2024-05-27 22:37:39	MonitorSpeechStart	<prosody rate="1.0">Look at me <mark name="action"/></prosody>	571
2024-05-27 22:37:39	ActionGesture	BrowRaise
2024-05-27 22:37:40	ActionGesture	EyesOpenBrowUpNod
2024-05-27 22:37:41	MonitorSpeechStart	<prosody rate="1.0">I'm determined</prosody>	787
2024-05-27 22:37:41	ActionGesture	BrowRaise
2024-05-27 22:37:43	ActionGesture	Smile
2024-05-27 22:37:51	SenseSpeech	yes	8869
2024-05-27 22:37:52	MonitorSpeechStart	<prosody rate="1.0">I am quite certain <mark name="action"/></prosody>	1024
2024-05-27 22:37:53	ActionGesture	BrowRaise
2024-05-27 22:37:54	ActionGesture	EyesOpenBrowUpNod
2024-05-27 22:37:55	MonitorSpeechStart	<prosody rate="1.0">Look at me <mark name="action"/></prosody>	571
2024-05-27 22:37:55	ActionGesture	BrowRaise
2024-05-27 22:37:55	ActionGesture	EyesOpenBrowUpNod
2024-05-27 22:37:56	MonitorSpeechStart	<prosody rate="1.0">I'm determined</prosody>	787
2024-05-27 22:37:56	ActionGesture	BrowRaise
2024-05-27 22:37:58	ActionGesture	Smile
2024-05-27 22:38:28	Autoreload is disabled because the development mode is off.
2024-05-27 22:38:28	Application started in 0.595 seconds.
2024-05-27 22:38:29	Responding at http://127.0.0.1:8888
2024-05-27 22:38:32	----------------- NEW EXECUTION-------------------
2024-05-27 22:38:33	FlowEvent	NEW_FLOW_STATE	Testing	0.0		UNDEFINED	Testing
2024-05-27 22:38:33	MonitorSpeechStart	<prosody rate="1.0">I am quite certain <mark name="action"/></prosody>	1024
2024-05-27 22:38:34	ActionGesture	BrowRaise
2024-05-27 22:38:34	ActionGesture	EyesOpenBrowUpNod
2024-05-27 22:38:35	MonitorSpeechStart	<prosody rate="1.0">Look at me <mark name="action"/></prosody>	571
2024-05-27 22:38:35	ActionGesture	BrowRaise
2024-05-27 22:38:36	ActionGesture	EyesOpenBrowUpNod
2024-05-27 22:38:37	MonitorSpeechStart	<prosody rate="1.0">I'm determined</prosody>	787
2024-05-27 22:38:37	ActionGesture	BrowRaise
2024-05-27 22:38:39	ActionGesture	Smile
2024-05-27 22:38:41	SenseSpeech	yes	2682
2024-05-27 22:38:42	MonitorSpeechStart	<prosody rate="1.0">I am quite certain <mark name="action"/></prosody>	1024
2024-05-27 22:38:43	ActionGesture	BrowRaise
2024-05-27 22:38:43	ActionGesture	EyesOpenBrowUpNod
2024-05-27 22:38:44	MonitorSpeechStart	<prosody rate="1.0">Look at me <mark name="action"/></prosody>	571
2024-05-27 22:38:44	ActionGesture	BrowRaise
2024-05-27 22:38:45	ActionGesture	EyesOpenBrowUpNod
2024-05-27 22:38:45	MonitorSpeechStart	<prosody rate="1.0">I'm determined</prosody>	787
2024-05-27 22:38:46	ActionGesture	BrowRaise
2024-05-27 22:38:47	ActionGesture	Smile
2024-05-27 22:39:04	ActionGesture	Smile
2024-05-27 22:39:10	SenseSpeech	no	6416
2024-05-27 22:39:12	MonitorSpeechStart	<prosody rate="1.0">I am bit <mark name="action"/></prosody>	518
2024-05-27 22:39:12	ActionGesture	BrowRaise
2024-05-27 22:39:12	ActionGesture	PauseUncertain
2024-05-27 22:39:14	MonitorSpeechStart	<prosody rate="1.0">uncertain. You see? <mark name="action"/></prosody>	1675
2024-05-27 22:39:14	ActionGesture	BrowRaise
2024-05-27 22:39:15	ActionGesture	PauseUncertain
2024-05-27 22:39:17	MonitorSpeechStart	<prosody rate="1.0">Not much I can do</prosody>	1157
2024-05-27 22:39:17	ActionGesture	BrowRaise
2024-05-27 22:39:20	ActionGesture	Smile
2024-05-27 22:39:24	SenseSpeech	the answer is right	4644
2024-05-27 22:39:25	MonitorSpeechStart	<prosody rate="1.0">You said something in about 4644 milliseconds.</prosody>	3717
2024-05-27 22:39:26	ActionGesture	BrowRaise
2024-05-27 22:39:27	ActionGesture	BrowRaise
2024-05-27 22:39:29	ActionGesture	BrowRaise
2024-05-27 22:39:30	ActionGesture	Smile
2024-05-27 22:39:33	SenseSpeech	the answer is true	2303
2024-05-27 22:39:34	MonitorSpeechStart	<prosody rate="1.0">You said it is true</prosody>	992
2024-05-27 22:39:34	ActionGesture	BrowRaise
2024-05-27 22:39:36	ActionGesture	SubtleNod
2024-05-27 22:39:38	MonitorSpeechStart	<prosody rate="1.0">That's your choice</prosody>	891
2024-05-27 22:39:38	ActionGesture	BrowRaise
2024-05-27 22:39:40	ActionGesture	Smile
2024-05-27 22:39:54	SenseSpeech	the answer is false	13974
2024-05-27 22:39:54	ActionGesture	SubtleShake
2024-05-27 22:39:55	MonitorSpeechStart	<prosody rate="1.0">You said it is false</prosody>	1122
2024-05-27 22:39:56	ActionGesture	BrowRaise
2024-05-27 22:39:57	ActionGesture	SubtleShake
2024-05-27 22:39:58	MonitorSpeechStart	<prosody rate="1.0">That's your choice</prosody>	891
2024-05-27 22:39:59	ActionGesture	BrowRaise
2024-05-27 22:40:01	ActionGesture	Smile
2024-05-27 22:40:17	ActionGesture	Smile
2024-05-27 22:40:33	ActionGesture	Smile
2024-05-27 22:40:50	ActionGesture	Smile
2024-05-27 22:41:01	Autoreload is disabled because the development mode is off.
2024-05-27 22:41:01	Application started in 0.623 seconds.
2024-05-27 22:41:02	Responding at http://127.0.0.1:8888
2024-05-27 22:41:05	----------------- NEW EXECUTION-------------------
2024-05-27 22:41:06	FlowEvent	NEW_FLOW_STATE	Testing	0.0		UNDEFINED	Testing
2024-05-27 22:41:06	MonitorSpeechStart	<prosody rate="1.0">I am quite certain <mark name="action"/></prosody>	1024
2024-05-27 22:41:07	ActionGesture	BrowRaise
2024-05-27 22:41:07	ActionGesture	EyesOpenBrowUpNod
2024-05-27 22:41:08	MonitorSpeechStart	<prosody rate="1.0">Look at me <mark name="action"/></prosody>	571
2024-05-27 22:41:08	ActionGesture	BrowRaise
2024-05-27 22:41:09	ActionGesture	EyesOpenBrowUpNod
2024-05-27 22:41:10	MonitorSpeechStart	<prosody rate="1.0">I'm determined</prosody>	787
2024-05-27 22:41:10	ActionGesture	BrowRaise
2024-05-27 22:41:12	ActionGesture	Smile
2024-05-27 22:41:20	SenseSpeech	the answer is true	7791
2024-05-27 22:41:21	MonitorSpeechStart	<prosody rate="1.0">You said it is true</prosody>	992
2024-05-27 22:41:21	ActionGesture	BrowRaise
2024-05-27 22:41:23	ActionGesture	SubtleNod
2024-05-27 22:41:24	MonitorSpeechStart	<prosody rate="1.0">That's your choice</prosody>	891
2024-05-27 22:41:24	ActionGesture	BrowRaise
2024-05-27 22:41:26	ActionGesture	Smile
2024-05-27 22:41:29	SenseSpeech	the answer is no	2595
2024-05-27 22:41:29	MonitorSpeechStart	<prosody rate="1.0">I am bit <mark name="action"/></prosody>	518
2024-05-27 22:41:29	ActionGesture	BrowRaise
2024-05-27 22:41:30	ActionGesture	PauseUncertain
2024-05-27 22:41:31	MonitorSpeechStart	<prosody rate="1.0">uncertain. You see? <mark name="action"/></prosody>	1675
2024-05-27 22:41:31	ActionGesture	BrowRaise
2024-05-27 22:41:32	ActionGesture	PauseUncertain
2024-05-27 22:41:33	MonitorSpeechStart	<prosody rate="1.0">Not much I can do</prosody>	1157
2024-05-27 22:41:34	ActionGesture	BrowRaise
2024-05-27 22:41:36	ActionGesture	Smile
2024-05-27 22:41:38	SenseSpeech	the answer	2675
2024-05-27 22:41:38	ActionGesture	doubleNod
2024-05-27 22:41:40	MonitorSpeechStart	<prosody rate="1.0">doubleNod</prosody>	634
2024-05-27 22:41:40	ActionGesture	BrowRaise
2024-05-27 22:41:42	ActionGesture	Smile
2024-05-27 22:41:45	SenseSpeech	the answer is false	3290
2024-05-27 22:41:45	ActionGesture	SubtleShake
2024-05-27 22:41:46	MonitorSpeechStart	<prosody rate="1.0">You said it is false</prosody>	1122
2024-05-27 22:41:46	ActionGesture	BrowRaise
2024-05-27 22:41:47	ActionGesture	SubtleShake
2024-05-27 22:41:49	MonitorSpeechStart	<prosody rate="1.0">That's your choice</prosody>	891
2024-05-27 22:41:50	ActionGesture	BrowRaise
2024-05-27 22:41:54	ActionGesture	Smile
2024-05-27 22:41:58	SenseSpeech	the answer is false	4990
2024-05-27 22:41:58	ActionGesture	SubtleShake
2024-05-27 22:41:58	MonitorSpeechStart	<prosody rate="1.0">You said it is false</prosody>	1122
2024-05-27 22:41:59	ActionGesture	BrowRaise
2024-05-27 22:42:00	ActionGesture	SubtleShake
2024-05-27 22:42:02	MonitorSpeechStart	<prosody rate="1.0">That's your choice</prosody>	891
2024-05-27 22:42:02	ActionGesture	BrowRaise
2024-05-27 22:42:04	ActionGesture	Smile
2024-05-27 22:43:13	Autoreload is disabled because the development mode is off.
2024-05-27 22:43:13	Application started in 0.593 seconds.
2024-05-27 22:43:14	Responding at http://127.0.0.1:8888
2024-05-27 22:43:17	----------------- NEW EXECUTION-------------------
2024-05-27 22:43:17	FlowEvent	NEW_FLOW_STATE	Testing	0.0		UNDEFINED	Testing
2024-05-27 22:43:19	MonitorSpeechStart	<prosody rate="1.0">Um,</prosody>	469
2024-05-27 22:43:21	MonitorSpeechStart	<prosody rate="1.0">Um, I am quite certain <mark name="action"/></prosody>	1674
2024-05-27 22:43:21	ActionGesture	BrowRaise
2024-05-27 22:43:23	ActionGesture	BrowRaise
2024-05-27 22:43:23	ActionGesture	EyesOpenBrowUpNod
2024-05-27 22:43:24	MonitorSpeechStart	<prosody rate="1.0">Look at me <mark name="action"/></prosody>	571
2024-05-27 22:43:24	ActionGesture	BrowRaise
2024-05-27 22:43:24	ActionGesture	EyesOpenBrowUpNod
2024-05-27 22:43:25	MonitorSpeechStart	<prosody rate="1.0">I'm determined</prosody>	787
2024-05-27 22:43:45	Autoreload is disabled because the development mode is off.
2024-05-27 22:43:45	Application started in 0.601 seconds.
2024-05-27 22:43:45	Responding at http://127.0.0.1:8888
2024-05-27 22:43:48	----------------- NEW EXECUTION-------------------
2024-05-27 22:43:49	FlowEvent	NEW_FLOW_STATE	Testing	0.0		UNDEFINED	Testing
2024-05-27 22:43:50	MonitorSpeechStart	<prosody rate="1.0">Um,</prosody>	469
2024-05-27 22:43:52	MonitorSpeechStart	<prosody rate="1.0">mm, I am quite certain <mark name="action"/></prosody>	1404
2024-05-27 22:43:53	ActionGesture	BrowRaise
2024-05-27 22:43:54	ActionGesture	EyesOpenBrowUpNod
2024-05-27 22:43:55	MonitorSpeechStart	<prosody rate="1.0">Look at me <mark name="action"/></prosody>	571
2024-05-27 22:43:55	ActionGesture	BrowRaise
2024-05-27 22:43:55	ActionGesture	EyesOpenBrowUpNod
2024-05-27 22:45:41	Autoreload is disabled because the development mode is off.
2024-05-27 22:45:41	Application started in 0.865 seconds.
2024-05-27 22:45:42	Responding at http://127.0.0.1:8888
2024-05-27 22:45:45	----------------- NEW EXECUTION-------------------
2024-05-27 22:45:46	FlowEvent	NEW_FLOW_STATE	Testing	0.0		UNDEFINED	Testing
2024-05-27 22:45:48	MonitorSpeechStart	<prosody rate="1.0">Umh,</prosody>	443
2024-05-27 22:45:49	MonitorSpeechStart	<prosody rate="1.0">mm, I am quite certain <mark name="action"/></prosody>	1404
2024-05-27 22:45:50	ActionGesture	BrowRaise
2024-05-27 22:45:51	ActionGesture	EyesOpenBrowUpNod
2024-05-27 22:45:51	MonitorSpeechStart	<prosody rate="1.0">Look at me <mark name="action"/></prosody>	571
2024-05-27 22:45:52	ActionGesture	BrowRaise
2024-05-27 22:45:52	ActionGesture	EyesOpenBrowUpNod
2024-05-27 22:45:53	MonitorSpeechStart	<prosody rate="1.0">I'm determined</prosody>	787
2024-05-27 22:45:54	ActionGesture	BrowRaise
2024-05-27 22:45:55	ActionGesture	Smile
2024-05-27 22:45:58	SenseSpeech	yes	2721
2024-05-27 22:45:59	MonitorSpeechStart	<prosody rate="1.0">Umh,</prosody>	443
2024-05-27 22:46:00	MonitorSpeechStart	<prosody rate="1.0">mm, I am quite certain <mark name="action"/></prosody>	1404
2024-05-27 22:46:01	ActionGesture	BrowRaise
2024-05-27 22:46:02	ActionGesture	EyesOpenBrowUpNod
2024-05-27 22:46:02	MonitorSpeechStart	<prosody rate="1.0">Look at me <mark name="action"/></prosody>	571
2024-05-27 22:46:03	ActionGesture	BrowRaise
2024-05-27 22:46:03	ActionGesture	EyesOpenBrowUpNod
2024-05-27 22:46:04	MonitorSpeechStart	<prosody rate="1.0">I'm determined</prosody>	787
2024-05-27 22:46:04	ActionGesture	BrowRaise
2024-05-27 22:46:06	ActionGesture	Smile
2024-05-27 22:46:11	SenseSpeech	yes	4856
2024-05-27 22:46:12	MonitorSpeechStart	<prosody rate="1.0">Umh,</prosody>	443
2024-05-27 22:46:14	MonitorSpeechStart	<prosody rate="1.0">mm, I am quite certain <mark name="action"/></prosody>	1404
2024-05-27 22:46:15	ActionGesture	BrowRaise
2024-05-27 22:46:15	ActionGesture	EyesOpenBrowUpNod
2024-05-27 22:46:16	MonitorSpeechStart	<prosody rate="1.0">Look at me <mark name="action"/></prosody>	571
2024-05-27 22:46:16	ActionGesture	BrowRaise
2024-05-27 22:46:17	ActionGesture	EyesOpenBrowUpNod
2024-05-27 22:46:17	MonitorSpeechStart	<prosody rate="1.0">I'm determined</prosody>	787
2024-05-27 22:46:18	ActionGesture	BrowRaise
2024-05-27 22:46:27	Autoreload is disabled because the development mode is off.
2024-05-27 22:46:28	Application started in 0.625 seconds.
2024-05-27 22:46:28	Responding at http://127.0.0.1:8888
2024-05-27 22:46:31	----------------- NEW EXECUTION-------------------
2024-05-27 22:46:32	FlowEvent	NEW_FLOW_STATE	Testing	0.0		UNDEFINED	Testing
2024-05-27 22:46:32	MonitorSpeechStart	<prosody rate="1.0">Umh,</prosody>	443
2024-05-27 22:46:34	MonitorSpeechStart	<prosody rate="1.0">Um, I am quite certain <mark name="action"/></prosody>	1674
2024-05-27 22:46:34	ActionGesture	BrowRaise
2024-05-27 22:46:35	ActionGesture	BrowRaise
2024-05-27 22:46:36	ActionGesture	EyesOpenBrowUpNod
2024-05-27 22:46:37	MonitorSpeechStart	<prosody rate="1.0">Look at me <mark name="action"/></prosody>	571
2024-05-27 22:46:37	ActionGesture	BrowRaise
2024-05-27 22:46:37	ActionGesture	EyesOpenBrowUpNod
2024-05-27 22:46:38	MonitorSpeechStart	<prosody rate="1.0">I'm determined</prosody>	787
2024-05-27 22:46:38	ActionGesture	BrowRaise
2024-05-27 22:46:40	ActionGesture	Smile
2024-05-27 22:46:56	ActionGesture	Smile
2024-05-27 22:47:13	ActionGesture	Smile
2024-05-27 22:47:29	ActionGesture	Smile
2024-05-27 22:47:45	ActionGesture	Smile
2024-05-27 22:48:02	ActionGesture	Smile
2024-05-27 22:48:19	ActionGesture	Smile
2024-05-27 22:48:35	ActionGesture	Smile
2024-05-27 22:48:52	ActionGesture	Smile
2024-05-27 22:49:08	ActionGesture	Smile
2024-05-27 22:49:24	ActionGesture	Smile
2024-05-27 22:49:41	ActionGesture	Smile
2024-05-27 22:49:58	ActionGesture	Smile
2024-05-27 22:50:34	ActionGesture	Smile
2024-05-27 22:50:51	ActionGesture	Smile
2024-05-27 22:51:08	ActionGesture	Smile
2024-05-27 22:51:24	ActionGesture	Smile
2024-05-27 22:51:40	ActionGesture	Smile
2024-05-27 22:51:56	ActionGesture	Smile
2024-05-27 22:52:13	ActionGesture	Smile
2024-05-27 22:52:29	ActionGesture	Smile
2024-05-27 22:52:45	ActionGesture	Smile
2024-05-27 22:53:02	ActionGesture	Smile
2024-05-27 22:53:18	ActionGesture	Smile
2024-05-27 22:53:35	ActionGesture	Smile
2024-05-27 22:53:51	ActionGesture	Smile
2024-05-27 22:54:07	ActionGesture	Smile
2024-05-27 22:54:24	ActionGesture	Smile
2024-05-27 22:54:40	ActionGesture	Smile
2024-05-27 22:54:56	ActionGesture	Smile
2024-05-27 22:55:22	Autoreload is disabled because the development mode is off.
2024-05-27 22:55:22	Application started in 0.687 seconds.
2024-05-27 22:55:23	Responding at http://127.0.0.1:8888
2024-05-27 22:55:26	----------------- NEW EXECUTION-------------------
2024-05-27 22:55:26	FlowEvent	NEW_FLOW_STATE	Testing	0.0		UNDEFINED	Testing
2024-05-27 22:55:27	MonitorSpeechStart	<prosody rate="1.0">Umh,</prosody>	443
2024-05-27 22:55:28	MonitorSpeechStart	<prosody rate="1.0">Um, I am quite certain <mark name="action"/></prosody>	1674
2024-05-27 22:55:28	ActionGesture	BrowRaise
2024-05-27 22:55:30	ActionGesture	BrowRaise
2024-05-27 22:56:33	Autoreload is disabled because the development mode is off.
2024-05-27 22:56:33	Application started in 0.594 seconds.
2024-05-27 22:56:34	Responding at http://127.0.0.1:8888
2024-05-27 22:56:37	----------------- NEW EXECUTION-------------------
2024-05-27 22:56:38	FlowEvent	NEW_FLOW_STATE	Sleep	0.0		UNDEFINED	Sleep
2024-05-27 22:56:38	ActionGesture	CloseEyes
2024-05-27 22:56:38	ActionGesture	CloseEyes
2024-05-27 22:56:58	GUIEvent	GUI_RELOADED	GUI_RELOADED [ACCEPTED]	0.0	UNDEFINED	UNDEFINED	Sleep
2024-05-27 22:57:00	GUIEvent	NEW_STAGE_REQUESTED	STAGE[0.2] [27] REQUESTED .. [ACCEPTED]	0.0	UNDEFINED	UNDEFINED	Sleep
2024-05-27 22:57:00	SessionEvent	USER_SET	USER TO ACTIVATE.	0.2	27	UNDEFINED	Sleep
2024-05-27 22:57:00	FlowEvent	NEW_FLOW_STATE	Welcome	0.2		CONDITION2	Welcome
2024-05-27 22:57:00	ActionGesture	OpenEyes
2024-05-27 22:57:00	ActionGesture	Smile
2024-05-27 22:57:01	MonitorSpeechStart	<prosody rate="1.0">Hello there</prosody>	543
2024-05-27 22:57:01	ActionGesture	BrowRaise
2024-05-27 22:57:03	MonitorSpeechStart	<prosody rate="1.0">Nice to meet you</prosody>	824
2024-05-27 22:57:03	ActionGesture	BrowRaise
2024-05-27 22:57:04	GUIEvent	NEW_STAGE_REQUESTED	STAGE[1] [27] REQUESTED .. [ACCEPTED]	0.2	27	CONDITION2	Welcome
2024-05-27 22:57:04	SessionEvent	QUESTION_SET	NEW QUESTION TO ACTIVATE	1		CONDITION2	Welcome
2024-05-27 22:57:04	FlowEvent	NEW_FLOW_STATE	QuestionReflection	1		CONDITION2	QuestionReflection
2024-05-27 22:57:05	MonitorSpeechStart	<prosody rate="1.0">Ok</prosody>	618
2024-05-27 22:57:05	ActionGesture	BrowRaise
2024-05-27 22:57:07	MonitorSpeechStart	<prosody rate="1.0">I think I am getting the question 1</prosody>	1802
2024-05-27 22:57:07	ActionGesture	BrowRaise
2024-05-27 22:57:08	ActionGesture	BrowRaise
2024-05-27 22:57:09	MonitorSpeechStart	<prosody rate="1.0">Let's see</prosody>	658
2024-05-27 22:57:10	ActionGesture	BrowRaise
2024-05-27 22:57:10	GUIEvent	ANSWER_MARKED	ANSWER[TRUE] [1] [27] SENT .. [ACCEPTED]	1	27	CONDITION2	QuestionReflection
2024-05-27 22:57:12	ActionGesture	Smile
2024-05-27 22:57:16	SenseSpeech	I marked it	4646
2024-05-27 22:57:23	FlowEvent	NEW_FLOW_STATE	QuestionDisclosure	1		CONDITION2	QuestionDisclosure
2024-05-27 22:57:25	MonitorSpeechStart	<prosody rate="0.87">I'm a little unsure <mark name="action"/></prosody>	1211
2024-05-27 22:57:25	ActionGesture	BrowRaise
2024-05-27 22:57:26	ActionGesture	PauseUncertain
2024-05-27 22:57:28	MonitorSpeechStart	<prosody rate="0.87">Um, , but I think that's TRUE <mark name="action"/></prosody>	2028
2024-05-27 22:57:29	ActionGesture	BrowRaise
2024-05-27 22:57:30	ActionGesture	PauseUncertain
2024-05-27 22:57:31	MonitorSpeechStart	<prosody rate="0.87">Um, What do you think?</prosody>	1511
2024-05-27 22:57:32	ActionGesture	BrowRaise
2024-05-27 22:57:34	ActionGesture	Smile
2024-05-27 22:57:39	SenseSpeech	uh I think is uh true	4579
2024-05-27 22:57:46	FlowEvent	NEW_FLOW_STATE	QuestionReview	1		CONDITION2	QuestionReview
2024-05-27 22:57:50	Autoreload is disabled because the development mode is off.
2024-05-27 22:57:51	Application started in 0.533 seconds.
2024-05-27 22:57:51	Responding at http://127.0.0.1:8888
2024-05-27 22:57:53	----------------- NEW EXECUTION-------------------
2024-05-27 22:57:54	FlowEvent	NEW_FLOW_STATE	Sleep	0.0		UNDEFINED	Sleep
2024-05-27 22:57:54	ActionGesture	CloseEyes
2024-05-27 22:57:54	ActionGesture	CloseEyes
2024-05-27 22:58:20	GUIEvent	GUI_RELOADED	GUI_RELOADED [ACCEPTED]	0.0	UNDEFINED	UNDEFINED	Sleep
2024-05-27 22:58:22	GUIEvent	NEW_STAGE_REQUESTED	STAGE[0.2] [27] REQUESTED .. [ACCEPTED]	0.0	UNDEFINED	UNDEFINED	Sleep
2024-05-27 22:58:22	SessionEvent	USER_SET	USER TO ACTIVATE.	0.2	27	UNDEFINED	Sleep
2024-05-27 22:58:22	FlowEvent	NEW_FLOW_STATE	Welcome	0.2		CONDITION2	Welcome
2024-05-27 22:58:22	ActionGesture	OpenEyes
2024-05-27 22:58:22	ActionGesture	Smile
2024-05-27 22:58:22	MonitorSpeechStart	<prosody rate="1.0">Hello there</prosody>	543
2024-05-27 22:58:23	ActionGesture	BrowRaise
2024-05-27 22:58:24	MonitorSpeechStart	<prosody rate="1.0">Nice to meet you</prosody>	824
2024-05-27 22:58:25	ActionGesture	BrowRaise
2024-05-27 22:58:27	MonitorSpeechStart	<prosody rate="1.0">How you doing?</prosody>	741
2024-05-27 22:58:27	ActionGesture	BrowRaise
2024-05-27 22:58:29	ActionGesture	Smile
2024-05-27 22:58:30	GUIEvent	NEW_STAGE_REQUESTED	STAGE[1] [27] REQUESTED .. [ACCEPTED]	0.2	27	CONDITION2	Welcome
2024-05-27 22:58:30	SessionEvent	QUESTION_SET	NEW QUESTION TO ACTIVATE	1		CONDITION2	Welcome
2024-05-27 22:58:30	FlowEvent	NEW_FLOW_STATE	QuestionReflection	1		CONDITION2	QuestionReflection
2024-05-27 22:58:30	SenseSpeech	yes	1636
2024-05-27 22:58:31	MonitorSpeechStart	<prosody rate="1.0">Ok</prosody>	618
2024-05-27 22:58:32	ActionGesture	BrowRaise
2024-05-27 22:58:33	MonitorSpeechStart	<prosody rate="1.0">I think I am getting the question 1</prosody>	1802
2024-05-27 22:58:33	ActionGesture	BrowRaise
2024-05-27 22:58:34	GUIEvent	ANSWER_MARKED	ANSWER[TRUE] [1] [27] SENT .. [ACCEPTED]	1	27	CONDITION2	QuestionReflection
2024-05-27 22:58:35	ActionGesture	BrowRaise
2024-05-27 22:58:37	MonitorSpeechStart	<prosody rate="1.0">Let's see</prosody>	658
2024-05-27 22:58:37	ActionGesture	BrowRaise
2024-05-27 22:58:39	ActionGesture	Smile
2024-05-27 22:58:44	SenseSpeech	I have it	5213
2024-05-27 22:58:44	FlowEvent	NEW_FLOW_STATE	QuestionDisclosure	1		CONDITION2	QuestionDisclosure
2024-05-27 22:58:44	ActionGesture	SubtleWobbleYes
2024-05-27 22:58:46	MonitorSpeechStart	<prosody rate="0.87">Good <mark name="action"/></prosody>	449
2024-05-27 22:58:47	ActionGesture	PauseUncertain
2024-05-27 22:58:48	MonitorSpeechStart	<prosody rate="0.87">Um, I'm a little unsure <mark name="action"/></prosody>	1870
2024-05-27 22:58:49	ActionGesture	BrowRaise
2024-05-27 22:58:50	ActionGesture	PauseUncertain
2024-05-27 22:58:51	MonitorSpeechStart	<prosody rate="0.87">Um, , but I think that's TRUE <mark name="action"/></prosody>	2028
2024-05-27 22:58:52	ActionGesture	BrowRaise
2024-05-27 22:58:53	ActionGesture	PauseUncertain
2024-05-27 22:58:54	MonitorSpeechStart	<prosody rate="0.87">Um, What do you think?</prosody>	1511
2024-05-27 22:58:55	ActionGesture	BrowRaise
2024-05-27 22:58:57	ActionGesture	Smile
2024-05-27 22:59:00	SenseSpeech	um	2753
2024-05-27 22:59:00	FlowEvent	NEW_FLOW_STATE	QuestionReview	1		CONDITION2	QuestionReview
2024-05-27 22:59:01	MonitorSpeechStart	<prosody rate="0.87">Ok <mark name="action"/></prosody>	717
2024-05-27 22:59:01	ActionGesture	BrowRaise
2024-05-27 22:59:01	ActionGesture	PauseUncertain
2024-05-27 22:59:03	MonitorSpeechStart	<prosody rate="0.87">Um, I was thinking the voltage is well <mark name="action"/></prosody>	2606
2024-05-27 22:59:03	ActionGesture	BrowRaise
2024-05-27 22:59:05	ActionGesture	BrowRaise
2024-05-27 22:59:05	ActionGesture	PauseUncertain
2024-05-27 22:59:07	MonitorSpeechStart	<prosody rate="0.87">Um, the same if it's the same battery and the resistance increases when a lamp is added right?</prosody>	5294
2024-05-27 22:59:07	ActionGesture	BrowRaise
2024-05-27 22:59:09	ActionGesture	BrowRaise
2024-05-27 22:59:12	ActionGesture	BrowRaise
2024-05-27 22:59:14	ActionGesture	Smile
2024-05-27 22:59:17	SenseSpeech	yeah	2856
2024-05-27 22:59:17	ActionGesture	SubtleWobbleYes
2024-05-27 22:59:18	MonitorSpeechStart	<prosody rate="0.87">Good. You see it too? <mark name="action"/></prosody>	1671
2024-05-27 22:59:20	ActionGesture	PauseUncertain
2024-05-27 22:59:21	MonitorSpeechStart	<prosody rate="0.87">Um, If the resistance increases and the voltage is constant, surely the lights must glow dimmer because the current decreases?</prosody>	7413
2024-05-27 22:59:21	ActionGesture	BrowRaise
2024-05-27 22:59:24	ActionGesture	BrowRaise
2024-05-27 22:59:28	ActionGesture	BrowRaise
2024-05-27 22:59:28	ActionGesture	BrowRaise
2024-05-27 22:59:30	ActionGesture	Smile
2024-05-27 22:59:33	SenseSpeech	yeah I could do	3281
2024-05-27 22:59:33	FlowEvent	NEW_FLOW_STATE	QuestionCheckpoint	1		CONDITION2	QuestionCheckpoint
2024-05-27 22:59:33	ActionGesture	SubtleWobbleYes
2024-05-27 22:59:34	MonitorSpeechStart	<prosody rate="0.87">Nice <mark name="action"/></prosody>	503
2024-05-27 22:59:34	ActionGesture	BrowRaise
2024-05-27 22:59:34	ActionGesture	PauseUncertain
2024-05-27 22:59:36	MonitorSpeechStart	<prosody rate="0.87">Um, So <mark name="action"/></prosody>	1143
2024-05-27 22:59:37	ActionGesture	PauseUncertain
2024-05-27 22:59:39	MonitorSpeechStart	<prosody rate="0.87">Um, I'm not completely sure <mark name="action"/></prosody>	2233
2024-05-27 22:59:40	ActionGesture	BrowRaise
2024-05-27 22:59:42	ActionGesture	PauseUncertain
2024-05-27 22:59:43	MonitorSpeechStart	<prosody rate="0.87">Um, but do we agree it's TRUE?</prosody>	2178
2024-05-27 22:59:45	ActionGesture	BrowRaise
2024-05-27 22:59:47	ActionGesture	Smile
2024-05-27 22:59:54	SenseSpeech	of course I need to do that something like that yes we agree with you	7389
2024-05-27 22:59:54	FlowEvent	NEW_FLOW_STATE	QuestionReview	1		CONDITION2	QuestionReview
2024-05-27 22:59:54	FlowEvent	NEW_FLOW_STATE	QuestionConfirmation	1		CONDITION2	QuestionConfirmation
2024-05-27 22:59:55	MonitorSpeechStart	<prosody rate="1.0">Perfect</prosody>	513
2024-05-27 22:59:55	ActionGesture	BrowRaise
2024-05-27 22:59:59	MonitorSpeechStart	<prosody rate="1.0">Ok. I marked TRUE already. Can you mark your answer on the tablet and confim?</prosody>	4615
2024-05-27 22:59:59	ActionGesture	BrowRaise
