2024-05-15 09:21:06	Autoreload is disabled because the development mode is off.
2024-05-15 09:21:07	Application started in 0.8 seconds.
2024-05-15 09:21:08	Responding at http://127.0.0.1:8888
2024-05-15 09:21:12	----------------- NEW EXECUTION-------------------
2024-05-15 09:21:12	SystemEvent	FLOW_START	FLOW STARTED	0.0		UNDEFINED	UNDEFINED
2024-05-15 09:21:13	FlowEvent	NEW_STATE	Sleep	0.0		UNDEFINED	Sleep
2024-05-15 09:21:13	ActionGesture	CloseEyes
2024-05-15 09:21:15	GUIEvent	GUI_RELOADED	GUI_RELOADED [ACCEPTED]	0.0	UNDEFINED	UNDEFINED	UNDEFINED
2024-05-15 09:21:15	GUIEvent	SYNCH_REQUESTED	SYNCH REQUESTED .. [ACCEPTED]	0.0	UNDEFINED	UNDEFINED	UNDEFINED
2024-05-15 09:21:17	GUIEvent	NEW_STAGE_REQUESTED	STAGE[0.2] [10] REQUESTED .. [ACCEPTED]	0.0	UNDEFINED	UNDEFINED	UNDEFINED
2024-05-15 09:21:17	SystemEvent	USER_SET	USER SET IN GUI.	0.2	10	UNDEFINED	UNDEFINED
2024-05-15 09:21:17	FlowEvent	NEW_STATE	Welcome	0.2		CONDITION1	Welcome
2024-05-15 09:21:17	ActionGesture	OpenEyes
2024-05-15 09:21:17	ActionGesture	Smile
2024-05-15 09:21:17	MonitorSpeechStart	Hi there	477
2024-05-15 09:21:17	ActionGesture	BrowRaise
2024-05-15 09:21:19	ActionGesture	BigSmile
2024-05-15 09:21:19	MonitorSpeechStart	Nice to meet you.	824
2024-05-15 09:21:19	ActionGesture	BrowRaise
2024-05-15 09:21:21	MonitorSpeechStart	How you doing?	741
2024-05-15 09:21:21	ActionGesture	BrowRaise
2024-05-15 09:21:23	ActionGesture	Smile
2024-05-15 09:21:26	GUIEvent	NEW_STAGE_REQUESTED	STAGE[1] [10] REQUESTED .. [ACCEPTED]	0.2	10	CONDITION1	UNDEFINED
