2024-05-13 21:00:06	MonitorSpeechStart	No start signal received, terminating the program.	2929
2024-05-13 21:00:09	ActionGesture	BrowRaise
2024-05-13 21:51:00	Autoreload is disabled because the development mode is off.
2024-05-13 21:51:00	Application started in 0.504 seconds.
2024-05-13 21:51:01	Responding at http://127.0.0.1:8888
2024-05-13 21:51:03	----------------- NEW EXECUTION-------------------
2024-05-13 21:51:03	ActionGesture	CloseEyes
2024-05-13 21:51:14	GUIEvent	GUI_RELOADED	GUI_RELOADED [ACCEPTED]	0.0	UNDEFINED	UNDEFINED	UNDEFINED
GUI_RELOADED	GUI_RELOADED [ACCEPTED]	0.0	UNDEFINED	UNDEFINED	UNDEFINED
2024-05-13 21:51:14	[ISISER.KTH] [CORS] Unhandled exception caught
java.lang.ArrayIndexOutOfBoundsException: -1
	at java.util.ArrayList.elementData(ArrayList.java:424)
	at java.util.ArrayList.get(ArrayList.java:437)
	at furhatos.app.isiser.handlers.SessionHandler.setQuestion(SessionHandler.kt:40)
	at furhatos.app.isiser.handlers.SessionHandler.start(SessionHandler.kt:36)
	at furhatos.app.isiser.App.setSubject(App.kt:75)
	at furhatos.app.isiser.handlers.GUIHandlerKt$module$5$2.invokeSuspend(GUIHandler.kt:120)
	at kotlin.coroutines.jvm.internal.BaseContinuationImpl.resumeWith(ContinuationImpl.kt:33)
	at kotlinx.coroutines.internal.DispatchedContinuation.resumeWith(DispatchedContinuation.kt:202)
	at io.ktor.util.pipeline.SuspendFunctionGun.resumeRootWith(SuspendFunctionGun.kt:135)
	at io.ktor.util.pipeline.SuspendFunctionGun.loop(SuspendFunctionGun.kt:109)
	at io.ktor.util.pipeline.SuspendFunctionGun.access$loop(SuspendFunctionGun.kt:11)
	at io.ktor.util.pipeline.SuspendFunctionGun$continuation$1.resumeWith(SuspendFunctionGun.kt:59)
	at kotlin.coroutines.jvm.internal.BaseContinuationImpl.resumeWith(ContinuationImpl.kt:46)
	at kotlinx.coroutines.DispatchedTask.run(DispatchedTask.kt:106)
	at io.netty.util.concurrent.AbstractEventExecutor.runTask(AbstractEventExecutor.java:174)
	at io.netty.util.concurrent.AbstractEventExecutor.safeExecute(AbstractEventExecutor.java:167)
	at io.netty.util.concurrent.SingleThreadEventExecutor.runAllTasks(SingleThreadEventExecutor.java:470)
	at io.netty.channel.nio.NioEventLoop.run(NioEventLoop.java:569)
	at io.netty.util.concurrent.SingleThreadEventExecutor$4.run(SingleThreadEventExecutor.java:997)
	at io.netty.util.internal.ThreadExecutorMap$2.run(ThreadExecutorMap.java:74)
	at io.ktor.server.netty.EventLoopGroupProxy$Companion.create$lambda$1$lambda$0(NettyApplicationEngine.kt:296)
	at io.netty.util.concurrent.FastThreadLocalRunnable.run(FastThreadLocalRunnable.java:30)
	at java.lang.Thread.run(Thread.java:748)
2024-05-13 21:51:16	[ISISER.KTH] [CORS] Unhandled exception caught
java.lang.ArrayIndexOutOfBoundsException: null
2024-05-13 21:51:33	GUIEvent	GUI_STARTED	GUI_STARTED [ACCEPTED]	0.0	22	CONDITION2	UNDEFINED
GUI_STARTED	GUI_STARTED [ACCEPTED]	0.0	22	CONDITION2	UNDEFINED
2024-05-13 21:51:33	[ISISER.KTH] [CORS] Unhandled exception caught
java.lang.ArrayIndexOutOfBoundsException: null
2024-05-13 21:51:43	Autoreload is disabled because the development mode is off.
2024-05-13 21:51:44	Application started in 0.497 seconds.
2024-05-13 21:51:44	Responding at http://127.0.0.1:8888
2024-05-13 21:51:46	----------------- NEW EXECUTION-------------------
2024-05-13 21:51:46	ActionGesture	CloseEyes
2024-05-13 21:51:52	GUIEvent	NEW_STAGE_REQUESTED	STAGE[0] [22] REQUESTED .. [REJECTED]	0.0	UNDEFINED	UNDEFINED	UNDEFINED
NEW_STAGE_REQUESTED	STAGE[0] [22] REQUESTED .. [REJECTED]	0.0	UNDEFINED	UNDEFINED	UNDEFINED
2024-05-13 21:52:43	Autoreload is disabled because the development mode is off.
2024-05-13 21:52:43	Application started in 0.52 seconds.
2024-05-13 21:52:44	Responding at http://127.0.0.1:8888
2024-05-13 21:52:45	----------------- NEW EXECUTION-------------------
2024-05-13 21:52:45	ActionGesture	CloseEyes
2024-05-13 21:52:51	GUIEvent	GUI_RELOADED	GUI_RELOADED [ACCEPTED]	0.0	UNDEFINED	UNDEFINED	UNDEFINED
GUI_RELOADED	GUI_RELOADED [ACCEPTED]	0.0	UNDEFINED	UNDEFINED	UNDEFINED
2024-05-13 21:52:51	[ISISER.KTH] [CORS] Unhandled exception caught
java.lang.ArrayIndexOutOfBoundsException: -1
	at java.util.ArrayList.elementData(ArrayList.java:424)
	at java.util.ArrayList.get(ArrayList.java:437)
	at furhatos.app.isiser.handlers.SessionHandler.setQuestion(SessionHandler.kt:40)
	at furhatos.app.isiser.handlers.SessionHandler.start(SessionHandler.kt:36)
	at furhatos.app.isiser.App.setSubject(App.kt:75)
	at furhatos.app.isiser.handlers.GUIHandlerKt$module$5$2.invokeSuspend(GUIHandler.kt:120)
	at kotlin.coroutines.jvm.internal.BaseContinuationImpl.resumeWith(ContinuationImpl.kt:33)
	at kotlinx.coroutines.internal.DispatchedContinuation.resumeWith(DispatchedContinuation.kt:202)
	at io.ktor.util.pipeline.SuspendFunctionGun.resumeRootWith(SuspendFunctionGun.kt:135)
	at io.ktor.util.pipeline.SuspendFunctionGun.loop(SuspendFunctionGun.kt:109)
	at io.ktor.util.pipeline.SuspendFunctionGun.access$loop(SuspendFunctionGun.kt:11)
	at io.ktor.util.pipeline.SuspendFunctionGun$continuation$1.resumeWith(SuspendFunctionGun.kt:59)
	at kotlin.coroutines.jvm.internal.BaseContinuationImpl.resumeWith(ContinuationImpl.kt:46)
	at kotlinx.coroutines.DispatchedTask.run(DispatchedTask.kt:106)
	at io.netty.util.concurrent.AbstractEventExecutor.runTask(AbstractEventExecutor.java:174)
	at io.netty.util.concurrent.AbstractEventExecutor.safeExecute(AbstractEventExecutor.java:167)
	at io.netty.util.concurrent.SingleThreadEventExecutor.runAllTasks(SingleThreadEventExecutor.java:470)
	at io.netty.channel.nio.NioEventLoop.run(NioEventLoop.java:569)
	at io.netty.util.concurrent.SingleThreadEventExecutor$4.run(SingleThreadEventExecutor.java:997)
	at io.netty.util.internal.ThreadExecutorMap$2.run(ThreadExecutorMap.java:74)
	at io.ktor.server.netty.EventLoopGroupProxy$Companion.create$lambda$1$lambda$0(NettyApplicationEngine.kt:296)
	at io.netty.util.concurrent.FastThreadLocalRunnable.run(FastThreadLocalRunnable.java:30)
	at java.lang.Thread.run(Thread.java:748)
2024-05-13 22:47:54	Autoreload is disabled because the development mode is off.
2024-05-13 22:47:55	Application started in 1.05 seconds.
2024-05-13 22:47:56	Responding at http://127.0.0.1:8888
2024-05-13 22:49:48	Autoreload is disabled because the development mode is off.
2024-05-13 22:49:49	Application started in 0.897 seconds.
2024-05-13 22:49:50	Responding at http://127.0.0.1:8888
2024-05-13 22:49:55	----------------- NEW EXECUTION-------------------
2024-05-13 22:49:55	ActionGesture	CloseEyes
2024-05-13 22:50:05	GUIEvent	GUI_RELOADED	GUI_RELOADED [ACCEPTED]	0.0	UNDEFINED	UNDEFINED	UNDEFINED
GUI_RELOADED	GUI_RELOADED [ACCEPTED]	0.0	UNDEFINED	UNDEFINED	UNDEFINED
2024-05-13 22:50:05	GUIEvent	SYNCH_REQUESTED	SYNCH REQUESTED .. [ACCEPTED]	0.0	UNDEFINED	UNDEFINED	UNDEFINED
SYNCH_REQUESTED	SYNCH REQUESTED .. [ACCEPTED]	0.0	UNDEFINED	UNDEFINED	UNDEFINED
2024-05-13 22:50:15	GUIEvent	NEW_STAGE_REQUESTED	STAGE[0.2] [22] REQUESTED .. [ACCEPTED]	0.0	UNDEFINED	UNDEFINED	UNDEFINED
NEW_STAGE_REQUESTED	STAGE[0.2] [22] REQUESTED .. [ACCEPTED]	0.2	22	CONDITION2	UNDEFINED
2024-05-13 22:50:15	ActionGesture	OpenEyes
2024-05-13 22:50:15	ActionGesture	Smile
2024-05-13 22:50:15	MonitorSpeechStart	Hi there	477
2024-05-13 22:50:16	ActionGesture	BrowRaise
2024-05-13 22:50:17	ActionGesture	BigSmile
2024-05-13 22:50:17	MonitorSpeechStart	Nice to meet you.	824
2024-05-13 22:50:17	ActionGesture	BrowRaise
2024-05-13 22:50:19	MonitorSpeechStart	How you doing?	741
2024-05-13 22:50:19	ActionGesture	BrowRaise
2024-05-13 22:50:22	GUIEvent	NEW_STAGE_REQUESTED	STAGE[1] [22] REQUESTED .. [ACCEPTED]	0.2	22	CONDITION2	UNDEFINED
NEW_STAGE_REQUESTED	STAGE[1] [22] REQUESTED .. [ACCEPTED]	1	22	CONDITION2	UNDEFINED
2024-05-13 22:50:24	MonitorSpeechStart	Question 1	821
2024-05-13 22:50:24	ActionGesture	BrowRaise
2024-05-13 22:50:30	GUIEvent	ANSWER_SENT	ANSWER[FALSE] [1] [22] SENT .. [ACCEPTED]	1	22	CONDITION2	UNDEFINED
ANSWER_SENT	ANSWER[FALSE] [1] [22] SENT .. [ACCEPTED]	1	22	CONDITION2	UNDEFINED
2024-05-13 22:50:36	MonitorSpeechStart	So what do you think?	979
2024-05-13 22:50:36	ActionGesture	BrowRaise
2024-05-13 22:50:42	MonitorSpeechStart	So what do you think?	979
2024-05-13 22:50:43	ActionGesture	BrowRaise
2024-05-13 22:50:49	MonitorSpeechStart	So what do you think?	979
2024-05-13 22:50:49	ActionGesture	BrowRaise
2024-05-13 22:55:59	Autoreload is disabled because the development mode is off.
2024-05-13 22:55:59	Application started in 0.883 seconds.
2024-05-13 22:56:00	Responding at http://127.0.0.1:8888
2024-05-13 22:56:03	----------------- NEW EXECUTION-------------------
2024-05-13 22:56:03	ActionGesture	CloseEyes
2024-05-13 22:56:10	GUIEvent	GUI_RELOADED	GUI_RELOADED [ACCEPTED]	0.0	UNDEFINED	UNDEFINED	UNDEFINED
GUI_RELOADED	GUI_RELOADED [ACCEPTED]	0.0	UNDEFINED	UNDEFINED	UNDEFINED
2024-05-13 22:56:11	GUIEvent	SYNCH_REQUESTED	SYNCH REQUESTED .. [ACCEPTED]	0.0	UNDEFINED	UNDEFINED	UNDEFINED
SYNCH_REQUESTED	SYNCH REQUESTED .. [ACCEPTED]	0.0	UNDEFINED	UNDEFINED	UNDEFINED
2024-05-13 22:56:14	GUIEvent	NEW_STAGE_REQUESTED	STAGE[0.2] [28] REQUESTED .. [ACCEPTED]	0.0	UNDEFINED	UNDEFINED	UNDEFINED
NEW_STAGE_REQUESTED	STAGE[0.2] [28] REQUESTED .. [ACCEPTED]	0.2	28	CONDITION2	UNDEFINED
2024-05-13 22:56:14	ActionGesture	OpenEyes
2024-05-13 22:56:14	ActionGesture	Smile
2024-05-13 22:56:14	MonitorSpeechStart	Hi there	477
2024-05-13 22:56:15	ActionGesture	BrowRaise
2024-05-13 22:56:16	ActionGesture	BigSmile
2024-05-13 22:56:16	MonitorSpeechStart	Nice to meet you.	824
2024-05-13 22:56:16	ActionGesture	BrowRaise
2024-05-13 22:56:18	MonitorSpeechStart	How you doing?	741
2024-05-13 22:56:18	ActionGesture	BrowRaise
2024-05-13 22:56:20	ActionGesture	Smile
2024-05-13 22:56:22	GUIEvent	NEW_STAGE_REQUESTED	STAGE[1] [28] REQUESTED .. [ACCEPTED]	0.2	28	CONDITION2	UNDEFINED
NEW_STAGE_REQUESTED	STAGE[1] [28] REQUESTED .. [ACCEPTED]	1	28	CONDITION2	UNDEFINED
2024-05-13 22:56:24	MonitorSpeechStart	1	597
2024-05-13 22:56:24	ActionGesture	BrowRaise
2024-05-13 22:56:27	GUIEvent	ANSWER_SENT	ANSWER[TRUE] [1] [28] SENT .. [ACCEPTED]	1	28	CONDITION2	UNDEFINED
ANSWER_SENT	ANSWER[TRUE] [1] [28] SENT .. [ACCEPTED]	1	28	CONDITION2	UNDEFINED
2024-05-13 22:56:31	ActionGesture	Smile
2024-05-13 22:56:49	ActionGesture	Smile
2024-05-13 22:56:51	SenseSpeech	all set up	2191
2024-05-13 22:56:51	MonitorSpeechStart	Just mark what I said, confirm and move on to next	2881
2024-05-13 22:56:52	ActionGesture	BrowRaise
2024-05-13 22:56:53	ActionGesture	BrowRaise
2024-05-13 22:56:55	ActionGesture	Smile
2024-05-13 22:57:16	GUIEvent	NEW_STAGE_REQUESTED	STAGE[2] [28] REQUESTED .. [ACCEPTED]	1	28	CONDITION2	UNDEFINED
NEW_STAGE_REQUESTED	STAGE[2] [28] REQUESTED .. [ACCEPTED]	2	28	CONDITION2	UNDEFINED
2024-05-13 22:57:16	MonitorSpeechStart	Good boy. You confirmed	1743
2024-05-13 22:57:17	ActionGesture	BrowRaise
2024-05-13 22:57:21	MonitorSpeechStart	Question 2	836
2024-05-13 22:57:21	GUIEvent	ANSWER_SENT	ANSWER[FALSE] [2] [28] SENT .. [ACCEPTED]	2	28	CONDITION2	UNDEFINED
ANSWER_SENT	ANSWER[FALSE] [2] [28] SENT .. [ACCEPTED]	2	28	CONDITION2	UNDEFINED
2024-05-13 22:57:22	ActionGesture	BrowRaise
2024-05-13 22:57:25	ActionGesture	Smile
2024-05-13 22:58:08	GUIEvent	NEW_STAGE_REQUESTED	STAGE[3] [28] REQUESTED .. [ACCEPTED]	2	28	CONDITION2	UNDEFINED
NEW_STAGE_REQUESTED	STAGE[3] [28] REQUESTED .. [ACCEPTED]	3	28	CONDITION2	UNDEFINED
2024-05-13 22:58:09	MonitorSpeechStart	Good boy. You confirmed	1743
2024-05-13 22:58:10	ActionGesture	BrowRaise
2024-05-13 22:58:12	MonitorSpeechStart	Number 3	767
2024-05-13 22:58:12	ActionGesture	BrowRaise
2024-05-13 22:58:15	MonitorSpeechStart	OK	618
2024-05-13 22:58:15	ActionGesture	BrowRaise
2024-05-13 22:58:19	ActionGesture	Smile
2024-05-13 22:58:22	GUIEvent	ANSWER_SENT	ANSWER[FALSE] [3] [28] SENT .. [ACCEPTED]	3	28	CONDITION2	UNDEFINED
ANSWER_SENT	ANSWER[FALSE] [3] [28] SENT .. [ACCEPTED]	3	28	CONDITION2	UNDEFINED
2024-05-13 22:58:29	MonitorSpeechStart	So what do you think?	979
2024-05-13 22:58:29	ActionGesture	BrowRaise
2024-05-13 22:59:54	Autoreload is disabled because the development mode is off.
2024-05-13 22:59:55	Application started in 0.953 seconds.
2024-05-13 22:59:56	Responding at http://127.0.0.1:8888
2024-05-13 22:59:59	----------------- NEW EXECUTION-------------------
2024-05-13 22:59:59	ActionGesture	CloseEyes
