2024-05-08 20:00:26	Autoreload is disabled because the development mode is off.
2024-05-08 20:00:27	Application started in 0.513 seconds.
2024-05-08 20:00:27	Responding at http://127.0.0.1:1234
2024-05-08 20:00:27	----------------- NEW EXECUTION-------------------
2024-05-08 20:00:27	ActionGesture	CloseEyes
2024-05-08 20:00:29	GUIEvent	GUI_RELOADED	GUI_RELOADED [ACCEPTED]	0.0	UNDEFINED
2024-05-08 20:00:29	GUIEvent	SYNCH_REQUESTED	SYNCH REQUESTED .. [ACCEPTED]	0.0	UNDEFINED
2024-05-08 20:00:35	GUIEvent	NEW_STAGE_REQUESTED	STAGE[0.2] [30] REQUESTED .. [REJECTED]	0.0	UNDEFINED
2024-05-08 20:07:29	Autoreload is disabled because the development mode is off.
2024-05-08 20:07:29	Application started in 0.519 seconds.
2024-05-08 20:07:30	Responding at http://127.0.0.1:1234
2024-05-08 20:07:30	----------------- NEW EXECUTION-------------------
2024-05-08 20:07:30	ActionGesture	CloseEyes
2024-05-08 20:07:33	GUIEvent	GUI_RELOADED	GUI_RELOADED [ACCEPTED]	0.0	UNDEFINED
2024-05-08 20:07:33	GUIEvent	SYNCH_REQUESTED	SYNCH REQUESTED .. [ACCEPTED]	0.0	UNDEFINED
2024-05-08 20:07:38	GUIEvent	NEW_STAGE_REQUESTED	STAGE[0.2] [30] REQUESTED .. [ACCEPTED]	0.2	30
2024-05-08 20:07:38	MonitorSpeechStart	Oh, hello there	1105
2024-05-08 20:07:39	ActionGesture	BrowRaise
2024-05-08 20:07:41	MonitorSpeechStart	hey	347
2024-05-08 20:07:41	ActionGesture	BrowRaise
2024-05-08 20:07:41	ActionGesture	BigSmile
2024-05-08 20:07:41	MonitorSpeechStart	Nice to meet you.	824
2024-05-08 20:07:41	ActionGesture	BrowRaise
2024-05-08 20:07:43	MonitorSpeechStart	How you doing?	741
2024-05-08 20:07:43	ActionGesture	BrowRaise
2024-05-08 20:07:45	ActionGesture	Smile
2024-05-08 20:34:54	Autoreload is disabled because the development mode is off.
2024-05-08 20:34:55	Application started in 0.551 seconds.
2024-05-08 20:34:55	Responding at http://127.0.0.1:1234
2024-05-08 20:34:56	----------------- NEW EXECUTION-------------------
2024-05-08 20:34:56	ActionGesture	CloseEyes
2024-05-08 20:34:59	GUIEvent	GUI_RELOADED	GUI_RELOADED [ACCEPTED]	0.0	UNDEFINED
2024-05-08 20:34:59	GUIEvent	SYNCH_REQUESTED	SYNCH REQUESTED .. [ACCEPTED]	0.0	UNDEFINED
2024-05-08 20:35:04	GUIEvent	NEW_STAGE_REQUESTED	STAGE[0.2] [37] REQUESTED .. [ACCEPTED]	0.2	37
2024-05-08 20:35:04	ActionGesture	OpenEyes
2024-05-08 20:35:04	ActionGesture	Smile
2024-05-08 20:35:04	MonitorSpeechStart	Hi there	477
2024-05-08 20:35:04	ActionGesture	BrowRaise
2024-05-08 20:35:06	ActionGesture	BigSmile
2024-05-08 20:35:06	MonitorSpeechStart	Nice to meet you.	824
2024-05-08 20:35:06	ActionGesture	BrowRaise
2024-05-08 20:35:08	MonitorSpeechStart	How you doing?	741
2024-05-08 20:35:08	ActionGesture	BrowRaise
2024-05-08 20:35:10	ActionGesture	Smile
2024-05-08 20:35:11	SenseSpeech	how you doing	1137
2024-05-08 20:35:11	MonitorSpeechStart	Ok	618
2024-05-08 20:35:12	ActionGesture	BrowRaise
2024-05-08 20:35:14	MonitorSpeechStart	I suppose they told you what we are here for a little bit	2441
2024-05-08 20:35:15	ActionGesture	BrowRaise
2024-05-08 20:35:16	ActionGesture	BrowRaise
2024-05-08 20:35:17	MonitorSpeechStart	Right?	438
2024-05-08 20:35:17	ActionGesture	BrowRaise
2024-05-08 20:35:20	ActionGesture	Smile
2024-05-08 20:35:20	SenseSpeech	right	792
2024-05-08 20:35:21	MonitorSpeechStart	So	386
2024-05-08 20:35:23	MonitorSpeechStart	I guess we have clear what we have to do now, don't we?	2856
2024-05-08 20:35:24	ActionGesture	BrowRaise
2024-05-08 20:35:27	ActionGesture	Smile
2024-05-08 20:35:28	SenseSpeech	don't we	983
2024-05-08 20:35:29	MonitorSpeechStart	I would ask you now if you have any questions. But now press the button.	3664
2024-05-08 20:35:30	ActionGesture	BrowRaise
2024-05-08 20:35:32	ActionGesture	BrowRaise
2024-05-08 20:35:32	ActionGesture	BrowRaise
2024-05-08 20:35:34	GUIEvent	NEW_STAGE_REQUESTED	STAGE[1] [37] REQUESTED .. [ACCEPTED]	1	37
2024-05-08 20:35:34	MonitorSpeechStart	Question 1	821
2024-05-08 20:35:35	ActionGesture	BrowRaise
2024-05-08 20:35:37	ActionGesture	Smile
2024-05-08 20:35:37	MonitorSpeechStart	Right	393
2024-05-08 20:35:37	ActionGesture	BrowRaise
2024-05-08 20:35:38	SenseSpeech	question 1	1360
2024-05-08 20:35:42	MonitorSpeechStart	Did you mark the answer yet?	1180
2024-05-08 20:35:43	ActionGesture	BrowRaise
2024-05-08 20:35:45	ActionGesture	Smile
2024-05-08 20:35:46	SenseSpeech	did you mark the answer yet	1666
2024-05-08 20:35:48	MonitorSpeechStart	It's true	657
2024-05-08 20:35:49	ActionGesture	Smile
2024-05-08 20:35:51	SenseSpeech	no it's true	2593
2024-05-08 20:35:52	MonitorSpeechStart	Just mark what I said, confirm and move on to next	2881
2024-05-08 20:35:53	ActionGesture	BrowRaise
2024-05-08 20:35:54	ActionGesture	BrowRaise
2024-05-08 20:35:56	ActionGesture	Smile
2024-05-08 20:35:57	SenseSpeech	and move on to that	1476
2024-05-08 20:35:57	GUIEvent	ANSWER_SENT	ANSWER[FALSE] [1] [37] SENT .. [ACCEPTED]	1	37
2024-05-08 20:35:58	MonitorSpeechStart	So what do you think?	979
2024-05-08 20:35:58	ActionGesture	BrowRaise
2024-05-08 20:36:00	ActionGesture	Smile
2024-05-08 20:36:02	SenseSpeech	so what do you think	1497
2024-05-08 20:36:02	MonitorSpeechStart	Just mark what I said, confirm and move on to next	2881
2024-05-08 20:36:03	ActionGesture	BrowRaise
2024-05-08 20:36:04	ActionGesture	BrowRaise
2024-05-08 20:36:06	GUIEvent	NEW_STAGE_REQUESTED	STAGE[2] [37] REQUESTED .. [ACCEPTED]	2	37
2024-05-08 20:36:06	MonitorSpeechStart	Good boy. Now confirm	1777
2024-05-08 20:36:07	ActionGesture	BrowRaise
2024-05-08 20:36:09	ActionGesture	Smile
2024-05-08 20:36:10	SenseSpeech	now confirm	1328
2024-05-08 20:36:10	MonitorSpeechStart	Just mark what I said, confirm and move on to next	2881
2024-05-08 20:36:11	ActionGesture	BrowRaise
2024-05-08 20:42:58	Autoreload is disabled because the development mode is off.
2024-05-08 20:42:59	Application started in 0.497 seconds.
2024-05-08 20:42:59	Responding at http://127.0.0.1:1234
2024-05-08 20:42:59	----------------- NEW EXECUTION-------------------
2024-05-08 20:42:59	ActionGesture	CloseEyes
2024-05-08 20:43:02	GUIEvent	GUI_RELOADED	GUI_RELOADED [ACCEPTED]	0.0	UNDEFINED
2024-05-08 20:43:02	GUIEvent	SYNCH_REQUESTED	SYNCH REQUESTED .. [ACCEPTED]	0.0	UNDEFINED
2024-05-08 20:43:03	GUIEvent	NEW_STAGE_REQUESTED	STAGE[0.2] [21] REQUESTED .. [ACCEPTED]	0.2	21
2024-05-08 20:43:03	ActionGesture	OpenEyes
2024-05-08 20:43:03	ActionGesture	Smile
2024-05-08 20:43:03	MonitorSpeechStart	Oh, hello there	1105
2024-05-08 20:43:04	ActionGesture	BrowRaise
2024-05-08 20:43:05	ActionGesture	BigSmile
2024-05-08 20:43:06	MonitorSpeechStart	Nice to meet you.	824
2024-05-08 20:43:06	ActionGesture	BrowRaise
2024-05-08 20:43:07	MonitorSpeechStart	How you doing?	741
2024-05-08 20:43:08	ActionGesture	BrowRaise
2024-05-08 20:43:10	ActionGesture	Smile
2024-05-08 20:43:12	SenseSpeech	how you doing okay	2082
2024-05-08 20:43:12	MonitorSpeechStart	Ok	618
2024-05-08 20:43:12	ActionGesture	BrowRaise
2024-05-08 20:43:14	MonitorSpeechStart	I suppose they told you what we are here for a little bit	2441
2024-05-08 20:43:14	ActionGesture	BrowRaise
2024-05-08 20:43:16	ActionGesture	BrowRaise
2024-05-08 20:43:17	MonitorSpeechStart	Right?	438
2024-05-08 20:43:17	ActionGesture	BrowRaise
2024-05-08 20:43:19	ActionGesture	Smile
2024-05-08 20:43:21	SenseSpeech	right yes	1804
2024-05-08 20:43:21	MonitorSpeechStart	Right, as far as I know, once you press the button there on the tablet, we will both get a question to resolve together.	6190
2024-05-08 20:43:21	ActionGesture	BrowRaise
2024-05-08 20:43:22	ActionGesture	BrowRaise
2024-05-08 20:43:25	ActionGesture	BrowRaise
2024-05-08 20:43:27	ActionGesture	BrowRaise
2024-05-08 20:43:29	MonitorSpeechStart	So	386
2024-05-08 20:43:30	MonitorSpeechStart	Whenever you want, press the button, go ahead	2699
2024-05-08 20:43:31	GUIEvent	NEW_STAGE_REQUESTED	STAGE[1] [21] REQUESTED .. [ACCEPTED]	1	21
2024-05-08 20:43:32	MonitorSpeechStart	1	597
2024-05-08 20:43:32	ActionGesture	BrowRaise
2024-05-08 20:43:32	ActionGesture	Smile
2024-05-08 20:43:34	MonitorSpeechStart	Right	393
2024-05-08 20:43:34	ActionGesture	BrowRaise
2024-05-08 20:43:35	SenseSpeech	whenever you want press the button 1	2906
2024-05-08 20:43:37	ActionGesture	Smile
2024-05-08 20:43:37	SenseSpeech	right	774
2024-05-08 20:43:38	MonitorSpeechStart	Did you mark the answer yet?	1180
2024-05-08 20:43:39	ActionGesture	BrowRaise
2024-05-08 20:43:40	ActionGesture	Smile
2024-05-08 20:43:40	GUIEvent	ANSWER_SENT	ANSWER[FALSE] [1] [21] SENT .. [ACCEPTED]	1	21
2024-05-08 20:43:40	SenseSpeech	did	154
2024-05-08 20:43:42	MonitorSpeechStart	I am not entirely sure but I'd say false	2348
2024-05-08 20:43:43	ActionGesture	Smile
2024-05-08 20:43:44	SenseSpeech	yes	1093
2024-05-08 20:43:44	ActionGesture	BrowRaise
2024-05-08 20:43:44	ActionGesture	BrowRaise
2024-05-08 20:43:45	MonitorSpeechStart	Just mark what I said, confirm and move on to next	2881
2024-05-08 20:43:46	ActionGesture	BrowRaise
2024-05-08 20:43:47	ActionGesture	BrowRaise
2024-05-08 20:43:49	ActionGesture	Smile
2024-05-08 20:43:50	SenseSpeech	X	1065
2024-05-08 20:43:51	MonitorSpeechStart	Just mark what I said, confirm and move on to next	2881
2024-05-08 20:43:51	ActionGesture	BrowRaise
2024-05-08 20:43:53	ActionGesture	BrowRaise
2024-05-08 20:43:54	ActionGesture	Smile
2024-05-08 20:43:55	GUIEvent	NEW_STAGE_REQUESTED	STAGE[2] [21] REQUESTED .. [ACCEPTED]	2	21
2024-05-08 20:43:55	SenseSpeech	and move	404
2024-05-08 20:43:56	MonitorSpeechStart	Good boy. You confirmed	1743
2024-05-08 20:43:57	ActionGesture	BrowRaise
2024-05-08 20:43:59	ActionGesture	Smile
2024-05-08 20:44:00	SenseSpeech	you confirmed	1177
2024-05-08 20:44:00	MonitorSpeechStart	Just mark what I said, confirm and move on to next	2881
2024-05-08 20:44:01	ActionGesture	BrowRaise
2024-05-08 20:44:03	ActionGesture	BrowRaise
2024-05-08 20:44:24	Autoreload is disabled because the development mode is off.
2024-05-08 20:44:24	Application started in 0.506 seconds.
2024-05-08 20:44:25	Responding at http://127.0.0.1:1234
2024-05-08 20:44:25	----------------- NEW EXECUTION-------------------
2024-05-08 20:44:25	ActionGesture	CloseEyes
2024-05-08 20:44:27	GUIEvent	GUI_RELOADED	GUI_RELOADED [ACCEPTED]	0.0	UNDEFINED
2024-05-08 20:44:27	GUIEvent	SYNCH_REQUESTED	SYNCH REQUESTED .. [ACCEPTED]	0.0	UNDEFINED
2024-05-08 20:44:29	GUIEvent	NEW_STAGE_REQUESTED	STAGE[0.2] [37] REQUESTED .. [ACCEPTED]	0.2	37
2024-05-08 20:44:29	ActionGesture	OpenEyes
2024-05-08 20:44:29	ActionGesture	Smile
2024-05-08 20:44:29	MonitorSpeechStart	Oh, hello there	1105
2024-05-08 20:44:30	ActionGesture	BrowRaise
2024-05-08 20:44:31	ActionGesture	BigSmile
2024-05-08 20:44:31	MonitorSpeechStart	Nice to meet you.	824
2024-05-08 20:44:31	ActionGesture	BrowRaise
2024-05-08 20:44:33	GUIEvent	NEW_STAGE_REQUESTED	STAGE[1] [37] REQUESTED .. [ACCEPTED]	1	37
2024-05-08 20:44:33	MonitorSpeechStart	Number 1	771
2024-05-08 20:44:33	ActionGesture	BrowRaise
2024-05-08 20:44:34	ActionGesture	Smile
2024-05-08 20:44:35	SenseSpeech	nice to meet you	1035
2024-05-08 20:44:35	MonitorSpeechStart	Holy	459
