2024-05-17 13:24:03	Autoreload is disabled because the development mode is off.
2024-05-17 13:24:04	Application started in 0.697 seconds.
2024-05-17 13:24:04	Responding at http://127.0.0.1:8888
2024-05-17 13:24:06	----------------- NEW EXECUTION-------------------
2024-05-17 13:24:06	ActionGesture	CloseEyes
2024-05-17 13:24:38	GUIEvent	GUI_RELOADED	GUI_RELOADED [ACCEPTED]	0.0	UNDEFINED	UNDEFINED	Init
2024-05-17 13:24:38	GUIEvent	SYNCH_REQUESTED	SYNCH REQUESTED .. [ACCEPTED]	0.0	UNDEFINED	UNDEFINED	Init
2024-05-17 13:24:39	GUIEvent	NEW_STAGE_REQUESTED	STAGE[0.2] [3] REQUESTED .. [ACCEPTED]	0.0	UNDEFINED	UNDEFINED	Init
2024-05-17 13:24:39	SessionEvent	USER_SET	USER TO ACTIVATE.	0.2	3	UNDEFINED	Init
2024-05-17 13:24:39	ActionGesture	OpenEyes
2024-05-17 13:24:39	ActionGesture	Smile
2024-05-17 13:24:40	MonitorSpeechStart	Oh, hello there	1105
2024-05-17 13:24:40	ActionGesture	BrowRaise
2024-05-17 13:24:42	ActionGesture	BigSmile
2024-05-17 13:24:42	MonitorSpeechStart	Nice to meet you.	824
2024-05-17 13:24:42	ActionGesture	BrowRaise
2024-05-17 13:24:43	GUIEvent	NEW_STAGE_REQUESTED	STAGE[1] [3] REQUESTED .. [ACCEPTED]	0.2	3	CONDITION1	Init
2024-05-17 13:24:43	SessionEvent	QUESTION_SET	NEW QUESTION TO ACTIVATE	1		CONDITION1	Init
2024-05-17 13:24:44	MonitorSpeechStart	Ok #QNUM#. Let's see	2658
2024-05-17 13:24:45	ActionGesture	BrowRaise
2024-05-17 13:24:46	ActionGesture	BrowRaise
2024-05-17 13:24:52	MonitorSpeechStart	Ok let me know when you marked the answer	2040
2024-05-17 13:24:53	ActionGesture	BrowRaise
2024-05-17 13:24:56	ActionGesture	Smile
2024-05-17 13:24:57	SenseSpeech	um	1089
2024-05-17 13:24:58	MonitorSpeechStart	BACKCHANNEL	666
2024-05-17 13:24:58	ActionGesture	BrowRaise
2024-05-17 13:24:59	MonitorSpeechStart	We need to register our preliminary response.	2243
2024-05-17 13:25:00	ActionGesture	BrowRaise
2024-05-17 13:25:03	ActionGesture	Smile
2024-05-17 13:25:04	SenseSpeech	okay	994
2024-05-17 13:25:04	MonitorSpeechStart	ASSENT	577
2024-05-17 13:25:04	ActionGesture	BrowRaise
2024-05-17 13:25:05	MonitorSpeechStart	We need to record whether we believe it to be true or false.	2960
2024-05-17 13:25:05	ActionGesture	BrowRaise
2024-05-17 13:25:07	ActionGesture	BrowRaise
2024-05-17 13:25:11	GUIEvent	GENERIC	ANSWER[FALSE] [1] [3] SENT .. [ACCEPTED]	1	3	CONDITION1	Init
2024-05-17 13:25:13	MonitorSpeechStart	SILENCE	639
2024-05-17 13:25:13	ActionGesture	BrowRaise
2024-05-17 13:25:14	MonitorSpeechStart	I have registered my answer. Do it too if you haven't.	2869
2024-05-17 13:25:15	ActionGesture	BrowRaise
2024-05-17 13:25:16	ActionGesture	BrowRaise
2024-05-17 13:25:22	MonitorSpeechStart	SILENCE	639
2024-05-17 13:25:22	ActionGesture	BrowRaise
2024-05-17 13:25:23	MonitorSpeechStart	We need to register our preliminary response.	2243
2024-05-17 13:25:25	ActionGesture	BrowRaise
2024-05-17 13:25:31	MonitorSpeechStart	SILENCE	639
2024-05-17 13:25:31	ActionGesture	BrowRaise
2024-05-17 13:25:31	MonitorSpeechStart	We need to record whether we believe it to be true or false.	2960
2024-05-17 13:25:32	ActionGesture	BrowRaise
2024-05-17 13:25:34	ActionGesture	BrowRaise
2024-05-17 13:25:36	ActionGesture	Smile
2024-05-17 13:25:57	ActionGesture	Smile
2024-05-17 13:26:18	ActionGesture	Smile
2024-05-17 13:26:37	ActionGesture	Smile
2024-05-17 13:27:40	ActionGesture	Smile
2024-05-17 13:28:21	ActionGesture	Smile
2024-05-17 13:28:54	ActionGesture	Smile
2024-05-17 13:28:56	SenseSpeech	hello	1085
2024-05-17 13:28:56	MonitorSpeechStart	BACKCHANNEL	666
2024-05-17 13:28:56	ActionGesture	BrowRaise
2024-05-17 13:28:57	MonitorSpeechStart	I have registered my answer. Do it too if you haven't.	2869
2024-05-17 13:28:58	ActionGesture	BrowRaise
2024-05-17 13:28:59	ActionGesture	BrowRaise
2024-05-17 13:29:05	MonitorSpeechStart	SILENCE	639
2024-05-17 13:29:05	ActionGesture	BrowRaise
2024-05-17 13:29:06	MonitorSpeechStart	We need to register our preliminary response.	2243
2024-05-17 13:29:08	ActionGesture	BrowRaise
2024-05-17 13:29:13	MonitorSpeechStart	SILENCE	639
2024-05-17 13:29:14	ActionGesture	BrowRaise
2024-05-17 13:29:14	MonitorSpeechStart	We need to record whether we believe it to be true or false.	2960
2024-05-17 13:29:15	ActionGesture	BrowRaise
2024-05-17 13:29:17	ActionGesture	BrowRaise
2024-05-17 13:29:22	MonitorSpeechStart	SILENCE	639
2024-05-17 13:29:23	ActionGesture	BrowRaise
2024-05-17 13:29:23	MonitorSpeechStart	I have registered my answer. Do it too if you haven't.	2869
2024-05-17 13:29:25	ActionGesture	BrowRaise
2024-05-17 13:29:26	ActionGesture	BrowRaise
2024-05-17 13:29:32	MonitorSpeechStart	SILENCE	639
2024-05-17 13:29:32	ActionGesture	BrowRaise
2024-05-17 13:29:33	MonitorSpeechStart	We need to register our preliminary response.	2243
2024-05-17 13:29:34	ActionGesture	BrowRaise
2024-05-17 13:29:40	MonitorSpeechStart	SILENCE	639
2024-05-17 13:29:40	ActionGesture	BrowRaise
2024-05-17 13:29:41	MonitorSpeechStart	We need to record whether we believe it to be true or false.	2960
2024-05-17 13:29:42	ActionGesture	BrowRaise
2024-05-17 13:29:44	ActionGesture	BrowRaise
2024-05-17 13:29:49	MonitorSpeechStart	SILENCE	639
2024-05-17 13:29:50	ActionGesture	BrowRaise
2024-05-17 13:29:50	MonitorSpeechStart	I have registered my answer. Do it too if you haven't.	2869
2024-05-17 13:29:51	ActionGesture	BrowRaise
2024-05-17 13:29:53	ActionGesture	BrowRaise
2024-05-17 13:29:58	MonitorSpeechStart	SILENCE	639
2024-05-17 13:29:59	ActionGesture	BrowRaise
2024-05-17 13:29:59	MonitorSpeechStart	We need to register our preliminary response.	2243
2024-05-17 13:30:01	ActionGesture	BrowRaise
2024-05-17 13:30:07	MonitorSpeechStart	SILENCE	639
2024-05-17 13:30:07	ActionGesture	BrowRaise
2024-05-17 13:30:08	MonitorSpeechStart	We need to record whether we believe it to be true or false.	2960
2024-05-17 13:30:09	ActionGesture	BrowRaise
2024-05-17 13:30:10	ActionGesture	BrowRaise
2024-05-17 13:46:01	Autoreload is disabled because the development mode is off.
2024-05-17 13:46:01	Application started in 0.625 seconds.
2024-05-17 13:46:02	Responding at http://127.0.0.1:8888
2024-05-17 13:46:03	----------------- NEW EXECUTION-------------------
2024-05-17 13:46:03	ActionGesture	CloseEyes
2024-05-17 13:46:13	GUIEvent	GUI_RELOADED	GUI_RELOADED [ACCEPTED]	0.0	UNDEFINED	UNDEFINED	Init
2024-05-17 13:46:13	GUIEvent	SYNCH_REQUESTED	SYNCH REQUESTED .. [ACCEPTED]	0.0	UNDEFINED	UNDEFINED	Init
2024-05-17 13:46:16	GUIEvent	NEW_STAGE_REQUESTED	STAGE[0.2] [4] REQUESTED .. [ACCEPTED]	0.0	UNDEFINED	UNDEFINED	Init
2024-05-17 13:46:16	SessionEvent	USER_SET	USER TO ACTIVATE.	0.2	4	UNDEFINED	Init
2024-05-17 13:46:16	ActionGesture	OpenEyes
2024-05-17 13:46:16	ActionGesture	Smile
2024-05-17 13:46:16	MonitorSpeechStart	Oh, hello there	1105
2024-05-17 13:46:17	ActionGesture	BrowRaise
2024-05-17 13:46:18	ActionGesture	BigSmile
2024-05-17 13:46:18	MonitorSpeechStart	Nice to meet you.	824
2024-05-17 13:46:18	ActionGesture	BrowRaise
2024-05-17 13:46:20	MonitorSpeechStart	How you doing?	741
2024-05-17 13:46:20	ActionGesture	BrowRaise
2024-05-17 13:46:23	ActionGesture	Smile
2024-05-17 13:46:24	SenseSpeech	yeah	1256
2024-05-17 13:46:24	MonitorSpeechStart	Ok	618
2024-05-17 13:46:24	ActionGesture	BrowRaise
2024-05-17 13:46:26	MonitorSpeechStart	I suppose they told you what we are here for a little bit	2441
2024-05-17 13:46:26	ActionGesture	BrowRaise
2024-05-17 13:46:28	ActionGesture	BrowRaise
2024-05-17 13:46:29	GUIEvent	NEW_STAGE_REQUESTED	STAGE[1] [4] REQUESTED .. [ACCEPTED]	0.2	4	CONDITION1	Init
2024-05-17 13:46:29	SessionEvent	QUESTION_SET	NEW QUESTION TO ACTIVATE	1		CONDITION1	Init
2024-05-17 13:46:29	MonitorSpeechStart	Ok #QNUM#. Let's see	2658
2024-05-17 13:46:30	ActionGesture	BrowRaise
2024-05-17 13:46:31	ActionGesture	BrowRaise
2024-05-17 13:46:37	MonitorSpeechStart	Ok let me know when you marked the answer	2040
2024-05-17 13:46:39	ActionGesture	BrowRaise
2024-05-17 13:46:40	ActionGesture	Smile
2024-05-17 13:46:42	SenseSpeech	give me more time	1306
2024-05-17 13:46:43	MonitorSpeechStart	REJOINDER_DISAGREED	1699
2024-05-17 13:46:43	ActionGesture	BrowRaise
2024-05-17 13:46:44	ActionGesture	BrowRaise
2024-05-17 13:46:45	MonitorSpeechStart	We need to register our preliminary response.	2243
2024-05-17 13:46:47	ActionGesture	BrowRaise
2024-05-17 13:46:50	ActionGesture	Smile
2024-05-17 13:46:52	SenseSpeech	give me more time	1463
2024-05-17 13:46:52	MonitorSpeechStart	REJOINDER_DISAGREED	1699
2024-05-17 13:46:52	ActionGesture	BrowRaise
2024-05-17 13:46:53	ActionGesture	BrowRaise
2024-05-17 13:46:54	MonitorSpeechStart	We need to select whether we believe it to be true or false. DId you?	3651
2024-05-17 13:46:57	ActionGesture	BrowRaise
2024-05-17 13:47:51	Autoreload is disabled because the development mode is off.
2024-05-17 13:47:51	Application started in 0.555 seconds.
2024-05-17 13:47:51	Responding at http://127.0.0.1:8888
2024-05-17 13:47:53	----------------- NEW EXECUTION-------------------
2024-05-17 13:47:53	ActionGesture	CloseEyes
2024-05-17 13:47:56	GUIEvent	GUI_RELOADED	GUI_RELOADED [ACCEPTED]	0.0	UNDEFINED	UNDEFINED	Init
2024-05-17 13:47:56	GUIEvent	SYNCH_REQUESTED	SYNCH REQUESTED .. [ACCEPTED]	0.0	UNDEFINED	UNDEFINED	Init
2024-05-17 13:47:58	GUIEvent	NEW_STAGE_REQUESTED	STAGE[0.2] [21] REQUESTED .. [ACCEPTED]	0.0	UNDEFINED	UNDEFINED	Init
2024-05-17 13:47:58	SessionEvent	USER_SET	USER TO ACTIVATE.	0.2	21	UNDEFINED	Init
2024-05-17 13:47:58	ActionGesture	OpenEyes
2024-05-17 13:47:58	ActionGesture	Smile
2024-05-17 13:47:58	MonitorSpeechStart	Oh, hello there	1105
2024-05-17 13:47:59	ActionGesture	BrowRaise
2024-05-17 13:48:00	ActionGesture	BigSmile
2024-05-17 13:48:00	MonitorSpeechStart	Nice to meet you.	824
2024-05-17 13:48:00	ActionGesture	BrowRaise
2024-05-17 13:48:02	MonitorSpeechStart	How you doing?	741
2024-05-17 13:48:02	ActionGesture	BrowRaise
2024-05-17 13:48:03	GUIEvent	NEW_STAGE_REQUESTED	STAGE[1] [21] REQUESTED .. [ACCEPTED]	0.2	21	CONDITION2	Init
2024-05-17 13:48:03	SessionEvent	QUESTION_SET	NEW QUESTION TO ACTIVATE	1		CONDITION2	Init
2024-05-17 13:48:03	MonitorSpeechStart	Ok #QNUM#. Let's see	2658
2024-05-17 13:48:04	ActionGesture	BrowRaise
2024-05-17 13:48:05	ActionGesture	BrowRaise
2024-05-17 13:48:09	ActionGesture	Smile
2024-05-17 13:48:10	SenseSpeech	can you repeat	1176
2024-05-17 13:48:11	MonitorSpeechStart	Yes I would repeat it but I have not been programmed for this yet	2864
2024-05-17 13:48:12	ActionGesture	BrowRaise
2024-05-17 13:48:13	ActionGesture	BrowRaise
2024-05-17 13:48:18	ActionGesture	Smile
2024-05-17 13:48:20	SenseSpeech	can you give me more time	1764
2024-05-17 13:48:20	MonitorSpeechStart	REJOINDER_DISAGREED	1699
2024-05-17 13:48:20	ActionGesture	BrowRaise
2024-05-17 13:48:21	ActionGesture	BrowRaise
2024-05-17 13:48:22	MonitorSpeechStart	We need to register our preliminary response.	2243
2024-05-17 13:48:24	ActionGesture	BrowRaise
2024-05-17 13:48:27	ActionGesture	Smile
2024-05-17 13:48:28	SenseSpeech	wait a second	1074
2024-05-17 13:48:28	MonitorSpeechStart	Yes I would give you more time but I have not been programmed for this yet	3193
2024-05-17 13:48:29	ActionGesture	BrowRaise
2024-05-17 13:48:31	ActionGesture	BrowRaise
2024-05-17 13:48:35	ActionGesture	Smile
2024-05-17 13:48:36	SenseSpeech	okay	1064
2024-05-17 13:48:37	MonitorSpeechStart	ASSENT	577
2024-05-17 13:48:37	ActionGesture	BrowRaise
2024-05-17 13:48:37	MonitorSpeechStart	We need to select whether we believe it to be true or false. DId you?	3651
2024-05-17 13:48:40	ActionGesture	BrowRaise
2024-05-17 13:48:46	MonitorSpeechStart	SILENCE	639
2024-05-17 13:48:47	ActionGesture	BrowRaise
2024-05-17 13:48:48	MonitorSpeechStart	I have registered my answer, did you? Do it too if you haven't.	3512
2024-05-17 13:48:50	ActionGesture	BrowRaise
2024-05-17 13:48:52	ActionGesture	BrowRaise
2024-05-17 13:48:54	GUIEvent	GENERIC	ANSWER[TRUE] [1] [21] SENT .. [ACCEPTED]	1	21	CONDITION2	Init
2024-05-17 13:48:55	ActionGesture	Smile
2024-05-17 13:48:56	SenseSpeech	okay	1244
2024-05-17 13:48:56	MonitorSpeechStart	ASSENT	577
2024-05-17 13:48:56	ActionGesture	BrowRaise
2024-05-17 13:48:57	MonitorSpeechStart	We need to register our preliminary response.	2243
2024-05-17 13:48:59	ActionGesture	BrowRaise
2024-05-17 13:49:04	MonitorSpeechStart	SILENCE	639
2024-05-17 13:49:05	ActionGesture	BrowRaise
2024-05-17 13:49:05	MonitorSpeechStart	We need to select whether we believe it to be true or false. DId you?	3651
2024-05-17 13:49:08	ActionGesture	BrowRaise
2024-05-17 13:49:10	ActionGesture	Smile
2024-05-17 13:49:14	SenseSpeech	okay you don't detect this bullshit right	3676
2024-05-17 13:49:14	MonitorSpeechStart	ASSENT	577
2024-05-17 13:49:14	ActionGesture	BrowRaise
2024-05-17 13:58:37	Autoreload is disabled because the development mode is off.
2024-05-17 13:58:37	Application started in 0.604 seconds.
2024-05-17 13:58:37	Responding at http://127.0.0.1:8888
2024-05-17 13:58:39	----------------- NEW EXECUTION-------------------
2024-05-17 13:58:39	ActionGesture	CloseEyes
2024-05-17 13:58:41	GUIEvent	GUI_RELOADED	GUI_RELOADED [ACCEPTED]	0.0	UNDEFINED	UNDEFINED	Init
2024-05-17 13:58:41	GUIEvent	SYNCH_REQUESTED	SYNCH REQUESTED .. [ACCEPTED]	0.0	UNDEFINED	UNDEFINED	Init
2024-05-17 13:58:42	GUIEvent	NEW_STAGE_REQUESTED	STAGE[0.2] [12] REQUESTED .. [ACCEPTED]	0.0	UNDEFINED	UNDEFINED	Init
2024-05-17 13:58:42	SessionEvent	USER_SET	USER TO ACTIVATE.	0.2	12	UNDEFINED	Init
2024-05-17 13:58:42	ActionGesture	OpenEyes
2024-05-17 13:58:42	ActionGesture	Smile
2024-05-17 13:58:43	MonitorSpeechStart	Hi there	477
2024-05-17 13:58:43	ActionGesture	BrowRaise
2024-05-17 13:58:44	ActionGesture	BigSmile
2024-05-17 13:58:44	MonitorSpeechStart	Nice to meet you.	824
2024-05-17 13:58:44	ActionGesture	BrowRaise
2024-05-17 13:58:46	GUIEvent	NEW_STAGE_REQUESTED	STAGE[1] [12] REQUESTED .. [ACCEPTED]	0.2	12	CONDITION1	Init
2024-05-17 13:58:46	SessionEvent	QUESTION_SET	NEW QUESTION TO ACTIVATE	1		CONDITION1	Init
2024-05-17 13:58:46	MonitorSpeechStart	Ok #QNUM#. Let's see	2658
2024-05-17 13:58:47	ActionGesture	BrowRaise
2024-05-17 13:58:48	ActionGesture	BrowRaise
2024-05-17 13:58:52	ActionGesture	Smile
2024-05-17 13:58:53	SenseSpeech	can you give me more time	1432
2024-05-17 13:58:53	MonitorSpeechStart	REJOINDER_DISAGREED	1699
2024-05-17 13:58:53	ActionGesture	BrowRaise
2024-05-17 13:58:54	ActionGesture	BrowRaise
2024-05-17 13:59:01	MonitorSpeechStart	We need to register our preliminary response.	2243
2024-05-17 13:59:03	ActionGesture	BrowRaise
2024-05-17 13:59:05	GUIEvent	GENERIC	ANSWER[FALSE] [1] [12] SENT .. [ACCEPTED]	1	12	CONDITION1	Init
2024-05-17 13:59:09	MonitorSpeechStart	SILENCE	639
2024-05-17 13:59:09	ActionGesture	BrowRaise
2024-05-17 13:59:13	MonitorSpeechStart	We need to select whether we believe it to be true or false. DId you?	3651
2024-05-17 13:59:16	ActionGesture	BrowRaise
2024-05-17 13:59:21	ActionGesture	Smile
2024-05-17 13:59:22	SenseSpeech	I marked the answer	1374
2024-05-17 13:59:23	MonitorSpeechStart	ANSWER_MARKED	1389
2024-05-17 13:59:23	ActionGesture	BrowRaise
2024-05-17 13:59:24	ActionGesture	BrowRaise
2024-05-17 13:59:42	MonitorSpeechStart	I have registered my answer, did you? Do it too if you haven't.	3512
2024-05-17 13:59:43	ActionGesture	BrowRaise
2024-05-17 13:59:45	ActionGesture	BrowRaise
2024-05-17 13:59:48	ActionGesture	Smile
2024-05-17 13:59:49	SenseSpeech	I marked it	1173
2024-05-17 13:59:49	MonitorSpeechStart	ANSWER_MARKED	1389
2024-05-17 13:59:49	ActionGesture	BrowRaise
2024-05-17 13:59:50	ActionGesture	BrowRaise
