2024-05-14 21:44:36	Autoreload is disabled because the development mode is off.
2024-05-14 21:44:36	Application started in 0.53 seconds.
2024-05-14 21:44:36	Responding at http://127.0.0.1:8888
2024-05-14 21:44:38	----------------- NEW EXECUTION-------------------
2024-05-14 21:44:38	SystemEvent	FLOW_START	FLOW STARTED	0.0		UNDEFINED	UNDEFINED
2024-05-14 21:44:38	FlowEvent	NEW_STATE	Sleep	0.0		UNDEFINED	Sleep
2024-05-14 21:44:38	ActionGesture	CloseEyes
2024-05-14 21:44:41	GUIEvent	GUI_RELOADED	GUI_RELOADED [ACCEPTED]	0.0	UNDEFINED	UNDEFINED	UNDEFINED
2024-05-14 21:44:46	GUIEvent	GUI_STARTED	GUI_STARTED [ACCEPTED]	0.0	UNDEFINED	UNDEFINED	UNDEFINED
2024-05-14 21:44:46	GUIEvent	SYNCH_REQUESTED	SYNCH REQUESTED .. [ACCEPTED]	0.0	UNDEFINED	UNDEFINED	UNDEFINED
2024-05-14 21:44:48	GUIEvent	NEW_STAGE_REQUESTED	STAGE[0.2] [20] REQUESTED .. [ACCEPTED]	0.0	UNDEFINED	UNDEFINED	UNDEFINED
2024-05-14 21:44:48	SystemEvent	USER_SET	USER SET IN GUI.	0.2	20	UNDEFINED	UNDEFINED
2024-05-14 21:44:48	FlowEvent	NEW_STATE	Welcome	0.2		CONDITION1	Welcome
2024-05-14 21:44:48	ActionGesture	OpenEyes
2024-05-14 21:44:48	ActionGesture	Smile
2024-05-14 21:44:49	MonitorSpeechStart	Hi there	477
2024-05-14 21:44:49	ActionGesture	BrowRaise
2024-05-14 21:44:50	ActionGesture	BigSmile
2024-05-14 21:44:50	MonitorSpeechStart	Nice to meet you.	824
2024-05-14 21:44:50	ActionGesture	BrowRaise
2024-05-14 21:44:52	MonitorSpeechStart	How you doing?	741
2024-05-14 21:44:52	ActionGesture	BrowRaise
2024-05-14 21:44:55	ActionGesture	Smile
2024-05-14 21:44:57	SenseSpeech	I am okay	1690
2024-05-14 21:44:57	MonitorSpeechStart	Ok	618
2024-05-14 21:44:57	ActionGesture	BrowRaise
2024-05-14 21:44:59	MonitorSpeechStart	I suppose they told you what we are here for a little bit	2441
2024-05-14 21:44:59	ActionGesture	BrowRaise
2024-05-14 21:45:01	ActionGesture	BrowRaise
2024-05-14 21:45:02	MonitorSpeechStart	Right?	438
2024-05-14 21:45:02	ActionGesture	BrowRaise
2024-05-14 21:45:04	ActionGesture	Smile
2024-05-14 21:45:05	SenseSpeech	yes	1209
2024-05-14 21:45:05	MonitorSpeechStart	Right, as far as I know, once you press the button there on the tablet, we will both get a question to resolve together.	6190
2024-05-14 21:45:05	ActionGesture	BrowRaise
2024-05-14 21:45:06	ActionGesture	BrowRaise
2024-05-14 21:45:08	ActionGesture	BrowRaise
2024-05-14 21:45:11	ActionGesture	BrowRaise
2024-05-14 21:45:13	MonitorSpeechStart	So	386
2024-05-14 21:45:13	GUIEvent	NEW_STAGE_REQUESTED	STAGE[1] [20] REQUESTED .. [ACCEPTED]	0.2	20	CONDITION1	UNDEFINED
2024-05-14 21:45:13	MonitorSpeechStart	Ok #QNUM#. Let's see	2658
2024-05-14 21:45:14	ActionGesture	BrowRaise
2024-05-14 21:45:15	ActionGesture	BrowRaise
2024-05-14 21:45:21	MonitorSpeechStart	Ok let me know when you marked the answer	2040
2024-05-14 21:45:23	ActionGesture	BrowRaise
2024-05-14 21:45:29	MonitorSpeechStart	Whenever you want.	757
2024-05-14 21:45:29	ActionGesture	BrowRaise
2024-05-14 21:45:33	ActionGesture	Smile
2024-05-14 21:45:34	SenseSpeech	well	1003
2024-05-14 21:45:34	MonitorSpeechStart	We need to mark the answer.	1250
2024-05-14 21:45:35	ActionGesture	BrowRaise
2024-05-14 21:45:38	ActionGesture	Smile
2024-05-14 21:45:39	SenseSpeech	it is false	1401
2024-05-14 21:45:40	MonitorSpeechStart	I think we need to mark the answer. I did already.	2807
2024-05-14 21:45:42	ActionGesture	BrowRaise
2024-05-14 21:45:43	ActionGesture	BrowRaise
2024-05-14 21:45:46	ActionGesture	Smile
2024-05-14 21:45:47	SenseSpeech	it's false	1168
2024-05-14 21:45:47	MonitorSpeechStart	Before moving on, you need to mark your answer. Did you?	3348
2024-05-14 21:45:48	ActionGesture	BrowRaise
2024-05-14 21:45:50	ActionGesture	BrowRaise
2024-05-14 21:45:56	MonitorSpeechStart	Ok. I have it. Do you?	2177
2024-05-14 21:45:57	ActionGesture	BrowRaise
2024-05-14 21:46:04	MonitorSpeechStart	Ok #QNUM#. Let's see	2658
2024-05-14 21:46:05	ActionGesture	BrowRaise
2024-05-14 21:46:06	ActionGesture	BrowRaise
2024-05-14 21:46:08	ActionGesture	Smile
2024-05-14 21:46:09	SenseSpeech	it's false	964
2024-05-14 21:46:10	MonitorSpeechStart	We need to mark the answer.	1250
2024-05-14 21:46:11	ActionGesture	BrowRaise
2024-05-14 21:46:16	MonitorSpeechStart	Ok let me know when you marked the answer	2040
2024-05-14 21:46:18	ActionGesture	BrowRaise
2024-05-14 21:46:24	MonitorSpeechStart	Whenever you want.	757
2024-05-14 21:46:24	ActionGesture	BrowRaise
2024-05-14 21:46:26	ActionGesture	Smile
2024-05-14 21:46:34	SenseSpeech	it's true	8431
2024-05-14 21:46:34	MonitorSpeechStart	I think we need to mark the answer. I did already.	2807
2024-05-14 21:46:36	ActionGesture	BrowRaise
2024-05-14 21:46:37	ActionGesture	BrowRaise
2024-05-14 21:46:42	MonitorSpeechStart	Ok. I have it. Do you?	2177
2024-05-14 21:46:44	ActionGesture	BrowRaise
2024-05-14 21:46:50	MonitorSpeechStart	Ok #QNUM#. Let's see	2658
2024-05-14 21:46:51	ActionGesture	BrowRaise
2024-05-14 21:46:52	ActionGesture	BrowRaise
2024-05-14 21:46:58	MonitorSpeechStart	Ok let me know when you marked the answer	2040
2024-05-14 21:47:00	ActionGesture	BrowRaise
2024-05-14 21:47:05	MonitorSpeechStart	Whenever you want.	757
2024-05-14 21:47:06	ActionGesture	BrowRaise
2024-05-14 21:47:11	MonitorSpeechStart	Ok. I have it. Do you?	2177
2024-05-14 21:47:12	ActionGesture	BrowRaise
2024-05-14 21:47:18	ActionGesture	Smile
2024-05-14 21:47:19	SenseSpeech	okay	1298
2024-05-14 21:47:19	MonitorSpeechStart	Before moving on, you need to mark your answer. Did you?	3348
2024-05-14 21:47:20	ActionGesture	BrowRaise
2024-05-14 21:47:22	ActionGesture	BrowRaise
2024-05-14 21:47:28	MonitorSpeechStart	Ok #QNUM#. Let's see	2658
2024-05-14 21:47:29	ActionGesture	BrowRaise
2024-05-14 21:47:30	ActionGesture	BrowRaise
2024-05-14 21:50:39	Autoreload is disabled because the development mode is off.
2024-05-14 21:50:39	Application started in 0.58 seconds.
2024-05-14 21:50:40	Responding at http://127.0.0.1:8888
2024-05-14 21:50:42	----------------- NEW EXECUTION-------------------
2024-05-14 21:50:42	SystemEvent	FLOW_START	FLOW STARTED	0.0		UNDEFINED	UNDEFINED
2024-05-14 21:50:42	FlowEvent	NEW_STATE	Sleep	0.0		UNDEFINED	Sleep
2024-05-14 21:50:42	ActionGesture	CloseEyes
2024-05-14 21:50:50	GUIEvent	GUI_RELOADED	GUI_RELOADED [ACCEPTED]	0.0	UNDEFINED	UNDEFINED	UNDEFINED
2024-05-14 21:50:50	GUIEvent	SYNCH_REQUESTED	SYNCH REQUESTED .. [ACCEPTED]	0.0	UNDEFINED	UNDEFINED	UNDEFINED
2024-05-14 21:50:52	GUIEvent	NEW_STAGE_REQUESTED	STAGE[0.2] [19] REQUESTED .. [ACCEPTED]	0.0	UNDEFINED	UNDEFINED	UNDEFINED
2024-05-14 21:50:52	SystemEvent	USER_SET	USER SET IN GUI.	0.2	19	UNDEFINED	UNDEFINED
2024-05-14 21:50:52	FlowEvent	NEW_STATE	Welcome	0.2		CONDITION1	Welcome
2024-05-14 21:50:52	ActionGesture	OpenEyes
2024-05-14 21:50:52	ActionGesture	Smile
2024-05-14 21:50:52	MonitorSpeechStart	Oh, hello there	1105
2024-05-14 21:50:53	ActionGesture	BrowRaise
2024-05-14 21:50:54	ActionGesture	BigSmile
2024-05-14 21:50:54	MonitorSpeechStart	Nice to meet you.	824
2024-05-14 21:50:55	ActionGesture	BrowRaise
2024-05-14 21:50:56	MonitorSpeechStart	How you doing?	741
2024-05-14 21:50:56	ActionGesture	BrowRaise
2024-05-14 21:50:59	ActionGesture	Smile
2024-05-14 21:51:00	SenseSpeech	I'm okay	1125
2024-05-14 21:51:00	MonitorSpeechStart	Ok	618
2024-05-14 21:51:00	ActionGesture	BrowRaise
2024-05-14 21:51:02	MonitorSpeechStart	I suppose they told you what we are here for a little bit	2441
2024-05-14 21:51:02	ActionGesture	BrowRaise
2024-05-14 21:51:04	ActionGesture	BrowRaise
2024-05-14 21:51:05	MonitorSpeechStart	Right?	438
2024-05-14 21:51:05	ActionGesture	BrowRaise
2024-05-14 21:51:10	ActionGesture	Smile
2024-05-14 21:51:11	SenseSpeech	uh yes	1230
2024-05-14 21:51:11	MonitorSpeechStart	Right, as far as I know, once you press the button there on the tablet, we will both get a question to resolve together.	6190
2024-05-14 21:51:11	ActionGesture	BrowRaise
2024-05-14 21:51:12	ActionGesture	BrowRaise
2024-05-14 21:51:15	ActionGesture	BrowRaise
2024-05-14 21:51:17	ActionGesture	BrowRaise
2024-05-14 21:51:19	MonitorSpeechStart	So	386
2024-05-14 21:51:20	MonitorSpeechStart	Whenever you want, press the button, go ahead	2699
2024-05-14 21:51:22	GUIEvent	NEW_STAGE_REQUESTED	STAGE[1] [19] REQUESTED .. [ACCEPTED]	0.2	19	CONDITION1	UNDEFINED
2024-05-14 21:51:22	ActionGesture	BrowRaise
2024-05-14 21:51:23	MonitorSpeechStart	Ok #QNUM#. Let's see	2658
2024-05-14 21:51:24	ActionGesture	BrowRaise
2024-05-14 21:51:25	ActionGesture	BrowRaise
2024-05-14 21:51:31	MonitorSpeechStart	Ok let me know when you marked the answer	2040
2024-05-14 21:51:33	ActionGesture	BrowRaise
2024-05-14 21:51:36	ActionGesture	Smile
2024-05-14 21:51:40	SenseSpeech	okay	4036
2024-05-14 21:51:49	MonitorSpeechStart	We need to mark the answer.	1250
2024-05-14 21:51:50	ActionGesture	BrowRaise
2024-05-14 21:51:56	MonitorSpeechStart	Whenever you want.	757
2024-05-14 21:51:56	ActionGesture	BrowRaise
2024-05-14 21:51:58	ActionGesture	Smile
2024-05-14 21:52:01	SenseSpeech	um	3334
2024-05-14 21:52:01	MonitorSpeechStart	I think we need to mark the answer. I did already.	2807
2024-05-14 21:52:02	ActionGesture	BrowRaise
2024-05-14 21:52:04	ActionGesture	BrowRaise
2024-05-14 21:52:07	ActionGesture	Smile
2024-05-14 21:52:08	SenseSpeech	true	988
2024-05-14 21:52:09	MonitorSpeechStart	Cool. This is interesting	1725
2024-05-14 21:52:10	ActionGesture	BrowRaise
2024-05-14 21:52:15	ActionGesture	Smile
2024-05-14 21:52:16	SenseSpeech	false	1062
2024-05-14 21:52:16	MonitorSpeechStart	Cool. This is interesting	1725
2024-05-14 21:52:18	ActionGesture	BrowRaise
2024-05-14 21:52:23	ActionGesture	Smile
2024-05-14 21:52:23	SenseSpeech	no	3
2024-05-14 21:52:24	MonitorSpeechStart	Ok. I have it. Do you?	2177
2024-05-14 21:52:25	ActionGesture	BrowRaise
2024-05-14 21:52:29	ActionGesture	Smile
2024-05-14 21:52:30	SenseSpeech	no	906
2024-05-14 21:52:30	MonitorSpeechStart	what's going on?	749
2024-05-14 21:52:31	ActionGesture	BrowRaise
2024-05-14 21:52:36	MonitorSpeechStart	Ok #QNUM#. Let's see	2658
2024-05-14 21:52:37	ActionGesture	BrowRaise
2024-05-14 21:52:38	ActionGesture	BrowRaise
2024-05-14 21:52:41	ActionGesture	Smile
2024-05-14 21:52:42	SenseSpeech	I don't know	1002
2024-05-14 21:52:42	MonitorSpeechStart	what's going on?	749
2024-05-14 21:52:42	ActionGesture	BrowRaise
2024-05-14 21:52:48	MonitorSpeechStart	Ok let me know when you marked the answer	2040
2024-05-14 21:52:50	ActionGesture	BrowRaise
2024-05-14 21:52:51	ActionGesture	Smile
2024-05-14 21:52:52	SenseSpeech	yes	825
2024-05-14 21:52:52	MonitorSpeechStart	Before moving on, you need to mark your answer. Did you?	3348
2024-05-14 21:52:53	ActionGesture	BrowRaise
2024-05-14 21:52:54	ActionGesture	BrowRaise
2024-05-14 21:52:58	ActionGesture	Smile
2024-05-14 21:52:59	SenseSpeech	yes	1034
2024-05-14 21:52:59	MonitorSpeechStart	We need to mark the answer.	1250
2024-05-14 21:53:00	GUIEvent	ANSWER_SENT	ANSWER[FALSE] [1] [19] SENT .. [ACCEPTED]	1	19	CONDITION1	UNDEFINED
2024-05-14 21:53:00	MonitorSpeechStart	Whenever you want.	757
2024-05-14 21:53:01	ActionGesture	BrowRaise
2024-05-14 21:53:06	MonitorSpeechStart	Ok. I have it. Do you?	2177
2024-05-14 21:53:08	ActionGesture	BrowRaise
2024-05-14 21:53:14	MonitorSpeechStart	Ok #QNUM#. Let's see	2658
