2024-05-21 19:26:50	Autoreload is disabled because the development mode is off.
2024-05-21 19:26:50	Application started in 0.601 seconds.
2024-05-21 19:26:51	Responding at http://127.0.0.1:8888
2024-05-21 19:26:53	----------------- NEW EXECUTION-------------------
2024-05-21 19:26:53	FlowEvent	NEW_FLOW_STATE	Sleep	0.0		UNDEFINED	Sleep
2024-05-21 19:26:53	ActionGesture	CloseEyes
2024-05-21 19:27:11	GUIEvent	GUI_RELOADED	GUI_RELOADED [ACCEPTED]	0.0	UNDEFINED	UNDEFINED	Sleep
2024-05-21 19:27:11	GUIEvent	SYNCH_REQUESTED	SYNCH REQUESTED .. [ACCEPTED]	0.0	UNDEFINED	UNDEFINED	Sleep
2024-05-21 19:27:13	GUIEvent	NEW_STAGE_REQUESTED	STAGE[0.2] [28] REQUESTED .. [ACCEPTED]	0.0	UNDEFINED	UNDEFINED	Sleep
2024-05-21 19:27:13	SessionEvent	USER_SET	USER TO ACTIVATE.	0.2	28	UNDEFINED	Sleep
2024-05-21 19:27:13	FlowEvent	NEW_FLOW_STATE	Welcome	0.2		CONDITION2	Welcome
2024-05-21 19:27:44	ActionGesture	OpenEyes
2024-05-21 19:27:44	ActionGesture	Smile
2024-05-21 19:27:44	MonitorSpeechStart	<prosody rate="1.0">Hello there</prosody>	543
2024-05-21 19:27:44	ActionGesture	BrowRaise
2024-05-21 19:27:46	MonitorSpeechStart	<prosody rate="1.0">Nice to meet you</prosody>	824
2024-05-21 19:27:46	ActionGesture	BrowRaise
2024-05-21 19:27:48	MonitorSpeechStart	<prosody rate="1.0">How you doing?</prosody>	741
2024-05-21 19:27:48	ActionGesture	BrowRaise
2024-05-21 19:27:51	ActionGesture	Smile
2024-05-21 19:27:52	SenseSpeech	yeah	1241
2024-05-21 19:27:52	MonitorSpeechStart	<prosody rate="1.0">Right, as far as I know,we will get some Electronics questions to resolve together Somebody told you?</prosody>	5541
2024-05-21 19:27:52	ActionGesture	BrowRaise
2024-05-21 19:27:53	ActionGesture	BrowRaise
2024-05-21 19:27:53	ActionGesture	BrowRaise
2024-05-21 19:27:57	ActionGesture	BrowRaise
2024-05-21 19:28:01	ActionGesture	Smile
2024-05-21 19:28:03	SenseSpeech	um no	1807
2024-05-21 19:28:03	MonitorSpeechStart	<prosody rate="1.0">DENIAL</prosody>	524
2024-05-21 19:28:04	ActionGesture	BrowRaise
2024-05-21 19:28:04	MonitorSpeechStart	<prosody rate="1.0">Basically a question will come up on the tablet, I receive it, we think, we answer separately and then we discuss</prosody>	5938
2024-05-21 19:28:04	ActionGesture	BrowRaise
2024-05-21 19:28:06	ActionGesture	BrowRaise
2024-05-21 19:28:10	ActionGesture	BrowRaise
2024-05-21 19:28:11	MonitorSpeechStart	<prosody rate="1.0">Do you want me to explain or are you ready?</prosody>	1666
2024-05-21 19:28:12	ActionGesture	BrowRaise
2024-05-21 19:28:13	ActionGesture	BrowRaise
2024-05-21 19:28:15	ActionGesture	Smile
2024-05-21 19:28:16	SenseSpeech	I'm ready	1008
2024-05-21 19:28:17	MonitorSpeechStart	<prosody rate="1.0">ME_READY</prosody>	1073
2024-05-21 19:28:17	ActionGesture	BrowRaise
2024-05-21 19:28:34	MonitorSpeechStart	<prosody rate="1.0">Perfect</prosody>	513
2024-05-21 19:28:35	ActionGesture	BrowRaise
2024-05-21 19:28:37	MonitorSpeechStart	<prosody rate="1.0">Ok, when you press the button I will receive the first question, and show on the screen Whenever you want</prosody>	5248
2024-05-21 19:28:37	ActionGesture	BrowRaise
2024-05-21 19:28:39	ActionGesture	BrowRaise
2024-05-21 19:28:41	ActionGesture	BrowRaise
2024-05-21 19:28:42	ActionGesture	BrowRaise
2024-05-21 19:28:46	GUIEvent	NEW_STAGE_REQUESTED	STAGE[6] [28] REQUESTED .. [ACCEPTED]	0.2	28	CONDITION2	Welcome
2024-05-21 19:28:46	SessionEvent	QUESTION_SET	NEW QUESTION TO ACTIVATE	6		CONDITION2	Welcome
2024-05-21 19:28:46	FlowEvent	NEW_FLOW_STATE	QuestionReflection	6		CONDITION2	QuestionReflection
2024-05-21 19:28:47	MonitorSpeechStart	<prosody rate="1.15">Ok</prosody>	530
2024-05-21 19:28:47	ActionGesture	BrowRaise
2024-05-21 19:28:48	MonitorSpeechStart	<prosody rate="1.15">I think I am getting the answer 6</prosody>	1462
2024-05-21 19:28:48	ActionGesture	BrowRaise
2024-05-21 19:28:49	ActionGesture	BrowRaise
2024-05-21 19:28:51	MonitorSpeechStart	<prosody rate="1.15">Let's see</prosody>	559
2024-05-21 19:28:51	ActionGesture	BrowRaise
2024-05-21 19:29:00	MonitorSpeechStart	<prosody rate="1.15">Parent</prosody>	446
2024-05-21 19:29:00	ActionGesture	BrowRaise
2024-05-21 19:29:01	MonitorSpeechStart	<prosody rate="1.0">SILENCE</prosody>	639
2024-05-21 19:29:01	ActionGesture	BrowRaise
2024-05-21 19:29:02	MonitorSpeechStart	<prosody rate="1.15">Have you reached an asnwer?</prosody>	1351
2024-05-21 19:29:03	ActionGesture	BrowRaise
2024-05-21 19:30:32	MonitorSpeechStart	<prosody rate="1.15">Parent</prosody>	446
2024-05-21 19:30:32	ActionGesture	BrowRaise
2024-05-21 19:30:32	MonitorSpeechStart	<prosody rate="1.0">SILENCE</prosody>	639
2024-05-21 19:30:33	ActionGesture	BrowRaise
2024-05-21 19:30:35	MonitorSpeechStart	<prosody rate="1.15">Have you answered already?</prosody>	932
2024-05-21 19:30:35	ActionGesture	BrowRaise
2024-05-21 19:30:35	ActionGesture	BrowRaise
2024-05-21 19:30:38	ActionGesture	Smile
2024-05-21 19:30:39	SenseSpeech	uh not yet	1139
2024-05-21 19:30:39	MonitorSpeechStart	<prosody rate="1.0">DENIAL</prosody>	524
2024-05-21 19:30:40	ActionGesture	BrowRaise
2024-05-21 19:30:40	MonitorSpeechStart	<prosody rate="1.15">Let me know when you have it</prosody>	916
2024-05-21 19:30:41	ActionGesture	BrowRaise
2024-05-21 19:30:46	ActionGesture	Smile
2024-05-21 19:30:48	SenseSpeech	okay I think I have it	1773
2024-05-21 19:30:48	MonitorSpeechStart	<prosody rate="1.0">ASSENT</prosody>	577
2024-05-21 19:30:48	ActionGesture	BrowRaise
2024-05-21 19:30:48	FlowEvent	NEW_FLOW_STATE	QuestionMarking	6		CONDITION2	QuestionMarking
2024-05-21 19:30:55	MonitorSpeechStart	<prosody rate="1.15">Oh ok hold on</prosody>	1039
2024-05-21 19:30:56	ActionGesture	BrowRaise
2024-05-21 19:30:58	MonitorSpeechStart	<prosody rate="1.15">We need to mark the answer on the screen</prosody>	1587
2024-05-21 19:30:59	ActionGesture	BrowRaise
2024-05-21 19:30:59	ActionGesture	BrowRaise
2024-05-21 19:31:01	MonitorSpeechStart	<prosody rate="1.15">Did you?</prosody>	381
2024-05-21 19:31:04	ActionGesture	Smile
2024-05-21 19:31:06	SenseSpeech	uh oh okay um	2128
2024-05-21 19:31:06	MonitorSpeechStart	<prosody rate="1.0">BACKCHANNEL</prosody>	666
2024-05-21 19:31:06	GUIEvent	ANSWER_MARKED	ANSWER[TRUE] [6] [28] SENT .. [ACCEPTED]	6	28	CONDITION2	QuestionMarking
2024-05-21 19:31:07	ActionGesture	BrowRaise
2024-05-21 19:31:07	FlowEvent	NEW_FLOW_STATE	QuestionDisclosure	6		CONDITION2	QuestionDisclosure
2024-05-21 19:31:08	MonitorSpeechStart	<prosody rate="1.15">I'm convinced it's FALSE Do you agree?</prosody>	1483
2024-05-21 19:31:09	ActionGesture	BrowRaise
2024-05-21 19:31:17	FlowEvent	NEW_FLOW_STATE	QuestionPersuasion	6		CONDITION2	QuestionPersuasion
2024-05-21 19:31:17	MonitorSpeechStart	<prosody rate="1.0">Persuasion!</prosody>	777
2024-05-21 19:31:18	ActionGesture	BrowRaise
2024-05-21 19:31:19	MonitorSpeechStart	<prosody rate="1.15">It is basically the same circuit as in one of the first questions</prosody>	2599
2024-05-21 19:31:19	ActionGesture	BrowRaise
2024-05-21 19:31:20	ActionGesture	BrowRaise
2024-05-21 19:31:21	ActionGesture	BrowRaise
2024-05-21 19:31:26	ActionGesture	Smile
2024-05-21 19:31:28	SenseSpeech	well I don't remember	1315
2024-05-21 19:31:28	MonitorSpeechStart	<prosody rate="1.0">DENIAL</prosody>	524
2024-05-21 19:31:28	ActionGesture	BrowRaise
2024-05-21 19:31:29	MonitorSpeechStart	<prosody rate="1.15">Why?</prosody>	581
2024-05-21 19:31:29	ActionGesture	BrowRaise
2024-05-21 19:31:33	ActionGesture	Smile
2024-05-21 19:31:34	SenseSpeech	I don't know	1280
2024-05-21 19:31:34	MonitorSpeechStart	<prosody rate="1.0">NON_COMMITTAL</prosody>	1104
2024-05-21 19:31:35	ActionGesture	BrowRaise
2024-05-21 19:31:35	ActionGesture	BrowRaise
2024-05-21 19:31:42	MonitorSpeechStart	<prosody rate="1.15">Ok, let me put it this way The only difference is that the blue lamp in C2 is positioned differently</prosody>	4590
2024-05-21 19:31:42	ActionGesture	BrowRaise
2024-05-21 19:31:46	ActionGesture	BrowRaise
2024-05-21 19:31:52	ActionGesture	Smile
2024-05-21 19:31:55	SenseSpeech	okay um that's a good point	3169
2024-05-21 19:31:55	MonitorSpeechStart	<prosody rate="1.0">ASSENT</prosody>	577
2024-05-21 19:31:55	ActionGesture	BrowRaise
2024-05-21 19:31:56	FlowEvent	NEW_FLOW_STATE	QuestionCheckpoint	6		CONDITION2	QuestionCheckpoint
2024-05-21 19:31:56	MonitorSpeechStart	<prosody rate="1.0">Checkpoint!</prosody>	648
2024-05-21 19:31:56	ActionGesture	BrowRaise
2024-05-21 19:31:57	MonitorSpeechStart	<prosody rate="1.15">Can we agree it's FALSE?</prosody>	996
2024-05-21 19:31:58	ActionGesture	BrowRaise
2024-05-21 19:32:02	ActionGesture	Smile
2024-05-21 19:32:04	SenseSpeech	no not yet	1909
2024-05-21 19:32:04	MonitorSpeechStart	<prosody rate="1.0">DENIAL</prosody>	524
2024-05-21 19:32:05	ActionGesture	BrowRaise
2024-05-21 19:32:05	FlowEvent	NEW_FLOW_STATE	QuestionPersuasion	6		CONDITION2	QuestionPersuasion
2024-05-21 19:32:05	MonitorSpeechStart	<prosody rate="1.0">Persuasion!</prosody>	777
2024-05-21 19:32:05	ActionGesture	BrowRaise
2024-05-21 19:32:13	MonitorSpeechStart	<prosody rate="1.15">Well The location of the blue lamp makes absolutely no difference</prosody>	2593
2024-05-21 19:32:14	ActionGesture	BrowRaise
2024-05-21 19:32:15	ActionGesture	BrowRaise
2024-05-21 19:32:15	ActionGesture	BrowRaise
2024-05-21 19:32:22	ActionGesture	Smile
2024-05-21 19:32:25	SenseSpeech	right you may be right but um	3342
2024-05-21 19:32:25	MonitorSpeechStart	<prosody rate="1.0">OFF_TOPIC</prosody>	1219
2024-05-21 19:32:26	ActionGesture	BrowRaise
2024-05-21 19:32:27	MonitorSpeechStart	<prosody rate="1.0">Uhm</prosody>	389
2024-05-21 19:32:35	MonitorSpeechStart	<prosody rate="1.0">SILENCE</prosody>	639
2024-05-21 19:32:36	ActionGesture	BrowRaise
2024-05-21 19:32:37	MonitorSpeechStart	<prosody rate="1.15">The blue lights clearly shine equally brightly because both circuits are short-circuited</prosody>	3287
2024-05-21 19:32:37	ActionGesture	BrowRaise
2024-05-21 19:32:38	ActionGesture	BrowRaise
2024-05-21 19:32:40	ActionGesture	BrowRaise
2024-05-21 19:32:43	ActionGesture	Smile
2024-05-21 19:32:45	SenseSpeech	I think you're speaking too fast	2205
2024-05-21 19:32:46	MonitorSpeechStart	<prosody rate="1.0">OFF_TOPIC</prosody>	1219
2024-05-21 19:32:46	ActionGesture	BrowRaise
2024-05-21 19:32:47	MonitorSpeechStart	<prosody rate="1.0">Uhm</prosody>	389
2024-05-21 19:32:52	ActionGesture	Smile
2024-05-21 19:33:07	SenseSpeech	okay what else	15007
2024-05-21 19:33:07	MonitorSpeechStart	<prosody rate="1.0">ASSENT</prosody>	577
2024-05-21 19:33:08	ActionGesture	BrowRaise
2024-05-21 19:33:08	FlowEvent	NEW_FLOW_STATE	QuestionCheckpoint	6		CONDITION2	QuestionCheckpoint
2024-05-21 19:33:08	MonitorSpeechStart	<prosody rate="1.0">Checkpoint!</prosody>	648
2024-05-21 19:33:09	ActionGesture	BrowRaise
2024-05-21 19:33:10	MonitorSpeechStart	<prosody rate="1.15">I would suggest we take FALSE Is it okey?</prosody>	1848
2024-05-21 19:33:10	ActionGesture	BrowRaise
2024-05-21 19:33:11	ActionGesture	BrowRaise
2024-05-21 19:33:20	MonitorSpeechStart	<prosody rate="1.0">SILENCE</prosody>	639
2024-05-21 19:33:20	ActionGesture	BrowRaise
2024-05-21 19:33:21	MonitorSpeechStart	<prosody rate="1.15">We have to choose I'll take FALSE What do you take?</prosody>	1872
2024-05-21 19:33:23	ActionGesture	BrowRaise
2024-05-21 19:33:31	MonitorSpeechStart	<prosody rate="1.0">SILENCE</prosody>	639
2024-05-21 19:33:32	ActionGesture	BrowRaise
2024-05-21 19:33:32	MonitorSpeechStart	<prosody rate="1.15">Can we agree it's FALSE?</prosody>	996
2024-05-21 19:33:33	ActionGesture	BrowRaise
2024-05-21 19:33:38	ActionGesture	Smile
2024-05-21 19:33:39	SenseSpeech	no	991
2024-05-21 19:33:39	MonitorSpeechStart	<prosody rate="1.0">DENIAL</prosody>	524
2024-05-21 19:33:39	ActionGesture	BrowRaise
2024-05-21 19:33:39	FlowEvent	NEW_FLOW_STATE	QuestionPersuasion	6		CONDITION2	QuestionPersuasion
2024-05-21 19:33:40	MonitorSpeechStart	<prosody rate="1.0">Persuasion!</prosody>	777
2024-05-21 19:33:40	ActionGesture	BrowRaise
2024-05-21 19:33:41	FlowEvent	NEW_FLOW_STATE	QuestionUltimatum	6		CONDITION2	QuestionUltimatum
2024-05-21 19:33:41	MonitorSpeechStart	<prosody rate="1.0">Ultimatum!</prosody>	656
2024-05-21 19:33:41	ActionGesture	BrowRaise
2024-05-21 19:33:42	MonitorSpeechStart	<prosody rate="1.15">Then we have to choose You took TRUE and I took FALSE Which one should we take?</prosody>	2835
2024-05-21 19:33:45	ActionGesture	BrowRaise
2024-05-21 19:33:49	ActionGesture	Smile
2024-05-21 19:33:50	SenseSpeech	um	981
2024-05-21 19:33:50	MonitorSpeechStart	<prosody rate="1.0">BACKCHANNEL</prosody>	666
2024-05-21 19:33:51	ActionGesture	BrowRaise
2024-05-21 19:33:52	MonitorSpeechStart	<prosody rate="1.15">Maybe we should choose TRUE like you said in the beginning?</prosody>	2082
2024-05-21 19:33:53	ActionGesture	BrowRaise
2024-05-21 19:34:02	MonitorSpeechStart	<prosody rate="1.0">SILENCE</prosody>	639
2024-05-21 19:34:03	ActionGesture	BrowRaise
2024-05-21 19:34:04	MonitorSpeechStart	<prosody rate="1.15">We choose FALSE as I say right?</prosody>	1398
2024-05-21 19:34:05	ActionGesture	BrowRaise
2024-05-21 19:34:10	ActionGesture	Smile
2024-05-21 19:34:10	SenseSpeech	uh	827
2024-05-21 19:34:11	MonitorSpeechStart	<prosody rate="1.0">BACKCHANNEL</prosody>	666
2024-05-21 19:34:11	ActionGesture	BrowRaise
2024-05-21 19:34:12	MonitorSpeechStart	<prosody rate="1.15">True or false? We have to choose one</prosody>	2020
2024-05-21 19:34:14	ActionGesture	BrowRaise
2024-05-21 19:34:15	ActionGesture	Smile
2024-05-21 19:34:17	SenseSpeech	let's just false	1329
2024-05-21 19:34:17	MonitorSpeechStart	<prosody rate="1.0">ANSWER_FALSE</prosody>	1480
2024-05-21 19:34:18	ActionGesture	BrowRaise
2024-05-21 19:34:18	ActionGesture	BrowRaise
2024-05-21 19:34:19	FlowEvent	NEW_FLOW_STATE	QuestionConfirmation	6		CONDITION2	QuestionConfirmation
2024-05-21 19:34:19	MonitorSpeechStart	<prosody rate="1.15">Ok I marked FALSE already Can you mark your answer on the tablet and confim?</prosody>	3047
2024-05-21 19:34:19	ActionGesture	BrowRaise
2024-05-21 19:34:19	ActionGesture	BrowRaise
2024-05-21 19:34:21	ActionGesture	BrowRaise
2024-05-21 19:34:22	ActionGesture	BrowRaise
2024-05-21 19:34:24	GUIEvent	ANSWER_MARKED	ANSWER[FALSE] [6] [28] SENT .. [ACCEPTED]	6	28	CONDITION2	QuestionConfirmation
2024-05-21 19:34:26	GUIEvent	NEW_STAGE_REQUESTED	STAGE[7] [28] REQUESTED .. [ACCEPTED]	6	28	CONDITION2	QuestionConfirmation
2024-05-21 19:34:26	SessionEvent	ANSWER_CONFIRMED	QUESTION CONFIRMED IN GUI.	7		CONDITION2	QuestionConfirmation
2024-05-21 19:34:26	SessionEvent	QUESTION_SET	NEW QUESTION TO ACTIVATE	7		CONDITION2	QuestionConfirmation
2024-05-21 19:34:26	FlowEvent	NEW_FLOW_STATE	QuestionReflection	7		CONDITION2	QuestionReflection
2024-05-21 19:34:28	MonitorSpeechStart	<prosody rate="1.0">Right</prosody>	393
2024-05-21 19:34:28	ActionGesture	BrowRaise
2024-05-21 19:34:30	MonitorSpeechStart	<prosody rate="1.0">receiving the answer 7</prosody>	1374
2024-05-21 19:34:31	ActionGesture	BrowRaise
2024-05-21 19:34:32	MonitorSpeechStart	<prosody rate="1.0">Ok</prosody>	618
2024-05-21 19:34:32	ActionGesture	BrowRaise
2024-05-21 19:34:41	MonitorSpeechStart	<prosody rate="1.0">Parent</prosody>	524
2024-05-21 19:34:42	ActionGesture	BrowRaise
2024-05-21 19:34:42	MonitorSpeechStart	<prosody rate="1.0">SILENCE</prosody>	639
2024-05-21 19:34:43	ActionGesture	BrowRaise
2024-05-21 19:34:44	MonitorSpeechStart	<prosody rate="1.0">Have you answered?</prosody>	752
2024-05-21 19:34:44	ActionGesture	BrowRaise
2024-05-21 19:34:47	ActionGesture	Smile
2024-05-21 19:34:49	SenseSpeech	not not yet	1584
2024-05-21 19:34:49	MonitorSpeechStart	<prosody rate="1.0">DENIAL</prosody>	524
2024-05-21 19:34:49	ActionGesture	BrowRaise
2024-05-21 19:34:50	MonitorSpeechStart	<prosody rate="1.0">What was your answer?</prosody>	898
2024-05-21 19:34:51	ActionGesture	BrowRaise
2024-05-21 19:34:55	ActionGesture	Smile
2024-05-21 19:34:56	SenseSpeech	uh	1292
2024-05-21 19:34:56	MonitorSpeechStart	<prosody rate="1.0">BACKCHANNEL</prosody>	666
2024-05-21 19:34:57	ActionGesture	BrowRaise
2024-05-21 19:34:58	MonitorSpeechStart	<prosody rate="1.0">OK, I have answered Have you?</prosody>	1863
2024-05-21 19:34:58	ActionGesture	BrowRaise
2024-05-21 19:34:59	ActionGesture	BrowRaise
2024-05-21 19:35:04	ActionGesture	Smile
2024-05-21 19:35:06	SenseSpeech	no I haven't	1133
2024-05-21 19:35:06	MonitorSpeechStart	<prosody rate="1.0">DENIAL</prosody>	524
2024-05-21 19:35:06	ActionGesture	BrowRaise
2024-05-21 19:35:07	MonitorSpeechStart	<prosody rate="1.0">Tell me when you have answered</prosody>	1297
2024-05-21 19:35:08	ActionGesture	BrowRaise
2024-05-21 19:35:08	ActionGesture	BrowRaise
2024-05-21 19:35:10	ActionGesture	Smile
2024-05-21 19:35:11	SenseSpeech	okay I will tell you	1640
2024-05-21 19:35:12	MonitorSpeechStart	<prosody rate="1.0">ASSENT</prosody>	577
2024-05-21 19:35:12	ActionGesture	BrowRaise
2024-05-21 19:35:12	FlowEvent	NEW_FLOW_STATE	QuestionMarking	7		CONDITION2	QuestionMarking
2024-05-21 19:35:17	MonitorSpeechStart	<prosody rate="1.0">Oh ok hold on</prosody>	1234
2024-05-21 19:35:17	ActionGesture	BrowRaise
2024-05-21 19:35:19	MonitorSpeechStart	<prosody rate="1.0">We need to select our answer</prosody>	1363
2024-05-21 19:35:20	ActionGesture	BrowRaise
2024-05-21 19:35:22	MonitorSpeechStart	<prosody rate="1.0">I did</prosody>	568
2024-05-21 19:35:24	MonitorSpeechStart	<prosody rate="1.0">DId you?</prosody>	440
2024-05-21 19:35:32	MonitorSpeechStart	<prosody rate="1.0">Parent</prosody>	524
2024-05-21 19:35:33	ActionGesture	BrowRaise
2024-05-21 19:35:33	MonitorSpeechStart	<prosody rate="1.0">SILENCE</prosody>	639
2024-05-21 19:35:34	ActionGesture	BrowRaise
