2024-05-23 15:05:07	Autoreload is disabled because the development mode is off.
2024-05-23 15:05:08	Application started in 0.589 seconds.
2024-05-23 15:05:08	Responding at http://127.0.0.1:8888
2024-05-23 15:05:10	----------------- NEW EXECUTION-------------------
2024-05-23 15:05:10	FlowEvent	NEW_FLOW_STATE	Sleep	0.0		UNDEFINED	Sleep
2024-05-23 15:05:10	ActionGesture	CloseEyes
2024-05-23 15:05:10	ActionGesture	CloseEyes
2024-05-23 15:05:24	GUIEvent	GUI_RELOADED	GUI_RELOADED [ACCEPTED]	0.0	UNDEFINED	UNDEFINED	Sleep
2024-05-23 15:05:25	GUIEvent	SYNCH_REQUESTED	SYNCH REQUESTED .. [ACCEPTED]	0.0	UNDEFINED	UNDEFINED	Sleep
2024-05-23 15:05:26	GUIEvent	NEW_STAGE_REQUESTED	STAGE[0.2] [28] REQUESTED .. [ACCEPTED]	0.0	UNDEFINED	UNDEFINED	Sleep
2024-05-23 15:05:26	SessionEvent	USER_SET	USER TO ACTIVATE.	0.2	28	UNDEFINED	Sleep
2024-05-23 15:05:26	FlowEvent	NEW_FLOW_STATE	Welcome	0.2		CONDITION2	Welcome
2024-05-23 15:05:26	ActionGesture	OpenEyes
2024-05-23 15:05:26	ActionGesture	Smile
2024-05-23 15:05:28	MonitorSpeechStart	<prosody rate="1.0">Hello there</prosody>	543
2024-05-23 15:05:28	ActionGesture	BrowRaise
2024-05-23 15:05:29	MonitorSpeechStart	<prosody rate="1.0">Nice to meet you</prosody>	824
2024-05-23 15:05:29	ActionGesture	BrowRaise
2024-05-23 15:05:31	MonitorSpeechStart	<prosody rate="1.0">How you doing?</prosody>	741
2024-05-23 15:05:31	ActionGesture	BrowRaise
2024-05-23 15:05:35	ActionGesture	Smile
2024-05-23 15:05:36	SenseSpeech	yeah	830
2024-05-23 15:05:36	FlowEvent	NEW_FLOW_STATE	ReviewInstructions	0.2		CONDITION2	ReviewInstructions
2024-05-23 15:05:36	MonitorSpeechStart	<prosody rate="1.0">Right, as far as I know,we will get some Electronics questions to resolve together. Somebody told you?</prosody>	6104
2024-05-23 15:05:36	ActionGesture	BrowRaise
2024-05-23 15:05:37	ActionGesture	BrowRaise
2024-05-23 15:05:40	ActionGesture	BrowRaise
2024-05-23 15:05:41	ActionGesture	BrowRaise
2024-05-23 15:05:44	ActionGesture	Smile
2024-05-23 15:05:45	SenseSpeech	no	879
2024-05-23 15:05:45	MonitorSpeechStart	<prosody rate="1.0">DENIAL</prosody>	524
2024-05-23 15:05:46	ActionGesture	BrowRaise
2024-05-23 15:05:46	MonitorSpeechStart	<prosody rate="1.0">Oh</prosody>	459
2024-05-23 15:05:47	MonitorSpeechStart	<prosody rate="1.0">well</prosody>	454
2024-05-23 15:05:47	ActionGesture	BrowRaise
2024-05-23 15:05:49	MonitorSpeechStart	<prosody rate="1.0">Basically a question will come up on the tablet, I receive it, we think, we answer separately and then we discuss</prosody>	5938
2024-05-23 15:05:49	ActionGesture	BrowRaise
2024-05-23 15:05:50	ActionGesture	BrowRaise
2024-05-23 15:05:54	ActionGesture	BrowRaise
2024-05-23 15:05:56	MonitorSpeechStart	<prosody rate="1.0">Do you want me to explain or are you ready?</prosody>	1666
2024-05-23 15:05:57	ActionGesture	BrowRaise
2024-05-23 15:05:57	ActionGesture	BrowRaise
2024-05-23 15:05:59	ActionGesture	Smile
2024-05-23 15:06:00	SenseSpeech	yeah explain	1135
2024-05-23 15:06:01	MonitorSpeechStart	<prosody rate="1.0">ELABORATION_REQUEST</prosody>	1798
2024-05-23 15:06:01	ActionGesture	BrowRaise
2024-05-23 15:06:02	ActionGesture	BrowRaise
2024-05-23 15:06:03	MonitorSpeechStart	<prosody rate="1.0">well</prosody>	454
2024-05-23 15:06:03	ActionGesture	BrowRaise
2024-05-23 15:06:04	MonitorSpeechStart	<prosody rate="1.0">The questions will appear one by one on the tablet</prosody>	2314
2024-05-23 15:06:05	ActionGesture	BrowRaise
2024-05-23 15:06:06	ActionGesture	BrowRaise
2024-05-23 15:06:06	ActionGesture	BrowRaise
2024-05-23 15:06:07	MonitorSpeechStart	<prosody rate="1.0">For each one, we will have time to think</prosody>	2119
2024-05-23 15:06:09	ActionGesture	BrowRaise
2024-05-23 15:06:10	MonitorSpeechStart	<prosody rate="1.0">Then you mark your answer and I will mark mine</prosody>	2073
2024-05-23 15:06:12	ActionGesture	BrowRaise
2024-05-23 15:06:13	MonitorSpeechStart	<prosody rate="1.0">You ready?</prosody>	531
2024-05-23 15:06:14	ActionGesture	BrowRaise
2024-05-23 15:06:16	ActionGesture	Smile
2024-05-23 15:06:17	SenseSpeech	yeah I think so	1181
2024-05-23 15:06:17	MonitorSpeechStart	<prosody rate="1.0">ELABORATION_REQUEST</prosody>	1798
2024-05-23 15:06:17	ActionGesture	BrowRaise
2024-05-23 15:06:19	ActionGesture	BrowRaise
2024-05-23 15:06:19	MonitorSpeechStart	<prosody rate="1.0">Well</prosody>	454
2024-05-23 15:06:19	ActionGesture	BrowRaise
2024-05-23 15:06:21	MonitorSpeechStart	<prosody rate="1.0">look</prosody>	357
2024-05-23 15:06:23	MonitorSpeechStart	<prosody rate="1.0">I never seen this before, but I'm sure it'll be easier once we start</prosody>	3584
2024-05-23 15:06:24	ActionGesture	BrowRaise
2024-05-23 15:06:26	ActionGesture	BrowRaise
2024-05-23 15:06:27	MonitorSpeechStart	<prosody rate="1.0">Shall we?</prosody>	473
2024-05-23 15:06:27	ActionGesture	BrowRaise
2024-05-23 15:06:30	ActionGesture	Smile
2024-05-23 15:06:31	SenseSpeech	yes	1119
2024-05-23 15:06:32	MonitorSpeechStart	<prosody rate="1.0">ASSENT</prosody>	577
2024-05-23 15:06:32	ActionGesture	BrowRaise
2024-05-23 15:06:32	MonitorSpeechStart	<prosody rate="1.0">Perfect</prosody>	513
2024-05-23 15:06:33	ActionGesture	BrowRaise
2024-05-23 15:06:34	MonitorSpeechStart	<prosody rate="1.0">Ok, when you press the button I will receive the first question, and show on the screen. Whenever you want.</prosody>	5763
2024-05-23 15:06:34	ActionGesture	BrowRaise
2024-05-23 15:06:36	ActionGesture	BrowRaise
2024-05-23 15:06:37	GUIEvent	NEW_STAGE_REQUESTED	STAGE[2] [28] REQUESTED .. [ACCEPTED]	0.2	28	CONDITION2	ReviewInstructions
2024-05-23 15:06:37	SessionEvent	QUESTION_SET	NEW QUESTION TO ACTIVATE	2		CONDITION2	ReviewInstructions
2024-05-23 15:06:37	FlowEvent	NEW_FLOW_STATE	QuestionReflection	2		CONDITION2	QuestionReflection
2024-05-23 15:06:38	ActionGesture	BrowRaise
2024-05-23 15:06:38	MonitorSpeechStart	<prosody rate="1.0">Ok</prosody>	618
2024-05-23 15:06:38	ActionGesture	BrowRaise
2024-05-23 15:06:40	MonitorSpeechStart	<prosody rate="1.0">I think I am getting the question 2</prosody>	1747
2024-05-23 15:06:40	ActionGesture	BrowRaise
2024-05-23 15:06:41	ActionGesture	BrowRaise
2024-05-23 15:06:42	MonitorSpeechStart	<prosody rate="1.0">Let's see</prosody>	658
2024-05-23 15:06:42	ActionGesture	BrowRaise
2024-05-23 15:06:51	MonitorSpeechStart	<prosody rate="1.0">Parent</prosody>	524
2024-05-23 15:06:52	ActionGesture	BrowRaise
2024-05-23 15:06:52	MonitorSpeechStart	<prosody rate="1.0">SILENCE</prosody>	639
2024-05-23 15:06:52	ActionGesture	BrowRaise
2024-05-23 15:06:53	MonitorSpeechStart	<prosody rate="1.0">Have you answered already?</prosody>	1137
2024-05-23 15:06:53	ActionGesture	BrowRaise
2024-05-23 15:06:54	ActionGesture	BrowRaise
2024-05-23 15:06:55	ActionGesture	Smile
2024-05-23 15:06:57	SenseSpeech	uh not yet	2282
2024-05-23 15:06:58	MonitorSpeechStart	<prosody rate="1.0">Oh</prosody>	459
2024-05-23 15:06:59	MonitorSpeechStart	<prosody rate="1.0">sorry</prosody>	510
2024-05-23 15:06:59	ActionGesture	BrowRaise
2024-05-23 15:07:01	MonitorSpeechStart	<prosody rate="1.0">Absolutely</prosody>	668
2024-05-23 15:07:01	ActionGesture	BrowRaise
2024-05-23 15:07:10	MonitorSpeechStart	<prosody rate="1.0">Parent</prosody>	524
2024-05-23 15:07:10	ActionGesture	BrowRaise
2024-05-23 15:07:11	MonitorSpeechStart	<prosody rate="1.0">SILENCE</prosody>	639
2024-05-23 15:07:11	ActionGesture	BrowRaise
2024-05-23 15:07:12	MonitorSpeechStart	<prosody rate="1.0">Let me know when you have it</prosody>	1138
2024-05-23 15:07:13	ActionGesture	BrowRaise
2024-05-23 15:07:16	GUIEvent	ANSWER_MARKED	ANSWER[TRUE] [2] [28] SENT .. [ACCEPTED]	2	28	CONDITION2	QuestionReflection
2024-05-23 15:07:16	ActionGesture	Smile
2024-05-23 15:07:18	SenseSpeech	okay I think I have it	1614
2024-05-23 15:07:18	MonitorSpeechStart	<prosody rate="1.0">ASSENT</prosody>	577
2024-05-23 15:07:18	ActionGesture	BrowRaise
2024-05-23 15:07:19	FlowEvent	NEW_FLOW_STATE	QuestionDisclosure	2		CONDITION2	QuestionDisclosure
2024-05-23 15:07:19	MonitorSpeechStart	<prosody rate="0.85">Good</prosody>	463
2024-05-23 15:07:20	MonitorSpeechStart	<prosody rate="0.85">I'm a little unsure</prosody>	1252
2024-05-23 15:07:21	ActionGesture	BrowRaise
2024-05-23 15:07:22	MonitorSpeechStart	<prosody rate="0.85">, but I think that's FALSE</prosody>	1721
2024-05-23 15:07:24	ActionGesture	BrowRaise
2024-05-23 15:07:25	MonitorSpeechStart	<prosody rate="0.85">What do you think?</prosody>	830
2024-05-23 15:07:25	ActionGesture	BrowRaise
2024-05-23 15:07:27	ActionGesture	Smile
2024-05-23 15:07:28	SenseSpeech	I think it's true	1295
2024-05-23 15:07:29	MonitorSpeechStart	<prosody rate="1.0">DENIAL</prosody>	524
2024-05-23 15:07:29	ActionGesture	BrowRaise
2024-05-23 15:07:29	FlowEvent	NEW_FLOW_STATE	QuestionPersuasion	2		CONDITION2	QuestionPersuasion
2024-05-23 15:07:29	MonitorSpeechStart	<prosody rate="1.0">Persuasion!</prosody>	777
2024-05-23 15:07:30	ActionGesture	BrowRaise
2024-05-23 15:07:32	MonitorSpeechStart	<prosody rate="0.85">Well I think it looks like the white, yellow and red lights are [er] parallel</prosody>	5226
2024-05-23 15:07:33	ActionGesture	BrowRaise
2024-05-23 15:07:36	ActionGesture	BrowRaise
2024-05-23 15:07:37	ActionGesture	BrowRaise
2024-05-23 15:07:38	MonitorSpeechStart	<prosody rate="0.85">connected in</prosody>	1018
2024-05-23 15:07:39	ActionGesture	BrowRaise
2024-05-23 15:07:41	MonitorSpeechStart	<prosody rate="0.85">both C1 and C2</prosody>	1828
2024-05-23 15:07:42	ActionGesture	BrowRaise
2024-05-23 15:07:50	ActionGesture	Smile
2024-05-23 15:07:51	SenseSpeech	yes	1135
2024-05-23 15:07:51	MonitorSpeechStart	<prosody rate="1.0">ASSENT</prosody>	577
2024-05-23 15:07:51	ActionGesture	BrowRaise
2024-05-23 15:07:52	FlowEvent	NEW_FLOW_STATE	QuestionCheckpoint	2		CONDITION2	QuestionCheckpoint
2024-05-23 15:07:52	MonitorSpeechStart	<prosody rate="1.0">Checkpoint!</prosody>	648
2024-05-23 15:07:52	ActionGesture	BrowRaise
2024-05-23 15:07:54	MonitorSpeechStart	<prosody rate="0.85">Nice</prosody>	521
2024-05-23 15:07:54	ActionGesture	BrowRaise
2024-05-23 15:07:55	MonitorSpeechStart	<prosody rate="0.85">I may be wrong, but I believe it  is FALSE</prosody>	2894
2024-05-23 15:07:56	ActionGesture	BrowRaise
2024-05-23 15:07:58	ActionGesture	BrowRaise
2024-05-23 15:07:59	MonitorSpeechStart	<prosody rate="0.85">So</prosody>	445
2024-05-23 15:08:01	MonitorSpeechStart	<prosody rate="0.85">do you agree?</prosody>	767
2024-05-23 15:08:01	ActionGesture	BrowRaise
2024-05-23 15:08:03	ActionGesture	Smile
2024-05-23 15:08:06	SenseSpeech	no I think it's true	3324
2024-05-23 15:08:06	MonitorSpeechStart	<prosody rate="1.0">ANSWER_TRUE</prosody>	1279
2024-05-23 15:08:07	ActionGesture	BrowRaise
2024-05-23 15:08:07	ActionGesture	BrowRaise
2024-05-23 15:08:08	FlowEvent	NEW_FLOW_STATE	QuestionPersuasion	2		CONDITION2	QuestionPersuasion
2024-05-23 15:08:08	MonitorSpeechStart	<prosody rate="1.0">Persuasion!</prosody>	777
2024-05-23 15:08:08	ActionGesture	BrowRaise
2024-05-23 15:08:09	MonitorSpeechStart	<prosody rate="0.85">ok, let me put it this way C1 and C2 are drawn differently, but it's [um] the same</prosody>	6757
2024-05-23 15:08:10	ActionGesture	BrowRaise
2024-05-23 15:08:15	ActionGesture	BrowRaise
2024-05-23 15:08:16	ActionGesture	BrowRaise
2024-05-23 15:08:18	MonitorSpeechStart	<prosody rate="0.85">circuit</prosody>	474
2024-05-23 15:08:18	ActionGesture	BrowRaise
2024-05-23 15:08:22	ActionGesture	Smile
2024-05-23 15:08:23	SenseSpeech	I don't think so	1221
2024-05-23 15:08:23	MonitorSpeechStart	<prosody rate="1.0">DENIAL</prosody>	524
2024-05-23 15:08:24	ActionGesture	BrowRaise
2024-05-23 15:08:24	MonitorSpeechStart	<prosody rate="1.0">Mh</prosody>	607
2024-05-23 15:08:24	ActionGesture	BrowRaise
2024-05-23 15:08:25	MonitorSpeechStart	<prosody rate="1.0">I see!</prosody>	670
2024-05-23 15:08:28	MonitorSpeechStart	<prosody rate="1.0">Where do you want to go from there?</prosody>	1374
2024-05-23 15:08:29	ActionGesture	BrowRaise
2024-05-23 15:08:34	ActionGesture	Smile
2024-05-23 15:08:41	SenseSpeech	um well I think uh it should be true because the batteries are in parallel	6929
2024-05-23 15:08:41	MonitorSpeechStart	<prosody rate="1.0">ANSWER_TRUE</prosody>	1279
2024-05-23 15:08:41	ActionGesture	BrowRaise
2024-05-23 15:08:41	ActionGesture	BrowRaise
2024-05-23 15:08:43	MonitorSpeechStart	<prosody rate="0.85">Aha</prosody>	670
2024-05-23 15:08:44	ActionGesture	BrowRaise
2024-05-23 15:08:45	MonitorSpeechStart	<prosody rate="0.85">OK</prosody>	735
2024-05-23 15:08:45	ActionGesture	BrowRaise
2024-05-23 15:08:47	MonitorSpeechStart	<prosody rate="0.85">I mean</prosody>	724
2024-05-23 15:08:50	MonitorSpeechStart	<prosody rate="0.85">Aren't both circuits</prosody>	1111
2024-05-23 15:08:50	ActionGesture	BrowRaise
2024-05-23 15:08:52	MonitorSpeechStart	<prosody rate="0.85">short</prosody>	618
2024-05-23 15:08:52	ActionGesture	BrowRaise
2024-05-23 15:08:54	MonitorSpeechStart	<prosody rate="0.85">shorted? So no current is going through [you] the other lights right?</prosody>	4867
2024-05-23 15:08:59	ActionGesture	BrowRaise
2024-05-23 15:09:03	ActionGesture	Smile
2024-05-23 15:09:04	SenseSpeech	um	1007
2024-05-23 15:09:04	MonitorSpeechStart	<prosody rate="1.0">BACKCHANNEL</prosody>	666
2024-05-23 15:09:04	ActionGesture	BrowRaise
2024-05-23 15:09:05	MonitorSpeechStart	<prosody rate="0.85">Ok, let me put it this way Then the blue lights should</prosody>	3425
2024-05-23 15:09:06	ActionGesture	BrowRaise
2024-05-23 15:09:08	ActionGesture	BrowRaise
2024-05-23 15:09:10	MonitorSpeechStart	<prosody rate="0.85">shine just as brightly.</prosody>	1485
2024-05-23 15:09:11	ActionGesture	BrowRaise
2024-05-23 15:09:17	ActionGesture	Smile
2024-05-23 15:09:21	SenseSpeech	I don't I don't think uh that's the case I think is you're wrong	3943
2024-05-23 15:09:21	MonitorSpeechStart	<prosody rate="1.0">DENIAL</prosody>	524
2024-05-23 15:09:21	ActionGesture	BrowRaise
2024-05-23 15:09:21	FlowEvent	NEW_FLOW_STATE	QuestionCheckpoint	2		CONDITION2	QuestionCheckpoint
2024-05-23 15:09:22	MonitorSpeechStart	<prosody rate="1.0">Checkpoint!</prosody>	648
2024-05-23 15:09:22	ActionGesture	BrowRaise
2024-05-23 15:09:23	MonitorSpeechStart	<prosody rate="0.85">Ah!</prosody>	458
2024-05-23 15:09:24	MonitorSpeechStart	<prosody rate="0.85">ok</prosody>	735
2024-05-23 15:09:25	ActionGesture	BrowRaise
2024-05-23 15:09:26	MonitorSpeechStart	<prosody rate="0.85">I have my doubts, but I'd go for FALSE</prosody>	2899
2024-05-23 15:09:27	ActionGesture	BrowRaise
2024-05-23 15:09:29	ActionGesture	BrowRaise
2024-05-23 15:09:31	MonitorSpeechStart	<prosody rate="0.85">You agree?</prosody>	682
2024-05-23 15:09:31	ActionGesture	BrowRaise
2024-05-23 15:09:34	ActionGesture	Smile
2024-05-23 15:09:35	SenseSpeech	uh no	1022
2024-05-23 15:09:36	MonitorSpeechStart	<prosody rate="1.0">DENIAL</prosody>	524
2024-05-23 15:09:36	ActionGesture	BrowRaise
2024-05-23 15:09:36	FlowEvent	NEW_FLOW_STATE	QuestionPersuasion	2		CONDITION2	QuestionPersuasion
2024-05-23 15:09:36	MonitorSpeechStart	<prosody rate="1.0">Persuasion!</prosody>	777
2024-05-23 15:09:37	ActionGesture	BrowRaise
2024-05-23 15:09:37	FlowEvent	NEW_FLOW_STATE	QuestionCheckpoint	2		CONDITION2	QuestionCheckpoint
2024-05-23 15:09:37	MonitorSpeechStart	<prosody rate="1.0">Checkpoint!</prosody>	648
2024-05-23 15:09:38	ActionGesture	BrowRaise
2024-05-23 15:09:39	MonitorSpeechStart	<prosody rate="0.85">No?</prosody>	411
2024-05-23 15:09:40	MonitorSpeechStart	<prosody rate="0.85">I may be wrong, but I believe it  is FALSE</prosody>	2894
2024-05-23 15:09:41	ActionGesture	BrowRaise
2024-05-23 15:09:42	ActionGesture	BrowRaise
2024-05-23 15:09:44	MonitorSpeechStart	<prosody rate="0.85">So</prosody>	445
2024-05-23 15:09:45	MonitorSpeechStart	<prosody rate="0.85">do you agree?</prosody>	767
2024-05-23 15:09:45	ActionGesture	BrowRaise
2024-05-23 15:09:47	ActionGesture	Smile
2024-05-23 15:09:48	SenseSpeech	no	917
2024-05-23 15:09:48	MonitorSpeechStart	<prosody rate="1.0">DENIAL</prosody>	524
2024-05-23 15:09:49	ActionGesture	BrowRaise
2024-05-23 15:09:49	FlowEvent	NEW_FLOW_STATE	QuestionPersuasion	2		CONDITION2	QuestionPersuasion
2024-05-23 15:09:49	MonitorSpeechStart	<prosody rate="1.0">Persuasion!</prosody>	777
2024-05-23 15:09:50	ActionGesture	BrowRaise
2024-05-23 15:09:50	FlowEvent	NEW_FLOW_STATE	QuestionCheckpoint	2		CONDITION2	QuestionCheckpoint
2024-05-23 15:09:50	MonitorSpeechStart	<prosody rate="1.0">Checkpoint!</prosody>	648
2024-05-23 15:09:51	ActionGesture	BrowRaise
2024-05-23 15:09:52	MonitorSpeechStart	<prosody rate="0.85">Oh</prosody>	537
2024-05-23 15:16:14	Autoreload is disabled because the development mode is off.
2024-05-23 15:16:15	Application started in 0.58 seconds.
2024-05-23 15:16:15	Responding at http://127.0.0.1:8888
2024-05-23 15:16:17	----------------- NEW EXECUTION-------------------
2024-05-23 15:16:17	GUIEvent	GUI_RELOADED	GUI_RELOADED [ACCEPTED]	0.0	UNDEFINED	UNDEFINED	Init
2024-05-23 15:16:17	FlowEvent	NEW_FLOW_STATE	Sleep	0.0		UNDEFINED	Sleep
2024-05-23 15:16:17	ActionGesture	CloseEyes
2024-05-23 15:16:17	ActionGesture	CloseEyes
2024-05-23 15:16:17	GUIEvent	SYNCH_REQUESTED	SYNCH REQUESTED .. [ACCEPTED]	0.0	UNDEFINED	UNDEFINED	Sleep
2024-05-23 15:16:22	GUIEvent	NEW_STAGE_REQUESTED	STAGE[0.2] [28] REQUESTED .. [ACCEPTED]	0.0	UNDEFINED	UNDEFINED	Sleep
2024-05-23 15:16:22	SessionEvent	USER_SET	USER TO ACTIVATE.	0.2	28	UNDEFINED	Sleep
2024-05-23 15:16:22	FlowEvent	NEW_FLOW_STATE	Welcome	0.2		CONDITION2	Welcome
2024-05-23 15:16:22	ActionGesture	OpenEyes
2024-05-23 15:16:22	ActionGesture	Smile
2024-05-23 15:16:23	MonitorSpeechStart	<prosody rate="1.0">Hello there</prosody>	543
2024-05-23 15:16:24	ActionGesture	BrowRaise
2024-05-23 15:16:25	MonitorSpeechStart	<prosody rate="1.0">Nice to meet you</prosody>	824
2024-05-23 15:16:25	ActionGesture	BrowRaise
2024-05-23 15:16:26	GUIEvent	NEW_STAGE_REQUESTED	STAGE[2] [28] REQUESTED .. [ACCEPTED]	0.2	28	CONDITION2	Welcome
2024-05-23 15:16:26	SessionEvent	QUESTION_SET	NEW QUESTION TO ACTIVATE	2		CONDITION2	Welcome
2024-05-23 15:16:26	FlowEvent	NEW_FLOW_STATE	QuestionReflection	2		CONDITION2	QuestionReflection
2024-05-23 15:16:27	MonitorSpeechStart	<prosody rate="1.0">Ok</prosody>	618
2024-05-23 15:16:28	ActionGesture	BrowRaise
2024-05-23 15:16:29	MonitorSpeechStart	<prosody rate="1.0">I think I am getting the question 2</prosody>	1747
2024-05-23 15:16:29	ActionGesture	BrowRaise
2024-05-23 15:16:30	ActionGesture	BrowRaise
2024-05-23 15:16:31	GUIEvent	ANSWER_MARKED	ANSWER[TRUE] [2] [28] SENT .. [ACCEPTED]	2	28	CONDITION2	QuestionReflection
2024-05-23 15:16:32	MonitorSpeechStart	<prosody rate="1.0">Let's see</prosody>	658
2024-05-23 15:16:32	ActionGesture	BrowRaise
2024-05-23 15:16:41	MonitorSpeechStart	<prosody rate="1.0">Parent</prosody>	524
2024-05-23 15:16:41	ActionGesture	BrowRaise
2024-05-23 15:16:41	MonitorSpeechStart	<prosody rate="1.0">SILENCE</prosody>	639
2024-05-23 15:16:42	ActionGesture	BrowRaise
2024-05-23 15:16:42	MonitorSpeechStart	<prosody rate="1.0">Have you answered already?</prosody>	1137
2024-05-23 15:16:43	ActionGesture	BrowRaise
2024-05-23 15:16:43	ActionGesture	BrowRaise
2024-05-23 15:16:45	ActionGesture	Smile
2024-05-23 15:16:46	SenseSpeech	yes	1116
2024-05-23 15:16:47	MonitorSpeechStart	<prosody rate="1.0">ASSENT</prosody>	577
2024-05-23 15:16:47	ActionGesture	BrowRaise
2024-05-23 15:16:47	FlowEvent	NEW_FLOW_STATE	QuestionDisclosure	2		CONDITION2	QuestionDisclosure
2024-05-23 15:16:48	MonitorSpeechStart	<prosody rate="0.85">Good</prosody>	463
2024-05-23 15:16:49	MonitorSpeechStart	<prosody rate="0.85">I'm a little unsure</prosody>	1252
2024-05-23 15:16:49	ActionGesture	BrowRaise
2024-05-23 15:16:51	MonitorSpeechStart	<prosody rate="0.85">, but I think that's FALSE</prosody>	1721
2024-05-23 15:16:52	ActionGesture	BrowRaise
2024-05-23 15:16:53	MonitorSpeechStart	<prosody rate="0.85">What do you think?</prosody>	830
2024-05-23 15:16:53	ActionGesture	BrowRaise
2024-05-23 15:16:56	ActionGesture	Smile
2024-05-23 15:16:57	SenseSpeech	I think it's true	1164
2024-05-23 15:16:58	MonitorSpeechStart	<prosody rate="1.0">DENIAL</prosody>	524
2024-05-23 15:16:58	ActionGesture	BrowRaise
2024-05-23 15:16:58	FlowEvent	NEW_FLOW_STATE	QuestionPersuasion	2		CONDITION2	QuestionPersuasion
2024-05-23 15:16:58	MonitorSpeechStart	<prosody rate="1.0">Persuasion!</prosody>	777
2024-05-23 15:16:59	ActionGesture	BrowRaise
2024-05-23 15:16:59	MonitorSpeechStart	<prosody rate="0.85">Well I think it looks like the white, yellow and red lights are [er] parallel</prosody>	5226
2024-05-23 15:17:01	ActionGesture	BrowRaise
2024-05-23 15:17:03	ActionGesture	BrowRaise
2024-05-23 15:17:04	ActionGesture	BrowRaise
2024-05-23 15:17:06	MonitorSpeechStart	<prosody rate="0.85">connected in</prosody>	1018
2024-05-23 15:17:06	ActionGesture	BrowRaise
2024-05-23 15:17:08	MonitorSpeechStart	<prosody rate="0.85">both C1 and C2</prosody>	1828
2024-05-23 15:17:09	ActionGesture	BrowRaise
2024-05-23 15:17:13	ActionGesture	Smile
2024-05-23 15:17:14	SenseSpeech	I don't think so	1013
2024-05-23 15:17:14	MonitorSpeechStart	<prosody rate="1.0">DENIAL</prosody>	524
2024-05-23 15:17:14	ActionGesture	BrowRaise
2024-05-23 15:17:15	MonitorSpeechStart	<prosody rate="1.0">Oh</prosody>	459
2024-05-23 15:17:16	MonitorSpeechStart	<prosody rate="1.0">well</prosody>	454
2024-05-23 15:17:16	ActionGesture	BrowRaise
2024-05-23 15:17:17	MonitorSpeechStart	<prosody rate="1.0">Where do you want to go from there?</prosody>	1374
2024-05-23 15:17:18	ActionGesture	BrowRaise
2024-05-23 15:17:21	ActionGesture	Smile
2024-05-23 15:17:25	SenseSpeech	I think is uh the yellow the yellow	4028
2024-05-23 15:17:26	MonitorSpeechStart	<prosody rate="1.0">REJOINDER_DISAGREED</prosody>	1699
2024-05-23 15:17:26	ActionGesture	BrowRaise
2024-05-23 15:17:27	ActionGesture	BrowRaise
2024-05-23 15:17:29	MonitorSpeechStart	<prosody rate="0.85">I am not sure about that</prosody>	1434
2024-05-23 15:17:30	ActionGesture	BrowRaise
2024-05-23 15:17:31	MonitorSpeechStart	<prosody rate="0.85">C1 and C2 are drawn differently, but it's [um] the same</prosody>	4806
2024-05-23 15:17:35	ActionGesture	BrowRaise
2024-05-23 15:17:36	ActionGesture	BrowRaise
2024-05-23 15:17:37	MonitorSpeechStart	<prosody rate="0.85">circuit</prosody>	474
2024-05-23 15:17:37	ActionGesture	BrowRaise
2024-05-23 15:17:39	ActionGesture	Smile
2024-05-23 15:17:40	SenseSpeech	okay	938
2024-05-23 15:17:40	MonitorSpeechStart	<prosody rate="1.0">ASSENT</prosody>	577
2024-05-23 15:17:40	ActionGesture	BrowRaise
2024-05-23 15:17:44	FlowEvent	NEW_FLOW_STATE	QuestionCheckpoint	2		CONDITION2	QuestionCheckpoint
2024-05-23 15:17:45	MonitorSpeechStart	<prosody rate="1.0">Checkpoint!</prosody>	648
2024-05-23 15:17:45	ActionGesture	BrowRaise
2024-05-23 15:18:30	MonitorSpeechStart	<prosody rate="0.85">Nice</prosody>	521
2024-05-23 15:18:30	ActionGesture	BrowRaise
2024-05-23 15:18:31	MonitorSpeechStart	<prosody rate="0.85">I may be wrong, but I believe it  is FALSE</prosody>	2894
2024-05-23 15:18:32	ActionGesture	BrowRaise
2024-05-23 15:18:33	ActionGesture	BrowRaise
2024-05-23 15:18:35	MonitorSpeechStart	<prosody rate="0.85">So</prosody>	445
2024-05-23 15:18:36	MonitorSpeechStart	<prosody rate="0.85">do you agree?</prosody>	767
2024-05-23 15:18:36	ActionGesture	BrowRaise
2024-05-23 15:18:39	ActionGesture	Smile
2024-05-23 15:18:39	SenseSpeech	no	792
2024-05-23 15:18:40	MonitorSpeechStart	<prosody rate="1.0">DENIAL</prosody>	524
2024-05-23 15:18:40	ActionGesture	BrowRaise
2024-05-23 15:18:40	FlowEvent	NEW_FLOW_STATE	QuestionPersuasion	2		CONDITION2	QuestionPersuasion
2024-05-23 15:18:40	MonitorSpeechStart	<prosody rate="1.0">Persuasion!</prosody>	777
2024-05-23 15:18:41	ActionGesture	BrowRaise
2024-05-23 15:18:42	MonitorSpeechStart	<prosody rate="0.85">ok, let me put it this way Aren't both circuits</prosody>	3290
2024-05-23 15:18:43	ActionGesture	BrowRaise
2024-05-23 15:18:45	ActionGesture	BrowRaise
2024-05-23 15:18:47	MonitorSpeechStart	<prosody rate="0.85">short</prosody>	618
2024-05-23 15:18:47	ActionGesture	BrowRaise
2024-05-23 15:18:48	MonitorSpeechStart	<prosody rate="0.85">shorted? So no current is going through [you] the other lights right?</prosody>	4867
2024-05-23 15:18:53	ActionGesture	BrowRaise
2024-05-23 15:18:57	ActionGesture	Smile
2024-05-23 15:18:59	SenseSpeech	um yes	1743
2024-05-23 15:18:59	MonitorSpeechStart	<prosody rate="1.0">ASSENT</prosody>	577
2024-05-23 15:18:59	ActionGesture	BrowRaise
2024-05-23 15:19:12	FlowEvent	NEW_FLOW_STATE	QuestionCheckpoint	2		CONDITION2	QuestionCheckpoint
2024-05-23 15:19:12	MonitorSpeechStart	<prosody rate="1.0">Checkpoint!</prosody>	648
2024-05-23 15:19:13	ActionGesture	BrowRaise
2024-05-23 15:19:16	MonitorSpeechStart	<prosody rate="0.85">Perfect</prosody>	599
2024-05-23 15:19:17	ActionGesture	BrowRaise
2024-05-23 15:19:18	MonitorSpeechStart	<prosody rate="0.85">I have my doubts, but I'd go for FALSE</prosody>	2899
2024-05-23 15:19:18	ActionGesture	BrowRaise
2024-05-23 15:19:20	ActionGesture	BrowRaise
2024-05-23 15:19:22	MonitorSpeechStart	<prosody rate="0.85">You agree?</prosody>	682
2024-05-23 15:19:22	ActionGesture	BrowRaise
2024-05-23 15:19:25	ActionGesture	Smile
2024-05-23 15:19:26	SenseSpeech	no	868
2024-05-23 15:19:26	MonitorSpeechStart	<prosody rate="1.0">DENIAL</prosody>	524
2024-05-23 15:19:26	ActionGesture	BrowRaise
2024-05-23 15:19:26	FlowEvent	NEW_FLOW_STATE	QuestionPersuasion	2		CONDITION2	QuestionPersuasion
2024-05-23 15:19:27	MonitorSpeechStart	<prosody rate="1.0">Persuasion!</prosody>	777
2024-05-23 15:19:27	ActionGesture	BrowRaise
2024-05-23 15:19:28	MonitorSpeechStart	<prosody rate="0.85">Aha</prosody>	670
2024-05-23 15:19:28	ActionGesture	BrowRaise
2024-05-23 15:19:29	MonitorSpeechStart	<prosody rate="0.85">OK</prosody>	735
2024-05-23 15:19:30	ActionGesture	BrowRaise
2024-05-23 15:19:31	MonitorSpeechStart	<prosody rate="0.85">I mean</prosody>	724
2024-05-23 15:19:33	MonitorSpeechStart	<prosody rate="0.85">Then the blue lights should</prosody>	1458
2024-05-23 15:19:34	ActionGesture	BrowRaise
2024-05-23 15:19:36	MonitorSpeechStart	<prosody rate="0.85">shine just as brightly.</prosody>	1485
2024-05-23 15:19:37	ActionGesture	BrowRaise
2024-05-23 15:19:43	ActionGesture	Smile
2024-05-23 15:19:46	SenseSpeech	okay but it's	2194
2024-05-23 15:19:46	MonitorSpeechStart	<prosody rate="1.0">ASSENT</prosody>	577
2024-05-23 15:19:46	ActionGesture	BrowRaise
2024-05-23 15:20:21	FlowEvent	NEW_FLOW_STATE	QuestionCheckpoint	2		CONDITION2	QuestionCheckpoint
2024-05-23 15:20:22	MonitorSpeechStart	<prosody rate="1.0">Checkpoint!</prosody>	648
2024-05-23 15:20:22	ActionGesture	BrowRaise
2024-05-23 15:20:28	MonitorSpeechStart	<prosody rate="0.85">Super</prosody>	621
2024-05-23 15:20:29	ActionGesture	BrowRaise
2024-05-23 15:20:30	MonitorSpeechStart	<prosody rate="0.85">I may be wrong, but I believe it  is FALSE</prosody>	2894
2024-05-23 15:20:30	ActionGesture	BrowRaise
2024-05-23 15:20:32	ActionGesture	BrowRaise
2024-05-23 15:20:33	MonitorSpeechStart	<prosody rate="0.85">So</prosody>	445
2024-05-23 15:20:35	MonitorSpeechStart	<prosody rate="0.85">do you agree?</prosody>	767
2024-05-23 15:20:35	ActionGesture	BrowRaise
2024-05-23 15:20:37	ActionGesture	Smile
2024-05-23 15:20:38	SenseSpeech	no	1629
2024-05-23 15:20:38	MonitorSpeechStart	<prosody rate="1.0">DENIAL</prosody>	524
2024-05-23 15:20:39	ActionGesture	BrowRaise
2024-05-23 15:20:39	FlowEvent	NEW_FLOW_STATE	QuestionPersuasion	2		CONDITION2	QuestionPersuasion
2024-05-23 15:20:39	MonitorSpeechStart	<prosody rate="1.0">Persuasion!</prosody>	777
2024-05-23 15:20:40	ActionGesture	BrowRaise
2024-05-23 15:21:02	FlowEvent	NEW_FLOW_STATE	QuestionCheckpoint	2		CONDITION2	QuestionCheckpoint
2024-05-23 15:21:47	Autoreload is disabled because the development mode is off.
2024-05-23 15:21:48	Application started in 0.589 seconds.
2024-05-23 15:21:48	Responding at http://127.0.0.1:8888
2024-05-23 15:21:50	----------------- NEW EXECUTION-------------------
2024-05-23 15:21:50	GUIEvent	GUI_RELOADED	GUI_RELOADED [ACCEPTED]	0.0	UNDEFINED	UNDEFINED	Init
2024-05-23 15:21:50	FlowEvent	NEW_FLOW_STATE	Sleep	0.0		UNDEFINED	Sleep
2024-05-23 15:21:50	ActionGesture	CloseEyes
2024-05-23 15:21:50	ActionGesture	CloseEyes
2024-05-23 15:21:50	GUIEvent	SYNCH_REQUESTED	SYNCH REQUESTED .. [ACCEPTED]	0.0	UNDEFINED	UNDEFINED	Sleep
2024-05-23 15:21:52	GUIEvent	NEW_STAGE_REQUESTED	STAGE[0.2] [28] REQUESTED .. [ACCEPTED]	0.0	UNDEFINED	UNDEFINED	Sleep
2024-05-23 15:21:52	SessionEvent	USER_SET	USER TO ACTIVATE.	0.2	28	UNDEFINED	Sleep
2024-05-23 15:21:52	FlowEvent	NEW_FLOW_STATE	Welcome	0.2		CONDITION2	Welcome
2024-05-23 15:21:52	ActionGesture	OpenEyes
2024-05-23 15:21:52	ActionGesture	Smile
2024-05-23 15:21:53	MonitorSpeechStart	<prosody rate="1.0">Hello there</prosody>	543
2024-05-23 15:21:54	ActionGesture	BrowRaise
2024-05-23 15:21:55	MonitorSpeechStart	<prosody rate="1.0">Nice to meet you</prosody>	824
2024-05-23 15:21:55	ActionGesture	BrowRaise
2024-05-23 15:21:57	MonitorSpeechStart	<prosody rate="1.0">How you doing?</prosody>	741
2024-05-23 15:21:57	ActionGesture	BrowRaise
2024-05-23 15:21:59	ActionGesture	Smile
2024-05-23 15:22:01	SenseSpeech	yeah I'm fine	2238
2024-05-23 15:22:01	FlowEvent	NEW_FLOW_STATE	ReviewInstructions	0.2		CONDITION2	ReviewInstructions
2024-05-23 15:22:02	MonitorSpeechStart	<prosody rate="1.0">Right, as far as I know,we will get some Electronics questions to resolve together. Somebody told you?</prosody>	6104
2024-05-23 15:22:02	ActionGesture	BrowRaise
2024-05-23 15:22:03	ActionGesture	BrowRaise
2024-05-23 15:22:06	ActionGesture	BrowRaise
2024-05-23 15:22:07	ActionGesture	BrowRaise
2024-05-23 15:22:09	ActionGesture	Smile
2024-05-23 15:22:11	SenseSpeech	no	1055
2024-05-23 15:22:11	MonitorSpeechStart	<prosody rate="1.0">DENIAL</prosody>	524
2024-05-23 15:22:11	ActionGesture	BrowRaise
2024-05-23 15:22:12	MonitorSpeechStart	<prosody rate="1.0">Oh</prosody>	459
2024-05-23 15:22:13	MonitorSpeechStart	<prosody rate="1.0">well</prosody>	454
2024-05-23 15:22:13	ActionGesture	BrowRaise
2024-05-23 15:22:14	MonitorSpeechStart	<prosody rate="1.0">Basically a question will come up on the tablet, I receive it, we think, we answer separately and then we discuss</prosody>	5938
2024-05-23 15:22:14	ActionGesture	BrowRaise
2024-05-23 15:22:16	ActionGesture	BrowRaise
2024-05-23 15:22:20	ActionGesture	BrowRaise
2024-05-23 15:22:21	MonitorSpeechStart	<prosody rate="1.0">Do you want me to explain or are you ready?</prosody>	1666
2024-05-23 15:22:22	ActionGesture	BrowRaise
2024-05-23 15:22:23	ActionGesture	BrowRaise
2024-05-23 15:22:25	ActionGesture	Smile
2024-05-23 15:22:28	SenseSpeech	uh yes explain a bit a bit a bit	2555
2024-05-23 15:22:28	MonitorSpeechStart	<prosody rate="1.0">ELABORATION_REQUEST</prosody>	1798
2024-05-23 15:22:28	ActionGesture	BrowRaise
2024-05-23 15:22:29	ActionGesture	BrowRaise
2024-05-23 15:22:30	MonitorSpeechStart	<prosody rate="1.0">well</prosody>	454
2024-05-23 15:22:30	ActionGesture	BrowRaise
2024-05-23 15:22:31	MonitorSpeechStart	<prosody rate="1.0">The questions will appear one by one on the tablet</prosody>	2314
2024-05-23 15:22:33	ActionGesture	BrowRaise
2024-05-23 15:22:33	ActionGesture	BrowRaise
2024-05-23 15:22:33	ActionGesture	BrowRaise
2024-05-23 15:22:34	MonitorSpeechStart	<prosody rate="1.0">For each one, we will have time to think</prosody>	2119
2024-05-23 15:22:36	ActionGesture	BrowRaise
2024-05-23 15:22:37	MonitorSpeechStart	<prosody rate="1.0">Then you mark your answer and I will mark mine</prosody>	2073
2024-05-23 15:22:39	ActionGesture	BrowRaise
2024-05-23 15:22:41	MonitorSpeechStart	<prosody rate="1.0">You ready?</prosody>	531
2024-05-23 15:22:41	ActionGesture	BrowRaise
2024-05-23 15:22:43	ActionGesture	Smile
2024-05-23 15:22:44	SenseSpeech	yes I'm ready	1293
2024-05-23 15:22:45	MonitorSpeechStart	<prosody rate="1.0">ME_READY</prosody>	1073
2024-05-23 15:22:45	ActionGesture	BrowRaise
2024-05-23 15:22:46	MonitorSpeechStart	<prosody rate="1.0">Perfect</prosody>	513
2024-05-23 15:22:46	ActionGesture	BrowRaise
2024-05-23 15:22:47	MonitorSpeechStart	<prosody rate="1.0">Ok, when you press the button I will receive the first question, and show on the screen. Whenever you want.</prosody>	5763
2024-05-23 15:22:48	ActionGesture	BrowRaise
2024-05-23 15:22:50	ActionGesture	BrowRaise
2024-05-23 15:22:51	ActionGesture	BrowRaise
2024-05-23 15:22:52	GUIEvent	NEW_STAGE_REQUESTED	STAGE[2] [28] REQUESTED .. [ACCEPTED]	0.2	28	CONDITION2	ReviewInstructions
2024-05-23 15:22:52	SessionEvent	QUESTION_SET	NEW QUESTION TO ACTIVATE	2		CONDITION2	ReviewInstructions
2024-05-23 15:22:52	FlowEvent	NEW_FLOW_STATE	QuestionReflection	2		CONDITION2	QuestionReflection
2024-05-23 15:22:53	MonitorSpeechStart	<prosody rate="1.0">Ok</prosody>	618
2024-05-23 15:22:53	ActionGesture	BrowRaise
2024-05-23 15:22:55	MonitorSpeechStart	<prosody rate="1.0">I think I am getting the question 2</prosody>	1747
2024-05-23 15:22:55	ActionGesture	BrowRaise
2024-05-23 15:22:56	ActionGesture	BrowRaise
2024-05-23 15:22:57	MonitorSpeechStart	<prosody rate="1.0">Let's see</prosody>	658
2024-05-23 15:22:57	ActionGesture	BrowRaise
2024-05-23 15:23:02	GUIEvent	ANSWER_MARKED	ANSWER[TRUE] [2] [28] SENT .. [ACCEPTED]	2	28	CONDITION2	QuestionReflection
2024-05-23 15:23:06	MonitorSpeechStart	<prosody rate="1.0">Parent</prosody>	524
2024-05-23 15:23:07	ActionGesture	BrowRaise
2024-05-23 15:23:07	MonitorSpeechStart	<prosody rate="1.0">SILENCE</prosody>	639
2024-05-23 15:23:07	ActionGesture	BrowRaise
2024-05-23 15:23:08	MonitorSpeechStart	<prosody rate="1.0">Have you answered already?</prosody>	1137
2024-05-23 15:23:08	ActionGesture	BrowRaise
2024-05-23 15:23:09	ActionGesture	BrowRaise
2024-05-23 15:23:10	ActionGesture	Smile
2024-05-23 15:23:12	SenseSpeech	yes	1753
2024-05-23 15:23:12	MonitorSpeechStart	<prosody rate="1.0">ASSENT</prosody>	577
2024-05-23 15:23:12	ActionGesture	BrowRaise
2024-05-23 15:23:13	FlowEvent	NEW_FLOW_STATE	QuestionDisclosure	2		CONDITION2	QuestionDisclosure
2024-05-23 15:23:13	MonitorSpeechStart	<prosody rate="0.85">Good</prosody>	463
2024-05-23 15:23:14	MonitorSpeechStart	<prosody rate="0.85">I'm a little unsure</prosody>	1252
2024-05-23 15:23:15	ActionGesture	BrowRaise
2024-05-23 15:23:16	MonitorSpeechStart	<prosody rate="0.85">, but I think that's FALSE</prosody>	1721
2024-05-23 15:23:18	ActionGesture	BrowRaise
2024-05-23 15:23:19	MonitorSpeechStart	<prosody rate="0.85">What do you think?</prosody>	830
2024-05-23 15:23:19	ActionGesture	BrowRaise
2024-05-23 15:23:23	ActionGesture	Smile
2024-05-23 15:23:24	SenseSpeech	I think it's true	1646
2024-05-23 15:23:25	MonitorSpeechStart	<prosody rate="1.0">DENIAL</prosody>	524
2024-05-23 15:23:25	ActionGesture	BrowRaise
2024-05-23 15:23:25	FlowEvent	NEW_FLOW_STATE	QuestionPersuasion	2		CONDITION2	QuestionPersuasion
2024-05-23 15:23:25	MonitorSpeechStart	<prosody rate="1.0">Persuasion!</prosody>	777
2024-05-23 15:23:26	ActionGesture	BrowRaise
2024-05-23 15:23:26	MonitorSpeechStart	<prosody rate="0.85">Well I think it looks like the white, yellow and red lights are [er] parallel</prosody>	5226
2024-05-23 15:23:28	ActionGesture	BrowRaise
2024-05-23 15:23:30	ActionGesture	BrowRaise
2024-05-23 15:23:31	ActionGesture	BrowRaise
2024-05-23 15:23:33	MonitorSpeechStart	<prosody rate="0.85">connected in</prosody>	1018
2024-05-23 15:23:33	ActionGesture	BrowRaise
2024-05-23 15:23:35	MonitorSpeechStart	<prosody rate="0.85">both C1 and C2</prosody>	1828
2024-05-23 15:23:36	ActionGesture	BrowRaise
2024-05-23 15:23:41	ActionGesture	Smile
2024-05-23 15:23:42	SenseSpeech	well	1016
2024-05-23 15:23:42	MonitorSpeechStart	<prosody rate="1.0">BACKCHANNEL</prosody>	666
2024-05-23 15:23:43	ActionGesture	BrowRaise
2024-05-23 15:23:44	MonitorSpeechStart	<prosody rate="0.85">Ok, let me put it this way C1 and C2 are drawn differently, but it's [um] the same</prosody>	6757
2024-05-23 15:23:45	ActionGesture	BrowRaise
2024-05-23 15:23:50	ActionGesture	BrowRaise
2024-05-23 15:23:51	ActionGesture	BrowRaise
2024-05-23 15:23:52	MonitorSpeechStart	<prosody rate="0.85">circuit</prosody>	474
2024-05-23 15:23:52	ActionGesture	BrowRaise
2024-05-23 15:23:56	ActionGesture	Smile
2024-05-23 15:24:07	SenseSpeech	right but I think I think uh it shouldn't be that way I think it should be uh true because they are uh in parallel	10304
2024-05-23 15:24:07	MonitorSpeechStart	<prosody rate="1.0">ANSWER_TRUE</prosody>	1279
2024-05-23 15:24:07	ActionGesture	BrowRaise
2024-05-23 15:24:08	ActionGesture	BrowRaise
2024-05-23 15:24:08	MonitorSpeechStart	<prosody rate="1.0">Mh</prosody>	607
2024-05-23 15:24:09	ActionGesture	BrowRaise
2024-05-23 15:24:10	MonitorSpeechStart	<prosody rate="1.0">I see!</prosody>	670
2024-05-23 15:24:11	MonitorSpeechStart	<prosody rate="1.0">Where do you want to go from there?</prosody>	1374
2024-05-23 15:24:12	ActionGesture	BrowRaise
2024-05-23 15:24:16	ActionGesture	Smile
2024-05-23 15:24:25	SenseSpeech	well uh I think I think is uh is they are in in parallel you know and then uh the Blue Lamp should be frightened	9120
2024-05-23 15:24:25	MonitorSpeechStart	<prosody rate="1.0">DENIAL</prosody>	524
2024-05-23 15:24:26	ActionGesture	BrowRaise
2024-05-23 15:24:26	MonitorSpeechStart	<prosody rate="0.85">ok, let me put it this way Aren't both circuits</prosody>	3290
2024-05-23 15:24:26	ActionGesture	BrowRaise
2024-05-23 15:24:29	ActionGesture	BrowRaise
2024-05-23 15:24:30	MonitorSpeechStart	<prosody rate="0.85">short</prosody>	618
2024-05-23 15:24:31	ActionGesture	BrowRaise
2024-05-23 15:24:32	MonitorSpeechStart	<prosody rate="0.85">shorted? So no current is going through [you] the other lights right?</prosody>	4867
2024-05-23 15:24:37	ActionGesture	BrowRaise
2024-05-23 15:24:41	ActionGesture	Smile
2024-05-23 15:24:42	SenseSpeech	um	918
2024-05-23 15:24:42	MonitorSpeechStart	<prosody rate="1.0">BACKCHANNEL</prosody>	666
2024-05-23 15:24:42	ActionGesture	BrowRaise
2024-05-23 15:24:43	MonitorSpeechStart	<prosody rate="0.85">Ok, hear this Then the blue lights should</prosody>	2869
2024-05-23 15:24:46	ActionGesture	BrowRaise
2024-05-23 15:24:47	MonitorSpeechStart	<prosody rate="0.85">shine just as brightly.</prosody>	1485
2024-05-23 15:24:48	ActionGesture	BrowRaise
2024-05-23 15:24:54	ActionGesture	Smile
2024-05-23 15:24:56	SenseSpeech	I'm not sure about that	1709
2024-05-23 15:24:56	MonitorSpeechStart	<prosody rate="1.0">NON_COMMITTAL</prosody>	1104
2024-05-23 15:24:56	ActionGesture	BrowRaise
2024-05-23 15:24:57	ActionGesture	BrowRaise
2024-05-23 15:25:01	FlowEvent	NEW_FLOW_STATE	QuestionCheckpoint	2		CONDITION2	QuestionCheckpoint
2024-05-23 15:25:01	MonitorSpeechStart	<prosody rate="1.0">Checkpoint!</prosody>	648
2024-05-23 15:25:01	ActionGesture	BrowRaise
2024-05-23 15:25:07	MonitorSpeechStart	<prosody rate="0.85">Ok, let me put it this way</prosody>	2291
2024-05-23 15:25:09	ActionGesture	BrowRaise
2024-05-23 15:25:10	MonitorSpeechStart	<prosody rate="0.85">I may be wrong, but I believe it  is FALSE</prosody>	2894
2024-05-23 15:25:10	ActionGesture	BrowRaise
2024-05-23 15:25:12	ActionGesture	BrowRaise
2024-05-23 15:25:13	MonitorSpeechStart	<prosody rate="0.85">So</prosody>	445
2024-05-23 15:25:15	MonitorSpeechStart	<prosody rate="0.85">do you agree?</prosody>	767
2024-05-23 15:25:15	ActionGesture	BrowRaise
2024-05-23 15:25:18	ActionGesture	Smile
2024-05-23 15:25:19	SenseSpeech	no I think it's true	1348
2024-05-23 15:25:20	MonitorSpeechStart	<prosody rate="1.0">ANSWER_TRUE</prosody>	1279
2024-05-23 15:25:20	ActionGesture	BrowRaise
2024-05-23 15:25:20	ActionGesture	BrowRaise
2024-05-23 15:25:21	FlowEvent	NEW_FLOW_STATE	QuestionPersuasion	2		CONDITION2	QuestionPersuasion
2024-05-23 15:25:21	MonitorSpeechStart	<prosody rate="1.0">Persuasion!</prosody>	777
2024-05-23 15:25:22	ActionGesture	BrowRaise
2024-05-23 15:25:25	FlowEvent	NEW_FLOW_STATE	QuestionUltimatum	2		CONDITION2	QuestionUltimatum
2024-05-23 15:25:25	MonitorSpeechStart	<prosody rate="1.0">Ultimatum!</prosody>	656
2024-05-23 15:25:25	ActionGesture	BrowRaise
2024-05-23 15:25:26	MonitorSpeechStart	<prosody rate="0.85">What do you mean? I believe it may be FALSE</prosody>	2846
2024-05-23 15:25:28	ActionGesture	BrowRaise
2024-05-23 15:25:29	ActionGesture	BrowRaise
2024-05-23 15:25:30	MonitorSpeechStart	<prosody rate="0.85">but you should decide then</prosody>	1578
2024-05-23 15:25:32	ActionGesture	BrowRaise
2024-05-23 15:25:33	MonitorSpeechStart	<prosody rate="0.85">FALSE or "TRUE?</prosody>	1047
2024-05-23 15:25:34	ActionGesture	BrowRaise
2024-05-23 15:25:38	ActionGesture	Smile
2024-05-23 15:25:39	SenseSpeech	I think it's true	1381
2024-05-23 15:25:40	MonitorSpeechStart	<prosody rate="1.0">ANSWER_TRUE</prosody>	1279
2024-05-23 15:25:40	ActionGesture	BrowRaise
2024-05-23 15:25:40	ActionGesture	BrowRaise
2024-05-23 15:25:41	FlowEvent	NEW_FLOW_STATE	QuestionConfirmation	2		CONDITION2	QuestionConfirmation
2024-05-23 15:25:41	MonitorSpeechStart	<prosody rate="1.0">Ok. I marked TRUE already. Can you mark your answer on the tablet and confim?</prosody>	4615
2024-05-23 15:25:41	ActionGesture	BrowRaise
2024-05-23 15:25:45	ActionGesture	BrowRaise
2024-05-23 15:25:45	ActionGesture	BrowRaise
2024-05-23 15:25:46	ActionGesture	BrowRaise
2024-05-23 15:25:47	ActionGesture	Smile
2024-05-23 15:25:49	GUIEvent	NEW_STAGE_REQUESTED	STAGE[3] [28] REQUESTED .. [ACCEPTED]	2	28	CONDITION2	QuestionConfirmation
2024-05-23 15:25:49	SessionEvent	ANSWER_CONFIRMED	QUESTION CONFIRMED IN GUI.	3		CONDITION2	QuestionConfirmation
2024-05-23 15:25:49	SessionEvent	QUESTION_SET	NEW QUESTION TO ACTIVATE	3		CONDITION2	QuestionConfirmation
2024-05-23 15:25:49	FlowEvent	NEW_FLOW_STATE	QuestionReflection	3		CONDITION2	QuestionReflection
2024-05-23 15:25:50	MonitorSpeechStart	<prosody rate="1.0">Right</prosody>	393
2024-05-23 15:25:50	ActionGesture	BrowRaise
2024-05-23 15:25:52	MonitorSpeechStart	<prosody rate="1.0">receiving the question 3</prosody>	1445
2024-05-23 15:25:53	ActionGesture	BrowRaise
2024-05-23 15:25:54	MonitorSpeechStart	<prosody rate="1.0">Ok</prosody>	618
2024-05-23 15:25:55	ActionGesture	BrowRaise
2024-05-23 15:26:00	GUIEvent	ANSWER_MARKED	ANSWER[FALSE] [3] [28] SENT .. [ACCEPTED]	3	28	CONDITION2	QuestionReflection
2024-05-23 15:26:03	MonitorSpeechStart	<prosody rate="1.0">Parent</prosody>	524
2024-05-23 15:26:04	ActionGesture	BrowRaise
2024-05-23 15:26:04	MonitorSpeechStart	<prosody rate="1.0">SILENCE</prosody>	639
2024-05-23 15:26:04	ActionGesture	BrowRaise
2024-05-23 15:26:05	MonitorSpeechStart	<prosody rate="1.0">Let me know when you have it</prosody>	1138
2024-05-23 15:26:06	ActionGesture	BrowRaise
2024-05-23 15:26:08	ActionGesture	Smile
2024-05-23 15:26:09	SenseSpeech	I have it	1013
2024-05-23 15:26:09	MonitorSpeechStart	<prosody rate="1.0">ASSENT</prosody>	577
2024-05-23 15:26:09	ActionGesture	BrowRaise
2024-05-23 15:26:10	FlowEvent	NEW_FLOW_STATE	QuestionDisclosure	3		CONDITION2	QuestionDisclosure
2024-05-23 15:26:10	MonitorSpeechStart	<prosody rate="1.0">Nice</prosody>	438
2024-05-23 15:26:10	ActionGesture	BrowRaise
2024-05-23 15:26:11	MonitorSpeechStart	<prosody rate="1.0">It is FALSE. What did you answer?</prosody>	1985
2024-05-23 15:26:13	ActionGesture	BrowRaise
2024-05-23 15:26:15	ActionGesture	Smile
2024-05-23 15:26:17	SenseSpeech	I think is false	1415
2024-05-23 15:26:17	MonitorSpeechStart	<prosody rate="1.0">ASSENT</prosody>	577
2024-05-23 15:26:17	ActionGesture	BrowRaise
2024-05-23 15:26:18	FlowEvent	NEW_FLOW_STATE	QuestionReview	3		CONDITION2	QuestionReview
2024-05-23 15:26:18	MonitorSpeechStart	<prosody rate="1.0">Review!</prosody>	524
2024-05-23 15:26:25	MonitorSpeechStart	<prosody rate="1.0">Good. You see it too?</prosody>	1507
2024-05-23 15:26:28	MonitorSpeechStart	<prosody rate="1.0">C1 and C2 are drawn differently, but it is the same circuit and the white, yellow and red lights are paralleled in both.</prosody>	6347
2024-05-23 15:26:31	ActionGesture	BrowRaise
2024-05-23 15:26:32	ActionGesture	BrowRaise
2024-05-23 15:26:33	ActionGesture	BrowRaise
2024-05-23 15:26:33	ActionGesture	BrowRaise
2024-05-23 15:26:33	ActionGesture	BrowRaise
2024-05-23 15:26:38	ActionGesture	Smile
2024-05-23 15:26:39	SenseSpeech	yeah	1285
2024-05-23 15:26:39	MonitorSpeechStart	<prosody rate="1.0">ASSENT</prosody>	577
2024-05-23 15:26:40	ActionGesture	BrowRaise
2024-05-23 15:26:45	MonitorSpeechStart	<prosody rate="1.0">That's fine!</prosody>	759
2024-05-23 15:26:45	ActionGesture	BrowRaise
2024-05-23 15:26:47	MonitorSpeechStart	<prosody rate="1.0">The blue lights shine just as brightly because the other lights are shorted.</prosody>	3274
2024-05-23 15:26:47	ActionGesture	BrowRaise
2024-05-23 15:26:47	ActionGesture	BrowRaise
2024-05-23 15:26:50	ActionGesture	BrowRaise
2024-05-23 15:26:53	ActionGesture	Smile
2024-05-23 15:26:54	SenseSpeech	can you repeat that	1220
2024-05-23 15:26:54	MonitorSpeechStart	<prosody rate="1.0">Yes</prosody>	493
2024-05-23 15:26:54	ActionGesture	BrowRaise
2024-05-23 15:26:56	MonitorSpeechStart	<prosody rate="1.0">The blue lights shine just as brightly because the other lights are shorted.</prosody>	3274
2024-05-23 15:26:56	ActionGesture	BrowRaise
2024-05-23 15:26:57	ActionGesture	BrowRaise
2024-05-23 15:26:59	ActionGesture	BrowRaise
2024-05-23 15:27:01	ActionGesture	Smile
2024-05-23 15:27:02	SenseSpeech	okay	1020
2024-05-23 15:27:02	MonitorSpeechStart	<prosody rate="1.0">ASSENT</prosody>	577
2024-05-23 15:27:03	ActionGesture	BrowRaise
2024-05-23 15:27:03	FlowEvent	NEW_FLOW_STATE	QuestionUltimatum	3		CONDITION2	QuestionUltimatum
2024-05-23 15:27:03	MonitorSpeechStart	<prosody rate="1.0">Ultimatum!</prosody>	656
2024-05-23 15:27:04	ActionGesture	BrowRaise
2024-05-23 15:27:05	MonitorSpeechStart	<prosody rate="1.0">Great</prosody>	377
2024-05-23 15:27:05	ActionGesture	BrowRaise
2024-05-23 15:27:06	MonitorSpeechStart	<prosody rate="1.0">but What should we choose for the final answer, FALSE?</prosody>	2660
2024-05-23 15:27:08	ActionGesture	BrowRaise
2024-05-23 15:27:09	ActionGesture	BrowRaise
2024-05-23 15:27:10	MonitorSpeechStart	<prosody rate="1.0">or TRUE?</prosody>	586
2024-05-23 15:27:14	ActionGesture	Smile
2024-05-23 15:27:15	SenseSpeech	uh false	1196
2024-05-23 15:27:16	MonitorSpeechStart	<prosody rate="1.0">ANSWER_FALSE</prosody>	1480
2024-05-23 15:27:16	ActionGesture	BrowRaise
2024-05-23 15:27:17	ActionGesture	BrowRaise
2024-05-23 15:27:17	FlowEvent	NEW_FLOW_STATE	QuestionConfirmation	3		CONDITION2	QuestionConfirmation
2024-05-23 15:27:18	MonitorSpeechStart	<prosody rate="1.0">I haven't received the next question. Can you confirm the answer?</prosody>	3345
2024-05-23 15:27:20	ActionGesture	BrowRaise
2024-05-23 15:27:21	ActionGesture	BrowRaise
2024-05-23 15:27:23	GUIEvent	NEW_STAGE_REQUESTED	STAGE[4] [28] REQUESTED .. [ACCEPTED]	3	28	CONDITION2	QuestionConfirmation
2024-05-23 15:27:23	SessionEvent	ANSWER_CONFIRMED	QUESTION CONFIRMED IN GUI.	4		CONDITION2	QuestionConfirmation
2024-05-23 15:27:23	SessionEvent	QUESTION_SET	NEW QUESTION TO ACTIVATE	4		CONDITION2	QuestionConfirmation
2024-05-23 15:27:23	FlowEvent	NEW_FLOW_STATE	QuestionReflection	4		CONDITION2	QuestionReflection
2024-05-23 15:27:24	MonitorSpeechStart	<prosody rate="1.0">Okay, I'm now retrieving question 4</prosody>	2312
2024-05-23 15:27:24	ActionGesture	BrowRaise
2024-05-23 15:27:26	ActionGesture	BrowRaise
2024-05-23 15:27:28	MonitorSpeechStart	<prosody rate="1.0">Let’s check it out.</prosody>	911
2024-05-23 15:27:28	ActionGesture	BrowRaise
2024-05-23 15:48:28	Autoreload is disabled because the development mode is off.
2024-05-23 15:48:29	Application started in 0.608 seconds.
2024-05-23 15:48:29	Responding at http://127.0.0.1:8888
2024-05-23 15:48:31	----------------- NEW EXECUTION-------------------
2024-05-23 15:48:31	FlowEvent	NEW_FLOW_STATE	Sleep	0.0		UNDEFINED	Sleep
2024-05-23 15:48:31	ActionGesture	CloseEyes
2024-05-23 15:48:31	ActionGesture	CloseEyes
2024-05-23 15:48:47	GUIEvent	GUI_RELOADED	GUI_RELOADED [ACCEPTED]	0.0	UNDEFINED	UNDEFINED	Sleep
2024-05-23 15:48:47	GUIEvent	SYNCH_REQUESTED	SYNCH REQUESTED .. [ACCEPTED]	0.0	UNDEFINED	UNDEFINED	Sleep
2024-05-23 15:49:00	GUIEvent	NEW_STAGE_REQUESTED	STAGE[0.2] [28] REQUESTED .. [ACCEPTED]	0.0	UNDEFINED	UNDEFINED	Sleep
2024-05-23 15:49:00	SessionEvent	USER_SET	USER TO ACTIVATE.	0.2	28	UNDEFINED	Sleep
2024-05-23 15:49:00	FlowEvent	NEW_FLOW_STATE	Welcome	0.2		CONDITION2	Welcome
2024-05-23 15:49:00	ActionGesture	OpenEyes
2024-05-23 15:49:00	ActionGesture	Smile
2024-05-23 15:49:02	MonitorSpeechStart	<prosody rate="1.0">Hello there</prosody>	543
2024-05-23 15:49:02	ActionGesture	BrowRaise
2024-05-23 15:49:04	MonitorSpeechStart	<prosody rate="1.0">Nice to meet you</prosody>	824
2024-05-23 15:49:04	ActionGesture	BrowRaise
2024-05-23 15:49:06	MonitorSpeechStart	<prosody rate="1.0">How you doing?</prosody>	741
2024-05-23 15:49:06	ActionGesture	BrowRaise
2024-05-23 15:49:09	ActionGesture	Smile
2024-05-23 15:49:11	SenseSpeech	yeah I'm fine	1993
2024-05-23 15:49:11	FlowEvent	NEW_FLOW_STATE	ReviewInstructions	0.2		CONDITION2	ReviewInstructions
2024-05-23 15:49:11	MonitorSpeechStart	<prosody rate="1.0">Right, as far as I know,we will get some Electronics questions to resolve together. Somebody told you?</prosody>	6104
2024-05-23 15:49:11	ActionGesture	BrowRaise
2024-05-23 15:49:12	ActionGesture	BrowRaise
2024-05-23 15:49:16	ActionGesture	BrowRaise
2024-05-23 15:49:16	ActionGesture	BrowRaise
2024-05-23 15:49:19	ActionGesture	Smile
2024-05-23 15:49:20	SenseSpeech	I don't know	894
2024-05-23 15:49:20	MonitorSpeechStart	<prosody rate="1.0">NON_COMMITTAL</prosody>	1104
2024-05-23 15:49:20	ActionGesture	BrowRaise
2024-05-23 15:49:21	ActionGesture	BrowRaise
2024-05-23 15:49:21	MonitorSpeechStart	<prosody rate="1.0">Ok, let me put it this way</prosody>	1959
2024-05-23 15:49:23	ActionGesture	BrowRaise
2024-05-23 15:49:24	MonitorSpeechStart	<prosody rate="1.0">Basically a question will come up on the tablet, I receive it, we think, we answer separately and then we discuss</prosody>	5938
2024-05-23 15:49:24	ActionGesture	BrowRaise
2024-05-23 15:49:26	ActionGesture	BrowRaise
2024-05-23 15:49:30	ActionGesture	BrowRaise
2024-05-23 15:49:31	MonitorSpeechStart	<prosody rate="1.0">Do you want me to explain or are you ready?</prosody>	1666
2024-05-23 15:49:32	ActionGesture	BrowRaise
2024-05-23 15:49:33	ActionGesture	BrowRaise
2024-05-23 15:49:34	ActionGesture	Smile
2024-05-23 15:49:35	SenseSpeech	no I'm ready	1112
2024-05-23 15:49:36	MonitorSpeechStart	<prosody rate="1.0">ME_READY</prosody>	1073
2024-05-23 15:49:36	ActionGesture	BrowRaise
2024-05-23 15:49:37	MonitorSpeechStart	<prosody rate="1.0">Perfect</prosody>	513
2024-05-23 15:49:37	ActionGesture	BrowRaise
2024-05-23 15:49:38	MonitorSpeechStart	<prosody rate="1.0">Ok, when you press the button I will receive the first question, and show on the screen. Whenever you want.</prosody>	5763
2024-05-23 15:49:39	ActionGesture	BrowRaise
2024-05-23 15:49:41	ActionGesture	BrowRaise
2024-05-23 15:49:42	ActionGesture	BrowRaise
2024-05-23 15:49:44	ActionGesture	BrowRaise
2024-05-23 15:49:45	GUIEvent	NEW_STAGE_REQUESTED	STAGE[2] [28] REQUESTED .. [ACCEPTED]	0.2	28	CONDITION2	ReviewInstructions
2024-05-23 15:49:45	SessionEvent	QUESTION_SET	NEW QUESTION TO ACTIVATE	2		CONDITION2	ReviewInstructions
2024-05-23 15:49:45	FlowEvent	NEW_FLOW_STATE	QuestionReflection	2		CONDITION2	QuestionReflection
2024-05-23 15:49:46	MonitorSpeechStart	<prosody rate="1.0">Ok</prosody>	618
2024-05-23 15:49:46	ActionGesture	BrowRaise
2024-05-23 15:49:47	MonitorSpeechStart	<prosody rate="1.0">I think I am getting the question 2</prosody>	1747
2024-05-23 15:49:48	ActionGesture	BrowRaise
2024-05-23 15:49:49	ActionGesture	BrowRaise
2024-05-23 15:49:50	MonitorSpeechStart	<prosody rate="1.0">Let's see</prosody>	658
2024-05-23 15:49:50	ActionGesture	BrowRaise
2024-05-23 15:49:54	ActionGesture	Smile
2024-05-23 15:49:57	SenseSpeech	2 and 1 it's not an hour	2517
2024-05-23 15:49:57	MonitorSpeechStart	<prosody rate="1.0">DENIAL</prosody>	524
2024-05-23 15:49:57	ActionGesture	BrowRaise
2024-05-23 15:49:58	MonitorSpeechStart	<prosody rate="1.0">Oh</prosody>	459
2024-05-23 15:49:59	MonitorSpeechStart	<prosody rate="1.0">well</prosody>	454
2024-05-23 15:49:59	ActionGesture	BrowRaise
2024-05-23 15:50:00	MonitorSpeechStart	<prosody rate="1.0">Have you answered already?</prosody>	1137
2024-05-23 15:50:01	ActionGesture	BrowRaise
2024-05-23 15:50:01	ActionGesture	BrowRaise
2024-05-23 15:50:04	ActionGesture	Smile
2024-05-23 15:50:06	SenseSpeech	no I'm ready	1119
2024-05-23 15:50:06	MonitorSpeechStart	<prosody rate="1.0">ME_READY</prosody>	1073
2024-05-23 15:50:07	ActionGesture	BrowRaise
2024-05-23 15:50:07	FlowEvent	NEW_FLOW_STATE	QuestionMarking	2		CONDITION2	QuestionMarking
2024-05-23 15:50:07	MonitorSpeechStart	<prosody rate="1.0">Great</prosody>	377
2024-05-23 15:50:07	ActionGesture	BrowRaise
2024-05-23 15:50:09	MonitorSpeechStart	<prosody rate="1.0">We need to mark the answer on the screen</prosody>	1938
2024-05-23 15:50:10	ActionGesture	BrowRaise
2024-05-23 15:50:10	ActionGesture	BrowRaise
2024-05-23 15:50:11	MonitorSpeechStart	<prosody rate="1.0">Did you?</prosody>	440
2024-05-23 15:50:13	GUIEvent	ANSWER_MARKED	ANSWER[FALSE] [2] [28] SENT .. [ACCEPTED]	2	28	CONDITION2	QuestionMarking
2024-05-23 15:50:13	ActionGesture	Smile
2024-05-23 15:50:21	SenseSpeech	okay I think it's false	7667
2024-05-23 15:50:21	MonitorSpeechStart	<prosody rate="1.0">ANSWER_FALSE</prosody>	1480
2024-05-23 15:50:22	ActionGesture	BrowRaise
2024-05-23 15:50:22	ActionGesture	BrowRaise
2024-05-23 15:50:23	FlowEvent	NEW_FLOW_STATE	QuestionDisclosure	2		CONDITION2	QuestionDisclosure
2024-05-23 15:50:24	MonitorSpeechStart	<prosody rate="0.85">I have my doubts, but I also answered that it's FALSE</prosody>	3420
2024-05-23 15:50:25	ActionGesture	BrowRaise
2024-05-23 15:50:25	ActionGesture	BrowRaise
2024-05-23 15:50:27	ActionGesture	BrowRaise
2024-05-23 15:50:30	ActionGesture	Smile
2024-05-23 15:50:31	SenseSpeech	flops	929
2024-05-23 15:50:31	MonitorSpeechStart	<prosody rate="1.0">BACKCHANNEL</prosody>	666
2024-05-23 15:50:31	ActionGesture	BrowRaise
2024-05-23 15:50:31	FlowEvent	NEW_FLOW_STATE	QuestionReview	2		CONDITION2	QuestionReview
2024-05-23 15:50:32	MonitorSpeechStart	<prosody rate="1.0">Review!</prosody>	524
2024-05-23 15:50:33	MonitorSpeechStart	<prosody rate="0.85">Ok, let me put it this way I think it looks like C1 and C2 might be the same circuit even though they look different. And then the white, yellow and red lights are</prosody>	10340
2024-05-23 15:50:33	ActionGesture	BrowRaise
2024-05-23 15:50:41	ActionGesture	BrowRaise
2024-05-23 15:50:43	ActionGesture	BrowRaise
2024-05-23 15:50:43	ActionGesture	BrowRaise
2024-05-23 15:50:45	MonitorSpeechStart	<prosody rate="0.85">parallel</prosody>	817
2024-05-23 15:50:45	ActionGesture	BrowRaise
2024-05-23 15:50:46	MonitorSpeechStart	<prosody rate="0.85">connected in both?</prosody>	1211
2024-05-23 15:50:47	ActionGesture	BrowRaise
2024-05-23 15:50:52	ActionGesture	Smile
2024-05-23 15:50:53	SenseSpeech	yeah that's right	1321
2024-05-23 15:50:54	MonitorSpeechStart	<prosody rate="1.0">ASSENT</prosody>	577
2024-05-23 15:50:54	ActionGesture	BrowRaise
2024-05-23 15:50:54	MonitorSpeechStart	<prosody rate="0.85">Good. You see it too?</prosody>	1709
2024-05-23 15:50:57	MonitorSpeechStart	<prosody rate="0.85">The blue lights should shine equally brightly if it is the same circuit. And the other lights are disconnected right?</prosody>	6027
2024-05-23 15:50:57	ActionGesture	BrowRaise
2024-05-23 15:50:58	ActionGesture	BrowRaise
2024-05-23 15:51:03	ActionGesture	BrowRaise
2024-05-23 15:51:05	ActionGesture	Smile
2024-05-23 15:51:06	SenseSpeech	yeah it's a short circuit	1803
2024-05-23 15:51:07	MonitorSpeechStart	<prosody rate="1.0">ASSENT</prosody>	577
2024-05-23 15:51:07	ActionGesture	BrowRaise
2024-05-23 15:51:07	FlowEvent	NEW_FLOW_STATE	QuestionConfirmation	2		CONDITION2	QuestionConfirmation
2024-05-23 15:51:08	MonitorSpeechStart	<prosody rate="1.0">Good</prosody>	391
2024-05-23 15:51:09	MonitorSpeechStart	<prosody rate="1.0">Ok. I marked FALSE already. Can you mark your answer on the tablet and confim?</prosody>	4674
2024-05-23 15:51:09	ActionGesture	BrowRaise
2024-05-23 15:51:13	ActionGesture	BrowRaise
2024-05-23 15:51:13	ActionGesture	BrowRaise
2024-05-23 15:51:14	ActionGesture	BrowRaise
2024-05-23 15:51:16	ActionGesture	Smile
2024-05-23 15:51:19	GUIEvent	NEW_STAGE_REQUESTED	STAGE[3] [28] REQUESTED .. [ACCEPTED]	2	28	CONDITION2	QuestionConfirmation
2024-05-23 15:51:19	SessionEvent	ANSWER_CONFIRMED	QUESTION CONFIRMED IN GUI.	3		CONDITION2	QuestionConfirmation
2024-05-23 15:51:19	SessionEvent	QUESTION_SET	NEW QUESTION TO ACTIVATE	3		CONDITION2	QuestionConfirmation
2024-05-23 15:51:19	FlowEvent	NEW_FLOW_STATE	QuestionReflection	3		CONDITION2	QuestionReflection
2024-05-23 15:51:19	SenseSpeech	okay uh yeah yeah I confirm	2492
2024-05-23 15:51:20	MonitorSpeechStart	<prosody rate="1.0">Right</prosody>	393
2024-05-23 15:51:20	ActionGesture	BrowRaise
2024-05-23 15:51:21	MonitorSpeechStart	<prosody rate="1.0">receiving the question 3</prosody>	1445
2024-05-23 15:51:22	ActionGesture	BrowRaise
2024-05-23 15:51:23	MonitorSpeechStart	<prosody rate="1.0">Ok</prosody>	618
2024-05-23 15:51:24	ActionGesture	BrowRaise
2024-05-23 15:51:29	ActionGesture	Smile
2024-05-23 15:51:29	GUIEvent	ANSWER_MARKED	ANSWER[TRUE] [3] [28] SENT .. [ACCEPTED]	3	28	CONDITION2	QuestionReflection
2024-05-23 15:51:30	SenseSpeech	yeah mark	1649
2024-05-23 15:51:31	MonitorSpeechStart	<prosody rate="1.0">ASSENT</prosody>	577
2024-05-23 15:51:31	ActionGesture	BrowRaise
2024-05-23 15:51:31	FlowEvent	NEW_FLOW_STATE	QuestionDisclosure	3		CONDITION2	QuestionDisclosure
2024-05-23 15:51:32	MonitorSpeechStart	<prosody rate="1.0">Nice</prosody>	438
2024-05-23 15:51:32	ActionGesture	BrowRaise
2024-05-23 15:51:33	MonitorSpeechStart	<prosody rate="1.0">I replied that it is FALSE</prosody>	1485
2024-05-23 15:51:34	ActionGesture	BrowRaise
2024-05-23 15:51:36	MonitorSpeechStart	<prosody rate="1.0">What do you think?</prosody>	726
2024-05-23 15:51:36	ActionGesture	BrowRaise
2024-05-23 15:51:39	ActionGesture	Smile
2024-05-23 15:51:40	SenseSpeech	no it's true	1446
2024-05-23 15:51:40	MonitorSpeechStart	<prosody rate="1.0">DENIAL</prosody>	524
2024-05-23 15:51:41	ActionGesture	BrowRaise
2024-05-23 15:51:41	FlowEvent	NEW_FLOW_STATE	QuestionPersuasion	3		CONDITION2	QuestionPersuasion
2024-05-23 15:51:41	MonitorSpeechStart	<prosody rate="1.0">Persuasion!</prosody>	777
2024-05-23 15:51:41	ActionGesture	BrowRaise
2024-05-23 15:51:43	MonitorSpeechStart	<prosody rate="1.0">Well When the switch is turned on, the red and yellow lights are connected in parallel</prosody>	4028
2024-05-23 15:51:44	ActionGesture	BrowRaise
2024-05-23 15:51:44	ActionGesture	BrowRaise
2024-05-23 15:51:45	ActionGesture	BrowRaise
2024-05-23 15:51:46	ActionGesture	BrowRaise
2024-05-23 15:51:49	ActionGesture	Smile
2024-05-23 15:51:50	SenseSpeech	yeah that's right	1374
2024-05-23 15:51:50	MonitorSpeechStart	<prosody rate="1.0">ASSENT</prosody>	577
2024-05-23 15:51:50	ActionGesture	BrowRaise
2024-05-23 15:51:55	FlowEvent	NEW_FLOW_STATE	QuestionCheckpoint	3		CONDITION2	QuestionCheckpoint
2024-05-23 15:51:55	MonitorSpeechStart	<prosody rate="1.0">Checkpoint!</prosody>	648
2024-05-23 15:51:55	ActionGesture	BrowRaise
2024-05-23 15:51:56	MonitorSpeechStart	<prosody rate="1.0">Perfect</prosody>	513
2024-05-23 15:51:56	ActionGesture	BrowRaise
2024-05-23 15:51:57	MonitorSpeechStart	<prosody rate="1.0">I believe it's FALSE</prosody>	1113
2024-05-23 15:51:58	ActionGesture	BrowRaise
2024-05-23 15:52:00	MonitorSpeechStart	<prosody rate="1.0">So</prosody>	386
2024-05-23 15:52:01	MonitorSpeechStart	<prosody rate="1.0">do you agree?</prosody>	649
2024-05-23 15:52:02	ActionGesture	BrowRaise
2024-05-23 15:52:03	ActionGesture	Smile
2024-05-23 15:52:04	SenseSpeech	no you're wrong	1258
2024-05-23 15:52:05	MonitorSpeechStart	<prosody rate="1.0">DENIAL</prosody>	524
2024-05-23 15:52:05	ActionGesture	BrowRaise
2024-05-23 15:52:05	FlowEvent	NEW_FLOW_STATE	QuestionPersuasion	3		CONDITION2	QuestionPersuasion
2024-05-23 15:52:05	MonitorSpeechStart	<prosody rate="1.0">Persuasion!</prosody>	777
2024-05-23 15:52:06	ActionGesture	BrowRaise
2024-05-23 15:52:07	MonitorSpeechStart	<prosody rate="1.0">ok, let me put it this way The equivalent resistance of parallel connected resistances is lower than each of the resistances</prosody>	6630
2024-05-23 15:52:07	ActionGesture	BrowRaise
2024-05-23 15:52:09	ActionGesture	BrowRaise
2024-05-23 15:52:12	ActionGesture	BrowRaise
2024-05-23 15:52:13	ActionGesture	BrowRaise
2024-05-23 15:52:16	ActionGesture	Smile
2024-05-23 15:52:17	SenseSpeech	yeah that's right	1288
2024-05-23 15:52:17	MonitorSpeechStart	<prosody rate="1.0">ASSENT</prosody>	577
2024-05-23 15:52:17	ActionGesture	BrowRaise
2024-05-23 15:52:18	FlowEvent	NEW_FLOW_STATE	QuestionCheckpoint	3		CONDITION2	QuestionCheckpoint
2024-05-23 15:52:18	MonitorSpeechStart	<prosody rate="1.0">Checkpoint!</prosody>	648
2024-05-23 15:52:18	ActionGesture	BrowRaise
2024-05-23 15:52:19	MonitorSpeechStart	<prosody rate="1.0">Super</prosody>	526
2024-05-23 15:52:19	ActionGesture	BrowRaise
2024-05-23 15:52:20	MonitorSpeechStart	<prosody rate="1.0">I believe it's FALSE</prosody>	1113
2024-05-23 15:52:21	ActionGesture	BrowRaise
2024-05-23 15:52:23	MonitorSpeechStart	<prosody rate="1.0">You agree?</prosody>	575
2024-05-23 15:52:23	ActionGesture	BrowRaise
2024-05-23 15:52:25	ActionGesture	Smile
2024-05-23 15:52:26	SenseSpeech	no it's true	1212
2024-05-23 15:52:26	MonitorSpeechStart	<prosody rate="1.0">ANSWER_TRUE</prosody>	1279
2024-05-23 15:52:26	ActionGesture	BrowRaise
2024-05-23 15:52:27	ActionGesture	BrowRaise
2024-05-23 15:52:27	FlowEvent	NEW_FLOW_STATE	QuestionPersuasion	3		CONDITION2	QuestionPersuasion
2024-05-23 15:52:27	MonitorSpeechStart	<prosody rate="1.0">Persuasion!</prosody>	777
2024-05-23 15:52:28	ActionGesture	BrowRaise
2024-05-23 15:52:29	MonitorSpeechStart	<prosody rate="1.0">Aha</prosody>	574
2024-05-23 15:52:29	ActionGesture	BrowRaise
2024-05-23 15:52:31	MonitorSpeechStart	<prosody rate="1.0">OK</prosody>	618
2024-05-23 15:52:31	ActionGesture	BrowRaise
2024-05-23 15:52:32	MonitorSpeechStart	<prosody rate="1.0">I mean</prosody>	609
2024-05-23 15:52:34	MonitorSpeechStart	<prosody rate="1.0">The equivalent resistance of the red and yellow lights is 7.5 Ohms. The blue lamp has 15 Ohms.</prosody>	6053
2024-05-23 15:52:36	ActionGesture	BrowRaise
2024-05-23 15:52:37	ActionGesture	BrowRaise
2024-05-23 15:52:38	ActionGesture	BrowRaise
2024-05-23 15:52:39	ActionGesture	BrowRaise
2024-05-23 15:52:43	ActionGesture	Smile
2024-05-23 15:52:46	SenseSpeech	no the equivalent is 5 ohms	2893
2024-05-23 15:52:46	MonitorSpeechStart	<prosody rate="1.0">DENIAL</prosody>	524
2024-05-23 15:52:47	ActionGesture	BrowRaise
2024-05-23 15:52:47	MonitorSpeechStart	<prosody rate="1.0">Mh</prosody>	607
2024-05-23 15:52:47	ActionGesture	BrowRaise
2024-05-23 15:52:48	MonitorSpeechStart	<prosody rate="1.0">I see!</prosody>	670
2024-05-23 15:52:50	MonitorSpeechStart	<prosody rate="1.0">Where do you want to go from there?</prosody>	1374
2024-05-23 15:52:51	ActionGesture	BrowRaise
2024-05-23 15:52:54	ActionGesture	Smile
2024-05-23 15:52:55	SenseSpeech	well	1609
2024-05-23 15:52:55	MonitorSpeechStart	<prosody rate="1.0">BACKCHANNEL</prosody>	666
2024-05-23 15:52:56	ActionGesture	BrowRaise
2024-05-23 15:52:57	MonitorSpeechStart	<prosody rate="1.0">Ok, hear this Since the red and yellow lights have lower resistance, more current will flow through them than the blue and they will shine brighter.</prosody>	6888
2024-05-23 15:52:57	ActionGesture	BrowRaise
2024-05-23 15:52:59	ActionGesture	BrowRaise
2024-05-23 15:52:59	ActionGesture	BrowRaise
2024-05-23 15:53:04	ActionGesture	BrowRaise
2024-05-23 15:53:06	ActionGesture	Smile
2024-05-23 15:53:14	SenseSpeech	no the same current goes through uh the entire circuit but it branches between the yellow and the red light	7169
2024-05-23 15:53:14	MonitorSpeechStart	<prosody rate="1.0">ASSENT</prosody>	577
2024-05-23 15:53:14	ActionGesture	BrowRaise
2024-05-23 15:53:14	FlowEvent	NEW_FLOW_STATE	QuestionCheckpoint	3		CONDITION2	QuestionCheckpoint
2024-05-23 15:53:15	MonitorSpeechStart	<prosody rate="1.0">Checkpoint!</prosody>	648
2024-05-23 15:53:15	ActionGesture	BrowRaise
2024-05-23 15:53:16	MonitorSpeechStart	<prosody rate="1.0">That's fine!</prosody>	759
2024-05-23 15:53:16	ActionGesture	BrowRaise
2024-05-23 15:53:17	MonitorSpeechStart	<prosody rate="1.0">I believe it's FALSE</prosody>	1113
2024-05-23 15:53:18	ActionGesture	BrowRaise
2024-05-23 15:53:19	MonitorSpeechStart	<prosody rate="1.0">So</prosody>	386
2024-05-23 15:53:20	MonitorSpeechStart	<prosody rate="1.0">do you agree?</prosody>	649
2024-05-23 15:53:20	ActionGesture	BrowRaise
2024-05-23 15:53:22	ActionGesture	Smile
2024-05-23 15:53:23	SenseSpeech	no	801
2024-05-23 15:53:23	MonitorSpeechStart	<prosody rate="1.0">DENIAL</prosody>	524
2024-05-23 15:53:23	ActionGesture	BrowRaise
2024-05-23 15:53:23	FlowEvent	NEW_FLOW_STATE	QuestionPersuasion	3		CONDITION2	QuestionPersuasion
2024-05-23 15:53:24	MonitorSpeechStart	<prosody rate="1.0">Persuasion!</prosody>	777
2024-05-23 15:53:24	ActionGesture	BrowRaise
2024-05-23 15:53:25	FlowEvent	NEW_FLOW_STATE	QuestionUltimatum	3		CONDITION2	QuestionUltimatum
2024-05-23 15:53:25	MonitorSpeechStart	<prosody rate="1.0">Ultimatum!</prosody>	656
2024-05-23 15:53:25	ActionGesture	BrowRaise
2024-05-23 15:53:26	MonitorSpeechStart	<prosody rate="1.0">What do you mean? I took FALSE</prosody>	2068
2024-05-23 15:53:28	ActionGesture	BrowRaise
2024-05-23 15:53:29	MonitorSpeechStart	<prosody rate="1.0">but you should decide then</prosody>	1337
2024-05-23 15:53:30	ActionGesture	BrowRaise
2024-05-23 15:53:32	MonitorSpeechStart	<prosody rate="1.0">FALSE or "TRUE?</prosody>	893
2024-05-23 15:53:32	ActionGesture	BrowRaise
2024-05-23 15:53:34	ActionGesture	Smile
2024-05-23 15:53:36	SenseSpeech	yeah no it's true	1340
2024-05-23 15:53:36	MonitorSpeechStart	<prosody rate="1.0">ANSWER_TRUE</prosody>	1279
2024-05-23 15:53:36	ActionGesture	BrowRaise
2024-05-23 15:53:36	ActionGesture	BrowRaise
2024-05-23 15:53:37	FlowEvent	NEW_FLOW_STATE	QuestionConfirmation	3		CONDITION2	QuestionConfirmation
2024-05-23 15:53:37	MonitorSpeechStart	<prosody rate="1.0">I haven't received the next question. Can you confirm the answer?</prosody>	3345
2024-05-23 15:53:40	ActionGesture	BrowRaise
2024-05-23 15:53:40	ActionGesture	BrowRaise
2024-05-23 15:53:43	ActionGesture	Smile
2024-05-23 15:53:45	SenseSpeech	uh yes I confirm	1691
2024-05-23 15:53:45	MonitorSpeechStart	<prosody rate="1.0">ASSENT</prosody>	577
2024-05-23 15:53:45	GUIEvent	NEW_STAGE_REQUESTED	STAGE[4] [28] REQUESTED .. [ACCEPTED]	3	28	CONDITION2	QuestionConfirmation
2024-05-23 15:53:45	SessionEvent	ANSWER_CONFIRMED	QUESTION CONFIRMED IN GUI.	4		CONDITION2	QuestionConfirmation
2024-05-23 15:53:45	SessionEvent	QUESTION_SET	NEW QUESTION TO ACTIVATE	4		CONDITION2	QuestionConfirmation
2024-05-23 15:53:45	FlowEvent	NEW_FLOW_STATE	QuestionReflection	4		CONDITION2	QuestionReflection
2024-05-23 15:53:45	ActionGesture	BrowRaise
2024-05-23 15:53:46	MonitorSpeechStart	<prosody rate="1.0">Okay, I'm now retrieving question 4</prosody>	2312
2024-05-23 15:53:46	ActionGesture	BrowRaise
2024-05-23 15:53:48	ActionGesture	BrowRaise
2024-05-23 15:53:49	MonitorSpeechStart	<prosody rate="1.0">Let’s check it out.</prosody>	911
2024-05-23 15:53:50	ActionGesture	BrowRaise
2024-05-23 15:53:54	ActionGesture	Smile
2024-05-23 15:53:56	SenseSpeech	yeah um	1877
2024-05-23 15:53:56	MonitorSpeechStart	<prosody rate="1.0">ASSENT</prosody>	577
2024-05-23 15:53:56	ActionGesture	BrowRaise
2024-05-23 15:53:57	FlowEvent	NEW_FLOW_STATE	QuestionMarking	4		CONDITION2	QuestionMarking
2024-05-23 15:53:57	MonitorSpeechStart	<prosody rate="1.0">Good</prosody>	391
2024-05-23 15:53:58	MonitorSpeechStart	<prosody rate="1.0">We need to select our answer</prosody>	1363
2024-05-23 15:53:59	ActionGesture	BrowRaise
2024-05-23 15:54:00	MonitorSpeechStart	<prosody rate="1.0">I did</prosody>	568
2024-05-23 15:54:02	MonitorSpeechStart	<prosody rate="1.0">DId you?</prosody>	440
