2024-05-24 13:03:35	Autoreload is disabled because the development mode is off.
2024-05-24 13:03:36	Application started in 0.751 seconds.
2024-05-24 13:03:36	Responding at http://127.0.0.1:8888
2024-05-24 13:03:47	----------------- NEW EXECUTION-------------------
2024-05-24 13:03:47	FlowEvent	NEW_FLOW_STATE	Testing	0.0		UNDEFINED	Testing
2024-05-24 13:03:49	MonitorSpeechStart	<prosody rate="1.0">Ok, let's test. Say whatever you want.</prosody>	2873
2024-05-24 13:03:49	ActionGesture	BrowRaise
2024-05-24 13:03:51	ActionGesture	BrowRaise
2024-05-24 13:04:45	Autoreload is disabled because the development mode is off.
2024-05-24 13:04:45	Application started in 0.591 seconds.
2024-05-24 13:04:46	Responding at http://127.0.0.1:8888
2024-05-24 13:04:47	----------------- NEW EXECUTION-------------------
2024-05-24 13:04:47	FlowEvent	NEW_FLOW_STATE	Sleep	0.0		UNDEFINED	Sleep
2024-05-24 13:04:47	ActionGesture	CloseEyes
2024-05-24 13:04:47	ActionGesture	CloseEyes
2024-05-24 13:04:57	GUIEvent	GUI_RELOADED	GUI_RELOADED [ACCEPTED]	0.0	UNDEFINED	UNDEFINED	Sleep
2024-05-24 13:04:57	GUIEvent	SYNCH_REQUESTED	SYNCH REQUESTED .. [ACCEPTED]	0.0	UNDEFINED	UNDEFINED	Sleep
2024-05-24 13:05:00	GUIEvent	NEW_STAGE_REQUESTED	STAGE[0.2] [28] REQUESTED .. [ACCEPTED]	0.0	UNDEFINED	UNDEFINED	Sleep
2024-05-24 13:05:00	SessionEvent	USER_SET	USER TO ACTIVATE.	0.2	28	UNDEFINED	Sleep
2024-05-24 13:05:00	FlowEvent	NEW_FLOW_STATE	Welcome	0.2		CONDITION2	Welcome
2024-05-24 13:05:00	ActionGesture	OpenEyes
2024-05-24 13:05:00	ActionGesture	Smile
2024-05-24 13:05:01	MonitorSpeechStart	<prosody rate="1.0">Hello there</prosody>	543
2024-05-24 13:05:01	ActionGesture	BrowRaise
2024-05-24 13:05:02	MonitorSpeechStart	<prosody rate="1.0">Nice to meet you</prosody>	824
2024-05-24 13:05:03	ActionGesture	BrowRaise
2024-05-24 13:05:04	MonitorSpeechStart	<prosody rate="1.0">How you doing?</prosody>	741
2024-05-24 13:05:04	ActionGesture	BrowRaise
2024-05-24 13:05:07	ActionGesture	Smile
2024-05-24 13:05:08	SenseSpeech	yep	1092
2024-05-24 13:05:08	FlowEvent	NEW_FLOW_STATE	ReviewInstructions	0.2		CONDITION2	ReviewInstructions
2024-05-24 13:05:08	MonitorSpeechStart	<prosody rate="1.0">Right, as far as I know,we will get some Electronics questions to resolve together. Somebody told you?</prosody>	6104
2024-05-24 13:05:08	ActionGesture	BrowRaise
2024-05-24 13:05:09	ActionGesture	BrowRaise
2024-05-24 13:05:13	ActionGesture	BrowRaise
2024-05-24 13:05:14	ActionGesture	BrowRaise
2024-05-24 13:05:15	GUIEvent	NEW_STAGE_REQUESTED	STAGE[2] [28] REQUESTED .. [ACCEPTED]	0.2	28	CONDITION2	ReviewInstructions
2024-05-24 13:05:15	SessionEvent	QUESTION_SET	NEW QUESTION TO ACTIVATE	2		CONDITION2	ReviewInstructions
2024-05-24 13:05:15	FlowEvent	NEW_FLOW_STATE	QuestionReflection	2		CONDITION2	QuestionReflection
2024-05-24 13:05:16	MonitorSpeechStart	<prosody rate="1.0">Ok</prosody>	618
2024-05-24 13:05:17	ActionGesture	BrowRaise
2024-05-24 13:05:18	MonitorSpeechStart	<prosody rate="1.0">I think I am getting the question 2</prosody>	1747
2024-05-24 13:05:18	ActionGesture	BrowRaise
2024-05-24 13:05:19	ActionGesture	BrowRaise
2024-05-24 13:05:21	MonitorSpeechStart	<prosody rate="1.0">Let's see</prosody>	658
2024-05-24 13:05:21	ActionGesture	BrowRaise
2024-05-24 13:05:30	MonitorSpeechStart	<prosody rate="1.0">Have you answered already?</prosody>	1137
2024-05-24 13:05:30	ActionGesture	BrowRaise
2024-05-24 13:05:30	ActionGesture	BrowRaise
2024-05-24 13:05:34	ActionGesture	Smile
2024-05-24 13:05:35	SenseSpeech	not yet	1487
2024-05-24 13:05:36	MonitorSpeechStart	<prosody rate="1.0">Oh</prosody>	459
2024-05-24 13:05:37	MonitorSpeechStart	<prosody rate="1.0">sorry</prosody>	510
2024-05-24 13:05:37	ActionGesture	BrowRaise
2024-05-24 13:05:38	MonitorSpeechStart	<prosody rate="1.0">Absolutely</prosody>	668
2024-05-24 13:05:39	ActionGesture	BrowRaise
2024-05-24 13:05:43	ActionGesture	Smile
2024-05-24 13:05:47	GUIEvent	ANSWER_MARKED	ANSWER[FALSE] [2] [28] SENT .. [ACCEPTED]	2	28	CONDITION2	QuestionReflection
2024-05-24 13:05:50	SenseSpeech	okay	7067
2024-05-24 13:05:50	FlowEvent	NEW_FLOW_STATE	QuestionDisclosure	2		CONDITION2	QuestionDisclosure
2024-05-24 13:05:50	MonitorSpeechStart	<prosody rate="0.85">Good</prosody>	463
2024-05-24 13:05:51	MonitorSpeechStart	<prosody rate="0.85">I'm a little unsure</prosody>	1252
2024-05-24 13:05:52	ActionGesture	BrowRaise
2024-05-24 13:05:53	MonitorSpeechStart	<prosody rate="0.85">, but I think that's FALSE</prosody>	1721
2024-05-24 13:05:55	ActionGesture	BrowRaise
2024-05-24 13:05:56	MonitorSpeechStart	<prosody rate="0.85">What do you think?</prosody>	830
2024-05-24 13:05:56	ActionGesture	BrowRaise
2024-05-24 13:06:02	ActionGesture	Smile
2024-05-24 13:06:03	SenseSpeech	um	1474
2024-05-24 13:06:03	FlowEvent	NEW_FLOW_STATE	QuestionReview	2		CONDITION2	QuestionReview
2024-05-24 13:06:04	MonitorSpeechStart	<prosody rate="0.85">Ok, let me put it this way I think it looks like C1 and C2 might be the same circuit even though they look different. And then the white, yellow and red lights are</prosody>	10340
2024-05-24 13:06:04	ActionGesture	BrowRaise
2024-05-24 13:06:04	GUIEvent	ANSWER_MARKED	ANSWER[TRUE] [2] [28] SENT .. [ACCEPTED]	2	28	CONDITION2	QuestionReview
2024-05-24 13:06:12	ActionGesture	BrowRaise
2024-05-24 13:06:13	ActionGesture	BrowRaise
2024-05-24 13:06:14	ActionGesture	BrowRaise
2024-05-24 13:06:15	MonitorSpeechStart	<prosody rate="0.85">parallel</prosody>	817
2024-05-24 13:06:16	ActionGesture	BrowRaise
2024-05-24 13:06:17	MonitorSpeechStart	<prosody rate="0.85">connected in both?</prosody>	1211
2024-05-24 13:06:17	ActionGesture	BrowRaise
2024-05-24 13:06:22	ActionGesture	Smile
2024-05-24 13:06:24	SenseSpeech	okay I don't think so	1904
2024-05-24 13:06:24	MonitorSpeechStart	<prosody rate="1.0">Oh</prosody>	459
2024-05-24 13:06:26	MonitorSpeechStart	<prosody rate="1.0">well</prosody>	454
2024-05-24 13:06:26	ActionGesture	BrowRaise
2024-05-24 13:06:27	MonitorSpeechStart	<prosody rate="1.0">Where do you want to go from there?</prosody>	1374
2024-05-24 13:06:28	ActionGesture	BrowRaise
2024-05-24 13:06:33	ActionGesture	Smile
2024-05-24 13:06:37	SenseSpeech	um well I don't think so is I think it's uh different	4254
2024-05-24 13:06:38	MonitorSpeechStart	<prosody rate="0.85">Well The blue lights should shine equally brightly if it is the same circuit. And the other lights are disconnected right?</prosody>	6188
2024-05-24 13:06:39	ActionGesture	BrowRaise
2024-05-24 13:06:40	ActionGesture	BrowRaise
2024-05-24 13:07:51	Autoreload is disabled because the development mode is off.
2024-05-24 13:07:51	Application started in 0.586 seconds.
2024-05-24 13:07:51	Responding at http://127.0.0.1:8888
2024-05-24 13:07:53	----------------- NEW EXECUTION-------------------
2024-05-24 13:07:53	FlowEvent	NEW_FLOW_STATE	Sleep	0.0		UNDEFINED	Sleep
2024-05-24 13:07:53	ActionGesture	CloseEyes
2024-05-24 13:07:53	ActionGesture	CloseEyes
2024-05-24 13:07:55	GUIEvent	GUI_RELOADED	GUI_RELOADED [ACCEPTED]	0.0	UNDEFINED	UNDEFINED	Sleep
2024-05-24 13:07:55	GUIEvent	SYNCH_REQUESTED	SYNCH REQUESTED .. [ACCEPTED]	0.0	UNDEFINED	UNDEFINED	Sleep
2024-05-24 13:07:56	GUIEvent	NEW_STAGE_REQUESTED	STAGE[0.2] [28] REQUESTED .. [ACCEPTED]	0.0	UNDEFINED	UNDEFINED	Sleep
2024-05-24 13:07:56	SessionEvent	USER_SET	USER TO ACTIVATE.	0.2	28	UNDEFINED	Sleep
2024-05-24 13:07:56	FlowEvent	NEW_FLOW_STATE	Welcome	0.2		CONDITION2	Welcome
2024-05-24 13:07:56	ActionGesture	OpenEyes
2024-05-24 13:07:56	ActionGesture	Smile
2024-05-24 13:07:58	MonitorSpeechStart	<prosody rate="1.0">Hello there</prosody>	543
2024-05-24 13:07:58	ActionGesture	BrowRaise
2024-05-24 13:07:59	MonitorSpeechStart	<prosody rate="1.0">Nice to meet you</prosody>	824
2024-05-24 13:07:59	ActionGesture	BrowRaise
2024-05-24 13:08:01	MonitorSpeechStart	<prosody rate="1.0">How you doing?</prosody>	741
2024-05-24 13:08:01	ActionGesture	BrowRaise
2024-05-24 13:08:04	ActionGesture	Smile
2024-05-24 13:08:05	SenseSpeech	I'm okay	1021
2024-05-24 13:08:05	FlowEvent	NEW_FLOW_STATE	ReviewInstructions	0.2		CONDITION2	ReviewInstructions
2024-05-24 13:08:05	GUIEvent	NEW_STAGE_REQUESTED	STAGE[2] [28] REQUESTED .. [ACCEPTED]	0.2	28	CONDITION2	ReviewInstructions
2024-05-24 13:08:05	SessionEvent	QUESTION_SET	NEW QUESTION TO ACTIVATE	2		CONDITION2	ReviewInstructions
2024-05-24 13:08:05	MonitorSpeechStart	<prosody rate="1.0">Right, as far as I know,we will get some Electronics questions to resolve together. Somebody told you?</prosody>	6104
2024-05-24 13:08:05	FlowEvent	NEW_FLOW_STATE	QuestionReflection	2		CONDITION2	QuestionReflection
2024-05-24 13:08:05	ActionGesture	BrowRaise
2024-05-24 13:08:06	MonitorSpeechStart	<prosody rate="1.0">Ok</prosody>	618
2024-05-24 13:08:06	ActionGesture	BrowRaise
2024-05-24 13:08:08	MonitorSpeechStart	<prosody rate="1.0">I think I am getting the question 2</prosody>	1747
2024-05-24 13:08:08	ActionGesture	BrowRaise
2024-05-24 13:08:09	ActionGesture	BrowRaise
2024-05-24 13:08:10	MonitorSpeechStart	<prosody rate="1.0">Let's see</prosody>	658
2024-05-24 13:08:10	ActionGesture	BrowRaise
2024-05-24 13:08:15	GUIEvent	ANSWER_MARKED	ANSWER[TRUE] [2] [28] SENT .. [ACCEPTED]	2	28	CONDITION2	QuestionReflection
2024-05-24 13:08:19	MonitorSpeechStart	<prosody rate="1.0">Have you answered already?</prosody>	1137
2024-05-24 13:08:20	ActionGesture	BrowRaise
2024-05-24 13:08:20	ActionGesture	BrowRaise
2024-05-24 13:08:22	ActionGesture	Smile
2024-05-24 13:08:23	SenseSpeech	yes	960
2024-05-24 13:08:23	FlowEvent	NEW_FLOW_STATE	QuestionDisclosure	2		CONDITION2	QuestionDisclosure
2024-05-24 13:08:24	MonitorSpeechStart	<prosody rate="0.85">Good</prosody>	463
2024-05-24 13:08:25	MonitorSpeechStart	<prosody rate="0.85">I'm a little unsure</prosody>	1252
2024-05-24 13:08:25	ActionGesture	BrowRaise
2024-05-24 13:08:27	MonitorSpeechStart	<prosody rate="0.85">, but I think that's FALSE</prosody>	1721
2024-05-24 13:08:28	ActionGesture	BrowRaise
2024-05-24 13:08:29	MonitorSpeechStart	<prosody rate="0.85">What do you think?</prosody>	830
2024-05-24 13:08:30	ActionGesture	BrowRaise
2024-05-24 13:08:32	ActionGesture	Smile
2024-05-24 13:08:34	SenseSpeech	I think is true	1734
2024-05-24 13:08:34	FlowEvent	NEW_FLOW_STATE	QuestionPersuasion	2		CONDITION2	QuestionPersuasion
2024-05-24 13:08:34	MonitorSpeechStart	<prosody rate="0.85">Well I think it looks like the white, yellow and red lights are [er] parallel</prosody>	5226
2024-05-24 13:08:36	ActionGesture	BrowRaise
2024-05-24 13:08:38	ActionGesture	BrowRaise
2024-05-24 13:08:39	ActionGesture	BrowRaise
2024-05-24 13:08:40	MonitorSpeechStart	<prosody rate="0.85">connected in</prosody>	1018
2024-05-24 13:08:41	ActionGesture	BrowRaise
2024-05-24 13:08:42	MonitorSpeechStart	<prosody rate="0.85">both C1 and C2</prosody>	1828
2024-05-24 13:08:43	ActionGesture	BrowRaise
2024-05-24 13:08:47	ActionGesture	Smile
2024-05-24 13:08:48	SenseSpeech	okay	1122
2024-05-24 13:10:28	FlowEvent	NEW_FLOW_STATE	QuestionCheckpoint	2		CONDITION2	QuestionCheckpoint
2024-05-24 13:32:43	Autoreload is disabled because the development mode is off.
2024-05-24 13:32:43	Application started in 0.577 seconds.
2024-05-24 13:32:44	Responding at http://127.0.0.1:8888
2024-05-24 13:32:47	----------------- NEW EXECUTION-------------------
2024-05-24 13:32:47	FlowEvent	NEW_FLOW_STATE	Sleep	0.0		UNDEFINED	Sleep
2024-05-24 13:32:47	ActionGesture	CloseEyes
2024-05-24 13:32:47	ActionGesture	CloseEyes
2024-05-24 13:33:52	Autoreload is disabled because the development mode is off.
2024-05-24 13:33:53	Application started in 0.627 seconds.
2024-05-24 13:33:53	Responding at http://127.0.0.1:8888
2024-05-24 13:37:53	----------------- NEW EXECUTION-------------------
2024-05-24 13:39:47	Autoreload is disabled because the development mode is off.
2024-05-24 13:39:47	Application started in 0.578 seconds.
2024-05-24 13:39:48	Responding at http://127.0.0.1:8888
2024-05-24 13:40:24	----------------- NEW EXECUTION-------------------
2024-05-24 13:40:39	Autoreload is disabled because the development mode is off.
2024-05-24 13:40:40	Application started in 0.613 seconds.
2024-05-24 13:40:40	Responding at http://127.0.0.1:8888
2024-05-24 13:41:44	----------------- NEW EXECUTION-------------------
2024-05-24 13:41:52	Autoreload is disabled because the development mode is off.
2024-05-24 13:41:53	Application started in 0.598 seconds.
2024-05-24 13:41:53	Responding at http://127.0.0.1:8888
2024-05-24 13:46:25	----------------- NEW EXECUTION-------------------
2024-05-24 13:50:40	Autoreload is disabled because the development mode is off.
2024-05-24 13:50:41	Application started in 0.597 seconds.
2024-05-24 13:50:41	Responding at http://127.0.0.1:8888
2024-05-24 13:55:20	----------------- NEW EXECUTION-------------------
2024-05-24 13:56:58	Autoreload is disabled because the development mode is off.
2024-05-24 13:56:59	Application started in 0.6 seconds.
2024-05-24 13:56:59	Responding at http://127.0.0.1:8888
2024-05-24 13:57:58	----------------- NEW EXECUTION-------------------
2024-05-24 13:57:58	FlowEvent	NEW_FLOW_STATE	Sleep	0.0		UNDEFINED	Sleep
2024-05-24 13:57:58	ActionGesture	CloseEyes
2024-05-24 13:57:58	ActionGesture	CloseEyes
2024-05-24 13:58:07	GUIEvent	GUI_RELOADED	GUI_RELOADED [ACCEPTED]	0.0	UNDEFINED	UNDEFINED	Sleep
2024-05-24 13:58:08	GUIEvent	SYNCH_REQUESTED	SYNCH REQUESTED .. [ACCEPTED]	0.0	UNDEFINED	UNDEFINED	Sleep
2024-05-24 13:58:09	GUIEvent	NEW_STAGE_REQUESTED	STAGE[0.2] [28] REQUESTED .. [ACCEPTED]	0.0	UNDEFINED	UNDEFINED	Sleep
2024-05-24 13:58:09	SessionEvent	USER_SET	USER TO ACTIVATE.	0.2	28	UNDEFINED	Sleep
2024-05-24 13:58:09	FlowEvent	NEW_FLOW_STATE	Welcome	0.2		CONDITION2	Welcome
2024-05-24 13:58:09	ActionGesture	OpenEyes
2024-05-24 13:58:09	ActionGesture	Smile
2024-05-24 13:58:10	MonitorSpeechStart	<prosody rate="1.0">Hello there</prosody>	543
2024-05-24 13:58:10	ActionGesture	BrowRaise
2024-05-24 13:58:12	MonitorSpeechStart	<prosody rate="1.0">Nice to meet you</prosody>	824
2024-05-24 13:58:12	ActionGesture	BrowRaise
2024-05-24 13:58:13	MonitorSpeechStart	<prosody rate="1.0">How you doing?</prosody>	741
2024-05-24 13:58:13	ActionGesture	BrowRaise
2024-05-24 13:58:15	ActionGesture	Smile
2024-05-24 13:58:16	SenseSpeech	yeah	920
2024-05-24 13:58:16	FlowEvent	NEW_FLOW_STATE	ReviewInstructions	0.2		CONDITION2	ReviewInstructions
2024-05-24 13:58:17	MonitorSpeechStart	<prosody rate="1.0">Right, as far as I know,we will get some Electronics questions to resolve together. Somebody told you?</prosody>	6104
2024-05-24 13:58:17	ActionGesture	BrowRaise
2024-05-24 13:58:17	GUIEvent	NEW_STAGE_REQUESTED	STAGE[2] [28] REQUESTED .. [ACCEPTED]	0.2	28	CONDITION2	ReviewInstructions
2024-05-24 13:58:17	SessionEvent	QUESTION_SET	NEW QUESTION TO ACTIVATE	2		CONDITION2	ReviewInstructions
2024-05-24 13:58:17	FlowEvent	NEW_FLOW_STATE	QuestionReflection	2		CONDITION2	QuestionReflection
2024-05-24 13:58:18	MonitorSpeechStart	<prosody rate="1.0">Ok</prosody>	618
2024-05-24 13:58:19	ActionGesture	BrowRaise
2024-05-24 13:58:20	MonitorSpeechStart	<prosody rate="1.0">I think I am getting the question 2</prosody>	1747
2024-05-24 13:58:20	ActionGesture	BrowRaise
2024-05-24 13:58:21	ActionGesture	BrowRaise
2024-05-24 13:58:22	MonitorSpeechStart	<prosody rate="1.0">Let's see</prosody>	658
2024-05-24 13:58:23	ActionGesture	BrowRaise
2024-05-24 13:58:23	GUIEvent	ANSWER_MARKED	ANSWER[TRUE] [2] [28] SENT .. [ACCEPTED]	2	28	CONDITION2	QuestionReflection
2024-05-24 13:58:31	MonitorSpeechStart	<prosody rate="1.0">Have you answered already?</prosody>	1137
2024-05-24 13:58:32	ActionGesture	BrowRaise
2024-05-24 13:58:32	ActionGesture	BrowRaise
2024-05-24 13:58:34	ActionGesture	Smile
2024-05-24 13:58:35	SenseSpeech	yes	911
2024-05-24 13:58:35	FlowEvent	NEW_FLOW_STATE	QuestionDisclosure	2		CONDITION2	QuestionDisclosure
2024-05-24 13:58:35	MonitorSpeechStart	<prosody rate="0.85">Good</prosody>	463
2024-05-24 13:58:36	MonitorSpeechStart	<prosody rate="0.85">I'm a little unsure</prosody>	1252
2024-05-24 13:58:37	ActionGesture	BrowRaise
2024-05-24 13:58:38	MonitorSpeechStart	<prosody rate="0.85">, but I think that's FALSE</prosody>	1721
2024-05-24 13:58:39	ActionGesture	BrowRaise
2024-05-24 13:58:41	MonitorSpeechStart	<prosody rate="0.85">What do you think?</prosody>	830
2024-05-24 13:58:41	ActionGesture	BrowRaise
2024-05-24 13:58:43	ActionGesture	Smile
2024-05-24 13:58:45	SenseSpeech	no I think it's true	1559
2024-05-24 13:58:45	FlowEvent	NEW_FLOW_STATE	QuestionPersuasion	2		CONDITION2	QuestionPersuasion
2024-05-24 13:58:45	MonitorSpeechStart	<prosody rate="0.85">Well I think it looks like the white, yellow and red lights are [er] parallel</prosody>	5226
2024-05-24 13:58:46	ActionGesture	BrowRaise
2024-05-24 13:58:49	ActionGesture	BrowRaise
2024-05-24 13:58:50	ActionGesture	BrowRaise
2024-05-24 13:58:51	MonitorSpeechStart	<prosody rate="0.85">connected in</prosody>	1018
2024-05-24 13:58:52	ActionGesture	BrowRaise
2024-05-24 13:58:53	MonitorSpeechStart	<prosody rate="0.85">both C1 and C2</prosody>	1828
2024-05-24 13:58:54	ActionGesture	BrowRaise
2024-05-24 13:58:59	ActionGesture	Smile
2024-05-24 13:59:01	SenseSpeech	yes but that doesn't mean anything	2046
2024-05-24 13:59:01	MonitorSpeechStart	<prosody rate="1.0">Oh</prosody>	459
2024-05-24 13:59:02	MonitorSpeechStart	<prosody rate="1.0">well</prosody>	454
2024-05-24 13:59:02	ActionGesture	BrowRaise
2024-05-24 13:59:03	MonitorSpeechStart	<prosody rate="1.0">Where do you want to go from there?</prosody>	1374
2024-05-24 13:59:04	ActionGesture	BrowRaise
2024-05-24 13:59:08	ActionGesture	Smile
2024-05-24 13:59:48	Autoreload is disabled because the development mode is off.
2024-05-24 13:59:49	Application started in 0.568 seconds.
2024-05-24 13:59:49	Responding at http://127.0.0.1:8888
2024-05-24 13:59:51	----------------- NEW EXECUTION-------------------
2024-05-24 13:59:51	FlowEvent	NEW_FLOW_STATE	Sleep	0.0		UNDEFINED	Sleep
2024-05-24 13:59:51	ActionGesture	CloseEyes
2024-05-24 13:59:51	ActionGesture	CloseEyes
2024-05-24 13:59:54	GUIEvent	GUI_RELOADED	GUI_RELOADED [ACCEPTED]	0.0	UNDEFINED	UNDEFINED	Sleep
2024-05-24 13:59:54	GUIEvent	SYNCH_REQUESTED	SYNCH REQUESTED .. [ACCEPTED]	0.0	UNDEFINED	UNDEFINED	Sleep
2024-05-24 13:59:56	GUIEvent	NEW_STAGE_REQUESTED	STAGE[0.2] [28] REQUESTED .. [ACCEPTED]	0.0	UNDEFINED	UNDEFINED	Sleep
2024-05-24 13:59:56	SessionEvent	USER_SET	USER TO ACTIVATE.	0.2	28	UNDEFINED	Sleep
2024-05-24 13:59:56	FlowEvent	NEW_FLOW_STATE	Welcome	0.2		CONDITION2	Welcome
2024-05-24 13:59:56	ActionGesture	OpenEyes
2024-05-24 13:59:56	ActionGesture	Smile
2024-05-24 13:59:56	MonitorSpeechStart	<prosody rate="1.0">Hello there</prosody>	543
2024-05-24 13:59:56	ActionGesture	BrowRaise
2024-05-24 13:59:58	MonitorSpeechStart	<prosody rate="1.0">Nice to meet you</prosody>	824
2024-05-24 13:59:58	ActionGesture	BrowRaise
2024-05-24 13:59:59	GUIEvent	NEW_STAGE_REQUESTED	STAGE[2] [28] REQUESTED .. [ACCEPTED]	0.2	28	CONDITION2	Welcome
2024-05-24 13:59:59	SessionEvent	QUESTION_SET	NEW QUESTION TO ACTIVATE	2		CONDITION2	Welcome
2024-05-24 13:59:59	FlowEvent	NEW_FLOW_STATE	QuestionReflection	2		CONDITION2	QuestionReflection
