2024-05-19 21:43:21	Autoreload is disabled because the development mode is off.
2024-05-19 21:43:21	Application started in 0.604 seconds.
2024-05-19 21:43:22	Responding at http://127.0.0.1:8888
2024-05-19 21:44:59	Autoreload is disabled because the development mode is off.
2024-05-19 21:44:59	Application started in 0.634 seconds.
2024-05-19 21:44:59	Responding at http://127.0.0.1:8888
2024-05-19 21:45:01	----------------- NEW EXECUTION-------------------
2024-05-19 21:45:01	FlowEvent	NEW_FLOW_STATE	Sleep	0.0		UNDEFINED	Sleep
2024-05-19 21:45:01	ActionGesture	CloseEyes
2024-05-19 21:45:38	Autoreload is disabled because the development mode is off.
2024-05-19 21:45:38	Application started in 0.594 seconds.
2024-05-19 21:45:39	Responding at http://127.0.0.1:8888
2024-05-19 21:45:40	----------------- NEW EXECUTION-------------------
2024-05-19 21:45:40	FlowEvent	NEW_FLOW_STATE	Sleep	0.0		UNDEFINED	Sleep
2024-05-19 21:45:40	ActionGesture	CloseEyes
2024-05-19 21:47:21	Autoreload is disabled because the development mode is off.
2024-05-19 21:47:22	Application started in 0.593 seconds.
2024-05-19 21:47:22	Responding at http://127.0.0.1:8888
2024-05-19 21:47:24	----------------- NEW EXECUTION-------------------
2024-05-19 21:47:24	FlowEvent	NEW_FLOW_STATE	Sleep	0.0		UNDEFINED	Sleep
2024-05-19 21:47:24	ActionGesture	CloseEyes
2024-05-19 21:55:00	Autoreload is disabled because the development mode is off.
2024-05-19 21:55:00	Application started in 0.608 seconds.
2024-05-19 21:55:00	Responding at http://127.0.0.1:8888
2024-05-19 21:55:02	----------------- NEW EXECUTION-------------------
2024-05-19 21:55:02	FlowEvent	NEW_FLOW_STATE	Sleep	0.0		UNDEFINED	Sleep
2024-05-19 21:55:02	ActionGesture	CloseEyes
2024-05-19 21:55:03	GUIEvent	GUI_RELOADED	GUI_RELOADED [ACCEPTED]	0.0	UNDEFINED	UNDEFINED	Sleep
2024-05-19 21:55:03	GUIEvent	SYNCH_REQUESTED	SYNCH REQUESTED .. [ACCEPTED]	0.0	UNDEFINED	UNDEFINED	Sleep
2024-05-19 21:55:04	GUIEvent	NEW_STAGE_REQUESTED	STAGE[0.2] [28] REQUESTED .. [ACCEPTED]	0.0	UNDEFINED	UNDEFINED	Sleep
2024-05-19 21:55:04	SessionEvent	USER_SET	USER TO ACTIVATE.	0.2	28	UNDEFINED	Sleep
2024-05-19 21:55:04	FlowEvent	NEW_FLOW_STATE	Welcome	0.2		CONDITION2	Welcome
2024-05-19 21:55:04	ActionGesture	OpenEyes
2024-05-19 21:55:04	ActionGesture	Smile
2024-05-19 21:55:05	MonitorSpeechStart	<prosody rate="1.0">Hello there</prosody>	543
2024-05-19 21:55:05	ActionGesture	BrowRaise
2024-05-19 21:55:07	MonitorSpeechStart	<prosody rate="1.0">Nice to meet you</prosody>	824
2024-05-19 21:55:07	ActionGesture	BrowRaise
2024-05-19 21:55:08	MonitorSpeechStart	<prosody rate="1.0">How you doing?</prosody>	741
2024-05-19 21:55:08	ActionGesture	BrowRaise
2024-05-19 21:55:10	ActionGesture	Smile
2024-05-19 21:55:11	GUIEvent	NEW_STAGE_REQUESTED	STAGE[6] [28] REQUESTED .. [ACCEPTED]	0.2	28	CONDITION2	Welcome
2024-05-19 21:55:11	SessionEvent	QUESTION_SET	NEW QUESTION TO ACTIVATE	6		CONDITION2	Welcome
2024-05-19 21:55:11	FlowEvent	NEW_FLOW_STATE	QuestionReflection	6		CONDITION2	QuestionReflection
2024-05-19 21:55:11	MonitorSpeechStart	<prosody rate="1.0">Question 6</prosody>	928
2024-05-19 21:55:12	ActionGesture	BrowRaise
2024-05-19 21:55:12	MonitorSpeechStart	<prosody rate="1.0">Ok #QNUM#. Let's see</prosody>	2658
2024-05-19 21:55:14	ActionGesture	BrowRaise
2024-05-19 21:55:14	ActionGesture	BrowRaise
2024-05-19 21:55:20	MonitorSpeechStart	<prosody rate="1.0">Ok let me know when you marked the answer</prosody>	2040
2024-05-19 21:55:22	ActionGesture	BrowRaise
2024-05-19 21:55:28	MonitorSpeechStart	<prosody rate="1.0">Whenever you want.</prosody>	757
2024-05-19 21:55:28	ActionGesture	BrowRaise
2024-05-19 21:55:35	MonitorSpeechStart	<prosody rate="1.0">Ok. I have it. Do you?</prosody>	2177
2024-05-19 21:55:36	ActionGesture	BrowRaise
2024-05-19 21:55:41	ActionGesture	Smile
2024-05-19 21:55:42	SenseSpeech	uh I think so	1402
2024-05-19 21:55:42	MonitorSpeechStart	<prosody rate="1.0">ASSENT</prosody>	577
2024-05-19 21:55:43	ActionGesture	BrowRaise
