2024-05-19 20:39:21	Autoreload is disabled because the development mode is off.
2024-05-19 20:39:21	Application started in 0.61 seconds.
2024-05-19 20:39:22	Responding at http://127.0.0.1:8888
2024-05-19 20:39:23	----------------- NEW EXECUTION-------------------
2024-05-19 20:39:23	FlowEvent	NEW_FLOW_STATE	Sleep	0.0		UNDEFINED	Sleep
2024-05-19 20:39:23	ActionGesture	CloseEyes
2024-05-19 20:39:28	GUIEvent	GUI_RELOADED	GUI_RELOADED [ACCEPTED]	0.0	UNDEFINED	UNDEFINED	Sleep
2024-05-19 20:39:28	GUIEvent	SYNCH_REQUESTED	SYNCH REQUESTED .. [ACCEPTED]	0.0	UNDEFINED	UNDEFINED	Sleep
2024-05-19 20:39:30	GUIEvent	NEW_STAGE_REQUESTED	STAGE[0.2] [28] REQUESTED .. [ACCEPTED]	0.0	UNDEFINED	UNDEFINED	Sleep
2024-05-19 20:39:30	SessionEvent	USER_SET	USER TO ACTIVATE.	0.2	28	UNDEFINED	Sleep
2024-05-19 20:39:30	FlowEvent	NEW_FLOW_STATE	Welcome	0.2		CONDITION2	Welcome
2024-05-19 20:39:30	ActionGesture	OpenEyes
2024-05-19 20:39:30	ActionGesture	Smile
2024-05-19 20:39:31	MonitorSpeechStart	<prosody rate="1.0">Hello there</prosody>	543
2024-05-19 20:39:31	ActionGesture	BrowRaise
2024-05-19 20:39:33	MonitorSpeechStart	<prosody rate="1.0">Nice to meet you</prosody>	824
2024-05-19 20:39:33	ActionGesture	BrowRaise
2024-05-19 20:39:34	MonitorSpeechStart	<prosody rate="1.0">How you doing?</prosody>	741
2024-05-19 20:39:34	ActionGesture	BrowRaise
2024-05-19 20:39:39	ActionGesture	Smile
2024-05-19 20:39:40	SenseSpeech	hey	1031
2024-05-19 20:39:41	MonitorSpeechStart	<prosody rate="1.0">Here some instructions for SAMPLE 4</prosody>	2037
2024-05-19 20:39:43	ActionGesture	BrowRaise
