2024-05-28 13:00:01	ActionGesture	Smile
2024-05-28 13:00:02	SenseSpeech	all right	788
2024-05-28 13:00:02	SenseNLUIntent	all right	Yes
2024-05-28 13:00:02	ActionGesture	SubtleWobbleYes
2024-05-28 13:00:02	MonitorSpeechStart	<prosody rate="0.87">Good. You see it too? <mark name="action"/></prosody>	1671
2024-05-28 13:00:04	ActionGesture	PauseUncertain
2024-05-28 13:00:05	MonitorSpeechStart	<prosody rate="0.87">Um, The blue lights should shine equally brightly if it is the same circuit. And the other lights are disconnected right?</prosody>	6518
2024-05-28 13:00:05	ActionGesture	BrowRaise
2024-05-28 13:00:07	ActionGesture	BrowRaise
2024-05-28 13:00:07	ActionGesture	BrowRaise
2024-05-28 13:00:12	ActionGesture	BrowRaise
2024-05-28 13:00:15	ActionGesture	Smile
2024-05-28 13:00:17	SenseSpeech	yeah they are	1449
2024-05-28 13:00:17	SenseNLUIntent	yeah they are	Yes
2024-05-28 13:00:17	FlowEvent	NEW_FLOW_STATE	QuestionCheckpoint	2		CONDITION2	QuestionCheckpoint
2024-05-28 13:00:17	ActionGesture	SubtleWobbleYes
2024-05-28 13:00:17	MonitorSpeechStart	<prosody rate="0.87">That's fine! <mark name="action"/></prosody>	879
2024-05-28 13:00:18	ActionGesture	BrowRaise
2024-05-28 13:00:18	ActionGesture	PauseUncertain
2024-05-28 13:00:19	MonitorSpeechStart	<prosody rate="0.87">Um, It is FALSE</prosody>	1503
2024-05-28 13:00:20	ActionGesture	BrowRaise
2024-05-28 13:00:22	MonitorSpeechStart	<prosody rate="0.87">Um, maybe</prosody>	1186
2024-05-28 13:00:23	ActionGesture	BrowRaise
2024-05-28 13:00:24	MonitorSpeechStart	<prosody rate="0.87">Shall we go for it?</prosody>	1207
2024-05-28 13:00:25	ActionGesture	BrowRaise
2024-05-28 13:00:27	ActionGesture	Smile
2024-05-28 13:00:28	SenseSpeech	yeah sure	851
2024-05-28 13:00:28	SenseNLUIntent	yeah sure	Yes
2024-05-28 13:00:28	SenseNLUIntent	yeah sure	Backchannel
2024-05-28 13:00:28	MonitorSpeechStart	<prosody rate="0.87">Ok, hear this <mark name="action"/></prosody>	1341
2024-05-28 13:00:29	ActionGesture	BrowRaise
2024-05-28 13:00:30	ActionGesture	PauseUncertain
2024-05-28 13:00:30	MonitorSpeechStart	<prosody rate="0.87">Um, So <mark name="action"/></prosody>	1143
2024-05-28 13:00:32	ActionGesture	PauseUncertain
2024-05-28 13:00:32	MonitorSpeechStart	<prosody rate="0.87">Um, I'm not completely sure</prosody>	2233
2024-05-28 13:00:34	ActionGesture	BrowRaise
2024-05-28 13:00:36	MonitorSpeechStart	<prosody rate="0.87">but do we agree it's FALSE?</prosody>	1540
2024-05-28 13:00:37	ActionGesture	BrowRaise
2024-05-28 13:00:40	ActionGesture	Smile
2024-05-28 13:00:41	SenseSpeech	yeah	906
2024-05-28 13:00:41	SenseNLUIntent	yeah	Yes
2024-05-28 13:00:41	FlowEvent	NEW_FLOW_STATE	QuestionReview	2		CONDITION2	QuestionReview
2024-05-28 13:00:41	FlowEvent	NEW_FLOW_STATE	QuestionConfirmation	2		CONDITION2	QuestionConfirmation
2024-05-28 13:00:41	MonitorSpeechStart	<prosody rate="1.0">Good</prosody>	391
2024-05-28 13:00:42	MonitorSpeechStart	<prosody rate="1.0">I haven't received the next question. Can you confirm the answer?</prosody>	3345
2024-05-28 13:00:45	ActionGesture	BrowRaise
2024-05-28 13:00:45	ActionGesture	BrowRaise
2024-05-28 13:00:46	GUIEvent	NEW_STAGE_REQUESTED	STAGE[3] [35] REQUESTED .. [ACCEPTED]	2	35	CONDITION2	QuestionConfirmation
2024-05-28 13:00:46	SessionEvent	ANSWER_CONFIRMED	QUESTION CONFIRMED IN GUI.	3		CONDITION2	QuestionConfirmation
2024-05-28 13:00:46	SessionEvent	QUESTION_SET	NEW QUESTION TO ACTIVATE	3		CONDITION2	QuestionConfirmation
2024-05-28 13:00:46	FlowEvent	NEW_FLOW_STATE	QuestionReflection	3		CONDITION2	QuestionReflection
2024-05-28 13:00:47	MonitorSpeechStart	<prosody rate="1.0">Okay, I'm now retrieving question 3</prosody>	2428
2024-05-28 13:00:48	ActionGesture	BrowRaise
2024-05-28 13:00:49	ActionGesture	BrowRaise
2024-05-28 13:00:51	MonitorSpeechStart	<prosody rate="1.0">Let’s check it out.</prosody>	911
2024-05-28 13:00:52	ActionGesture	BrowRaise
2024-05-28 13:01:00	ActionGesture	Smile
2024-05-28 13:01:00	GUIEvent	ANSWER_MARKED	ANSWER[TRUE] [3] [35] SENT .. [ACCEPTED]	3	35	CONDITION2	QuestionReflection
2024-05-28 13:01:01	SenseSpeech	yeah I think I	1565
2024-05-28 13:01:01	SenseNLUIntent	yeah I think I	Yes
2024-05-28 13:01:01	FlowEvent	NEW_FLOW_STATE	QuestionDisclosure	3		CONDITION2	QuestionDisclosure
2024-05-28 13:01:02	MonitorSpeechStart	<prosody rate="1.0">Nice</prosody>	438
2024-05-28 13:01:02	ActionGesture	BrowRaise
2024-05-28 13:01:03	MonitorSpeechStart	<prosody rate="1.0">I replied that it is FALSE</prosody>	1485
2024-05-28 13:01:04	ActionGesture	BrowRaise
2024-05-28 13:01:06	MonitorSpeechStart	<prosody rate="1.0">What do you think?</prosody>	726
2024-05-28 13:01:06	ActionGesture	BrowRaise
2024-05-28 13:01:09	ActionGesture	Smile
2024-05-28 13:01:10	SenseSpeech	so I think it's true	1474
2024-05-28 13:01:10	SenseNLUIntent	so I think it's true	Yes
2024-05-28 13:01:10	SenseNLUIntent	so I think it's true	AnswerTrue
2024-05-28 13:01:10	FlowEvent	NEW_FLOW_STATE	QuestionPersuasion	3		CONDITION2	QuestionPersuasion
2024-05-28 13:01:11	MonitorSpeechStart	<prosody rate="1.0">Well</prosody>	454
2024-05-28 13:01:11	ActionGesture	BrowRaise
2024-05-28 13:01:13	MonitorSpeechStart	<prosody rate="1.0">When the switch is turned on, the red and yellow lights are connected in parallel</prosody>	3730
2024-05-28 13:01:13	ActionGesture	BrowRaise
2024-05-28 13:01:14	ActionGesture	BrowRaise
2024-05-28 13:01:15	ActionGesture	BrowRaise
2024-05-28 13:01:16	ActionGesture	BrowRaise
2024-05-28 13:01:19	ActionGesture	Smile
2024-05-28 13:01:20	SenseSpeech	yes	986
2024-05-28 13:01:20	SenseNLUIntent	yes	Yes
2024-05-28 13:01:20	MonitorSpeechStart	<prosody rate="1.0">That's fine!</prosody>	759
2024-05-28 13:01:21	ActionGesture	BrowRaise
2024-05-28 13:01:22	MonitorSpeechStart	<prosody rate="1.0">The equivalent resistance of parallel connected resistances is lower than each of the resistances</prosody>	4929
2024-05-28 13:01:24	ActionGesture	BrowRaise
2024-05-28 13:01:25	ActionGesture	BrowRaise
2024-05-28 13:01:27	ActionGesture	BrowRaise
2024-05-28 13:01:30	ActionGesture	Smile
2024-05-28 13:01:31	SenseSpeech	yeah	864
2024-05-28 13:01:31	SenseNLUIntent	yeah	Yes
2024-05-28 13:01:31	FlowEvent	NEW_FLOW_STATE	QuestionCheckpoint	3		CONDITION2	QuestionCheckpoint
2024-05-28 13:01:31	MonitorSpeechStart	<prosody rate="1.0">Perfect</prosody>	513
2024-05-28 13:01:31	ActionGesture	BrowRaise
2024-05-28 13:01:33	MonitorSpeechStart	<prosody rate="1.0">I believe it's FALSE</prosody>	1113
2024-05-28 13:01:34	ActionGesture	BrowRaise
2024-05-28 13:01:35	MonitorSpeechStart	<prosody rate="1.0">So</prosody>	386
2024-05-28 13:01:37	MonitorSpeechStart	<prosody rate="1.0">do you agree?</prosody>	649
2024-05-28 13:01:37	ActionGesture	BrowRaise
2024-05-28 13:01:40	ActionGesture	Smile
2024-05-28 13:01:45	SenseSpeech	no because there there will be less current through the yellow light	4417
2024-05-28 13:01:45	SenseNLUIntent	no because there there will be less current through the yellow light	No
2024-05-28 13:01:45	FlowEvent	NEW_FLOW_STATE	QuestionPersuasion	3		CONDITION2	QuestionPersuasion
2024-05-28 13:01:45	MonitorSpeechStart	<prosody rate="1.0">ok, let me put it this way</prosody>	1959
2024-05-28 13:01:47	ActionGesture	BrowRaise
2024-05-28 13:01:49	MonitorSpeechStart	<prosody rate="1.0">The equivalent resistance of the red and yellow lights is 7.5 Ohms. The blue lamp has 15 Ohms.</prosody>	6053
2024-05-28 13:01:50	ActionGesture	BrowRaise
2024-05-28 13:01:51	ActionGesture	BrowRaise
2024-05-28 13:01:52	ActionGesture	BrowRaise
2024-05-28 13:01:54	ActionGesture	BrowRaise
2024-05-28 13:01:59	ActionGesture	Smile
2024-05-28 13:02:02	SenseSpeech	uh yeah we need to change the picture	2946
2024-05-28 13:02:02	SenseNLUIntent	uh yeah we need to change the picture	Yes
2024-05-28 13:02:02	SenseNLUIntent	uh yeah we need to change the picture	Understand
2024-05-28 13:02:02	FlowEvent	NEW_FLOW_STATE	QuestionCheckpoint	3		CONDITION2	QuestionCheckpoint
2024-05-28 13:02:02	MonitorSpeechStart	<prosody rate="1.0">Super</prosody>	526
2024-05-28 13:02:02	ActionGesture	BrowRaise
2024-05-28 13:02:03	MonitorSpeechStart	<prosody rate="1.0">I believe it's FALSE</prosody>	1113
2024-05-28 13:02:04	ActionGesture	BrowRaise
2024-05-28 13:02:05	FlowEvent	NEW_FLOW_STATE	Welcome	3		CONDITION2	Welcome
2024-05-28 13:02:05	ActionGesture	OpenEyes
2024-05-28 13:02:05	ActionGesture	Smile
2024-05-28 13:02:07	MonitorSpeechStart	<prosody rate="1.0">Oh hello there</prosody>	748
2024-05-28 13:02:07	ActionGesture	BrowRaise
2024-05-28 13:02:07	ActionGesture	Smile
2024-05-28 13:02:08	SenseSpeech	oh hello there	1215
2024-05-28 13:02:09	MonitorSpeechStart	<prosody rate="1.0">Nice to meet you</prosody>	824
2024-05-28 13:02:09	ActionGesture	BrowRaise
2024-05-28 13:02:11	MonitorSpeechStart	<prosody rate="1.0">How you doing?</prosody>	741
2024-05-28 13:02:11	ActionGesture	BrowRaise
2024-05-28 13:02:12	ActionGesture	Smile
2024-05-28 13:02:13	SenseSpeech	what happened	991
2024-05-28 13:02:13	FlowEvent	NEW_FLOW_STATE	ReviewInstructions	3		CONDITION2	ReviewInstructions
2024-05-28 13:02:14	MonitorSpeechStart	<prosody rate="1.0">Sorry</prosody>	510
2024-05-28 13:02:14	ActionGesture	BrowRaise
2024-05-28 13:02:15	MonitorSpeechStart	<prosody rate="1.0">I could not hear you</prosody>	897
2024-05-28 13:02:16	ActionGesture	BrowRaise
2024-05-28 13:02:17	MonitorSpeechStart	<prosody rate="1.0">You know something about our meeting?</prosody>	1349
2024-05-28 13:02:18	ActionGesture	BrowRaise
2024-05-28 13:02:22	ActionGesture	Smile
2024-05-28 13:02:24	SenseSpeech	that's what we because	2234
2024-05-28 13:02:25	MonitorSpeechStart	<prosody rate="1.0">Oh</prosody>	459
2024-05-28 13:02:26	MonitorSpeechStart	<prosody rate="1.0">I see</prosody>	670
2024-05-28 13:02:28	MonitorSpeechStart	<prosody rate="1.0">The questions will appear one by one on the tablet</prosody>	2314
2024-05-28 13:02:29	ActionGesture	BrowRaise
2024-05-28 13:02:30	ActionGesture	BrowRaise
2024-05-28 13:02:30	ActionGesture	BrowRaise
2024-05-28 13:02:31	MonitorSpeechStart	<prosody rate="1.0">For each one, we will have time to think</prosody>	2119
2024-05-28 13:02:32	ActionGesture	BrowRaise
2024-05-28 13:04:36	MonitorSpeechStart	<prosody rate="1.0">Then you mark your answer and I will mark mine</prosody>	2073
2024-05-28 13:04:36	ActionGesture	BrowRaise
2024-05-28 13:39:29	Autoreload is disabled because the development mode is off.
2024-05-28 13:39:30	Application started in 0.62 seconds.
2024-05-28 13:39:30	Responding at http://127.0.0.1:8888
2024-05-28 13:39:32	----------------- NEW EXECUTION-------------------
2024-05-28 13:39:32	FlowEvent	NEW_FLOW_STATE	Sleep	0.0		UNDEFINED	Sleep
2024-05-28 13:39:33	ActionGesture	CloseEyes
2024-05-28 13:39:33	ActionGesture	CloseEyes
2024-05-28 13:39:42	GUIEvent	GUI_RELOADED	GUI_RELOADED [ACCEPTED]	0.0	UNDEFINED	UNDEFINED	Sleep
2024-05-28 13:40:21	GUIEvent	NEW_STAGE_REQUESTED	STAGE[0.2] [54] REQUESTED .. [ACCEPTED]	0.0	UNDEFINED	UNDEFINED	Sleep
2024-05-28 13:40:21	SessionEvent	USER_SET	USER TO ACTIVATE.	0.2	54	UNDEFINED	Sleep
2024-05-28 13:40:21	FlowEvent	NEW_FLOW_STATE	Welcome	0.2		CONDITION3	Welcome
2024-05-28 13:40:21	ActionGesture	OpenEyes
2024-05-28 13:40:21	ActionGesture	Smile
2024-05-28 13:40:22	MonitorSpeechStart	<prosody rate="1.0">Hello there</prosody>	543
2024-05-28 13:40:22	ActionGesture	BrowRaise
2024-05-28 13:40:23	MonitorSpeechStart	<prosody rate="1.0">Nice to meet you</prosody>	824
2024-05-28 13:40:23	ActionGesture	BrowRaise
2024-05-28 13:40:25	MonitorSpeechStart	<prosody rate="1.0">How you doing?</prosody>	741
2024-05-28 13:40:25	ActionGesture	BrowRaise
2024-05-28 13:40:27	ActionGesture	Smile
2024-05-28 13:40:29	SenseSpeech	yeah I'm fine how about you	2402
2024-05-28 13:40:29	SenseNLUIntent	yeah I'm fine how about you	Yes
2024-05-28 13:40:29	FlowEvent	NEW_FLOW_STATE	ReviewInstructions	0.2		CONDITION3	ReviewInstructions
2024-05-28 13:40:30	MonitorSpeechStart	<prosody rate="1.0">Right, as far as I know,we will get some Electronics questions to resolve together. Somebody told you?</prosody>	6104
2024-05-28 13:40:30	ActionGesture	BrowRaise
2024-05-28 13:40:31	ActionGesture	BrowRaise
2024-05-28 13:40:34	ActionGesture	BrowRaise
2024-05-28 13:40:35	ActionGesture	BrowRaise
2024-05-28 13:40:37	ActionGesture	Smile
2024-05-28 13:40:38	SenseSpeech	no they didn't	1197
2024-05-28 13:40:38	SenseNLUIntent	no they didn't	No
2024-05-28 13:40:39	MonitorSpeechStart	<prosody rate="1.0">Oh</prosody>	459
2024-05-28 13:40:40	MonitorSpeechStart	<prosody rate="1.0">well</prosody>	454
2024-05-28 13:40:40	ActionGesture	BrowRaise
2024-05-28 13:40:41	MonitorSpeechStart	<prosody rate="1.0">Basically a question will come up on the tablet, I receive it, we think, we answer separately and then we discuss</prosody>	5938
2024-05-28 13:40:41	ActionGesture	BrowRaise
2024-05-28 13:40:43	ActionGesture	BrowRaise
2024-05-28 13:40:47	ActionGesture	BrowRaise
2024-05-28 13:40:48	MonitorSpeechStart	<prosody rate="1.0">Do you want me to explain or are you ready?</prosody>	1666
2024-05-28 13:40:49	ActionGesture	BrowRaise
2024-05-28 13:40:49	ActionGesture	BrowRaise
2024-05-28 13:40:50	ActionGesture	Smile
2024-05-28 13:40:51	SenseSpeech	I'm ready	1132
2024-05-28 13:40:51	SenseNLUIntent	I'm ready	IAmDone
2024-05-28 13:40:52	MonitorSpeechStart	<prosody rate="1.0">Perfect</prosody>	513
2024-05-28 13:40:52	GUIEvent	NEW_STAGE_REQUESTED	STAGE[1] [54] REQUESTED .. [ACCEPTED]	0.2	54	CONDITION3	ReviewInstructions
2024-05-28 13:40:52	SessionEvent	QUESTION_SET	NEW QUESTION TO ACTIVATE	1		CONDITION3	ReviewInstructions
2024-05-28 13:40:52	FlowEvent	NEW_FLOW_STATE	QuestionReflection	1		CONDITION3	QuestionReflection
2024-05-28 13:40:52	ActionGesture	BrowRaise
2024-05-28 13:40:52	MonitorSpeechStart	<prosody rate="1.0">Ok</prosody>	618
2024-05-28 13:40:53	ActionGesture	BrowRaise
2024-05-28 13:40:54	MonitorSpeechStart	<prosody rate="1.0">I think I am getting the question 1</prosody>	1802
2024-05-28 13:40:54	ActionGesture	BrowRaise
2024-05-28 13:40:55	ActionGesture	BrowRaise
2024-05-28 13:40:56	MonitorSpeechStart	<prosody rate="1.0">Let's see</prosody>	658
2024-05-28 13:40:56	ActionGesture	BrowRaise
2024-05-28 13:41:03	ActionGesture	Smile
2024-05-28 13:41:05	SenseSpeech	yeah I have answered	2299
2024-05-28 13:41:05	SenseNLUIntent	yeah I have answered	Yes
2024-05-28 13:41:05	SenseNLUIntent	yeah I have answered	Agree
2024-05-28 13:41:05	FlowEvent	NEW_FLOW_STATE	QuestionMarking	1		CONDITION3	QuestionMarking
2024-05-28 13:41:05	MonitorSpeechStart	<prosody rate="1.0">Good</prosody>	391
2024-05-28 13:41:06	MonitorSpeechStart	<prosody rate="1.0">We need to mark the answer on the screen</prosody>	1938
2024-05-28 13:41:07	GUIEvent	ANSWER_MARKED	ANSWER[TRUE] [1] [54] SENT .. [ACCEPTED]	1	54	CONDITION3	QuestionMarking
2024-05-28 13:41:07	ActionGesture	BrowRaise
2024-05-28 13:41:08	ActionGesture	BrowRaise
2024-05-28 13:41:09	MonitorSpeechStart	<prosody rate="1.0">Did you?</prosody>	440
2024-05-28 13:41:10	ActionGesture	Smile
2024-05-28 13:41:11	SenseSpeech	yeah	1063
2024-05-28 13:41:11	SenseNLUIntent	yeah	Yes
2024-05-28 13:41:11	FlowEvent	NEW_FLOW_STATE	QuestionDisclosure	1		CONDITION3	QuestionDisclosure
2024-05-28 13:41:11	ActionGesture	SubtleNod
2024-05-28 13:41:13	MonitorSpeechStart	<prosody rate="1.13">Nice</prosody>	371
2024-05-28 13:41:13	ActionGesture	BrowRaise
2024-05-28 13:41:14	MonitorSpeechStart	<prosody rate="1.13">Mm, I'm convinced that it's TRUE</prosody>	1566
2024-05-28 13:41:15	ActionGesture	BrowRaise
2024-05-28 13:41:16	MonitorSpeechStart	<prosody rate="1.13">What do you think?</prosody>	657
2024-05-28 13:41:17	ActionGesture	BrowRaise
2024-05-28 13:41:18	ActionGesture	Smile
2024-05-28 13:41:20	SenseSpeech	yeah I agree	1328
2024-05-28 13:41:20	SenseNLUIntent	yeah I agree	Yes
2024-05-28 13:41:20	SenseNLUIntent	yeah I agree	Agree
2024-05-28 13:41:20	FlowEvent	NEW_FLOW_STATE	QuestionReview	1		CONDITION3	QuestionReview
2024-05-28 13:41:20	ActionGesture	SubtleNod
2024-05-28 13:41:20	MonitorSpeechStart	<prosody rate="1.13">Good. You see it too?</prosody>	1363
2024-05-28 13:41:23	MonitorSpeechStart	<prosody rate="1.13">Mm, It is obvious, since the resistance increases with more lamps while the voltage is constant.</prosody>	4702
2024-05-28 13:41:23	ActionGesture	BrowRaise
2024-05-28 13:41:27	ActionGesture	BrowRaise
2024-05-28 13:41:27	ActionGesture	BrowRaise
2024-05-28 13:41:29	ActionGesture	Smile
2024-05-28 13:41:30	SenseSpeech	mhm	915
2024-05-28 13:41:30	MonitorSpeechStart	<prosody rate="1.13">Ok <mark name="action"/></prosody>	534
2024-05-28 13:41:30	ActionGesture	BrowRaise
2024-05-28 13:41:31	ActionGesture	EyesOpenBrowUpNod
2024-05-28 13:41:32	MonitorSpeechStart	<prosody rate="1.13">Mm, Enligt Ohms lag blir strömmen lägre om resistansen ökar när spänningen hålls konstant, så då kommer lamporna absolut att lysa svagare.</prosody>	7097
2024-05-28 13:41:35	ActionGesture	BrowRaise
2024-05-28 13:41:38	ActionGesture	BrowRaise
2024-05-28 13:41:38	ActionGesture	BrowRaise
2024-05-28 13:41:39	ActionGesture	BrowRaise
2024-05-28 13:41:39	ActionGesture	BrowRaise
2024-05-28 13:41:41	ActionGesture	Smile
2024-05-28 13:41:45	SenseSpeech	this is because	3441
2024-05-28 13:41:45	FlowEvent	NEW_FLOW_STATE	QuestionCheckpoint	1		CONDITION3	QuestionCheckpoint
2024-05-28 13:41:45	ActionGesture	SubtleNod
2024-05-28 13:41:45	MonitorSpeechStart	<prosody rate="1.13">Indeed</prosody>	479
2024-05-28 13:41:47	MonitorSpeechStart	<prosody rate="1.13">Mm, but</prosody>	652
2024-05-28 13:41:47	ActionGesture	BrowRaise
2024-05-28 13:41:49	MonitorSpeechStart	<prosody rate="1.13">So</prosody>	346
2024-05-28 13:41:50	MonitorSpeechStart	<prosody rate="1.13">I'm completely sure</prosody>	945
2024-05-28 13:41:50	ActionGesture	BrowRaise
2024-05-28 13:41:51	MonitorSpeechStart	<prosody rate="1.13">do we agree it's TRUE?</prosody>	1023
2024-05-28 13:41:52	ActionGesture	BrowRaise
2024-05-28 13:41:53	ActionGesture	Smile
2024-05-28 13:41:55	SenseSpeech	yeah yeah	1086
2024-05-28 13:41:55	SenseNLUIntent	yeah yeah	Yes
2024-05-28 13:41:55	FlowEvent	NEW_FLOW_STATE	QuestionReview	1		CONDITION3	QuestionReview
2024-05-28 13:41:55	FlowEvent	NEW_FLOW_STATE	QuestionConfirmation	1		CONDITION3	QuestionConfirmation
2024-05-28 13:41:55	MonitorSpeechStart	<prosody rate="1.0">Perfect</prosody>	513
2024-05-28 13:41:55	ActionGesture	BrowRaise
2024-05-28 13:41:56	MonitorSpeechStart	<prosody rate="1.0">Ok. I marked TRUE already. Can you mark your answer on the tablet and confim?</prosody>	4615
2024-05-28 13:41:56	ActionGesture	BrowRaise
2024-05-28 13:41:59	ActionGesture	BrowRaise
2024-05-28 13:42:00	ActionGesture	BrowRaise
2024-05-28 13:42:00	ActionGesture	BrowRaise
2024-05-28 13:42:01	GUIEvent	NEW_STAGE_REQUESTED	STAGE[2] [54] REQUESTED .. [ACCEPTED]	1	54	CONDITION3	QuestionConfirmation
2024-05-28 13:42:01	SessionEvent	ANSWER_CONFIRMED	QUESTION CONFIRMED IN GUI.	2		CONDITION3	QuestionConfirmation
2024-05-28 13:42:01	SessionEvent	QUESTION_SET	NEW QUESTION TO ACTIVATE	2		CONDITION3	QuestionConfirmation
2024-05-28 13:42:01	FlowEvent	NEW_FLOW_STATE	QuestionReflection	2		CONDITION3	QuestionReflection
2024-05-28 13:42:02	MonitorSpeechStart	<prosody rate="1.0">Right</prosody>	393
2024-05-28 13:42:02	ActionGesture	BrowRaise
2024-05-28 13:42:03	MonitorSpeechStart	<prosody rate="1.0">receiving the question 2</prosody>	1382
2024-05-28 13:42:04	ActionGesture	BrowRaise
2024-05-28 13:42:05	MonitorSpeechStart	<prosody rate="1.0">Ok</prosody>	618
2024-05-28 13:42:05	ActionGesture	BrowRaise
2024-05-28 13:42:11	ActionGesture	Smile
2024-05-28 13:42:13	SenseSpeech	yeah	1212
2024-05-28 13:42:13	SenseNLUIntent	yeah	Yes
2024-05-28 13:42:13	FlowEvent	NEW_FLOW_STATE	QuestionMarking	2		CONDITION3	QuestionMarking
2024-05-28 13:42:13	MonitorSpeechStart	<prosody rate="1.0">Super</prosody>	526
2024-05-28 13:42:13	ActionGesture	BrowRaise
2024-05-28 13:42:15	MonitorSpeechStart	<prosody rate="1.0">We need to select our answer</prosody>	1363
2024-05-28 13:42:16	ActionGesture	BrowRaise
2024-05-28 13:42:16	GUIEvent	ANSWER_MARKED	ANSWER[FALSE] [2] [54] SENT .. [ACCEPTED]	2	54	CONDITION3	QuestionMarking
2024-05-28 13:42:17	MonitorSpeechStart	<prosody rate="1.0">I did</prosody>	568
2024-05-28 13:42:18	MonitorSpeechStart	<prosody rate="1.0">DId you?</prosody>	440
2024-05-28 13:42:20	ActionGesture	Smile
2024-05-28 13:42:21	SenseSpeech	yes	794
2024-05-28 13:42:21	SenseNLUIntent	yes	Yes
2024-05-28 13:42:21	FlowEvent	NEW_FLOW_STATE	QuestionDisclosure	2		CONDITION3	QuestionDisclosure
2024-05-28 13:42:21	ActionGesture	SubtleNod
2024-05-28 13:42:22	MonitorSpeechStart	<prosody rate="1.13">That's fine!</prosody>	643
2024-05-28 13:42:22	ActionGesture	BrowRaise
2024-05-28 13:42:23	MonitorSpeechStart	<prosody rate="1.13">Mm, I'm positive</prosody>	1121
2024-05-28 13:42:24	ActionGesture	BrowRaise
2024-05-28 13:42:25	MonitorSpeechStart	<prosody rate="1.13">, I say it's FALSE</prosody>	1077
2024-05-28 13:42:26	ActionGesture	BrowRaise
2024-05-28 13:42:28	MonitorSpeechStart	<prosody rate="1.13">What did you answer?</prosody>	751
2024-05-28 13:42:28	ActionGesture	BrowRaise
2024-05-28 13:42:31	ActionGesture	Smile
2024-05-28 13:42:33	SenseSpeech	yeah I also selected this Force	2333
2024-05-28 13:42:33	SenseNLUIntent	yeah I also selected this Force	Yes
2024-05-28 13:42:33	FlowEvent	NEW_FLOW_STATE	QuestionReview	2		CONDITION3	QuestionReview
2024-05-28 13:42:33	ActionGesture	SubtleNod
2024-05-28 13:42:34	MonitorSpeechStart	<prosody rate="1.13">That's fine!</prosody>	643
2024-05-28 13:42:34	ActionGesture	BrowRaise
2024-05-28 13:42:35	MonitorSpeechStart	<prosody rate="1.13">Mm, Even though C1 and C2 are drawn differently, it IS the same circuit and the white, yellow and red lights are paralleled in both.</prosody>	6246
2024-05-28 13:42:39	ActionGesture	BrowRaise
2024-05-28 13:42:39	ActionGesture	BrowRaise
2024-05-28 13:42:40	ActionGesture	BrowRaise
2024-05-28 13:42:40	ActionGesture	BrowRaise
2024-05-28 13:42:41	ActionGesture	BrowRaise
2024-05-28 13:42:44	ActionGesture	Smile
2024-05-28 13:42:46	SenseSpeech	mhm I agree	1766
2024-05-28 13:42:46	SenseNLUIntent	mhm I agree	Agree
2024-05-28 13:42:46	SenseNLUIntent	mhm I agree	Yes
2024-05-28 13:42:46	ActionGesture	SubtleNod
2024-05-28 13:42:46	MonitorSpeechStart	<prosody rate="1.13">Did you agree?</prosody>	657
2024-05-28 13:42:47	ActionGesture	BrowRaise
2024-05-28 13:42:48	MonitorSpeechStart	<prosody rate="1.13">Mm, Framförallt är de lamporna kortslutna, så det är bara en blå lampa i båda kretsarna. Det är klart att den lyser lika starkt.</prosody>	7332
2024-05-28 13:42:51	ActionGesture	BrowRaise
2024-05-28 13:42:52	ActionGesture	BrowRaise
2024-05-28 13:42:52	ActionGesture	BrowRaise
2024-05-28 13:42:53	ActionGesture	BrowRaise
2024-05-28 13:42:53	ActionGesture	BrowRaise
2024-05-28 13:42:55	ActionGesture	BrowRaise
2024-05-28 13:42:55	FlowEvent	NEW_FLOW_STATE	Welcome	2		CONDITION3	Welcome
2024-05-28 13:42:55	ActionGesture	OpenEyes
2024-05-28 13:42:55	ActionGesture	Smile
2024-05-28 13:42:56	MonitorSpeechStart	<prosody rate="1.0">Oh hello there</prosody>	748
2024-05-28 13:42:56	ActionGesture	BrowRaise
2024-05-28 13:42:57	ActionGesture	Smile
2024-05-28 13:42:57	MonitorSpeechStart	<prosody rate="1.0">Nice to meet you</prosody>	824
2024-05-28 13:42:57	ActionGesture	BrowRaise
2024-05-28 13:42:58	SenseSpeech	oh hello there	1234
2024-05-28 13:42:59	MonitorSpeechStart	<prosody rate="1.0">How you doing?</prosody>	741
2024-05-28 13:42:59	ActionGesture	BrowRaise
2024-05-28 13:43:01	ActionGesture	Smile
2024-05-28 13:43:02	SenseSpeech	went away okay	1449
2024-05-28 13:43:02	SenseNLUIntent	went away okay	Yes
2024-05-28 13:43:02	FlowEvent	NEW_FLOW_STATE	ReviewInstructions	2		CONDITION3	ReviewInstructions
2024-05-28 13:43:03	MonitorSpeechStart	<prosody rate="1.0">Sorry</prosody>	510
2024-05-28 13:43:03	ActionGesture	BrowRaise
2024-05-28 13:43:04	MonitorSpeechStart	<prosody rate="1.0">I could not hear you</prosody>	897
2024-05-28 13:43:04	ActionGesture	BrowRaise
2024-05-28 13:43:05	MonitorSpeechStart	<prosody rate="1.0">You know something about our meeting?</prosody>	1349
2024-05-28 13:43:06	ActionGesture	BrowRaise
2024-05-28 13:43:07	ActionGesture	Smile
2024-05-28 13:43:11	SenseSpeech	looking down on some on something and it restarts	3136
2024-05-28 13:43:11	MonitorSpeechStart	<prosody rate="1.0">Also</prosody>	515
2024-05-28 13:43:12	MonitorSpeechStart	<prosody rate="1.0">The questions will appear one by one on the tablet</prosody>	2314
2024-05-28 13:43:14	ActionGesture	BrowRaise
2024-05-28 13:43:14	ActionGesture	BrowRaise
2024-05-28 13:43:15	ActionGesture	BrowRaise
2024-05-28 13:43:15	MonitorSpeechStart	<prosody rate="1.0">For each one, we will have time to think</prosody>	2119
2024-05-28 13:43:17	ActionGesture	BrowRaise
2024-05-28 13:43:18	MonitorSpeechStart	<prosody rate="1.0">Then you mark your answer and I will mark mine</prosody>	2073
2024-05-28 13:43:20	ActionGesture	BrowRaise
2024-05-28 13:43:21	MonitorSpeechStart	<prosody rate="1.0">You ready?</prosody>	531
2024-05-28 13:43:21	ActionGesture	BrowRaise
2024-05-28 13:43:23	ActionGesture	Smile
2024-05-28 13:43:25	SenseSpeech	files yeah yeah absolutely	1928
2024-05-28 13:43:25	SenseNLUIntent	files yeah yeah absolutely	Yes
2024-05-28 13:43:25	SenseNLUIntent	files yeah yeah absolutely	Agree
2024-05-28 13:43:25	MonitorSpeechStart	<prosody rate="1.0">Nice</prosody>	438
2024-05-28 13:43:25	ActionGesture	BrowRaise
2024-05-28 13:43:26	MonitorSpeechStart	<prosody rate="1.0">I am ready, go ahead and press the button.</prosody>	2131
2024-05-28 13:43:26	ActionGesture	BrowRaise
2024-05-28 13:59:07	Autoreload is disabled because the development mode is off.
2024-05-28 13:59:08	Application started in 0.62 seconds.
2024-05-28 13:59:08	Responding at http://127.0.0.1:8888
2024-05-28 13:59:10	----------------- NEW EXECUTION-------------------
2024-05-28 13:59:10	FlowEvent	NEW_FLOW_STATE	Sleep	0.0		UNDEFINED	Sleep
2024-05-28 13:59:10	ActionGesture	CloseEyes
2024-05-28 13:59:10	ActionGesture	CloseEyes
2024-05-28 13:59:13	GUIEvent	GUI_RELOADED	GUI_RELOADED [ACCEPTED]	0.0	UNDEFINED	UNDEFINED	Sleep
2024-05-28 13:59:15	GUIEvent	NEW_STAGE_REQUESTED	STAGE[0.2] [52] REQUESTED .. [ACCEPTED]	0.0	UNDEFINED	UNDEFINED	Sleep
2024-05-28 13:59:15	SessionEvent	USER_SET	USER TO ACTIVATE.	0.2	52	UNDEFINED	Sleep
2024-05-28 13:59:15	FlowEvent	NEW_FLOW_STATE	Welcome	0.2		CONDITION3	Welcome
2024-05-28 13:59:15	ActionGesture	OpenEyes
2024-05-28 13:59:15	ActionGesture	Smile
2024-05-28 13:59:16	MonitorSpeechStart	<prosody rate="1.0">Hello there</prosody>	543
2024-05-28 13:59:16	ActionGesture	BrowRaise
2024-05-28 13:59:17	MonitorSpeechStart	<prosody rate="1.0">Nice to meet you</prosody>	824
2024-05-28 13:59:17	ActionGesture	BrowRaise
2024-05-28 13:59:19	MonitorSpeechStart	<prosody rate="1.0">How you doing?</prosody>	741
2024-05-28 13:59:19	ActionGesture	BrowRaise
2024-05-28 13:59:21	ActionGesture	Smile
2024-05-28 13:59:21	GUIEvent	NEW_STAGE_REQUESTED	STAGE[1] [52] REQUESTED .. [ACCEPTED]	0.2	52	CONDITION3	Welcome
2024-05-28 13:59:21	SessionEvent	QUESTION_SET	NEW QUESTION TO ACTIVATE	1		CONDITION3	Welcome
2024-05-28 13:59:21	FlowEvent	NEW_FLOW_STATE	QuestionReflection	1		CONDITION3	QuestionReflection
2024-05-28 13:59:21	SenseSpeech	yeah I'm fine	399
2024-05-28 13:59:22	MonitorSpeechStart	<prosody rate="1.0">Ok</prosody>	618
2024-05-28 13:59:22	ActionGesture	BrowRaise
2024-05-28 13:59:23	MonitorSpeechStart	<prosody rate="1.0">I think I am getting the question 1</prosody>	1802
2024-05-28 13:59:23	ActionGesture	BrowRaise
2024-05-28 13:59:24	ActionGesture	BrowRaise
2024-05-28 13:59:25	MonitorSpeechStart	<prosody rate="1.0">Let's see</prosody>	658
2024-05-28 13:59:25	ActionGesture	BrowRaise
2024-05-28 13:59:34	MonitorSpeechStart	<prosody rate="1.0">Have you answered?</prosody>	752
2024-05-28 13:59:35	ActionGesture	BrowRaise
2024-05-28 13:59:43	MonitorSpeechStart	<prosody rate="1.0">Have you answered already?</prosody>	1137
2024-05-28 13:59:44	FlowEvent	NEW_FLOW_STATE	Welcome	1		CONDITION3	Welcome
2024-05-28 13:59:44	ActionGesture	OpenEyes
2024-05-28 13:59:44	ActionGesture	Smile
2024-05-28 13:59:44	ActionGesture	BrowRaise
2024-05-28 13:59:44	MonitorSpeechStart	<prosody rate="1.0">Oh hello there</prosody>	748
2024-05-28 13:59:45	ActionGesture	BrowRaise
2024-05-28 13:59:45	ActionGesture	Smile
2024-05-28 13:59:46	MonitorSpeechStart	<prosody rate="1.0">Nice to meet you</prosody>	824
2024-05-28 13:59:46	ActionGesture	BrowRaise
2024-05-28 13:59:46	SenseSpeech	oh hello	1127
2024-05-28 13:59:47	MonitorSpeechStart	<prosody rate="1.0">How you doing?</prosody>	741
2024-05-28 13:59:47	ActionGesture	BrowRaise
