2024-05-26 18:00:43	Autoreload is disabled because the development mode is off.
2024-05-26 18:00:44	Application started in 0.911 seconds.
2024-05-26 18:00:44	Responding at http://127.0.0.1:8888
2024-05-26 18:00:46	----------------- NEW EXECUTION-------------------
2024-05-26 18:00:46	FlowEvent	NEW_FLOW_STATE	Sleep	0.0		UNDEFINED	Sleep
2024-05-26 18:00:46	ActionGesture	CloseEyes
2024-05-26 18:00:46	ActionGesture	CloseEyes
2024-05-26 18:00:52	GUIEvent	GUI_RELOADED	GUI_RELOADED [ACCEPTED]	0.0	UNDEFINED	UNDEFINED	Sleep
2024-05-26 18:00:56	GUIEvent	NEW_STAGE_REQUESTED	STAGE[0.2] [4] REQUESTED .. [ACCEPTED]	0.0	UNDEFINED	UNDEFINED	Sleep
2024-05-26 18:00:56	SessionEvent	USER_SET	USER TO ACTIVATE.	0.2	4	UNDEFINED	Sleep
2024-05-26 18:00:56	FlowEvent	NEW_FLOW_STATE	Welcome	0.2		CONDITION1	Welcome
2024-05-26 18:00:56	ActionGesture	OpenEyes
2024-05-26 18:00:56	ActionGesture	Smile
2024-05-26 18:00:56	MonitorSpeechStart	<prosody rate="1.0">Hello there</prosody>	543
2024-05-26 18:00:57	ActionGesture	BrowRaise
2024-05-26 18:00:58	MonitorSpeechStart	<prosody rate="1.0">Nice to meet you</prosody>	824
2024-05-26 18:00:58	ActionGesture	BrowRaise
2024-05-26 18:01:00	MonitorSpeechStart	<prosody rate="1.0">How you doing?</prosody>	741
2024-05-26 18:01:00	ActionGesture	BrowRaise
2024-05-26 18:01:07	ActionGesture	Smile
2024-05-26 18:01:08	SenseSpeech	can you repeat	1054
2024-05-26 18:01:08	FlowEvent	NEW_FLOW_STATE	ReviewInstructions	0.2		CONDITION1	ReviewInstructions
2024-05-26 18:01:08	MonitorSpeechStart	<prosody rate="1.0">Right, as far as I know,we will get some Electronics questions to resolve together. Somebody told you?</prosody>	6104
2024-05-26 18:01:09	ActionGesture	BrowRaise
2024-05-26 18:01:10	ActionGesture	BrowRaise
2024-05-26 18:01:13	ActionGesture	BrowRaise
2024-05-26 18:01:14	ActionGesture	BrowRaise
2024-05-26 18:01:16	ActionGesture	Smile
2024-05-26 18:01:17	SenseSpeech	can you repeat that	1565
2024-05-26 18:01:17	MonitorSpeechStart	<prosody rate="1.0">Yes</prosody>	493
2024-05-26 18:01:17	ActionGesture	BrowRaise
2024-05-26 18:01:19	MonitorSpeechStart	<prosody rate="1.0">Right, as far as I know,we will get some Electronics questions to resolve together. Somebody told you?</prosody>	6104
2024-05-26 18:01:19	ActionGesture	BrowRaise
2024-05-26 18:01:20	ActionGesture	BrowRaise
2024-05-26 18:01:24	ActionGesture	BrowRaise
2024-05-26 18:01:24	ActionGesture	BrowRaise
2024-05-26 18:01:30	ActionGesture	Smile
2024-05-26 18:01:31	SenseSpeech	right now	1334
2024-05-26 18:01:32	MonitorSpeechStart	<prosody rate="1.0">Mm</prosody>	208
2024-05-26 18:01:33	MonitorSpeechStart	<prosody rate="1.0">Basically a question will come up on the tablet, I receive it, we think, we answer separately and then we discuss</prosody>	5938
2024-05-26 18:01:33	ActionGesture	BrowRaise
2024-05-26 18:01:35	ActionGesture	BrowRaise
2024-05-26 18:01:38	ActionGesture	BrowRaise
2024-05-26 18:01:40	MonitorSpeechStart	<prosody rate="1.0">Do you want me to explain or are you ready?</prosody>	1666
2024-05-26 18:01:41	ActionGesture	BrowRaise
2024-05-26 18:01:41	ActionGesture	BrowRaise
2024-05-26 18:01:47	ActionGesture	Smile
2024-05-26 18:01:48	SenseSpeech	I'm ready	978
2024-05-26 18:01:48	MonitorSpeechStart	<prosody rate="1.0">Perfect</prosody>	513
2024-05-26 18:01:48	ActionGesture	BrowRaise
2024-05-26 18:01:49	MonitorSpeechStart	<prosody rate="1.0">Ok, when you press the button I will receive the first question, and show on the screen. Whenever you want.</prosody>	5763
2024-05-26 18:01:50	ActionGesture	BrowRaise
2024-05-26 18:01:52	ActionGesture	BrowRaise
2024-05-26 18:01:53	ActionGesture	BrowRaise
2024-05-26 18:01:55	ActionGesture	BrowRaise
2024-05-26 18:01:57	GUIEvent	NEW_STAGE_REQUESTED	STAGE[1] [4] REQUESTED .. [ACCEPTED]	0.2	4	CONDITION1	ReviewInstructions
2024-05-26 18:01:57	SessionEvent	QUESTION_SET	NEW QUESTION TO ACTIVATE	1		CONDITION1	ReviewInstructions
2024-05-26 18:01:57	FlowEvent	NEW_FLOW_STATE	QuestionReflection	1		CONDITION1	QuestionReflection
2024-05-26 18:01:58	MonitorSpeechStart	<prosody rate="1.0">Ok</prosody>	618
2024-05-26 18:01:58	ActionGesture	BrowRaise
2024-05-26 18:01:59	MonitorSpeechStart	<prosody rate="1.0">I think I am getting the question 1</prosody>	1802
2024-05-26 18:01:59	ActionGesture	BrowRaise
2024-05-26 18:02:00	ActionGesture	BrowRaise
2024-05-26 18:02:02	MonitorSpeechStart	<prosody rate="1.0">Let's see</prosody>	658
2024-05-26 18:02:02	ActionGesture	BrowRaise
2024-05-26 18:06:40	Autoreload is disabled because the development mode is off.
2024-05-26 18:06:41	Application started in 0.653 seconds.
2024-05-26 18:06:41	Responding at http://127.0.0.1:8888
2024-05-26 18:06:43	----------------- NEW EXECUTION-------------------
2024-05-26 18:06:43	FlowEvent	NEW_FLOW_STATE	Sleep	0.0		UNDEFINED	Sleep
2024-05-26 18:06:43	ActionGesture	CloseEyes
2024-05-26 18:06:43	ActionGesture	CloseEyes
2024-05-26 18:07:16	GUIEvent	GUI_RELOADED	GUI_RELOADED [ACCEPTED]	0.0	UNDEFINED	UNDEFINED	Sleep
2024-05-26 18:07:44	MonitorSpeechStart	\spd=180\No start signal received, terminating the program.\spd=180\	2965
2024-05-26 18:07:44	ActionGesture	BrowRaise
2024-05-26 18:07:45	ActionGesture	BrowRaise
2024-05-26 18:07:47	ActionGesture	BrowRaise
2024-05-26 18:09:56	Autoreload is disabled because the development mode is off.
2024-05-26 18:09:57	Application started in 0.771 seconds.
2024-05-26 18:09:57	Responding at http://127.0.0.1:8888
2024-05-26 18:09:59	----------------- NEW EXECUTION-------------------
2024-05-26 18:09:59	FlowEvent	NEW_FLOW_STATE	Sleep	0.0		UNDEFINED	Sleep
2024-05-26 18:10:00	ActionGesture	CloseEyes
2024-05-26 18:10:00	ActionGesture	CloseEyes
2024-05-26 18:10:24	GUIEvent	GUI_RELOADED	GUI_RELOADED [ACCEPTED]	0.0	UNDEFINED	UNDEFINED	Sleep
2024-05-26 18:10:58	GUIEvent	GUI_STARTED	GUI_STARTED [ACCEPTED]	0.0	UNDEFINED	UNDEFINED	Sleep
2024-05-26 18:11:00	MonitorSpeechStart	\spd=180\No start signal received, terminating the program.\spd=180\	2965
2024-05-26 18:11:00	ActionGesture	BrowRaise
2024-05-26 18:11:01	ActionGesture	BrowRaise
2024-05-26 18:11:03	ActionGesture	BrowRaise
2024-05-26 18:11:12	Autoreload is disabled because the development mode is off.
2024-05-26 18:11:13	Application started in 0.605 seconds.
2024-05-26 18:11:13	Responding at http://127.0.0.1:8888
2024-05-26 18:11:15	----------------- NEW EXECUTION-------------------
2024-05-26 18:11:15	FlowEvent	NEW_FLOW_STATE	Sleep	0.0		UNDEFINED	Sleep
2024-05-26 18:11:15	ActionGesture	CloseEyes
2024-05-26 18:11:15	ActionGesture	CloseEyes
2024-05-26 18:14:09	Autoreload is disabled because the development mode is off.
2024-05-26 18:14:10	Application started in 0.717 seconds.
2024-05-26 18:14:10	Responding at http://127.0.0.1:8888
2024-05-26 18:14:13	----------------- NEW EXECUTION-------------------
2024-05-26 18:14:13	FlowEvent	NEW_FLOW_STATE	Sleep	0.0		UNDEFINED	Sleep
2024-05-26 18:14:13	ActionGesture	CloseEyes
2024-05-26 18:14:13	ActionGesture	CloseEyes
2024-05-26 18:14:14	GUIEvent	GUI_RELOADED	GUI_RELOADED [ACCEPTED]	0.0	UNDEFINED	UNDEFINED	Sleep
2024-05-26 18:15:13	MonitorSpeechStart	\spd=180\No start signal received, terminating the program.\spd=180\	2965
2024-05-26 18:15:13	ActionGesture	BrowRaise
2024-05-26 18:15:14	ActionGesture	BrowRaise
2024-05-26 18:15:16	ActionGesture	BrowRaise
2024-05-26 18:15:22	Autoreload is disabled because the development mode is off.
2024-05-26 18:15:23	Application started in 0.673 seconds.
2024-05-26 18:15:23	Responding at http://127.0.0.1:8888
2024-05-26 18:15:26	----------------- NEW EXECUTION-------------------
2024-05-26 18:15:26	FlowEvent	NEW_FLOW_STATE	Sleep	0.0		UNDEFINED	Sleep
2024-05-26 18:15:26	ActionGesture	CloseEyes
2024-05-26 18:15:26	ActionGesture	CloseEyes
2024-05-26 18:15:36	GUIEvent	GUI_RELOADED	GUI_RELOADED [ACCEPTED]	0.0	UNDEFINED	UNDEFINED	Sleep
2024-05-26 18:15:45	GUIEvent	NEW_STAGE_REQUESTED	STAGE[0.2] [36] REQUESTED .. [ACCEPTED]	0.0	UNDEFINED	UNDEFINED	Sleep
2024-05-26 18:15:45	SessionEvent	USER_SET	USER TO ACTIVATE.	0.2	36	UNDEFINED	Sleep
2024-05-26 18:16:26	MonitorSpeechStart	\spd=180\No start signal received, terminating the program.\spd=180\	2965
2024-05-26 18:16:26	ActionGesture	BrowRaise
2024-05-26 18:16:27	ActionGesture	BrowRaise
2024-05-26 18:16:29	ActionGesture	BrowRaise
2024-05-26 18:17:01	Autoreload is disabled because the development mode is off.
2024-05-26 18:17:01	Application started in 0.587 seconds.
2024-05-26 18:17:02	Responding at http://127.0.0.1:8888
2024-05-26 18:17:03	----------------- NEW EXECUTION-------------------
2024-05-26 18:17:04	FlowEvent	NEW_FLOW_STATE	Sleep	0.0		UNDEFINED	Sleep
2024-05-26 18:17:04	ActionGesture	CloseEyes
2024-05-26 18:17:04	ActionGesture	CloseEyes
2024-05-26 18:17:07	GUIEvent	GUI_RELOADED	GUI_RELOADED [ACCEPTED]	0.0	UNDEFINED	UNDEFINED	Sleep
2024-05-26 18:17:09	GUIEvent	NEW_STAGE_REQUESTED	STAGE[0.2] [12] REQUESTED .. [ACCEPTED]	0.0	UNDEFINED	UNDEFINED	Sleep
2024-05-26 18:17:09	SessionEvent	USER_SET	USER TO ACTIVATE.	0.2	12	UNDEFINED	Sleep
2024-05-26 18:17:37	Autoreload is disabled because the development mode is off.
2024-05-26 18:17:38	Application started in 0.609 seconds.
2024-05-26 18:17:38	Responding at http://127.0.0.1:8888
2024-05-26 18:17:40	----------------- NEW EXECUTION-------------------
2024-05-26 18:17:40	FlowEvent	NEW_FLOW_STATE	Sleep	0.0		UNDEFINED	Sleep
2024-05-26 18:17:41	ActionGesture	CloseEyes
2024-05-26 18:17:41	ActionGesture	CloseEyes
2024-05-26 18:17:44	GUIEvent	GUI_RELOADED	GUI_RELOADED [ACCEPTED]	0.0	UNDEFINED	UNDEFINED	Sleep
2024-05-26 18:17:45	GUIEvent	NEW_STAGE_REQUESTED	STAGE[0.2] [13] REQUESTED .. [ACCEPTED]	0.0	UNDEFINED	UNDEFINED	Sleep
2024-05-26 18:21:46	SessionEvent	USER_SET	USER TO ACTIVATE.	0.2	13	UNDEFINED	Sleep
2024-05-26 18:21:58	Autoreload is disabled because the development mode is off.
2024-05-26 18:21:59	Application started in 0.586 seconds.
2024-05-26 18:21:59	Responding at http://127.0.0.1:8888
2024-05-26 18:22:02	----------------- NEW EXECUTION-------------------
2024-05-26 18:22:02	FlowEvent	NEW_FLOW_STATE	Sleep	0.0		UNDEFINED	Sleep
2024-05-26 18:22:02	ActionGesture	CloseEyes
2024-05-26 18:22:02	ActionGesture	CloseEyes
2024-05-26 18:22:05	GUIEvent	GUI_RELOADED	GUI_RELOADED [ACCEPTED]	0.0	UNDEFINED	UNDEFINED	Sleep
2024-05-26 18:22:09	MonitorSpeechStart	\spd=180\Bye bye!. Sorry, I cannot work alone. I am leaving too.\spd=180\	4624
2024-05-26 18:22:09	GUIEvent	NEW_STAGE_REQUESTED	STAGE[0.2] [4] REQUESTED .. [ACCEPTED]	0.0	UNDEFINED	UNDEFINED	Sleep
2024-05-26 18:22:09	SessionEvent	USER_SET	USER TO ACTIVATE.	0.2	4	UNDEFINED	Sleep
2024-05-26 18:22:37	ActionGesture	BrowRaise
2024-05-26 18:23:10	Autoreload is disabled because the development mode is off.
2024-05-26 18:23:11	Application started in 0.602 seconds.
2024-05-26 18:23:11	Responding at http://127.0.0.1:8888
2024-05-26 18:23:13	----------------- NEW EXECUTION-------------------
2024-05-26 18:23:13	FlowEvent	NEW_FLOW_STATE	Sleep	0.0		UNDEFINED	Sleep
2024-05-26 18:23:14	ActionGesture	CloseEyes
2024-05-26 18:23:14	ActionGesture	CloseEyes
2024-05-26 18:23:25	GUIEvent	GUI_RELOADED	GUI_RELOADED [ACCEPTED]	0.0	UNDEFINED	UNDEFINED	Sleep
2024-05-26 18:23:28	GUIEvent	NEW_STAGE_REQUESTED	STAGE[0.2] [12] REQUESTED .. [ACCEPTED]	0.0	UNDEFINED	UNDEFINED	Sleep
2024-05-26 18:23:37	SessionEvent	USER_SET	USER TO ACTIVATE.	0.2	12	UNDEFINED	Sleep
2024-05-26 18:23:37	FlowEvent	NEW_FLOW_STATE	Welcome	0.2		CONDITION1	Welcome
2024-05-26 18:23:37	ActionGesture	OpenEyes
2024-05-26 18:23:37	ActionGesture	Smile
2024-05-26 18:23:40	MonitorSpeechStart	\spd=180\Hello there\spd=180\	693
2024-05-26 18:23:41	ActionGesture	BrowRaise
2024-05-26 18:23:42	MonitorSpeechStart	\spd=180\Nice to meet you\spd=180\	808
2024-05-26 18:23:43	ActionGesture	BrowRaise
2024-05-26 18:23:44	MonitorSpeechStart	\spd=180\How you doing?\spd=180\	752
2024-05-26 18:23:45	ActionGesture	BrowRaise
2024-05-26 18:23:47	SenseSpeech	ERROR : No internet detected. Can't connect to http://speech.googleapis.com	null
2024-05-26 18:23:47	MonitorSpeechStart	\spd=180\I think my connection broke. Did you say something?\spd=180\	2915
2024-05-26 18:23:47	ActionGesture	BrowRaise
2024-05-26 18:23:48	ActionGesture	BrowRaise
2024-05-26 18:23:50	ActionGesture	BrowRaise
2024-05-26 18:23:51	SenseSpeech	ERROR : No internet detected. Can't connect to http://speech.googleapis.com	null
2024-05-26 18:23:52	MonitorSpeechStart	\spd=180\I think my connection broke. Did you say something?\spd=180\	2915
2024-05-26 18:23:52	ActionGesture	BrowRaise
2024-05-26 18:23:53	ActionGesture	BrowRaise
2024-05-26 18:23:55	ActionGesture	BrowRaise
2024-05-26 18:23:56	SenseSpeech	ERROR : No internet detected. Can't connect to http://speech.googleapis.com	null
2024-05-26 18:23:56	MonitorSpeechStart	\spd=180\I think my connection broke. Did you say something?\spd=180\	2915
2024-05-26 18:23:57	ActionGesture	BrowRaise
2024-05-26 18:23:57	ActionGesture	BrowRaise
2024-05-26 18:23:59	ActionGesture	BrowRaise
2024-05-26 18:24:01	SenseSpeech	ERROR : No internet detected. Can't connect to http://speech.googleapis.com	null
2024-05-26 18:24:01	MonitorSpeechStart	\spd=180\I think my connection broke. Did you say something?\spd=180\	2915
2024-05-26 18:24:01	ActionGesture	BrowRaise
2024-05-26 18:24:02	ActionGesture	BrowRaise
2024-05-26 18:24:04	ActionGesture	BrowRaise
2024-05-26 18:24:05	SenseSpeech	ERROR : No internet detected. Can't connect to http://speech.googleapis.com	null
2024-05-26 18:24:05	MonitorSpeechStart	\spd=180\I think my connection broke. Did you say something?\spd=180\	2915
2024-05-26 18:24:06	ActionGesture	BrowRaise
2024-05-26 18:24:07	ActionGesture	BrowRaise
2024-05-26 18:24:08	ActionGesture	BrowRaise
2024-05-26 18:53:45	Autoreload is disabled because the development mode is off.
2024-05-26 18:53:46	Application started in 0.599 seconds.
2024-05-26 18:53:46	Responding at http://127.0.0.1:8888
2024-05-26 18:53:49	----------------- NEW EXECUTION-------------------
2024-05-26 18:53:49	FlowEvent	NEW_FLOW_STATE	Sleep	0.0		UNDEFINED	Sleep
2024-05-26 18:53:49	ActionGesture	CloseEyes
2024-05-26 18:53:49	ActionGesture	CloseEyes
2024-05-26 18:53:56	GUIEvent	GUI_RELOADED	GUI_RELOADED [ACCEPTED]	0.0	UNDEFINED	UNDEFINED	Sleep
2024-05-26 18:53:59	GUIEvent	NEW_STAGE_REQUESTED	STAGE[0.2] [4] REQUESTED .. [ACCEPTED]	0.0	UNDEFINED	UNDEFINED	Sleep
2024-05-26 18:53:59	SessionEvent	USER_SET	USER TO ACTIVATE.	0.2	4	UNDEFINED	Sleep
2024-05-26 18:54:10	FlowEvent	NEW_FLOW_STATE	Welcome	0.2		CONDITION1	Welcome
2024-05-26 18:54:10	ActionGesture	OpenEyes
2024-05-26 18:54:10	ActionGesture	Smile
2024-05-26 18:54:14	Autoreload is disabled because the development mode is off.
2024-05-26 18:54:15	Application started in 0.574 seconds.
2024-05-26 18:54:15	Responding at http://127.0.0.1:8888
2024-05-26 18:54:17	----------------- NEW EXECUTION-------------------
2024-05-26 18:54:17	FlowEvent	NEW_FLOW_STATE	Sleep	0.0		UNDEFINED	Sleep
2024-05-26 18:54:17	ActionGesture	CloseEyes
2024-05-26 18:54:17	ActionGesture	CloseEyes
2024-05-26 18:54:24	Autoreload is disabled because the development mode is off.
2024-05-26 18:54:24	Application started in 0.577 seconds.
2024-05-26 18:54:25	Responding at http://127.0.0.1:8888
2024-05-26 18:54:27	----------------- NEW EXECUTION-------------------
2024-05-26 18:54:27	FlowEvent	NEW_FLOW_STATE	Sleep	0.0		UNDEFINED	Sleep
2024-05-26 18:54:27	ActionGesture	CloseEyes
2024-05-26 18:54:27	ActionGesture	CloseEyes
2024-05-26 18:54:36	GUIEvent	GUI_RELOADED	GUI_RELOADED [ACCEPTED]	0.0	UNDEFINED	UNDEFINED	Sleep
2024-05-26 18:54:40	GUIEvent	NEW_STAGE_REQUESTED	STAGE[0.2] [4] REQUESTED .. [ACCEPTED]	0.0	UNDEFINED	UNDEFINED	Sleep
2024-05-26 18:54:40	SessionEvent	USER_SET	USER TO ACTIVATE.	0.2	4	UNDEFINED	Sleep
2024-05-26 18:54:40	FlowEvent	NEW_FLOW_STATE	Welcome	0.2		CONDITION1	Welcome
2024-05-26 18:54:40	ActionGesture	OpenEyes
2024-05-26 18:54:40	ActionGesture	Smile
2024-05-26 18:54:41	MonitorSpeechStart	\spd=180\Hello there\spd=180\	693
2024-05-26 18:54:41	ActionGesture	BrowRaise
2024-05-26 18:54:43	MonitorSpeechStart	\spd=180\Nice to meet you\spd=180\	808
2024-05-26 18:54:44	ActionGesture	BrowRaise
2024-05-26 18:54:45	MonitorSpeechStart	\spd=180\How you doing?\spd=180\	752
2024-05-26 18:54:45	ActionGesture	BrowRaise
2024-05-26 18:56:08	FlowEvent	NEW_FLOW_STATE	ReviewInstructions	0.2		CONDITION1	ReviewInstructions
2024-05-26 18:56:08	SenseSpeech	Jesus Christ	1475
2024-05-26 18:56:09	ActionGesture	Smile
2024-05-26 18:56:09	MonitorSpeechStart	Hello, I am a speaking robot	1955
2024-05-26 18:56:09	MonitorSpeechStart	Hello, I am a speaking robot	1955
2024-05-26 18:56:10	MonitorSpeechStart	Hello, I am a speaking robot	1955
2024-05-26 18:56:10	MonitorSpeechStart	Hello, I am a speaking robot	1955
2024-05-26 18:56:10	ActionGesture	BrowRaise
2024-05-26 18:56:10	ActionGesture	BrowRaise
2024-05-26 18:56:10	MonitorSpeechStart	\spd=180\Right, as far as I know,we will get some Electronics questions to resolve together. Somebody told you?\spd=180\	6060
2024-05-26 18:56:10	ActionGesture	BrowRaise
2024-05-26 18:56:10	ActionGesture	BrowRaise
2024-05-26 18:56:10	ActionGesture	BrowRaise
2024-05-26 18:56:10	ActionGesture	BrowRaise
2024-05-26 18:56:10	ActionGesture	BrowRaise
2024-05-26 18:56:10	ActionGesture	BrowRaise
2024-05-26 18:56:10	ActionGesture	BrowRaise
2024-05-26 18:56:10	ActionGesture	BrowRaise
2024-05-26 18:56:10	ActionGesture	BrowRaise
2024-05-26 18:56:10	ActionGesture	BrowRaise
2024-05-26 18:56:14	ActionGesture	BrowRaise
2024-05-26 18:56:15	ActionGesture	BrowRaise
2024-05-26 18:56:16	SenseSpeech	ERROR : No internet detected. Can't connect to http://speech.googleapis.com	null
2024-05-26 18:56:17	MonitorSpeechStart	\spd=180\I think my connection broke. Did you say something?\spd=180\	2915
2024-05-26 18:56:17	ActionGesture	BrowRaise
2024-05-26 18:56:18	ActionGesture	BrowRaise
2024-05-26 18:56:19	ActionGesture	BrowRaise
2024-05-26 18:56:21	SenseSpeech	ERROR : No internet detected. Can't connect to http://speech.googleapis.com	null
2024-05-26 18:56:21	MonitorSpeechStart	\spd=180\I think my connection broke. Did you say something?\spd=180\	2915
2024-05-26 18:56:21	ActionGesture	BrowRaise
2024-05-26 18:56:22	ActionGesture	BrowRaise
2024-05-26 18:56:24	ActionGesture	BrowRaise
2024-05-26 18:56:25	SenseSpeech	ERROR : No internet detected. Can't connect to http://speech.googleapis.com	null
2024-05-26 18:56:26	MonitorSpeechStart	\spd=180\I think my connection broke. Did you say something?\spd=180\	2915
2024-05-26 18:56:26	ActionGesture	BrowRaise
2024-05-26 18:56:27	ActionGesture	BrowRaise
2024-05-26 18:56:28	ActionGesture	BrowRaise
2024-05-26 18:56:30	SenseSpeech	ERROR : No internet detected. Can't connect to http://speech.googleapis.com	null
2024-05-26 18:56:31	SenseSpeech	ERROR : No internet detected. Can't connect to http://speech.googleapis.com	null
2024-05-26 18:56:31	MonitorSpeechStart	\spd=180\I think my connection broke. Did you say something?\spd=180\	2915
2024-05-26 18:56:32	ActionGesture	BrowRaise
2024-05-26 18:56:32	ActionGesture	BrowRaise
2024-05-26 18:56:34	ActionGesture	BrowRaise
2024-05-26 18:56:35	SenseSpeech	ERROR : No internet detected. Can't connect to http://speech.googleapis.com	null
2024-05-26 18:56:36	MonitorSpeechStart	\spd=180\I think my connection broke. Did you say something?\spd=180\	2915
2024-05-26 18:56:36	ActionGesture	BrowRaise
2024-05-26 18:56:37	ActionGesture	BrowRaise
2024-05-26 18:56:38	ActionGesture	BrowRaise
2024-05-26 18:56:58	Autoreload is disabled because the development mode is off.
2024-05-26 18:56:59	Application started in 0.585 seconds.
2024-05-26 18:56:59	Responding at http://127.0.0.1:8888
2024-05-26 18:57:02	----------------- NEW EXECUTION-------------------
2024-05-26 18:57:02	FlowEvent	NEW_FLOW_STATE	Sleep	0.0		UNDEFINED	Sleep
2024-05-26 18:57:03	ActionGesture	CloseEyes
2024-05-26 18:57:03	ActionGesture	CloseEyes
2024-05-26 18:57:17	GUIEvent	GUI_RELOADED	GUI_RELOADED [ACCEPTED]	0.0	UNDEFINED	UNDEFINED	Sleep
2024-05-26 18:57:19	GUIEvent	NEW_STAGE_REQUESTED	STAGE[0.2] [4] REQUESTED .. [ACCEPTED]	0.0	UNDEFINED	UNDEFINED	Sleep
2024-05-26 18:57:19	SessionEvent	USER_SET	USER TO ACTIVATE.	0.2	4	UNDEFINED	Sleep
2024-05-26 18:57:19	FlowEvent	NEW_FLOW_STATE	Welcome	0.2		CONDITION1	Welcome
2024-05-26 18:57:19	ActionGesture	OpenEyes
2024-05-26 18:57:19	ActionGesture	Smile
2024-05-26 18:57:20	MonitorSpeechStart	\spd=180\Hello there\spd=180\	693
2024-05-26 18:57:20	ActionGesture	BrowRaise
2024-05-26 18:57:22	MonitorSpeechStart	\spd=180\Nice to meet you\spd=180\	808
2024-05-26 18:57:23	ActionGesture	BrowRaise
2024-05-26 18:57:24	MonitorSpeechStart	\spd=180\How you doing?\spd=180\	752
2024-05-26 18:57:25	ActionGesture	BrowRaise
2024-05-26 18:57:27	ActionGesture	Smile
2024-05-26 18:57:28	SenseSpeech	yeah	1284
2024-05-26 18:57:28	FlowEvent	NEW_FLOW_STATE	ReviewInstructions	0.2		CONDITION1	ReviewInstructions
2024-05-26 18:57:28	MonitorSpeechStart	\spd=180\Right, as far as I know,we will get some Electronics questions to resolve together. Somebody told you?\spd=180\	6060
2024-05-26 18:57:29	ActionGesture	BrowRaise
2024-05-26 18:57:29	ActionGesture	BrowRaise
2024-05-26 18:57:30	ActionGesture	BrowRaise
2024-05-26 18:57:30	ActionGesture	BrowRaise
2024-05-26 18:57:33	ActionGesture	BrowRaise
2024-05-26 18:57:34	ActionGesture	BrowRaise
2024-05-26 18:57:37	ActionGesture	Smile
2024-05-26 18:57:38	SenseSpeech	uh no	999
2024-05-26 18:57:38	MonitorSpeechStart	\spd=180\Oh\spd=180\	328
2024-05-26 18:57:38	ActionGesture	BrowRaise
2024-05-26 18:57:39	MonitorSpeechStart	\spd=180\well\spd=180\	463
2024-05-26 18:57:39	ActionGesture	BrowRaise
2024-05-26 18:57:41	MonitorSpeechStart	\spd=180\Basically a question will come up on the tablet, I receive it, we think, we answer separately and then we discuss\spd=180\	6485
2024-05-26 18:57:41	ActionGesture	BrowRaise
2024-05-26 18:57:42	ActionGesture	BrowRaise
2024-05-26 18:57:43	ActionGesture	BrowRaise
2024-05-26 18:57:45	ActionGesture	BrowRaise
2024-05-26 18:57:45	ActionGesture	BrowRaise
2024-05-26 18:57:47	ActionGesture	BrowRaise
2024-05-26 18:57:49	MonitorSpeechStart	\spd=180\Do you want me to explain or are you ready?\spd=180\	2114
2024-05-26 18:57:50	ActionGesture	BrowRaise
2024-05-26 18:57:51	ActionGesture	BrowRaise
2024-05-26 18:57:53	ActionGesture	Smile
2024-05-26 18:57:54	SenseSpeech	can you explain	1230
2024-05-26 18:57:54	MonitorSpeechStart	\spd=180\well\spd=180\	463
2024-05-26 18:57:54	ActionGesture	BrowRaise
2024-05-26 18:57:56	MonitorSpeechStart	\spd=180\The questions will appear one by one on the tablet\spd=180\	2397
2024-05-26 18:57:57	ActionGesture	BrowRaise
2024-05-26 18:57:58	ActionGesture	BrowRaise
2024-05-26 18:57:58	ActionGesture	BrowRaise
2024-05-26 18:57:59	MonitorSpeechStart	\spd=180\For each one, we will have time to think\spd=180\	2231
2024-05-26 18:58:00	ActionGesture	BrowRaise
2024-05-26 18:58:01	ActionGesture	BrowRaise
2024-05-26 18:58:02	MonitorSpeechStart	\spd=180\Then you mark your answer and I will mark mine\spd=180\	2095
2024-05-26 18:58:03	ActionGesture	BrowRaise
2024-05-26 18:58:04	ActionGesture	BrowRaise
2024-05-26 18:58:06	MonitorSpeechStart	\spd=180\You ready?\spd=180\	483
2024-05-26 18:58:06	ActionGesture	BrowRaise
2024-05-26 18:58:07	SenseSpeech	ERROR : No internet detected. Can't connect to http://speech.googleapis.com	null
2024-05-26 18:58:08	MonitorSpeechStart	\spd=180\I think my connection broke. Did you say something?\spd=180\	2915
2024-05-26 18:58:08	ActionGesture	BrowRaise
2024-05-26 18:58:09	ActionGesture	BrowRaise
2024-05-26 18:58:11	ActionGesture	BrowRaise
2024-05-26 18:58:12	SenseSpeech	ERROR : No internet detected. Can't connect to http://speech.googleapis.com	null
2024-05-26 18:58:12	MonitorSpeechStart	\spd=180\I think my connection broke. Did you say something?\spd=180\	2915
2024-05-26 18:58:13	ActionGesture	BrowRaise
2024-05-26 18:58:13	ActionGesture	BrowRaise
2024-05-26 18:58:15	ActionGesture	BrowRaise
2024-05-26 18:58:16	SenseSpeech	ERROR : No internet detected. Can't connect to http://speech.googleapis.com	null
2024-05-26 18:58:17	MonitorSpeechStart	\spd=180\I think my connection broke. Did you say something?\spd=180\	2915
2024-05-26 18:58:17	ActionGesture	BrowRaise
2024-05-26 18:58:18	ActionGesture	BrowRaise
2024-05-26 18:58:20	ActionGesture	BrowRaise
2024-05-26 18:58:21	SenseSpeech	ERROR : No internet detected. Can't connect to http://speech.googleapis.com	null
2024-05-26 18:58:21	MonitorSpeechStart	\spd=180\I think my connection broke. Did you say something?\spd=180\	2915
2024-05-26 18:58:22	ActionGesture	BrowRaise
2024-05-26 18:58:22	ActionGesture	BrowRaise
2024-05-26 18:58:24	ActionGesture	BrowRaise
2024-05-26 18:58:25	SenseSpeech	ERROR : No internet detected. Can't connect to http://speech.googleapis.com	null
