2024-05-08 21:01:11	Autoreload is disabled because the development mode is off.
2024-05-08 21:01:11	Application started in 0.507 seconds.
2024-05-08 21:01:12	Responding at http://127.0.0.1:1234
2024-05-08 21:01:12	----------------- NEW EXECUTION-------------------
2024-05-08 21:01:12	ActionGesture	CloseEyes
2024-05-08 21:01:16	GUIEvent	GUI_RELOADED	GUI_RELOADED [ACCEPTED]	0.0	UNDEFINED
2024-05-08 21:01:17	GUIEvent	SYNCH_REQUESTED	SYNCH REQUESTED .. [ACCEPTED]	0.0	UNDEFINED
2024-05-08 21:01:18	GUIEvent	NEW_STAGE_REQUESTED	STAGE[0.2] [29] REQUESTED .. [ACCEPTED]	0.2	29
2024-05-08 21:01:18	ActionGesture	OpenEyes
2024-05-08 21:01:18	ActionGesture	Smile
2024-05-08 21:01:18	MonitorSpeechStart	Hi there	477
2024-05-08 21:01:18	ActionGesture	BrowRaise
2024-05-08 21:01:20	ActionGesture	BigSmile
2024-05-08 21:01:20	MonitorSpeechStart	Nice to meet you.	824
2024-05-08 21:01:20	ActionGesture	BrowRaise
2024-05-08 21:01:21	GUIEvent	NEW_STAGE_REQUESTED	STAGE[1] [29] REQUESTED .. [ACCEPTED]	1	29
2024-05-08 21:01:22	ActionGesture	Smile
2024-05-08 21:01:23	MonitorSpeechStart	Question 1	821
2024-05-08 21:01:23	SenseSpeech	nice to meet you	1117
2024-05-08 21:01:24	ActionGesture	BrowRaise
2024-05-08 21:01:26	ActionGesture	Smile
2024-05-08 21:01:27	SenseSpeech	question 1	1175
2024-05-08 21:01:27	MonitorSpeechStart	Did you mark the answer yet?	1180
2024-05-08 21:01:28	ActionGesture	BrowRaise
2024-05-08 21:01:29	GUIEvent	ANSWER_SENT	ANSWER[TRUE] [1] [29] SENT .. [ACCEPTED]	1	29
2024-05-08 21:01:29	ActionGesture	Smile
2024-05-08 21:01:30	MonitorSpeechStart	It's true	657
2024-05-08 21:01:31	SenseSpeech	you marked the answer yet	1386
2024-05-08 21:01:31	MonitorSpeechStart	Just mark what I said, confirm and move on to next	2881
2024-05-08 21:01:32	ActionGesture	BrowRaise
2024-05-08 21:01:33	ActionGesture	BrowRaise
2024-05-08 21:01:34	GUIEvent	NEW_STAGE_REQUESTED	STAGE[2] [29] REQUESTED .. [ACCEPTED]	2	29
2024-05-08 21:01:34	MonitorSpeechStart	Good boy. You confirmed	1743
2024-05-08 21:01:35	ActionGesture	BrowRaise
2024-05-08 21:01:37	ActionGesture	Smile
2024-05-08 21:01:39	SenseSpeech	be confirmed	1166
2024-05-08 21:01:39	MonitorSpeechStart	Just mark what I said, confirm and move on to next	2881
2024-05-08 21:01:40	ActionGesture	BrowRaise
2024-05-08 21:01:41	ActionGesture	BrowRaise
2024-05-08 21:07:53	Autoreload is disabled because the development mode is off.
2024-05-08 21:07:54	Application started in 0.516 seconds.
2024-05-08 21:07:54	Responding at http://127.0.0.1:1234
2024-05-08 21:07:54	----------------- NEW EXECUTION-------------------
2024-05-08 21:07:55	ActionGesture	CloseEyes
2024-05-08 21:07:58	GUIEvent	GUI_RELOADED	GUI_RELOADED [ACCEPTED]	0.0	UNDEFINED
2024-05-08 21:07:59	GUIEvent	SYNCH_REQUESTED	SYNCH REQUESTED .. [ACCEPTED]	0.0	UNDEFINED
2024-05-08 21:08:01	GUIEvent	NEW_STAGE_REQUESTED	STAGE[0.2] [5] REQUESTED .. [ACCEPTED]	0.2	5
2024-05-08 21:08:01	ActionGesture	OpenEyes
2024-05-08 21:08:01	ActionGesture	Smile
2024-05-08 21:08:01	MonitorSpeechStart	Oh, hello there	1105
2024-05-08 21:08:02	ActionGesture	BrowRaise
2024-05-08 21:08:03	ActionGesture	BigSmile
2024-05-08 21:08:03	MonitorSpeechStart	Nice to meet you.	824
2024-05-08 21:08:03	ActionGesture	BrowRaise
2024-05-08 21:08:05	GUIEvent	NEW_STAGE_REQUESTED	STAGE[1] [5] REQUESTED .. [ACCEPTED]	1	5
2024-05-08 21:08:06	ActionGesture	Smile
2024-05-08 21:08:06	MonitorSpeechStart	Question 1	821
2024-05-08 21:08:07	SenseSpeech	nice to meet you	1179
2024-05-08 21:08:07	ActionGesture	BrowRaise
2024-05-08 21:08:09	ActionGesture	Smile
2024-05-08 21:08:09	MonitorSpeechStart	Right	393
2024-05-08 21:08:09	ActionGesture	BrowRaise
2024-05-08 21:08:10	GUIEvent	ANSWER_SENT	ANSWER[FALSE] [1] [5] SENT .. [ACCEPTED]	1	5
2024-05-08 21:08:10	SenseSpeech	question 1	903
2024-05-08 21:08:12	ActionGesture	Smile
2024-05-08 21:08:12	MonitorSpeechStart	I am not entirely sure but I'd say true	2205
2024-05-08 21:08:14	ActionGesture	BrowRaise
2024-05-08 21:08:17	SenseSpeech	right I am not entirely sure but I'd say true	4938
2024-05-08 21:08:17	MonitorSpeechStart	Just mark what I said, confirm and move on to next	2881
2024-05-08 21:08:18	ActionGesture	BrowRaise
2024-05-08 21:08:19	ActionGesture	BrowRaise
2024-05-08 21:08:21	GUIEvent	NEW_STAGE_REQUESTED	STAGE[2] [5] REQUESTED .. [ACCEPTED]	2	5
2024-05-08 21:08:21	MonitorSpeechStart	Good boy. You confirmed	1743
2024-05-08 21:08:23	ActionGesture	BrowRaise
2024-05-08 21:08:24	ActionGesture	Smile
2024-05-08 21:08:25	MonitorSpeechStart	2	383
2024-05-08 21:08:26	SenseSpeech	you confirmed	1245
2024-05-08 21:08:27	MonitorSpeechStart	It's false	694
2024-05-08 21:08:28	ActionGesture	BrowRaise
2024-05-08 21:08:28	ActionGesture	Smile
2024-05-08 21:08:31	SenseSpeech	2 it's false	2928
2024-05-08 21:08:31	MonitorSpeechStart	Just mark what I said, confirm and move on to next	2881
2024-05-08 21:08:32	ActionGesture	BrowRaise
2024-05-08 21:08:33	ActionGesture	BrowRaise
2024-05-08 21:08:34	GUIEvent	ANSWER_SENT	ANSWER[FALSE] [2] [5] SENT .. [ACCEPTED]	2	5
2024-05-08 21:08:34	MonitorSpeechStart	So what do you think?	979
2024-05-08 21:08:35	ActionGesture	BrowRaise
2024-05-08 21:08:36	ActionGesture	Smile
2024-05-08 21:08:37	GUIEvent	NEW_STAGE_REQUESTED	STAGE[3] [5] REQUESTED .. [ACCEPTED]	3	5
2024-05-08 21:08:37	SenseSpeech	so what	355
2024-05-08 21:08:37	MonitorSpeechStart	Good boy. You confirmed	1743
2024-05-08 21:08:38	ActionGesture	BrowRaise
2024-05-08 21:08:41	MonitorSpeechStart	Number 3	767
2024-05-08 21:08:41	ActionGesture	BrowRaise
2024-05-08 21:08:41	ActionGesture	Smile
2024-05-08 21:08:44	SenseSpeech	number 3	3168
2024-05-08 21:08:46	MonitorSpeechStart	I am not entirely sure but I'd say false	2348
2024-05-08 21:08:48	ActionGesture	BrowRaise
2024-05-08 21:08:48	ActionGesture	BrowRaise
2024-05-08 21:08:48	ActionGesture	Smile
2024-05-08 21:08:51	GUIEvent	ANSWER_SENT	ANSWER[TRUE] [3] [5] SENT .. [ACCEPTED]	3	5
2024-05-08 21:08:51	SenseSpeech	I am not entirely sure but I'd say if walls	2469
2024-05-08 21:08:51	MonitorSpeechStart	So what do you think?	979
2024-05-08 21:08:51	ActionGesture	BrowRaise
2024-05-08 21:08:53	ActionGesture	Smile
2024-05-08 21:08:54	SenseSpeech	so what do you think	1289
2024-05-08 21:08:55	MonitorSpeechStart	Just mark what I said, confirm and move on to next	2881
2024-05-08 21:08:56	ActionGesture	BrowRaise
2024-05-08 21:08:57	ActionGesture	BrowRaise
2024-05-08 21:08:59	ActionGesture	Smile
2024-05-08 21:09:00	SenseSpeech	and move on to	1162
2024-05-08 21:09:00	MonitorSpeechStart	Just mark what I said, confirm and move on to next	2881
2024-05-08 21:09:01	ActionGesture	BrowRaise
2024-05-08 21:09:03	ActionGesture	BrowRaise
2024-05-08 21:09:04	ActionGesture	Smile
2024-05-08 21:09:05	GUIEvent	NEW_STAGE_REQUESTED	STAGE[4] [5] REQUESTED .. [ACCEPTED]	4	5
2024-05-08 21:09:05	SenseSpeech	confirm and move on	607
2024-05-08 21:09:05	MonitorSpeechStart	Good boy. You confirmed	1743
2024-05-08 21:09:06	ActionGesture	BrowRaise
2024-05-08 21:09:08	ActionGesture	Smile
2024-05-08 21:09:09	MonitorSpeechStart	4	607
2024-05-08 21:09:09	ActionGesture	BrowRaise
2024-05-08 21:09:09	SenseSpeech	confirmed	1387
2024-05-08 21:09:10	MonitorSpeechStart	It's true	657
2024-05-08 21:09:12	ActionGesture	Smile
2024-05-08 21:09:13	GUIEvent	ANSWER_SENT	ANSWER[FALSE] [4] [5] SENT .. [ACCEPTED]	4	5
2024-05-08 21:09:13	SenseSpeech	4 it's true	999
2024-05-08 21:09:13	MonitorSpeechStart	So what do you think?	979
2024-05-08 21:09:14	ActionGesture	BrowRaise
2024-05-08 21:09:15	ActionGesture	Smile
2024-05-08 21:09:17	SenseSpeech	so what do you think	1307
2024-05-08 21:09:17	MonitorSpeechStart	Just mark what I said, confirm and move on to next	2881
2024-05-08 21:09:18	ActionGesture	BrowRaise
2024-05-08 21:09:19	ActionGesture	BrowRaise
2024-05-08 21:09:21	ActionGesture	Smile
2024-05-08 21:09:21	GUIEvent	NEW_STAGE_REQUESTED	STAGE[5] [5] REQUESTED .. [ACCEPTED]	5	5
2024-05-08 21:09:21	SenseSpeech	fur	139
2024-05-08 21:09:21	MonitorSpeechStart	Good boy. You confirmed	1743
2024-05-08 21:09:23	ActionGesture	BrowRaise
2024-05-08 21:09:24	ActionGesture	Smile
2024-05-08 21:09:25	MonitorSpeechStart	Question 5	1003
2024-05-08 21:09:26	SenseSpeech	you confirmed	1233
2024-05-08 21:09:26	ActionGesture	BrowRaise
2024-05-08 21:09:27	MonitorSpeechStart	This is definitely false	1433
2024-05-08 21:09:28	ActionGesture	Smile
2024-05-08 21:09:28	ActionGesture	BrowRaise
2024-05-08 21:09:29	SenseSpeech	question 5	1249
2024-05-08 21:09:29	MonitorSpeechStart	Just mark what I said, confirm and move on to next	2881
2024-05-08 21:09:30	GUIEvent	ANSWER_SENT	ANSWER[TRUE] [5] [5] SENT .. [ACCEPTED]	5	5
2024-05-08 21:09:30	ActionGesture	BrowRaise
2024-05-08 21:09:30	MonitorSpeechStart	So what do you think?	979
2024-05-08 21:09:31	ActionGesture	BrowRaise
2024-05-08 21:09:33	ActionGesture	Smile
2024-05-08 21:09:34	SenseSpeech	so what do you think	1217
2024-05-08 21:09:34	MonitorSpeechStart	Just mark what I said, confirm and move on to next	2881
2024-05-08 21:09:35	ActionGesture	BrowRaise
2024-05-08 21:09:37	ActionGesture	BrowRaise
2024-05-08 21:09:38	GUIEvent	NEW_STAGE_REQUESTED	STAGE[6] [5] REQUESTED .. [ACCEPTED]	6	5
2024-05-08 21:09:38	MonitorSpeechStart	Good boy. You confirmed	1743
2024-05-08 21:09:39	ActionGesture	BrowRaise
2024-05-08 21:09:41	GUIEvent	ANSWER_SENT	ANSWER[FALSE] [6] [5] SENT .. [ACCEPTED]	6	5
2024-05-08 21:09:43	MonitorSpeechStart	This is definitely true	1303
2024-05-08 21:09:43	ActionGesture	BrowRaise
2024-05-08 21:09:45	ActionGesture	Smile
2024-05-08 21:09:46	GUIEvent	NEW_STAGE_REQUESTED	STAGE[7] [5] REQUESTED .. [ACCEPTED]	7	5
2024-05-08 21:09:46	SenseSpeech	this is definitely true	1353
2024-05-08 21:09:46	MonitorSpeechStart	Good boy. You confirmed	1743
2024-05-08 21:09:48	ActionGesture	BrowRaise
2024-05-08 21:09:50	ActionGesture	Smile
2024-05-08 21:09:50	MonitorSpeechStart	Question 7	936
2024-05-08 21:09:51	ActionGesture	BrowRaise
2024-05-08 21:09:51	SenseSpeech	be confirmed	1091
2024-05-08 21:09:52	MonitorSpeechStart	It's false	694
2024-05-08 21:09:52	ActionGesture	BrowRaise
2024-05-08 21:09:53	ActionGesture	Smile
2024-05-08 21:09:54	SenseSpeech	question 7	1063
2024-05-08 21:09:54	MonitorSpeechStart	Just mark what I said, confirm and move on to next	2881
2024-05-08 21:09:55	ActionGesture	BrowRaise
2024-05-08 21:09:57	ActionGesture	BrowRaise
2024-05-08 21:09:58	ActionGesture	Smile
2024-05-08 21:09:59	SenseSpeech	and move on to	1270
2024-05-08 21:10:00	MonitorSpeechStart	Just mark what I said, confirm and move on to next	2881
2024-05-08 21:10:01	ActionGesture	BrowRaise
2024-05-08 21:10:02	ActionGesture	BrowRaise
2024-05-08 21:10:03	GUIEvent	ANSWER_SENT	ANSWER[TRUE] [7] [5] SENT .. [ACCEPTED]	7	5
2024-05-08 21:10:03	MonitorSpeechStart	So what do you think?	979
2024-05-08 21:10:04	ActionGesture	BrowRaise
2024-05-08 21:10:06	GUIEvent	NEW_STAGE_REQUESTED	STAGE[8] [5] REQUESTED .. [ACCEPTED]	8	5
2024-05-08 21:10:06	MonitorSpeechStart	Good boy. You confirmed	1743
2024-05-08 21:10:07	ActionGesture	BrowRaise
2024-05-08 21:10:09	ActionGesture	Smile
2024-05-08 21:10:10	MonitorSpeechStart	8	449
2024-05-08 21:10:10	SenseSpeech	you confirmed	1212
2024-05-08 21:10:12	MonitorSpeechStart	This is definitely true	1303
2024-05-08 21:10:12	ActionGesture	Smile
2024-05-08 21:10:12	ActionGesture	BrowRaise
2024-05-08 21:10:13	SenseSpeech	8	929
2024-05-08 21:10:13	MonitorSpeechStart	Just mark what I said, confirm and move on to next	2881
2024-05-08 21:10:14	GUIEvent	ANSWER_SENT	ANSWER[FALSE] [8] [5] SENT .. [ACCEPTED]	8	5
2024-05-08 21:10:14	ActionGesture	BrowRaise
2024-05-08 21:10:15	MonitorSpeechStart	So what do you think?	979
2024-05-08 21:10:15	ActionGesture	BrowRaise
2024-05-08 21:10:17	ActionGesture	Smile
2024-05-08 21:10:18	GUIEvent	NEW_STAGE_REQUESTED	STAGE[0.3] [5] REQUESTED .. [ACCEPTED]	0.3	5
2024-05-08 21:10:18	SenseSpeech	so what	246
2024-05-08 21:10:18	MonitorSpeechStart	Good boy. You confirmed	1743
2024-05-08 21:10:19	ActionGesture	BrowRaise
