2024-05-23 14:00:00	ActionGesture	BrowRaise
2024-05-23 14:00:06	ActionGesture	Smile
2024-05-23 14:00:07	SenseSpeech	yeah	927
2024-05-23 14:00:07	MonitorSpeechStart	<prosody rate="1.0">ASSENT</prosody>	577
2024-05-23 14:00:07	ActionGesture	BrowRaise
2024-05-23 14:00:08	MonitorSpeechStart	<prosody rate="0.85">That's fine!</prosody>	901
2024-05-23 14:00:08	ActionGesture	BrowRaise
2024-05-23 14:00:10	MonitorSpeechStart	<prosody rate="0.85">The blue lights should shine equally brightly if it is the same circuit. And the other lights are disconnected right?</prosody>	6027
2024-05-23 14:00:10	ActionGesture	BrowRaise
2024-05-23 14:00:11	ActionGesture	BrowRaise
2024-05-23 14:00:16	ActionGesture	BrowRaise
2024-05-23 14:00:19	ActionGesture	Smile
2024-05-23 14:00:21	SenseSpeech	yes I think so	1802
2024-05-23 14:00:21	MonitorSpeechStart	<prosody rate="1.0">ELABORATION_REQUEST</prosody>	1798
2024-05-23 14:00:21	ActionGesture	BrowRaise
2024-05-23 14:00:22	ActionGesture	BrowRaise
2024-05-23 14:01:47	Autoreload is disabled because the development mode is off.
2024-05-23 14:01:48	Application started in 0.595 seconds.
2024-05-23 14:01:48	Responding at http://127.0.0.1:8888
2024-05-23 14:01:50	----------------- NEW EXECUTION-------------------
2024-05-23 14:01:50	FlowEvent	NEW_FLOW_STATE	Sleep	0.0		UNDEFINED	Sleep
2024-05-23 14:01:50	ActionGesture	CloseEyes
2024-05-23 14:01:50	ActionGesture	CloseEyes
2024-05-23 14:01:53	GUIEvent	GUI_RELOADED	GUI_RELOADED [ACCEPTED]	0.0	UNDEFINED	UNDEFINED	Sleep
2024-05-23 14:01:53	GUIEvent	SYNCH_REQUESTED	SYNCH REQUESTED .. [ACCEPTED]	0.0	UNDEFINED	UNDEFINED	Sleep
2024-05-23 14:01:54	GUIEvent	NEW_STAGE_REQUESTED	STAGE[0.2] [28] REQUESTED .. [ACCEPTED]	0.0	UNDEFINED	UNDEFINED	Sleep
2024-05-23 14:01:54	SessionEvent	USER_SET	USER TO ACTIVATE.	0.2	28	UNDEFINED	Sleep
2024-05-23 14:01:54	FlowEvent	NEW_FLOW_STATE	Welcome	0.2		CONDITION2	Welcome
2024-05-23 14:01:54	ActionGesture	OpenEyes
2024-05-23 14:01:54	ActionGesture	Smile
2024-05-23 14:01:56	MonitorSpeechStart	<prosody rate="1.0">Hello there</prosody>	543
2024-05-23 14:01:56	ActionGesture	BrowRaise
2024-05-23 14:01:58	MonitorSpeechStart	<prosody rate="1.0">Nice to meet you</prosody>	824
2024-05-23 14:01:58	ActionGesture	BrowRaise
2024-05-23 14:01:58	GUIEvent	NEW_STAGE_REQUESTED	STAGE[1] [28] REQUESTED .. [ACCEPTED]	0.2	28	CONDITION2	Welcome
2024-05-23 14:01:58	SessionEvent	QUESTION_SET	NEW QUESTION TO ACTIVATE	1		CONDITION2	Welcome
2024-05-23 14:01:58	FlowEvent	NEW_FLOW_STATE	QuestionReflection	1		CONDITION2	QuestionReflection
2024-05-23 14:01:59	MonitorSpeechStart	<prosody rate="1.0">Ok</prosody>	618
2024-05-23 14:02:00	ActionGesture	BrowRaise
2024-05-23 14:02:01	MonitorSpeechStart	<prosody rate="1.0">I think I am getting the question 1</prosody>	1802
2024-05-23 14:02:01	ActionGesture	BrowRaise
2024-05-23 14:02:02	GUIEvent	ANSWER_MARKED	ANSWER[TRUE] [1] [28] SENT .. [ACCEPTED]	1	28	CONDITION2	QuestionReflection
2024-05-23 14:02:02	ActionGesture	BrowRaise
2024-05-23 14:02:04	MonitorSpeechStart	<prosody rate="1.0">Let's see</prosody>	658
2024-05-23 14:02:04	ActionGesture	BrowRaise
2024-05-23 14:02:12	MonitorSpeechStart	<prosody rate="1.0">Parent</prosody>	524
2024-05-23 14:02:13	ActionGesture	BrowRaise
2024-05-23 14:02:13	MonitorSpeechStart	<prosody rate="1.0">SILENCE</prosody>	639
2024-05-23 14:02:14	ActionGesture	BrowRaise
2024-05-23 14:02:14	MonitorSpeechStart	<prosody rate="1.0">Have you reached an answer?</prosody>	1122
2024-05-23 14:02:15	ActionGesture	BrowRaise
2024-05-23 14:02:17	ActionGesture	Smile
2024-05-23 14:02:17	SenseSpeech	yes	835
2024-05-23 14:02:18	MonitorSpeechStart	<prosody rate="1.0">ASSENT</prosody>	577
2024-05-23 14:02:18	ActionGesture	BrowRaise
2024-05-23 14:02:18	FlowEvent	NEW_FLOW_STATE	QuestionMarking	1		CONDITION2	QuestionMarking
2024-05-23 14:02:18	MonitorSpeechStart	<prosody rate="1.0">Good</prosody>	391
2024-05-23 14:02:20	MonitorSpeechStart	<prosody rate="1.0">We need to mark the answer on the screen</prosody>	1938
2024-05-23 14:02:21	ActionGesture	BrowRaise
2024-05-23 14:02:21	ActionGesture	BrowRaise
2024-05-23 14:02:23	MonitorSpeechStart	<prosody rate="1.0">Did you?</prosody>	440
2024-05-23 14:02:31	MonitorSpeechStart	<prosody rate="1.0">Parent</prosody>	524
2024-05-23 14:02:32	ActionGesture	BrowRaise
2024-05-23 14:02:32	MonitorSpeechStart	<prosody rate="1.0">SILENCE</prosody>	639
2024-05-23 14:02:32	ActionGesture	BrowRaise
2024-05-23 14:02:33	FlowEvent	NEW_FLOW_STATE	QuestionDisclosure	1		CONDITION2	QuestionDisclosure
2024-05-23 14:08:40	Autoreload is disabled because the development mode is off.
2024-05-23 14:08:41	Application started in 0.678 seconds.
2024-05-23 14:08:41	Responding at http://127.0.0.1:8888
2024-05-23 14:08:43	----------------- NEW EXECUTION-------------------
2024-05-23 14:08:43	FlowEvent	NEW_FLOW_STATE	Sleep	0.0		UNDEFINED	Sleep
2024-05-23 14:08:43	ActionGesture	CloseEyes
2024-05-23 14:08:43	ActionGesture	CloseEyes
2024-05-23 14:08:49	GUIEvent	GUI_RELOADED	GUI_RELOADED [ACCEPTED]	0.0	UNDEFINED	UNDEFINED	Sleep
2024-05-23 14:08:49	GUIEvent	SYNCH_REQUESTED	SYNCH REQUESTED .. [ACCEPTED]	0.0	UNDEFINED	UNDEFINED	Sleep
2024-05-23 14:08:50	GUIEvent	NEW_STAGE_REQUESTED	STAGE[0.2] [28] REQUESTED .. [ACCEPTED]	0.0	UNDEFINED	UNDEFINED	Sleep
2024-05-23 14:08:50	SessionEvent	USER_SET	USER TO ACTIVATE.	0.2	28	UNDEFINED	Sleep
2024-05-23 14:08:50	FlowEvent	NEW_FLOW_STATE	Welcome	0.2		CONDITION2	Welcome
2024-05-23 14:08:50	ActionGesture	OpenEyes
2024-05-23 14:08:50	ActionGesture	Smile
2024-05-23 14:08:51	MonitorSpeechStart	<prosody rate="1.0">Hello there</prosody>	543
2024-05-23 14:08:52	ActionGesture	BrowRaise
2024-05-23 14:08:53	MonitorSpeechStart	<prosody rate="1.0">Nice to meet you</prosody>	824
2024-05-23 14:08:53	ActionGesture	BrowRaise
2024-05-23 14:08:54	GUIEvent	NEW_STAGE_REQUESTED	STAGE[1] [28] REQUESTED .. [ACCEPTED]	0.2	28	CONDITION2	Welcome
2024-05-23 14:08:54	SessionEvent	QUESTION_SET	NEW QUESTION TO ACTIVATE	1		CONDITION2	Welcome
2024-05-23 14:08:54	FlowEvent	NEW_FLOW_STATE	QuestionReflection	1		CONDITION2	QuestionReflection
2024-05-23 14:08:55	MonitorSpeechStart	<prosody rate="1.0">Ok</prosody>	618
2024-05-23 14:08:55	ActionGesture	BrowRaise
2024-05-23 14:08:56	MonitorSpeechStart	<prosody rate="1.0">I think I am getting the question 1</prosody>	1802
2024-05-23 14:08:56	ActionGesture	BrowRaise
2024-05-23 14:08:58	ActionGesture	BrowRaise
2024-05-23 14:08:59	MonitorSpeechStart	<prosody rate="1.0">Let's see</prosody>	658
2024-05-23 14:08:59	ActionGesture	BrowRaise
2024-05-23 14:09:00	GUIEvent	ANSWER_MARKED	ANSWER[TRUE] [1] [28] SENT .. [ACCEPTED]	1	28	CONDITION2	QuestionReflection
2024-05-23 14:09:08	MonitorSpeechStart	<prosody rate="1.0">Parent</prosody>	524
2024-05-23 14:09:08	ActionGesture	BrowRaise
2024-05-23 14:09:09	MonitorSpeechStart	<prosody rate="1.0">SILENCE</prosody>	639
2024-05-23 14:09:09	ActionGesture	BrowRaise
2024-05-23 14:09:10	MonitorSpeechStart	<prosody rate="1.0">Have you reached an answer?</prosody>	1122
2024-05-23 14:09:11	ActionGesture	BrowRaise
2024-05-23 14:09:12	ActionGesture	Smile
2024-05-23 14:09:13	SenseSpeech	yes	925
2024-05-23 14:09:13	MonitorSpeechStart	<prosody rate="1.0">ASSENT</prosody>	577
2024-05-23 14:09:13	ActionGesture	BrowRaise
2024-05-23 14:09:14	FlowEvent	NEW_FLOW_STATE	QuestionDisclosure	1		CONDITION2	QuestionDisclosure
2024-05-23 14:09:15	MonitorSpeechStart	<prosody rate="0.85">Good</prosody>	463
2024-05-23 14:09:16	MonitorSpeechStart	<prosody rate="0.85">I'm a little unsure</prosody>	1252
2024-05-23 14:09:17	ActionGesture	BrowRaise
2024-05-23 14:09:18	MonitorSpeechStart	<prosody rate="0.85">, but I think that's TRUE</prosody>	1671
2024-05-23 14:09:19	ActionGesture	BrowRaise
2024-05-23 14:09:21	MonitorSpeechStart	<prosody rate="0.85">What do you think?</prosody>	830
2024-05-23 14:09:21	ActionGesture	BrowRaise
2024-05-23 14:09:24	ActionGesture	Smile
2024-05-23 14:09:25	SenseSpeech	I agree	962
2024-05-23 14:09:25	MonitorSpeechStart	<prosody rate="1.0">ASSENT</prosody>	577
2024-05-23 14:09:26	ActionGesture	BrowRaise
2024-05-23 14:09:26	FlowEvent	NEW_FLOW_STATE	QuestionReview	1		CONDITION2	QuestionReview
2024-05-23 14:09:26	MonitorSpeechStart	<prosody rate="1.0">Review!</prosody>	524
2024-05-23 14:09:38	MonitorSpeechStart	<prosody rate="0.85">Good. You see it too?</prosody>	1709
2024-05-23 14:09:41	MonitorSpeechStart	<prosody rate="0.85">I was thinking the voltage is well</prosody>	2046
2024-05-23 14:09:42	ActionGesture	BrowRaise
2024-05-23 14:09:44	MonitorSpeechStart	<prosody rate="0.85">the same if it's the same battery and the resistance increases when a lamp is added right?</prosody>	4718
2024-05-23 14:09:45	ActionGesture	BrowRaise
2024-05-23 14:09:47	ActionGesture	BrowRaise
2024-05-23 14:09:48	ActionGesture	BrowRaise
2024-05-23 14:09:51	ActionGesture	Smile
2024-05-23 14:09:52	SenseSpeech	right	1311
2024-05-23 14:09:53	MonitorSpeechStart	<prosody rate="1.0">BACKCHANNEL</prosody>	666
2024-05-23 14:09:53	ActionGesture	BrowRaise
2024-05-23 14:09:59	MonitorSpeechStart	<prosody rate="0.85">Ok, let me put it this way If the resistance increases and the voltage is constant, surely the lights must glow dimmer because the current decreases?</prosody>	9041
2024-05-23 14:10:00	ActionGesture	BrowRaise
2024-05-23 14:10:01	ActionGesture	BrowRaise
2024-05-23 14:10:04	ActionGesture	BrowRaise
2024-05-23 14:10:08	ActionGesture	BrowRaise
2024-05-23 14:10:11	ActionGesture	Smile
2024-05-23 14:10:13	SenseSpeech	yeah I agree	1387
2024-05-23 14:10:13	MonitorSpeechStart	<prosody rate="1.0">ASSENT</prosody>	577
2024-05-23 14:10:13	ActionGesture	BrowRaise
2024-05-23 14:10:14	FlowEvent	NEW_FLOW_STATE	QuestionUltimatum	1		CONDITION2	QuestionUltimatum
2024-05-23 14:10:14	MonitorSpeechStart	<prosody rate="1.0">Ultimatum!</prosody>	656
2024-05-23 14:10:14	ActionGesture	BrowRaise
2024-05-23 14:10:15	MonitorSpeechStart	<prosody rate="0.85">Great</prosody>	461
2024-05-23 14:10:15	ActionGesture	BrowRaise
2024-05-23 14:10:16	MonitorSpeechStart	<prosody rate="0.85">but Then do you think we should choose TRUE?</prosody>	2085
2024-05-23 14:10:16	ActionGesture	BrowRaise
2024-05-23 14:10:19	MonitorSpeechStart	<prosody rate="0.85">or FALSE?</prosody>	710
2024-05-23 14:10:19	ActionGesture	BrowRaise
2024-05-23 14:10:23	ActionGesture	Smile
2024-05-23 14:10:27	SenseSpeech	I would think we should should should choose true	3789
2024-05-23 14:10:27	MonitorSpeechStart	<prosody rate="1.0">ANSWER_TRUE</prosody>	1279
2024-05-23 14:10:27	ActionGesture	BrowRaise
2024-05-23 14:10:28	ActionGesture	BrowRaise
2024-05-23 14:10:28	FlowEvent	NEW_FLOW_STATE	QuestionConfirmation	1		CONDITION2	QuestionConfirmation
2024-05-23 14:10:28	MonitorSpeechStart	<prosody rate="1.0">Ok. I marked TRUE already. Can you mark your answer on the tablet and confim?</prosody>	4615
2024-05-23 14:10:29	ActionGesture	BrowRaise
2024-05-23 14:10:32	ActionGesture	BrowRaise
2024-05-23 14:10:32	ActionGesture	BrowRaise
2024-05-23 14:10:33	ActionGesture	BrowRaise
2024-05-23 14:10:35	ActionGesture	Smile
2024-05-23 14:10:35	GUIEvent	NEW_STAGE_REQUESTED	STAGE[2] [28] REQUESTED .. [ACCEPTED]	1	28	CONDITION2	QuestionConfirmation
2024-05-23 14:10:35	SessionEvent	ANSWER_CONFIRMED	QUESTION CONFIRMED IN GUI.	2		CONDITION2	QuestionConfirmation
2024-05-23 14:10:35	SessionEvent	QUESTION_SET	NEW QUESTION TO ACTIVATE	2		CONDITION2	QuestionConfirmation
2024-05-23 14:10:35	FlowEvent	NEW_FLOW_STATE	QuestionReflection	2		CONDITION2	QuestionReflection
2024-05-23 14:10:35	SenseSpeech	okay	85
2024-05-23 14:10:36	MonitorSpeechStart	<prosody rate="1.0">Right</prosody>	393
2024-05-23 14:10:37	ActionGesture	BrowRaise
2024-05-23 14:10:38	MonitorSpeechStart	<prosody rate="1.0">receiving the question 2</prosody>	1382
2024-05-23 14:10:39	ActionGesture	BrowRaise
2024-05-23 14:10:40	MonitorSpeechStart	<prosody rate="1.0">Ok</prosody>	618
2024-05-23 14:10:40	ActionGesture	BrowRaise
2024-05-23 14:10:49	MonitorSpeechStart	<prosody rate="1.0">Parent</prosody>	524
2024-05-23 14:10:49	ActionGesture	BrowRaise
2024-05-23 14:10:50	MonitorSpeechStart	<prosody rate="1.0">SILENCE</prosody>	639
2024-05-23 14:10:50	ActionGesture	BrowRaise
2024-05-23 14:10:51	MonitorSpeechStart	<prosody rate="1.0">Have you answered already?</prosody>	1137
2024-05-23 14:10:51	ActionGesture	BrowRaise
2024-05-23 14:10:52	ActionGesture	BrowRaise
2024-05-23 14:10:53	GUIEvent	ANSWER_MARKED	ANSWER[FALSE] [2] [28] SENT .. [ACCEPTED]	2	28	CONDITION2	QuestionReflection
2024-05-23 14:10:54	ActionGesture	Smile
2024-05-23 14:10:55	SenseSpeech	uh no	976
2024-05-23 14:10:55	MonitorSpeechStart	<prosody rate="1.0">DENIAL</prosody>	524
2024-05-23 14:10:55	ActionGesture	BrowRaise
2024-05-23 14:10:56	MonitorSpeechStart	<prosody rate="1.0">Oh</prosody>	459
2024-05-23 14:10:57	MonitorSpeechStart	<prosody rate="1.0">well</prosody>	454
2024-05-23 14:10:57	ActionGesture	BrowRaise
2024-05-23 14:10:58	MonitorSpeechStart	<prosody rate="1.0">Let me know when you have it</prosody>	1138
2024-05-23 14:10:59	ActionGesture	BrowRaise
2024-05-23 14:11:01	ActionGesture	Smile
2024-05-23 14:11:02	SenseSpeech	I have it	1150
2024-05-23 14:11:02	MonitorSpeechStart	<prosody rate="1.0">ASSENT</prosody>	577
2024-05-23 14:11:02	ActionGesture	BrowRaise
2024-05-23 14:11:03	FlowEvent	NEW_FLOW_STATE	QuestionDisclosure	2		CONDITION2	QuestionDisclosure
2024-05-23 14:11:04	MonitorSpeechStart	<prosody rate="0.85">Nice</prosody>	521
2024-05-23 14:11:04	ActionGesture	BrowRaise
2024-05-23 14:11:05	MonitorSpeechStart	<prosody rate="0.85">I'm not sure</prosody>	933
2024-05-23 14:11:06	ActionGesture	BrowRaise
2024-05-23 14:11:07	MonitorSpeechStart	<prosody rate="0.85">, but I would say it's FALSE</prosody>	1802
2024-05-23 14:11:08	ActionGesture	BrowRaise
2024-05-23 14:11:10	MonitorSpeechStart	<prosody rate="0.85">What did you answer?</prosody>	1008
2024-05-23 14:11:11	ActionGesture	BrowRaise
2024-05-23 14:11:14	ActionGesture	Smile
2024-05-23 14:11:17	SenseSpeech	uh I answered false	2624
2024-05-23 14:11:17	MonitorSpeechStart	<prosody rate="1.0">ASSENT</prosody>	577
2024-05-23 14:11:17	ActionGesture	BrowRaise
2024-05-23 14:11:17	FlowEvent	NEW_FLOW_STATE	QuestionReview	2		CONDITION2	QuestionReview
2024-05-23 14:11:18	MonitorSpeechStart	<prosody rate="1.0">Review!</prosody>	524
2024-05-23 14:11:38	MonitorSpeechStart	<prosody rate="0.85">That's fine!</prosody>	901
2024-05-23 14:11:39	ActionGesture	BrowRaise
2024-05-23 14:11:40	MonitorSpeechStart	<prosody rate="0.85">I think it looks like C1 and C2 might be the same circuit even though they look different. And then the white, yellow and red lights are</prosody>	8258
2024-05-23 14:11:43	ActionGesture	BrowRaise
2024-05-23 14:11:46	ActionGesture	BrowRaise
2024-05-23 14:11:47	ActionGesture	BrowRaise
2024-05-23 14:11:48	ActionGesture	BrowRaise
2024-05-23 14:11:49	MonitorSpeechStart	<prosody rate="0.85">parallel</prosody>	817
2024-05-23 14:11:49	ActionGesture	BrowRaise
2024-05-23 14:11:51	MonitorSpeechStart	<prosody rate="0.85">connected in both?</prosody>	1211
2024-05-23 14:11:51	ActionGesture	BrowRaise
2024-05-23 14:11:56	ActionGesture	Smile
2024-05-23 14:11:57	SenseSpeech	right	906
2024-05-23 14:11:57	MonitorSpeechStart	<prosody rate="1.0">BACKCHANNEL</prosody>	666
2024-05-23 14:11:57	ActionGesture	BrowRaise
2024-05-23 14:12:08	MonitorSpeechStart	<prosody rate="0.85">Ok, hear this The blue lights should shine equally brightly if it is the same circuit. And the other lights are disconnected right?</prosody>	7407
2024-05-23 14:12:08	ActionGesture	BrowRaise
2024-05-23 14:12:10	ActionGesture	BrowRaise
2024-05-23 14:12:15	ActionGesture	BrowRaise
2024-05-23 14:12:19	ActionGesture	Smile
2024-05-23 14:12:21	SenseSpeech	yes	1595
2024-05-23 14:12:21	MonitorSpeechStart	<prosody rate="1.0">ASSENT</prosody>	577
2024-05-23 14:12:21	ActionGesture	BrowRaise
2024-05-23 14:19:49	Autoreload is disabled because the development mode is off.
2024-05-23 14:19:49	Application started in 0.591 seconds.
2024-05-23 14:19:49	Responding at http://127.0.0.1:8888
2024-05-23 14:19:52	----------------- NEW EXECUTION-------------------
2024-05-23 14:19:52	FlowEvent	NEW_FLOW_STATE	Sleep	0.0		UNDEFINED	Sleep
2024-05-23 14:19:52	ActionGesture	CloseEyes
2024-05-23 14:19:52	ActionGesture	CloseEyes
2024-05-23 14:19:54	GUIEvent	GUI_RELOADED	GUI_RELOADED [ACCEPTED]	0.0	UNDEFINED	UNDEFINED	Sleep
2024-05-23 14:20:15	Autoreload is disabled because the development mode is off.
2024-05-23 14:20:16	Application started in 0.591 seconds.
2024-05-23 14:20:16	Responding at http://127.0.0.1:8888
2024-05-23 14:20:18	----------------- NEW EXECUTION-------------------
2024-05-23 14:20:18	FlowEvent	NEW_FLOW_STATE	Sleep	0.0		UNDEFINED	Sleep
2024-05-23 14:20:18	ActionGesture	CloseEyes
2024-05-23 14:20:18	ActionGesture	CloseEyes
2024-05-23 14:20:34	GUIEvent	GUI_RELOADED	GUI_RELOADED [ACCEPTED]	0.0	UNDEFINED	UNDEFINED	Sleep
2024-05-23 14:21:18	MonitorSpeechStart	<prosody rate="1.0">No start signal received, terminating the program.</prosody>	2929
2024-05-23 14:21:21	ActionGesture	BrowRaise
2024-05-23 14:49:44	Autoreload is disabled because the development mode is off.
2024-05-23 14:49:44	Application started in 0.598 seconds.
2024-05-23 14:49:45	Responding at http://127.0.0.1:8888
2024-05-23 14:49:48	----------------- NEW EXECUTION-------------------
2024-05-23 14:49:48	GUIEvent	GUI_RELOADED	GUI_RELOADED [ACCEPTED]	0.0	UNDEFINED	UNDEFINED	Init
2024-05-23 14:49:48	FlowEvent	NEW_FLOW_STATE	Sleep	0.0		UNDEFINED	Sleep
2024-05-23 14:49:48	ActionGesture	CloseEyes
2024-05-23 14:49:48	ActionGesture	CloseEyes
2024-05-23 14:51:45	Autoreload is disabled because the development mode is off.
2024-05-23 14:51:46	Application started in 0.641 seconds.
2024-05-23 14:51:46	Responding at http://127.0.0.1:8888
2024-05-23 14:51:48	----------------- NEW EXECUTION-------------------
2024-05-23 14:51:48	FlowEvent	NEW_FLOW_STATE	Sleep	0.0		UNDEFINED	Sleep
2024-05-23 14:51:48	ActionGesture	CloseEyes
2024-05-23 14:51:48	ActionGesture	CloseEyes
2024-05-23 14:51:52	GUIEvent	GUI_RELOADED	GUI_RELOADED [ACCEPTED]	0.0	UNDEFINED	UNDEFINED	Sleep
2024-05-23 14:53:21	Autoreload is disabled because the development mode is off.
2024-05-23 14:53:22	Application started in 0.638 seconds.
2024-05-23 14:53:22	Responding at http://127.0.0.1:8888
2024-05-23 14:53:24	----------------- NEW EXECUTION-------------------
2024-05-23 14:53:24	FlowEvent	NEW_FLOW_STATE	Sleep	0.0		UNDEFINED	Sleep
2024-05-23 14:53:24	ActionGesture	CloseEyes
2024-05-23 14:53:24	ActionGesture	CloseEyes
2024-05-23 14:53:29	GUIEvent	GUI_RELOADED	GUI_RELOADED [ACCEPTED]	0.0	UNDEFINED	UNDEFINED	Sleep
2024-05-23 14:53:29	GUIEvent	SYNCH_REQUESTED	SYNCH REQUESTED .. [ACCEPTED]	0.0	UNDEFINED	UNDEFINED	Sleep
2024-05-23 14:53:30	GUIEvent	NEW_STAGE_REQUESTED	STAGE[0.2] [28] REQUESTED .. [ACCEPTED]	0.0	UNDEFINED	UNDEFINED	Sleep
2024-05-23 14:53:34	SessionEvent	USER_SET	USER TO ACTIVATE.	0.2	28	UNDEFINED	Sleep
2024-05-23 14:53:34	FlowEvent	NEW_FLOW_STATE	Welcome	0.2		CONDITION2	Welcome
2024-05-23 14:53:34	ActionGesture	OpenEyes
2024-05-23 14:53:34	ActionGesture	Smile
2024-05-23 14:53:35	MonitorSpeechStart	<prosody rate="1.0">Hello there</prosody>	543
2024-05-23 14:53:35	ActionGesture	BrowRaise
2024-05-23 14:53:37	MonitorSpeechStart	<prosody rate="1.0">Nice to meet you</prosody>	824
2024-05-23 14:53:37	ActionGesture	BrowRaise
2024-05-23 14:53:37	GUIEvent	NEW_STAGE_REQUESTED	STAGE[2] [28] REQUESTED .. [ACCEPTED]	0.2	28	CONDITION2	Welcome
2024-05-23 14:53:37	SessionEvent	QUESTION_SET	NEW QUESTION TO ACTIVATE	2		CONDITION2	Welcome
2024-05-23 14:53:37	FlowEvent	NEW_FLOW_STATE	QuestionReflection	2		CONDITION2	QuestionReflection
2024-05-23 14:53:38	MonitorSpeechStart	<prosody rate="1.0">Ok</prosody>	618
2024-05-23 14:53:38	ActionGesture	BrowRaise
2024-05-23 14:53:40	MonitorSpeechStart	<prosody rate="1.0">I think I am getting the question 2</prosody>	1747
2024-05-23 14:53:41	ActionGesture	BrowRaise
2024-05-23 14:53:42	ActionGesture	BrowRaise
2024-05-23 14:53:43	MonitorSpeechStart	<prosody rate="1.0">Let's see</prosody>	658
2024-05-23 14:53:43	ActionGesture	BrowRaise
2024-05-23 14:53:46	GUIEvent	ANSWER_MARKED	ANSWER[FALSE] [2] [28] SENT .. [ACCEPTED]	2	28	CONDITION2	QuestionReflection
2024-05-23 14:53:52	MonitorSpeechStart	<prosody rate="1.0">Parent</prosody>	524
2024-05-23 14:53:52	ActionGesture	BrowRaise
2024-05-23 14:53:53	MonitorSpeechStart	<prosody rate="1.0">SILENCE</prosody>	639
2024-05-23 14:53:53	ActionGesture	BrowRaise
2024-05-23 14:53:54	MonitorSpeechStart	<prosody rate="1.0">Have you reached an answer?</prosody>	1122
2024-05-23 14:53:55	ActionGesture	BrowRaise
2024-05-23 14:53:57	ActionGesture	Smile
2024-05-23 14:53:59	SenseSpeech	uh yes	1390
2024-05-23 14:53:59	MonitorSpeechStart	<prosody rate="1.0">ASSENT</prosody>	577
2024-05-23 14:53:59	ActionGesture	BrowRaise
2024-05-23 14:54:00	FlowEvent	NEW_FLOW_STATE	QuestionDisclosure	2		CONDITION2	QuestionDisclosure
2024-05-23 14:54:00	MonitorSpeechStart	<prosody rate="0.85">Good</prosody>	463
2024-05-23 14:54:01	MonitorSpeechStart	<prosody rate="0.85">I'm a little unsure</prosody>	1252
2024-05-23 14:54:02	ActionGesture	BrowRaise
2024-05-23 14:54:04	MonitorSpeechStart	<prosody rate="0.85">, but I think that's FALSE</prosody>	1721
2024-05-23 14:54:05	ActionGesture	BrowRaise
2024-05-23 14:54:06	MonitorSpeechStart	<prosody rate="0.85">What do you think?</prosody>	830
2024-05-23 14:54:06	ActionGesture	BrowRaise
2024-05-23 14:54:10	ActionGesture	Smile
2024-05-23 14:54:12	SenseSpeech	uh yeah I think so too	1974
2024-05-23 14:54:12	MonitorSpeechStart	<prosody rate="1.0">ELABORATION_REQUEST</prosody>	1798
2024-05-23 14:54:12	ActionGesture	BrowRaise
2024-05-23 14:54:13	ActionGesture	BrowRaise
2024-05-23 14:54:14	FlowEvent	NEW_FLOW_STATE	QuestionReview	2		CONDITION2	QuestionReview
2024-05-23 14:54:14	MonitorSpeechStart	<prosody rate="1.0">Review!</prosody>	524
2024-05-23 14:55:35	MonitorSpeechStart	<prosody rate="0.85">well I think it looks like C1 and C2 might be the same circuit even though they look different. And then the white, yellow and red lights are</prosody>	8657
2024-05-23 14:55:35	ActionGesture	BrowRaise
2024-05-23 14:55:39	ActionGesture	BrowRaise
2024-05-23 14:55:42	ActionGesture	BrowRaise
2024-05-23 14:55:43	ActionGesture	BrowRaise
2024-05-23 14:55:45	MonitorSpeechStart	<prosody rate="0.85">parallel</prosody>	817
2024-05-23 14:55:45	ActionGesture	BrowRaise
2024-05-23 14:55:47	MonitorSpeechStart	<prosody rate="0.85">connected in both?</prosody>	1211
2024-05-23 14:55:47	ActionGesture	BrowRaise
2024-05-23 14:55:53	ActionGesture	Smile
2024-05-23 14:55:55	SenseSpeech	uh yeah um could do	2569
2024-05-23 14:55:55	MonitorSpeechStart	<prosody rate="1.0">ASSENT</prosody>	577
2024-05-23 14:55:56	ActionGesture	BrowRaise
2024-05-23 14:56:00	MonitorSpeechStart	<prosody rate="0.85">Good. You see it too?</prosody>	1709
2024-05-23 14:56:03	MonitorSpeechStart	<prosody rate="0.85">The blue lights should shine equally brightly if it is the same circuit. And the other lights are disconnected right?</prosody>	6027
2024-05-23 14:56:03	ActionGesture	BrowRaise
2024-05-23 14:56:04	ActionGesture	BrowRaise
2024-05-23 14:56:08	ActionGesture	BrowRaise
2024-05-23 14:56:12	ActionGesture	Smile
2024-05-23 14:56:14	SenseSpeech	yes I think so	1715
2024-05-23 14:56:14	MonitorSpeechStart	<prosody rate="1.0">ELABORATION_REQUEST</prosody>	1798
2024-05-23 14:56:14	ActionGesture	BrowRaise
2024-05-23 14:56:15	ActionGesture	BrowRaise
