2024-05-12 21:00:39	Autoreload is disabled because the development mode is off.
2024-05-12 21:00:40	Application started in 0.543 seconds.
2024-05-12 21:00:40	Responding at http://127.0.0.1:1234
2024-05-12 21:00:41	----------------- NEW EXECUTION-------------------
2024-05-12 21:00:41	ActionGesture	CloseEyes
2024-05-12 21:01:42	MonitorSpeechStart	No start signal received, terminating the program.	2929
2024-05-12 21:01:44	ActionGesture	BrowRaise
2024-05-12 21:01:51	Autoreload is disabled because the development mode is off.
2024-05-12 21:01:51	Application started in 0.509 seconds.
2024-05-12 21:01:52	Responding at http://127.0.0.1:1234
2024-05-12 21:01:53	----------------- NEW EXECUTION-------------------
2024-05-12 21:01:53	ActionGesture	CloseEyes
2024-05-12 21:02:04	GUIEvent	GUI_RELOADED	GUI_RELOADED [ACCEPTED]	0.0	UNDEFINED
2024-05-12 21:02:53	MonitorSpeechStart	No start signal received, terminating the program.	2929
2024-05-12 21:02:56	ActionGesture	BrowRaise
2024-05-12 21:03:04	Autoreload is disabled because the development mode is off.
2024-05-12 21:03:04	Application started in 0.57 seconds.
2024-05-12 21:03:05	Responding at http://127.0.0.1:1234
2024-05-12 21:03:06	----------------- NEW EXECUTION-------------------
2024-05-12 21:03:06	ActionGesture	CloseEyes
2024-05-12 21:03:18	GUIEvent	GUI_RELOADED	GUI_RELOADED [ACCEPTED]	0.0	UNDEFINED
2024-05-12 21:03:56	GUIEvent	NEW_STAGE_REQUESTED	STAGE[0] [37] REQUESTED .. [ACCEPTED]	0.0	37
2024-05-12 21:04:07	MonitorSpeechStart	No start signal received, terminating the program.	2929
2024-05-12 21:04:09	ActionGesture	BrowRaise
2024-05-12 21:06:41	Autoreload is disabled because the development mode is off.
2024-05-12 21:06:41	Application started in 0.606 seconds.
2024-05-12 21:06:42	Responding at http://127.0.0.1:1234
2024-05-12 21:06:43	----------------- NEW EXECUTION-------------------
2024-05-12 21:06:43	ActionGesture	CloseEyes
2024-05-12 21:06:50	GUIEvent	GUI_RELOADED	GUI_RELOADED [ACCEPTED]	0.0	UNDEFINED
2024-05-12 21:07:21	GUIEvent	NEW_STAGE_REQUESTED	STAGE[0] [36] REQUESTED .. [ACCEPTED]	0.0	36
2024-05-12 21:07:43	MonitorSpeechStart	No start signal received, terminating the program.	2929
2024-05-12 21:08:53	Autoreload is disabled because the development mode is off.
2024-05-12 21:08:54	Application started in 0.524 seconds.
2024-05-12 21:08:54	Responding at http://127.0.0.1:1234
2024-05-12 21:08:56	----------------- NEW EXECUTION-------------------
2024-05-12 21:08:56	ActionGesture	CloseEyes
2024-05-12 21:09:05	GUIEvent	GUI_RELOADED	GUI_RELOADED [ACCEPTED]	0.0	UNDEFINED
2024-05-12 21:09:38	GUIEvent	NEW_STAGE_REQUESTED	STAGE[0] [4] REQUESTED .. [ACCEPTED]	0.0	4
2024-05-12 21:36:02	Autoreload is disabled because the development mode is off.
2024-05-12 21:36:03	Application started in 0.547 seconds.
2024-05-12 21:36:03	Responding at http://127.0.0.1:1234
2024-05-12 21:36:05	----------------- NEW EXECUTION-------------------
2024-05-12 21:36:05	ActionGesture	CloseEyes
2024-05-12 21:36:12	GUIEvent	GUI_RELOADED	GUI_RELOADED [ACCEPTED]	0.0	UNDEFINED
2024-05-12 21:37:05	MonitorSpeechStart	No start signal received, terminating the program.	2929
2024-05-12 21:37:08	ActionGesture	BrowRaise
2024-05-12 21:53:16	Autoreload is disabled because the development mode is off.
2024-05-12 21:53:16	Application started in 0.52 seconds.
2024-05-12 21:53:17	Responding at http://127.0.0.1:1234
2024-05-12 21:53:18	----------------- NEW EXECUTION-------------------
2024-05-12 21:53:18	ActionGesture	CloseEyes
2024-05-12 21:53:25	GUIEvent	GUI_RELOADED	GUI_RELOADED [ACCEPTED]	0.0	UNDEFINED
2024-05-12 21:53:59	GUIEvent	GUI_STARTED	GUI_STARTED [ACCEPTED]	0.0	UNDEFINED
2024-05-12 21:54:10	GUIEvent	GUI_STARTED	GUI_STARTED [ACCEPTED]	0.0	UNDEFINED
2024-05-12 21:54:19	MonitorSpeechStart	No start signal received, terminating the program.	2929
2024-05-12 21:54:21	ActionGesture	BrowRaise
2024-05-12 21:55:16	Autoreload is disabled because the development mode is off.
2024-05-12 21:55:17	Application started in 0.515 seconds.
2024-05-12 21:55:17	Responding at http://127.0.0.1:1234
2024-05-12 21:55:18	----------------- NEW EXECUTION-------------------
2024-05-12 21:55:18	ActionGesture	CloseEyes
2024-05-12 21:55:23	GUIEvent	GUI_RELOADED	GUI_RELOADED [ACCEPTED]	0.0	UNDEFINED
