2024-05-15 21:00:10	Autoreload is disabled because the development mode is off.
2024-05-15 21:00:11	Application started in 0.617 seconds.
2024-05-15 21:00:11	Responding at http://127.0.0.1:8888
2024-05-15 21:00:12	----------------- NEW EXECUTION-------------------
2024-05-15 21:00:12	ActionGesture	CloseEyes
2024-05-15 21:00:15	GUIEvent	GUI_RELOADED	GUI_RELOADED [ACCEPTED]	0.0	UNDEFINED	UNDEFINED	Init
2024-05-15 21:00:15	GUIEvent	SYNCH_REQUESTED	SYNCH REQUESTED .. [ACCEPTED]	0.0	UNDEFINED	UNDEFINED	Init
2024-05-15 21:00:16	GUIEvent	NEW_STAGE_REQUESTED	STAGE[0.2] [19] REQUESTED .. [ACCEPTED]	0.0	UNDEFINED	UNDEFINED	Init
2024-05-15 21:00:16	SessionEvent	USER_SET	USER TO ACTIVATE.	0.2	19	UNDEFINED	Init
2024-05-15 21:00:16	ActionGesture	OpenEyes
2024-05-15 21:00:16	ActionGesture	Smile
2024-05-15 21:00:16	MonitorSpeechStart	Oh, hello there	1105
2024-05-15 21:00:17	ActionGesture	BrowRaise
2024-05-15 21:00:18	ActionGesture	BigSmile
2024-05-15 21:00:19	MonitorSpeechStart	Nice to meet you.	824
2024-05-15 21:00:19	ActionGesture	BrowRaise
2024-05-15 21:00:20	GUIEvent	NEW_STAGE_REQUESTED	STAGE[1] [19] REQUESTED .. [ACCEPTED]	0.2	19	CONDITION1	Init
2024-05-15 21:00:20	SessionEvent	QUESTION_SET	NEW QUESTION TO ACTIVATE	1		CONDITION1	Init
2024-05-15 21:00:20	MonitorSpeechStart	Ok #QNUM#. Let's see	2658
2024-05-15 21:00:21	ActionGesture	BrowRaise
2024-05-15 21:00:22	ActionGesture	BrowRaise
2024-05-15 21:00:27	ActionGesture	Smile
2024-05-15 21:00:28	SenseSpeech	yes	1241
2024-05-15 21:02:15	Autoreload is disabled because the development mode is off.
2024-05-15 21:02:16	Application started in 0.609 seconds.
2024-05-15 21:02:16	Responding at http://127.0.0.1:8888
2024-05-15 21:02:18	----------------- NEW EXECUTION-------------------
2024-05-15 21:02:18	ActionGesture	CloseEyes
2024-05-15 21:02:18	GUIEvent	GUI_RELOADED	GUI_RELOADED [ACCEPTED]	0.0	UNDEFINED	UNDEFINED	Init
2024-05-15 21:02:18	GUIEvent	SYNCH_REQUESTED	SYNCH REQUESTED .. [ACCEPTED]	0.0	UNDEFINED	UNDEFINED	Init
2024-05-15 21:02:20	GUIEvent	NEW_STAGE_REQUESTED	STAGE[0.2] [29] REQUESTED .. [ACCEPTED]	0.0	UNDEFINED	UNDEFINED	Init
2024-05-15 21:02:20	SessionEvent	USER_SET	USER TO ACTIVATE.	0.2	29	UNDEFINED	Init
2024-05-15 21:02:20	ActionGesture	OpenEyes
2024-05-15 21:02:20	ActionGesture	Smile
2024-05-15 21:02:20	MonitorSpeechStart	Hi there	477
2024-05-15 21:02:20	ActionGesture	BrowRaise
2024-05-15 21:02:22	ActionGesture	BigSmile
2024-05-15 21:02:22	MonitorSpeechStart	Nice to meet you.	824
2024-05-15 21:02:22	ActionGesture	BrowRaise
2024-05-15 21:02:24	MonitorSpeechStart	How you doing?	741
2024-05-15 21:02:24	ActionGesture	BrowRaise
2024-05-15 21:02:30	MonitorSpeechStart	Oops, I don't hear you.	1345
2024-05-15 21:02:30	GUIEvent	NEW_STAGE_REQUESTED	STAGE[1] [29] REQUESTED .. [ACCEPTED]	0.2	29	CONDITION2	Init
2024-05-15 21:02:30	SessionEvent	QUESTION_SET	NEW QUESTION TO ACTIVATE	1		CONDITION2	Init
2024-05-15 21:02:30	ActionGesture	BrowRaise
2024-05-15 21:02:31	MonitorSpeechStart	Ok #QNUM#. Let's see	2658
2024-05-15 21:02:32	ActionGesture	BrowRaise
2024-05-15 21:02:33	ActionGesture	BrowRaise
2024-05-15 21:02:39	MonitorSpeechStart	Ok let me know when you marked the answer	2040
2024-05-15 21:02:41	ActionGesture	BrowRaise
2024-05-15 21:02:46	MonitorSpeechStart	Whenever you want.	757
2024-05-15 21:02:47	ActionGesture	BrowRaise
2024-05-15 21:07:23	Autoreload is disabled because the development mode is off.
2024-05-15 21:07:23	Application started in 0.511 seconds.
2024-05-15 21:07:23	Responding at http://127.0.0.1:8888
2024-05-15 21:07:25	----------------- NEW EXECUTION-------------------
2024-05-15 21:07:25	ActionGesture	CloseEyes
2024-05-15 21:07:30	GUIEvent	GUI_RELOADED	GUI_RELOADED [ACCEPTED]	0.0	UNDEFINED	UNDEFINED	Init
2024-05-15 21:07:30	GUIEvent	SYNCH_REQUESTED	SYNCH REQUESTED .. [ACCEPTED]	0.0	UNDEFINED	UNDEFINED	Init
2024-05-15 21:07:38	GUIEvent	NEW_STAGE_REQUESTED	STAGE[0.2] [4] REQUESTED .. [ACCEPTED]	0.0	UNDEFINED	UNDEFINED	Init
2024-05-15 21:07:38	SessionEvent	USER_SET	USER TO ACTIVATE.	0.2	4	UNDEFINED	Init
2024-05-15 21:07:38	ActionGesture	OpenEyes
2024-05-15 21:07:38	ActionGesture	Smile
2024-05-15 21:07:39	MonitorSpeechStart	Hi there	477
2024-05-15 21:07:39	ActionGesture	BrowRaise
2024-05-15 21:07:40	ActionGesture	BigSmile
2024-05-15 21:07:40	MonitorSpeechStart	Nice to meet you.	824
2024-05-15 21:07:41	ActionGesture	BrowRaise
2024-05-15 21:07:42	MonitorSpeechStart	How you doing?	741
2024-05-15 21:07:42	ActionGesture	BrowRaise
2024-05-15 21:07:47	ActionGesture	Smile
2024-05-15 21:07:48	SenseSpeech	yes	1090
2024-05-15 21:07:48	MonitorSpeechStart	Ok	618
2024-05-15 21:07:49	ActionGesture	BrowRaise
2024-05-15 21:07:50	MonitorSpeechStart	I suppose they told you what we are here for a little bit	2441
2024-05-15 21:07:51	ActionGesture	BrowRaise
2024-05-15 21:07:52	ActionGesture	BrowRaise
2024-05-15 21:07:53	MonitorSpeechStart	Right?	438
2024-05-15 21:07:53	ActionGesture	BrowRaise
2024-05-15 21:07:56	ActionGesture	Smile
2024-05-15 21:07:57	SenseSpeech	yes	1146
2024-05-15 21:07:57	MonitorSpeechStart	Right, as far as I know, once you press the button there on the tablet, we will both get a question to resolve together.	6190
2024-05-15 21:07:57	ActionGesture	BrowRaise
2024-05-15 21:07:58	GUIEvent	NEW_STAGE_REQUESTED	STAGE[1] [4] REQUESTED .. [ACCEPTED]	0.2	4	CONDITION1	Init
2024-05-15 21:07:58	SessionEvent	QUESTION_SET	NEW QUESTION TO ACTIVATE	1		CONDITION1	Init
2024-05-15 21:07:58	ActionGesture	BrowRaise
2024-05-15 21:07:59	MonitorSpeechStart	Ok #QNUM#. Let's see	2658
2024-05-15 21:08:00	ActionGesture	BrowRaise
2024-05-15 21:08:01	ActionGesture	BrowRaise
2024-05-15 21:08:04	ActionGesture	Smile
2024-05-15 21:08:06	SenseSpeech	yes	1129
2024-05-15 21:09:02	Autoreload is disabled because the development mode is off.
2024-05-15 21:09:03	Application started in 0.603 seconds.
2024-05-15 21:09:03	Responding at http://127.0.0.1:8888
2024-05-15 21:09:05	----------------- NEW EXECUTION-------------------
2024-05-15 21:09:05	ActionGesture	CloseEyes
2024-05-15 21:09:06	GUIEvent	GUI_RELOADED	GUI_RELOADED [ACCEPTED]	0.0	UNDEFINED	UNDEFINED	Init
2024-05-15 21:09:06	GUIEvent	SYNCH_REQUESTED	SYNCH REQUESTED .. [ACCEPTED]	0.0	UNDEFINED	UNDEFINED	Init
2024-05-15 21:09:07	GUIEvent	NEW_STAGE_REQUESTED	STAGE[0.2] [3] REQUESTED .. [ACCEPTED]	0.0	UNDEFINED	UNDEFINED	Init
2024-05-15 21:09:07	SessionEvent	USER_SET	USER TO ACTIVATE.	0.2	3	UNDEFINED	Init
2024-05-15 21:09:07	ActionGesture	OpenEyes
2024-05-15 21:09:07	ActionGesture	Smile
2024-05-15 21:09:07	MonitorSpeechStart	Oh, hello there	1105
2024-05-15 21:09:08	ActionGesture	BrowRaise
2024-05-15 21:09:09	ActionGesture	BigSmile
2024-05-15 21:09:09	MonitorSpeechStart	Nice to meet you.	824
2024-05-15 21:09:09	ActionGesture	BrowRaise
2024-05-15 21:09:10	GUIEvent	NEW_STAGE_REQUESTED	STAGE[1] [3] REQUESTED .. [ACCEPTED]	0.2	3	CONDITION1	Init
2024-05-15 21:09:10	SessionEvent	QUESTION_SET	NEW QUESTION TO ACTIVATE	1		CONDITION1	Init
2024-05-15 21:09:18	MonitorSpeechStart	Ok #QNUM#. Let's see	2658
2024-05-15 21:09:19	ActionGesture	BrowRaise
2024-05-15 21:09:20	ActionGesture	BrowRaise
2024-05-15 21:09:32	MonitorSpeechStart	Ok let me know when you marked the answer	2040
2024-05-15 21:09:34	ActionGesture	BrowRaise
2024-05-15 21:09:44	SenseSpeech	yes	1196
2024-05-15 21:09:44	ActionGesture	Smile
2024-05-15 21:09:44	MonitorSpeechStart	Whenever you want.	757
2024-05-15 21:09:44	ActionGesture	BrowRaise
2024-05-15 21:09:47	ActionGesture	Smile
2024-05-15 21:09:48	SenseSpeech	yes	1099
2024-05-15 21:10:46	Autoreload is disabled because the development mode is off.
2024-05-15 21:10:47	Application started in 0.611 seconds.
2024-05-15 21:10:47	Responding at http://127.0.0.1:8888
2024-05-15 21:10:48	----------------- NEW EXECUTION-------------------
2024-05-15 21:10:48	ActionGesture	CloseEyes
2024-05-15 21:10:55	GUIEvent	GUI_RELOADED	GUI_RELOADED [ACCEPTED]	0.0	UNDEFINED	UNDEFINED	Init
2024-05-15 21:10:55	GUIEvent	SYNCH_REQUESTED	SYNCH REQUESTED .. [ACCEPTED]	0.0	UNDEFINED	UNDEFINED	Init
2024-05-15 21:10:56	GUIEvent	NEW_STAGE_REQUESTED	STAGE[0.2] [12] REQUESTED .. [ACCEPTED]	0.0	UNDEFINED	UNDEFINED	Init
2024-05-15 21:10:56	SessionEvent	USER_SET	USER TO ACTIVATE.	0.2	12	UNDEFINED	Init
2024-05-15 21:10:56	ActionGesture	OpenEyes
2024-05-15 21:10:56	ActionGesture	Smile
2024-05-15 21:10:56	MonitorSpeechStart	Oh, hello there	1105
2024-05-15 21:10:57	ActionGesture	BrowRaise
2024-05-15 21:10:58	ActionGesture	BigSmile
2024-05-15 21:10:59	MonitorSpeechStart	Nice to meet you.	824
2024-05-15 21:10:59	ActionGesture	BrowRaise
2024-05-15 21:10:59	GUIEvent	NEW_STAGE_REQUESTED	STAGE[1] [12] REQUESTED .. [ACCEPTED]	0.2	12	CONDITION1	Init
2024-05-15 21:10:59	SessionEvent	QUESTION_SET	NEW QUESTION TO ACTIVATE	1		CONDITION1	Init
2024-05-15 21:11:07	MonitorSpeechStart	Ok #QNUM#. Let's see	2658
2024-05-15 21:11:09	ActionGesture	BrowRaise
2024-05-15 21:11:10	ActionGesture	BrowRaise
2024-05-15 21:11:12	ActionGesture	Smile
2024-05-15 21:11:12	SenseSpeech	yes	887
2024-05-15 21:13:15	Autoreload is disabled because the development mode is off.
2024-05-15 21:13:15	Application started in 0.612 seconds.
2024-05-15 21:13:16	Responding at http://127.0.0.1:8888
2024-05-15 21:13:17	----------------- NEW EXECUTION-------------------
2024-05-15 21:13:17	ActionGesture	CloseEyes
2024-05-15 21:13:19	GUIEvent	GUI_RELOADED	GUI_RELOADED [ACCEPTED]	0.0	UNDEFINED	UNDEFINED	Init
2024-05-15 21:13:20	GUIEvent	SYNCH_REQUESTED	SYNCH REQUESTED .. [ACCEPTED]	0.0	UNDEFINED	UNDEFINED	Init
2024-05-15 21:13:21	GUIEvent	NEW_STAGE_REQUESTED	STAGE[0.2] [28] REQUESTED .. [ACCEPTED]	0.0	UNDEFINED	UNDEFINED	Init
2024-05-15 21:13:21	SessionEvent	USER_SET	USER TO ACTIVATE.	0.2	28	UNDEFINED	Init
2024-05-15 21:13:21	ActionGesture	OpenEyes
2024-05-15 21:13:21	ActionGesture	Smile
2024-05-15 21:13:21	MonitorSpeechStart	Oh, hello there	1105
2024-05-15 21:13:22	ActionGesture	BrowRaise
2024-05-15 21:13:23	ActionGesture	BigSmile
2024-05-15 21:13:23	MonitorSpeechStart	Nice to meet you.	824
2024-05-15 21:13:23	ActionGesture	BrowRaise
2024-05-15 21:13:24	GUIEvent	NEW_STAGE_REQUESTED	STAGE[1] [28] REQUESTED .. [ACCEPTED]	0.2	28	CONDITION2	Init
2024-05-15 21:13:24	SessionEvent	QUESTION_SET	NEW QUESTION TO ACTIVATE	1		CONDITION2	Init
2024-05-15 21:13:25	MonitorSpeechStart	Ok #QNUM#. Let's see	2658
2024-05-15 21:13:26	ActionGesture	BrowRaise
2024-05-15 21:13:27	ActionGesture	BrowRaise
2024-05-15 21:13:29	ActionGesture	Smile
2024-05-15 21:13:30	SenseSpeech	yes	1165
2024-05-15 21:13:56	MonitorSpeechStart	oh...We need to mark the answer.	1842
2024-05-15 21:13:57	ActionGesture	BrowRaise
2024-05-15 21:14:08	MonitorSpeechStart	Ok let me know when you marked the answer	2040
2024-05-15 21:14:10	ActionGesture	BrowRaise
2024-05-15 21:17:53	Autoreload is disabled because the development mode is off.
2024-05-15 21:17:53	Application started in 0.657 seconds.
2024-05-15 21:17:53	Responding at http://127.0.0.1:8888
2024-05-15 21:17:55	----------------- NEW EXECUTION-------------------
2024-05-15 21:17:55	ActionGesture	CloseEyes
2024-05-15 21:18:05	GUIEvent	GUI_RELOADED	GUI_RELOADED [ACCEPTED]	0.0	UNDEFINED	UNDEFINED	Init
2024-05-15 21:18:05	GUIEvent	SYNCH_REQUESTED	SYNCH REQUESTED .. [ACCEPTED]	0.0	UNDEFINED	UNDEFINED	Init
2024-05-15 21:18:10	GUIEvent	NEW_STAGE_REQUESTED	STAGE[0.2] [3] REQUESTED .. [ACCEPTED]	0.0	UNDEFINED	UNDEFINED	Init
2024-05-15 21:18:10	SessionEvent	USER_SET	USER TO ACTIVATE.	0.2	3	UNDEFINED	Init
2024-05-15 21:18:10	ActionGesture	OpenEyes
2024-05-15 21:18:10	ActionGesture	Smile
2024-05-15 21:18:10	MonitorSpeechStart	Oh, hello there	1105
2024-05-15 21:18:11	ActionGesture	BrowRaise
2024-05-15 21:18:13	ActionGesture	BigSmile
2024-05-15 21:18:13	MonitorSpeechStart	Nice to meet you.	824
2024-05-15 21:18:13	ActionGesture	BrowRaise
2024-05-15 21:18:15	MonitorSpeechStart	How you doing?	741
2024-05-15 21:18:15	ActionGesture	BrowRaise
2024-05-15 21:18:16	GUIEvent	NEW_STAGE_REQUESTED	STAGE[1] [3] REQUESTED .. [ACCEPTED]	0.2	3	CONDITION1	Init
2024-05-15 21:18:16	SessionEvent	QUESTION_SET	NEW QUESTION TO ACTIVATE	1		CONDITION1	Init
2024-05-15 21:18:17	MonitorSpeechStart	Ok #QNUM#. Let's see	2658
2024-05-15 21:18:18	ActionGesture	BrowRaise
2024-05-15 21:18:19	ActionGesture	BrowRaise
2024-05-15 21:18:21	ActionGesture	Smile
2024-05-15 21:18:23	SenseSpeech	yes	1657
2024-05-15 21:27:52	Autoreload is disabled because the development mode is off.
2024-05-15 21:27:53	Application started in 0.681 seconds.
2024-05-15 21:27:53	Responding at http://127.0.0.1:8888
2024-05-15 21:27:56	----------------- NEW EXECUTION-------------------
2024-05-15 21:27:56	ActionGesture	CloseEyes
2024-05-15 21:27:58	GUIEvent	GUI_RELOADED	GUI_RELOADED [ACCEPTED]	0.0	UNDEFINED	UNDEFINED	Init
2024-05-15 21:27:59	GUIEvent	SYNCH_REQUESTED	SYNCH REQUESTED .. [ACCEPTED]	0.0	UNDEFINED	UNDEFINED	Init
2024-05-15 21:28:00	GUIEvent	NEW_STAGE_REQUESTED	STAGE[0.2] [3] REQUESTED .. [ACCEPTED]	0.0	UNDEFINED	UNDEFINED	Init
2024-05-15 21:28:00	SessionEvent	USER_SET	USER TO ACTIVATE.	0.2	3	UNDEFINED	Init
2024-05-15 21:28:00	ActionGesture	OpenEyes
2024-05-15 21:28:00	ActionGesture	Smile
2024-05-15 21:28:00	MonitorSpeechStart	Hi there	477
2024-05-15 21:28:00	ActionGesture	BrowRaise
2024-05-15 21:28:02	ActionGesture	BigSmile
2024-05-15 21:28:02	MonitorSpeechStart	Nice to meet you.	824
2024-05-15 21:28:02	ActionGesture	BrowRaise
2024-05-15 21:28:04	MonitorSpeechStart	How you doing?	741
2024-05-15 21:28:04	GUIEvent	NEW_STAGE_REQUESTED	STAGE[1] [3] REQUESTED .. [ACCEPTED]	0.2	3	CONDITION1	Init
2024-05-15 21:28:04	SessionEvent	QUESTION_SET	NEW QUESTION TO ACTIVATE	1		CONDITION1	Init
2024-05-15 21:28:04	ActionGesture	BrowRaise
2024-05-15 21:28:05	MonitorSpeechStart	Ok #QNUM#. Let's see	2658
2024-05-15 21:28:06	ActionGesture	BrowRaise
2024-05-15 21:28:07	ActionGesture	BrowRaise
2024-05-15 21:28:13	MonitorSpeechStart	Ok let me know when you marked the answer	2040
2024-05-15 21:28:14	ActionGesture	BrowRaise
2024-05-15 21:28:18	ActionGesture	Smile
2024-05-15 21:28:19	SenseSpeech	okay	921
2024-05-15 21:28:20	MonitorSpeechStart	Oops, I didn't get that.	1517
2024-05-15 21:28:21	ActionGesture	BrowRaise
2024-05-15 21:28:22	MonitorSpeechStart	Whenever you want.	757
2024-05-15 21:28:22	ActionGesture	BrowRaise
2024-05-15 21:28:28	MonitorSpeechStart	Ok. I have it. Do you?	2177
2024-05-15 21:28:29	ActionGesture	BrowRaise
2024-05-15 21:28:32	ActionGesture	Smile
2024-05-15 21:28:34	SenseSpeech	uh yes	1305
2024-05-15 21:28:34	MonitorSpeechStart	Oops, I didn't get that.	1517
2024-05-15 21:28:35	ActionGesture	BrowRaise
2024-05-15 21:28:36	MonitorSpeechStart	Ok #QNUM#. Let's see	2658
2024-05-15 21:28:37	ActionGesture	BrowRaise
2024-05-15 21:28:38	ActionGesture	BrowRaise
2024-05-15 21:28:42	ActionGesture	Smile
2024-05-15 21:29:35	Autoreload is disabled because the development mode is off.
2024-05-15 21:29:36	Application started in 0.63 seconds.
2024-05-15 21:29:36	Responding at http://127.0.0.1:8888
2024-05-15 21:29:37	----------------- NEW EXECUTION-------------------
2024-05-15 21:29:37	ActionGesture	CloseEyes
2024-05-15 21:29:39	GUIEvent	GUI_RELOADED	GUI_RELOADED [ACCEPTED]	0.0	UNDEFINED	UNDEFINED	Init
2024-05-15 21:29:39	GUIEvent	SYNCH_REQUESTED	SYNCH REQUESTED .. [ACCEPTED]	0.0	UNDEFINED	UNDEFINED	Init
2024-05-15 21:29:40	GUIEvent	NEW_STAGE_REQUESTED	STAGE[0.2] [2] REQUESTED .. [ACCEPTED]	0.0	UNDEFINED	UNDEFINED	Init
2024-05-15 21:29:40	SessionEvent	USER_SET	USER TO ACTIVATE.	0.2	2	UNDEFINED	Init
2024-05-15 21:29:40	ActionGesture	OpenEyes
2024-05-15 21:29:40	ActionGesture	Smile
2024-05-15 21:29:41	MonitorSpeechStart	Hi there	477
2024-05-15 21:29:41	ActionGesture	BrowRaise
2024-05-15 21:29:42	ActionGesture	BigSmile
2024-05-15 21:29:42	MonitorSpeechStart	Nice to meet you.	824
2024-05-15 21:29:42	ActionGesture	BrowRaise
2024-05-15 21:29:44	GUIEvent	NEW_STAGE_REQUESTED	STAGE[1] [2] REQUESTED .. [ACCEPTED]	0.2	2	CONDITION1	Init
2024-05-15 21:29:44	SessionEvent	QUESTION_SET	NEW QUESTION TO ACTIVATE	1		CONDITION1	Init
2024-05-15 21:29:44	MonitorSpeechStart	Ok #QNUM#. Let's see	2658
2024-05-15 21:29:45	ActionGesture	BrowRaise
2024-05-15 21:29:46	ActionGesture	BrowRaise
2024-05-15 21:29:50	ActionGesture	Smile
2024-05-15 21:29:51	SenseSpeech	no	720
2024-05-15 21:29:51	MonitorSpeechStart	We need to mark the answer.	1250
2024-05-15 21:29:53	ActionGesture	BrowRaise
2024-05-15 21:29:57	ActionGesture	Smile
2024-05-15 21:29:59	SenseSpeech	um I'm not sure	1793
2024-05-15 21:29:59	MonitorSpeechStart	I think we need to mark the answer. I did already.	2807
2024-05-15 21:30:00	ActionGesture	BrowRaise
2024-05-15 21:30:01	ActionGesture	BrowRaise
2024-05-15 21:30:04	ActionGesture	Smile
2024-05-15 21:30:05	SenseSpeech	okay	1167
2024-05-15 21:30:05	MonitorSpeechStart	oh...Before moving on, you need to mark your answer. Did you?	4017
2024-05-15 21:30:07	ActionGesture	BrowRaise
2024-05-15 21:30:08	ActionGesture	BrowRaise
2024-05-15 21:30:12	GUIEvent	ANSWER_MARKED	ANSWER[TRUE] [1] [2] SENT .. [ACCEPTED]	1	2	CONDITION1	Init
2024-05-15 21:30:16	MonitorSpeechStart	DISCLOSURE 1 NEUTRAL FOR Q 1	2063
2024-05-15 21:30:16	ActionGesture	BrowRaise
2024-05-15 21:30:18	ActionGesture	BrowRaise
2024-05-15 21:33:06	Autoreload is disabled because the development mode is off.
2024-05-15 21:33:06	Application started in 0.698 seconds.
2024-05-15 21:33:07	Responding at http://127.0.0.1:8888
2024-05-15 21:33:09	----------------- NEW EXECUTION-------------------
2024-05-15 21:33:09	ActionGesture	CloseEyes
2024-05-15 21:33:10	GUIEvent	GUI_RELOADED	GUI_RELOADED [ACCEPTED]	0.0	UNDEFINED	UNDEFINED	Init
2024-05-15 21:33:10	GUIEvent	SYNCH_REQUESTED	SYNCH REQUESTED .. [ACCEPTED]	0.0	UNDEFINED	UNDEFINED	Init
2024-05-15 21:33:11	GUIEvent	NEW_STAGE_REQUESTED	STAGE[0.2] [28] REQUESTED .. [ACCEPTED]	0.0	UNDEFINED	UNDEFINED	Init
2024-05-15 21:33:11	SessionEvent	USER_SET	USER TO ACTIVATE.	0.2	28	UNDEFINED	Init
2024-05-15 21:33:11	ActionGesture	OpenEyes
2024-05-15 21:33:11	ActionGesture	Smile
2024-05-15 21:33:12	MonitorSpeechStart	Hi there	477
2024-05-15 21:33:12	ActionGesture	BrowRaise
2024-05-15 21:33:13	ActionGesture	BigSmile
2024-05-15 21:33:13	MonitorSpeechStart	Nice to meet you.	824
2024-05-15 21:33:14	ActionGesture	BrowRaise
2024-05-15 21:33:15	MonitorSpeechStart	How you doing?	741
2024-05-15 21:33:15	ActionGesture	BrowRaise
2024-05-15 21:33:16	GUIEvent	NEW_STAGE_REQUESTED	STAGE[1] [28] REQUESTED .. [ACCEPTED]	0.2	28	CONDITION2	Init
2024-05-15 21:33:16	SessionEvent	QUESTION_SET	NEW QUESTION TO ACTIVATE	1		CONDITION2	Init
2024-05-15 21:33:16	MonitorSpeechStart	Ok #QNUM#. Let's see	2658
2024-05-15 21:33:18	ActionGesture	BrowRaise
2024-05-15 21:33:19	ActionGesture	BrowRaise
2024-05-15 21:33:24	MonitorSpeechStart	Ok let me know when you marked the answer	2040
2024-05-15 21:33:26	ActionGesture	BrowRaise
2024-05-15 21:33:32	MonitorSpeechStart	Whenever you want.	757
2024-05-15 21:33:32	ActionGesture	BrowRaise
2024-05-15 21:33:35	ActionGesture	Smile
2024-05-15 21:33:36	SenseSpeech	uh	991
2024-05-15 21:33:36	MonitorSpeechStart	Oops, I didn't get that.	1517
2024-05-15 21:33:37	ActionGesture	BrowRaise
2024-05-15 21:33:38	MonitorSpeechStart	Ok. I have it. Do you?	2177
2024-05-15 21:33:39	ActionGesture	BrowRaise
2024-05-15 21:33:43	ActionGesture	Smile
2024-05-15 21:33:44	SenseSpeech	well	818
2024-05-15 21:33:44	MonitorSpeechStart	Oops, I didn't get that.	1517
2024-05-15 21:33:46	ActionGesture	BrowRaise
2024-05-15 21:33:46	MonitorSpeechStart	Ok #QNUM#. Let's see	2658
2024-05-15 21:33:47	ActionGesture	BrowRaise
2024-05-15 21:33:48	ActionGesture	BrowRaise
2024-05-15 21:33:51	ActionGesture	Smile
2024-05-15 21:33:53	SenseSpeech	okay give me a second	1501
2024-05-15 21:33:53	MonitorSpeechStart	oh...We need to mark the answer.	1842
2024-05-15 21:33:55	ActionGesture	BrowRaise
2024-05-15 21:33:56	GUIEvent	ANSWER_MARKED	ANSWER[FALSE] [1] [28] SENT .. [ACCEPTED]	1	28	CONDITION2	Init
2024-05-15 21:34:00	ActionGesture	Smile
2024-05-15 21:35:12	ActionGesture	Smile
2024-05-15 21:35:52	GUIEvent	ANSWER_MARKED	ANSWER[TRUE] [1] [28] SENT .. [ACCEPTED]	1	28	CONDITION2	Init
2024-05-15 21:35:58	ActionGesture	Smile
2024-05-15 21:36:43	Autoreload is disabled because the development mode is off.
2024-05-15 21:36:43	Application started in 0.624 seconds.
2024-05-15 21:36:43	Responding at http://127.0.0.1:8888
2024-05-15 21:36:45	----------------- NEW EXECUTION-------------------
2024-05-15 21:36:45	ActionGesture	CloseEyes
2024-05-15 21:36:49	GUIEvent	GUI_RELOADED	GUI_RELOADED [ACCEPTED]	0.0	UNDEFINED	UNDEFINED	Init
2024-05-15 21:36:49	GUIEvent	SYNCH_REQUESTED	SYNCH REQUESTED .. [ACCEPTED]	0.0	UNDEFINED	UNDEFINED	Init
2024-05-15 21:36:52	GUIEvent	NEW_STAGE_REQUESTED	STAGE[0.2] [2] REQUESTED .. [ACCEPTED]	0.0	UNDEFINED	UNDEFINED	Init
2024-05-15 21:36:52	SessionEvent	USER_SET	USER TO ACTIVATE.	0.2	2	UNDEFINED	Init
2024-05-15 21:36:52	ActionGesture	OpenEyes
2024-05-15 21:36:52	ActionGesture	Smile
2024-05-15 21:36:52	MonitorSpeechStart	Hi there	477
2024-05-15 21:36:52	ActionGesture	BrowRaise
2024-05-15 21:36:54	ActionGesture	BigSmile
2024-05-15 21:36:54	MonitorSpeechStart	Nice to meet you.	824
2024-05-15 21:36:54	ActionGesture	BrowRaise
2024-05-15 21:36:56	MonitorSpeechStart	How you doing?	741
2024-05-15 21:36:56	ActionGesture	BrowRaise
2024-05-15 21:36:58	GUIEvent	NEW_STAGE_REQUESTED	STAGE[1] [2] REQUESTED .. [ACCEPTED]	0.2	2	CONDITION1	Init
2024-05-15 21:36:58	SessionEvent	QUESTION_SET	NEW QUESTION TO ACTIVATE	1		CONDITION1	Init
2024-05-15 21:36:59	MonitorSpeechStart	Ok #QNUM#. Let's see	2658
2024-05-15 21:37:00	ActionGesture	BrowRaise
2024-05-15 21:37:01	ActionGesture	BrowRaise
2024-05-15 21:37:07	MonitorSpeechStart	Ok let me know when you marked the answer	2040
2024-05-15 21:37:09	ActionGesture	BrowRaise
2024-05-15 21:37:10	ActionGesture	Smile
2024-05-15 21:37:11	SenseSpeech	I don't know	998
2024-05-15 21:37:12	MonitorSpeechStart	We need to mark the answer.	1250
2024-05-15 21:37:13	ActionGesture	BrowRaise
2024-05-15 21:37:17	ActionGesture	Smile
2024-05-15 21:37:18	SenseSpeech	uh okay	1084
2024-05-15 21:37:19	MonitorSpeechStart	oh...I think we need to mark the answer. I did already.	3387
2024-05-15 21:37:21	ActionGesture	BrowRaise
2024-05-15 21:37:22	ActionGesture	BrowRaise
2024-05-15 21:37:27	ActionGesture	Smile
2024-05-15 21:37:28	SenseSpeech	I marked the answer	1318
2024-05-15 21:37:28	MonitorSpeechStart	oh...Before moving on, you need to mark your answer. Did you?	4017
2024-05-15 21:37:30	ActionGesture	BrowRaise
2024-05-15 21:37:31	ActionGesture	BrowRaise
2024-05-15 21:37:38	GUIEvent	ANSWER_MARKED	ANSWER[FALSE] [1] [2] SENT .. [ACCEPTED]	1	2	CONDITION1	Init
2024-05-15 21:37:38	MonitorSpeechStart	oh...We need to mark the answer.	1842
2024-05-15 21:37:39	ActionGesture	BrowRaise
2024-05-15 21:37:44	ActionGesture	Smile
2024-05-15 21:37:45	SenseSpeech	I marked it	1218
2024-05-15 21:37:46	MonitorSpeechStart	DISCLOSURE 1 NEUTRAL FOR Q 1	2063
2024-05-15 21:37:47	ActionGesture	BrowRaise
2024-05-15 21:37:48	ActionGesture	BrowRaise
2024-05-15 21:37:54	MonitorSpeechStart	So what do you think?	979
2024-05-15 21:37:54	ActionGesture	BrowRaise
2024-05-15 21:38:00	ActionGesture	Smile
2024-05-15 21:43:10	Autoreload is disabled because the development mode is off.
2024-05-15 21:43:11	Application started in 0.593 seconds.
2024-05-15 21:43:11	Responding at http://127.0.0.1:8888
2024-05-15 21:43:13	----------------- NEW EXECUTION-------------------
2024-05-15 21:43:13	ActionGesture	CloseEyes
2024-05-15 21:43:20	GUIEvent	GUI_RELOADED	GUI_RELOADED [ACCEPTED]	0.0	UNDEFINED	UNDEFINED	Init
2024-05-15 21:43:20	GUIEvent	SYNCH_REQUESTED	SYNCH REQUESTED .. [ACCEPTED]	0.0	UNDEFINED	UNDEFINED	Init
2024-05-15 21:43:23	GUIEvent	NEW_STAGE_REQUESTED	STAGE[0.2] [4] REQUESTED .. [ACCEPTED]	0.0	UNDEFINED	UNDEFINED	Init
2024-05-15 21:43:23	SessionEvent	USER_SET	USER TO ACTIVATE.	0.2	4	UNDEFINED	Init
2024-05-15 21:43:23	ActionGesture	OpenEyes
2024-05-15 21:43:23	ActionGesture	Smile
2024-05-15 21:43:23	MonitorSpeechStart	Hi there	477
2024-05-15 21:43:23	ActionGesture	BrowRaise
2024-05-15 21:43:25	ActionGesture	BigSmile
2024-05-15 21:43:25	MonitorSpeechStart	Nice to meet you.	824
2024-05-15 21:43:25	ActionGesture	BrowRaise
2024-05-15 21:43:27	MonitorSpeechStart	How you doing?	741
2024-05-15 21:43:27	ActionGesture	BrowRaise
2024-05-15 21:43:30	ActionGesture	Smile
2024-05-15 21:43:30	GUIEvent	NEW_STAGE_REQUESTED	STAGE[1] [4] REQUESTED .. [ACCEPTED]	0.2	4	CONDITION1	Init
2024-05-15 21:43:30	SessionEvent	QUESTION_SET	NEW QUESTION TO ACTIVATE	1		CONDITION1	Init
2024-05-15 21:43:30	MonitorSpeechStart	Ok #QNUM#. Let's see	2658
2024-05-15 21:43:32	ActionGesture	BrowRaise
2024-05-15 21:43:33	ActionGesture	BrowRaise
2024-05-15 21:43:38	MonitorSpeechStart	Ok let me know when you marked the answer	2040
2024-05-15 21:43:40	ActionGesture	BrowRaise
2024-05-15 21:43:46	MonitorSpeechStart	Whenever you want.	757
2024-05-15 21:43:46	ActionGesture	BrowRaise
2024-05-15 21:43:52	MonitorSpeechStart	Ok. I have it. Do you?	2177
2024-05-15 21:43:53	ActionGesture	BrowRaise
2024-05-15 21:43:59	MonitorSpeechStart	Ok #QNUM#. Let's see	2658
2024-05-15 21:44:01	ActionGesture	BrowRaise
2024-05-15 21:44:01	ActionGesture	BrowRaise
2024-05-15 21:44:07	MonitorSpeechStart	Ok let me know when you marked the answer	2040
2024-05-15 21:44:09	ActionGesture	BrowRaise
2024-05-15 21:44:13	ActionGesture	Smile
2024-05-15 21:44:14	SenseSpeech	I don't know	1269
2024-05-15 21:44:15	MonitorSpeechStart	We need to mark the answer.	1250
2024-05-15 21:44:16	ActionGesture	BrowRaise
2024-05-15 21:44:21	MonitorSpeechStart	I think we need to mark the answer. I did already.	2807
2024-05-15 21:44:22	ActionGesture	BrowRaise
2024-05-15 21:44:24	ActionGesture	BrowRaise
2024-05-15 21:44:32	Autoreload is disabled because the development mode is off.
2024-05-15 21:44:33	Application started in 0.622 seconds.
2024-05-15 21:44:33	Responding at http://127.0.0.1:8888
2024-05-15 21:44:34	----------------- NEW EXECUTION-------------------
2024-05-15 21:44:34	ActionGesture	CloseEyes
2024-05-15 21:44:50	GUIEvent	GUI_RELOADED	GUI_RELOADED [ACCEPTED]	0.0	UNDEFINED	UNDEFINED	Init
2024-05-15 21:44:50	GUIEvent	SYNCH_REQUESTED	SYNCH REQUESTED .. [ACCEPTED]	0.0	UNDEFINED	UNDEFINED	Init
2024-05-15 21:44:52	GUIEvent	NEW_STAGE_REQUESTED	STAGE[0.2] [2] REQUESTED .. [ACCEPTED]	0.0	UNDEFINED	UNDEFINED	Init
2024-05-15 21:44:52	SessionEvent	USER_SET	USER TO ACTIVATE.	0.2	2	UNDEFINED	Init
2024-05-15 21:44:52	ActionGesture	OpenEyes
2024-05-15 21:44:52	ActionGesture	Smile
2024-05-15 21:44:52	MonitorSpeechStart	Hi there	477
2024-05-15 21:44:52	ActionGesture	BrowRaise
2024-05-15 21:44:53	ActionGesture	BigSmile
2024-05-15 21:44:54	MonitorSpeechStart	Nice to meet you.	824
2024-05-15 21:44:54	ActionGesture	BrowRaise
2024-05-15 21:44:55	GUIEvent	NEW_STAGE_REQUESTED	STAGE[1] [2] REQUESTED .. [ACCEPTED]	0.2	2	CONDITION1	Init
2024-05-15 21:44:55	SessionEvent	QUESTION_SET	NEW QUESTION TO ACTIVATE	1		CONDITION1	Init
2024-05-15 21:44:56	MonitorSpeechStart	Ok #QNUM#. Let's see	2658
2024-05-15 21:44:57	ActionGesture	BrowRaise
2024-05-15 21:44:58	ActionGesture	BrowRaise
2024-05-15 21:45:03	ActionGesture	Smile
2024-05-15 21:45:05	SenseSpeech	I don't listen to them	1343
2024-05-15 21:45:05	MonitorSpeechStart	We need to mark the answer.	1250
2024-05-15 21:45:06	ActionGesture	BrowRaise
2024-05-15 21:45:12	MonitorSpeechStart	I think we need to mark the answer. I did already.	2807
2024-05-15 21:45:13	ActionGesture	BrowRaise
2024-05-15 21:45:14	ActionGesture	BrowRaise
2024-05-15 21:45:20	MonitorSpeechStart	Before moving on, you need to mark your answer. Did you?	3348
2024-05-15 21:45:21	ActionGesture	BrowRaise
2024-05-15 21:45:22	ActionGesture	BrowRaise
2024-05-15 21:45:28	MonitorSpeechStart	We need to mark the answer.	1250
2024-05-15 21:45:30	ActionGesture	BrowRaise
2024-05-15 21:45:31	ActionGesture	Smile
2024-05-15 21:45:33	SenseSpeech	okay let me think	1500
2024-05-15 21:45:33	MonitorSpeechStart	oh...I think we need to mark the answer. I did already.	3387
2024-05-15 21:45:35	ActionGesture	BrowRaise
2024-05-15 21:45:36	ActionGesture	BrowRaise
2024-05-15 21:45:42	MonitorSpeechStart	oh...Before moving on, you need to mark your answer. Did you?	4017
2024-05-15 21:45:43	ActionGesture	BrowRaise
2024-05-15 21:45:45	ActionGesture	BrowRaise
2024-05-15 21:45:47	ActionGesture	Smile
2024-05-15 21:45:48	SenseSpeech	I don't know	902
2024-05-15 21:45:48	MonitorSpeechStart	oh...We need to mark the answer.	1842
2024-05-15 21:45:50	ActionGesture	BrowRaise
2024-05-15 21:45:56	MonitorSpeechStart	oh...I think we need to mark the answer. I did already.	3387
2024-05-15 21:45:57	GUIEvent	ANSWER_MARKED	ANSWER[FALSE] [1] [2] SENT .. [ACCEPTED]	1	2	CONDITION1	Init
2024-05-15 21:45:58	ActionGesture	BrowRaise
2024-05-15 21:45:59	ActionGesture	BrowRaise
2024-05-15 21:46:05	MonitorSpeechStart	DISCLOSURE 1 NEUTRAL FOR Q 1	2063
2024-05-15 21:46:06	ActionGesture	BrowRaise
2024-05-15 21:46:07	ActionGesture	BrowRaise
2024-05-15 21:47:06	Autoreload is disabled because the development mode is off.
2024-05-15 21:47:06	Application started in 0.625 seconds.
2024-05-15 21:47:07	Responding at http://127.0.0.1:8888
2024-05-15 21:47:08	----------------- NEW EXECUTION-------------------
2024-05-15 21:47:08	ActionGesture	CloseEyes
2024-05-15 21:47:11	GUIEvent	GUI_RELOADED	GUI_RELOADED [ACCEPTED]	0.0	UNDEFINED	UNDEFINED	Init
2024-05-15 21:47:11	GUIEvent	SYNCH_REQUESTED	SYNCH REQUESTED .. [ACCEPTED]	0.0	UNDEFINED	UNDEFINED	Init
2024-05-15 21:47:13	GUIEvent	NEW_STAGE_REQUESTED	STAGE[0.2] [29] REQUESTED .. [ACCEPTED]	0.0	UNDEFINED	UNDEFINED	Init
2024-05-15 21:47:13	SessionEvent	USER_SET	USER TO ACTIVATE.	0.2	29	UNDEFINED	Init
2024-05-15 21:47:13	ActionGesture	OpenEyes
2024-05-15 21:47:13	ActionGesture	Smile
2024-05-15 21:47:13	MonitorSpeechStart	Oh, hello there	1105
2024-05-15 21:47:14	ActionGesture	BrowRaise
2024-05-15 21:47:16	ActionGesture	BigSmile
2024-05-15 21:47:16	MonitorSpeechStart	Nice to meet you.	824
2024-05-15 21:47:16	ActionGesture	BrowRaise
2024-05-15 21:47:17	GUIEvent	NEW_STAGE_REQUESTED	STAGE[1] [29] REQUESTED .. [ACCEPTED]	0.2	29	CONDITION2	Init
2024-05-15 21:47:17	SessionEvent	QUESTION_SET	NEW QUESTION TO ACTIVATE	1		CONDITION2	Init
2024-05-15 21:47:18	MonitorSpeechStart	Ok #QNUM#. Let's see	2658
2024-05-15 21:47:19	ActionGesture	BrowRaise
2024-05-15 21:47:20	ActionGesture	BrowRaise
2024-05-15 21:47:26	MonitorSpeechStart	Ok let me know when you marked the answer	2040
2024-05-15 21:47:28	ActionGesture	BrowRaise
2024-05-15 21:47:32	ActionGesture	Smile
2024-05-15 21:47:59	ActionGesture	Smile
2024-05-15 21:48:03	SenseSpeech	no	4176
2024-05-15 21:48:04	MonitorSpeechStart	We need to mark the answer.	1250
2024-05-15 21:48:05	ActionGesture	BrowRaise
2024-05-15 21:48:10	MonitorSpeechStart	I think we need to mark the answer. I did already.	2807
2024-05-15 21:48:12	ActionGesture	BrowRaise
2024-05-15 21:48:13	ActionGesture	BrowRaise
2024-05-15 21:48:18	MonitorSpeechStart	Before moving on, you need to mark your answer. Did you?	3348
2024-05-15 21:48:19	ActionGesture	BrowRaise
2024-05-15 21:48:21	ActionGesture	BrowRaise
2024-05-15 21:48:25	ActionGesture	Smile
2024-05-15 21:48:27	SenseSpeech	uh I don't know	1474
2024-05-15 21:48:27	MonitorSpeechStart	We need to mark the answer.	1250
2024-05-15 21:48:28	ActionGesture	BrowRaise
2024-05-15 21:48:34	MonitorSpeechStart	I think we need to mark the answer. I did already.	2807
2024-05-15 21:48:35	ActionGesture	BrowRaise
2024-05-15 21:48:36	ActionGesture	BrowRaise
2024-05-15 21:48:37	GUIEvent	ANSWER_MARKED	ANSWER[TRUE] [1] [29] SENT .. [ACCEPTED]	1	29	CONDITION2	Init
2024-05-15 21:48:42	MonitorSpeechStart	Before moving on, you need to mark your answer. Did you?	3348
2024-05-15 21:48:42	ActionGesture	BrowRaise
2024-05-15 21:48:44	ActionGesture	BrowRaise
2024-05-15 21:48:47	ActionGesture	Smile
2024-05-15 21:48:49	SenseSpeech	uh yes	1310
2024-05-15 21:49:10	MonitorSpeechStart	DISCLOSURE 1 UNCERTAIN FOR Q 1	2168
2024-05-15 21:49:12	ActionGesture	BrowRaise
2024-05-15 21:49:12	ActionGesture	BrowRaise
2024-05-15 21:49:41	Autoreload is disabled because the development mode is off.
2024-05-15 21:49:42	Application started in 0.686 seconds.
2024-05-15 21:49:42	Responding at http://127.0.0.1:8888
2024-05-15 21:49:43	----------------- NEW EXECUTION-------------------
2024-05-15 21:49:44	ActionGesture	CloseEyes
2024-05-15 21:49:46	GUIEvent	GUI_RELOADED	GUI_RELOADED [ACCEPTED]	0.0	UNDEFINED	UNDEFINED	Init
2024-05-15 21:49:46	GUIEvent	SYNCH_REQUESTED	SYNCH REQUESTED .. [ACCEPTED]	0.0	UNDEFINED	UNDEFINED	Init
2024-05-15 21:49:48	GUIEvent	NEW_STAGE_REQUESTED	STAGE[0.2] [5] REQUESTED .. [ACCEPTED]	0.0	UNDEFINED	UNDEFINED	Init
2024-05-15 21:49:48	SessionEvent	USER_SET	USER TO ACTIVATE.	0.2	5	UNDEFINED	Init
2024-05-15 21:49:48	ActionGesture	OpenEyes
2024-05-15 21:49:48	ActionGesture	Smile
2024-05-15 21:49:48	MonitorSpeechStart	Oh, hello there	1105
2024-05-15 21:49:49	ActionGesture	BrowRaise
2024-05-15 21:49:50	ActionGesture	BigSmile
2024-05-15 21:49:51	MonitorSpeechStart	Nice to meet you.	824
2024-05-15 21:49:51	ActionGesture	BrowRaise
2024-05-15 21:49:52	MonitorSpeechStart	How you doing?	741
2024-05-15 21:49:52	ActionGesture	BrowRaise
2024-05-15 21:49:53	GUIEvent	NEW_STAGE_REQUESTED	STAGE[1] [5] REQUESTED .. [ACCEPTED]	0.2	5	CONDITION1	Init
2024-05-15 21:49:53	SessionEvent	QUESTION_SET	NEW QUESTION TO ACTIVATE	1		CONDITION1	Init
2024-05-15 21:49:54	MonitorSpeechStart	Ok #QNUM#. Let's see	2658
2024-05-15 21:49:55	ActionGesture	BrowRaise
2024-05-15 21:49:56	ActionGesture	BrowRaise
2024-05-15 21:50:02	MonitorSpeechStart	Ok let me know when you marked the answer	2040
2024-05-15 21:50:03	ActionGesture	BrowRaise
2024-05-15 21:50:07	ActionGesture	Smile
2024-05-15 21:50:08	SenseSpeech	uh the answer is true	1698
2024-05-15 21:51:00	MonitorSpeechStart	We need to mark the answer.	1250
2024-05-15 21:51:01	ActionGesture	BrowRaise
2024-05-15 21:51:04	ActionGesture	Smile
2024-05-15 21:51:06	SenseSpeech	I I know	1411
2024-05-15 21:56:52	Autoreload is disabled because the development mode is off.
2024-05-15 21:56:52	Application started in 0.595 seconds.
2024-05-15 21:56:53	Responding at http://127.0.0.1:8888
2024-05-15 21:56:54	----------------- NEW EXECUTION-------------------
2024-05-15 21:56:54	ActionGesture	CloseEyes
2024-05-15 21:56:58	GUIEvent	GUI_RELOADED	GUI_RELOADED [ACCEPTED]	0.0	UNDEFINED	UNDEFINED	Init
2024-05-15 21:56:58	GUIEvent	SYNCH_REQUESTED	SYNCH REQUESTED .. [ACCEPTED]	0.0	UNDEFINED	UNDEFINED	Init
2024-05-15 21:56:59	GUIEvent	NEW_STAGE_REQUESTED	STAGE[0.2] [4] REQUESTED .. [ACCEPTED]	0.0	UNDEFINED	UNDEFINED	Init
2024-05-15 21:56:59	SessionEvent	USER_SET	USER TO ACTIVATE.	0.2	4	UNDEFINED	Init
2024-05-15 21:56:59	ActionGesture	OpenEyes
2024-05-15 21:56:59	ActionGesture	Smile
2024-05-15 21:57:00	MonitorSpeechStart	Hi there	477
2024-05-15 21:57:00	ActionGesture	BrowRaise
2024-05-15 21:57:01	ActionGesture	BigSmile
2024-05-15 21:57:01	MonitorSpeechStart	Nice to meet you.	824
2024-05-15 21:57:02	ActionGesture	BrowRaise
2024-05-15 21:57:03	MonitorSpeechStart	How you doing?	741
2024-05-15 21:57:03	ActionGesture	BrowRaise
2024-05-15 21:57:04	GUIEvent	NEW_STAGE_REQUESTED	STAGE[1] [4] REQUESTED .. [ACCEPTED]	0.2	4	CONDITION1	Init
2024-05-15 21:57:04	SessionEvent	QUESTION_SET	NEW QUESTION TO ACTIVATE	1		CONDITION1	Init
2024-05-15 21:57:04	MonitorSpeechStart	Ok #QNUM#. Let's see	2658
2024-05-15 21:57:06	ActionGesture	BrowRaise
2024-05-15 21:57:06	ActionGesture	BrowRaise
2024-05-15 21:57:12	MonitorSpeechStart	Ok let me know when you marked the answer	2040
2024-05-15 21:57:14	ActionGesture	BrowRaise
2024-05-15 21:57:19	ActionGesture	Smile
2024-05-15 21:57:21	SenseSpeech	uh wait	2006
2024-05-15 21:57:21	MonitorSpeechStart	Oops, I didn't get that.	1517
2024-05-15 21:57:22	ActionGesture	BrowRaise
2024-05-15 21:57:23	MonitorSpeechStart	Whenever you want.	757
2024-05-15 21:57:23	ActionGesture	BrowRaise
2024-05-15 21:57:29	MonitorSpeechStart	Ok. I have it. Do you?	2177
2024-05-15 21:57:30	ActionGesture	BrowRaise
2024-05-15 21:57:34	ActionGesture	Smile
2024-05-15 21:57:36	SenseSpeech	um not yet	2111
