2024-05-17 14:01:05	Autoreload is disabled because the development mode is off.
2024-05-17 14:01:06	Application started in 0.567 seconds.
2024-05-17 14:01:06	Responding at http://127.0.0.1:8888
2024-05-17 14:01:07	----------------- NEW EXECUTION-------------------
2024-05-17 14:01:07	ActionGesture	CloseEyes
2024-05-17 14:01:17	GUIEvent	GUI_RELOADED	GUI_RELOADED [ACCEPTED]	0.0	UNDEFINED	UNDEFINED	Init
2024-05-17 14:01:18	GUIEvent	SYNCH_REQUESTED	SYNCH REQUESTED .. [ACCEPTED]	0.0	UNDEFINED	UNDEFINED	Init
2024-05-17 14:01:19	GUIEvent	NEW_STAGE_REQUESTED	STAGE[0.2] [2] REQUESTED .. [ACCEPTED]	0.0	UNDEFINED	UNDEFINED	Init
2024-05-17 14:01:19	SessionEvent	USER_SET	USER TO ACTIVATE.	0.2	2	UNDEFINED	Init
2024-05-17 14:01:19	ActionGesture	OpenEyes
2024-05-17 14:01:19	ActionGesture	Smile
2024-05-17 14:01:20	MonitorSpeechStart	Hi there	477
2024-05-17 14:01:20	ActionGesture	BrowRaise
2024-05-17 14:01:21	ActionGesture	BigSmile
2024-05-17 14:01:21	MonitorSpeechStart	Nice to meet you.	824
2024-05-17 14:01:22	ActionGesture	BrowRaise
2024-05-17 14:01:23	GUIEvent	NEW_STAGE_REQUESTED	STAGE[1] [2] REQUESTED .. [ACCEPTED]	0.2	2	CONDITION1	Init
2024-05-17 14:01:23	SessionEvent	QUESTION_SET	NEW QUESTION TO ACTIVATE	1		CONDITION1	Init
2024-05-17 14:01:23	MonitorSpeechStart	Ok #QNUM#. Let's see	2658
2024-05-17 14:01:24	ActionGesture	BrowRaise
2024-05-17 14:01:25	ActionGesture	BrowRaise
2024-05-17 14:01:31	ActionGesture	Smile
2024-05-17 14:01:32	SenseSpeech	give me more time	1166
2024-05-17 14:01:32	MonitorSpeechStart	REJOINDER_DISAGREED	1699
2024-05-17 14:01:32	ActionGesture	BrowRaise
2024-05-17 14:01:33	ActionGesture	BrowRaise
2024-05-17 14:01:42	MonitorSpeechStart	We need to register our preliminary response.	2243
2024-05-17 14:01:44	ActionGesture	BrowRaise
2024-05-17 14:03:32	GUIEvent	GENERIC	ANSWER[FALSE] [1] [2] SENT .. [ACCEPTED]	1	2	CONDITION1	Init
2024-05-17 14:03:32	SenseSpeech	I marked it	1135
2024-05-17 14:03:32	ActionGesture	Smile
2024-05-17 14:18:14	Autoreload is disabled because the development mode is off.
2024-05-17 14:18:15	Application started in 1.036 seconds.
2024-05-17 14:18:16	Responding at http://127.0.0.1:8888
2024-05-17 14:18:19	----------------- NEW EXECUTION-------------------
2024-05-17 14:18:19	ActionGesture	CloseEyes
2024-05-17 14:18:50	GUIEvent	GUI_RELOADED	GUI_RELOADED [ACCEPTED]	0.0	UNDEFINED	UNDEFINED	Init
2024-05-17 14:36:29	Autoreload is disabled because the development mode is off.
2024-05-17 14:36:30	Application started in 0.621 seconds.
2024-05-17 14:36:30	Responding at http://127.0.0.1:8888
2024-05-17 14:36:31	----------------- NEW EXECUTION-------------------
2024-05-17 14:36:31	ActionGesture	CloseEyes
2024-05-17 14:36:33	GUIEvent	NEW_STAGE_REQUESTED	STAGE[0.2] [4] REQUESTED .. [REJECTED]	0.0	UNDEFINED	UNDEFINED	Init
2024-05-17 14:36:37	GUIEvent	NEW_STAGE_REQUESTED	STAGE[0.2] [5] REQUESTED .. [REJECTED]	0.0	UNDEFINED	UNDEFINED	Init
2024-05-17 14:36:51	GUIEvent	GUI_RELOADED	GUI_RELOADED [ACCEPTED]	0.0	UNDEFINED	UNDEFINED	Init
2024-05-17 14:36:51	GUIEvent	SYNCH_REQUESTED	SYNCH REQUESTED .. [ACCEPTED]	0.0	UNDEFINED	UNDEFINED	Init
2024-05-17 14:36:53	GUIEvent	NEW_STAGE_REQUESTED	STAGE[0.2] [3] REQUESTED .. [ACCEPTED]	0.0	UNDEFINED	UNDEFINED	Init
2024-05-17 14:36:53	SessionEvent	USER_SET	USER TO ACTIVATE.	0.2	3	UNDEFINED	Init
2024-05-17 14:36:53	ActionGesture	OpenEyes
2024-05-17 14:36:53	ActionGesture	Smile
2024-05-17 14:36:54	MonitorSpeechStart	Oh, hello there	1105
2024-05-17 14:36:54	ActionGesture	BrowRaise
2024-05-17 14:36:56	ActionGesture	BigSmile
2024-05-17 14:36:56	MonitorSpeechStart	Nice to meet you.	824
2024-05-17 14:36:56	ActionGesture	BrowRaise
2024-05-17 14:36:58	MonitorSpeechStart	How you doing?	741
2024-05-17 14:36:58	ActionGesture	BrowRaise
2024-05-17 14:37:01	GUIEvent	NEW_STAGE_REQUESTED	STAGE[1] [3] REQUESTED .. [ACCEPTED]	0.2	3	CONDITION1	Init
2024-05-17 14:37:01	SessionEvent	QUESTION_SET	NEW QUESTION TO ACTIVATE	1		CONDITION1	Init
2024-05-17 14:37:01	MonitorSpeechStart	Ok #QNUM#. Let's see	2658
2024-05-17 14:37:02	ActionGesture	BrowRaise
2024-05-17 14:37:03	ActionGesture	BrowRaise
2024-05-17 14:37:09	MonitorSpeechStart	Ok let me know when you marked the answer	2040
2024-05-17 14:37:11	ActionGesture	BrowRaise
2024-05-17 14:37:14	ActionGesture	Smile
2024-05-17 14:37:15	SenseSpeech	um	1226
2024-05-17 14:37:15	MonitorSpeechStart	BACKCHANNEL	666
2024-05-17 14:37:16	ActionGesture	BrowRaise
2024-05-17 14:37:16	MonitorSpeechStart	We need to register our preliminary response.	2243
2024-05-17 14:37:18	ActionGesture	BrowRaise
2024-05-17 14:37:20	ActionGesture	Smile
2024-05-17 14:37:22	SenseSpeech	I I don't know	1548
2024-05-17 14:37:22	MonitorSpeechStart	NON_COMMITTAL	1104
2024-05-17 14:37:22	ActionGesture	BrowRaise
2024-05-17 14:37:23	ActionGesture	BrowRaise
2024-05-17 14:37:23	MonitorSpeechStart	We need to select whether we believe it to be true or false. DId you?	3651
2024-05-17 14:37:26	ActionGesture	BrowRaise
2024-05-17 14:37:29	GUIEvent	ANSWER_MARKED	ANSWER[FALSE] [1] [3] SENT .. [ACCEPTED]	1	3	CONDITION1	Init
2024-05-17 14:37:30	ActionGesture	Smile
2024-05-17 14:37:31	SenseSpeech	uh yes	1473
2024-05-17 14:37:32	MonitorSpeechStart	ASSENT	577
2024-05-17 14:37:32	ActionGesture	BrowRaise
2024-05-17 14:37:33	MonitorSpeechStart	I replied that it is true. What did you answer?	2636
2024-05-17 14:37:36	ActionGesture	BrowRaise
2024-05-17 14:37:40	ActionGesture	Smile
2024-05-17 14:37:41	SenseSpeech	I respond false	1701
2024-05-17 14:37:42	MonitorSpeechStart	Persuasion!	777
2024-05-17 14:37:42	ActionGesture	BrowRaise
2024-05-17 14:37:43	MonitorSpeechStart	CLAIM 1 NEUTRAL 1 FOR Q 1	2095
2024-05-17 14:37:44	ActionGesture	BrowRaise
2024-05-17 14:37:45	ActionGesture	BrowRaise
2024-05-17 14:47:29	Autoreload is disabled because the development mode is off.
2024-05-17 14:47:30	Application started in 0.582 seconds.
2024-05-17 14:47:30	Responding at http://127.0.0.1:8888
2024-05-17 14:47:32	----------------- NEW EXECUTION-------------------
2024-05-17 14:47:32	ActionGesture	CloseEyes
2024-05-17 14:47:34	GUIEvent	GUI_RELOADED	GUI_RELOADED [ACCEPTED]	0.0	UNDEFINED	UNDEFINED	Init
2024-05-17 14:47:35	GUIEvent	SYNCH_REQUESTED	SYNCH REQUESTED .. [ACCEPTED]	0.0	UNDEFINED	UNDEFINED	Init
2024-05-17 14:48:04	GUIEvent	NEW_STAGE_REQUESTED	STAGE[0.2] [6] REQUESTED .. [ACCEPTED]	0.0	UNDEFINED	UNDEFINED	Init
2024-05-17 14:48:04	SessionEvent	USER_SET	USER TO ACTIVATE.	0.2	6	UNDEFINED	Init
2024-05-17 14:48:04	ActionGesture	OpenEyes
2024-05-17 14:48:04	ActionGesture	Smile
2024-05-17 14:48:04	MonitorSpeechStart	Hi there	477
2024-05-17 14:48:04	ActionGesture	BrowRaise
2024-05-17 14:48:06	ActionGesture	BigSmile
2024-05-17 14:48:06	MonitorSpeechStart	Nice to meet you.	824
2024-05-17 14:48:06	ActionGesture	BrowRaise
2024-05-17 14:48:08	MonitorSpeechStart	How you doing?	741
2024-05-17 14:48:08	ActionGesture	BrowRaise
2024-05-17 14:48:09	GUIEvent	NEW_STAGE_REQUESTED	STAGE[1] [6] REQUESTED .. [ACCEPTED]	0.2	6	CONDITION1	Init
2024-05-17 14:48:09	SessionEvent	QUESTION_SET	NEW QUESTION TO ACTIVATE	1		CONDITION1	Init
2024-05-17 14:48:09	MonitorSpeechStart	Ok #QNUM#. Let's see	2658
2024-05-17 14:48:10	ActionGesture	BrowRaise
2024-05-17 14:48:11	ActionGesture	BrowRaise
2024-05-17 14:52:39	Autoreload is disabled because the development mode is off.
2024-05-17 14:52:39	Application started in 0.495 seconds.
2024-05-17 14:52:40	Responding at http://127.0.0.1:8888
2024-05-17 14:52:41	----------------- NEW EXECUTION-------------------
2024-05-17 14:52:41	ActionGesture	CloseEyes
2024-05-17 14:52:44	GUIEvent	GUI_RELOADED	GUI_RELOADED [ACCEPTED]	0.0	UNDEFINED	UNDEFINED	Init
2024-05-17 14:52:44	GUIEvent	SYNCH_REQUESTED	SYNCH REQUESTED .. [ACCEPTED]	0.0	UNDEFINED	UNDEFINED	Init
2024-05-17 14:52:53	GUIEvent	NEW_STAGE_REQUESTED	STAGE[0.2] [12] REQUESTED .. [ACCEPTED]	0.0	UNDEFINED	UNDEFINED	Init
2024-05-17 14:52:53	SessionEvent	USER_SET	USER TO ACTIVATE.	0.2	12	UNDEFINED	Init
2024-05-17 14:52:53	ActionGesture	OpenEyes
2024-05-17 14:52:53	ActionGesture	Smile
2024-05-17 14:52:53	MonitorSpeechStart	Oh, hello there	1105
2024-05-17 14:52:54	ActionGesture	BrowRaise
2024-05-17 14:52:55	ActionGesture	BigSmile
2024-05-17 14:52:56	MonitorSpeechStart	Nice to meet you.	824
2024-05-17 14:52:56	ActionGesture	BrowRaise
2024-05-17 14:52:57	MonitorSpeechStart	How you doing?	741
2024-05-17 14:52:57	ActionGesture	BrowRaise
2024-05-17 14:52:58	GUIEvent	NEW_STAGE_REQUESTED	STAGE[1] [12] REQUESTED .. [ACCEPTED]	0.2	12	CONDITION1	Init
2024-05-17 14:52:58	SessionEvent	QUESTION_SET	NEW QUESTION TO ACTIVATE	1		CONDITION1	Init
2024-05-17 14:52:58	MonitorSpeechStart	Ok #QNUM#. Let's see	2658
2024-05-17 14:53:00	ActionGesture	BrowRaise
2024-05-17 14:53:01	ActionGesture	BrowRaise
2024-05-17 14:53:06	MonitorSpeechStart	Ok let me know when you marked the answer	2040
2024-05-17 14:53:08	ActionGesture	BrowRaise
2024-05-17 14:53:11	ActionGesture	Smile
2024-05-17 14:53:13	SenseSpeech	um I don't know	1835
2024-05-17 14:53:13	MonitorSpeechStart	NON_COMMITTAL	1104
2024-05-17 14:53:13	ActionGesture	BrowRaise
2024-05-17 14:53:14	ActionGesture	BrowRaise
2024-05-17 14:53:15	MonitorSpeechStart	We need to register our preliminary response.	2243
2024-05-17 14:53:16	ActionGesture	BrowRaise
2024-05-17 14:53:20	ActionGesture	Smile
2024-05-17 14:53:21	SenseSpeech	okay	1316
2024-05-17 14:53:21	MonitorSpeechStart	ASSENT	577
2024-05-17 14:53:21	ActionGesture	BrowRaise
2024-05-17 14:53:22	MonitorSpeechStart	We need to select whether we believe it to be true or false. DId you?	3651
2024-05-17 14:53:24	ActionGesture	BrowRaise
2024-05-17 14:53:28	ActionGesture	Smile
2024-05-17 14:53:29	SenseSpeech	uh no	1209
2024-05-17 14:53:30	MonitorSpeechStart	DENIAL	524
2024-05-17 14:53:30	ActionGesture	BrowRaise
2024-05-17 14:53:30	MonitorSpeechStart	I have registered my answer, did you? Do it too if you haven't.	3512
2024-05-17 14:53:31	ActionGesture	BrowRaise
2024-05-17 14:53:33	ActionGesture	BrowRaise
2024-05-17 14:53:36	GUIEvent	ANSWER_MARKED	ANSWER[TRUE] [1] [12] SENT .. [ACCEPTED]	1	12	CONDITION1	Init
2024-05-17 14:53:39	ActionGesture	Smile
2024-05-17 14:53:40	SenseSpeech	okay	1438
2024-05-17 14:53:41	MonitorSpeechStart	ASSENT	577
2024-05-17 14:53:41	ActionGesture	BrowRaise
2024-05-17 14:53:41	MonitorSpeechStart	I replied that it is true. What did you answer?	2636
2024-05-17 14:53:44	ActionGesture	BrowRaise
2024-05-17 14:53:48	ActionGesture	Smile
2024-05-17 14:53:50	SenseSpeech	uh yes me too	2041
2024-05-17 14:53:51	MonitorSpeechStart	Review!	524
2024-05-17 14:53:52	MonitorSpeechStart	FRIENDLY CLAIM 1 (Part1) NEUTRAL FOR Q1	3580
2024-05-17 14:53:56	ActionGesture	BrowRaise
2024-05-17 14:54:02	MonitorSpeechStart	Checkpoint!	648
2024-05-17 14:54:02	ActionGesture	BrowRaise
2024-05-17 14:54:03	MonitorSpeechStart	we agree with #ROBOT_ANSWER# as we discussed?	3387
2024-05-17 14:54:04	ActionGesture	BrowRaise
2024-05-17 14:54:06	ActionGesture	BrowRaise
2024-05-17 14:54:10	ActionGesture	Smile
