2024-05-23 13:46:38	Autoreload is disabled because the development mode is off.
2024-05-23 13:46:38	Application started in 0.614 seconds.
2024-05-23 13:46:38	Responding at http://127.0.0.1:8888
2024-05-23 13:46:40	----------------- NEW EXECUTION-------------------
2024-05-23 13:46:40	FlowEvent	NEW_FLOW_STATE	Testing	0.0		UNDEFINED	Testing
2024-05-23 13:46:43	MonitorSpeechStart	<prosody rate="1.0">Ok, let's test. Say whatever you want.</prosody>	2873
2024-05-23 13:46:43	ActionGesture	BrowRaise
2024-05-23 13:46:46	ActionGesture	BrowRaise
2024-05-23 13:46:48	ActionGesture	Smile
2024-05-23 13:46:50	SenseSpeech	um explain	1510
2024-05-23 13:46:57	MonitorSpeechStart	<prosody rate="1.0">You just backchanneled.</prosody>	1149
2024-05-23 13:46:58	ActionGesture	BrowRaise
2024-05-23 13:47:03	ActionGesture	Smile
2024-05-23 13:47:04	SenseSpeech	yeah explain	1510
2024-05-23 13:47:05	MonitorSpeechStart	<prosody rate="1.0">You assented</prosody>	663
2024-05-23 13:47:05	ActionGesture	BrowRaise
2024-05-23 13:47:26	Autoreload is disabled because the development mode is off.
2024-05-23 13:47:26	Application started in 0.585 seconds.
2024-05-23 13:47:27	Responding at http://127.0.0.1:8888
2024-05-23 13:47:29	----------------- NEW EXECUTION-------------------
2024-05-23 13:47:29	FlowEvent	NEW_FLOW_STATE	Testing	0.0		UNDEFINED	Testing
2024-05-23 13:47:30	MonitorSpeechStart	<prosody rate="1.0">Ok, let's test. Say whatever you want.</prosody>	2873
2024-05-23 13:47:30	ActionGesture	BrowRaise
2024-05-23 13:47:32	ActionGesture	BrowRaise
2024-05-23 13:47:34	ActionGesture	Smile
2024-05-23 13:47:35	SenseSpeech	can you explain	1142
2024-05-23 13:47:36	MonitorSpeechStart	<prosody rate="1.0">You want me to elaborate.</prosody>	1182
2024-05-23 13:47:37	ActionGesture	BrowRaise
2024-05-23 13:47:40	ActionGesture	Smile
2024-05-23 13:47:41	SenseSpeech	explain	871
2024-05-23 13:47:41	MonitorSpeechStart	<prosody rate="1.0">You just backchanneled.</prosody>	1149
2024-05-23 13:47:42	ActionGesture	BrowRaise
2024-05-23 13:47:45	ActionGesture	Smile
2024-05-23 13:47:46	SenseSpeech	explain	799
2024-05-23 13:47:46	MonitorSpeechStart	<prosody rate="1.0">You just backchanneled.</prosody>	1149
2024-05-23 13:47:47	ActionGesture	BrowRaise
2024-05-23 13:48:37	Autoreload is disabled because the development mode is off.
2024-05-23 13:48:38	Application started in 0.656 seconds.
2024-05-23 13:48:38	Responding at http://127.0.0.1:8888
2024-05-23 13:48:40	----------------- NEW EXECUTION-------------------
2024-05-23 13:48:40	FlowEvent	NEW_FLOW_STATE	Testing	0.0		UNDEFINED	Testing
2024-05-23 13:48:41	MonitorSpeechStart	<prosody rate="1.0">Ok, let's test. Say whatever you want.</prosody>	2873
2024-05-23 13:48:42	ActionGesture	BrowRaise
2024-05-23 13:48:44	ActionGesture	BrowRaise
2024-05-23 13:48:46	ActionGesture	Smile
2024-05-23 13:48:48	SenseSpeech	yeah explain	1635
2024-05-23 13:48:48	MonitorSpeechStart	<prosody rate="1.0">You want me to elaborate.</prosody>	1182
2024-05-23 13:48:49	ActionGesture	BrowRaise
2024-05-23 13:49:45	Autoreload is disabled because the development mode is off.
2024-05-23 13:49:45	Application started in 0.573 seconds.
2024-05-23 13:49:46	Responding at http://127.0.0.1:8888
2024-05-23 13:49:48	----------------- NEW EXECUTION-------------------
2024-05-23 13:49:48	FlowEvent	NEW_FLOW_STATE	Sleep	0.0		UNDEFINED	Sleep
2024-05-23 13:49:48	ActionGesture	CloseEyes
2024-05-23 13:49:48	ActionGesture	CloseEyes
2024-05-23 13:50:15	GUIEvent	GUI_RELOADED	GUI_RELOADED [ACCEPTED]	0.0	UNDEFINED	UNDEFINED	Sleep
2024-05-23 13:50:16	GUIEvent	SYNCH_REQUESTED	SYNCH REQUESTED .. [ACCEPTED]	0.0	UNDEFINED	UNDEFINED	Sleep
2024-05-23 13:50:17	GUIEvent	NEW_STAGE_REQUESTED	STAGE[0.2] [28] REQUESTED .. [ACCEPTED]	0.0	UNDEFINED	UNDEFINED	Sleep
2024-05-23 13:50:17	SessionEvent	USER_SET	USER TO ACTIVATE.	0.2	28	UNDEFINED	Sleep
2024-05-23 13:50:17	FlowEvent	NEW_FLOW_STATE	Welcome	0.2		CONDITION2	Welcome
2024-05-23 13:50:17	ActionGesture	OpenEyes
2024-05-23 13:50:17	ActionGesture	Smile
2024-05-23 13:50:18	MonitorSpeechStart	<prosody rate="1.0">Hello there</prosody>	543
2024-05-23 13:50:19	ActionGesture	BrowRaise
2024-05-23 13:50:20	MonitorSpeechStart	<prosody rate="1.0">Nice to meet you</prosody>	824
2024-05-23 13:50:20	ActionGesture	BrowRaise
2024-05-23 13:50:22	MonitorSpeechStart	<prosody rate="1.0">How you doing?</prosody>	741
2024-05-23 13:50:22	ActionGesture	BrowRaise
2024-05-23 13:50:25	ActionGesture	Smile
2024-05-23 13:50:26	SenseSpeech	yeah	897
2024-05-23 13:50:26	FlowEvent	NEW_FLOW_STATE	ReviewInstructions	0.2		CONDITION2	ReviewInstructions
2024-05-23 13:50:26	MonitorSpeechStart	<prosody rate="1.0">Right, as far as I know,we will get some Electronics questions to resolve together. Somebody told you?</prosody>	6104
2024-05-23 13:50:26	ActionGesture	BrowRaise
2024-05-23 13:50:27	ActionGesture	BrowRaise
2024-05-23 13:50:30	ActionGesture	BrowRaise
2024-05-23 13:50:31	ActionGesture	BrowRaise
2024-05-23 13:50:34	ActionGesture	Smile
2024-05-23 13:50:35	SenseSpeech	no	774
2024-05-23 13:50:35	MonitorSpeechStart	<prosody rate="1.0">DENIAL</prosody>	524
2024-05-23 13:50:35	ActionGesture	BrowRaise
2024-05-23 13:50:36	MonitorSpeechStart	<prosody rate="1.0">Oh</prosody>	459
2024-05-23 13:50:37	MonitorSpeechStart	<prosody rate="1.0">well</prosody>	454
2024-05-23 13:50:37	ActionGesture	BrowRaise
2024-05-23 13:50:38	MonitorSpeechStart	<prosody rate="1.0">Basically a question will come up on the tablet, I receive it, we think, we answer separately and then we discuss</prosody>	5938
2024-05-23 13:50:38	ActionGesture	BrowRaise
2024-05-23 13:50:40	ActionGesture	BrowRaise
2024-05-23 13:50:44	ActionGesture	BrowRaise
2024-05-23 13:50:45	MonitorSpeechStart	<prosody rate="1.0">Do you want me to explain or are you ready?</prosody>	1666
2024-05-23 13:50:46	ActionGesture	BrowRaise
2024-05-23 13:50:47	ActionGesture	BrowRaise
2024-05-23 13:50:49	ActionGesture	Smile
2024-05-23 13:50:50	SenseSpeech	yeah explain	1086
2024-05-23 13:50:51	MonitorSpeechStart	<prosody rate="1.0">ELABORATION_REQUEST</prosody>	1798
2024-05-23 13:50:52	ActionGesture	BrowRaise
2024-05-23 13:50:53	ActionGesture	BrowRaise
2024-05-23 13:50:53	MonitorSpeechStart	<prosody rate="1.0">well</prosody>	454
2024-05-23 13:50:53	ActionGesture	BrowRaise
2024-05-23 13:50:54	MonitorSpeechStart	<prosody rate="1.0">The questions will appear one by one on the tablet</prosody>	2314
2024-05-23 13:50:56	ActionGesture	BrowRaise
2024-05-23 13:50:56	ActionGesture	BrowRaise
2024-05-23 13:50:57	ActionGesture	BrowRaise
2024-05-23 13:50:58	MonitorSpeechStart	<prosody rate="1.0">For each one, we will have time to think</prosody>	2119
2024-05-23 13:50:59	ActionGesture	BrowRaise
2024-05-23 13:51:01	MonitorSpeechStart	<prosody rate="1.0">Then you mark your answer and I will mark mine</prosody>	2073
2024-05-23 13:51:02	ActionGesture	BrowRaise
2024-05-23 13:51:04	MonitorSpeechStart	<prosody rate="1.0">You ready?</prosody>	531
2024-05-23 13:51:04	ActionGesture	BrowRaise
2024-05-23 13:51:06	ActionGesture	Smile
2024-05-23 13:51:07	SenseSpeech	yeah I'm ready	1198
2024-05-23 13:51:08	MonitorSpeechStart	<prosody rate="1.0">ME_READY</prosody>	1073
2024-05-23 13:51:08	ActionGesture	BrowRaise
2024-05-23 13:51:09	MonitorSpeechStart	<prosody rate="1.0">Perfect</prosody>	513
2024-05-23 13:51:09	ActionGesture	BrowRaise
2024-05-23 13:51:10	MonitorSpeechStart	<prosody rate="1.0">Ok, when you press the button I will receive the first question, and show on the screen. Whenever you want.</prosody>	5763
2024-05-23 13:51:11	ActionGesture	BrowRaise
2024-05-23 13:51:13	ActionGesture	BrowRaise
2024-05-23 13:51:14	ActionGesture	BrowRaise
2024-05-23 13:51:15	GUIEvent	NEW_STAGE_REQUESTED	STAGE[1] [28] REQUESTED .. [ACCEPTED]	0.2	28	CONDITION2	ReviewInstructions
2024-05-23 13:51:15	SessionEvent	QUESTION_SET	NEW QUESTION TO ACTIVATE	1		CONDITION2	ReviewInstructions
2024-05-23 13:51:15	FlowEvent	NEW_FLOW_STATE	QuestionReflection	1		CONDITION2	QuestionReflection
2024-05-23 13:51:16	MonitorSpeechStart	<prosody rate="1.0">Ok</prosody>	618
2024-05-23 13:51:16	ActionGesture	BrowRaise
2024-05-23 13:51:18	MonitorSpeechStart	<prosody rate="1.0">I think I am getting the question 1</prosody>	1802
2024-05-23 13:51:18	ActionGesture	BrowRaise
2024-05-23 13:51:19	ActionGesture	BrowRaise
2024-05-23 13:51:20	MonitorSpeechStart	<prosody rate="1.0">Let's see</prosody>	658
2024-05-23 13:51:21	ActionGesture	BrowRaise
2024-05-23 13:51:29	MonitorSpeechStart	<prosody rate="1.0">Parent</prosody>	524
2024-05-23 13:51:30	ActionGesture	BrowRaise
2024-05-23 13:51:30	MonitorSpeechStart	<prosody rate="1.0">SILENCE</prosody>	639
2024-05-23 13:51:31	ActionGesture	BrowRaise
2024-05-23 13:51:32	MonitorSpeechStart	<prosody rate="1.0">Have you reached an answer?</prosody>	1122
2024-05-23 13:51:33	ActionGesture	BrowRaise
2024-05-23 13:51:37	ActionGesture	Smile
2024-05-23 13:51:38	SenseSpeech	uh not yet	1385
2024-05-23 13:51:38	MonitorSpeechStart	<prosody rate="1.0">DENIAL</prosody>	524
2024-05-23 13:51:39	ActionGesture	BrowRaise
2024-05-23 13:51:39	MonitorSpeechStart	<prosody rate="1.0">Mh</prosody>	607
2024-05-23 13:51:39	ActionGesture	BrowRaise
2024-05-23 13:51:40	MonitorSpeechStart	<prosody rate="1.0">I see!</prosody>	670
2024-05-23 13:51:42	MonitorSpeechStart	<prosody rate="1.0">Have you answered already?</prosody>	1137
2024-05-23 13:51:42	ActionGesture	BrowRaise
2024-05-23 13:51:43	ActionGesture	BrowRaise
2024-05-23 13:51:51	MonitorSpeechStart	<prosody rate="1.0">Parent</prosody>	524
2024-05-23 13:51:52	ActionGesture	BrowRaise
2024-05-23 13:51:52	MonitorSpeechStart	<prosody rate="1.0">SILENCE</prosody>	639
2024-05-23 13:51:52	ActionGesture	BrowRaise
2024-05-23 13:51:53	MonitorSpeechStart	<prosody rate="1.0">I mean</prosody>	609
2024-05-23 13:51:55	MonitorSpeechStart	<prosody rate="1.0">Let me know when you have it</prosody>	1138
2024-05-23 13:51:56	ActionGesture	BrowRaise
2024-05-23 13:52:03	Autoreload is disabled because the development mode is off.
2024-05-23 13:52:04	Application started in 0.621 seconds.
2024-05-23 13:52:04	Responding at http://127.0.0.1:8888
2024-05-23 13:52:06	----------------- NEW EXECUTION-------------------
2024-05-23 13:52:06	FlowEvent	NEW_FLOW_STATE	Sleep	0.0		UNDEFINED	Sleep
2024-05-23 13:52:06	ActionGesture	CloseEyes
2024-05-23 13:52:06	ActionGesture	CloseEyes
2024-05-23 13:52:14	GUIEvent	GUI_RELOADED	GUI_RELOADED [ACCEPTED]	0.0	UNDEFINED	UNDEFINED	Sleep
2024-05-23 13:52:14	GUIEvent	SYNCH_REQUESTED	SYNCH REQUESTED .. [ACCEPTED]	0.0	UNDEFINED	UNDEFINED	Sleep
2024-05-23 13:52:15	GUIEvent	NEW_STAGE_REQUESTED	STAGE[0.2] [37] REQUESTED .. [ACCEPTED]	0.0	UNDEFINED	UNDEFINED	Sleep
2024-05-23 13:52:15	SessionEvent	USER_SET	USER TO ACTIVATE.	0.2	37	UNDEFINED	Sleep
2024-05-23 13:52:15	FlowEvent	NEW_FLOW_STATE	Welcome	0.2		CONDITION2	Welcome
2024-05-23 13:52:15	ActionGesture	OpenEyes
2024-05-23 13:52:15	ActionGesture	Smile
2024-05-23 13:52:16	MonitorSpeechStart	<prosody rate="1.0">Hello there</prosody>	543
2024-05-23 13:52:16	ActionGesture	BrowRaise
2024-05-23 13:52:18	MonitorSpeechStart	<prosody rate="1.0">Nice to meet you</prosody>	824
2024-05-23 13:52:18	ActionGesture	BrowRaise
2024-05-23 13:52:19	GUIEvent	NEW_STAGE_REQUESTED	STAGE[1] [37] REQUESTED .. [ACCEPTED]	0.2	37	CONDITION2	Welcome
2024-05-23 13:52:19	SessionEvent	QUESTION_SET	NEW QUESTION TO ACTIVATE	1		CONDITION2	Welcome
2024-05-23 13:52:19	FlowEvent	NEW_FLOW_STATE	QuestionReflection	1		CONDITION2	QuestionReflection
2024-05-23 13:52:20	MonitorSpeechStart	<prosody rate="1.0">Ok</prosody>	618
2024-05-23 13:52:20	ActionGesture	BrowRaise
2024-05-23 13:52:21	MonitorSpeechStart	<prosody rate="1.0">I think I am getting the question 1</prosody>	1802
2024-05-23 13:52:21	ActionGesture	BrowRaise
2024-05-23 13:52:23	ActionGesture	BrowRaise
2024-05-23 13:52:24	MonitorSpeechStart	<prosody rate="1.0">Let's see</prosody>	658
2024-05-23 13:52:24	ActionGesture	BrowRaise
2024-05-23 13:52:33	MonitorSpeechStart	<prosody rate="1.0">Parent</prosody>	524
2024-05-23 13:52:33	ActionGesture	BrowRaise
2024-05-23 13:52:34	MonitorSpeechStart	<prosody rate="1.0">SILENCE</prosody>	639
2024-05-23 13:52:34	ActionGesture	BrowRaise
2024-05-23 13:52:35	MonitorSpeechStart	<prosody rate="1.0">Have you reached an answer?</prosody>	1122
2024-05-23 13:52:36	ActionGesture	BrowRaise
2024-05-23 13:52:37	ActionGesture	Smile
2024-05-23 13:52:38	SenseSpeech	not yet	961
2024-05-23 13:52:38	MonitorSpeechStart	<prosody rate="1.0">DENIAL</prosody>	524
2024-05-23 13:52:39	ActionGesture	BrowRaise
2024-05-23 13:52:39	MonitorSpeechStart	<prosody rate="1.0">Oh</prosody>	459
2024-05-23 13:52:40	MonitorSpeechStart	<prosody rate="1.0">well</prosody>	454
2024-05-23 13:52:41	ActionGesture	BrowRaise
2024-05-23 13:52:42	MonitorSpeechStart	<prosody rate="1.0">Have you answered already?</prosody>	1137
2024-05-23 13:52:42	ActionGesture	BrowRaise
2024-05-23 13:52:43	ActionGesture	BrowRaise
2024-05-23 13:52:51	MonitorSpeechStart	<prosody rate="1.0">Parent</prosody>	524
2024-05-23 13:52:51	ActionGesture	BrowRaise
2024-05-23 13:52:52	MonitorSpeechStart	<prosody rate="1.0">SILENCE</prosody>	639
2024-05-23 13:52:52	ActionGesture	BrowRaise
2024-05-23 13:52:53	MonitorSpeechStart	<prosody rate="1.0">I mean</prosody>	609
2024-05-23 13:55:46	Autoreload is disabled because the development mode is off.
2024-05-23 13:55:47	Application started in 0.609 seconds.
2024-05-23 13:55:47	Responding at http://127.0.0.1:8888
2024-05-23 13:55:49	----------------- NEW EXECUTION-------------------
2024-05-23 13:55:49	FlowEvent	NEW_FLOW_STATE	Sleep	0.0		UNDEFINED	Sleep
2024-05-23 13:55:49	ActionGesture	CloseEyes
2024-05-23 13:55:49	ActionGesture	CloseEyes
2024-05-23 13:56:03	GUIEvent	GUI_RELOADED	GUI_RELOADED [ACCEPTED]	0.0	UNDEFINED	UNDEFINED	Sleep
2024-05-23 13:56:03	GUIEvent	SYNCH_REQUESTED	SYNCH REQUESTED .. [ACCEPTED]	0.0	UNDEFINED	UNDEFINED	Sleep
2024-05-23 13:56:04	GUIEvent	NEW_STAGE_REQUESTED	STAGE[0.2] [28] REQUESTED .. [ACCEPTED]	0.0	UNDEFINED	UNDEFINED	Sleep
2024-05-23 13:56:04	SessionEvent	USER_SET	USER TO ACTIVATE.	0.2	28	UNDEFINED	Sleep
2024-05-23 13:56:04	FlowEvent	NEW_FLOW_STATE	Welcome	0.2		CONDITION2	Welcome
2024-05-23 13:56:04	ActionGesture	OpenEyes
2024-05-23 13:56:04	ActionGesture	Smile
2024-05-23 13:56:06	MonitorSpeechStart	<prosody rate="1.0">Hello there</prosody>	543
2024-05-23 13:56:06	ActionGesture	BrowRaise
2024-05-23 13:56:08	MonitorSpeechStart	<prosody rate="1.0">Nice to meet you</prosody>	824
2024-05-23 13:56:08	ActionGesture	BrowRaise
2024-05-23 13:56:09	MonitorSpeechStart	<prosody rate="1.0">How you doing?</prosody>	741
2024-05-23 13:56:09	ActionGesture	BrowRaise
2024-05-23 13:56:12	GUIEvent	NEW_STAGE_REQUESTED	STAGE[1] [28] REQUESTED .. [ACCEPTED]	0.2	28	CONDITION2	Welcome
2024-05-23 13:56:12	SessionEvent	QUESTION_SET	NEW QUESTION TO ACTIVATE	1		CONDITION2	Welcome
2024-05-23 13:56:12	FlowEvent	NEW_FLOW_STATE	QuestionReflection	1		CONDITION2	QuestionReflection
2024-05-23 13:56:13	MonitorSpeechStart	<prosody rate="1.0">Ok</prosody>	618
2024-05-23 13:56:14	ActionGesture	BrowRaise
2024-05-23 13:56:15	MonitorSpeechStart	<prosody rate="1.0">I think I am getting the question 1</prosody>	1802
2024-05-23 13:56:15	ActionGesture	BrowRaise
2024-05-23 13:56:16	ActionGesture	BrowRaise
2024-05-23 13:56:18	MonitorSpeechStart	<prosody rate="1.0">Let's see</prosody>	658
2024-05-23 13:56:18	ActionGesture	BrowRaise
2024-05-23 13:56:27	MonitorSpeechStart	<prosody rate="1.0">Parent</prosody>	524
2024-05-23 13:56:27	ActionGesture	BrowRaise
2024-05-23 13:56:27	MonitorSpeechStart	<prosody rate="1.0">SILENCE</prosody>	639
2024-05-23 13:56:28	ActionGesture	BrowRaise
2024-05-23 13:56:28	MonitorSpeechStart	<prosody rate="1.0">Have you reached an answer?</prosody>	1122
2024-05-23 13:56:29	ActionGesture	BrowRaise
2024-05-23 13:56:31	ActionGesture	Smile
2024-05-23 13:56:32	SenseSpeech	not yet	1025
2024-05-23 13:56:33	MonitorSpeechStart	<prosody rate="1.0">Oh</prosody>	459
2024-05-23 13:56:34	MonitorSpeechStart	<prosody rate="1.0">sorry</prosody>	510
2024-05-23 13:56:34	ActionGesture	BrowRaise
2024-05-23 13:56:36	MonitorSpeechStart	<prosody rate="1.0">Absolutely</prosody>	668
2024-05-23 13:56:36	ActionGesture	BrowRaise
2024-05-23 13:56:46	MonitorSpeechStart	<prosody rate="1.0">Parent</prosody>	524
2024-05-23 13:56:46	ActionGesture	BrowRaise
2024-05-23 13:56:46	MonitorSpeechStart	<prosody rate="1.0">SILENCE</prosody>	639
2024-05-23 13:56:47	ActionGesture	BrowRaise
2024-05-23 13:56:47	MonitorSpeechStart	<prosody rate="1.0">Have you answered already?</prosody>	1137
2024-05-23 13:56:48	ActionGesture	BrowRaise
2024-05-23 13:56:48	ActionGesture	BrowRaise
2024-05-23 13:56:51	ActionGesture	Smile
2024-05-23 13:56:52	SenseSpeech	uh yes	1144
2024-05-23 13:56:52	MonitorSpeechStart	<prosody rate="1.0">ASSENT</prosody>	577
2024-05-23 13:56:52	ActionGesture	BrowRaise
2024-05-23 13:56:53	FlowEvent	NEW_FLOW_STATE	QuestionMarking	1		CONDITION2	QuestionMarking
2024-05-23 13:56:53	MonitorSpeechStart	<prosody rate="1.0">Good</prosody>	391
2024-05-23 13:56:54	MonitorSpeechStart	<prosody rate="1.0">We need to mark the answer on the screen</prosody>	1938
2024-05-23 13:56:55	ActionGesture	BrowRaise
2024-05-23 13:56:55	ActionGesture	BrowRaise
2024-05-23 13:56:57	MonitorSpeechStart	<prosody rate="1.0">Did you?</prosody>	440
2024-05-23 13:57:01	ActionGesture	Smile
2024-05-23 13:57:02	SenseSpeech	no	928
2024-05-23 13:57:02	MonitorSpeechStart	<prosody rate="1.0">DENIAL</prosody>	524
2024-05-23 13:57:02	ActionGesture	BrowRaise
2024-05-23 13:57:03	MonitorSpeechStart	<prosody rate="1.0">Nice</prosody>	438
2024-05-23 13:57:03	ActionGesture	BrowRaise
2024-05-23 13:57:04	MonitorSpeechStart	<prosody rate="1.0">We need to select our answer</prosody>	1363
2024-05-23 13:57:05	ActionGesture	BrowRaise
2024-05-23 13:57:06	MonitorSpeechStart	<prosody rate="1.0">I did</prosody>	568
2024-05-23 13:57:07	GUIEvent	ANSWER_MARKED	ANSWER[TRUE] [1] [28] SENT .. [ACCEPTED]	1	28	CONDITION2	QuestionMarking
2024-05-23 13:57:08	MonitorSpeechStart	<prosody rate="1.0">DId you?</prosody>	440
2024-05-23 13:57:10	ActionGesture	Smile
2024-05-23 13:57:11	SenseSpeech	yes I marked	1431
2024-05-23 13:57:11	MonitorSpeechStart	<prosody rate="1.0">ANSWER_MARKED</prosody>	1389
2024-05-23 13:57:12	ActionGesture	BrowRaise
2024-05-23 13:57:12	ActionGesture	BrowRaise
2024-05-23 13:57:13	FlowEvent	NEW_FLOW_STATE	QuestionDisclosure	1		CONDITION2	QuestionDisclosure
2024-05-23 13:57:19	MonitorSpeechStart	<prosody rate="0.85">I'm a little unsure</prosody>	1252
2024-05-23 13:57:19	ActionGesture	BrowRaise
2024-05-23 13:57:21	MonitorSpeechStart	<prosody rate="0.85">, but I think that's TRUE</prosody>	1671
2024-05-23 13:57:22	ActionGesture	BrowRaise
2024-05-23 13:57:24	MonitorSpeechStart	<prosody rate="0.85">What do you think?</prosody>	830
2024-05-23 13:57:24	ActionGesture	BrowRaise
2024-05-23 13:57:28	ActionGesture	Smile
2024-05-23 13:57:30	SenseSpeech	uh yeah I think so too	1893
2024-05-23 13:57:35	MonitorSpeechStart	<prosody rate="1.0">ELABORATION_REQUEST</prosody>	1798
2024-05-23 13:57:35	ActionGesture	BrowRaise
2024-05-23 13:57:36	ActionGesture	BrowRaise
2024-05-23 13:57:37	FlowEvent	NEW_FLOW_STATE	QuestionReview	1		CONDITION2	QuestionReview
2024-05-23 13:57:37	MonitorSpeechStart	<prosody rate="1.0">Review!</prosody>	524
2024-05-23 13:57:38	MonitorSpeechStart	<prosody rate="0.85">well I was thinking the voltage is well</prosody>	2227
2024-05-23 13:57:39	ActionGesture	BrowRaise
2024-05-23 13:57:40	ActionGesture	BrowRaise
2024-05-23 13:57:42	MonitorSpeechStart	<prosody rate="0.85">the same if it's the same battery and the resistance increases when a lamp is added right?</prosody>	4718
2024-05-23 13:57:43	ActionGesture	BrowRaise
2024-05-23 13:57:46	ActionGesture	BrowRaise
2024-05-23 13:57:47	ActionGesture	BrowRaise
2024-05-23 13:57:51	ActionGesture	Smile
2024-05-23 13:57:53	SenseSpeech	yeah could be that yeah	2335
2024-05-23 13:57:53	MonitorSpeechStart	<prosody rate="1.0">NON_COMMITTAL</prosody>	1104
2024-05-23 13:57:53	ActionGesture	BrowRaise
2024-05-23 13:57:54	ActionGesture	BrowRaise
2024-05-23 13:57:55	MonitorSpeechStart	<prosody rate="0.85">Ok, let me put it this way If the resistance increases and the voltage is constant, surely the lights must glow dimmer because the current decreases?</prosody>	9041
2024-05-23 13:57:56	ActionGesture	BrowRaise
2024-05-23 13:57:57	ActionGesture	BrowRaise
2024-05-23 13:58:00	ActionGesture	BrowRaise
2024-05-23 13:58:04	ActionGesture	BrowRaise
2024-05-23 13:58:08	ActionGesture	Smile
2024-05-23 13:58:09	SenseSpeech	yeah I agree	1226
2024-05-23 13:58:09	MonitorSpeechStart	<prosody rate="1.0">ASSENT</prosody>	577
2024-05-23 13:58:09	ActionGesture	BrowRaise
2024-05-23 13:58:10	FlowEvent	NEW_FLOW_STATE	QuestionUltimatum	1		CONDITION2	QuestionUltimatum
2024-05-23 13:58:10	MonitorSpeechStart	<prosody rate="1.0">Ultimatum!</prosody>	656
2024-05-23 13:58:10	ActionGesture	BrowRaise
2024-05-23 13:58:11	MonitorSpeechStart	<prosody rate="0.85">Great</prosody>	461
2024-05-23 13:58:11	ActionGesture	BrowRaise
2024-05-23 13:58:13	MonitorSpeechStart	<prosody rate="0.85">but Then do you think we should choose TRUE?</prosody>	2085
2024-05-23 13:58:13	ActionGesture	BrowRaise
2024-05-23 13:58:16	MonitorSpeechStart	<prosody rate="0.85">or FALSE?</prosody>	710
2024-05-23 13:58:16	ActionGesture	BrowRaise
2024-05-23 13:58:23	ActionGesture	Smile
2024-05-23 13:58:25	SenseSpeech	uh I think we should choose true	2579
2024-05-23 13:58:25	MonitorSpeechStart	<prosody rate="1.0">ANSWER_TRUE</prosody>	1279
2024-05-23 13:58:26	ActionGesture	BrowRaise
2024-05-23 13:58:26	ActionGesture	BrowRaise
2024-05-23 13:58:27	FlowEvent	NEW_FLOW_STATE	QuestionConfirmation	1		CONDITION2	QuestionConfirmation
2024-05-23 13:58:27	MonitorSpeechStart	<prosody rate="1.0">Ok. I marked TRUE already. Can you mark your answer on the tablet and confim?</prosody>	4615
2024-05-23 13:58:28	ActionGesture	BrowRaise
2024-05-23 13:58:31	ActionGesture	BrowRaise
2024-05-23 13:58:31	ActionGesture	BrowRaise
2024-05-23 13:58:32	ActionGesture	BrowRaise
2024-05-23 13:58:36	ActionGesture	Smile
2024-05-23 13:58:37	SenseSpeech	yes I can confirm	1725
2024-05-23 13:58:38	MonitorSpeechStart	<prosody rate="1.0">ASSENT</prosody>	577
2024-05-23 13:58:38	ActionGesture	BrowRaise
2024-05-23 13:58:39	MonitorSpeechStart	<prosody rate="1.0">Perfect</prosody>	513
2024-05-23 13:58:39	ActionGesture	BrowRaise
2024-05-23 13:58:40	MonitorSpeechStart	<prosody rate="1.0">Ok, but I am not receiving any new question. Did you press the button below?</prosody>	4553
2024-05-23 13:58:41	ActionGesture	BrowRaise
2024-05-23 13:58:42	ActionGesture	BrowRaise
2024-05-23 13:58:44	ActionGesture	BrowRaise
2024-05-23 13:58:46	GUIEvent	NEW_STAGE_REQUESTED	STAGE[2] [28] REQUESTED .. [ACCEPTED]	1	28	CONDITION2	QuestionConfirmation
2024-05-23 13:58:46	SessionEvent	ANSWER_CONFIRMED	QUESTION CONFIRMED IN GUI.	2		CONDITION2	QuestionConfirmation
2024-05-23 13:58:46	SessionEvent	QUESTION_SET	NEW QUESTION TO ACTIVATE	2		CONDITION2	QuestionConfirmation
2024-05-23 13:58:46	FlowEvent	NEW_FLOW_STATE	QuestionReflection	2		CONDITION2	QuestionReflection
2024-05-23 13:58:47	MonitorSpeechStart	<prosody rate="1.0">Right</prosody>	393
2024-05-23 13:58:47	ActionGesture	BrowRaise
2024-05-23 13:58:48	MonitorSpeechStart	<prosody rate="1.0">receiving the question 2</prosody>	1382
2024-05-23 13:58:49	ActionGesture	BrowRaise
2024-05-23 13:58:51	MonitorSpeechStart	<prosody rate="1.0">Ok</prosody>	618
2024-05-23 13:58:51	ActionGesture	BrowRaise
2024-05-23 13:59:00	MonitorSpeechStart	<prosody rate="1.0">Parent</prosody>	524
2024-05-23 13:59:00	ActionGesture	BrowRaise
2024-05-23 13:59:00	MonitorSpeechStart	<prosody rate="1.0">SILENCE</prosody>	639
2024-05-23 13:59:01	ActionGesture	BrowRaise
2024-05-23 13:59:01	MonitorSpeechStart	<prosody rate="1.0">Let me know when you have it</prosody>	1138
2024-05-23 13:59:02	ActionGesture	BrowRaise
2024-05-23 13:59:05	GUIEvent	ANSWER_MARKED	ANSWER[FALSE] [2] [28] SENT .. [ACCEPTED]	2	28	CONDITION2	QuestionReflection
2024-05-23 13:59:06	ActionGesture	Smile
2024-05-23 13:59:08	SenseSpeech	okay I have it	1553
2024-05-23 13:59:08	MonitorSpeechStart	<prosody rate="1.0">ASSENT</prosody>	577
2024-05-23 13:59:08	ActionGesture	BrowRaise
2024-05-23 13:59:08	FlowEvent	NEW_FLOW_STATE	QuestionMarking	2		CONDITION2	QuestionMarking
2024-05-23 13:59:09	MonitorSpeechStart	<prosody rate="1.0">Super</prosody>	526
2024-05-23 13:59:09	ActionGesture	BrowRaise
2024-05-23 13:59:10	MonitorSpeechStart	<prosody rate="1.0">I have registered my answer</prosody>	1321
2024-05-23 13:59:12	ActionGesture	BrowRaise
2024-05-23 13:59:13	MonitorSpeechStart	<prosody rate="1.0">,did you?</prosody>	640
2024-05-23 13:59:15	MonitorSpeechStart	<prosody rate="1.0">Do it too if you haven't.</prosody>	1161
2024-05-23 13:59:15	ActionGesture	BrowRaise
2024-05-23 13:59:19	ActionGesture	Smile
2024-05-23 13:59:20	SenseSpeech	yes I have it	1161
2024-05-23 13:59:20	MonitorSpeechStart	<prosody rate="1.0">ASSENT</prosody>	577
2024-05-23 13:59:21	ActionGesture	BrowRaise
2024-05-23 13:59:21	FlowEvent	NEW_FLOW_STATE	QuestionDisclosure	2		CONDITION2	QuestionDisclosure
2024-05-23 13:59:22	MonitorSpeechStart	<prosody rate="0.85">That's fine!</prosody>	901
2024-05-23 13:59:22	ActionGesture	BrowRaise
2024-05-23 13:59:24	MonitorSpeechStart	<prosody rate="0.85">I'm not sure</prosody>	933
2024-05-23 13:59:24	ActionGesture	BrowRaise
2024-05-23 13:59:26	MonitorSpeechStart	<prosody rate="0.85">, but I would say it's FALSE</prosody>	1802
2024-05-23 13:59:27	ActionGesture	BrowRaise
2024-05-23 13:59:29	MonitorSpeechStart	<prosody rate="0.85">What did you answer?</prosody>	1008
2024-05-23 13:59:30	ActionGesture	BrowRaise
2024-05-23 13:59:32	ActionGesture	Smile
2024-05-23 13:59:34	SenseSpeech	I think it's false	1463
2024-05-23 13:59:42	MonitorSpeechStart	<prosody rate="1.0">ASSENT</prosody>	577
2024-05-23 13:59:42	ActionGesture	BrowRaise
2024-05-23 13:59:43	FlowEvent	NEW_FLOW_STATE	QuestionReview	2		CONDITION2	QuestionReview
2024-05-23 13:59:43	MonitorSpeechStart	<prosody rate="1.0">Review!</prosody>	524
2024-05-23 13:59:44	MonitorSpeechStart	<prosody rate="0.85">Good. You see it too?</prosody>	1709
2024-05-23 13:59:47	MonitorSpeechStart	<prosody rate="0.85">I think it looks like C1 and C2 might be the same circuit even though they look different. And then the white, yellow and red lights are</prosody>	8258
2024-05-23 13:59:50	ActionGesture	BrowRaise
2024-05-23 13:59:53	ActionGesture	BrowRaise
2024-05-23 13:59:55	ActionGesture	BrowRaise
2024-05-23 13:59:55	ActionGesture	BrowRaise
2024-05-23 13:59:57	MonitorSpeechStart	<prosody rate="0.85">parallel</prosody>	817
2024-05-23 13:59:57	ActionGesture	BrowRaise
2024-05-23 13:59:59	MonitorSpeechStart	<prosody rate="0.85">connected in both?</prosody>	1211
