2024-05-21 11:28:07	Autoreload is disabled because the development mode is off.
2024-05-21 11:28:07	Application started in 0.576 seconds.
2024-05-21 11:28:07	Responding at http://127.0.0.1:8888
2024-05-21 11:28:09	----------------- NEW EXECUTION-------------------
2024-05-21 11:28:09	FlowEvent	NEW_FLOW_STATE	Sleep	0.0		UNDEFINED	Sleep
2024-05-21 11:28:09	ActionGesture	CloseEyes
2024-05-21 11:28:25	GUIEvent	GUI_RELOADED	GUI_RELOADED [ACCEPTED]	0.0	UNDEFINED	UNDEFINED	Sleep
2024-05-21 11:28:25	GUIEvent	SYNCH_REQUESTED	SYNCH REQUESTED .. [ACCEPTED]	0.0	UNDEFINED	UNDEFINED	Sleep
2024-05-21 11:29:10	MonitorSpeechStart	<prosody rate="1.0">No start signal received, terminating the program.</prosody>	2929
2024-05-21 11:29:12	ActionGesture	BrowRaise
2024-05-21 11:31:17	Autoreload is disabled because the development mode is off.
2024-05-21 11:31:17	Application started in 0.607 seconds.
2024-05-21 11:31:18	Responding at http://127.0.0.1:8888
2024-05-21 11:31:19	----------------- NEW EXECUTION-------------------
2024-05-21 11:31:19	FlowEvent	NEW_FLOW_STATE	Sleep	0.0		UNDEFINED	Sleep
2024-05-21 11:31:20	ActionGesture	CloseEyes
2024-05-21 11:32:01	GUIEvent	NEW_STAGE_REQUESTED	STAGE[0.2] [28] REQUESTED .. [REJECTED]	0.0	UNDEFINED	UNDEFINED	Sleep
2024-05-21 11:32:05	GUIEvent	GUI_RELOADED	GUI_RELOADED [ACCEPTED]	0.0	UNDEFINED	UNDEFINED	Sleep
2024-05-21 11:32:05	GUIEvent	SYNCH_REQUESTED	SYNCH REQUESTED .. [ACCEPTED]	0.0	UNDEFINED	UNDEFINED	Sleep
2024-05-21 11:32:06	GUIEvent	NEW_STAGE_REQUESTED	STAGE[0.2] [28] REQUESTED .. [ACCEPTED]	0.0	UNDEFINED	UNDEFINED	Sleep
2024-05-21 11:32:06	SessionEvent	USER_SET	USER TO ACTIVATE.	0.2	28	UNDEFINED	Sleep
2024-05-21 11:32:06	FlowEvent	NEW_FLOW_STATE	Welcome	0.2		CONDITION2	Welcome
2024-05-21 11:32:06	ActionGesture	OpenEyes
2024-05-21 11:32:06	ActionGesture	Smile
2024-05-21 11:32:07	MonitorSpeechStart	<prosody rate="1.0">Hello there</prosody>	543
2024-05-21 11:32:07	ActionGesture	BrowRaise
2024-05-21 11:32:09	MonitorSpeechStart	<prosody rate="1.0">Nice to meet you</prosody>	824
2024-05-21 11:32:09	ActionGesture	BrowRaise
2024-05-21 11:32:11	MonitorSpeechStart	<prosody rate="1.0">How you doing?</prosody>	741
2024-05-21 11:32:11	ActionGesture	BrowRaise
2024-05-21 11:32:14	ActionGesture	Smile
2024-05-21 11:32:15	SenseSpeech	no	1519
2024-05-21 11:32:16	MonitorSpeechStart	<prosody rate="1.0">Right, as far as I know,we will get some Electronics questions to resolve together Somebody told you?</prosody>	5541
2024-05-21 11:32:16	ActionGesture	BrowRaise
2024-05-21 11:32:16	ActionGesture	BrowRaise
2024-05-21 11:32:17	ActionGesture	BrowRaise
2024-05-21 11:32:20	ActionGesture	BrowRaise
2024-05-21 11:32:23	ActionGesture	Smile
2024-05-21 11:32:24	SenseSpeech	this kind of thing is	1478
2024-05-21 11:32:25	MonitorSpeechStart	<prosody rate="1.0">OFF_TOPIC</prosody>	1219
2024-05-21 11:32:25	ActionGesture	BrowRaise
2024-05-21 11:32:26	MonitorSpeechStart	<prosody rate="1.0">Basically a question will come up on the tablet, I receive it, we think, we answer separately and then we discuss</prosody>	5938
2024-05-21 11:32:26	ActionGesture	BrowRaise
2024-05-21 11:32:28	ActionGesture	BrowRaise
2024-05-21 11:32:32	ActionGesture	BrowRaise
2024-05-21 11:32:33	MonitorSpeechStart	<prosody rate="1.0">Do you want me to explain or are you ready?</prosody>	1666
2024-05-21 11:32:34	ActionGesture	BrowRaise
2024-05-21 11:32:35	ActionGesture	BrowRaise
2024-05-21 11:32:37	ActionGesture	Smile
2024-05-21 11:32:39	SenseSpeech	now explain explain it a bit more	2134
2024-05-21 11:32:40	MonitorSpeechStart	<prosody rate="1.0">OFF_TOPIC</prosody>	1219
2024-05-21 11:32:40	ActionGesture	BrowRaise
2024-05-21 11:32:41	MonitorSpeechStart	<prosody rate="1.0">The questions will appear one by one on the tablet</prosody>	2314
2024-05-21 11:32:43	ActionGesture	BrowRaise
2024-05-21 11:32:43	ActionGesture	BrowRaise
2024-05-21 11:32:43	ActionGesture	BrowRaise
2024-05-21 11:32:44	MonitorSpeechStart	<prosody rate="1.0">For each one, we will have time to think</prosody>	2119
2024-05-21 11:32:46	ActionGesture	BrowRaise
2024-05-21 11:32:49	MonitorSpeechStart	<prosody rate="1.0">Then you mark your answer and I will mark mine</prosody>	2073
2024-05-21 11:32:50	ActionGesture	BrowRaise
2024-05-21 11:32:52	MonitorSpeechStart	<prosody rate="1.0">You ready?</prosody>	531
2024-05-21 11:33:31	ActionGesture	BrowRaise
2024-05-21 11:33:31	ActionGesture	Smile
2024-05-21 11:33:33	SenseSpeech	what it is right now	1440
2024-05-21 11:33:33	MonitorSpeechStart	<prosody rate="1.0">OFF_TOPIC</prosody>	1219
2024-05-21 11:33:34	ActionGesture	BrowRaise
2024-05-21 11:33:35	MonitorSpeechStart	<prosody rate="1.0">I never seen this before, but I'm sure it'll be easier once we start</prosody>	3584
2024-05-21 11:33:36	ActionGesture	BrowRaise
2024-05-21 11:33:38	ActionGesture	BrowRaise
2024-05-21 11:33:39	MonitorSpeechStart	<prosody rate="1.0">Shall we?</prosody>	473
2024-05-21 11:33:39	ActionGesture	BrowRaise
2024-05-21 11:33:42	ActionGesture	Smile
2024-05-21 11:33:44	SenseSpeech	okay let's start	1566
2024-05-21 11:33:44	MonitorSpeechStart	<prosody rate="1.0">ME_READY</prosody>	1073
2024-05-21 11:33:45	ActionGesture	BrowRaise
2024-05-21 11:34:09	MonitorSpeechStart	<prosody rate="1.0">Perfect Ok, when you press the button I will receive the first question, and show on the screen Whenever you want</prosody>	5748
2024-05-21 11:34:10	ActionGesture	BrowRaise
2024-05-21 11:34:12	ActionGesture	BrowRaise
2024-05-21 11:34:14	ActionGesture	BrowRaise
2024-05-21 11:34:15	ActionGesture	BrowRaise
2024-05-21 11:34:53	SenseSpeech	right for for example this this perfect	2524
2024-05-21 11:34:53	ActionGesture	Smile
2024-05-21 11:34:53	MonitorSpeechStart	<prosody rate="1.0">SILENCE</prosody>	639
2024-05-21 11:34:53	ActionGesture	BrowRaise
2024-05-21 11:35:01	MonitorSpeechStart	<prosody rate="1.0">Nice I am ready, go ahead and press the button</prosody>	2447
2024-05-21 11:35:01	ActionGesture	BrowRaise
2024-05-21 11:35:02	ActionGesture	BrowRaise
2024-05-21 11:35:03	ActionGesture	BrowRaise
2024-05-21 11:35:05	ActionGesture	Smile
2024-05-21 11:35:06	GUIEvent	NEW_STAGE_REQUESTED	STAGE[6] [28] REQUESTED .. [ACCEPTED]	0.2	28	CONDITION2	Welcome
2024-05-21 11:35:06	SessionEvent	QUESTION_SET	NEW QUESTION TO ACTIVATE	6		CONDITION2	Welcome
2024-05-21 11:35:06	FlowEvent	NEW_FLOW_STATE	QuestionReflection	6		CONDITION2	QuestionReflection
2024-05-21 11:35:06	SenseSpeech	okay	342
2024-05-21 11:35:06	MonitorSpeechStart	<prosody rate="1.15">Ok</prosody>	530
2024-05-21 11:35:06	ActionGesture	BrowRaise
2024-05-21 11:35:07	MonitorSpeechStart	<prosody rate="1.15">I think I am getting the answer 6</prosody>	1462
2024-05-21 11:35:08	ActionGesture	BrowRaise
2024-05-21 11:35:08	ActionGesture	BrowRaise
2024-05-21 11:35:10	MonitorSpeechStart	<prosody rate="1.15">Let's see</prosody>	559
2024-05-21 11:35:10	ActionGesture	BrowRaise
2024-05-21 11:35:19	MonitorSpeechStart	<prosody rate="1.15">Ok let me know when you're think you have it</prosody>	1654
2024-05-21 11:35:20	ActionGesture	BrowRaise
2024-05-21 11:35:22	ActionGesture	Smile
2024-05-21 11:35:25	SenseSpeech	this needs to be fixed a lot	2136
2024-05-21 11:35:25	MonitorSpeechStart	<prosody rate="1.0">OFF_TOPIC</prosody>	1219
2024-05-21 11:35:26	ActionGesture	BrowRaise
2024-05-21 11:35:26	MonitorSpeechStart	<prosody rate="1.15">We need to register our preliminary response</prosody>	1848
2024-05-21 11:35:28	ActionGesture	BrowRaise
2024-05-21 11:35:30	ActionGesture	Smile
2024-05-21 11:35:32	SenseSpeech	yes I think I think I have it	2171
2024-05-21 11:35:32	MonitorSpeechStart	<prosody rate="1.0">ASSENT</prosody>	577
2024-05-21 11:35:32	ActionGesture	BrowRaise
2024-05-21 11:35:37	MonitorSpeechStart	<prosody rate="1.15">Oh ok hold on</prosody>	1039
2024-05-21 11:35:38	ActionGesture	BrowRaise
2024-05-21 11:35:39	MonitorSpeechStart	<prosody rate="1.15">We need to select whether we believe it to be true or false DId you?</prosody>	2610
2024-05-21 11:35:41	ActionGesture	BrowRaise
2024-05-21 11:35:41	ActionGesture	BrowRaise
2024-05-21 11:35:45	GUIEvent	ANSWER_MARKED	ANSWER[FALSE] [6] [28] SENT .. [ACCEPTED]	6	28	CONDITION2	QuestionReflection
2024-05-21 11:35:46	ActionGesture	Smile
2024-05-21 11:35:47	SenseSpeech	uh yes	1115
2024-05-21 11:35:47	MonitorSpeechStart	<prosody rate="1.0">ASSENT</prosody>	577
2024-05-21 11:35:47	ActionGesture	BrowRaise
2024-05-21 11:35:48	FlowEvent	NEW_FLOW_STATE	QuestionDisclosure	6		CONDITION2	QuestionDisclosure
2024-05-21 11:35:48	MonitorSpeechStart	<prosody rate="1.15">DISCLOSURE 1 CERTAIN FOR Q 6</prosody>	1667
2024-05-21 11:35:49	ActionGesture	BrowRaise
2024-05-21 11:37:54	SenseSpeech	okay he said disclosure	3536
2024-05-21 11:37:54	ActionGesture	Smile
2024-05-21 11:37:54	FlowEvent	NEW_FLOW_STATE	QuestionCheckpoint	6		CONDITION2	QuestionCheckpoint
2024-05-21 11:37:54	MonitorSpeechStart	<prosody rate="1.0">Checkpoint!</prosody>	648
2024-05-21 11:37:54	ActionGesture	BrowRaise
2024-05-21 11:37:57	MonitorSpeechStart	<prosody rate="1.15">we agree with FALSE as we discussed?</prosody>	1513
2024-05-21 11:37:58	ActionGesture	BrowRaise
2024-05-21 11:38:00	ActionGesture	Smile
2024-05-21 11:38:03	SenseSpeech	now I'm speaking faster uh but um	3421
2024-05-21 11:38:04	MonitorSpeechStart	<prosody rate="1.0">OFF_TOPIC</prosody>	1219
2024-05-21 11:38:04	ActionGesture	BrowRaise
2024-05-21 11:38:05	MonitorSpeechStart	<prosody rate="1.0">Uhm</prosody>	389
2024-05-21 11:38:12	ActionGesture	Smile
2024-05-21 11:38:15	SenseSpeech	it's working	3788
2024-05-21 11:38:16	MonitorSpeechStart	<prosody rate="1.0">BACKCHANNEL</prosody>	666
2024-05-21 11:38:16	ActionGesture	BrowRaise
2024-05-21 11:38:17	MonitorSpeechStart	<prosody rate="1.15">shall we go with FALSE as we suggest?</prosody>	1739
2024-05-21 11:38:19	ActionGesture	BrowRaise
2024-05-21 11:38:24	ActionGesture	Smile
2024-05-21 11:38:24	SenseSpeech	um	1041
2024-05-21 11:38:24	MonitorSpeechStart	<prosody rate="1.0">BACKCHANNEL</prosody>	666
2024-05-21 11:38:25	ActionGesture	BrowRaise
2024-05-21 11:38:25	MonitorSpeechStart	<prosody rate="1.15">we agree with FALSE as we discussed?</prosody>	1513
2024-05-21 11:38:26	ActionGesture	BrowRaise
2024-05-21 11:38:31	ActionGesture	Smile
2024-05-21 11:38:33	SenseSpeech	um I think	2150
2024-05-21 11:38:33	MonitorSpeechStart	<prosody rate="1.0">OFF_TOPIC</prosody>	1219
2024-05-21 11:38:34	ActionGesture	BrowRaise
2024-05-21 11:38:35	MonitorSpeechStart	<prosody rate="1.0">Uhm</prosody>	389
2024-05-21 11:38:37	ActionGesture	Smile
2024-05-21 11:38:38	SenseSpeech	okay yes	1109
2024-05-21 11:38:38	MonitorSpeechStart	<prosody rate="1.0">ASSENT</prosody>	577
2024-05-21 11:38:38	ActionGesture	BrowRaise
2024-05-21 11:38:39	FlowEvent	NEW_FLOW_STATE	QuestionReview	6		CONDITION2	QuestionReview
2024-05-21 11:38:39	MonitorSpeechStart	<prosody rate="1.0">Review!</prosody>	524
2024-05-21 11:38:48	MonitorSpeechStart	<prosody rate="1.15">Good You see it too?</prosody>	812
2024-05-21 11:38:50	MonitorSpeechStart	<prosody rate="1.15">FRIENDLY CLAIM 1 (Part1) CERTAIN FOR Q6</prosody>	3053
2024-05-21 11:38:50	ActionGesture	BrowRaise
2024-05-21 11:38:52	ActionGesture	BrowRaise
2024-05-21 11:43:24	SenseSpeech	what did you say oh I see what you say I think I know what you're saying	4161
2024-05-21 11:43:24	ActionGesture	Smile
2024-05-21 11:43:24	MonitorSpeechStart	<prosody rate="1.0">SILENCE</prosody>	639
2024-05-21 11:43:24	ActionGesture	BrowRaise
2024-05-21 11:43:26	MonitorSpeechStart	<prosody rate="1.15">FRIENDLY CLAIM 1 (Part2) CERTAIN FOR Q6</prosody>	2944
2024-05-21 11:43:27	ActionGesture	BrowRaise
2024-05-21 11:43:29	ActionGesture	BrowRaise
2024-05-21 11:43:34	ActionGesture	Smile
2024-05-21 11:43:38	SenseSpeech	um yeah well that's what you think yes okay	3564
2024-05-21 11:43:38	MonitorSpeechStart	<prosody rate="1.0">ASSENT</prosody>	577
2024-05-21 11:43:38	ActionGesture	BrowRaise
2024-05-21 11:43:38	FlowEvent	NEW_FLOW_STATE	QuestionConfirmation	6		CONDITION2	QuestionConfirmation
2024-05-21 11:43:39	MonitorSpeechStart	<prosody rate="1.15">Ok I marked FALSE already Can you mark your answer on the tablet and confim?</prosody>	3047
2024-05-21 11:43:39	ActionGesture	BrowRaise
2024-05-21 11:43:39	ActionGesture	BrowRaise
2024-05-21 11:43:41	ActionGesture	BrowRaise
2024-05-21 11:43:42	ActionGesture	BrowRaise
2024-05-21 11:43:46	ActionGesture	Smile
2024-05-21 11:43:48	SenseSpeech	um	1100
2024-05-21 11:43:48	MonitorSpeechStart	<prosody rate="1.0">BACKCHANNEL</prosody>	666
2024-05-21 11:43:48	ActionGesture	BrowRaise
2024-05-21 11:43:49	MonitorSpeechStart	<prosody rate="1.15">I haven't received the next question Can you confirm the answer?</prosody>	2332
2024-05-21 11:43:51	ActionGesture	BrowRaise
2024-05-21 11:43:51	ActionGesture	BrowRaise
2024-05-21 11:43:55	GUIEvent	NEW_STAGE_REQUESTED	STAGE[7] [28] REQUESTED .. [ACCEPTED]	6	28	CONDITION2	QuestionConfirmation
2024-05-21 11:43:55	SessionEvent	ANSWER_CONFIRMED	QUESTION CONFIRMED IN GUI.	7		CONDITION2	QuestionConfirmation
2024-05-21 11:43:55	SessionEvent	QUESTION_SET	NEW QUESTION TO ACTIVATE	7		CONDITION2	QuestionConfirmation
2024-05-21 11:43:55	FlowEvent	NEW_FLOW_STATE	QuestionReflection	7		CONDITION2	QuestionReflection
2024-05-21 11:43:55	MonitorSpeechStart	<prosody rate="1.0">Whenever you want</prosody>	757
2024-05-21 11:43:55	ActionGesture	BrowRaise
2024-05-21 11:44:04	MonitorSpeechStart	<prosody rate="1.0">Ok I have it Do you?</prosody>	1133
2024-05-21 11:44:04	ActionGesture	BrowRaise
2024-05-21 11:44:07	ActionGesture	Smile
2024-05-21 11:44:07	GUIEvent	ANSWER_MARKED	ANSWER[TRUE] [7] [28] SENT .. [ACCEPTED]	7	28	CONDITION2	QuestionReflection
2024-05-21 11:44:08	SenseSpeech	yes I have it	1294
2024-05-21 11:44:08	MonitorSpeechStart	<prosody rate="1.0">ASSENT</prosody>	577
2024-05-21 11:44:08	ActionGesture	BrowRaise
2024-05-21 11:44:09	MonitorSpeechStart	<prosody rate="1.0">TO DO! Wow...give me a second...</prosody>	2487
2024-05-21 11:44:11	ActionGesture	BrowRaise
2024-05-21 11:44:12	FlowEvent	NEW_FLOW_STATE	QuestionDisclosure	7		CONDITION2	QuestionDisclosure
2024-05-21 11:44:12	MonitorSpeechStart	<prosody rate="1.0">DISCLOSURE 1 NEUTRAL FOR Q 7</prosody>	2062
2024-05-21 11:44:14	ActionGesture	BrowRaise
2024-05-21 11:44:21	ActionGesture	Smile
2024-05-21 11:44:23	SenseSpeech	um okay	1680
2024-05-21 11:44:36	MonitorSpeechStart	<prosody rate="1.0">ASSENT</prosody>	577
2024-05-21 11:44:36	ActionGesture	BrowRaise
2024-05-21 11:44:37	FlowEvent	NEW_FLOW_STATE	QuestionCheckpoint	7		CONDITION2	QuestionCheckpoint
2024-05-21 11:44:37	MonitorSpeechStart	<prosody rate="1.0">Checkpoint!</prosody>	648
2024-05-21 11:44:37	ActionGesture	BrowRaise
2024-05-21 11:44:38	MonitorSpeechStart	<prosody rate="1.0">you agree with FALSE as I suggest?</prosody>	1835
2024-05-21 11:44:40	ActionGesture	BrowRaise
2024-05-21 11:44:43	ActionGesture	Smile
2024-05-21 11:44:45	SenseSpeech	no I disagree	1310
2024-05-21 11:44:45	MonitorSpeechStart	<prosody rate="1.0">DENIAL</prosody>	524
2024-05-21 11:44:45	ActionGesture	BrowRaise
2024-05-21 11:44:45	FlowEvent	NEW_FLOW_STATE	QuestionPersuasion	7		CONDITION2	QuestionPersuasion
2024-05-21 11:44:46	MonitorSpeechStart	<prosody rate="1.0">Persuasion!</prosody>	777
2024-05-21 11:44:46	ActionGesture	BrowRaise
2024-05-21 11:44:51	MonitorSpeechStart	<prosody rate="1.0">Well CLAIM 1 NEUTRAL 1 FOR Q 7</prosody>	2239
2024-05-21 11:44:52	ActionGesture	BrowRaise
2024-05-21 11:44:53	ActionGesture	BrowRaise
2024-05-21 11:44:59	ActionGesture	Smile
2024-05-21 11:45:04	SenseSpeech	you said that but I I think as uh as a problem with the battery	5292
2024-05-21 11:45:04	MonitorSpeechStart	<prosody rate="1.0">OFF_TOPIC</prosody>	1219
2024-05-21 11:45:05	ActionGesture	BrowRaise
2024-05-21 11:45:06	MonitorSpeechStart	<prosody rate="1.0">Uhm</prosody>	389
2024-05-21 11:45:14	MonitorSpeechStart	<prosody rate="1.0">SILENCE</prosody>	639
2024-05-21 11:45:15	ActionGesture	BrowRaise
2024-05-21 11:45:16	MonitorSpeechStart	<prosody rate="1.0">CLAIM 2 NEUTRAL 1 FOR Q 7</prosody>	2116
2024-05-21 11:45:16	ActionGesture	BrowRaise
2024-05-21 11:45:18	ActionGesture	BrowRaise
2024-05-21 11:45:22	ActionGesture	Smile
2024-05-21 11:45:27	SenseSpeech	um right I think uh the blue bulb is	4671
2024-05-21 11:45:27	MonitorSpeechStart	<prosody rate="1.0">OFF_TOPIC</prosody>	1219
2024-05-21 11:45:28	ActionGesture	BrowRaise
2024-05-21 11:45:28	MonitorSpeechStart	<prosody rate="1.0">Uhm</prosody>	389
2024-05-21 11:45:34	ActionGesture	Smile
2024-05-21 11:45:39	SenseSpeech	uh well let me say that the Bold uh is not in parallel	5680
2024-05-21 11:45:40	MonitorSpeechStart	<prosody rate="1.0">DENIAL</prosody>	524
2024-05-21 11:45:40	ActionGesture	BrowRaise
2024-05-21 11:45:41	MonitorSpeechStart	<prosody rate="1.0">Where you want to go from there?</prosody>	1240
2024-05-21 11:45:42	ActionGesture	BrowRaise
2024-05-21 11:45:44	ActionGesture	Smile
2024-05-21 11:45:44	SenseSpeech	denial	793
2024-05-21 11:45:45	MonitorSpeechStart	<prosody rate="1.0">BACKCHANNEL</prosody>	666
2024-05-21 11:45:45	ActionGesture	BrowRaise
2024-05-21 11:45:51	MonitorSpeechStart	<prosody rate="1.0">Ok, let me put it this way CLAIM 3 NEUTRAL 1 FOR Q 7</prosody>	3807
2024-05-21 11:45:51	ActionGesture	BrowRaise
2024-05-21 11:45:54	ActionGesture	BrowRaise
2024-05-21 11:45:58	ActionGesture	Smile
2024-05-21 11:45:59	SenseSpeech	I disagree	1327
2024-05-21 11:46:00	MonitorSpeechStart	<prosody rate="1.0">DENIAL</prosody>	524
2024-05-21 11:46:00	ActionGesture	BrowRaise
2024-05-21 11:46:05	MonitorSpeechStart	<prosody rate="1.0">ok, let me put it this way CLAIM 4 NEUTRAL 1 FOR Q 7</prosody>	3755
2024-05-21 11:46:06	ActionGesture	BrowRaise
2024-05-21 11:46:09	ActionGesture	BrowRaise
2024-05-21 11:46:13	ActionGesture	Smile
2024-05-21 11:46:19	SenseSpeech	well I think we are in disagreement because I think the the bulb uh should be in	5596
2024-05-21 11:46:19	MonitorSpeechStart	<prosody rate="1.0">OFF_TOPIC</prosody>	1219
2024-05-21 11:46:20	ActionGesture	BrowRaise
2024-05-21 11:46:20	MonitorSpeechStart	<prosody rate="1.0">Uhm</prosody>	389
2024-05-21 11:46:27	ActionGesture	Smile
2024-05-21 11:46:31	SenseSpeech	I need to change that for example um yes um	4234
2024-05-21 11:46:31	MonitorSpeechStart	<prosody rate="1.0">ASSENT</prosody>	577
2024-05-21 11:46:31	ActionGesture	BrowRaise
2024-05-21 11:46:32	FlowEvent	NEW_FLOW_STATE	QuestionCheckpoint	7		CONDITION2	QuestionCheckpoint
2024-05-21 11:46:32	MonitorSpeechStart	<prosody rate="1.0">Checkpoint!</prosody>	648
2024-05-21 11:46:32	ActionGesture	BrowRaise
2024-05-21 11:46:33	MonitorSpeechStart	<prosody rate="1.0">shall we go with FALSE as I suggest?</prosody>	1988
2024-05-21 11:46:35	ActionGesture	BrowRaise
2024-05-21 11:46:38	ActionGesture	Smile
2024-05-21 11:46:41	SenseSpeech	uh no I think we should go with true	2992
2024-05-21 11:46:42	MonitorSpeechStart	<prosody rate="1.0">DENIAL</prosody>	524
2024-05-21 11:46:42	ActionGesture	BrowRaise
2024-05-21 11:46:42	FlowEvent	NEW_FLOW_STATE	QuestionPersuasion	7		CONDITION2	QuestionPersuasion
2024-05-21 11:46:42	MonitorSpeechStart	<prosody rate="1.0">Persuasion!</prosody>	777
2024-05-21 11:46:43	ActionGesture	BrowRaise
2024-05-21 11:46:43	FlowEvent	NEW_FLOW_STATE	QuestionUltimatum	7		CONDITION2	QuestionUltimatum
2024-05-21 11:46:43	MonitorSpeechStart	<prosody rate="1.0">Ultimatum!</prosody>	656
2024-05-21 11:46:44	ActionGesture	BrowRaise
2024-05-21 11:46:45	MonitorSpeechStart	<prosody rate="1.0">Should we mark TRUE as you say?</prosody>	1471
2024-05-21 11:46:46	ActionGesture	BrowRaise
2024-05-21 11:46:50	ActionGesture	Smile
2024-05-21 11:46:51	SenseSpeech	yes	1274
2024-05-21 11:46:51	MonitorSpeechStart	<prosody rate="1.0">ASSENT</prosody>	577
2024-05-21 11:46:51	ActionGesture	BrowRaise
2024-05-21 11:46:53	MonitorSpeechStart	<prosody rate="1.0">Should we mark FALSE as I say?</prosody>	1646
2024-05-21 11:46:54	ActionGesture	BrowRaise
2024-05-21 11:46:57	ActionGesture	Smile
2024-05-21 11:47:03	SenseSpeech	this is a this is a bug okay uh I I just realized uh no	6147
2024-05-21 11:47:04	MonitorSpeechStart	<prosody rate="1.0">ASSENT</prosody>	577
2024-05-21 11:47:04	ActionGesture	BrowRaise
2024-05-21 11:47:05	MonitorSpeechStart	<prosody rate="1.0">True or False? We need to mark one</prosody>	2330
2024-05-21 11:47:07	ActionGesture	BrowRaise
2024-05-21 11:47:08	ActionGesture	Smile
2024-05-21 11:47:13	SenseSpeech	we should make true	4511
2024-05-21 11:47:13	MonitorSpeechStart	<prosody rate="1.0">ANSWER_TRUE</prosody>	1279
2024-05-21 11:47:13	ActionGesture	BrowRaise
2024-05-21 11:47:14	ActionGesture	BrowRaise
2024-05-21 11:47:15	FlowEvent	NEW_FLOW_STATE	QuestionConfirmation	7		CONDITION2	QuestionConfirmation
2024-05-21 11:47:15	MonitorSpeechStart	<prosody rate="1.0">Ok I marked TRUE already Can you mark your answer on the tablet and confim?</prosody>	3404
2024-05-21 11:47:16	ActionGesture	BrowRaise
2024-05-21 11:47:16	ActionGesture	BrowRaise
2024-05-21 11:47:18	ActionGesture	BrowRaise
2024-05-21 11:47:18	ActionGesture	BrowRaise
2024-05-21 11:47:21	ActionGesture	Smile
2024-05-21 11:47:28	GUIEvent	NEW_STAGE_REQUESTED	STAGE[8] [28] REQUESTED .. [ACCEPTED]	7	28	CONDITION2	QuestionConfirmation
2024-05-21 11:47:28	SessionEvent	ANSWER_CONFIRMED	QUESTION CONFIRMED IN GUI.	8		CONDITION2	QuestionConfirmation
2024-05-21 11:47:28	SessionEvent	QUESTION_SET	NEW QUESTION TO ACTIVATE	8		CONDITION2	QuestionConfirmation
2024-05-21 11:47:28	FlowEvent	NEW_FLOW_STATE	QuestionReflection	8		CONDITION2	QuestionReflection
2024-05-21 11:47:28	SenseSpeech	you have misspelled it okay um yes uh	7189
2024-05-21 11:47:29	MonitorSpeechStart	<prosody rate="1.0">Ok</prosody>	618
2024-05-21 11:47:29	ActionGesture	BrowRaise
2024-05-21 11:47:31	MonitorSpeechStart	<prosody rate="1.0">I think I am getting the answer 8</prosody>	1630
