2024-05-28 00:10:03	Autoreload is disabled because the development mode is off.
2024-05-28 00:10:04	Application started in 0.836 seconds.
2024-05-28 00:10:04	Responding at http://127.0.0.1:8888
2024-05-28 00:10:08	----------------- NEW EXECUTION-------------------
2024-05-28 00:10:08	FlowEvent	NEW_FLOW_STATE	Sleep	0.0		UNDEFINED	Sleep
2024-05-28 00:10:08	ActionGesture	CloseEyes
2024-05-28 00:10:08	ActionGesture	CloseEyes
2024-05-28 00:10:14	GUIEvent	GUI_RELOADED	GUI_RELOADED [ACCEPTED]	0.0	UNDEFINED	UNDEFINED	Sleep
2024-05-28 00:11:23	GUIEvent	NEW_STAGE_REQUESTED	STAGE[0.2] [3] REQUESTED .. [ACCEPTED]	0.0	UNDEFINED	UNDEFINED	Sleep
2024-05-28 00:11:23	SessionEvent	USER_SET	USER TO ACTIVATE.	0.2	3	UNDEFINED	Sleep
2024-05-28 00:11:23	FlowEvent	NEW_FLOW_STATE	Welcome	0.2		CONDITION1	Welcome
2024-05-28 00:11:23	ActionGesture	OpenEyes
2024-05-28 00:11:23	ActionGesture	Smile
2024-05-28 00:11:24	MonitorSpeechStart	<prosody rate="1.0">Hello there</prosody>	543
2024-05-28 00:11:24	ActionGesture	BrowRaise
2024-05-28 00:11:25	MonitorSpeechStart	<prosody rate="1.0">Nice to meet you</prosody>	824
2024-05-28 00:11:25	ActionGesture	BrowRaise
2024-05-28 00:11:27	MonitorSpeechStart	<prosody rate="1.0">How you doing?</prosody>	741
2024-05-28 00:11:27	ActionGesture	BrowRaise
2024-05-28 00:11:30	ActionGesture	Smile
2024-05-28 00:11:31	SenseSpeech	yeah	990
2024-05-28 00:11:31	FlowEvent	NEW_FLOW_STATE	ReviewInstructions	0.2		CONDITION1	ReviewInstructions
2024-05-28 00:11:31	MonitorSpeechStart	<prosody rate="1.0">Right, as far as I know,we will get some Electronics questions to resolve together. Somebody told you?</prosody>	6104
2024-05-28 00:11:31	ActionGesture	BrowRaise
2024-05-28 00:11:32	ActionGesture	BrowRaise
2024-05-28 00:11:36	ActionGesture	BrowRaise
2024-05-28 00:11:37	ActionGesture	BrowRaise
2024-05-28 00:11:40	ActionGesture	Smile
2024-05-28 00:11:41	SenseSpeech	no	895
2024-05-28 00:11:41	MonitorSpeechStart	<prosody rate="1.0">Oh</prosody>	459
2024-05-28 00:11:42	MonitorSpeechStart	<prosody rate="1.0">well</prosody>	454
2024-05-28 00:11:42	ActionGesture	BrowRaise
2024-05-28 00:11:43	MonitorSpeechStart	<prosody rate="1.0">Basically a question will come up on the tablet, I receive it, we think, we answer separately and then we discuss</prosody>	5938
2024-05-28 00:11:44	ActionGesture	BrowRaise
2024-05-28 00:11:45	ActionGesture	BrowRaise
2024-05-28 00:11:49	ActionGesture	BrowRaise
2024-05-28 00:11:51	MonitorSpeechStart	<prosody rate="1.0">Do you want me to explain or are you ready?</prosody>	1666
2024-05-28 00:11:52	ActionGesture	BrowRaise
2024-05-28 00:11:52	ActionGesture	BrowRaise
2024-05-28 00:11:56	ActionGesture	Smile
2024-05-28 00:11:57	SenseSpeech	uh explain	1078
2024-05-28 00:11:58	MonitorSpeechStart	<prosody rate="1.0">well</prosody>	454
2024-05-28 00:11:58	ActionGesture	BrowRaise
2024-05-28 00:11:59	MonitorSpeechStart	<prosody rate="1.0">The questions will appear one by one on the tablet</prosody>	2314
2024-05-28 00:12:00	ActionGesture	BrowRaise
2024-05-28 00:12:01	ActionGesture	BrowRaise
2024-05-28 00:12:01	ActionGesture	BrowRaise
2024-05-28 00:12:02	MonitorSpeechStart	<prosody rate="1.0">For each one, we will have time to think</prosody>	2119
2024-05-28 00:12:03	ActionGesture	BrowRaise
2024-05-28 00:12:05	MonitorSpeechStart	<prosody rate="1.0">Then you mark your answer and I will mark mine</prosody>	2073
2024-05-28 00:12:07	ActionGesture	BrowRaise
2024-05-28 00:12:08	MonitorSpeechStart	<prosody rate="1.0">You ready?</prosody>	531
2024-05-28 00:12:08	ActionGesture	BrowRaise
2024-05-28 00:12:11	ActionGesture	Smile
2024-05-28 00:12:13	SenseSpeech	yes I'm ready	1195
2024-05-28 00:12:13	MonitorSpeechStart	<prosody rate="1.0">Perfect</prosody>	513
2024-05-28 00:12:13	ActionGesture	BrowRaise
2024-05-28 00:12:14	MonitorSpeechStart	<prosody rate="1.0">Ok, when you press the button I will receive the first question, and show on the screen. Whenever you want.</prosody>	5763
2024-05-28 00:12:14	ActionGesture	BrowRaise
2024-05-28 00:12:17	ActionGesture	BrowRaise
2024-05-28 00:12:18	ActionGesture	BrowRaise
2024-05-28 00:12:20	ActionGesture	BrowRaise
2024-05-28 00:12:21	GUIEvent	NEW_STAGE_REQUESTED	STAGE[1] [3] REQUESTED .. [ACCEPTED]	0.2	3	CONDITION1	ReviewInstructions
2024-05-28 00:12:21	SessionEvent	QUESTION_SET	NEW QUESTION TO ACTIVATE	1		CONDITION1	ReviewInstructions
2024-05-28 00:12:21	FlowEvent	NEW_FLOW_STATE	QuestionReflection	1		CONDITION1	QuestionReflection
2024-05-28 00:12:22	MonitorSpeechStart	<prosody rate="1.0">Ok</prosody>	618
2024-05-28 00:12:23	ActionGesture	BrowRaise
2024-05-28 00:12:24	MonitorSpeechStart	<prosody rate="1.0">I think I am getting the question 1</prosody>	1802
2024-05-28 00:12:24	ActionGesture	BrowRaise
2024-05-28 00:12:25	ActionGesture	BrowRaise
2024-05-28 00:12:27	MonitorSpeechStart	<prosody rate="1.0">Let's see</prosody>	658
2024-05-28 00:12:27	ActionGesture	BrowRaise
2024-05-28 00:12:36	MonitorSpeechStart	<prosody rate="1.0">Have you answered?</prosody>	752
2024-05-28 00:12:36	ActionGesture	BrowRaise
2024-05-28 00:12:39	ActionGesture	Smile
2024-05-28 00:12:40	SenseSpeech	not yet	1011
2024-05-28 00:12:41	MonitorSpeechStart	<prosody rate="1.0">Oh</prosody>	459
2024-05-28 00:12:42	MonitorSpeechStart	<prosody rate="1.0">sorry</prosody>	510
2024-05-28 00:12:42	ActionGesture	BrowRaise
2024-05-28 00:12:43	MonitorSpeechStart	<prosody rate="1.0">Absolutely</prosody>	668
2024-05-28 00:12:43	ActionGesture	BrowRaise
2024-05-28 00:12:45	GUIEvent	ANSWER_MARKED	ANSWER[TRUE] [1] [3] SENT .. [ACCEPTED]	1	3	CONDITION1	QuestionReflection
2024-05-28 00:12:49	ActionGesture	Smile
2024-05-28 00:12:51	SenseSpeech	okay I answered	2058
2024-05-28 00:12:51	FlowEvent	NEW_FLOW_STATE	QuestionDisclosure	1		CONDITION1	QuestionDisclosure
2024-05-28 00:12:51	MonitorSpeechStart	<prosody rate="1.0">Good</prosody>	391
2024-05-28 00:12:52	MonitorSpeechStart	<prosody rate="1.0">I replied that it is TRUE</prosody>	1387
2024-05-28 00:12:53	ActionGesture	BrowRaise
2024-05-28 00:12:54	MonitorSpeechStart	<prosody rate="1.0">What do you think?</prosody>	726
2024-05-28 00:12:54	ActionGesture	BrowRaise
2024-05-28 00:12:58	ActionGesture	Smile
2024-05-28 00:12:59	SenseSpeech	I think it's true too	1569
2024-05-28 00:12:59	FlowEvent	NEW_FLOW_STATE	QuestionReview	1		CONDITION1	QuestionReview
2024-05-28 00:12:59	MonitorSpeechStart	<prosody rate="1.0">Good. You see it too?</prosody>	1507
2024-05-28 00:13:02	MonitorSpeechStart	<prosody rate="1.0">Because the voltage is the same and the resistance increases if a lamp is added</prosody>	3824
2024-05-28 00:13:03	ActionGesture	BrowRaise
2024-05-28 00:13:05	ActionGesture	BrowRaise
2024-05-28 00:13:05	ActionGesture	BrowRaise
2024-05-28 00:13:10	ActionGesture	Smile
2024-05-28 00:13:11	SenseSpeech	yeah	840
2024-05-28 00:13:11	MonitorSpeechStart	<prosody rate="1.0">That's fine!</prosody>	759
2024-05-28 00:13:12	ActionGesture	BrowRaise
2024-05-28 00:13:13	MonitorSpeechStart	<prosody rate="1.0">With the same voltage and higher resistance, the current will be lower and the lights will shine more dimly.</prosody>	4949
2024-05-28 00:13:13	ActionGesture	BrowRaise
2024-05-28 00:13:14	ActionGesture	BrowRaise
2024-05-28 00:13:17	ActionGesture	BrowRaise
2024-05-28 00:13:17	ActionGesture	BrowRaise
2024-05-28 00:13:21	ActionGesture	Smile
2024-05-28 00:13:23	SenseSpeech	yeah that's fine	1338
2024-05-28 00:13:23	FlowEvent	NEW_FLOW_STATE	QuestionCheckpoint	1		CONDITION1	QuestionCheckpoint
2024-05-28 00:13:23	MonitorSpeechStart	<prosody rate="1.0">Nice</prosody>	438
2024-05-28 00:13:23	ActionGesture	BrowRaise
2024-05-28 00:13:24	MonitorSpeechStart	<prosody rate="1.0">So</prosody>	386
2024-05-28 00:13:25	MonitorSpeechStart	<prosody rate="1.0">do we agree it's TRUE?</prosody>	1157
2024-05-28 00:13:25	ActionGesture	BrowRaise
2024-05-28 00:13:28	ActionGesture	Smile
2024-05-28 00:13:29	SenseSpeech	yes	937
2024-05-28 00:13:29	FlowEvent	NEW_FLOW_STATE	QuestionReview	1		CONDITION1	QuestionReview
2024-05-28 00:13:29	FlowEvent	NEW_FLOW_STATE	QuestionConfirmation	1		CONDITION1	QuestionConfirmation
2024-05-28 00:13:30	MonitorSpeechStart	<prosody rate="1.0">Perfect</prosody>	513
2024-05-28 00:13:30	ActionGesture	BrowRaise
2024-05-28 00:13:31	MonitorSpeechStart	<prosody rate="1.0">Ok. I marked TRUE already. Can you mark your answer on the tablet and confim?</prosody>	4615
2024-05-28 00:13:31	ActionGesture	BrowRaise
2024-05-28 00:13:34	ActionGesture	BrowRaise
2024-05-28 00:13:35	ActionGesture	BrowRaise
2024-05-28 00:13:35	ActionGesture	BrowRaise
2024-05-28 00:13:36	ActionGesture	Smile
2024-05-28 00:13:37	GUIEvent	NEW_STAGE_REQUESTED	STAGE[2] [3] REQUESTED .. [ACCEPTED]	1	3	CONDITION1	QuestionConfirmation
2024-05-28 00:13:37	SessionEvent	ANSWER_CONFIRMED	QUESTION CONFIRMED IN GUI.	2		CONDITION1	QuestionConfirmation
2024-05-28 00:13:37	SessionEvent	QUESTION_SET	NEW QUESTION TO ACTIVATE	2		CONDITION1	QuestionConfirmation
2024-05-28 00:13:37	FlowEvent	NEW_FLOW_STATE	QuestionReflection	2		CONDITION1	QuestionReflection
2024-05-28 00:13:38	MonitorSpeechStart	<prosody rate="1.0">Right</prosody>	393
2024-05-28 00:13:39	ActionGesture	BrowRaise
2024-05-28 00:13:40	MonitorSpeechStart	<prosody rate="1.0">receiving the question 2</prosody>	1382
2024-05-28 00:13:41	ActionGesture	BrowRaise
2024-05-28 00:13:42	MonitorSpeechStart	<prosody rate="1.0">Ok</prosody>	618
2024-05-28 00:13:42	ActionGesture	BrowRaise
2024-05-28 00:14:02	Autoreload is disabled because the development mode is off.
2024-05-28 00:14:02	Application started in 0.602 seconds.
2024-05-28 00:14:03	Responding at http://127.0.0.1:8888
2024-05-28 00:14:04	----------------- NEW EXECUTION-------------------
2024-05-28 00:14:04	FlowEvent	NEW_FLOW_STATE	Sleep	0.0		UNDEFINED	Sleep
2024-05-28 00:14:04	ActionGesture	CloseEyes
2024-05-28 00:14:04	ActionGesture	CloseEyes
2024-05-28 00:14:08	GUIEvent	GUI_RELOADED	GUI_RELOADED [ACCEPTED]	0.0	UNDEFINED	UNDEFINED	Sleep
2024-05-28 00:14:10	GUIEvent	NEW_STAGE_REQUESTED	STAGE[0.2] [28] REQUESTED .. [ACCEPTED]	0.0	UNDEFINED	UNDEFINED	Sleep
2024-05-28 00:14:10	SessionEvent	USER_SET	USER TO ACTIVATE.	0.2	28	UNDEFINED	Sleep
2024-05-28 00:14:10	FlowEvent	NEW_FLOW_STATE	Welcome	0.2		CONDITION2	Welcome
2024-05-28 00:14:10	ActionGesture	OpenEyes
2024-05-28 00:14:10	ActionGesture	Smile
2024-05-28 00:14:11	MonitorSpeechStart	<prosody rate="1.0">Hello there</prosody>	543
2024-05-28 00:14:11	ActionGesture	BrowRaise
2024-05-28 00:14:13	MonitorSpeechStart	<prosody rate="1.0">Nice to meet you</prosody>	824
2024-05-28 00:14:13	ActionGesture	BrowRaise
2024-05-28 00:14:15	MonitorSpeechStart	<prosody rate="1.0">How you doing?</prosody>	741
2024-05-28 00:14:15	ActionGesture	BrowRaise
2024-05-28 00:14:17	GUIEvent	NEW_STAGE_REQUESTED	STAGE[1] [28] REQUESTED .. [ACCEPTED]	0.2	28	CONDITION2	Welcome
2024-05-28 00:14:17	SessionEvent	QUESTION_SET	NEW QUESTION TO ACTIVATE	1		CONDITION2	Welcome
2024-05-28 00:14:17	FlowEvent	NEW_FLOW_STATE	QuestionReflection	1		CONDITION2	QuestionReflection
2024-05-28 00:14:19	MonitorSpeechStart	<prosody rate="1.0">Ok</prosody>	618
2024-05-28 00:14:19	ActionGesture	BrowRaise
2024-05-28 00:14:20	MonitorSpeechStart	<prosody rate="1.0">I think I am getting the question 1</prosody>	1802
2024-05-28 00:14:20	ActionGesture	BrowRaise
2024-05-28 00:14:21	ActionGesture	BrowRaise
2024-05-28 00:14:23	MonitorSpeechStart	<prosody rate="1.0">Let's see</prosody>	658
2024-05-28 00:14:23	ActionGesture	BrowRaise
2024-05-28 00:14:28	GUIEvent	ANSWER_MARKED	ANSWER[FALSE] [1] [28] SENT .. [ACCEPTED]	1	28	CONDITION2	QuestionReflection
2024-05-28 00:14:32	MonitorSpeechStart	<prosody rate="1.0">Have you answered?</prosody>	752
2024-05-28 00:14:32	ActionGesture	BrowRaise
2024-05-28 00:14:34	ActionGesture	Smile
2024-05-28 00:14:36	SenseSpeech	yes I have answered	1933
2024-05-28 00:14:36	FlowEvent	NEW_FLOW_STATE	QuestionDisclosure	1		CONDITION2	QuestionDisclosure
2024-05-28 00:14:36	ActionGesture	SubtleWobbleYes
2024-05-28 00:14:36	MonitorSpeechStart	<prosody rate="0.87">Good <mark name="action"/></prosody>	449
2024-05-28 00:14:37	ActionGesture	PauseUncertain
2024-05-28 00:14:38	MonitorSpeechStart	<prosody rate="0.87">Um, I'm a little unsure <mark name="action"/></prosody>	1870
2024-05-28 00:14:39	ActionGesture	BrowRaise
2024-05-28 00:14:40	ActionGesture	PauseUncertain
2024-05-28 00:14:40	MonitorSpeechStart	<prosody rate="0.87">, but I think that's TRUE <mark name="action"/></prosody>	1629
2024-05-28 00:14:41	ActionGesture	BrowRaise
2024-05-28 00:14:42	ActionGesture	PauseUncertain
2024-05-28 00:14:43	MonitorSpeechStart	<prosody rate="0.87">What do you think?</prosody>	816
2024-05-28 00:14:43	ActionGesture	BrowRaise
2024-05-28 00:14:46	ActionGesture	Smile
2024-05-28 00:14:47	SenseSpeech	I think it's false	1467
2024-05-28 00:14:47	FlowEvent	NEW_FLOW_STATE	QuestionPersuasion	1		CONDITION2	QuestionPersuasion
2024-05-28 00:14:47	ActionGesture	SubtleWobbleNo
2024-05-28 00:14:47	MonitorSpeechStart	<prosody rate="0.87">Well <mark name="action"/></prosody>	515
2024-05-28 00:14:48	ActionGesture	BrowRaise
2024-05-28 00:14:48	ActionGesture	PauseUncertain
2024-05-28 00:14:49	MonitorSpeechStart	<prosody rate="0.87">Um, If one more lamp is added <mark name="action"/></prosody>	2250
2024-05-28 00:14:49	ActionGesture	BrowRaise
2024-05-28 00:14:51	ActionGesture	BrowRaise
2024-05-28 00:14:51	ActionGesture	PauseUncertain
2024-05-28 00:14:52	MonitorSpeechStart	<prosody rate="0.87">that increases the resistance, right?</prosody>	2245
2024-05-28 00:14:54	ActionGesture	BrowRaise
2024-05-28 00:14:55	ActionGesture	Smile
2024-05-28 00:14:58	SenseSpeech	yeah	3086
2024-05-28 00:14:58	ActionGesture	SubtleWobbleYes
2024-05-28 00:15:00	MonitorSpeechStart	<prosody rate="0.87">Good. You see it too? <mark name="action"/></prosody>	1671
2024-05-28 00:15:01	ActionGesture	PauseUncertain
2024-05-28 00:15:03	MonitorSpeechStart	<prosody rate="0.87">Um, Since it's the same battery <mark name="action"/></prosody>	2221
2024-05-28 00:15:03	ActionGesture	BrowRaise
2024-05-28 00:15:05	ActionGesture	BrowRaise
2024-05-28 00:15:05	ActionGesture	PauseUncertain
2024-05-28 00:15:06	MonitorSpeechStart	<prosody rate="0.87">the voltage [hm] is constant</prosody>	2601
2024-05-28 00:15:09	ActionGesture	BrowRaise
2024-05-28 00:15:12	ActionGesture	Smile
2024-05-28 00:15:14	SenseSpeech	no I don't think so	1413
2024-05-28 00:15:14	MonitorSpeechStart	<prosody rate="1.0">Oh</prosody>	459
2024-05-28 00:15:15	MonitorSpeechStart	<prosody rate="1.0">well</prosody>	454
2024-05-28 00:15:15	ActionGesture	BrowRaise
2024-05-28 00:15:17	MonitorSpeechStart	<prosody rate="1.0">Where do you want to go from there?</prosody>	1374
2024-05-28 00:15:18	ActionGesture	BrowRaise
2024-05-28 00:15:20	ActionGesture	Smile
2024-05-28 00:15:24	SenseSpeech	uh well because the yellows are in parallel	3751
2024-05-28 00:15:24	ActionGesture	SubtleWobbleNo
2024-05-28 00:15:25	MonitorSpeechStart	<prosody rate="0.87">I am not sure about that <mark name="action"/></prosody>	1368
2024-05-28 00:15:26	ActionGesture	BrowRaise
2024-05-28 00:15:26	ActionGesture	PauseUncertain
2024-05-28 00:15:27	MonitorSpeechStart	<prosody rate="0.87">Um, With the same voltage <mark name="action"/></prosody>	1939
2024-05-28 00:15:28	ActionGesture	BrowRaise
2024-05-28 00:15:29	ActionGesture	PauseUncertain
2024-05-28 00:15:31	MonitorSpeechStart	<prosody rate="0.87">and [er] higher resistance, the current will be <mark name="action"/></prosody>	3444
2024-05-28 00:15:31	ActionGesture	BrowRaise
2024-05-28 00:15:34	ActionGesture	BrowRaise
2024-05-28 00:15:34	ActionGesture	PauseUncertain
2024-05-28 00:15:35	MonitorSpeechStart	<prosody rate="0.87">lower <mark name="action"/></prosody>	542
2024-05-28 00:15:36	ActionGesture	BrowRaise
2024-05-28 00:15:36	ActionGesture	PauseUncertain
2024-05-28 00:15:37	MonitorSpeechStart	<prosody rate="0.87">according to Ohm's law.</prosody>	1284
2024-05-28 00:15:38	ActionGesture	BrowRaise
2024-05-28 00:15:44	ActionGesture	Smile
2024-05-28 00:15:46	SenseSpeech	yeah okay	1844
2024-05-28 00:15:46	FlowEvent	NEW_FLOW_STATE	QuestionCheckpoint	1		CONDITION2	QuestionCheckpoint
2024-05-28 00:15:46	ActionGesture	SubtleWobbleYes
2024-05-28 00:15:46	MonitorSpeechStart	<prosody rate="0.87">Nice <mark name="action"/></prosody>	503
2024-05-28 00:15:46	ActionGesture	BrowRaise
2024-05-28 00:15:47	ActionGesture	PauseUncertain
2024-05-28 00:15:48	MonitorSpeechStart	<prosody rate="0.87">Um, I may be wrong, but I believe it  is TRUE <mark name="action"/></prosody>	3382
2024-05-28 00:15:48	ActionGesture	BrowRaise
2024-05-28 00:15:50	ActionGesture	BrowRaise
2024-05-28 00:15:51	ActionGesture	PauseUncertain
2024-05-28 00:15:53	MonitorSpeechStart	<prosody rate="0.87">So <mark name="action"/></prosody>	446
2024-05-28 00:15:53	ActionGesture	PauseUncertain
2024-05-28 00:15:54	MonitorSpeechStart	<prosody rate="0.87">do you agree?</prosody>	735
2024-05-28 00:15:54	ActionGesture	BrowRaise
2024-05-28 00:15:57	ActionGesture	Smile
2024-05-28 00:15:59	GUIEvent	ANSWER_MARKED	ANSWER[TRUE] [1] [28] SENT .. [ACCEPTED]	1	28	CONDITION2	QuestionCheckpoint
2024-05-28 00:16:01	SenseSpeech	um okay I'll change my mind true right	3803
2024-05-28 00:16:01	FlowEvent	NEW_FLOW_STATE	QuestionReview	1		CONDITION2	QuestionReview
2024-05-28 00:16:01	ActionGesture	SubtleWobbleYes
2024-05-28 00:16:02	MonitorSpeechStart	<prosody rate="0.87">That's fine! <mark name="action"/></prosody>	879
2024-05-28 00:16:02	ActionGesture	BrowRaise
2024-05-28 00:16:03	ActionGesture	PauseUncertain
2024-05-28 00:16:04	MonitorSpeechStart	<prosody rate="0.87">Um, If the current is lower, the lights should shine more dimly.</prosody>	3912
2024-05-28 00:16:06	ActionGesture	BrowRaise
2024-05-28 00:16:07	ActionGesture	BrowRaise
2024-05-28 00:16:13	ActionGesture	Smile
2024-05-28 00:16:15	SenseSpeech	yeah yeah I think so	1564
2024-05-28 00:16:15	FlowEvent	NEW_FLOW_STATE	QuestionConfirmation	1		CONDITION2	QuestionConfirmation
2024-05-28 00:16:15	MonitorSpeechStart	<prosody rate="1.0">well</prosody>	454
2024-05-28 00:16:15	ActionGesture	BrowRaise
2024-05-28 00:16:16	MonitorSpeechStart	<prosody rate="1.0">Ok. I marked TRUE already. Can you mark your answer on the tablet and confim?</prosody>	4615
2024-05-28 00:16:17	ActionGesture	BrowRaise
2024-05-28 00:16:20	ActionGesture	BrowRaise
2024-05-28 00:16:20	ActionGesture	BrowRaise
2024-05-28 00:16:21	ActionGesture	BrowRaise
2024-05-28 00:16:23	ActionGesture	Smile
2024-05-28 00:16:23	GUIEvent	NEW_STAGE_REQUESTED	STAGE[2] [28] REQUESTED .. [ACCEPTED]	1	28	CONDITION2	QuestionConfirmation
2024-05-28 00:16:23	SessionEvent	ANSWER_CONFIRMED	QUESTION CONFIRMED IN GUI.	2		CONDITION2	QuestionConfirmation
2024-05-28 00:16:23	SessionEvent	QUESTION_SET	NEW QUESTION TO ACTIVATE	2		CONDITION2	QuestionConfirmation
2024-05-28 00:16:23	FlowEvent	NEW_FLOW_STATE	QuestionReflection	2		CONDITION2	QuestionReflection
2024-05-28 00:16:23	SenseSpeech	nothing	518
2024-05-28 00:16:24	MonitorSpeechStart	<prosody rate="1.0">Right</prosody>	393
2024-05-28 00:16:25	ActionGesture	BrowRaise
2024-05-28 00:16:26	MonitorSpeechStart	<prosody rate="1.0">receiving the question 2</prosody>	1382
2024-05-28 00:16:27	ActionGesture	BrowRaise
2024-05-28 00:16:28	MonitorSpeechStart	<prosody rate="1.0">Ok</prosody>	618
2024-05-28 00:16:28	ActionGesture	BrowRaise
2024-05-28 00:16:29	GUIEvent	ANSWER_MARKED	ANSWER[TRUE] [2] [28] SENT .. [ACCEPTED]	2	28	CONDITION2	QuestionReflection
2024-05-28 00:16:30	ActionGesture	Smile
2024-05-28 00:16:34	SenseSpeech	I answered	4182
2024-05-28 00:16:34	MonitorSpeechStart	<prosody rate="1.0">Oh</prosody>	459
2024-05-28 00:16:36	MonitorSpeechStart	<prosody rate="1.0">I see</prosody>	670
2024-05-28 00:16:37	MonitorSpeechStart	<prosody rate="1.0">Have you answered already?</prosody>	1137
2024-05-28 00:16:37	ActionGesture	BrowRaise
2024-05-28 00:16:38	ActionGesture	BrowRaise
2024-05-28 00:16:39	ActionGesture	Smile
2024-05-28 00:16:40	SenseSpeech	yes	948
2024-05-28 00:16:40	FlowEvent	NEW_FLOW_STATE	QuestionDisclosure	2		CONDITION2	QuestionDisclosure
2024-05-28 00:16:40	ActionGesture	SubtleWobbleYes
2024-05-28 00:16:41	MonitorSpeechStart	<prosody rate="0.87">Perfect <mark name="action"/></prosody>	599
2024-05-28 00:16:41	ActionGesture	BrowRaise
2024-05-28 00:16:41	ActionGesture	PauseUncertain
2024-05-28 00:16:43	MonitorSpeechStart	<prosody rate="0.87">Um, I'm not sure <mark name="action"/></prosody>	1679
2024-05-28 00:16:43	ActionGesture	BrowRaise
2024-05-28 00:16:44	ActionGesture	PauseUncertain
2024-05-28 00:16:45	MonitorSpeechStart	<prosody rate="0.87">, but I would say it's FALSE <mark name="action"/></prosody>	1768
2024-05-28 00:16:47	ActionGesture	BrowRaise
2024-05-28 00:16:47	ActionGesture	PauseUncertain
2024-05-28 00:16:49	MonitorSpeechStart	<prosody rate="0.87">What did you answer?</prosody>	980
2024-05-28 00:16:49	ActionGesture	BrowRaise
2024-05-28 00:16:51	ActionGesture	Smile
2024-05-28 00:16:53	SenseSpeech	I answer true	2071
2024-05-28 00:16:53	FlowEvent	NEW_FLOW_STATE	QuestionPersuasion	2		CONDITION2	QuestionPersuasion
2024-05-28 00:16:53	ActionGesture	SubtleWobbleNo
2024-05-28 00:16:54	MonitorSpeechStart	<prosody rate="0.87">ok, let me put it this way <mark name="action"/></prosody>	2202
2024-05-28 00:16:56	ActionGesture	BrowRaise
2024-05-28 00:16:56	ActionGesture	PauseUncertain
2024-05-28 00:16:57	MonitorSpeechStart	<prosody rate="0.87">Um, I think it looks like the white, yellow and red lights are [er] parallel <mark name="action"/></prosody>	5532
2024-05-28 00:16:59	ActionGesture	BrowRaise
2024-05-28 00:17:02	ActionGesture	BrowRaise
2024-05-28 00:17:03	ActionGesture	BrowRaise
2024-05-28 00:17:03	ActionGesture	PauseUncertain
2024-05-28 00:17:04	MonitorSpeechStart	<prosody rate="0.87">connected in <mark name="action"/></prosody>	1006
2024-05-28 00:17:05	ActionGesture	BrowRaise
2024-05-28 00:17:05	ActionGesture	PauseUncertain
2024-05-28 00:17:07	MonitorSpeechStart	<prosody rate="0.87">both C1 and C2</prosody>	1751
2024-05-28 00:17:08	ActionGesture	BrowRaise
2024-05-28 00:17:12	ActionGesture	Smile
2024-05-28 00:17:14	SenseSpeech	uh okay you're right	1985
2024-05-28 00:17:15	ActionGesture	SubtleWobbleYes
2024-05-28 00:17:15	MonitorSpeechStart	<prosody rate="0.87">Did you agree? <mark name="action"/></prosody>	846
2024-05-28 00:17:15	ActionGesture	BrowRaise
2024-05-28 00:17:16	ActionGesture	PauseUncertain
2024-05-28 00:17:17	MonitorSpeechStart	<prosody rate="0.87">Um, C1 and C2 are drawn differently, but it's [um] the same <mark name="action"/></prosody>	5330
2024-05-28 00:17:17	ActionGesture	BrowRaise
2024-05-28 00:17:21	ActionGesture	BrowRaise
2024-05-28 00:17:22	ActionGesture	BrowRaise
2024-05-28 00:17:23	ActionGesture	PauseUncertain
2024-05-28 00:17:24	MonitorSpeechStart	<prosody rate="0.87">circuit</prosody>	472
2024-05-28 00:17:24	ActionGesture	BrowRaise
2024-05-28 00:17:29	ActionGesture	Smile
2024-05-28 00:17:30	SenseSpeech	yes I think so	1564
2024-05-28 00:17:31	MonitorSpeechStart	<prosody rate="0.87">well <mark name="action"/></prosody>	515
2024-05-28 00:17:31	ActionGesture	BrowRaise
2024-05-28 00:17:31	ActionGesture	PauseUncertain
2024-05-28 00:17:32	MonitorSpeechStart	<prosody rate="0.87">Um, Aren't both circuits <mark name="action"/></prosody>	1877
2024-05-28 00:17:34	ActionGesture	BrowRaise
2024-05-28 00:17:34	ActionGesture	PauseUncertain
2024-05-28 00:17:36	MonitorSpeechStart	<prosody rate="0.87">short <mark name="action"/></prosody>	595
2024-05-28 00:17:36	ActionGesture	BrowRaise
2024-05-28 00:17:36	ActionGesture	PauseUncertain
2024-05-28 00:17:38	MonitorSpeechStart	<prosody rate="0.87">shorted? So no current is going through [you] the other lights right?</prosody>	4672
2024-05-28 00:17:42	ActionGesture	BrowRaise
2024-05-28 00:20:09	SenseSpeech	uh hold on	1079
2024-05-28 00:20:16	Autoreload is disabled because the development mode is off.
2024-05-28 00:20:17	Application started in 0.591 seconds.
2024-05-28 00:20:17	Responding at http://127.0.0.1:8888
2024-05-28 00:20:20	----------------- NEW EXECUTION-------------------
2024-05-28 00:20:21	FlowEvent	NEW_FLOW_STATE	Sleep	0.0		UNDEFINED	Sleep
2024-05-28 00:20:21	ActionGesture	CloseEyes
2024-05-28 00:20:21	ActionGesture	CloseEyes
2024-05-28 00:20:43	GUIEvent	GUI_RELOADED	GUI_RELOADED [ACCEPTED]	0.0	UNDEFINED	UNDEFINED	Sleep
2024-05-28 00:20:45	GUIEvent	NEW_STAGE_REQUESTED	STAGE[0.2] [53] REQUESTED .. [ACCEPTED]	0.0	UNDEFINED	UNDEFINED	Sleep
2024-05-28 00:20:45	SessionEvent	USER_SET	USER TO ACTIVATE.	0.2	53	UNDEFINED	Sleep
2024-05-28 00:20:45	FlowEvent	NEW_FLOW_STATE	Welcome	0.2		CONDITION3	Welcome
2024-05-28 00:20:45	ActionGesture	OpenEyes
2024-05-28 00:20:45	ActionGesture	Smile
2024-05-28 00:20:46	MonitorSpeechStart	<prosody rate="1.0">Hello there</prosody>	543
2024-05-28 00:20:47	ActionGesture	BrowRaise
2024-05-28 00:20:48	MonitorSpeechStart	<prosody rate="1.0">Nice to meet you</prosody>	824
2024-05-28 00:20:48	ActionGesture	BrowRaise
2024-05-28 00:20:50	MonitorSpeechStart	<prosody rate="1.0">How you doing?</prosody>	741
2024-05-28 00:20:50	ActionGesture	BrowRaise
2024-05-28 00:20:51	GUIEvent	NEW_STAGE_REQUESTED	STAGE[1] [53] REQUESTED .. [ACCEPTED]	0.2	53	CONDITION3	Welcome
2024-05-28 00:20:51	SessionEvent	QUESTION_SET	NEW QUESTION TO ACTIVATE	1		CONDITION3	Welcome
2024-05-28 00:20:51	FlowEvent	NEW_FLOW_STATE	QuestionReflection	1		CONDITION3	QuestionReflection
2024-05-28 00:20:52	MonitorSpeechStart	<prosody rate="1.0">Ok</prosody>	618
2024-05-28 00:20:52	ActionGesture	BrowRaise
2024-05-28 00:20:53	MonitorSpeechStart	<prosody rate="1.0">I think I am getting the question 1</prosody>	1802
2024-05-28 00:20:54	ActionGesture	BrowRaise
2024-05-28 00:20:55	ActionGesture	BrowRaise
2024-05-28 00:20:56	MonitorSpeechStart	<prosody rate="1.0">Let's see</prosody>	658
2024-05-28 00:20:56	ActionGesture	BrowRaise
2024-05-28 00:20:58	GUIEvent	ANSWER_MARKED	ANSWER[FALSE] [1] [53] SENT .. [ACCEPTED]	1	53	CONDITION3	QuestionReflection
2024-05-28 00:21:03	ActionGesture	Smile
2024-05-28 00:21:04	SenseSpeech	I answered	1028
2024-05-28 00:21:04	MonitorSpeechStart	<prosody rate="1.0">Mm</prosody>	208
2024-05-28 00:21:05	MonitorSpeechStart	<prosody rate="1.0">Have you answered?</prosody>	752
2024-05-28 00:21:06	ActionGesture	BrowRaise
2024-05-28 00:21:07	ActionGesture	Smile
2024-05-28 00:21:08	SenseSpeech	yes	920
2024-05-28 00:21:08	FlowEvent	NEW_FLOW_STATE	QuestionDisclosure	1		CONDITION3	QuestionDisclosure
2024-05-28 00:21:08	ActionGesture	SubtleNod
2024-05-28 00:21:09	MonitorSpeechStart	<prosody rate="1.13">Good <mark name="action"/></prosody>	348
2024-05-28 00:21:10	ActionGesture	EyesOpenBrowUpNod
2024-05-28 00:21:11	MonitorSpeechStart	<prosody rate="1.13">Mm, I'm convinced that it's TRUE <mark name="action"/></prosody>	1566
2024-05-28 00:21:12	ActionGesture	BrowRaise
2024-05-28 00:21:13	ActionGesture	EyesOpenBrowUpNod
2024-05-28 00:21:14	MonitorSpeechStart	<prosody rate="1.13">What do you think?</prosody>	657
2024-05-28 00:21:14	ActionGesture	BrowRaise
2024-05-28 00:21:18	ActionGesture	Smile
2024-05-28 00:21:19	SenseSpeech	uh I think it's false	1722
2024-05-28 00:21:19	FlowEvent	NEW_FLOW_STATE	QuestionPersuasion	1		CONDITION3	QuestionPersuasion
2024-05-28 00:21:19	ActionGesture	SubtleShake
2024-05-28 00:21:20	MonitorSpeechStart	<prosody rate="1.13">Well <mark name="action"/></prosody>	406
2024-05-28 00:21:20	ActionGesture	BrowRaise
2024-05-28 00:21:20	ActionGesture	EyesOpenBrowUpNod
2024-05-28 00:21:22	MonitorSpeechStart	<prosody rate="1.13">Mm, The total resistance increases if one more lamp is added</prosody>	2913
2024-05-28 00:21:24	ActionGesture	BrowRaise
2024-05-28 00:21:24	ActionGesture	BrowRaise
2024-05-28 00:21:28	ActionGesture	Smile
2024-05-28 00:21:29	SenseSpeech	okay	1221
2024-05-28 00:21:30	ActionGesture	SubtleNod
2024-05-28 00:21:30	MonitorSpeechStart	<prosody rate="1.13">Good. You see it too? <mark name="action"/></prosody>	1363
2024-05-28 00:21:32	ActionGesture	EyesOpenBrowUpNod
2024-05-28 00:21:33	MonitorSpeechStart	<prosody rate="1.13">Mm, Since it is the same battery, the voltage is constant</prosody>	3013
2024-05-28 00:21:34	ActionGesture	BrowRaise
2024-05-28 00:21:36	ActionGesture	BrowRaise
2024-05-28 00:21:39	ActionGesture	Smile
2024-05-28 00:21:40	SenseSpeech	okay you may be right	1841
2024-05-28 00:21:41	FlowEvent	NEW_FLOW_STATE	QuestionCheckpoint	1		CONDITION3	QuestionCheckpoint
2024-05-28 00:21:41	ActionGesture	SubtleNod
2024-05-28 00:21:41	MonitorSpeechStart	<prosody rate="1.13">Nice <mark name="action"/></prosody>	371
2024-05-28 00:21:41	ActionGesture	BrowRaise
2024-05-28 00:21:42	ActionGesture	EyesOpenBrowUpNod
2024-05-28 00:21:43	MonitorSpeechStart	<prosody rate="1.13">Mm, I am positive, I believe it  is TRUE. So <mark name="action"/></prosody>	3037
2024-05-28 00:21:43	ActionGesture	BrowRaise
2024-05-28 00:21:44	ActionGesture	BrowRaise
2024-05-28 00:21:46	ActionGesture	EyesOpenBrowUpNod
2024-05-28 00:21:47	MonitorSpeechStart	<prosody rate="1.13">do you agree?</prosody>	568
2024-05-28 00:21:47	ActionGesture	BrowRaise
2024-05-28 00:21:49	ActionGesture	Smile
2024-05-28 00:21:50	SenseSpeech	yes	851
2024-05-28 00:21:50	FlowEvent	NEW_FLOW_STATE	QuestionReview	1		CONDITION3	QuestionReview
2024-05-28 00:21:50	ActionGesture	SubtleNod
2024-05-28 00:21:51	MonitorSpeechStart	<prosody rate="1.13">That's fine! <mark name="action"/></prosody>	643
2024-05-28 00:21:51	ActionGesture	BrowRaise
2024-05-28 00:21:52	ActionGesture	EyesOpenBrowUpNod
2024-05-28 00:21:53	MonitorSpeechStart	<prosody rate="1.13">Mm, Enligt Ohms lag blir strömmen lägre om resistansen ökar när spänningen hålls konstant, så då kommer lamporna absolut att lysa svagare.</prosody>	7097
2024-05-28 00:21:53	GUIEvent	ANSWER_MARKED	ANSWER[TRUE] [1] [53] SENT .. [ACCEPTED]	1	53	CONDITION3	QuestionReview
2024-05-28 00:21:56	ActionGesture	BrowRaise
2024-05-28 00:21:58	ActionGesture	BrowRaise
2024-05-28 00:21:59	ActionGesture	BrowRaise
2024-05-28 00:22:00	ActionGesture	BrowRaise
2024-05-28 00:22:00	ActionGesture	BrowRaise
2024-05-28 00:22:03	ActionGesture	Smile
2024-05-28 00:22:05	SenseSpeech	that's okay	1029
2024-05-28 00:22:05	FlowEvent	NEW_FLOW_STATE	QuestionConfirmation	1		CONDITION3	QuestionConfirmation
2024-05-28 00:22:05	MonitorSpeechStart	<prosody rate="1.0">Perfect</prosody>	513
2024-05-28 00:22:05	ActionGesture	BrowRaise
2024-05-28 00:22:06	MonitorSpeechStart	<prosody rate="1.0">Ok. I marked TRUE already. Can you mark your answer on the tablet and confim?</prosody>	4615
2024-05-28 00:22:06	ActionGesture	BrowRaise
2024-05-28 00:22:09	ActionGesture	BrowRaise
2024-05-28 00:22:10	ActionGesture	BrowRaise
2024-05-28 00:22:11	ActionGesture	BrowRaise
2024-05-28 00:22:13	GUIEvent	NEW_STAGE_REQUESTED	STAGE[2] [53] REQUESTED .. [ACCEPTED]	1	53	CONDITION3	QuestionConfirmation
2024-05-28 00:22:13	SessionEvent	ANSWER_CONFIRMED	QUESTION CONFIRMED IN GUI.	2		CONDITION3	QuestionConfirmation
2024-05-28 00:22:13	SessionEvent	QUESTION_SET	NEW QUESTION TO ACTIVATE	2		CONDITION3	QuestionConfirmation
2024-05-28 00:22:13	FlowEvent	NEW_FLOW_STATE	QuestionReflection	2		CONDITION3	QuestionReflection
2024-05-28 00:22:14	MonitorSpeechStart	<prosody rate="1.0">Right</prosody>	393
2024-05-28 00:22:14	ActionGesture	BrowRaise
2024-05-28 00:22:15	MonitorSpeechStart	<prosody rate="1.0">receiving the question 2</prosody>	1382
2024-05-28 00:22:16	ActionGesture	BrowRaise
2024-05-28 00:22:17	MonitorSpeechStart	<prosody rate="1.0">Ok</prosody>	618
2024-05-28 00:22:18	ActionGesture	BrowRaise
2024-05-28 00:22:19	GUIEvent	ANSWER_MARKED	ANSWER[TRUE] [2] [53] SENT .. [ACCEPTED]	2	53	CONDITION3	QuestionReflection
2024-05-28 00:22:26	MonitorSpeechStart	<prosody rate="1.0">Have you answered already?</prosody>	1137
2024-05-28 00:22:27	ActionGesture	BrowRaise
2024-05-28 00:22:27	ActionGesture	BrowRaise
2024-05-28 00:22:29	ActionGesture	Smile
2024-05-28 00:22:30	SenseSpeech	yes	843
2024-05-28 00:22:30	FlowEvent	NEW_FLOW_STATE	QuestionDisclosure	2		CONDITION3	QuestionDisclosure
2024-05-28 00:22:30	ActionGesture	SubtleNod
2024-05-28 00:22:31	MonitorSpeechStart	<prosody rate="1.13">Super <mark name="action"/></prosody>	456
2024-05-28 00:22:31	ActionGesture	BrowRaise
2024-05-28 00:22:31	ActionGesture	EyesOpenBrowUpNod
2024-05-28 00:22:32	MonitorSpeechStart	<prosody rate="1.13">Mm, I'm positive <mark name="action"/></prosody>	1121
2024-05-28 00:22:33	ActionGesture	BrowRaise
2024-05-28 00:22:33	ActionGesture	EyesOpenBrowUpNod
2024-05-28 00:22:34	MonitorSpeechStart	<prosody rate="1.13">, I say it's FALSE <mark name="action"/></prosody>	1077
2024-05-28 00:22:35	ActionGesture	BrowRaise
2024-05-28 00:22:36	ActionGesture	EyesOpenBrowUpNod
2024-05-28 00:22:37	MonitorSpeechStart	<prosody rate="1.13">What did you answer?</prosody>	751
2024-05-28 00:22:38	ActionGesture	BrowRaise
2024-05-28 00:22:43	ActionGesture	Smile
2024-05-28 00:22:49	SenseSpeech	true	6569
2024-05-28 00:22:49	FlowEvent	NEW_FLOW_STATE	QuestionPersuasion	2		CONDITION3	QuestionPersuasion
2024-05-28 00:22:49	ActionGesture	SubtleShake
2024-05-28 00:22:50	MonitorSpeechStart	<prosody rate="1.13">ok, let me put it this way <mark name="action"/></prosody>	1765
2024-05-28 00:22:51	ActionGesture	BrowRaise
2024-05-28 00:22:52	ActionGesture	EyesOpenBrowUpNod
2024-05-28 00:22:53	MonitorSpeechStart	<prosody rate="1.13">Mm, To begin with, the white, yellow and red lights are connected in parallel in both C1 and C2.</prosody>	5233
2024-05-28 00:22:54	ActionGesture	BrowRaise
2024-05-28 00:22:55	ActionGesture	BrowRaise
2024-05-28 00:22:55	ActionGesture	BrowRaise
2024-05-28 00:22:58	ActionGesture	BrowRaise
2024-05-28 00:23:02	ActionGesture	Smile
2024-05-28 00:23:03	SenseSpeech	okay	1106
2024-05-28 00:23:03	ActionGesture	SubtleNod
2024-05-28 00:23:04	MonitorSpeechStart	<prosody rate="1.13">Did you agree? <mark name="action"/></prosody>	657
2024-05-28 00:23:04	ActionGesture	BrowRaise
2024-05-28 00:23:05	ActionGesture	EyesOpenBrowUpNod
2024-05-28 00:23:06	MonitorSpeechStart	<prosody rate="1.13">Mm, C1 and C2 are drawn differently, but it is the same circuit</prosody>	3534
2024-05-28 00:23:07	ActionGesture	BrowRaise
2024-05-28 00:23:09	ActionGesture	BrowRaise
2024-05-28 00:23:09	ActionGesture	BrowRaise
2024-05-28 00:23:14	ActionGesture	Smile
2024-05-28 00:23:18	SenseSpeech	no I don't think so I think it's uh they are in parallel	3903
2024-05-28 00:23:18	FlowEvent	NEW_FLOW_STATE	QuestionCheckpoint	2		CONDITION3	QuestionCheckpoint
2024-05-28 00:23:18	ActionGesture	SubtleNod
2024-05-28 00:23:18	MonitorSpeechStart	<prosody rate="1.13">That's fine! <mark name="action"/></prosody>	643
2024-05-28 00:23:18	ActionGesture	BrowRaise
2024-05-28 00:23:19	ActionGesture	EyesOpenBrowUpNod
2024-05-28 00:23:20	MonitorSpeechStart	<prosody rate="1.13">Mm, I have no doubts, I'd go for FALSE. You agree?</prosody>	3261
2024-05-28 00:23:21	ActionGesture	BrowRaise
2024-05-28 00:23:23	ActionGesture	BrowRaise
2024-05-28 00:23:24	ActionGesture	Smile
2024-05-28 00:23:25	SenseSpeech	no	1393
2024-05-28 00:23:25	FlowEvent	NEW_FLOW_STATE	QuestionPersuasion	2		CONDITION3	QuestionPersuasion
2024-05-28 00:23:25	ActionGesture	SubtleShake
2024-05-28 00:23:26	MonitorSpeechStart	<prosody rate="1.13">Aha <mark name="action"/></prosody>	493
2024-05-28 00:23:26	ActionGesture	BrowRaise
2024-05-28 00:23:27	ActionGesture	EyesOpenBrowUpNod
2024-05-28 00:23:28	MonitorSpeechStart	<prosody rate="1.13">Mm, OK <mark name="action"/></prosody>	859
2024-05-28 00:23:29	ActionGesture	BrowRaise
2024-05-28 00:23:29	ActionGesture	EyesOpenBrowUpNod
2024-05-28 00:23:30	MonitorSpeechStart	<prosody rate="1.13">I mean <mark name="action"/></prosody>	521
2024-05-28 00:23:31	ActionGesture	EyesOpenBrowUpNod
2024-05-28 00:23:32	MonitorSpeechStart	<prosody rate="1.13">Above all, both circuits are short-circuited. No current flows through the other lamps.</prosody>	4335
2024-05-28 00:23:34	ActionGesture	BrowRaise
2024-05-28 00:23:35	ActionGesture	BrowRaise
2024-05-28 00:23:36	ActionGesture	BrowRaise
2024-05-28 00:23:41	ActionGesture	Smile
2024-05-28 00:23:47	SenseSpeech	okay no	5486
2024-05-28 00:23:47	MonitorSpeechStart	<prosody rate="1.0">Oh</prosody>	459
2024-05-28 00:23:48	MonitorSpeechStart	<prosody rate="1.0">well</prosody>	454
2024-05-28 00:23:48	ActionGesture	BrowRaise
2024-05-28 00:23:49	MonitorSpeechStart	<prosody rate="1.0">Where do you want to go from there?</prosody>	1374
2024-05-28 00:23:50	ActionGesture	BrowRaise
2024-05-28 00:23:52	ActionGesture	Smile
2024-05-28 00:23:54	SenseSpeech	can you repeat	2358
2024-05-28 00:23:55	MonitorSpeechStart	<prosody rate="1.0">Yes</prosody>	493
2024-05-28 00:23:55	ActionGesture	BrowRaise
2024-05-28 00:23:56	MonitorSpeechStart	<prosody rate="1.0">Where do you want to go from there?</prosody>	1374
2024-05-28 00:23:57	ActionGesture	BrowRaise
2024-05-28 00:23:59	ActionGesture	Smile
2024-05-28 00:24:00	SenseSpeech	no can you repeat	1480
2024-05-28 00:24:00	MonitorSpeechStart	<prosody rate="1.0">Sure</prosody>	486
2024-05-28 00:24:02	MonitorSpeechStart	<prosody rate="1.0">Where do you want to go from there?</prosody>	1374
2024-05-28 00:24:03	ActionGesture	BrowRaise
2024-05-28 00:24:06	ActionGesture	Smile
2024-05-28 00:24:10	SenseSpeech	uh I think uh I don't think is is false I think it's true	4052
2024-05-28 00:24:10	ActionGesture	SubtleShake
2024-05-28 00:24:10	MonitorSpeechStart	<prosody rate="1.13">Aha <mark name="action"/></prosody>	493
2024-05-28 00:24:10	ActionGesture	BrowRaise
2024-05-28 00:24:11	ActionGesture	EyesOpenBrowUpNod
2024-05-28 00:24:12	MonitorSpeechStart	<prosody rate="1.13">Mm, I see <mark name="action"/></prosody>	987
2024-05-28 00:24:12	ActionGesture	BrowRaise
2024-05-28 00:24:13	ActionGesture	EyesOpenBrowUpNod
2024-05-28 00:24:14	MonitorSpeechStart	<prosody rate="1.13">The blue lights must shine equally brightly</prosody>	1796
2024-05-28 00:24:15	ActionGesture	BrowRaise
2024-05-28 00:24:16	ActionGesture	BrowRaise
2024-05-28 00:24:23	ActionGesture	Smile
2024-05-28 00:24:25	SenseSpeech	yes but so what	2586
2024-05-28 00:24:25	FlowEvent	NEW_FLOW_STATE	QuestionUltimatum	2		CONDITION3	QuestionUltimatum
2024-05-28 00:24:25	MonitorSpeechStart	<prosody rate="1.13">I mean <mark name="action"/></prosody>	521
2024-05-28 00:24:26	ActionGesture	EyesOpenBrowUpNod
2024-05-28 00:24:27	MonitorSpeechStart	<prosody rate="1.13">Mm, I know it is FALSE <mark name="action"/></prosody>	1415
2024-05-28 00:24:28	ActionGesture	BrowRaise
2024-05-28 00:24:29	ActionGesture	EyesOpenBrowUpNod
2024-05-28 00:24:30	MonitorSpeechStart	<prosody rate="1.13">but you should decide then <mark name="action"/></prosody>	1236
2024-05-28 00:24:31	ActionGesture	BrowRaise
2024-05-28 00:24:31	ActionGesture	EyesOpenBrowUpNod
2024-05-28 00:24:32	MonitorSpeechStart	<prosody rate="1.13">FALSE or "TRUE?</prosody>	786
2024-05-28 00:24:32	ActionGesture	BrowRaise
2024-05-28 00:24:38	ActionGesture	Smile
2024-05-28 00:24:41	SenseSpeech	uh I think it's false	2303
2024-05-28 00:24:41	FlowEvent	NEW_FLOW_STATE	QuestionConfirmation	2		CONDITION3	QuestionConfirmation
2024-05-28 00:24:41	MonitorSpeechStart	<prosody rate="1.0">I haven't received the next question. Can you confirm the answer?</prosody>	3345
2024-05-28 00:24:44	ActionGesture	BrowRaise
2024-05-28 00:24:44	ActionGesture	BrowRaise
2024-05-28 00:24:50	GUIEvent	NEW_STAGE_REQUESTED	STAGE[3] [53] REQUESTED .. [ACCEPTED]	2	53	CONDITION3	QuestionConfirmation
2024-05-28 00:24:50	SessionEvent	ANSWER_CONFIRMED	QUESTION CONFIRMED IN GUI.	3		CONDITION3	QuestionConfirmation
2024-05-28 00:24:50	SessionEvent	QUESTION_SET	NEW QUESTION TO ACTIVATE	3		CONDITION3	QuestionConfirmation
2024-05-28 00:24:50	FlowEvent	NEW_FLOW_STATE	QuestionReflection	3		CONDITION3	QuestionReflection
2024-05-28 00:24:50	MonitorSpeechStart	<prosody rate="1.0">Okay, I'm now retrieving question 3</prosody>	2428
2024-05-28 00:24:51	ActionGesture	BrowRaise
2024-05-28 00:24:52	ActionGesture	BrowRaise
2024-05-28 00:24:54	MonitorSpeechStart	<prosody rate="1.0">Let’s check it out.</prosody>	911
2024-05-28 00:24:54	ActionGesture	BrowRaise
2024-05-28 00:25:03	MonitorSpeechStart	<prosody rate="1.0">Let me know when you have it</prosody>	1138
2024-05-28 00:25:04	ActionGesture	BrowRaise
2024-05-28 00:46:05	Autoreload is disabled because the development mode is off.
2024-05-28 00:46:06	Application started in 0.691 seconds.
2024-05-28 00:46:06	Responding at http://127.0.0.1:8888
2024-05-28 00:46:08	----------------- NEW EXECUTION-------------------
2024-05-28 00:46:08	FlowEvent	NEW_FLOW_STATE	Sleep	0.0		UNDEFINED	Sleep
2024-05-28 00:46:08	ActionGesture	CloseEyes
2024-05-28 00:46:08	ActionGesture	CloseEyes
2024-05-28 00:46:15	GUIEvent	GUI_RELOADED	GUI_RELOADED [ACCEPTED]	0.0	UNDEFINED	UNDEFINED	Sleep
2024-05-28 00:46:17	GUIEvent	NEW_STAGE_REQUESTED	STAGE[0.2] [28] REQUESTED .. [ACCEPTED]	0.0	UNDEFINED	UNDEFINED	Sleep
2024-05-28 00:46:17	SessionEvent	USER_SET	USER TO ACTIVATE.	0.2	28	UNDEFINED	Sleep
2024-05-28 00:46:17	FlowEvent	NEW_FLOW_STATE	Welcome	0.2		CONDITION2	Welcome
2024-05-28 00:46:17	ActionGesture	OpenEyes
2024-05-28 00:46:17	ActionGesture	Smile
2024-05-28 00:46:17	MonitorSpeechStart	<prosody rate="1.0">Hello there</prosody>	543
2024-05-28 00:46:17	ActionGesture	BrowRaise
2024-05-28 00:46:19	MonitorSpeechStart	<prosody rate="1.0">Nice to meet you</prosody>	824
2024-05-28 00:46:19	ActionGesture	BrowRaise
2024-05-28 00:46:20	GUIEvent	NEW_STAGE_REQUESTED	STAGE[1] [28] REQUESTED .. [ACCEPTED]	0.2	28	CONDITION2	Welcome
2024-05-28 00:46:20	SessionEvent	QUESTION_SET	NEW QUESTION TO ACTIVATE	1		CONDITION2	Welcome
2024-05-28 00:46:20	FlowEvent	NEW_FLOW_STATE	QuestionReflection	1		CONDITION2	QuestionReflection
2024-05-28 00:46:21	MonitorSpeechStart	<prosody rate="1.0">Ok</prosody>	618
2024-05-28 00:46:21	ActionGesture	BrowRaise
2024-05-28 00:46:23	MonitorSpeechStart	<prosody rate="1.0">I think I am getting the question 1</prosody>	1802
2024-05-28 00:46:23	ActionGesture	BrowRaise
2024-05-28 00:46:24	ActionGesture	BrowRaise
2024-05-28 00:46:25	GUIEvent	ANSWER_MARKED	ANSWER[TRUE] [1] [28] SENT .. [ACCEPTED]	1	28	CONDITION2	QuestionReflection
2024-05-28 00:46:25	MonitorSpeechStart	<prosody rate="1.0">Let's see</prosody>	658
2024-05-28 00:46:25	ActionGesture	BrowRaise
2024-05-28 00:46:29	ActionGesture	Smile
2024-05-28 00:46:30	SenseSpeech	I marked the answer	1436
2024-05-28 00:46:31	FlowEvent	NEW_FLOW_STATE	QuestionDisclosure	1		CONDITION2	QuestionDisclosure
2024-05-28 00:46:32	MonitorSpeechStart	<prosody rate="0.87">I'm a little unsure <mark name="action"/></prosody>	1211
2024-05-28 00:46:32	ActionGesture	BrowRaise
2024-05-28 00:46:33	ActionGesture	PauseUncertain
2024-05-28 00:46:34	MonitorSpeechStart	<prosody rate="0.87">Um, , but I think that's TRUE <mark name="action"/></prosody>	2028
2024-05-28 00:46:36	ActionGesture	BrowRaise
2024-05-28 00:46:36	ActionGesture	PauseUncertain
2024-05-28 00:46:37	MonitorSpeechStart	<prosody rate="0.87">What do you think?</prosody>	816
2024-05-28 00:46:37	ActionGesture	BrowRaise
2024-05-28 00:46:42	ActionGesture	Smile
2024-05-28 00:46:43	SenseSpeech	uh I think so too	1567
2024-05-28 00:46:43	FlowEvent	NEW_FLOW_STATE	QuestionReview	1		CONDITION2	QuestionReview
2024-05-28 00:46:43	ActionGesture	SubtleWobbleYes
2024-05-28 00:46:43	MonitorSpeechStart	<prosody rate="0.87">Good. You see it too? <mark name="action"/></prosody>	1671
2024-05-28 00:46:45	ActionGesture	PauseUncertain
2024-05-28 00:46:46	MonitorSpeechStart	<prosody rate="0.87">Um, I was thinking the voltage is well</prosody>	2606
2024-05-28 00:46:46	ActionGesture	BrowRaise
2024-05-28 00:46:49	ActionGesture	BrowRaise
2024-05-28 00:46:50	MonitorSpeechStart	<prosody rate="0.87">the same if it's the same battery and the resistance increases when a lamp is added right?</prosody>	4482
2024-05-28 00:46:52	ActionGesture	BrowRaise
2024-05-28 00:46:54	ActionGesture	BrowRaise
2024-05-28 00:46:55	ActionGesture	BrowRaise
2024-05-28 00:46:59	ActionGesture	Smile
2024-05-28 00:47:00	SenseSpeech	yeah that's fine	1282
2024-05-28 00:47:00	ActionGesture	SubtleWobbleYes
2024-05-28 00:47:00	MonitorSpeechStart	<prosody rate="0.87">That's fine! <mark name="action"/></prosody>	879
2024-05-28 00:47:01	ActionGesture	BrowRaise
2024-05-28 00:47:01	ActionGesture	PauseUncertain
2024-05-28 00:47:02	MonitorSpeechStart	<prosody rate="0.87">Um, If the resistance increases and the voltage is constant, surely the lights must glow dimmer because the current decreases?</prosody>	7413
2024-05-28 00:47:02	ActionGesture	BrowRaise
2024-05-28 00:47:06	ActionGesture	BrowRaise
2024-05-28 00:47:09	ActionGesture	BrowRaise
2024-05-28 00:47:10	ActionGesture	BrowRaise
2024-05-28 00:47:14	ActionGesture	Smile
2024-05-28 00:47:18	SenseSpeech	yeah maybe	4016
2024-05-28 00:47:18	FlowEvent	NEW_FLOW_STATE	QuestionCheckpoint	1		CONDITION2	QuestionCheckpoint
2024-05-28 00:47:19	MonitorSpeechStart	<prosody rate="0.87">Right So <mark name="action"/></prosody>	741
2024-05-28 00:47:19	ActionGesture	BrowRaise
2024-05-28 00:47:20	ActionGesture	PauseUncertain
2024-05-28 00:47:21	MonitorSpeechStart	<prosody rate="0.87">Um, I'm not completely sure <mark name="action"/></prosody>	2233
2024-05-28 00:47:22	ActionGesture	BrowRaise
2024-05-28 00:47:23	ActionGesture	PauseUncertain
2024-05-28 00:47:25	MonitorSpeechStart	<prosody rate="0.87">but do we agree it's TRUE?</prosody>	1491
2024-05-28 00:47:25	ActionGesture	BrowRaise
2024-05-28 00:47:29	ActionGesture	Smile
2024-05-28 00:47:30	SenseSpeech	yes	1022
2024-05-28 00:47:30	FlowEvent	NEW_FLOW_STATE	QuestionReview	1		CONDITION2	QuestionReview
2024-05-28 00:47:30	FlowEvent	NEW_FLOW_STATE	QuestionConfirmation	1		CONDITION2	QuestionConfirmation
2024-05-28 00:47:30	MonitorSpeechStart	<prosody rate="1.0">Good</prosody>	391
2024-05-28 00:47:31	MonitorSpeechStart	<prosody rate="1.0">Ok. I marked TRUE already. Can you mark your answer on the tablet and confim?</prosody>	4615
2024-05-28 00:47:31	ActionGesture	BrowRaise
2024-05-28 00:47:35	ActionGesture	BrowRaise
2024-05-28 00:47:35	ActionGesture	BrowRaise
2024-05-28 00:47:36	ActionGesture	BrowRaise
2024-05-28 00:47:38	GUIEvent	NEW_STAGE_REQUESTED	STAGE[2] [28] REQUESTED .. [ACCEPTED]	1	28	CONDITION2	QuestionConfirmation
2024-05-28 00:47:38	SessionEvent	ANSWER_CONFIRMED	QUESTION CONFIRMED IN GUI.	2		CONDITION2	QuestionConfirmation
2024-05-28 00:47:38	SessionEvent	QUESTION_SET	NEW QUESTION TO ACTIVATE	2		CONDITION2	QuestionConfirmation
2024-05-28 00:47:38	FlowEvent	NEW_FLOW_STATE	QuestionReflection	2		CONDITION2	QuestionReflection
2024-05-28 00:47:39	MonitorSpeechStart	<prosody rate="1.0">Right</prosody>	393
2024-05-28 00:47:39	ActionGesture	BrowRaise
2024-05-28 00:47:40	MonitorSpeechStart	<prosody rate="1.0">receiving the question 2</prosody>	1382
2024-05-28 00:47:41	ActionGesture	BrowRaise
2024-05-28 00:47:43	MonitorSpeechStart	<prosody rate="1.0">Ok</prosody>	618
2024-05-28 00:47:43	ActionGesture	BrowRaise
2024-05-28 00:47:49	GUIEvent	ANSWER_MARKED	ANSWER[FALSE] [2] [28] SENT .. [ACCEPTED]	2	28	CONDITION2	QuestionReflection
2024-05-28 00:47:52	MonitorSpeechStart	<prosody rate="1.0">Have you answered?</prosody>	752
2024-05-28 00:47:52	ActionGesture	BrowRaise
2024-05-28 00:47:54	ActionGesture	Smile
2024-05-28 00:47:55	SenseSpeech	yes	922
2024-05-28 00:47:55	FlowEvent	NEW_FLOW_STATE	QuestionDisclosure	2		CONDITION2	QuestionDisclosure
2024-05-28 00:47:55	ActionGesture	SubtleWobbleYes
2024-05-28 00:47:55	MonitorSpeechStart	<prosody rate="0.87">Nice <mark name="action"/></prosody>	503
2024-05-28 00:47:55	ActionGesture	BrowRaise
2024-05-28 00:47:56	ActionGesture	PauseUncertain
2024-05-28 00:47:57	MonitorSpeechStart	<prosody rate="0.87">Um, I'm not sure</prosody>	1679
2024-05-28 00:47:58	ActionGesture	BrowRaise
2024-05-28 00:48:00	MonitorSpeechStart	<prosody rate="0.87">, but I would say it's FALSE</prosody>	1768
2024-05-28 00:48:01	ActionGesture	BrowRaise
2024-05-28 00:48:03	MonitorSpeechStart	<prosody rate="0.87">What did you answer?</prosody>	980
2024-05-28 00:48:03	ActionGesture	BrowRaise
2024-05-28 00:48:07	ActionGesture	Smile
2024-05-28 00:48:08	SenseSpeech	uh	919
2024-05-28 00:48:08	FlowEvent	NEW_FLOW_STATE	QuestionReview	2		CONDITION2	QuestionReview
2024-05-28 00:48:09	MonitorSpeechStart	<prosody rate="0.87">Ok <mark name="action"/></prosody>	717
2024-05-28 00:48:09	ActionGesture	BrowRaise
2024-05-28 00:48:09	ActionGesture	PauseUncertain
2024-05-28 00:48:11	MonitorSpeechStart	<prosody rate="0.87">Um, I think it looks like C1 and C2 might be the same circuit even though they look different. And then the white, yellow and red lights are <mark name="action"/></prosody>	8634
2024-05-28 00:48:11	ActionGesture	BrowRaise
2024-05-28 00:48:17	ActionGesture	BrowRaise
2024-05-28 00:48:19	ActionGesture	BrowRaise
2024-05-28 00:48:19	ActionGesture	BrowRaise
2024-05-28 00:48:19	ActionGesture	PauseUncertain
2024-05-28 00:48:21	MonitorSpeechStart	<prosody rate="0.87">parallel</prosody>	752
2024-05-28 00:48:21	ActionGesture	BrowRaise
2024-05-28 00:48:23	MonitorSpeechStart	<prosody rate="0.87">connected in both?</prosody>	1134
2024-05-28 00:48:23	ActionGesture	BrowRaise
2024-05-28 00:48:33	MonitorSpeechStart	<prosody rate="0.87">I mean <mark name="action"/></prosody>	703
2024-05-28 00:48:34	ActionGesture	PauseUncertain
2024-05-28 00:48:35	MonitorSpeechStart	<prosody rate="0.87">Um, The blue lights should shine equally brightly if it is the same circuit. And the other lights are disconnected right?</prosody>	6518
2024-05-28 00:48:35	ActionGesture	BrowRaise
2024-05-28 00:48:36	ActionGesture	BrowRaise
2024-05-28 00:48:37	ActionGesture	BrowRaise
2024-05-28 00:48:41	ActionGesture	BrowRaise
2024-05-28 00:48:44	ActionGesture	Smile
2024-05-28 00:48:46	SenseSpeech	yeah okay	1243
2024-05-28 00:48:46	FlowEvent	NEW_FLOW_STATE	QuestionCheckpoint	2		CONDITION2	QuestionCheckpoint
2024-05-28 00:48:46	ActionGesture	SubtleWobbleYes
2024-05-28 00:48:46	MonitorSpeechStart	<prosody rate="0.87">Perfect <mark name="action"/></prosody>	599
2024-05-28 00:48:46	ActionGesture	BrowRaise
2024-05-28 00:48:46	ActionGesture	PauseUncertain
2024-05-28 00:48:48	MonitorSpeechStart	<prosody rate="0.87">Um, It is FALSE</prosody>	1503
2024-05-28 00:48:49	ActionGesture	BrowRaise
2024-05-28 00:48:50	MonitorSpeechStart	<prosody rate="0.87">maybe</prosody>	464
2024-05-28 00:48:50	ActionGesture	BrowRaise
2024-05-28 00:48:52	MonitorSpeechStart	<prosody rate="0.87">Shall we go for it?</prosody>	1207
2024-05-28 00:48:53	ActionGesture	BrowRaise
2024-05-28 00:48:56	ActionGesture	Smile
2024-05-28 00:48:57	SenseSpeech	okay	956
2024-05-28 00:48:57	FlowEvent	NEW_FLOW_STATE	QuestionReview	2		CONDITION2	QuestionReview
2024-05-28 00:48:57	FlowEvent	NEW_FLOW_STATE	QuestionConfirmation	2		CONDITION2	QuestionConfirmation
2024-05-28 00:48:57	MonitorSpeechStart	<prosody rate="1.0">Super</prosody>	526
2024-05-28 00:48:58	ActionGesture	BrowRaise
2024-05-28 00:48:59	MonitorSpeechStart	<prosody rate="1.0">I haven't received the next question. Can you confirm the answer?</prosody>	3345
2024-05-28 00:49:01	ActionGesture	BrowRaise
2024-05-28 00:49:02	ActionGesture	BrowRaise
2024-05-28 00:49:03	GUIEvent	NEW_STAGE_REQUESTED	STAGE[3] [28] REQUESTED .. [ACCEPTED]	2	28	CONDITION2	QuestionConfirmation
2024-05-28 00:49:03	SessionEvent	ANSWER_CONFIRMED	QUESTION CONFIRMED IN GUI.	3		CONDITION2	QuestionConfirmation
2024-05-28 00:49:03	SessionEvent	QUESTION_SET	NEW QUESTION TO ACTIVATE	3		CONDITION2	QuestionConfirmation
2024-05-28 00:49:03	FlowEvent	NEW_FLOW_STATE	QuestionReflection	3		CONDITION2	QuestionReflection
2024-05-28 00:49:03	MonitorSpeechStart	<prosody rate="1.0">Okay, I'm now retrieving question 3</prosody>	2428
2024-05-28 00:49:04	ActionGesture	BrowRaise
2024-05-28 00:49:05	ActionGesture	BrowRaise
2024-05-28 00:49:11	Autoreload is disabled because the development mode is off.
2024-05-28 00:49:11	Application started in 0.653 seconds.
2024-05-28 00:49:12	Responding at http://127.0.0.1:8888
2024-05-28 00:49:13	----------------- NEW EXECUTION-------------------
2024-05-28 00:49:13	FlowEvent	NEW_FLOW_STATE	Sleep	0.0		UNDEFINED	Sleep
2024-05-28 00:49:13	ActionGesture	CloseEyes
2024-05-28 00:49:13	ActionGesture	CloseEyes
2024-05-28 00:49:25	GUIEvent	GUI_RELOADED	GUI_RELOADED [ACCEPTED]	0.0	UNDEFINED	UNDEFINED	Sleep
2024-05-28 00:49:33	GUIEvent	NEW_STAGE_REQUESTED	STAGE[0.2] [53] REQUESTED .. [ACCEPTED]	0.0	UNDEFINED	UNDEFINED	Sleep
2024-05-28 00:49:33	SessionEvent	USER_SET	USER TO ACTIVATE.	0.2	53	UNDEFINED	Sleep
2024-05-28 00:49:33	FlowEvent	NEW_FLOW_STATE	Welcome	0.2		CONDITION3	Welcome
2024-05-28 00:49:33	ActionGesture	OpenEyes
2024-05-28 00:49:33	ActionGesture	Smile
2024-05-28 00:49:34	MonitorSpeechStart	<prosody rate="1.0">Hello there</prosody>	543
2024-05-28 00:49:34	ActionGesture	BrowRaise
2024-05-28 00:49:36	MonitorSpeechStart	<prosody rate="1.0">Nice to meet you</prosody>	824
2024-05-28 00:49:36	ActionGesture	BrowRaise
2024-05-28 00:49:38	MonitorSpeechStart	<prosody rate="1.0">How you doing?</prosody>	741
2024-05-28 00:49:38	ActionGesture	BrowRaise
2024-05-28 00:49:40	GUIEvent	NEW_STAGE_REQUESTED	STAGE[1] [53] REQUESTED .. [ACCEPTED]	0.2	53	CONDITION3	Welcome
2024-05-28 00:49:40	SessionEvent	QUESTION_SET	NEW QUESTION TO ACTIVATE	1		CONDITION3	Welcome
2024-05-28 00:49:40	FlowEvent	NEW_FLOW_STATE	QuestionReflection	1		CONDITION3	QuestionReflection
2024-05-28 00:49:41	MonitorSpeechStart	<prosody rate="1.0">Ok</prosody>	618
2024-05-28 00:49:41	ActionGesture	BrowRaise
2024-05-28 00:49:42	MonitorSpeechStart	<prosody rate="1.0">I think I am getting the question 1</prosody>	1802
2024-05-28 00:49:42	ActionGesture	BrowRaise
2024-05-28 00:49:44	ActionGesture	BrowRaise
2024-05-28 00:49:45	GUIEvent	ANSWER_MARKED	ANSWER[TRUE] [1] [53] SENT .. [ACCEPTED]	1	53	CONDITION3	QuestionReflection
2024-05-28 00:49:45	MonitorSpeechStart	<prosody rate="1.0">Let's see</prosody>	658
2024-05-28 00:49:45	ActionGesture	BrowRaise
2024-05-28 00:49:49	ActionGesture	Smile
2024-05-28 00:49:51	SenseSpeech	I marked the answer	1340
2024-05-28 00:49:51	FlowEvent	NEW_FLOW_STATE	QuestionDisclosure	1		CONDITION3	QuestionDisclosure
2024-05-28 00:49:51	MonitorSpeechStart	<prosody rate="1.13">I'm convinced that it's TRUE <mark name="action"/></prosody>	1161
2024-05-28 00:49:52	ActionGesture	BrowRaise
2024-05-28 00:49:53	ActionGesture	EyesOpenBrowUpNod
2024-05-28 00:49:54	MonitorSpeechStart	<prosody rate="1.13">Mm, What do you think?</prosody>	1021
2024-05-28 00:49:54	ActionGesture	BrowRaise
2024-05-28 00:49:58	ActionGesture	Smile
2024-05-28 00:50:00	SenseSpeech	uh I think so too yes	1588
2024-05-28 00:50:00	FlowEvent	NEW_FLOW_STATE	QuestionReview	1		CONDITION3	QuestionReview
2024-05-28 00:50:00	ActionGesture	SubtleNod
2024-05-28 00:50:00	MonitorSpeechStart	<prosody rate="1.13">Good. You see it too? <mark name="action"/></prosody>	1363
2024-05-28 00:50:02	ActionGesture	EyesOpenBrowUpNod
2024-05-28 00:50:03	MonitorSpeechStart	<prosody rate="1.13">Mm, It is obvious, since the resistance increases with more lamps while the voltage is constant.</prosody>	4702
2024-05-28 00:50:03	ActionGesture	BrowRaise
2024-05-28 00:50:07	ActionGesture	BrowRaise
2024-05-28 00:50:07	ActionGesture	BrowRaise
2024-05-28 00:50:11	ActionGesture	Smile
2024-05-28 00:50:13	SenseSpeech	yeah fine	1692
2024-05-28 00:50:13	ActionGesture	SubtleNod
2024-05-28 00:50:13	MonitorSpeechStart	<prosody rate="1.13">That's fine! <mark name="action"/></prosody>	643
2024-05-28 00:50:13	ActionGesture	BrowRaise
2024-05-28 00:50:14	ActionGesture	EyesOpenBrowUpNod
2024-05-28 00:50:15	MonitorSpeechStart	<prosody rate="1.13">Mm, Enligt Ohms lag blir strömmen lägre om resistansen ökar när spänningen hålls konstant, så då kommer lamporna absolut att lysa svagare.</prosody>	7097
2024-05-28 00:50:18	ActionGesture	BrowRaise
2024-05-28 00:50:20	ActionGesture	BrowRaise
2024-05-28 00:50:20	ActionGesture	BrowRaise
2024-05-28 00:50:21	ActionGesture	BrowRaise
2024-05-28 00:50:21	ActionGesture	BrowRaise
2024-05-28 00:50:25	ActionGesture	Smile
2024-05-28 00:50:27	SenseSpeech	no	1927
2024-05-28 00:50:27	MonitorSpeechStart	<prosody rate="1.0">Oh</prosody>	459
2024-05-28 00:50:28	MonitorSpeechStart	<prosody rate="1.0">well</prosody>	454
2024-05-28 00:50:28	ActionGesture	BrowRaise
2024-05-28 00:50:29	MonitorSpeechStart	<prosody rate="1.0">Where do you want to go from there?</prosody>	1374
2024-05-28 00:50:30	ActionGesture	BrowRaise
2024-05-28 00:50:34	ActionGesture	Smile
2024-05-28 00:50:36	SenseSpeech	uh no no it's okay it's fine	2072
2024-05-28 00:50:36	FlowEvent	NEW_FLOW_STATE	QuestionCheckpoint	1		CONDITION3	QuestionCheckpoint
2024-05-28 00:50:36	ActionGesture	SubtleNod
2024-05-28 00:50:36	MonitorSpeechStart	<prosody rate="1.13">Good <mark name="action"/></prosody>	348
2024-05-28 00:50:37	ActionGesture	EyesOpenBrowUpNod
2024-05-28 00:50:38	MonitorSpeechStart	<prosody rate="1.13">Mm, So</prosody>	741
2024-05-28 00:50:40	MonitorSpeechStart	<prosody rate="1.13">I'm completely sure</prosody>	945
2024-05-28 00:50:40	ActionGesture	BrowRaise
2024-05-28 00:50:43	MonitorSpeechStart	<prosody rate="1.13">do we agree it's TRUE?</prosody>	1023
2024-05-28 00:50:43	ActionGesture	BrowRaise
2024-05-28 00:50:45	ActionGesture	Smile
2024-05-28 00:50:46	SenseSpeech	yes	991
2024-05-28 00:50:46	FlowEvent	NEW_FLOW_STATE	QuestionReview	1		CONDITION3	QuestionReview
2024-05-28 00:50:46	FlowEvent	NEW_FLOW_STATE	QuestionConfirmation	1		CONDITION3	QuestionConfirmation
2024-05-28 00:50:46	MonitorSpeechStart	<prosody rate="1.0">Nice</prosody>	438
2024-05-28 00:50:46	ActionGesture	BrowRaise
2024-05-28 00:50:47	MonitorSpeechStart	<prosody rate="1.0">Ok. I marked TRUE already. Can you mark your answer on the tablet and confim?</prosody>	4615
2024-05-28 00:50:48	ActionGesture	BrowRaise
2024-05-28 00:50:51	ActionGesture	BrowRaise
2024-05-28 00:50:51	ActionGesture	BrowRaise
2024-05-28 00:50:52	ActionGesture	BrowRaise
2024-05-28 00:50:53	ActionGesture	Smile
2024-05-28 00:50:53	GUIEvent	NEW_STAGE_REQUESTED	STAGE[2] [53] REQUESTED .. [ACCEPTED]	1	53	CONDITION3	QuestionConfirmation
2024-05-28 00:50:53	SessionEvent	ANSWER_CONFIRMED	QUESTION CONFIRMED IN GUI.	2		CONDITION3	QuestionConfirmation
2024-05-28 00:50:53	SessionEvent	QUESTION_SET	NEW QUESTION TO ACTIVATE	2		CONDITION3	QuestionConfirmation
2024-05-28 00:50:53	FlowEvent	NEW_FLOW_STATE	QuestionReflection	2		CONDITION3	QuestionReflection
2024-05-28 00:50:54	MonitorSpeechStart	<prosody rate="1.0">Right</prosody>	393
2024-05-28 00:50:54	ActionGesture	BrowRaise
2024-05-28 00:50:55	MonitorSpeechStart	<prosody rate="1.0">receiving the question 2</prosody>	1382
2024-05-28 00:50:56	ActionGesture	BrowRaise
2024-05-28 00:50:58	MonitorSpeechStart	<prosody rate="1.0">Ok</prosody>	618
2024-05-28 00:50:58	ActionGesture	BrowRaise
2024-05-28 00:51:01	GUIEvent	ANSWER_MARKED	ANSWER[TRUE] [2] [53] SENT .. [ACCEPTED]	2	53	CONDITION3	QuestionReflection
2024-05-28 00:51:05	ActionGesture	Smile
2024-05-28 00:51:06	SenseSpeech	all right	1161
2024-05-28 00:51:06	FlowEvent	NEW_FLOW_STATE	QuestionDisclosure	2		CONDITION3	QuestionDisclosure
2024-05-28 00:51:06	ActionGesture	SubtleNod
2024-05-28 00:51:07	MonitorSpeechStart	<prosody rate="1.13">Perfect <mark name="action"/></prosody>	429
2024-05-28 00:51:07	ActionGesture	BrowRaise
2024-05-28 00:51:07	ActionGesture	EyesOpenBrowUpNod
2024-05-28 00:51:08	MonitorSpeechStart	<prosody rate="1.13">Mm, I'm positive</prosody>	1121
2024-05-28 00:51:09	ActionGesture	BrowRaise
2024-05-28 00:51:11	MonitorSpeechStart	<prosody rate="1.13">, I say it's FALSE</prosody>	1077
2024-05-28 00:51:11	ActionGesture	BrowRaise
2024-05-28 00:51:13	MonitorSpeechStart	<prosody rate="1.13">What did you answer?</prosody>	751
2024-05-28 00:51:13	ActionGesture	BrowRaise
2024-05-28 00:51:16	ActionGesture	Smile
2024-05-28 00:51:17	SenseSpeech	I answered	1217
2024-05-28 00:51:17	FlowEvent	NEW_FLOW_STATE	QuestionPersuasion	2		CONDITION3	QuestionPersuasion
2024-05-28 00:51:18	MonitorSpeechStart	<prosody rate="1.13">Ok <mark name="action"/></prosody>	534
2024-05-28 00:51:18	ActionGesture	BrowRaise
2024-05-28 00:51:18	ActionGesture	EyesOpenBrowUpNod
2024-05-28 00:51:19	MonitorSpeechStart	<prosody rate="1.13">Mm, To begin with, the white, yellow and red lights are connected in parallel in both C1 and C2.</prosody>	5233
2024-05-28 00:51:20	ActionGesture	BrowRaise
2024-05-28 00:51:21	ActionGesture	BrowRaise
2024-05-28 00:51:21	ActionGesture	BrowRaise
2024-05-28 00:51:24	ActionGesture	BrowRaise
2024-05-28 00:51:27	ActionGesture	Smile
2024-05-28 00:51:28	SenseSpeech	yeah	803
2024-05-28 00:51:28	ActionGesture	SubtleNod
2024-05-28 00:51:28	MonitorSpeechStart	<prosody rate="1.13">Did you agree? <mark name="action"/></prosody>	657
2024-05-28 00:51:29	ActionGesture	BrowRaise
2024-05-28 00:51:29	ActionGesture	EyesOpenBrowUpNod
2024-05-28 00:51:30	MonitorSpeechStart	<prosody rate="1.13">Mm, C1 and C2 are drawn differently, but it is the same circuit</prosody>	3534
2024-05-28 00:51:31	ActionGesture	BrowRaise
2024-05-28 00:51:33	ActionGesture	BrowRaise
2024-05-28 00:51:33	ActionGesture	BrowRaise
2024-05-28 00:51:37	ActionGesture	Smile
2024-05-28 00:51:40	SenseSpeech	yes	2403
2024-05-28 00:51:40	FlowEvent	NEW_FLOW_STATE	QuestionCheckpoint	2		CONDITION3	QuestionCheckpoint
2024-05-28 00:51:40	ActionGesture	SubtleNod
2024-05-28 00:51:40	MonitorSpeechStart	<prosody rate="1.13">Super <mark name="action"/></prosody>	456
2024-05-28 00:51:40	ActionGesture	BrowRaise
2024-05-28 00:51:40	ActionGesture	EyesOpenBrowUpNod
2024-05-28 00:51:42	MonitorSpeechStart	<prosody rate="1.13">Mm, I am positive, I believe it  is FALSE. So</prosody>	3121
2024-05-28 00:51:42	ActionGesture	BrowRaise
2024-05-28 00:51:44	ActionGesture	BrowRaise
2024-05-28 00:51:45	MonitorSpeechStart	<prosody rate="1.13">do you agree?</prosody>	568
2024-05-28 00:51:46	ActionGesture	BrowRaise
2024-05-28 00:51:48	ActionGesture	Smile
2024-05-28 00:51:48	GUIEvent	ANSWER_MARKED	ANSWER[FALSE] [2] [53] SENT .. [ACCEPTED]	2	53	CONDITION3	QuestionCheckpoint
2024-05-28 00:51:49	SenseSpeech	okay I agree	1729
2024-05-28 00:51:49	FlowEvent	NEW_FLOW_STATE	QuestionReview	2		CONDITION3	QuestionReview
2024-05-28 00:51:49	ActionGesture	SubtleNod
2024-05-28 00:51:50	MonitorSpeechStart	<prosody rate="1.13">Good. You see it too? <mark name="action"/></prosody>	1363
2024-05-28 00:51:51	ActionGesture	EyesOpenBrowUpNod
2024-05-28 00:51:52	MonitorSpeechStart	<prosody rate="1.13">Mm, Framförallt är de lamporna kortslutna, så det är bara en blå lampa i båda kretsarna. Det är klart att den lyser lika starkt.</prosody>	7332
2024-05-28 00:51:55	ActionGesture	BrowRaise
2024-05-28 00:51:56	ActionGesture	BrowRaise
2024-05-28 00:51:56	ActionGesture	BrowRaise
2024-05-28 00:51:57	ActionGesture	BrowRaise
2024-05-28 00:51:57	ActionGesture	BrowRaise
2024-05-28 00:51:59	ActionGesture	BrowRaise
2024-05-28 00:52:08	FlowEvent	NEW_FLOW_STATE	QuestionConfirmation	2		CONDITION3	QuestionConfirmation
2024-05-28 00:52:08	MonitorSpeechStart	<prosody rate="1.0">I mean</prosody>	609
2024-05-28 00:52:10	MonitorSpeechStart	<prosody rate="1.0">I haven't received the next question. Can you confirm the answer?</prosody>	3345
2024-05-28 00:52:12	ActionGesture	BrowRaise
2024-05-28 00:52:13	ActionGesture	BrowRaise
2024-05-28 00:52:15	GUIEvent	NEW_STAGE_REQUESTED	STAGE[3] [53] REQUESTED .. [ACCEPTED]	2	53	CONDITION3	QuestionConfirmation
2024-05-28 00:52:15	SessionEvent	ANSWER_CONFIRMED	QUESTION CONFIRMED IN GUI.	3		CONDITION3	QuestionConfirmation
2024-05-28 00:52:15	SessionEvent	QUESTION_SET	NEW QUESTION TO ACTIVATE	3		CONDITION3	QuestionConfirmation
2024-05-28 00:52:15	FlowEvent	NEW_FLOW_STATE	QuestionReflection	3		CONDITION3	QuestionReflection
2024-05-28 00:52:15	MonitorSpeechStart	<prosody rate="1.0">Okay, I'm now retrieving question 3</prosody>	2428
2024-05-28 00:52:16	ActionGesture	BrowRaise
2024-05-28 00:52:17	ActionGesture	BrowRaise
2024-05-28 00:52:19	MonitorSpeechStart	<prosody rate="1.0">Let’s check it out.</prosody>	911
2024-05-28 00:52:20	ActionGesture	BrowRaise
2024-05-28 00:52:24	GUIEvent	ANSWER_MARKED	ANSWER[TRUE] [3] [53] SENT .. [ACCEPTED]	3	53	CONDITION3	QuestionReflection
2024-05-28 00:52:27	GUIEvent	ANSWER_MARKED	ANSWER[FALSE] [3] [53] SENT .. [ACCEPTED]	3	53	CONDITION3	QuestionReflection
2024-05-28 00:52:28	MonitorSpeechStart	<prosody rate="1.0">Have you answered?</prosody>	752
2024-05-28 00:52:29	ActionGesture	BrowRaise
2024-05-28 00:52:30	ActionGesture	Smile
2024-05-28 00:52:32	SenseSpeech	yes	1561
2024-05-28 00:52:32	FlowEvent	NEW_FLOW_STATE	QuestionDisclosure	3		CONDITION3	QuestionDisclosure
2024-05-28 00:52:32	MonitorSpeechStart	<prosody rate="1.0">That's fine!</prosody>	759
2024-05-28 00:52:32	ActionGesture	BrowRaise
2024-05-28 00:52:33	MonitorSpeechStart	<prosody rate="1.0">I replied that it is FALSE</prosody>	1485
2024-05-28 00:52:34	ActionGesture	BrowRaise
2024-05-28 00:52:36	MonitorSpeechStart	<prosody rate="1.0">What do you think?</prosody>	726
2024-05-28 00:52:36	ActionGesture	BrowRaise
2024-05-28 00:52:38	ActionGesture	Smile
2024-05-28 00:52:38	SenseSpeech	I agree	901
2024-05-28 00:52:38	FlowEvent	NEW_FLOW_STATE	QuestionReview	3		CONDITION3	QuestionReview
2024-05-28 00:52:39	MonitorSpeechStart	<prosody rate="1.0">That's fine!</prosody>	759
2024-05-28 00:52:39	ActionGesture	BrowRaise
2024-05-28 00:52:40	MonitorSpeechStart	<prosody rate="1.0">C1 and C2 are drawn differently, but it is the same circuit and the white, yellow and red lights are paralleled in both.</prosody>	6347
2024-05-28 00:52:43	ActionGesture	BrowRaise
2024-05-28 00:52:44	ActionGesture	BrowRaise
2024-05-28 00:52:45	ActionGesture	BrowRaise
2024-05-28 00:52:45	ActionGesture	BrowRaise
2024-05-28 00:52:46	ActionGesture	BrowRaise
2024-05-28 00:52:53	ActionGesture	Smile
2024-05-28 00:52:55	SenseSpeech	okay	2189
2024-05-28 00:52:55	MonitorSpeechStart	<prosody rate="1.0">Did you agree?</prosody>	741
2024-05-28 00:52:55	ActionGesture	BrowRaise
2024-05-28 00:52:57	MonitorSpeechStart	<prosody rate="1.0">The blue lights shine just as brightly because the other lights are shorted.</prosody>	3274
2024-05-28 00:52:57	ActionGesture	BrowRaise
2024-05-28 00:52:57	ActionGesture	BrowRaise
2024-05-28 00:53:00	ActionGesture	BrowRaise
2024-05-28 00:53:03	ActionGesture	Smile
2024-05-28 00:53:04	SenseSpeech	yes I agree	1114
2024-05-28 00:53:04	FlowEvent	NEW_FLOW_STATE	QuestionCheckpoint	3		CONDITION3	QuestionCheckpoint
2024-05-28 00:53:04	MonitorSpeechStart	<prosody rate="1.0">Good</prosody>	391
2024-05-28 00:53:05	MonitorSpeechStart	<prosody rate="1.0">It's FALSE</prosody>	694
2024-05-28 00:53:06	ActionGesture	BrowRaise
2024-05-28 00:53:07	MonitorSpeechStart	<prosody rate="1.0">Shall we go for it?</prosody>	1070
2024-05-28 00:53:08	ActionGesture	BrowRaise
2024-05-28 00:53:16	MonitorSpeechStart	<prosody rate="1.0">Can I ask you</prosody>	780
2024-05-28 00:53:17	ActionGesture	BrowRaise
2024-05-28 00:53:18	MonitorSpeechStart	<prosody rate="1.0">So</prosody>	386
2024-05-28 00:53:19	MonitorSpeechStart	<prosody rate="1.0">do we agree it's FALSE?</prosody>	1200
2024-05-28 00:53:20	ActionGesture	BrowRaise
2024-05-28 00:53:22	ActionGesture	Smile
2024-05-28 00:53:23	SenseSpeech	yes	912
2024-05-28 00:53:23	FlowEvent	NEW_FLOW_STATE	QuestionReview	3		CONDITION3	QuestionReview
2024-05-28 00:53:23	FlowEvent	NEW_FLOW_STATE	QuestionConfirmation	3		CONDITION3	QuestionConfirmation
2024-05-28 00:53:23	MonitorSpeechStart	<prosody rate="1.0">Nice</prosody>	438
2024-05-28 00:53:23	ActionGesture	BrowRaise
2024-05-28 00:53:24	MonitorSpeechStart	<prosody rate="1.0">Ok. I marked FALSE already. Can you mark your answer on the tablet and confim?</prosody>	4674
2024-05-28 00:53:24	ActionGesture	BrowRaise
2024-05-28 00:53:28	ActionGesture	BrowRaise
2024-05-28 00:53:28	ActionGesture	BrowRaise
2024-05-28 00:53:29	ActionGesture	BrowRaise
2024-05-28 00:53:29	GUIEvent	NEW_STAGE_REQUESTED	STAGE[4] [53] REQUESTED .. [ACCEPTED]	3	53	CONDITION3	QuestionConfirmation
2024-05-28 00:53:29	SessionEvent	ANSWER_CONFIRMED	QUESTION CONFIRMED IN GUI.	4		CONDITION3	QuestionConfirmation
2024-05-28 00:53:29	SessionEvent	QUESTION_SET	NEW QUESTION TO ACTIVATE	4		CONDITION3	QuestionConfirmation
2024-05-28 00:53:29	FlowEvent	NEW_FLOW_STATE	QuestionReflection	4		CONDITION3	QuestionReflection
2024-05-28 00:53:30	MonitorSpeechStart	<prosody rate="1.0">Alright, pulling up question 4 now</prosody>	2312
2024-05-28 00:53:32	ActionGesture	BrowRaise
2024-05-28 00:53:34	MonitorSpeechStart	<prosody rate="1.0">Got it.</prosody>	469
2024-05-28 00:53:34	ActionGesture	BrowRaise
2024-05-28 00:53:34	GUIEvent	ANSWER_MARKED	ANSWER[TRUE] [4] [53] SENT .. [ACCEPTED]	4	53	CONDITION3	QuestionReflection
2024-05-28 00:53:38	ActionGesture	Smile
2024-05-28 00:53:39	SenseSpeech	I got it	1329
2024-05-28 00:53:40	MonitorSpeechStart	<prosody rate="1.0">Mm</prosody>	208
2024-05-28 00:53:40	MonitorSpeechStart	<prosody rate="1.0">Have you answered already?</prosody>	1137
2024-05-28 00:53:41	ActionGesture	BrowRaise
2024-05-28 00:53:41	ActionGesture	BrowRaise
2024-05-28 00:53:43	ActionGesture	Smile
2024-05-28 00:53:44	SenseSpeech	yes	924
2024-05-28 00:53:44	FlowEvent	NEW_FLOW_STATE	QuestionDisclosure	4		CONDITION3	QuestionDisclosure
2024-05-28 00:53:44	MonitorSpeechStart	<prosody rate="1.0">Perfect</prosody>	513
2024-05-28 00:53:44	ActionGesture	BrowRaise
2024-05-28 00:53:45	MonitorSpeechStart	<prosody rate="1.0">It is TRUE. What did you answer?</prosody>	1962
2024-05-28 00:53:47	ActionGesture	BrowRaise
2024-05-28 00:53:50	ActionGesture	Smile
2024-05-28 00:53:52	SenseSpeech	I answer true	1321
2024-05-28 00:53:52	FlowEvent	NEW_FLOW_STATE	QuestionReview	4		CONDITION3	QuestionReview
2024-05-28 00:53:52	MonitorSpeechStart	<prosody rate="1.0">Good. You see it too?</prosody>	1507
2024-05-28 00:53:55	MonitorSpeechStart	<prosody rate="1.0">I also replied that it is false. In C1 the blue lamp is in series with the two paralleled yellow lamps, but in C2 all lamps are paralleled.</prosody>	7924
2024-05-28 00:53:55	ActionGesture	BrowRaise
2024-05-28 00:53:56	ActionGesture	BrowRaise
2024-05-28 00:53:58	ActionGesture	BrowRaise
2024-05-28 00:54:01	ActionGesture	BrowRaise
2024-05-28 00:54:03	ActionGesture	BrowRaise
2024-05-28 00:54:12	MonitorSpeechStart	<prosody rate="1.0">I mean</prosody>	609
2024-05-28 00:54:14	MonitorSpeechStart	<prosody rate="1.0">Since the total resistance is 22.5 Ohm in C1 and 5 Ohm in C2, the blue light in C2 will shine brighter.</prosody>	6843
2024-05-28 00:54:17	ActionGesture	BrowRaise
2024-05-28 00:54:20	ActionGesture	BrowRaise
2024-05-28 00:54:22	ActionGesture	Smile
2024-05-28 00:54:28	SenseSpeech	answer true	6169
2024-05-28 00:54:28	FlowEvent	NEW_FLOW_STATE	QuestionCheckpoint	4		CONDITION3	QuestionCheckpoint
2024-05-28 00:54:28	MonitorSpeechStart	<prosody rate="1.0">Super</prosody>	526
2024-05-28 00:54:28	ActionGesture	BrowRaise
2024-05-28 00:54:29	MonitorSpeechStart	<prosody rate="1.0">It's TRUE</prosody>	657
2024-05-28 00:54:31	MonitorSpeechStart	<prosody rate="1.0">Shall we go for it?</prosody>	1070
2024-05-28 00:54:31	ActionGesture	BrowRaise
2024-05-28 00:54:39	ActionGesture	Smile
2024-05-28 00:54:40	SenseSpeech	yes	909
2024-05-28 00:54:40	FlowEvent	NEW_FLOW_STATE	QuestionReview	4		CONDITION3	QuestionReview
2024-05-28 00:54:40	FlowEvent	NEW_FLOW_STATE	QuestionConfirmation	4		CONDITION3	QuestionConfirmation
2024-05-28 00:54:40	MonitorSpeechStart	<prosody rate="1.0">That's fine!</prosody>	759
2024-05-28 00:54:40	ActionGesture	BrowRaise
2024-05-28 00:54:42	MonitorSpeechStart	<prosody rate="1.0">I haven't received the next question. Can you confirm the answer?</prosody>	3345
