2024-05-19 15:17:59	Autoreload is disabled because the development mode is off.
2024-05-19 15:17:59	Application started in 0.596 seconds.
2024-05-19 15:18:00	Responding at http://127.0.0.1:8888
2024-05-19 15:18:02	----------------- NEW EXECUTION-------------------
2024-05-19 15:18:02	FlowEvent	NEW_FLOW_STATE	Sleep	0.0		UNDEFINED	Sleep
2024-05-19 15:18:02	ActionGesture	CloseEyes
2024-05-19 15:18:04	GUIEvent	GUI_RELOADED	GUI_RELOADED [ACCEPTED]	0.0	UNDEFINED	UNDEFINED	Sleep
2024-05-19 15:18:54	Autoreload is disabled because the development mode is off.
2024-05-19 15:18:54	Application started in 0.626 seconds.
2024-05-19 15:18:55	Responding at http://127.0.0.1:8888
2024-05-19 15:18:56	----------------- NEW EXECUTION-------------------
2024-05-19 15:18:56	FlowEvent	NEW_FLOW_STATE	Sleep	0.0		UNDEFINED	Sleep
2024-05-19 15:18:56	ActionGesture	CloseEyes
2024-05-19 15:19:01	GUIEvent	GUI_RELOADED	GUI_RELOADED [ACCEPTED]	0.0	UNDEFINED	UNDEFINED	Sleep
2024-05-19 15:19:01	GUIEvent	SYNCH_REQUESTED	SYNCH REQUESTED .. [ACCEPTED]	0.0	UNDEFINED	UNDEFINED	Sleep
2024-05-19 15:19:03	GUIEvent	NEW_STAGE_REQUESTED	STAGE[0.2] [3] REQUESTED .. [ACCEPTED]	0.0	UNDEFINED	UNDEFINED	Sleep
2024-05-19 15:19:03	SessionEvent	USER_SET	USER TO ACTIVATE.	0.2	3	UNDEFINED	Sleep
2024-05-19 15:19:03	FlowEvent	NEW_FLOW_STATE	Welcome	0.2		CONDITION1	Welcome
2024-05-19 15:19:03	ActionGesture	OpenEyes
2024-05-19 15:19:03	ActionGesture	Smile
2024-05-19 15:19:04	MonitorSpeechStart	0.2	983
2024-05-19 15:19:05	ActionGesture	BrowRaise
2024-05-19 15:19:06	MonitorSpeechStart	Hello there	543
2024-05-19 15:19:06	ActionGesture	BrowRaise
2024-05-19 15:19:07	MonitorSpeechStart	Nice to meet you	824
2024-05-19 15:19:07	ActionGesture	BrowRaise
2024-05-19 15:19:09	MonitorSpeechStart	How you doing?	741
2024-05-19 15:19:09	ActionGesture	BrowRaise
2024-05-19 15:19:14	ActionGesture	Smile
2024-05-19 15:19:16	SenseSpeech	do it again	1315
2024-05-19 15:19:16	MonitorSpeechStart	0.2	983
2024-05-19 15:19:16	ActionGesture	BrowRaise
2024-05-19 15:19:18	MonitorSpeechStart	Oh hello there	748
2024-05-19 15:19:18	ActionGesture	BrowRaise
2024-05-19 15:19:20	MonitorSpeechStart	Nice to meet you	824
2024-05-19 15:19:20	ActionGesture	BrowRaise
2024-05-19 15:19:21	MonitorSpeechStart	How you doing?	741
2024-05-19 15:19:22	ActionGesture	BrowRaise
2024-05-19 15:19:28	MonitorSpeechStart	Oops, I don't hear you.	1345
2024-05-19 15:19:28	ActionGesture	BrowRaise
2024-05-19 15:19:29	MonitorSpeechStart	Oh, you there.	1008
2024-05-19 15:19:30	ActionGesture	BrowRaise
