2024-05-16 10:16:04	Autoreload is disabled because the development mode is off.
2024-05-16 10:16:04	Application started in 0.749 seconds.
2024-05-16 10:16:05	Responding at http://127.0.0.1:8888
2024-05-16 10:16:07	----------------- NEW EXECUTION-------------------
2024-05-16 10:16:07	ActionGesture	CloseEyes
2024-05-16 10:16:09	GUIEvent	GUI_RELOADED	GUI_RELOADED [ACCEPTED]	0.0	UNDEFINED	UNDEFINED	Init
2024-05-16 10:16:09	GUIEvent	SYNCH_REQUESTED	SYNCH REQUESTED .. [ACCEPTED]	0.0	UNDEFINED	UNDEFINED	Init
2024-05-16 10:16:11	GUIEvent	NEW_STAGE_REQUESTED	STAGE[0.2] [13] REQUESTED .. [ACCEPTED]	0.0	UNDEFINED	UNDEFINED	Init
2024-05-16 10:16:11	SessionEvent	USER_SET	USER TO ACTIVATE.	0.2	13	UNDEFINED	Init
2024-05-16 10:16:11	ActionGesture	OpenEyes
2024-05-16 10:16:11	ActionGesture	Smile
2024-05-16 10:16:11	MonitorSpeechStart	Oh, hello there	1105
2024-05-16 10:16:12	ActionGesture	BrowRaise
2024-05-16 10:16:14	ActionGesture	BigSmile
2024-05-16 10:16:14	MonitorSpeechStart	Nice to meet you.	824
2024-05-16 10:16:14	ActionGesture	BrowRaise
2024-05-16 10:16:15	GUIEvent	NEW_STAGE_REQUESTED	STAGE[1] [13] REQUESTED .. [ACCEPTED]	0.2	13	CONDITION1	Init
2024-05-16 10:16:15	SessionEvent	QUESTION_SET	NEW QUESTION TO ACTIVATE	1		CONDITION1	Init
2024-05-16 10:20:45	Autoreload is disabled because the development mode is off.
2024-05-16 10:20:45	Application started in 0.499 seconds.
2024-05-16 10:20:45	Responding at http://127.0.0.1:8888
2024-05-16 10:20:47	----------------- NEW EXECUTION-------------------
2024-05-16 10:20:47	ActionGesture	CloseEyes
2024-05-16 10:20:53	GUIEvent	GUI_RELOADED	GUI_RELOADED [ACCEPTED]	0.0	UNDEFINED	UNDEFINED	Init
2024-05-16 10:20:53	GUIEvent	SYNCH_REQUESTED	SYNCH REQUESTED .. [ACCEPTED]	0.0	UNDEFINED	UNDEFINED	Init
2024-05-16 10:20:54	GUIEvent	NEW_STAGE_REQUESTED	STAGE[0.2] [4] REQUESTED .. [ACCEPTED]	0.0	UNDEFINED	UNDEFINED	Init
2024-05-16 10:20:54	SessionEvent	USER_SET	USER TO ACTIVATE.	0.2	4	UNDEFINED	Init
2024-05-16 10:20:54	ActionGesture	OpenEyes
2024-05-16 10:20:54	ActionGesture	Smile
2024-05-16 10:20:55	MonitorSpeechStart	Oh, hello there	1105
2024-05-16 10:20:56	ActionGesture	BrowRaise
2024-05-16 10:20:57	ActionGesture	BigSmile
2024-05-16 10:20:57	MonitorSpeechStart	Nice to meet you.	824
2024-05-16 10:20:57	ActionGesture	BrowRaise
2024-05-16 10:20:59	GUIEvent	NEW_STAGE_REQUESTED	STAGE[1] [4] REQUESTED .. [ACCEPTED]	0.2	4	CONDITION1	Init
2024-05-16 10:20:59	SessionEvent	QUESTION_SET	NEW QUESTION TO ACTIVATE	1		CONDITION1	Init
2024-05-16 10:20:59	MonitorSpeechStart	Ok #QNUM#. Let's see	2658
2024-05-16 10:21:00	ActionGesture	BrowRaise
2024-05-16 10:21:01	ActionGesture	BrowRaise
2024-05-16 10:24:57	Autoreload is disabled because the development mode is off.
2024-05-16 10:24:58	Application started in 0.497 seconds.
2024-05-16 10:24:58	Responding at http://127.0.0.1:8888
2024-05-16 10:25:00	----------------- NEW EXECUTION-------------------
2024-05-16 10:25:00	ActionGesture	CloseEyes
2024-05-16 10:25:04	GUIEvent	GUI_RELOADED	GUI_RELOADED [ACCEPTED]	0.0	UNDEFINED	UNDEFINED	Init
2024-05-16 10:25:04	GUIEvent	SYNCH_REQUESTED	SYNCH REQUESTED .. [ACCEPTED]	0.0	UNDEFINED	UNDEFINED	Init
2024-05-16 10:25:06	GUIEvent	NEW_STAGE_REQUESTED	STAGE[0.2] [4] REQUESTED .. [ACCEPTED]	0.0	UNDEFINED	UNDEFINED	Init
2024-05-16 10:25:06	SessionEvent	USER_SET	USER TO ACTIVATE.	0.2	4	UNDEFINED	Init
2024-05-16 10:25:06	ActionGesture	OpenEyes
2024-05-16 10:25:06	ActionGesture	Smile
2024-05-16 10:25:06	MonitorSpeechStart	Hi there	477
2024-05-16 10:25:06	ActionGesture	BrowRaise
2024-05-16 10:25:07	ActionGesture	BigSmile
2024-05-16 10:25:08	MonitorSpeechStart	Nice to meet you.	824
2024-05-16 10:25:08	ActionGesture	BrowRaise
2024-05-16 10:25:09	MonitorSpeechStart	How you doing?	741
2024-05-16 10:25:09	ActionGesture	BrowRaise
2024-05-16 10:25:12	GUIEvent	NEW_STAGE_REQUESTED	STAGE[1] [4] REQUESTED .. [ACCEPTED]	0.2	4	CONDITION1	Init
2024-05-16 10:25:12	SessionEvent	QUESTION_SET	NEW QUESTION TO ACTIVATE	1		CONDITION1	Init
2024-05-16 10:25:12	MonitorSpeechStart	Ok #QNUM#. Let's see	2658
2024-05-16 10:25:13	ActionGesture	BrowRaise
2024-05-16 10:25:14	ActionGesture	BrowRaise
2024-05-16 10:25:18	ActionGesture	Smile
2024-05-16 10:25:19	SenseSpeech	no	1039
2024-05-16 10:27:54	Autoreload is disabled because the development mode is off.
2024-05-16 10:27:55	Application started in 0.613 seconds.
2024-05-16 10:27:55	Responding at http://127.0.0.1:8888
2024-05-16 10:27:57	----------------- NEW EXECUTION-------------------
2024-05-16 10:27:57	ActionGesture	CloseEyes
2024-05-16 10:28:02	GUIEvent	GUI_RELOADED	GUI_RELOADED [ACCEPTED]	0.0	UNDEFINED	UNDEFINED	Init
2024-05-16 10:28:02	GUIEvent	SYNCH_REQUESTED	SYNCH REQUESTED .. [ACCEPTED]	0.0	UNDEFINED	UNDEFINED	Init
2024-05-16 10:28:08	GUIEvent	NEW_STAGE_REQUESTED	STAGE[0.2] [2] REQUESTED .. [ACCEPTED]	0.0	UNDEFINED	UNDEFINED	Init
2024-05-16 10:28:08	SessionEvent	USER_SET	USER TO ACTIVATE.	0.2	2	UNDEFINED	Init
2024-05-16 10:28:08	ActionGesture	OpenEyes
2024-05-16 10:28:08	ActionGesture	Smile
2024-05-16 10:28:09	MonitorSpeechStart	Oh, hello there	1105
2024-05-16 10:28:09	ActionGesture	BrowRaise
2024-05-16 10:28:11	ActionGesture	BigSmile
2024-05-16 10:28:11	MonitorSpeechStart	Nice to meet you.	824
2024-05-16 10:28:11	ActionGesture	BrowRaise
2024-05-16 10:28:13	MonitorSpeechStart	How you doing?	741
2024-05-16 10:28:13	ActionGesture	BrowRaise
2024-05-16 10:28:13	GUIEvent	NEW_STAGE_REQUESTED	STAGE[1] [2] REQUESTED .. [ACCEPTED]	0.2	2	CONDITION1	Init
2024-05-16 10:28:13	SessionEvent	QUESTION_SET	NEW QUESTION TO ACTIVATE	1		CONDITION1	Init
2024-05-16 10:28:14	MonitorSpeechStart	Ok #QNUM#. Let's see	2658
2024-05-16 10:28:15	ActionGesture	BrowRaise
2024-05-16 10:28:16	ActionGesture	BrowRaise
2024-05-16 10:28:20	ActionGesture	Smile
2024-05-16 10:28:21	SenseSpeech	yes	1006
2024-05-16 10:28:22	MonitorSpeechStart	ASSENT	577
2024-05-16 10:28:22	ActionGesture	BrowRaise
2024-05-16 10:28:23	MonitorSpeechStart	We need to mark the answer.	1250
2024-05-16 10:28:24	ActionGesture	BrowRaise
2024-05-16 10:28:28	ActionGesture	Smile
2024-05-16 10:28:29	SenseSpeech	no	1035
2024-05-16 10:30:08	Autoreload is disabled because the development mode is off.
2024-05-16 10:30:09	Application started in 0.598 seconds.
2024-05-16 10:30:09	Responding at http://127.0.0.1:8888
2024-05-16 10:30:11	----------------- NEW EXECUTION-------------------
2024-05-16 10:30:11	ActionGesture	CloseEyes
2024-05-16 10:30:13	GUIEvent	GUI_RELOADED	GUI_RELOADED [ACCEPTED]	0.0	UNDEFINED	UNDEFINED	Init
2024-05-16 10:30:13	GUIEvent	SYNCH_REQUESTED	SYNCH REQUESTED .. [ACCEPTED]	0.0	UNDEFINED	UNDEFINED	Init
2024-05-16 10:30:15	GUIEvent	NEW_STAGE_REQUESTED	STAGE[0.2] [2] REQUESTED .. [ACCEPTED]	0.0	UNDEFINED	UNDEFINED	Init
2024-05-16 10:30:15	SessionEvent	USER_SET	USER TO ACTIVATE.	0.2	2	UNDEFINED	Init
2024-05-16 10:30:15	ActionGesture	OpenEyes
2024-05-16 10:30:15	ActionGesture	Smile
2024-05-16 10:30:15	MonitorSpeechStart	Hi there	477
2024-05-16 10:30:15	ActionGesture	BrowRaise
2024-05-16 10:30:17	ActionGesture	BigSmile
2024-05-16 10:30:17	MonitorSpeechStart	Nice to meet you.	824
2024-05-16 10:30:17	ActionGesture	BrowRaise
2024-05-16 10:30:19	GUIEvent	NEW_STAGE_REQUESTED	STAGE[1] [2] REQUESTED .. [ACCEPTED]	0.2	2	CONDITION1	Init
2024-05-16 10:30:19	SessionEvent	QUESTION_SET	NEW QUESTION TO ACTIVATE	1		CONDITION1	Init
2024-05-16 10:30:19	MonitorSpeechStart	Ok #QNUM#. Let's see	2658
2024-05-16 10:30:20	ActionGesture	BrowRaise
2024-05-16 10:30:21	ActionGesture	BrowRaise
2024-05-16 10:30:25	ActionGesture	Smile
2024-05-16 10:30:26	SenseSpeech	no	882
2024-05-16 10:33:15	Autoreload is disabled because the development mode is off.
2024-05-16 10:33:16	Application started in 0.636 seconds.
2024-05-16 10:33:16	Responding at http://127.0.0.1:8888
2024-05-16 10:33:18	----------------- NEW EXECUTION-------------------
2024-05-16 10:33:18	ActionGesture	CloseEyes
2024-05-16 10:33:23	GUIEvent	GUI_RELOADED	GUI_RELOADED [ACCEPTED]	0.0	UNDEFINED	UNDEFINED	Init
2024-05-16 10:33:23	GUIEvent	SYNCH_REQUESTED	SYNCH REQUESTED .. [ACCEPTED]	0.0	UNDEFINED	UNDEFINED	Init
2024-05-16 10:33:24	GUIEvent	NEW_STAGE_REQUESTED	STAGE[0.2] [19] REQUESTED .. [ACCEPTED]	0.0	UNDEFINED	UNDEFINED	Init
2024-05-16 10:33:24	SessionEvent	USER_SET	USER TO ACTIVATE.	0.2	19	UNDEFINED	Init
2024-05-16 10:33:24	ActionGesture	OpenEyes
2024-05-16 10:33:24	ActionGesture	Smile
2024-05-16 10:33:24	MonitorSpeechStart	Hi there	477
2024-05-16 10:33:25	ActionGesture	BrowRaise
2024-05-16 10:33:26	ActionGesture	BigSmile
2024-05-16 10:33:26	MonitorSpeechStart	Nice to meet you.	824
2024-05-16 10:33:26	ActionGesture	BrowRaise
2024-05-16 10:33:28	MonitorSpeechStart	How you doing?	741
2024-05-16 10:33:28	ActionGesture	BrowRaise
2024-05-16 10:33:29	GUIEvent	NEW_STAGE_REQUESTED	STAGE[1] [19] REQUESTED .. [ACCEPTED]	0.2	19	CONDITION1	Init
2024-05-16 10:33:29	SessionEvent	QUESTION_SET	NEW QUESTION TO ACTIVATE	1		CONDITION1	Init
2024-05-16 10:33:40	MonitorSpeechStart	Ok #QNUM#. Let's see	2658
2024-05-16 10:33:41	ActionGesture	BrowRaise
2024-05-16 10:33:42	ActionGesture	BrowRaise
2024-05-16 10:33:45	ActionGesture	Smile
2024-05-16 10:33:46	SenseSpeech	no	839
2024-05-16 10:33:47	MonitorSpeechStart	DENIAL	524
2024-05-16 10:33:48	ActionGesture	BrowRaise
2024-05-16 10:33:48	MonitorSpeechStart	We need to mark the answer.	1250
2024-05-16 10:33:49	ActionGesture	BrowRaise
2024-05-16 10:33:53	ActionGesture	Smile
2024-05-16 10:33:54	SenseSpeech	I disagree	1297
2024-05-16 10:33:54	MonitorSpeechStart	DENIAL	524
2024-05-16 10:33:54	ActionGesture	BrowRaise
2024-05-16 10:33:55	MonitorSpeechStart	I think we need to mark the answer. I did already.	2807
2024-05-16 10:33:56	ActionGesture	BrowRaise
