2024-05-28 12:17:45	Autoreload is disabled because the development mode is off.
2024-05-28 12:17:46	Application started in 0.638 seconds.
2024-05-28 12:17:46	Responding at http://127.0.0.1:8888
2024-05-28 12:17:49	----------------- NEW EXECUTION-------------------
2024-05-28 12:17:49	FlowEvent	NEW_FLOW_STATE	Sleep	0.0		UNDEFINED	Sleep
2024-05-28 12:17:49	ActionGesture	CloseEyes
2024-05-28 12:17:49	ActionGesture	CloseEyes
2024-05-28 12:19:14	GUIEvent	GUI_RELOADED	GUI_RELOADED [ACCEPTED]	0.0	UNDEFINED	UNDEFINED	Sleep
2024-05-28 12:19:51	MonitorSpeechStart	<prosody rate="1.0">No start signal received, terminating the program.</prosody>	2929
2024-05-28 12:19:54	ActionGesture	BrowRaise
2024-05-28 12:20:02	Autoreload is disabled because the development mode is off.
2024-05-28 12:20:02	Application started in 0.645 seconds.
2024-05-28 12:20:03	Responding at http://127.0.0.1:8888
2024-05-28 12:20:06	----------------- NEW EXECUTION-------------------
2024-05-28 12:20:06	FlowEvent	NEW_FLOW_STATE	Sleep	0.0		UNDEFINED	Sleep
2024-05-28 12:20:06	ActionGesture	CloseEyes
2024-05-28 12:20:06	ActionGesture	CloseEyes
2024-05-28 12:20:15	GUIEvent	GUI_RELOADED	GUI_RELOADED [ACCEPTED]	0.0	UNDEFINED	UNDEFINED	Sleep
2024-05-28 12:20:37	GUIEvent	NEW_STAGE_REQUESTED	STAGE[0.2] [4] REQUESTED .. [ACCEPTED]	0.0	UNDEFINED	UNDEFINED	Sleep
2024-05-28 12:20:37	SessionEvent	USER_SET	USER TO ACTIVATE.	0.2	4	UNDEFINED	Sleep
2024-05-28 12:20:37	FlowEvent	NEW_FLOW_STATE	Welcome	0.2		CONDITION1	Welcome
2024-05-28 12:20:37	ActionGesture	OpenEyes
2024-05-28 12:20:37	ActionGesture	Smile
2024-05-28 12:20:38	MonitorSpeechStart	<prosody rate="1.0">Hello there</prosody>	543
2024-05-28 12:20:38	ActionGesture	BrowRaise
2024-05-28 12:20:40	MonitorSpeechStart	<prosody rate="1.0">Nice to meet you</prosody>	824
2024-05-28 12:20:40	ActionGesture	BrowRaise
2024-05-28 12:20:42	MonitorSpeechStart	<prosody rate="1.0">How you doing?</prosody>	741
2024-05-28 12:20:42	ActionGesture	BrowRaise
2024-05-28 12:20:50	FlowEvent	NEW_FLOW_STATE	ReviewInstructions	0.2		CONDITION1	ReviewInstructions
2024-05-28 12:20:51	MonitorSpeechStart	<prosody rate="1.0">Right, as far as I know,we will get some Electronics questions to resolve together. Somebody told you?</prosody>	6104
2024-05-28 12:20:51	ActionGesture	BrowRaise
2024-05-28 12:20:52	ActionGesture	BrowRaise
2024-05-28 12:20:55	ActionGesture	BrowRaise
2024-05-28 12:20:56	ActionGesture	BrowRaise
2024-05-28 12:21:06	MonitorSpeechStart	<prosody rate="1.0">Sorry</prosody>	510
2024-05-28 12:21:06	ActionGesture	BrowRaise
2024-05-28 12:21:08	MonitorSpeechStart	<prosody rate="1.0">I could not hear you</prosody>	897
2024-05-28 12:21:09	ActionGesture	BrowRaise
2024-05-28 12:21:10	MonitorSpeechStart	<prosody rate="1.0">You know something about our meeting?</prosody>	1349
2024-05-28 12:21:11	ActionGesture	BrowRaise
2024-05-28 12:21:21	MonitorSpeechStart	<prosody rate="1.0">Mm,</prosody>	248
2024-05-28 12:21:23	MonitorSpeechStart	<prosody rate="1.0">I am starting to think you're not there</prosody>	1635
2024-05-28 12:21:24	ActionGesture	BrowRaise
2024-05-28 12:21:24	ActionGesture	BrowRaise
2024-05-28 12:21:34	MonitorSpeechStart	<prosody rate="1.0">Electronics problems, me and you. Did you know?</prosody>	3027
2024-05-28 12:21:35	ActionGesture	BrowRaise
2024-05-28 12:21:36	ActionGesture	BrowRaise
2024-05-28 12:21:45	MonitorSpeechStart	<prosody rate="1.0">Right, as far as I know,we will get some Electronics questions to resolve together. Somebody told you?</prosody>	6104
2024-05-28 12:21:45	ActionGesture	BrowRaise
2024-05-28 12:21:46	ActionGesture	BrowRaise
2024-05-28 12:21:50	ActionGesture	BrowRaise
2024-05-28 12:21:51	ActionGesture	BrowRaise
2024-05-28 12:21:57	ActionGesture	Smile
2024-05-28 12:22:30	GUIEvent	GUI_STARTED	GUI_STARTED [ACCEPTED]	0.2	4	CONDITION1	ReviewInstructions
2024-05-28 12:22:54	Autoreload is disabled because the development mode is off.
2024-05-28 12:22:55	Application started in 0.609 seconds.
2024-05-28 12:22:55	Responding at http://127.0.0.1:8888
2024-05-28 12:22:58	----------------- NEW EXECUTION-------------------
2024-05-28 12:22:59	FlowEvent	NEW_FLOW_STATE	Sleep	0.0		UNDEFINED	Sleep
2024-05-28 12:22:59	ActionGesture	CloseEyes
2024-05-28 12:22:59	ActionGesture	CloseEyes
2024-05-28 12:23:02	GUIEvent	GUI_RELOADED	GUI_RELOADED [ACCEPTED]	0.0	UNDEFINED	UNDEFINED	Sleep
2024-05-28 12:23:04	GUIEvent	NEW_STAGE_REQUESTED	STAGE[0.2] [4] REQUESTED .. [ACCEPTED]	0.0	UNDEFINED	UNDEFINED	Sleep
2024-05-28 12:23:04	SessionEvent	USER_SET	USER TO ACTIVATE.	0.2	4	UNDEFINED	Sleep
2024-05-28 12:23:04	FlowEvent	NEW_FLOW_STATE	Welcome	0.2		CONDITION1	Welcome
2024-05-28 12:23:04	ActionGesture	OpenEyes
2024-05-28 12:23:04	ActionGesture	Smile
2024-05-28 12:23:05	MonitorSpeechStart	<prosody rate="1.0">Hello there</prosody>	543
2024-05-28 12:23:06	ActionGesture	BrowRaise
2024-05-28 12:23:07	MonitorSpeechStart	<prosody rate="1.0">Nice to meet you</prosody>	824
2024-05-28 12:23:07	ActionGesture	BrowRaise
2024-05-28 12:23:09	MonitorSpeechStart	<prosody rate="1.0">How you doing?</prosody>	741
2024-05-28 12:23:09	ActionGesture	BrowRaise
2024-05-28 12:23:12	ActionGesture	Smile
2024-05-28 12:23:15	SenseSpeech	I think we will have to go for the the social	3198
2024-05-28 12:23:15	FlowEvent	NEW_FLOW_STATE	ReviewInstructions	0.2		CONDITION1	ReviewInstructions
2024-05-28 12:23:15	MonitorSpeechStart	<prosody rate="1.0">Right, as far as I know,we will get some Electronics questions to resolve together. Somebody told you?</prosody>	6104
2024-05-28 12:23:16	ActionGesture	BrowRaise
2024-05-28 12:23:17	ActionGesture	BrowRaise
2024-05-28 12:23:20	ActionGesture	BrowRaise
2024-05-28 12:23:21	ActionGesture	BrowRaise
2024-05-28 12:23:23	ActionGesture	Smile
2024-05-28 12:23:37	SenseSpeech	I mean I could try more things but this setup but I but I think we need to go we don't have time to lose to waste uh I try to cast this by bluetooth you have to Bluetooth	13583
2024-05-28 12:23:37	SenseNLUIntent	I mean I could try more things but this setup but I but I think we need to go we don't have time to lose to waste uh I try to cast this by bluetooth you have to Bluetooth	No
2024-05-28 12:23:37	SenseNLUIntent	I mean I could try more things but this setup but I but I think we need to go we don't have time to lose to waste uh I try to cast this by bluetooth you have to Bluetooth	Disagree
2024-05-28 12:23:37	MonitorSpeechStart	<prosody rate="1.0">Oh</prosody>	459
2024-05-28 12:23:38	MonitorSpeechStart	<prosody rate="1.0">well</prosody>	454
2024-05-28 12:23:38	ActionGesture	BrowRaise
2024-05-28 12:23:41	MonitorSpeechStart	<prosody rate="1.0">Basically a question will come up on the tablet, I receive it, we think, we answer separately and then we discuss</prosody>	5938
2024-05-28 12:23:41	ActionGesture	BrowRaise
2024-05-28 12:23:43	ActionGesture	BrowRaise
2024-05-28 12:23:46	ActionGesture	BrowRaise
2024-05-28 12:23:49	MonitorSpeechStart	<prosody rate="1.0">Do you want me to explain or are you ready?</prosody>	1666
2024-05-28 12:23:50	ActionGesture	BrowRaise
2024-05-28 12:23:50	ActionGesture	BrowRaise
2024-05-28 12:23:52	ActionGesture	Smile
2024-05-28 12:23:52	SenseSpeech	so	831
2024-05-28 12:23:52	SenseNLUIntent	so	ElaborationRequest
2024-05-28 12:23:53	MonitorSpeechStart	<prosody rate="1.0">well</prosody>	454
2024-05-28 12:23:53	ActionGesture	BrowRaise
2024-05-28 12:23:54	MonitorSpeechStart	<prosody rate="1.0">The questions will appear one by one on the tablet</prosody>	2314
2024-05-28 12:23:56	ActionGesture	BrowRaise
2024-05-28 12:23:56	ActionGesture	BrowRaise
2024-05-28 12:23:57	ActionGesture	BrowRaise
2024-05-28 12:23:58	MonitorSpeechStart	<prosody rate="1.0">For each one, we will have time to think</prosody>	2119
2024-05-28 12:24:00	ActionGesture	BrowRaise
2024-05-28 12:24:02	MonitorSpeechStart	<prosody rate="1.0">Then you mark your answer and I will mark mine</prosody>	2073
2024-05-28 12:24:04	ActionGesture	BrowRaise
2024-05-28 12:24:06	MonitorSpeechStart	<prosody rate="1.0">You ready?</prosody>	531
2024-05-28 12:24:06	ActionGesture	BrowRaise
2024-05-28 12:24:11	ActionGesture	Smile
2024-05-28 12:24:20	SenseSpeech	so then you have to have the the attached to be connected like with cable so if we if we should use doesn't upload	8959
2024-05-28 12:24:20	SenseNLUIntent	so then you have to have the the attached to be connected like with cable so if we if we should use doesn't upload	Yes
2024-05-28 12:24:20	SenseNLUIntent	so then you have to have the the attached to be connected like with cable so if we if we should use doesn't upload	No
2024-05-28 12:24:21	MonitorSpeechStart	<prosody rate="1.0">mm,</prosody>	248
2024-05-28 12:24:23	MonitorSpeechStart	<prosody rate="1.0">I see!</prosody>	670
2024-05-28 12:24:25	MonitorSpeechStart	<prosody rate="1.0">I never seen this before, but I'm sure it'll be easier once we start</prosody>	3584
2024-05-28 12:24:26	ActionGesture	BrowRaise
2024-05-28 12:24:28	ActionGesture	BrowRaise
2024-05-28 12:24:30	MonitorSpeechStart	<prosody rate="1.0">Shall we?</prosody>	473
2024-05-28 12:24:30	ActionGesture	BrowRaise
2024-05-28 12:24:31	ActionGesture	Smile
2024-05-28 12:24:32	SenseSpeech	you can try	985
2024-05-28 12:24:33	MonitorSpeechStart	<prosody rate="1.0">Basically a question will come up on the tablet, I receive it, we think, we answer separately and then we discuss</prosody>	5938
2024-05-28 12:24:33	ActionGesture	BrowRaise
2024-05-28 12:24:35	ActionGesture	BrowRaise
2024-05-28 12:24:38	ActionGesture	BrowRaise
2024-05-28 12:24:40	MonitorSpeechStart	<prosody rate="1.0">I am eager to start</prosody>	1083
2024-05-28 12:24:41	ActionGesture	BrowRaise
2024-05-28 12:24:43	MonitorSpeechStart	<prosody rate="1.0">You?</prosody>	473
2024-05-28 12:24:45	ActionGesture	Smile
2024-05-28 12:24:48	SenseSpeech	okay I need to have the the television at home	3368
2024-05-28 12:24:48	SenseNLUIntent	okay I need to have the the television at home	Yes
2024-05-28 12:24:48	MonitorSpeechStart	<prosody rate="1.0">Perfect</prosody>	513
2024-05-28 12:24:48	ActionGesture	BrowRaise
2024-05-28 12:24:50	MonitorSpeechStart	<prosody rate="1.0">Ok, when you press the button I will receive the first question, and show on the screen. Whenever you want.</prosody>	5763
2024-05-28 12:24:51	ActionGesture	BrowRaise
2024-05-28 12:24:53	ActionGesture	BrowRaise
2024-05-28 12:24:54	ActionGesture	BrowRaise
2024-05-28 12:24:56	ActionGesture	BrowRaise
2024-05-28 12:24:57	ActionGesture	Smile
2024-05-28 12:25:04	SenseSpeech	15 years old or something let's see here you may be right but uh but uh but now you can I I don't know if it's that uh	7240
2024-05-28 12:25:04	SenseNLUIntent	15 years old or something let's see here you may be right but uh but uh but now you can I I don't know if it's that uh	Yes
2024-05-28 12:25:04	SenseNLUIntent	15 years old or something let's see here you may be right but uh but uh but now you can I I don't know if it's that uh	DontKnow
2024-05-28 12:25:05	MonitorSpeechStart	<prosody rate="1.0">Nice</prosody>	438
2024-05-28 12:25:05	ActionGesture	BrowRaise
2024-05-28 12:25:07	MonitorSpeechStart	<prosody rate="1.0">I am ready, go ahead and press the button.</prosody>	2131
2024-05-28 12:25:07	ActionGesture	BrowRaise
2024-05-28 12:25:09	ActionGesture	BrowRaise
2024-05-28 12:25:10	ActionGesture	Smile
2024-05-28 12:25:14	SenseSpeech	and he does then we go for the for the	3293
2024-05-28 12:25:14	MonitorSpeechStart	<prosody rate="1.0">Good</prosody>	391
2024-05-28 12:25:16	MonitorSpeechStart	<prosody rate="1.0">I'm afraid I am very stubborn</prosody>	1515
2024-05-28 12:25:16	ActionGesture	BrowRaise
2024-05-28 12:25:17	ActionGesture	BrowRaise
2024-05-28 12:25:19	MonitorSpeechStart	<prosody rate="1.0">I cannot wait for you to press the button</prosody>	1829
2024-05-28 12:25:19	ActionGesture	BrowRaise
2024-05-28 12:25:20	ActionGesture	BrowRaise
2024-05-28 12:25:21	ActionGesture	Smile
2024-05-28 12:25:27	SenseSpeech	so I'm not sure that it will be possible to to use this screen then we may	5558
2024-05-28 12:25:27	SenseNLUIntent	so I'm not sure that it will be possible to to use this screen then we may	Yes
2024-05-28 12:25:27	SenseNLUIntent	so I'm not sure that it will be possible to to use this screen then we may	Maybe
2024-05-28 12:25:28	MonitorSpeechStart	<prosody rate="1.0">Super</prosody>	526
2024-05-28 12:25:28	ActionGesture	BrowRaise
2024-05-28 12:25:29	MonitorSpeechStart	<prosody rate="1.0">I am ready when you ready</prosody>	1183
2024-05-28 12:25:29	ActionGesture	BrowRaise
2024-05-28 12:25:30	ActionGesture	BrowRaise
2024-05-28 12:25:32	MonitorSpeechStart	<prosody rate="1.0">! Go ahead!</prosody>	1529
2024-05-28 12:25:33	ActionGesture	BrowRaise
2024-05-28 12:25:36	ActionGesture	Smile
2024-05-28 12:25:41	SenseSpeech	yeah so Bluetooth is on	5446
2024-05-28 12:25:41	SenseNLUIntent	yeah so Bluetooth is on	Yes
2024-05-28 12:25:41	SenseNLUIntent	yeah so Bluetooth is on	ElaborationRequest
2024-05-28 12:25:42	MonitorSpeechStart	<prosody rate="1.0">That's fine!</prosody>	759
2024-05-28 12:25:42	ActionGesture	BrowRaise
2024-05-28 12:25:43	MonitorSpeechStart	<prosody rate="1.0">Ok, when you press the button I will receive the first question, and show on the screen. Whenever you want.</prosody>	5763
2024-05-28 12:25:44	ActionGesture	BrowRaise
2024-05-28 12:25:46	ActionGesture	BrowRaise
2024-05-28 12:25:47	ActionGesture	BrowRaise
2024-05-28 12:25:49	ActionGesture	BrowRaise
2024-05-28 12:25:51	ActionGesture	Smile
2024-05-28 12:25:55	SenseSpeech	receive it would be a server yeah yeah	4322
2024-05-28 12:25:55	SenseNLUIntent	receive it would be a server yeah yeah	Yes
2024-05-28 12:25:56	MonitorSpeechStart	<prosody rate="1.0">Perfect</prosody>	513
2024-05-28 12:25:56	ActionGesture	BrowRaise
2024-05-28 12:25:57	MonitorSpeechStart	<prosody rate="1.0">I am ready, go ahead and press the button.</prosody>	2131
2024-05-28 12:25:57	ActionGesture	BrowRaise
2024-05-28 12:25:59	ActionGesture	BrowRaise
2024-05-28 12:26:04	ActionGesture	Smile
2024-05-28 12:26:05	SenseSpeech	switch off the	1431
2024-05-28 12:26:06	MonitorSpeechStart	<prosody rate="1.0">Nice</prosody>	438
2024-05-28 12:26:06	ActionGesture	BrowRaise
2024-05-28 12:26:07	MonitorSpeechStart	<prosody rate="1.0">I'm afraid I am very stubborn</prosody>	1515
2024-05-28 12:26:08	ActionGesture	BrowRaise
2024-05-28 12:26:08	ActionGesture	BrowRaise
2024-05-28 12:26:10	MonitorSpeechStart	<prosody rate="1.0">I cannot wait for you to press the button</prosody>	1829
2024-05-28 12:26:10	ActionGesture	BrowRaise
2024-05-28 12:26:11	ActionGesture	BrowRaise
2024-05-28 12:26:14	ActionGesture	Smile
2024-05-28 12:26:17	SenseSpeech	yeah and there is a command	2904
2024-05-28 12:26:17	SenseNLUIntent	yeah and there is a command	Yes
2024-05-28 12:26:17	MonitorSpeechStart	<prosody rate="1.0">Good</prosody>	391
2024-05-28 12:26:19	MonitorSpeechStart	<prosody rate="1.0">I am ready when you ready</prosody>	1183
2024-05-28 12:26:19	ActionGesture	BrowRaise
2024-05-28 12:26:20	ActionGesture	BrowRaise
2024-05-28 12:26:21	MonitorSpeechStart	<prosody rate="1.0">! Go ahead!</prosody>	1529
2024-05-28 12:26:22	ActionGesture	BrowRaise
2024-05-28 12:26:25	ActionGesture	Smile
2024-05-28 12:26:27	SenseSpeech	because you have	1294
2024-05-28 12:26:27	MonitorSpeechStart	<prosody rate="1.0">Super</prosody>	526
2024-05-28 12:26:27	ActionGesture	BrowRaise
2024-05-28 12:26:29	MonitorSpeechStart	<prosody rate="1.0">Ok, when you press the button I will receive the first question, and show on the screen. Whenever you want.</prosody>	5763
2024-05-28 12:26:29	ActionGesture	BrowRaise
2024-05-28 12:26:31	ActionGesture	BrowRaise
2024-05-28 12:26:32	ActionGesture	BrowRaise
2024-05-28 12:26:34	ActionGesture	BrowRaise
2024-05-28 12:26:36	ActionGesture	Smile
2024-05-28 12:26:37	SenseSpeech	to test	1040
2024-05-28 12:26:37	MonitorSpeechStart	<prosody rate="1.0">That's fine!</prosody>	759
2024-05-28 12:26:38	ActionGesture	BrowRaise
2024-05-28 12:26:39	MonitorSpeechStart	<prosody rate="1.0">I am ready, go ahead and press the button.</prosody>	2131
2024-05-28 12:26:39	ActionGesture	BrowRaise
2024-05-28 12:26:41	ActionGesture	BrowRaise
2024-05-28 12:26:42	ActionGesture	Smile
2024-05-28 12:26:49	SenseSpeech	yeah I think so well we do we should try to do this I'm I'm asking out loud because I I	5965
2024-05-28 12:26:49	SenseNLUIntent	yeah I think so well we do we should try to do this I'm I'm asking out loud because I I	Yes
2024-05-28 12:26:49	SenseNLUIntent	yeah I think so well we do we should try to do this I'm I'm asking out loud because I I	Agree
2024-05-28 12:26:49	MonitorSpeechStart	<prosody rate="1.0">Perfect</prosody>	513
2024-05-28 12:26:49	ActionGesture	BrowRaise
2024-05-28 12:26:50	MonitorSpeechStart	<prosody rate="1.0">I'm afraid I am very stubborn</prosody>	1515
2024-05-28 12:26:51	ActionGesture	BrowRaise
2024-05-28 12:26:52	ActionGesture	BrowRaise
2024-05-28 12:26:53	MonitorSpeechStart	<prosody rate="1.0">I cannot wait for you to press the button</prosody>	1829
2024-05-28 12:26:53	ActionGesture	BrowRaise
2024-05-28 12:26:54	ActionGesture	BrowRaise
2024-05-28 12:26:56	ActionGesture	Smile
2024-05-28 12:26:58	SenseSpeech	no no no no this this is	2197
2024-05-28 12:26:58	SenseNLUIntent	no no no no this this is	No
2024-05-28 12:26:59	MonitorSpeechStart	<prosody rate="1.0">Nice</prosody>	438
2024-05-28 12:26:59	ActionGesture	BrowRaise
2024-05-28 12:27:00	MonitorSpeechStart	<prosody rate="1.0">I am ready when you ready</prosody>	1183
2024-05-28 12:27:00	ActionGesture	BrowRaise
2024-05-28 12:27:01	ActionGesture	BrowRaise
2024-05-28 12:27:02	MonitorSpeechStart	<prosody rate="1.0">! Go ahead!</prosody>	1529
2024-05-28 12:27:04	ActionGesture	BrowRaise
2024-05-28 12:27:12	MonitorSpeechStart	<prosody rate="1.0">Good</prosody>	391
2024-05-28 12:27:13	MonitorSpeechStart	<prosody rate="1.0">Ok, when you press the button I will receive the first question, and show on the screen. Whenever you want.</prosody>	5763
2024-05-28 12:27:14	ActionGesture	BrowRaise
2024-05-28 12:27:16	ActionGesture	BrowRaise
2024-05-28 12:27:17	ActionGesture	BrowRaise
2024-05-28 12:27:19	ActionGesture	BrowRaise
2024-05-28 12:27:23	FlowEvent	NEW_FLOW_STATE	Welcome	0.2		CONDITION1	Welcome
2024-05-28 12:27:23	ActionGesture	OpenEyes
2024-05-28 12:27:23	ActionGesture	Smile
2024-05-28 12:27:25	MonitorSpeechStart	<prosody rate="1.0">Oh hello there</prosody>	748
2024-05-28 12:27:25	ActionGesture	BrowRaise
2024-05-28 12:27:27	MonitorSpeechStart	<prosody rate="1.0">Nice to meet you</prosody>	824
2024-05-28 12:27:27	ActionGesture	BrowRaise
2024-05-28 12:27:29	MonitorSpeechStart	<prosody rate="1.0">How you doing?</prosody>	741
2024-05-28 12:27:29	ActionGesture	BrowRaise
2024-05-28 12:27:38	FlowEvent	NEW_FLOW_STATE	ReviewInstructions	0.2		CONDITION1	ReviewInstructions
2024-05-28 12:27:38	MonitorSpeechStart	<prosody rate="1.0">Sorry</prosody>	510
2024-05-28 12:27:38	ActionGesture	BrowRaise
2024-05-28 12:27:40	MonitorSpeechStart	<prosody rate="1.0">I could not hear you</prosody>	897
2024-05-28 12:27:40	ActionGesture	BrowRaise
2024-05-28 12:27:41	MonitorSpeechStart	<prosody rate="1.0">You know something about our meeting?</prosody>	1349
2024-05-28 12:27:42	ActionGesture	BrowRaise
2024-05-28 12:27:51	MonitorSpeechStart	<prosody rate="1.0">Mm,</prosody>	248
2024-05-28 12:27:52	MonitorSpeechStart	<prosody rate="1.0">I am starting to think you're not there</prosody>	1635
2024-05-28 12:27:53	ActionGesture	BrowRaise
2024-05-28 12:27:54	ActionGesture	BrowRaise
2024-05-28 12:27:56	ActionGesture	Smile
2024-05-28 12:27:57	SenseSpeech	it's fabulous	1308
2024-05-28 12:27:57	MonitorSpeechStart	<prosody rate="1.0">mm,</prosody>	248
2024-05-28 12:27:58	FlowEvent	NEW_FLOW_STATE	Welcome	0.2		CONDITION1	Welcome
2024-05-28 12:27:58	ActionGesture	OpenEyes
2024-05-28 12:27:58	ActionGesture	Smile
2024-05-28 12:27:59	MonitorSpeechStart	<prosody rate="1.0">Hello there</prosody>	543
2024-05-28 12:27:59	ActionGesture	BrowRaise
2024-05-28 12:28:01	MonitorSpeechStart	<prosody rate="1.0">Nice to meet you</prosody>	824
2024-05-28 12:28:01	ActionGesture	BrowRaise
2024-05-28 12:28:03	MonitorSpeechStart	<prosody rate="1.0">How you doing?</prosody>	741
2024-05-28 12:28:03	ActionGesture	BrowRaise
2024-05-28 12:28:04	ActionGesture	Smile
2024-05-28 12:28:07	SenseSpeech	we had a little bit of problem with the	2776
2024-05-28 12:28:07	FlowEvent	NEW_FLOW_STATE	ReviewInstructions	0.2		CONDITION1	ReviewInstructions
2024-05-28 12:28:07	MonitorSpeechStart	<prosody rate="1.0">Electronics problems, me and you. Did you know?</prosody>	3027
2024-05-28 12:28:08	ActionGesture	BrowRaise
2024-05-28 12:28:09	ActionGesture	BrowRaise
2024-05-28 12:28:11	ActionGesture	Smile
2024-05-28 12:28:17	SenseSpeech	connecting well because of the probably the the connection that we use in is	5455
2024-05-28 12:28:17	MonitorSpeechStart	<prosody rate="1.0">I never seen this before, but I'm sure it'll be easier once we start</prosody>	3584
2024-05-28 12:28:18	ActionGesture	BrowRaise
2024-05-28 12:28:20	ActionGesture	BrowRaise
2024-05-28 12:28:22	MonitorSpeechStart	<prosody rate="1.0">Let's?</prosody>	485
2024-05-28 12:28:22	ActionGesture	BrowRaise
2024-05-28 12:28:24	ActionGesture	Smile
2024-05-28 12:28:28	SenseSpeech	to put to put in contacts this screen needs to be with the students	3933
2024-05-28 12:28:28	MonitorSpeechStart	<prosody rate="1.0">Basically a question will come up on the tablet, I receive it, we think, we answer separately and then we discuss</prosody>	5938
2024-05-28 12:28:28	ActionGesture	BrowRaise
2024-05-28 12:28:30	ActionGesture	BrowRaise
2024-05-28 12:28:33	ActionGesture	BrowRaise
2024-05-28 12:28:35	MonitorSpeechStart	<prosody rate="1.0">Do you want me to explain or are you ready?</prosody>	1666
2024-05-28 12:28:36	ActionGesture	BrowRaise
2024-05-28 12:28:36	ActionGesture	BrowRaise
2024-05-28 12:28:38	ActionGesture	Smile
2024-05-28 12:28:43	SenseSpeech	we were wondering if if uh is possible uh if there is any screen	5132
2024-05-28 12:28:43	SenseNLUIntent	we were wondering if if uh is possible uh if there is any screen	Maybe
2024-05-28 12:28:44	MonitorSpeechStart	<prosody rate="1.0">Right The questions will appear one by one on the tablet</prosody>	2599
2024-05-28 12:28:44	ActionGesture	BrowRaise
2024-05-28 12:28:46	ActionGesture	BrowRaise
2024-05-28 12:28:46	ActionGesture	BrowRaise
2024-05-28 12:28:47	MonitorSpeechStart	<prosody rate="1.0">For each one, we will have time to think</prosody>	2119
2024-05-28 12:28:49	ActionGesture	BrowRaise
2024-05-28 12:28:50	MonitorSpeechStart	<prosody rate="1.0">Then you mark your answer and I will mark mine</prosody>	2073
2024-05-28 12:28:52	ActionGesture	BrowRaise
2024-05-28 12:28:54	MonitorSpeechStart	<prosody rate="1.0">You ready?</prosody>	531
2024-05-28 12:28:54	ActionGesture	BrowRaise
2024-05-28 12:29:02	ActionGesture	Smile
2024-05-28 12:29:02	SenseSpeech	that	18
2024-05-28 12:29:03	MonitorSpeechStart	<prosody rate="1.0">I mean</prosody>	609
2024-05-28 12:29:04	MonitorSpeechStart	<prosody rate="1.0">Shall we?</prosody>	473
2024-05-28 12:29:04	ActionGesture	BrowRaise
2024-05-28 12:29:05	ActionGesture	Smile
2024-05-28 12:29:07	SenseSpeech	screen that is uh	1823
2024-05-28 12:29:08	MonitorSpeechStart	<prosody rate="1.0">I never seen this before, but I'm sure it'll be easier once we start</prosody>	3584
2024-05-28 12:29:09	ActionGesture	BrowRaise
2024-05-28 12:29:11	ActionGesture	BrowRaise
2024-05-28 12:29:12	MonitorSpeechStart	<prosody rate="1.0">I am eager to start</prosody>	1083
2024-05-28 12:29:13	ActionGesture	BrowRaise
2024-05-28 12:29:14	MonitorSpeechStart	<prosody rate="1.0">You?</prosody>	473
2024-05-28 12:29:20	ActionGesture	Smile
2024-05-28 12:29:27	SenseSpeech	no no uh what I mean but if it's new enough they they all accept Bluetooth	7005
2024-05-28 12:29:27	SenseNLUIntent	no no uh what I mean but if it's new enough they they all accept Bluetooth	No
2024-05-28 12:29:28	MonitorSpeechStart	<prosody rate="1.0">Ah!</prosody>	388
2024-05-28 12:29:29	MonitorSpeechStart	<prosody rate="1.0">ok</prosody>	618
2024-05-28 12:29:30	ActionGesture	BrowRaise
2024-05-28 12:29:31	MonitorSpeechStart	<prosody rate="1.0">Basically a question will come up on the tablet, I receive it, we think, we answer separately and then we discuss</prosody>	5938
2024-05-28 12:29:31	ActionGesture	BrowRaise
2024-05-28 12:29:33	ActionGesture	BrowRaise
2024-05-28 12:29:36	ActionGesture	BrowRaise
2024-05-28 12:29:38	MonitorSpeechStart	<prosody rate="1.0">Let's?</prosody>	485
2024-05-28 12:29:38	ActionGesture	BrowRaise
2024-05-28 12:29:47	MonitorSpeechStart	<prosody rate="1.0">umh,</prosody>	443
2024-05-28 12:29:49	MonitorSpeechStart	<prosody rate="1.0">Do you want me to explain or are you ready?</prosody>	1666
2024-05-28 12:29:50	ActionGesture	BrowRaise
2024-05-28 12:29:50	ActionGesture	BrowRaise
2024-05-28 12:29:59	MonitorSpeechStart	<prosody rate="1.0">mm,</prosody>	248
2024-05-28 12:30:00	MonitorSpeechStart	<prosody rate="1.0">You ready?</prosody>	531
2024-05-28 12:30:00	ActionGesture	BrowRaise
2024-05-28 12:30:03	ActionGesture	Smile
2024-05-28 12:30:06	SenseSpeech	sure sure all right well uh	3006
2024-05-28 12:30:06	SenseNLUIntent	sure sure all right well uh	Yes
2024-05-28 12:30:06	SenseNLUIntent	sure sure all right well uh	Backchannel
2024-05-28 12:30:07	MonitorSpeechStart	<prosody rate="1.0">umh, The questions will appear one by one on the tablet</prosody>	2987
2024-05-28 12:30:09	ActionGesture	BrowRaise
2024-05-28 12:30:09	ActionGesture	BrowRaise
2024-05-28 12:30:09	ActionGesture	BrowRaise
2024-05-28 12:30:10	MonitorSpeechStart	<prosody rate="1.0">For each one, we will have time to think</prosody>	2119
2024-05-28 12:30:12	ActionGesture	BrowRaise
2024-05-28 12:30:14	MonitorSpeechStart	<prosody rate="1.0">Then you mark your answer and I will mark mine</prosody>	2073
2024-05-28 12:30:15	ActionGesture	BrowRaise
2024-05-28 12:30:17	MonitorSpeechStart	<prosody rate="1.0">Shall we?</prosody>	473
2024-05-28 12:30:17	ActionGesture	BrowRaise
2024-05-28 12:30:26	MonitorSpeechStart	<prosody rate="1.0">ok I am eager to start</prosody>	1554
2024-05-28 12:30:26	ActionGesture	BrowRaise
2024-05-28 12:30:27	ActionGesture	BrowRaise
2024-05-28 12:30:28	MonitorSpeechStart	<prosody rate="1.0">You?</prosody>	473
2024-05-28 12:30:29	FlowEvent	NEW_FLOW_STATE	Welcome	0.2		CONDITION1	Welcome
2024-05-28 12:30:29	ActionGesture	OpenEyes
2024-05-28 12:30:29	ActionGesture	Smile
2024-05-28 12:30:29	MonitorSpeechStart	<prosody rate="1.0">Oh hello there</prosody>	748
2024-05-28 12:30:30	ActionGesture	BrowRaise
2024-05-28 12:30:31	MonitorSpeechStart	<prosody rate="1.0">Nice to meet you</prosody>	824
2024-05-28 12:30:32	ActionGesture	BrowRaise
2024-05-28 12:30:33	MonitorSpeechStart	<prosody rate="1.0">How you doing?</prosody>	741
2024-05-28 12:30:33	ActionGesture	BrowRaise
2024-05-28 12:30:35	ActionGesture	Smile
2024-05-28 12:30:37	SenseSpeech	no it's it's just that it needs to be	2912
2024-05-28 12:31:40	FlowEvent	NEW_FLOW_STATE	Welcome	0.2		CONDITION1	Welcome
2024-05-28 12:31:40	ActionGesture	OpenEyes
2024-05-28 12:31:40	ActionGesture	Smile
2024-05-28 12:31:40	MonitorSpeechStart	<prosody rate="1.0">Hello there</prosody>	543
2024-05-28 12:31:40	ActionGesture	BrowRaise
2024-05-28 12:31:42	MonitorSpeechStart	<prosody rate="1.0">Nice to meet you</prosody>	824
2024-05-28 12:31:42	ActionGesture	BrowRaise
2024-05-28 12:31:44	MonitorSpeechStart	<prosody rate="1.0">How you doing?</prosody>	741
2024-05-28 12:31:44	ActionGesture	BrowRaise
2024-05-28 12:31:46	ActionGesture	Smile
2024-05-28 12:31:47	SenseSpeech	you have to be in the same	1533
2024-05-28 12:31:47	SenseNLUIntent	you have to be in the same	Agree
2024-05-28 12:31:47	FlowEvent	NEW_FLOW_STATE	ReviewInstructions	0.2		CONDITION1	ReviewInstructions
2024-05-28 12:31:48	MonitorSpeechStart	<prosody rate="1.0">Right, as far as I know,we will get some Electronics questions to resolve together. Somebody told you?</prosody>	6104
2024-05-28 12:31:48	ActionGesture	BrowRaise
2024-05-28 12:31:49	ActionGesture	BrowRaise
2024-05-28 12:31:52	ActionGesture	BrowRaise
2024-05-28 12:31:53	ActionGesture	BrowRaise
2024-05-28 12:31:59	ActionGesture	Smile
2024-05-28 12:32:03	SenseSpeech	yes but in in this case in order to for this to work	3743
2024-05-28 12:32:03	SenseNLUIntent	yes but in in this case in order to for this to work	Yes
2024-05-28 12:32:03	MonitorSpeechStart	<prosody rate="1.0">Good</prosody>	391
2024-05-28 12:32:05	MonitorSpeechStart	<prosody rate="1.0">I never seen this before, but I'm sure it'll be easier once we start</prosody>	3584
2024-05-28 12:32:06	ActionGesture	BrowRaise
2024-05-28 12:32:08	ActionGesture	BrowRaise
2024-05-28 12:32:09	MonitorSpeechStart	<prosody rate="1.0">Let's?</prosody>	485
2024-05-28 12:32:10	ActionGesture	BrowRaise
2024-05-28 12:32:11	ActionGesture	Smile
2024-05-28 12:32:15	SenseSpeech	when when when we see each other and explanatory	3499
2024-05-28 12:32:15	MonitorSpeechStart	<prosody rate="1.0">Basically a question will come up on the tablet, I receive it, we think, we answer separately and then we discuss</prosody>	5938
2024-05-28 12:32:15	ActionGesture	BrowRaise
2024-05-28 12:32:17	ActionGesture	BrowRaise
2024-05-28 12:32:21	ActionGesture	BrowRaise
2024-05-28 12:32:22	MonitorSpeechStart	<prosody rate="1.0">Do you want me to explain or are you ready?</prosody>	1666
2024-05-28 12:32:23	ActionGesture	BrowRaise
2024-05-28 12:32:24	ActionGesture	BrowRaise
2024-05-28 12:32:26	ActionGesture	Smile
2024-05-28 12:32:28	SenseSpeech	all right fantastic fantastic	1892
2024-05-28 12:32:28	SenseNLUIntent	all right fantastic fantastic	Yes
2024-05-28 12:32:28	MonitorSpeechStart	<prosody rate="1.0">Super</prosody>	526
2024-05-28 12:32:28	ActionGesture	BrowRaise
2024-05-28 12:32:29	MonitorSpeechStart	<prosody rate="1.0">I am ready, go ahead and press the button.</prosody>	2131
2024-05-28 12:32:29	ActionGesture	BrowRaise
2024-05-28 12:32:31	ActionGesture	BrowRaise
2024-05-28 12:32:35	ActionGesture	Smile
2024-05-28 12:32:37	SenseSpeech	to lose	1717
2024-05-28 12:32:37	MonitorSpeechStart	<prosody rate="1.0">That's fine!</prosody>	759
2024-05-28 12:32:38	ActionGesture	BrowRaise
2024-05-28 12:32:39	MonitorSpeechStart	<prosody rate="1.0">I'm afraid I am very stubborn</prosody>	1515
2024-05-28 12:32:39	ActionGesture	BrowRaise
2024-05-28 12:32:40	ActionGesture	BrowRaise
2024-05-28 12:32:41	MonitorSpeechStart	<prosody rate="1.0">I cannot wait for you to press the button</prosody>	1829
2024-05-28 12:32:41	ActionGesture	BrowRaise
2024-05-28 12:32:42	ActionGesture	BrowRaise
2024-05-28 12:42:51	Autoreload is disabled because the development mode is off.
2024-05-28 12:42:51	Application started in 0.615 seconds.
2024-05-28 12:42:52	Responding at http://127.0.0.1:8888
2024-05-28 12:42:55	----------------- NEW EXECUTION-------------------
2024-05-28 12:42:55	FlowEvent	NEW_FLOW_STATE	Sleep	0.0		UNDEFINED	Sleep
2024-05-28 12:42:55	ActionGesture	CloseEyes
2024-05-28 12:42:55	ActionGesture	CloseEyes
2024-05-28 12:42:58	GUIEvent	GUI_RELOADED	GUI_RELOADED [ACCEPTED]	0.0	UNDEFINED	UNDEFINED	Sleep
2024-05-28 12:44:40	GUIEvent	GUI_STARTED	GUI_STARTED [ACCEPTED]	0.0	UNDEFINED	UNDEFINED	Sleep
2024-05-28 12:44:55	MonitorSpeechStart	<prosody rate="1.0">No start signal received, terminating the program.</prosody>	2929
2024-05-28 12:44:58	ActionGesture	BrowRaise
2024-05-28 12:45:03	Autoreload is disabled because the development mode is off.
2024-05-28 12:45:04	Application started in 0.634 seconds.
2024-05-28 12:45:04	Responding at http://127.0.0.1:8888
2024-05-28 12:45:06	----------------- NEW EXECUTION-------------------
2024-05-28 12:45:06	FlowEvent	NEW_FLOW_STATE	Sleep	0.0		UNDEFINED	Sleep
2024-05-28 12:45:06	ActionGesture	CloseEyes
2024-05-28 12:45:06	ActionGesture	CloseEyes
2024-05-28 12:45:49	GUIEvent	GUI_RELOADED	GUI_RELOADED [ACCEPTED]	0.0	UNDEFINED	UNDEFINED	Sleep
2024-05-28 12:47:07	MonitorSpeechStart	<prosody rate="1.0">No start signal received, terminating the program.</prosody>	2929
2024-05-28 12:47:09	ActionGesture	BrowRaise
2024-05-28 12:53:43	Autoreload is disabled because the development mode is off.
2024-05-28 12:53:44	Application started in 0.626 seconds.
2024-05-28 12:53:44	Responding at http://127.0.0.1:8888
2024-05-28 12:53:46	----------------- NEW EXECUTION-------------------
2024-05-28 12:53:47	FlowEvent	NEW_FLOW_STATE	Sleep	0.0		UNDEFINED	Sleep
2024-05-28 12:53:47	ActionGesture	CloseEyes
2024-05-28 12:53:47	ActionGesture	CloseEyes
2024-05-28 12:54:05	GUIEvent	GUI_RELOADED	GUI_RELOADED [ACCEPTED]	0.0	UNDEFINED	UNDEFINED	Sleep
2024-05-28 12:54:49	GUIEvent	NEW_STAGE_REQUESTED	STAGE[0.2] [44] REQUESTED .. [ACCEPTED]	0.0	UNDEFINED	UNDEFINED	Sleep
2024-05-28 12:54:49	SessionEvent	USER_SET	USER TO ACTIVATE.	0.2	44	UNDEFINED	Sleep
2024-05-28 12:54:49	FlowEvent	NEW_FLOW_STATE	Welcome	0.2		CONDITION3	Welcome
2024-05-28 12:54:49	ActionGesture	OpenEyes
2024-05-28 12:54:49	ActionGesture	Smile
2024-05-28 12:54:50	MonitorSpeechStart	<prosody rate="1.0">Hello there</prosody>	543
2024-05-28 12:54:50	ActionGesture	BrowRaise
2024-05-28 12:54:52	MonitorSpeechStart	<prosody rate="1.0">Nice to meet you</prosody>	824
2024-05-28 12:54:52	ActionGesture	BrowRaise
2024-05-28 12:54:54	MonitorSpeechStart	<prosody rate="1.0">How you doing?</prosody>	741
2024-05-28 12:54:54	ActionGesture	BrowRaise
2024-05-28 12:54:59	ActionGesture	Smile
2024-05-28 12:55:01	SenseSpeech	first in English	1244
2024-05-28 12:55:01	FlowEvent	NEW_FLOW_STATE	ReviewInstructions	0.2		CONDITION3	ReviewInstructions
2024-05-28 12:55:01	MonitorSpeechStart	<prosody rate="1.0">Right, as far as I know,we will get some Electronics questions to resolve together. Somebody told you?</prosody>	6104
2024-05-28 12:55:01	ActionGesture	BrowRaise
2024-05-28 12:55:02	ActionGesture	BrowRaise
2024-05-28 12:55:06	ActionGesture	BrowRaise
2024-05-28 12:55:07	ActionGesture	BrowRaise
2024-05-28 12:55:11	ActionGesture	Smile
2024-05-28 12:55:12	SenseSpeech	uh	895
2024-05-28 12:55:12	MonitorSpeechStart	<prosody rate="1.0">mm,</prosody>	248
2024-05-28 12:55:13	MonitorSpeechStart	<prosody rate="1.0">Basically a question will come up on the tablet, I receive it, we think, we answer separately and then we discuss</prosody>	5938
2024-05-28 12:55:14	ActionGesture	BrowRaise
2024-05-28 12:55:15	ActionGesture	BrowRaise
2024-05-28 12:55:19	ActionGesture	BrowRaise
2024-05-28 12:55:21	MonitorSpeechStart	<prosody rate="1.0">Do you want me to explain or are you ready?</prosody>	1666
2024-05-28 12:55:22	ActionGesture	BrowRaise
2024-05-28 12:55:22	ActionGesture	BrowRaise
2024-05-28 12:55:24	ActionGesture	Smile
2024-05-28 12:55:26	SenseSpeech	um I'm ready	1739
2024-05-28 12:55:26	SenseNLUIntent	um I'm ready	IAmDone
2024-05-28 12:55:27	MonitorSpeechStart	<prosody rate="1.0">Perfect</prosody>	513
2024-05-28 12:55:27	ActionGesture	BrowRaise
2024-05-28 12:55:28	MonitorSpeechStart	<prosody rate="1.0">Ok, when you press the button I will receive the first question, and show on the screen. Whenever you want.</prosody>	5763
2024-05-28 12:55:28	ActionGesture	BrowRaise
2024-05-28 12:55:30	ActionGesture	BrowRaise
2024-05-28 12:55:32	ActionGesture	BrowRaise
2024-05-28 12:55:33	ActionGesture	BrowRaise
2024-05-28 12:55:35	GUIEvent	NEW_STAGE_REQUESTED	STAGE[8] [44] REQUESTED .. [ACCEPTED]	0.2	44	CONDITION3	ReviewInstructions
2024-05-28 12:55:35	SessionEvent	QUESTION_SET	NEW QUESTION TO ACTIVATE	8		CONDITION3	ReviewInstructions
2024-05-28 12:55:35	FlowEvent	NEW_FLOW_STATE	QuestionReflection	8		CONDITION3	QuestionReflection
2024-05-28 12:55:36	MonitorSpeechStart	<prosody rate="1.0">Ok</prosody>	618
2024-05-28 12:55:36	ActionGesture	BrowRaise
2024-05-28 12:55:37	MonitorSpeechStart	<prosody rate="1.0">I think I am getting the question 8</prosody>	1655
2024-05-28 12:55:39	ActionGesture	BrowRaise
2024-05-28 12:55:40	MonitorSpeechStart	<prosody rate="1.0">Let's see</prosody>	658
2024-05-28 12:55:40	ActionGesture	BrowRaise
2024-05-28 12:55:42	ActionGesture	Smile
2024-05-28 12:55:44	SenseSpeech	this is something	1431
2024-05-28 12:55:44	MonitorSpeechStart	<prosody rate="1.0">Oh</prosody>	459
2024-05-28 12:55:46	MonitorSpeechStart	<prosody rate="1.0">I see</prosody>	670
2024-05-28 12:55:47	MonitorSpeechStart	<prosody rate="1.0">Have you answered?</prosody>	752
2024-05-28 12:55:48	ActionGesture	BrowRaise
2024-05-28 12:55:49	ActionGesture	Smile
2024-05-28 12:55:54	SenseSpeech	started by 8 but we can start whenever you want so this is this is something I	4286
2024-05-28 12:55:54	SenseNLUIntent	started by 8 but we can start whenever you want so this is this is something I	MeReady
2024-05-28 12:55:54	FlowEvent	NEW_FLOW_STATE	QuestionMarking	8		CONDITION3	QuestionMarking
2024-05-28 12:55:55	MonitorSpeechStart	<prosody rate="1.0">Great</prosody>	377
2024-05-28 12:55:55	ActionGesture	BrowRaise
2024-05-28 12:55:57	MonitorSpeechStart	<prosody rate="1.0">We need to mark the answer on the screen</prosody>	1938
2024-05-28 12:55:58	ActionGesture	BrowRaise
2024-05-28 12:55:59	ActionGesture	BrowRaise
2024-05-28 12:56:01	MonitorSpeechStart	<prosody rate="1.0">Did you?</prosody>	440
2024-05-28 12:56:29	Autoreload is disabled because the development mode is off.
2024-05-28 12:56:30	Application started in 0.714 seconds.
2024-05-28 12:56:30	Responding at http://127.0.0.1:8888
2024-05-28 12:56:32	----------------- NEW EXECUTION-------------------
2024-05-28 12:56:32	FlowEvent	NEW_FLOW_STATE	Sleep	0.0		UNDEFINED	Sleep
2024-05-28 12:56:33	ActionGesture	CloseEyes
2024-05-28 12:56:33	ActionGesture	CloseEyes
2024-05-28 12:56:41	GUIEvent	GUI_RELOADED	GUI_RELOADED [ACCEPTED]	0.0	UNDEFINED	UNDEFINED	Sleep
2024-05-28 12:56:54	GUIEvent	NEW_STAGE_REQUESTED	STAGE[0.2] [35] REQUESTED .. [ACCEPTED]	0.0	UNDEFINED	UNDEFINED	Sleep
2024-05-28 12:56:54	SessionEvent	USER_SET	USER TO ACTIVATE.	0.2	35	UNDEFINED	Sleep
2024-05-28 12:56:54	FlowEvent	NEW_FLOW_STATE	Welcome	0.2		CONDITION2	Welcome
2024-05-28 12:56:54	ActionGesture	OpenEyes
2024-05-28 12:56:54	ActionGesture	Smile
2024-05-28 12:56:55	MonitorSpeechStart	<prosody rate="1.0">Hello there</prosody>	543
2024-05-28 12:56:55	ActionGesture	BrowRaise
2024-05-28 12:56:57	MonitorSpeechStart	<prosody rate="1.0">Nice to meet you</prosody>	824
2024-05-28 12:56:57	ActionGesture	BrowRaise
2024-05-28 12:56:59	MonitorSpeechStart	<prosody rate="1.0">How you doing?</prosody>	741
2024-05-28 12:56:59	ActionGesture	BrowRaise
2024-05-28 12:57:00	ActionGesture	Smile
2024-05-28 12:57:02	SenseSpeech	I'm fine how about you	2034
2024-05-28 12:57:02	SenseNLUIntent	I'm fine how about you	Yes
2024-05-28 12:57:02	FlowEvent	NEW_FLOW_STATE	ReviewInstructions	0.2		CONDITION2	ReviewInstructions
2024-05-28 12:57:03	MonitorSpeechStart	<prosody rate="1.0">Right, as far as I know,we will get some Electronics questions to resolve together. Somebody told you?</prosody>	6104
2024-05-28 12:57:03	ActionGesture	BrowRaise
2024-05-28 12:57:04	ActionGesture	BrowRaise
2024-05-28 12:57:07	ActionGesture	BrowRaise
2024-05-28 12:57:08	ActionGesture	BrowRaise
2024-05-28 12:57:10	ActionGesture	Smile
2024-05-28 12:57:11	SenseSpeech	no and it didn't	1172
2024-05-28 12:57:11	SenseNLUIntent	no and it didn't	No
2024-05-28 12:57:12	MonitorSpeechStart	<prosody rate="1.0">Oh</prosody>	459
2024-05-28 12:57:13	MonitorSpeechStart	<prosody rate="1.0">well</prosody>	454
2024-05-28 12:57:13	ActionGesture	BrowRaise
2024-05-28 12:57:14	MonitorSpeechStart	<prosody rate="1.0">Basically a question will come up on the tablet, I receive it, we think, we answer separately and then we discuss</prosody>	5938
2024-05-28 12:57:14	ActionGesture	BrowRaise
2024-05-28 12:57:16	ActionGesture	BrowRaise
2024-05-28 12:57:20	ActionGesture	BrowRaise
2024-05-28 12:57:21	MonitorSpeechStart	<prosody rate="1.0">Do you want me to explain or are you ready?</prosody>	1666
2024-05-28 12:57:22	ActionGesture	BrowRaise
2024-05-28 12:57:23	ActionGesture	BrowRaise
2024-05-28 12:57:25	ActionGesture	Smile
2024-05-28 12:57:26	SenseSpeech	no I'm ready	1123
2024-05-28 12:57:26	SenseNLUIntent	no I'm ready	No
2024-05-28 12:57:26	SenseNLUIntent	no I'm ready	IAmDone
2024-05-28 12:57:26	MonitorSpeechStart	<prosody rate="1.0">Perfect</prosody>	513
2024-05-28 12:57:26	ActionGesture	BrowRaise
2024-05-28 12:57:27	MonitorSpeechStart	<prosody rate="1.0">Ok, when you press the button I will receive the first question, and show on the screen. Whenever you want.</prosody>	5763
2024-05-28 12:57:28	ActionGesture	BrowRaise
2024-05-28 12:57:30	ActionGesture	BrowRaise
2024-05-28 12:57:31	ActionGesture	BrowRaise
2024-05-28 12:57:33	ActionGesture	BrowRaise
2024-05-28 12:57:35	ActionGesture	Smile
2024-05-28 12:57:35	SenseSpeech	okay	719
2024-05-28 12:57:35	GUIEvent	NEW_STAGE_REQUESTED	STAGE[1] [35] REQUESTED .. [ACCEPTED]	0.2	35	CONDITION2	ReviewInstructions
2024-05-28 12:57:35	SenseNLUIntent	okay	Yes
2024-05-28 12:57:35	SessionEvent	QUESTION_SET	NEW QUESTION TO ACTIVATE	1		CONDITION2	ReviewInstructions
2024-05-28 12:57:35	FlowEvent	NEW_FLOW_STATE	QuestionReflection	1		CONDITION2	QuestionReflection
2024-05-28 12:57:41	MonitorSpeechStart	<prosody rate="1.0">Ok</prosody>	618
2024-05-28 12:57:41	ActionGesture	BrowRaise
2024-05-28 12:57:42	MonitorSpeechStart	<prosody rate="1.0">I think I am getting the question 1</prosody>	1802
2024-05-28 12:57:42	ActionGesture	BrowRaise
2024-05-28 12:57:44	ActionGesture	BrowRaise
2024-05-28 12:57:45	MonitorSpeechStart	<prosody rate="1.0">Let's see</prosody>	658
2024-05-28 12:57:45	ActionGesture	BrowRaise
2024-05-28 12:57:49	GUIEvent	ANSWER_MARKED	ANSWER[TRUE] [1] [35] SENT .. [ACCEPTED]	1	35	CONDITION2	QuestionReflection
2024-05-28 12:57:54	MonitorSpeechStart	<prosody rate="1.0">Have you answered?</prosody>	752
2024-05-28 12:57:55	ActionGesture	BrowRaise
2024-05-28 12:57:56	ActionGesture	Smile
2024-05-28 12:57:57	SenseSpeech	yeah	959
2024-05-28 12:57:57	SenseNLUIntent	yeah	Yes
2024-05-28 12:57:57	FlowEvent	NEW_FLOW_STATE	QuestionDisclosure	1		CONDITION2	QuestionDisclosure
2024-05-28 12:57:57	ActionGesture	SubtleWobbleYes
2024-05-28 12:57:57	MonitorSpeechStart	<prosody rate="0.87">Good <mark name="action"/></prosody>	449
2024-05-28 12:57:57	ActionGesture	PauseUncertain
2024-05-28 12:58:00	MonitorSpeechStart	<prosody rate="0.87">Um, I'm a little unsure</prosody>	1870
2024-05-28 12:58:01	ActionGesture	BrowRaise
2024-05-28 12:58:03	MonitorSpeechStart	<prosody rate="0.87">Um, , but I think that's TRUE</prosody>	2028
2024-05-28 12:58:04	ActionGesture	BrowRaise
2024-05-28 12:58:06	MonitorSpeechStart	<prosody rate="0.87">What do you think?</prosody>	816
2024-05-28 12:58:06	ActionGesture	BrowRaise
2024-05-28 12:58:08	ActionGesture	Smile
2024-05-28 12:58:09	SenseSpeech	yeah I'm sure it's true	1749
2024-05-28 12:58:09	SenseNLUIntent	yeah I'm sure it's true	Yes
2024-05-28 12:58:09	SenseNLUIntent	yeah I'm sure it's true	AnswerTrue
2024-05-28 12:58:09	FlowEvent	NEW_FLOW_STATE	QuestionReview	1		CONDITION2	QuestionReview
2024-05-28 12:58:10	ActionGesture	SubtleWobbleYes
2024-05-28 12:58:10	MonitorSpeechStart	<prosody rate="0.87">Good. You see it too? <mark name="action"/></prosody>	1671
2024-05-28 12:58:12	ActionGesture	PauseUncertain
2024-05-28 12:58:13	MonitorSpeechStart	<prosody rate="0.87">Um, I was thinking the voltage is well</prosody>	2606
2024-05-28 12:58:13	ActionGesture	BrowRaise
2024-05-28 12:58:15	ActionGesture	BrowRaise
2024-05-28 12:58:16	MonitorSpeechStart	<prosody rate="0.87">Um, the same if it's the same battery and the resistance increases when a lamp is added right?</prosody>	5294
2024-05-28 12:58:16	ActionGesture	BrowRaise
2024-05-28 12:58:18	ActionGesture	BrowRaise
2024-05-28 12:58:21	ActionGesture	BrowRaise
2024-05-28 12:58:23	ActionGesture	Smile
2024-05-28 12:58:24	SenseSpeech	yeah	892
2024-05-28 12:58:24	SenseNLUIntent	yeah	Yes
2024-05-28 12:58:24	ActionGesture	SubtleWobbleYes
2024-05-28 12:58:24	MonitorSpeechStart	<prosody rate="0.87">That's fine! <mark name="action"/></prosody>	879
2024-05-28 12:58:25	ActionGesture	BrowRaise
2024-05-28 12:58:25	ActionGesture	PauseUncertain
2024-05-28 12:58:26	MonitorSpeechStart	<prosody rate="0.87">Um, If the resistance increases and the voltage is constant, surely the lights must glow dimmer because the current decreases?</prosody>	7413
2024-05-28 12:58:26	ActionGesture	BrowRaise
2024-05-28 12:58:29	ActionGesture	BrowRaise
2024-05-28 12:58:32	ActionGesture	BrowRaise
2024-05-28 12:58:33	ActionGesture	BrowRaise
2024-05-28 12:58:34	ActionGesture	Smile
2024-05-28 12:58:36	SenseSpeech	yeah that's right	1413
2024-05-28 12:58:36	SenseNLUIntent	yeah that's right	Yes
2024-05-28 12:58:36	SenseNLUIntent	yeah that's right	Agree
2024-05-28 12:58:36	FlowEvent	NEW_FLOW_STATE	QuestionCheckpoint	1		CONDITION2	QuestionCheckpoint
2024-05-28 12:58:36	ActionGesture	SubtleWobbleYes
2024-05-28 12:58:36	MonitorSpeechStart	<prosody rate="0.87">Nice <mark name="action"/></prosody>	503
2024-05-28 12:58:36	ActionGesture	BrowRaise
2024-05-28 12:58:37	ActionGesture	PauseUncertain
2024-05-28 12:58:38	MonitorSpeechStart	<prosody rate="0.87">Um, So</prosody>	1143
2024-05-28 12:58:40	MonitorSpeechStart	<prosody rate="0.87">Um, I'm not completely sure</prosody>	2233
2024-05-28 12:58:41	ActionGesture	BrowRaise
2024-05-28 12:58:44	MonitorSpeechStart	<prosody rate="0.87">but do we agree it's TRUE?</prosody>	1491
2024-05-28 12:58:44	ActionGesture	BrowRaise
2024-05-28 12:58:46	ActionGesture	Smile
2024-05-28 12:58:47	SenseSpeech	yeah	885
2024-05-28 12:58:47	SenseNLUIntent	yeah	Yes
2024-05-28 12:58:47	FlowEvent	NEW_FLOW_STATE	QuestionReview	1		CONDITION2	QuestionReview
2024-05-28 12:58:47	FlowEvent	NEW_FLOW_STATE	QuestionConfirmation	1		CONDITION2	QuestionConfirmation
2024-05-28 12:58:48	MonitorSpeechStart	<prosody rate="1.0">Perfect</prosody>	513
2024-05-28 12:58:48	ActionGesture	BrowRaise
2024-05-28 12:58:49	MonitorSpeechStart	<prosody rate="1.0">Ok. I marked TRUE already. Can you mark your answer on the tablet and confim?</prosody>	4615
2024-05-28 12:58:49	ActionGesture	BrowRaise
2024-05-28 12:58:52	ActionGesture	BrowRaise
2024-05-28 12:58:53	ActionGesture	BrowRaise
2024-05-28 12:58:53	ActionGesture	BrowRaise
2024-05-28 12:58:56	ActionGesture	Smile
2024-05-28 12:58:56	GUIEvent	NEW_STAGE_REQUESTED	STAGE[2] [35] REQUESTED .. [ACCEPTED]	1	35	CONDITION2	QuestionConfirmation
2024-05-28 12:58:56	SessionEvent	ANSWER_CONFIRMED	QUESTION CONFIRMED IN GUI.	2		CONDITION2	QuestionConfirmation
2024-05-28 12:58:56	SessionEvent	QUESTION_SET	NEW QUESTION TO ACTIVATE	2		CONDITION2	QuestionConfirmation
2024-05-28 12:58:56	FlowEvent	NEW_FLOW_STATE	QuestionReflection	2		CONDITION2	QuestionReflection
2024-05-28 12:58:56	SenseSpeech	again	173
2024-05-28 12:58:58	MonitorSpeechStart	<prosody rate="1.0">Right</prosody>	393
2024-05-28 12:58:58	ActionGesture	BrowRaise
2024-05-28 12:59:00	MonitorSpeechStart	<prosody rate="1.0">receiving the question 2</prosody>	1382
2024-05-28 12:59:01	ActionGesture	BrowRaise
2024-05-28 12:59:02	MonitorSpeechStart	<prosody rate="1.0">Ok</prosody>	618
2024-05-28 12:59:02	ActionGesture	BrowRaise
2024-05-28 12:59:04	ActionGesture	Smile
2024-05-28 12:59:05	SenseSpeech	2 personal	1160
2024-05-28 12:59:05	MonitorSpeechStart	<prosody rate="1.0">mm,</prosody>	248
2024-05-28 12:59:06	MonitorSpeechStart	<prosody rate="1.0">Have you answered already?</prosody>	1137
2024-05-28 12:59:07	ActionGesture	BrowRaise
2024-05-28 12:59:07	ActionGesture	BrowRaise
2024-05-28 12:59:11	ActionGesture	Smile
2024-05-28 12:59:12	GUIEvent	ANSWER_MARKED	ANSWER[FALSE] [2] [35] SENT .. [ACCEPTED]	2	35	CONDITION2	QuestionReflection
2024-05-28 12:59:14	SenseSpeech	not yet yeah now I've answered	3410
2024-05-28 12:59:14	SenseNLUIntent	not yet yeah now I've answered	Yes
2024-05-28 12:59:14	SenseNLUIntent	not yet yeah now I've answered	TimeRequest
2024-05-28 12:59:15	MonitorSpeechStart	<prosody rate="1.0">Oh</prosody>	459
2024-05-28 12:59:17	MonitorSpeechStart	<prosody rate="1.0">sorry</prosody>	510
2024-05-28 12:59:17	ActionGesture	BrowRaise
2024-05-28 12:59:18	MonitorSpeechStart	<prosody rate="1.0">Absolutely</prosody>	668
2024-05-28 12:59:19	ActionGesture	BrowRaise
2024-05-28 12:59:21	ActionGesture	Smile
2024-05-28 12:59:22	SenseSpeech	mean	1126
2024-05-28 12:59:23	MonitorSpeechStart	<prosody rate="1.0">umh, Let me know when you have it</prosody>	1691
2024-05-28 12:59:25	ActionGesture	BrowRaise
2024-05-28 12:59:26	ActionGesture	Smile
2024-05-28 12:59:27	SenseSpeech	yeah I have it	1295
2024-05-28 12:59:27	SenseNLUIntent	yeah I have it	Yes
2024-05-28 12:59:27	SenseNLUIntent	yeah I have it	Agree
2024-05-28 12:59:27	FlowEvent	NEW_FLOW_STATE	QuestionDisclosure	2		CONDITION2	QuestionDisclosure
2024-05-28 12:59:27	ActionGesture	SubtleWobbleYes
2024-05-28 12:59:28	MonitorSpeechStart	<prosody rate="0.87">Super <mark name="action"/></prosody>	608
2024-05-28 12:59:28	ActionGesture	BrowRaise
2024-05-28 12:59:29	ActionGesture	PauseUncertain
2024-05-28 12:59:30	MonitorSpeechStart	<prosody rate="0.87">Um, I'm not sure</prosody>	1679
2024-05-28 12:59:31	ActionGesture	BrowRaise
2024-05-28 12:59:33	MonitorSpeechStart	<prosody rate="0.87">Um, , but I would say it's FALSE</prosody>	2228
2024-05-28 12:59:33	ActionGesture	BrowRaise
2024-05-28 12:59:34	ActionGesture	BrowRaise
2024-05-28 12:59:36	MonitorSpeechStart	<prosody rate="0.87">What did you answer?</prosody>	980
2024-05-28 12:59:37	ActionGesture	BrowRaise
2024-05-28 12:59:40	ActionGesture	Smile
2024-05-28 12:59:41	SenseSpeech	and I also think it's false	1851
2024-05-28 12:59:41	SenseNLUIntent	and I also think it's false	AnswerFalse
2024-05-28 12:59:41	FlowEvent	NEW_FLOW_STATE	QuestionReview	2		CONDITION2	QuestionReview
2024-05-28 12:59:41	ActionGesture	SubtleWobbleYes
2024-05-28 12:59:42	MonitorSpeechStart	<prosody rate="0.87">Did you agree? <mark name="action"/></prosody>	846
2024-05-28 12:59:43	ActionGesture	BrowRaise
2024-05-28 12:59:43	ActionGesture	PauseUncertain
2024-05-28 12:59:44	MonitorSpeechStart	<prosody rate="0.87">Um, I think it looks like C1 and C2 might be the same circuit even though they look different. And then the white, yellow and red lights are</prosody>	8634
2024-05-28 12:59:44	ActionGesture	BrowRaise
2024-05-28 12:59:51	ActionGesture	BrowRaise
2024-05-28 12:59:52	ActionGesture	BrowRaise
2024-05-28 12:59:53	ActionGesture	BrowRaise
2024-05-28 12:59:55	MonitorSpeechStart	<prosody rate="0.87">Um, parallel</prosody>	1359
2024-05-28 12:59:56	ActionGesture	BrowRaise
2024-05-28 12:59:57	MonitorSpeechStart	<prosody rate="0.87">connected in both?</prosody>	1134
2024-05-28 12:59:58	ActionGesture	BrowRaise
