2024-05-13 15:00:18	Autoreload is disabled because the development mode is off.
2024-05-13 15:00:19	Application started in 0.57 seconds.
2024-05-13 15:00:19	Responding at http://127.0.0.1:8888
2024-05-13 15:00:20	----------------- NEW EXECUTION-------------------
2024-05-13 15:00:20	ActionGesture	CloseEyes
2024-05-13 15:01:21	MonitorSpeechStart	No start signal received, terminating the program.	2929
2024-05-13 15:01:23	ActionGesture	BrowRaise
2024-05-13 15:28:08	Autoreload is disabled because the development mode is off.
2024-05-13 15:28:09	Application started in 0.506 seconds.
2024-05-13 15:28:09	Responding at http://127.0.0.1:8888
2024-05-13 15:28:11	----------------- NEW EXECUTION-------------------
2024-05-13 15:28:11	ActionGesture	CloseEyes
2024-05-13 15:28:31	GUIEvent	GUI_RELOADED	GUI_RELOADED [ACCEPTED]	0.0	UNDEFINED
2024-05-13 15:28:31	GUIEvent	SYNCH_REQUESTED	SYNCH REQUESTED .. [ACCEPTED]	0.0	UNDEFINED
2024-05-13 15:28:36	GUIEvent	NEW_STAGE_REQUESTED	STAGE[0.2] [22] REQUESTED .. [ACCEPTED]	0.2	22
2024-05-13 15:28:36	ActionGesture	OpenEyes
2024-05-13 15:28:36	ActionGesture	Smile
2024-05-13 15:28:36	MonitorSpeechStart	Oh, hello there	1105
2024-05-13 15:28:37	ActionGesture	BrowRaise
2024-05-13 15:28:39	ActionGesture	BigSmile
2024-05-13 15:28:39	MonitorSpeechStart	Nice to meet you.	824
2024-05-13 15:28:39	ActionGesture	BrowRaise
2024-05-13 15:28:41	MonitorSpeechStart	How you doing?	741
2024-05-13 15:28:41	ActionGesture	BrowRaise
2024-05-13 15:28:42	ActionGesture	Smile
2024-05-13 15:28:43	SenseSpeech	how you doing	1095
2024-05-13 15:28:44	MonitorSpeechStart	Ok	618
2024-05-13 15:28:44	ActionGesture	BrowRaise
