2024-05-26 19:54:14	Autoreload is disabled because the development mode is off.
2024-05-26 19:54:15	Application started in 0.576 seconds.
2024-05-26 19:54:15	Responding at http://127.0.0.1:8888
2024-05-26 19:54:29	----------------- NEW EXECUTION-------------------
2024-05-26 19:54:29	FlowEvent	NEW_FLOW_STATE	Sleep	0.0		UNDEFINED	Sleep
2024-05-26 19:54:29	ActionGesture	CloseEyes
2024-05-26 19:54:29	ActionGesture	CloseEyes
2024-05-26 19:54:47	Autoreload is disabled because the development mode is off.
2024-05-26 19:54:48	Application started in 0.578 seconds.
2024-05-26 19:54:48	Responding at http://127.0.0.1:8888
2024-05-26 19:54:50	----------------- NEW EXECUTION-------------------
2024-05-26 19:54:50	FlowEvent	NEW_FLOW_STATE	Sleep	0.0		UNDEFINED	Sleep
2024-05-26 19:54:50	ActionGesture	CloseEyes
2024-05-26 19:54:50	ActionGesture	CloseEyes
2024-05-26 19:54:59	GUIEvent	GUI_RELOADED	GUI_RELOADED [ACCEPTED]	0.0	UNDEFINED	UNDEFINED	Sleep
2024-05-26 19:55:00	GUIEvent	NEW_STAGE_REQUESTED	STAGE[0.2] [4] REQUESTED .. [ACCEPTED]	0.0	UNDEFINED	UNDEFINED	Sleep
2024-05-26 19:55:00	SessionEvent	USER_SET	USER TO ACTIVATE.	0.2	4	UNDEFINED	Sleep
2024-05-26 19:55:23	FlowEvent	NEW_FLOW_STATE	Welcome	0.2		CONDITION1	Welcome
2024-05-26 19:55:23	ActionGesture	OpenEyes
2024-05-26 19:55:23	ActionGesture	Smile
2024-05-26 19:55:25	MonitorSpeechStart	<prosody rate="1.0">I think my connection broke</prosody>	1362
2024-05-26 19:55:26	ActionGesture	BrowRaise
2024-05-26 19:55:28	MonitorSpeechStart	<prosody rate="1.0">Did you say something?</prosody>	955
2024-05-26 19:55:28	ActionGesture	BrowRaise
2024-05-26 19:55:37	FlowEvent	NEW_FLOW_STATE	ReviewInstructions	0.2		CONDITION1	ReviewInstructions
2024-05-26 19:55:37	MonitorSpeechStart	<prosody rate="1.0">Right, as far as I know,we will get some Electronics questions to resolve together. Somebody told you?</prosody>	6104
2024-05-26 19:55:37	ActionGesture	BrowRaise
2024-05-26 19:55:38	ActionGesture	BrowRaise
2024-05-26 19:55:42	ActionGesture	BrowRaise
2024-05-26 19:55:43	ActionGesture	BrowRaise
2024-05-26 19:55:47	ActionGesture	Smile
2024-05-26 19:55:48	SenseSpeech	no	972
2024-05-26 19:55:48	MonitorSpeechStart	<prosody rate="1.0">Oh</prosody>	459
2024-05-26 19:55:50	MonitorSpeechStart	<prosody rate="1.0">well</prosody>	454
2024-05-26 19:55:50	ActionGesture	BrowRaise
2024-05-26 19:55:51	MonitorSpeechStart	<prosody rate="1.0">Basically a question will come up on the tablet, I receive it, we think, we answer separately and then we discuss</prosody>	5938
2024-05-26 19:55:51	ActionGesture	BrowRaise
2024-05-26 19:55:53	ActionGesture	BrowRaise
2024-05-26 19:55:58	Autoreload is disabled because the development mode is off.
2024-05-26 19:55:59	Application started in 0.611 seconds.
2024-05-26 19:55:59	Responding at http://127.0.0.1:8888
2024-05-26 19:56:01	----------------- NEW EXECUTION-------------------
2024-05-26 19:56:01	FlowEvent	NEW_FLOW_STATE	Sleep	0.0		UNDEFINED	Sleep
2024-05-26 19:56:01	ActionGesture	CloseEyes
2024-05-26 19:56:01	ActionGesture	CloseEyes
2024-05-26 19:56:13	GUIEvent	GUI_RELOADED	GUI_RELOADED [ACCEPTED]	0.0	UNDEFINED	UNDEFINED	Sleep
2024-05-26 19:56:16	GUIEvent	NEW_STAGE_REQUESTED	STAGE[0.2] [4] REQUESTED .. [ACCEPTED]	0.0	UNDEFINED	UNDEFINED	Sleep
2024-05-26 19:56:16	SessionEvent	USER_SET	USER TO ACTIVATE.	0.2	4	UNDEFINED	Sleep
2024-05-26 19:56:16	FlowEvent	NEW_FLOW_STATE	Welcome	0.2		CONDITION1	Welcome
2024-05-26 19:56:16	ActionGesture	OpenEyes
2024-05-26 19:56:16	ActionGesture	Smile
2024-05-26 19:56:18	MonitorSpeechStart	<prosody rate="1.0">I think my connection broke</prosody>	1362
2024-05-26 19:56:18	ActionGesture	BrowRaise
2024-05-26 19:56:20	MonitorSpeechStart	<prosody rate="1.0">Did you say something?</prosody>	955
2024-05-26 19:56:20	ActionGesture	BrowRaise
2024-05-26 19:57:46	Autoreload is disabled because the development mode is off.
2024-05-26 19:57:47	Application started in 0.793 seconds.
2024-05-26 19:57:47	Responding at http://127.0.0.1:8888
2024-05-26 19:57:49	----------------- NEW EXECUTION-------------------
2024-05-26 19:57:49	FlowEvent	NEW_FLOW_STATE	Sleep	0.0		UNDEFINED	Sleep
2024-05-26 19:57:49	ActionGesture	CloseEyes
2024-05-26 19:57:49	ActionGesture	CloseEyes
2024-05-26 19:57:52	GUIEvent	GUI_RELOADED	GUI_RELOADED [ACCEPTED]	0.0	UNDEFINED	UNDEFINED	Sleep
2024-05-26 19:57:54	GUIEvent	NEW_STAGE_REQUESTED	STAGE[0.2] [4] REQUESTED .. [ACCEPTED]	0.0	UNDEFINED	UNDEFINED	Sleep
2024-05-26 19:57:54	SessionEvent	USER_SET	USER TO ACTIVATE.	0.2	4	UNDEFINED	Sleep
2024-05-26 19:57:54	FlowEvent	NEW_FLOW_STATE	Welcome	0.2		CONDITION1	Welcome
2024-05-26 19:57:54	ActionGesture	OpenEyes
2024-05-26 19:57:54	ActionGesture	Smile
2024-05-26 19:57:55	MonitorSpeechStart	<prosody rate="1.0">Hello there</prosody>	543
2024-05-26 19:57:55	ActionGesture	BrowRaise
2024-05-26 19:57:57	MonitorSpeechStart	<prosody rate="1.0">Nice to meet you</prosody>	824
2024-05-26 19:57:57	ActionGesture	BrowRaise
2024-05-26 19:57:57	GUIEvent	NEW_STAGE_REQUESTED	STAGE[1] [4] REQUESTED .. [ACCEPTED]	0.2	4	CONDITION1	Welcome
2024-05-26 19:57:57	SessionEvent	QUESTION_SET	NEW QUESTION TO ACTIVATE	1		CONDITION1	Welcome
2024-05-26 19:57:57	FlowEvent	NEW_FLOW_STATE	QuestionReflection	1		CONDITION1	QuestionReflection
2024-05-26 19:57:58	MonitorSpeechStart	<prosody rate="1.0">Ok</prosody>	618
2024-05-26 19:57:58	ActionGesture	BrowRaise
2024-05-26 19:58:00	MonitorSpeechStart	<prosody rate="1.0">I think I am getting the question 1</prosody>	1802
2024-05-26 19:58:00	ActionGesture	BrowRaise
2024-05-26 19:58:01	ActionGesture	BrowRaise
2024-05-26 19:58:02	MonitorSpeechStart	<prosody rate="1.0">Let's see</prosody>	658
2024-05-26 19:58:03	ActionGesture	BrowRaise
2024-05-26 19:58:22	Autoreload is disabled because the development mode is off.
2024-05-26 19:58:22	Application started in 0.573 seconds.
2024-05-26 19:58:22	Responding at http://127.0.0.1:8888
2024-05-26 19:58:24	----------------- NEW EXECUTION-------------------
2024-05-26 19:58:24	FlowEvent	NEW_FLOW_STATE	Sleep	0.0		UNDEFINED	Sleep
2024-05-26 19:58:24	ActionGesture	CloseEyes
2024-05-26 19:58:24	ActionGesture	CloseEyes
2024-05-26 19:58:25	GUIEvent	GUI_RELOADED	GUI_RELOADED [ACCEPTED]	0.0	UNDEFINED	UNDEFINED	Sleep
2024-05-26 19:58:26	GUIEvent	NEW_STAGE_REQUESTED	STAGE[0.2] [4] REQUESTED .. [ACCEPTED]	0.0	UNDEFINED	UNDEFINED	Sleep
2024-05-26 19:58:26	SessionEvent	USER_SET	USER TO ACTIVATE.	0.2	4	UNDEFINED	Sleep
2024-05-26 19:58:26	FlowEvent	NEW_FLOW_STATE	Welcome	0.2		CONDITION1	Welcome
2024-05-26 19:58:26	ActionGesture	OpenEyes
2024-05-26 19:58:26	ActionGesture	Smile
2024-05-26 19:58:28	MonitorSpeechStart	<prosody rate="1.0">Hello there</prosody>	543
2024-05-26 19:58:28	ActionGesture	BrowRaise
2024-05-26 19:58:30	MonitorSpeechStart	<prosody rate="1.0">Nice to meet you</prosody>	824
2024-05-26 19:58:30	ActionGesture	BrowRaise
2024-05-26 19:58:30	GUIEvent	NEW_STAGE_REQUESTED	STAGE[8] [4] REQUESTED .. [ACCEPTED]	0.2	4	CONDITION1	Welcome
2024-05-26 19:58:30	SessionEvent	QUESTION_SET	NEW QUESTION TO ACTIVATE	8		CONDITION1	Welcome
2024-05-26 19:58:30	FlowEvent	NEW_FLOW_STATE	QuestionReflection	8		CONDITION1	QuestionReflection
2024-05-26 19:58:31	MonitorSpeechStart	<prosody rate="1.0">Ok</prosody>	618
2024-05-26 19:58:31	ActionGesture	BrowRaise
2024-05-26 19:58:33	MonitorSpeechStart	<prosody rate="1.0">I think I am getting the question 8</prosody>	1655
2024-05-26 19:58:35	ActionGesture	BrowRaise
2024-05-26 19:58:36	MonitorSpeechStart	<prosody rate="1.0">Let's see</prosody>	658
2024-05-26 19:58:36	ActionGesture	BrowRaise
2024-05-26 19:58:49	Autoreload is disabled because the development mode is off.
2024-05-26 19:58:49	Application started in 0.618 seconds.
2024-05-26 19:58:50	Responding at http://127.0.0.1:8888
2024-05-26 19:58:51	----------------- NEW EXECUTION-------------------
2024-05-26 19:58:51	FlowEvent	NEW_FLOW_STATE	Sleep	0.0		UNDEFINED	Sleep
2024-05-26 19:58:51	ActionGesture	CloseEyes
2024-05-26 19:58:51	ActionGesture	CloseEyes
2024-05-26 19:58:52	GUIEvent	GUI_RELOADED	GUI_RELOADED [ACCEPTED]	0.0	UNDEFINED	UNDEFINED	Sleep
2024-05-26 19:58:54	GUIEvent	NEW_STAGE_REQUESTED	STAGE[0.2] [4] REQUESTED .. [ACCEPTED]	0.0	UNDEFINED	UNDEFINED	Sleep
2024-05-26 19:58:54	SessionEvent	USER_SET	USER TO ACTIVATE.	0.2	4	UNDEFINED	Sleep
2024-05-26 19:58:54	FlowEvent	NEW_FLOW_STATE	Welcome	0.2		CONDITION1	Welcome
2024-05-26 19:58:54	ActionGesture	OpenEyes
2024-05-26 19:58:54	ActionGesture	Smile
2024-05-26 19:58:55	MonitorSpeechStart	<prosody rate="1.0">Hello there</prosody>	543
2024-05-26 19:58:55	ActionGesture	BrowRaise
2024-05-26 19:58:56	MonitorSpeechStart	<prosody rate="1.0">Nice to meet you</prosody>	824
2024-05-26 19:58:57	ActionGesture	BrowRaise
2024-05-26 19:58:57	GUIEvent	NEW_STAGE_REQUESTED	STAGE[8] [4] REQUESTED .. [ACCEPTED]	0.2	4	CONDITION1	Welcome
2024-05-26 19:58:57	SessionEvent	QUESTION_SET	NEW QUESTION TO ACTIVATE	8		CONDITION1	Welcome
2024-05-26 19:58:57	FlowEvent	NEW_FLOW_STATE	QuestionReflection	8		CONDITION1	QuestionReflection
2024-05-26 19:58:58	MonitorSpeechStart	<prosody rate="1.0">Ok</prosody>	618
2024-05-26 19:58:58	ActionGesture	BrowRaise
2024-05-26 19:59:00	MonitorSpeechStart	<prosody rate="1.0">I think I am getting the question 8</prosody>	1655
2024-05-26 19:59:01	ActionGesture	BrowRaise
2024-05-26 19:59:01	GUIEvent	ANSWER_MARKED	ANSWER[TRUE] [8] [4] SENT .. [ACCEPTED]	8	4	CONDITION1	QuestionReflection
2024-05-26 19:59:02	MonitorSpeechStart	<prosody rate="1.0">Let's see</prosody>	658
2024-05-26 19:59:02	ActionGesture	BrowRaise
2024-05-26 19:59:11	MonitorSpeechStart	<prosody rate="1.0">Have you answered already?</prosody>	1137
2024-05-26 19:59:12	ActionGesture	BrowRaise
2024-05-26 19:59:12	ActionGesture	BrowRaise
2024-05-26 19:59:14	ActionGesture	Smile
2024-05-26 19:59:15	SenseSpeech	yes	799
2024-05-26 19:59:15	FlowEvent	NEW_FLOW_STATE	QuestionDisclosure	8		CONDITION1	QuestionDisclosure
2024-05-26 19:59:16	MonitorSpeechStart	<prosody rate="1.0">Good</prosody>	391
2024-05-26 19:59:17	MonitorSpeechStart	<prosody rate="1.0">I replied that it is TRUE</prosody>	1387
2024-05-26 19:59:17	ActionGesture	BrowRaise
2024-05-26 19:59:19	MonitorSpeechStart	<prosody rate="1.0">What do you think?</prosody>	726
2024-05-26 19:59:19	ActionGesture	BrowRaise
2024-05-26 19:59:22	ActionGesture	Smile
2024-05-26 19:59:24	SenseSpeech	yeah I think it's true too	1819
2024-05-26 19:59:24	FlowEvent	NEW_FLOW_STATE	QuestionReview	8		CONDITION1	QuestionReview
2024-05-26 19:59:25	MonitorSpeechStart	<prosody rate="1.0">Good. You see it too?</prosody>	1507
2024-05-26 19:59:27	MonitorSpeechStart	<prosody rate="1.0">I replied that it is true, because it doesn't matter where the blp lamp is placed and the yellow lamps in C2 are connected in parallel so their equivalent resistance is lower.</prosody>	8785
2024-05-26 19:59:28	ActionGesture	BrowRaise
2024-05-26 19:59:30	ActionGesture	BrowRaise
2024-05-26 19:59:31	ActionGesture	BrowRaise
2024-05-26 19:59:32	ActionGesture	BrowRaise
2024-05-26 19:59:36	ActionGesture	BrowRaise
2024-05-26 19:59:39	ActionGesture	Smile
2024-05-26 19:59:40	SenseSpeech	yeah	896
2024-05-26 19:59:40	MonitorSpeechStart	<prosody rate="1.0">That's fine!</prosody>	759
2024-05-26 19:59:41	ActionGesture	BrowRaise
2024-05-26 19:59:42	MonitorSpeechStart	<prosody rate="1.0">Since the power depends on the square of the current and the resistance and the current increases as the resistance decreases the power will increase.</prosody>	6537
2024-05-26 19:59:43	ActionGesture	BrowRaise
2024-05-26 19:59:43	ActionGesture	BrowRaise
2024-05-26 19:59:44	ActionGesture	BrowRaise
2024-05-26 19:59:46	ActionGesture	BrowRaise
2024-05-26 19:59:48	ActionGesture	BrowRaise
2024-05-26 19:59:48	ActionGesture	BrowRaise
2024-05-26 19:59:51	ActionGesture	Smile
2024-05-26 19:59:53	SenseSpeech	yeah I agree	1334
2024-05-26 19:59:53	FlowEvent	NEW_FLOW_STATE	QuestionCheckpoint	8		CONDITION1	QuestionCheckpoint
2024-05-26 19:59:53	MonitorSpeechStart	<prosody rate="1.0">Nice</prosody>	438
2024-05-26 19:59:53	ActionGesture	BrowRaise
2024-05-26 19:59:54	MonitorSpeechStart	<prosody rate="1.0">So</prosody>	386
2024-05-26 19:59:55	MonitorSpeechStart	<prosody rate="1.0">do we agree it's TRUE?</prosody>	1157
2024-05-26 19:59:56	ActionGesture	BrowRaise
2024-05-26 19:59:58	ActionGesture	Smile
2024-05-26 19:59:59	SenseSpeech	yes	808
2024-05-26 19:59:59	FlowEvent	NEW_FLOW_STATE	QuestionReview	8		CONDITION1	QuestionReview
2024-05-26 19:59:59	FlowEvent	NEW_FLOW_STATE	QuestionConfirmation	8		CONDITION1	QuestionConfirmation
2024-05-26 19:59:59	MonitorSpeechStart	<prosody rate="1.0">Perfect</prosody>	513
2024-05-26 19:59:59	ActionGesture	BrowRaise
