2024-05-26 15:07:01	Autoreload is disabled because the development mode is off.
2024-05-26 15:07:01	Application started in 0.574 seconds.
2024-05-26 15:07:02	Responding at http://127.0.0.1:8888
2024-05-26 15:07:06	----------------- NEW EXECUTION-------------------
2024-05-26 15:07:06	FlowEvent	NEW_FLOW_STATE	Testing	0.0		UNDEFINED	Testing
2024-05-26 15:07:06	MonitorSpeechStart	Ok, let's test.	1425
2024-05-26 15:07:08	ActionGesture	BrowRaise
2024-05-26 15:07:10	ActionGesture	Smile
2024-05-26 15:07:11	SenseSpeech	yes	946
2024-05-26 15:07:11	MonitorSpeechStart	I am quite certain <mark name="action"/>	1024
2024-05-26 15:07:11	ActionGesture	BrowRaise
2024-05-26 15:07:12	ActionGesture	EyesOpenBrowUpNod
2024-05-26 15:07:14	MonitorSpeechStart	Look at me <mark name="action"/>	571
2024-05-26 15:07:14	ActionGesture	BrowRaise
2024-05-26 15:07:14	ActionGesture	EyesOpenBrowUpNod
2024-05-26 15:07:15	MonitorSpeechStart	I'm determined	787
2024-05-26 15:07:15	ActionGesture	BrowRaise
2024-05-26 15:09:44	Autoreload is disabled because the development mode is off.
2024-05-26 15:09:44	Application started in 0.564 seconds.
2024-05-26 15:09:45	Responding at http://127.0.0.1:8888
2024-05-26 15:09:46	----------------- NEW EXECUTION-------------------
2024-05-26 15:09:46	FlowEvent	NEW_FLOW_STATE	Testing	0.0		UNDEFINED	Testing
2024-05-26 15:09:47	MonitorSpeechStart	Ok, let's test.	1425
2024-05-26 15:09:48	ActionGesture	BrowRaise
2024-05-26 15:09:50	ActionGesture	Smile
2024-05-26 15:09:51	SenseSpeech	yes	909
2024-05-26 15:09:52	MonitorSpeechStart	<prosody rate="1.0">I am quite certain <mark name="action"/></prosody>	1024
2024-05-26 15:09:53	ActionGesture	BrowRaise
2024-05-26 15:09:54	ActionGesture	EyesOpenBrowUpNod
2024-05-26 15:09:55	MonitorSpeechStart	<prosody rate="1.0">Look at me <mark name="action"/></prosody>	571
2024-05-26 15:09:55	ActionGesture	BrowRaise
2024-05-26 15:09:55	ActionGesture	EyesOpenBrowUpNod
2024-05-26 15:09:56	MonitorSpeechStart	<prosody rate="1.0">I'm determined</prosody>	787
2024-05-26 15:09:57	ActionGesture	BrowRaise
2024-05-26 15:10:00	ActionGesture	Smile
2024-05-26 15:10:01	SenseSpeech	no	897
2024-05-26 15:10:02	MonitorSpeechStart	<prosody rate="1.0">I am bit <mark name="action"/></prosody>	518
2024-05-26 15:10:02	ActionGesture	BrowRaise
2024-05-26 15:10:03	ActionGesture	PauseUncertain
2024-05-26 15:10:04	MonitorSpeechStart	<prosody rate="1.0">uncertain. You see? <mark name="action"/></prosody>	1675
2024-05-26 15:10:04	ActionGesture	BrowRaise
2024-05-26 15:10:06	ActionGesture	PauseUncertain
2024-05-26 15:10:07	MonitorSpeechStart	<prosody rate="1.0">Not much I can do</prosody>	1157
2024-05-26 15:10:08	ActionGesture	BrowRaise
2024-05-26 15:10:19	MonitorSpeechStart	<prosody rate="1.0">Now I will pause <mark name="action"/></prosody>	1037
2024-05-26 15:10:19	ActionGesture	BrowRaise
2024-05-26 15:10:20	ActionGesture	IndianHeadWobble
2024-05-26 15:14:23	Autoreload is disabled because the development mode is off.
2024-05-26 15:14:24	Application started in 0.577 seconds.
2024-05-26 15:14:24	Responding at http://127.0.0.1:8888
2024-05-26 15:14:26	----------------- NEW EXECUTION-------------------
2024-05-26 15:14:57	Autoreload is disabled because the development mode is off.
2024-05-26 15:14:58	Application started in 0.606 seconds.
2024-05-26 15:14:58	Responding at http://127.0.0.1:8888
2024-05-26 15:14:59	----------------- NEW EXECUTION-------------------
2024-05-26 15:14:59	FlowEvent	NEW_FLOW_STATE	Testing	0.0		UNDEFINED	Testing
2024-05-26 15:15:00	MonitorSpeechStart	Ok, let's test.	1425
2024-05-26 15:15:01	ActionGesture	BrowRaise
2024-05-26 15:15:05	ActionGesture	Smile
2024-05-26 15:15:07	SenseSpeech	uh	1637
2024-05-26 15:15:07	MonitorSpeechStart	You just backchanneled.	1149
2024-05-26 15:15:08	ActionGesture	BrowRaise
2024-05-26 15:15:10	ActionGesture	Smile
2024-05-26 15:15:11	SenseSpeech	wait	963
2024-05-26 15:15:12	MonitorSpeechStart	<prosody rate="1.0">You <mark name="action"/></prosody>	443
2024-05-26 15:15:12	ActionGesture	SubtleWobbleYes
2024-05-26 15:15:14	MonitorSpeechStart	<prosody rate="1.0">want time.</prosody>	749
2024-05-26 15:15:14	ActionGesture	BrowRaise
2024-05-26 15:15:19	ActionGesture	Smile
2024-05-26 15:15:20	SenseSpeech	you don't know	1043
2024-05-26 15:15:20	MonitorSpeechStart	<prosody rate="1.0">You <mark name="action"/></prosody>	443
2024-05-26 15:15:21	ActionGesture	SubtleWobbleNo
2024-05-26 15:15:21	MonitorSpeechStart	<prosody rate="1.0">are not sure.</prosody>	790
2024-05-26 15:15:22	ActionGesture	BrowRaise
2024-05-26 15:16:34	Autoreload is disabled because the development mode is off.
2024-05-26 15:16:34	Application started in 0.564 seconds.
2024-05-26 15:16:35	Responding at http://127.0.0.1:8888
2024-05-26 15:16:36	----------------- NEW EXECUTION-------------------
2024-05-26 15:16:36	FlowEvent	NEW_FLOW_STATE	Testing	0.0		UNDEFINED	Testing
2024-05-26 15:16:37	MonitorSpeechStart	Ok, let's test.	1425
2024-05-26 15:16:38	ActionGesture	BrowRaise
2024-05-26 15:16:46	MonitorSpeechStart	Now I will pause <mark name="action"/>	1037
2024-05-26 15:16:47	ActionGesture	BrowRaise
2024-05-26 15:16:47	ActionGesture	IndianHeadWobble
2024-05-26 15:16:49	MonitorSpeechStart	before continuing	1174
2024-05-26 15:16:49	ActionGesture	BrowRaise
2024-05-26 15:16:50	MonitorSpeechStart	I'm listening	676
2024-05-26 15:16:52	ActionGesture	IndianHeadWobble
2024-05-26 15:16:52	MonitorSpeechStart	wobbling	508
2024-05-26 15:16:52	ActionGesture	BrowRaise
2024-05-26 15:18:15	Autoreload is disabled because the development mode is off.
2024-05-26 15:18:16	Application started in 0.565 seconds.
2024-05-26 15:18:16	Responding at http://127.0.0.1:8888
2024-05-26 15:18:17	----------------- NEW EXECUTION-------------------
2024-05-26 15:18:17	FlowEvent	NEW_FLOW_STATE	Testing	0.0		UNDEFINED	Testing
2024-05-26 15:18:18	MonitorSpeechStart	Ok, let's test.	1425
2024-05-26 15:18:19	ActionGesture	BrowRaise
2024-05-26 15:18:27	MonitorSpeechStart	Now I will pause <mark name="action"/>	1037
2024-05-26 15:18:28	ActionGesture	BrowRaise
2024-05-26 15:18:29	ActionGesture	IndianHeadWobble
2024-05-26 15:18:30	MonitorSpeechStart	before continuing	1174
2024-05-26 15:18:30	ActionGesture	BrowRaise
2024-05-26 15:18:31	MonitorSpeechStart	I'm listening	676
2024-05-26 15:18:33	ActionGesture	IndianHeadWobble
2024-05-26 15:18:33	MonitorSpeechStart	wobbling	508
2024-05-26 15:18:33	ActionGesture	BrowRaise
2024-05-26 15:18:39	MonitorSpeechStart	Now I will pause <mark name="action"/>	1037
2024-05-26 15:18:40	ActionGesture	BrowRaise
2024-05-26 15:18:40	ActionGesture	IndianHeadWobble
2024-05-26 15:18:41	MonitorSpeechStart	before continuing	1174
2024-05-26 15:18:42	ActionGesture	BrowRaise
2024-05-26 15:18:43	MonitorSpeechStart	I'm listening	676
2024-05-26 15:18:45	ActionGesture	IndianHeadWobble
2024-05-26 15:18:45	MonitorSpeechStart	wobbling	508
2024-05-26 15:18:45	ActionGesture	BrowRaise
2024-05-26 15:18:51	MonitorSpeechStart	Now I will pause <mark name="action"/>	1037
2024-05-26 15:18:51	ActionGesture	BrowRaise
2024-05-26 15:18:52	ActionGesture	IndianHeadWobble
2024-05-26 15:18:53	MonitorSpeechStart	before continuing	1174
2024-05-26 15:18:54	ActionGesture	BrowRaise
2024-05-26 15:18:54	MonitorSpeechStart	I'm listening	676
2024-05-26 15:18:56	ActionGesture	IndianHeadWobble
2024-05-26 15:18:56	MonitorSpeechStart	wobbling	508
2024-05-26 15:18:57	ActionGesture	BrowRaise
2024-05-26 15:21:17	Autoreload is disabled because the development mode is off.
2024-05-26 15:21:18	Application started in 0.561 seconds.
2024-05-26 15:21:18	Responding at http://127.0.0.1:8888
2024-05-26 15:21:19	----------------- NEW EXECUTION-------------------
2024-05-26 15:21:19	FlowEvent	NEW_FLOW_STATE	Testing	0.0		UNDEFINED	Testing
2024-05-26 15:21:20	MonitorSpeechStart	Now I will pause <mark name="action"/>	1037
2024-05-26 15:21:20	ActionGesture	BrowRaise
2024-05-26 15:21:21	ActionGesture	IndianHeadWobble
2024-05-26 15:21:22	MonitorSpeechStart	before continuing	1174
2024-05-26 15:21:22	ActionGesture	BrowRaise
2024-05-26 15:21:24	MonitorSpeechStart	Ok, let's test.	1425
2024-05-26 15:21:25	ActionGesture	BrowRaise
2024-05-26 15:21:38	MonitorSpeechStart	Now I will pause <mark name="action"/>	1037
2024-05-26 15:21:39	ActionGesture	BrowRaise
2024-05-26 15:21:39	ActionGesture	IndianHeadWobble
2024-05-26 15:21:41	MonitorSpeechStart	before continuing	1174
2024-05-26 15:21:41	ActionGesture	BrowRaise
2024-05-26 15:21:42	MonitorSpeechStart	I'm listening	676
2024-05-26 15:21:44	ActionGesture	IndianHeadWobble
2024-05-26 15:21:44	MonitorSpeechStart	wobbling	508
2024-05-26 15:21:44	ActionGesture	BrowRaise
2024-05-26 15:22:06	Autoreload is disabled because the development mode is off.
2024-05-26 15:22:07	Application started in 0.562 seconds.
2024-05-26 15:22:07	Responding at http://127.0.0.1:8888
2024-05-26 15:22:08	----------------- NEW EXECUTION-------------------
2024-05-26 15:22:08	FlowEvent	NEW_FLOW_STATE	Testing	0.0		UNDEFINED	Testing
2024-05-26 15:22:09	MonitorSpeechStart	Now I will pause <mark name="action"/>	1037
2024-05-26 15:22:09	ActionGesture	BrowRaise
2024-05-26 15:22:10	ActionGesture	IndianHeadWobble
2024-05-26 15:22:11	MonitorSpeechStart	before continuing	1174
2024-05-26 15:22:12	ActionGesture	BrowRaise
2024-05-26 15:22:13	MonitorSpeechStart	Ok, let's test.	1425
2024-05-26 15:22:14	ActionGesture	BrowRaise
2024-05-26 15:22:22	MonitorSpeechStart	Now I will pause <mark name="action"/>	1037
2024-05-26 15:22:23	ActionGesture	BrowRaise
2024-05-26 15:22:24	ActionGesture	IndianHeadWobble
2024-05-26 15:22:25	MonitorSpeechStart	before continuing	1174
2024-05-26 15:22:25	ActionGesture	BrowRaise
2024-05-26 15:22:26	MonitorSpeechStart	I'm listening	676
2024-05-26 15:22:28	ActionGesture	IndianHeadWobble
2024-05-26 15:22:28	MonitorSpeechStart	wobbling	508
2024-05-26 15:22:28	ActionGesture	BrowRaise
2024-05-26 15:22:34	MonitorSpeechStart	Now I will pause <mark name="action"/>	1037
2024-05-26 15:22:35	ActionGesture	BrowRaise
2024-05-26 15:22:35	ActionGesture	IndianHeadWobble
2024-05-26 15:22:37	MonitorSpeechStart	before continuing	1174
2024-05-26 15:22:41	Autoreload is disabled because the development mode is off.
2024-05-26 15:22:42	Application started in 0.559 seconds.
2024-05-26 15:22:42	Responding at http://127.0.0.1:8888
2024-05-26 15:22:43	----------------- NEW EXECUTION-------------------
2024-05-26 15:22:43	FlowEvent	NEW_FLOW_STATE	Testing	0.0		UNDEFINED	Testing
2024-05-26 15:22:44	MonitorSpeechStart	Now I will pause <mark name="action"/>	1037
2024-05-26 15:22:45	ActionGesture	BrowRaise
2024-05-26 15:22:45	ActionGesture	IndianHeadWobble
2024-05-26 15:22:46	MonitorSpeechStart	before continuing	1174
2024-05-26 15:22:47	ActionGesture	BrowRaise
2024-05-26 15:22:48	MonitorSpeechStart	Ok, let's test.	1425
2024-05-26 15:22:49	ActionGesture	BrowRaise
2024-05-26 15:23:02	MonitorSpeechStart	Now I will pause <mark name="action"/>	1037
2024-05-26 15:23:03	ActionGesture	BrowRaise
2024-05-26 15:23:04	ActionGesture	IndianHeadWobble
2024-05-26 15:23:05	MonitorSpeechStart	before continuing	1174
2024-05-26 15:23:05	ActionGesture	BrowRaise
2024-05-26 15:23:06	MonitorSpeechStart	I'm listening	676
2024-05-26 15:23:48	Autoreload is disabled because the development mode is off.
2024-05-26 15:23:49	Application started in 0.563 seconds.
2024-05-26 15:23:49	Responding at http://127.0.0.1:8888
2024-05-26 15:23:50	----------------- NEW EXECUTION-------------------
2024-05-26 15:23:50	FlowEvent	NEW_FLOW_STATE	Testing	0.0		UNDEFINED	Testing
2024-05-26 15:23:51	MonitorSpeechStart	Now I will pause <mark name="action"/>	1037
2024-05-26 15:23:51	ActionGesture	BrowRaise
2024-05-26 15:23:52	ActionGesture	IndianHeadWobble
2024-05-26 15:23:53	MonitorSpeechStart	before continuing	1174
2024-05-26 15:23:54	ActionGesture	BrowRaise
2024-05-26 15:23:55	MonitorSpeechStart	Ok, let's test.	1425
2024-05-26 15:23:56	ActionGesture	BrowRaise
2024-05-26 15:24:09	MonitorSpeechStart	Now I will pause <mark name="action"/>	1037
2024-05-26 15:24:10	ActionGesture	BrowRaise
2024-05-26 15:24:10	ActionGesture	IndianHeadWobble
2024-05-26 15:24:12	MonitorSpeechStart	before continuing	1174
2024-05-26 15:24:12	ActionGesture	BrowRaise
2024-05-26 15:24:13	MonitorSpeechStart	I'm listening	676
2024-05-26 15:24:19	Autoreload is disabled because the development mode is off.
2024-05-26 15:24:20	Application started in 0.564 seconds.
2024-05-26 15:24:20	Responding at http://127.0.0.1:8888
2024-05-26 15:24:21	----------------- NEW EXECUTION-------------------
2024-05-26 15:24:21	FlowEvent	NEW_FLOW_STATE	Testing	0.0		UNDEFINED	Testing
2024-05-26 15:24:21	MonitorSpeechStart	Now I will pause <mark name="action"/>	1037
2024-05-26 15:24:22	ActionGesture	BrowRaise
2024-05-26 15:24:23	ActionGesture	IndianHeadWobble
2024-05-26 15:24:24	MonitorSpeechStart	before continuing	1174
2024-05-26 15:24:24	ActionGesture	BrowRaise
2024-05-26 15:24:25	MonitorSpeechStart	Ok, let's test.	1425
2024-05-26 15:24:26	ActionGesture	BrowRaise
2024-05-26 15:25:38	Autoreload is disabled because the development mode is off.
2024-05-26 15:25:39	Application started in 0.574 seconds.
2024-05-26 15:25:39	Responding at http://127.0.0.1:8888
2024-05-26 15:25:40	----------------- NEW EXECUTION-------------------
2024-05-26 15:25:40	FlowEvent	NEW_FLOW_STATE	Testing	0.0		UNDEFINED	Testing
2024-05-26 15:25:40	MonitorSpeechStart	Now I will pause <mark name="action"/>	1037
2024-05-26 15:25:41	ActionGesture	BrowRaise
2024-05-26 15:25:42	ActionGesture	IndianHeadWobble
2024-05-26 15:25:43	MonitorSpeechStart	before continuing	1174
2024-05-26 15:25:43	ActionGesture	BrowRaise
2024-05-26 15:25:44	MonitorSpeechStart	Ok, let's test.	1425
2024-05-26 15:25:45	ActionGesture	BrowRaise
2024-05-26 15:25:59	MonitorSpeechStart	Now I will pause <mark name="action"/>	1037
2024-05-26 15:26:00	ActionGesture	BrowRaise
2024-05-26 15:26:00	ActionGesture	IndianHeadWobble
2024-05-26 15:26:01	MonitorSpeechStart	before continuing	1174
2024-05-26 15:26:02	ActionGesture	BrowRaise
2024-05-26 15:26:03	MonitorSpeechStart	I'm listening	676
2024-05-26 15:26:05	ActionGesture	IndianHeadWobble
2024-05-26 15:26:05	MonitorSpeechStart	wobbling	508
2024-05-26 15:26:05	ActionGesture	BrowRaise
2024-05-26 15:26:11	MonitorSpeechStart	Now I will pause <mark name="action"/>	1037
2024-05-26 15:26:21	Autoreload is disabled because the development mode is off.
2024-05-26 15:26:22	Application started in 0.557 seconds.
2024-05-26 15:26:22	Responding at http://127.0.0.1:8888
2024-05-26 15:26:23	----------------- NEW EXECUTION-------------------
2024-05-26 15:26:23	FlowEvent	NEW_FLOW_STATE	Testing	0.0		UNDEFINED	Testing
2024-05-26 15:26:24	MonitorSpeechStart	Now I will pause <mark name="action"/>	1037
2024-05-26 15:26:24	ActionGesture	BrowRaise
2024-05-26 15:26:25	ActionGesture	IndianHeadWobble
2024-05-26 15:26:26	MonitorSpeechStart	before continuing	1174
2024-05-26 15:26:27	ActionGesture	BrowRaise
2024-05-26 15:26:28	MonitorSpeechStart	Ok, let's test.	1425
2024-05-26 15:26:29	ActionGesture	BrowRaise
2024-05-26 15:26:42	MonitorSpeechStart	Now I will pause <mark name="action"/>	1037
2024-05-26 15:26:43	ActionGesture	BrowRaise
2024-05-26 15:26:43	ActionGesture	IndianHeadWobble
2024-05-26 15:31:58	Autoreload is disabled because the development mode is off.
2024-05-26 15:31:59	Application started in 0.577 seconds.
2024-05-26 15:31:59	Responding at http://127.0.0.1:8888
2024-05-26 15:32:03	----------------- NEW EXECUTION-------------------
2024-05-26 15:32:03	FlowEvent	NEW_FLOW_STATE	Testing	0.0		UNDEFINED	Testing
2024-05-26 15:32:03	MonitorSpeechStart	Now I will pause <mark name="action"/>	1037
2024-05-26 15:32:04	ActionGesture	BrowRaise
2024-05-26 15:32:04	ActionGesture	IndianHeadWobble
2024-05-26 15:32:05	MonitorSpeechStart	before continuing	1174
2024-05-26 15:32:06	ActionGesture	BrowRaise
2024-05-26 15:32:07	MonitorSpeechStart	Ok, let's test.	1425
2024-05-26 15:32:08	ActionGesture	BrowRaise
2024-05-26 15:32:46	Autoreload is disabled because the development mode is off.
2024-05-26 15:32:46	Application started in 0.56 seconds.
2024-05-26 15:32:46	Responding at http://127.0.0.1:8888
2024-05-26 15:32:48	----------------- NEW EXECUTION-------------------
2024-05-26 15:32:48	FlowEvent	NEW_FLOW_STATE	Testing	0.0		UNDEFINED	Testing
2024-05-26 15:32:48	MonitorSpeechStart	Now I will pause <mark name="action"/>	1037
2024-05-26 15:32:49	ActionGesture	BrowRaise
2024-05-26 15:32:49	ActionGesture	IndianHeadWobble
2024-05-26 15:32:50	MonitorSpeechStart	before continuing	1174
2024-05-26 15:32:51	ActionGesture	BrowRaise
2024-05-26 15:32:52	MonitorSpeechStart	Ok, let's test.	1425
2024-05-26 15:32:53	ActionGesture	BrowRaise
2024-05-26 15:33:02	Autoreload is disabled because the development mode is off.
2024-05-26 15:33:03	Application started in 0.559 seconds.
2024-05-26 15:33:03	Responding at http://127.0.0.1:8888
2024-05-26 15:33:04	----------------- NEW EXECUTION-------------------
2024-05-26 15:33:04	FlowEvent	NEW_FLOW_STATE	Testing	0.0		UNDEFINED	Testing
2024-05-26 15:33:05	MonitorSpeechStart	Now I will pause <mark name="action"/>	1037
2024-05-26 15:33:05	ActionGesture	BrowRaise
2024-05-26 15:33:06	ActionGesture	IndianHeadWobble
2024-05-26 15:33:07	MonitorSpeechStart	before continuing	1174
2024-05-26 15:33:08	ActionGesture	BrowRaise
2024-05-26 15:33:09	MonitorSpeechStart	Ok, let's test.	1425
2024-05-26 15:33:10	ActionGesture	BrowRaise
2024-05-26 15:33:23	MonitorSpeechStart	Now I will pause <mark name="action"/>	1037
2024-05-26 15:33:24	ActionGesture	BrowRaise
2024-05-26 15:33:24	ActionGesture	IndianHeadWobble
2024-05-26 15:33:29	Autoreload is disabled because the development mode is off.
2024-05-26 15:33:30	Application started in 0.558 seconds.
2024-05-26 15:33:30	Responding at http://127.0.0.1:8888
2024-05-26 15:33:31	----------------- NEW EXECUTION-------------------
2024-05-26 15:33:31	FlowEvent	NEW_FLOW_STATE	Testing	0.0		UNDEFINED	Testing
2024-05-26 15:33:32	MonitorSpeechStart	Now I will pause <mark name="action"/>	1037
2024-05-26 15:33:32	ActionGesture	BrowRaise
2024-05-26 15:33:33	ActionGesture	IndianHeadWobble
2024-05-26 15:33:34	MonitorSpeechStart	before continuing	1174
2024-05-26 15:33:34	ActionGesture	BrowRaise
2024-05-26 15:33:35	MonitorSpeechStart	Ok, let's test.	1425
2024-05-26 15:33:37	ActionGesture	BrowRaise
2024-05-26 15:33:45	MonitorSpeechStart	Now I will pause <mark name="action"/>	1037
2024-05-26 15:33:50	Autoreload is disabled because the development mode is off.
2024-05-26 15:33:51	Application started in 0.555 seconds.
2024-05-26 15:33:51	Responding at http://127.0.0.1:8888
2024-05-26 15:33:52	----------------- NEW EXECUTION-------------------
2024-05-26 15:33:52	FlowEvent	NEW_FLOW_STATE	Testing	0.0		UNDEFINED	Testing
2024-05-26 15:33:53	MonitorSpeechStart	Now I will pause <mark name="action"/>	1037
2024-05-26 15:33:53	ActionGesture	BrowRaise
2024-05-26 15:33:54	ActionGesture	IndianHeadWobble
2024-05-26 15:33:55	MonitorSpeechStart	before continuing	1174
2024-05-26 15:33:56	ActionGesture	BrowRaise
2024-05-26 15:33:57	MonitorSpeechStart	Ok, let's test.	1425
2024-05-26 15:33:58	ActionGesture	BrowRaise
2024-05-26 15:34:07	MonitorSpeechStart	Now I will pause <mark name="action"/>	1037
2024-05-26 15:34:07	ActionGesture	BrowRaise
2024-05-26 15:34:08	ActionGesture	IndianHeadWobble
2024-05-26 15:34:09	MonitorSpeechStart	before continuing	1174
2024-05-26 15:34:09	ActionGesture	BrowRaise
2024-05-26 15:34:15	Autoreload is disabled because the development mode is off.
2024-05-26 15:34:15	Application started in 0.563 seconds.
2024-05-26 15:34:15	Responding at http://127.0.0.1:8888
2024-05-26 15:34:17	----------------- NEW EXECUTION-------------------
2024-05-26 15:34:17	FlowEvent	NEW_FLOW_STATE	Testing	0.0		UNDEFINED	Testing
2024-05-26 15:34:17	MonitorSpeechStart	Now I will pause <mark name="action"/>	1037
2024-05-26 15:34:18	ActionGesture	BrowRaise
2024-05-26 15:34:18	ActionGesture	IndianHeadWobble
2024-05-26 15:34:19	MonitorSpeechStart	before continuing	1174
2024-05-26 15:34:20	ActionGesture	BrowRaise
2024-05-26 15:34:21	MonitorSpeechStart	Ok, let's test.	1425
2024-05-26 15:34:22	ActionGesture	BrowRaise
2024-05-26 15:34:31	MonitorSpeechStart	Now I will pause <mark name="action"/>	1037
2024-05-26 15:34:31	ActionGesture	BrowRaise
2024-05-26 15:34:32	ActionGesture	IndianHeadWobble
2024-05-26 15:34:44	Autoreload is disabled because the development mode is off.
2024-05-26 15:34:44	Application started in 0.557 seconds.
2024-05-26 15:34:44	Responding at http://127.0.0.1:8888
2024-05-26 15:34:46	----------------- NEW EXECUTION-------------------
2024-05-26 15:34:46	FlowEvent	NEW_FLOW_STATE	Testing	0.0		UNDEFINED	Testing
2024-05-26 15:34:46	MonitorSpeechStart	Now I will pause <mark name="action"/>	1037
2024-05-26 15:34:47	ActionGesture	BrowRaise
2024-05-26 15:34:47	ActionGesture	IndianHeadWobble
2024-05-26 15:34:48	MonitorSpeechStart	before continuing	1174
2024-05-26 15:34:49	ActionGesture	BrowRaise
2024-05-26 15:34:50	MonitorSpeechStart	Ok, let's test.	1425
2024-05-26 15:34:51	ActionGesture	BrowRaise
2024-05-26 15:35:03	Autoreload is disabled because the development mode is off.
2024-05-26 15:35:03	Application started in 0.563 seconds.
2024-05-26 15:35:04	Responding at http://127.0.0.1:8888
2024-05-26 15:35:05	----------------- NEW EXECUTION-------------------
2024-05-26 15:35:05	FlowEvent	NEW_FLOW_STATE	Testing	0.0		UNDEFINED	Testing
2024-05-26 15:35:05	MonitorSpeechStart	Now I will pause <mark name="action"/>	1037
2024-05-26 15:35:06	ActionGesture	BrowRaise
2024-05-26 15:35:06	ActionGesture	IndianHeadWobble
2024-05-26 15:35:07	MonitorSpeechStart	before continuing	1174
2024-05-26 15:35:08	ActionGesture	BrowRaise
2024-05-26 15:35:09	MonitorSpeechStart	Ok, let's test.	1425
2024-05-26 15:35:10	ActionGesture	BrowRaise
2024-05-26 15:35:23	Autoreload is disabled because the development mode is off.
2024-05-26 15:35:23	Application started in 0.56 seconds.
2024-05-26 15:35:23	Responding at http://127.0.0.1:8888
2024-05-26 15:35:24	----------------- NEW EXECUTION-------------------
2024-05-26 15:35:25	FlowEvent	NEW_FLOW_STATE	Testing	0.0		UNDEFINED	Testing
2024-05-26 15:35:25	MonitorSpeechStart	Now I will pause <mark name="action"/>	1037
2024-05-26 15:35:26	ActionGesture	BrowRaise
2024-05-26 15:35:26	ActionGesture	IndianHeadWobble
2024-05-26 15:35:27	MonitorSpeechStart	before continuing	1174
2024-05-26 15:35:28	ActionGesture	BrowRaise
2024-05-26 15:35:29	MonitorSpeechStart	Ok, let's test.	1425
2024-05-26 15:35:30	ActionGesture	BrowRaise
2024-05-26 15:35:39	MonitorSpeechStart	Now I will pause <mark name="action"/>	1037
2024-05-26 15:35:39	ActionGesture	BrowRaise
2024-05-26 15:35:40	ActionGesture	IndianHeadWobble
2024-05-26 15:35:41	MonitorSpeechStart	before continuing	1174
2024-05-26 15:35:42	ActionGesture	BrowRaise
2024-05-26 15:35:42	MonitorSpeechStart	I'm listening	676
2024-05-26 15:35:44	ActionGesture	IndianHeadWobble
2024-05-26 15:35:44	MonitorSpeechStart	wobbling	508
2024-05-26 15:35:45	ActionGesture	BrowRaise
2024-05-26 15:35:50	MonitorSpeechStart	Now I will pause <mark name="action"/>	1037
2024-05-26 15:35:51	ActionGesture	BrowRaise
2024-05-26 15:35:52	ActionGesture	IndianHeadWobble
2024-05-26 15:35:57	Autoreload is disabled because the development mode is off.
2024-05-26 15:35:57	Application started in 0.56 seconds.
2024-05-26 15:35:58	Responding at http://127.0.0.1:8888
2024-05-26 15:35:59	----------------- NEW EXECUTION-------------------
2024-05-26 15:35:59	FlowEvent	NEW_FLOW_STATE	Testing	0.0		UNDEFINED	Testing
2024-05-26 15:35:59	MonitorSpeechStart	Now I will pause <mark name="action"/>	1037
2024-05-26 15:36:00	ActionGesture	BrowRaise
2024-05-26 15:36:00	ActionGesture	IndianHeadWobble
2024-05-26 15:36:02	MonitorSpeechStart	before continuing	1174
2024-05-26 15:36:02	ActionGesture	BrowRaise
2024-05-26 15:36:03	MonitorSpeechStart	Ok, let's test.	1425
2024-05-26 15:36:04	ActionGesture	BrowRaise
2024-05-26 15:36:18	MonitorSpeechStart	Now I will pause <mark name="action"/>	1037
2024-05-26 15:36:19	ActionGesture	BrowRaise
2024-05-26 15:36:19	ActionGesture	IndianHeadWobble
2024-05-26 15:36:24	Autoreload is disabled because the development mode is off.
2024-05-26 15:36:24	Application started in 0.562 seconds.
2024-05-26 15:36:25	Responding at http://127.0.0.1:8888
2024-05-26 15:36:26	----------------- NEW EXECUTION-------------------
2024-05-26 15:36:26	FlowEvent	NEW_FLOW_STATE	Testing	0.0		UNDEFINED	Testing
2024-05-26 15:36:27	MonitorSpeechStart	Now I will pause <mark name="action"/>	1037
2024-05-26 15:36:27	ActionGesture	BrowRaise
2024-05-26 15:36:28	ActionGesture	IndianHeadWobble
2024-05-26 15:36:29	MonitorSpeechStart	before continuing	1174
2024-05-26 15:36:30	ActionGesture	BrowRaise
2024-05-26 15:36:31	MonitorSpeechStart	Ok, let's test.	1425
2024-05-26 15:36:32	ActionGesture	BrowRaise
2024-05-26 15:36:40	MonitorSpeechStart	Now I will pause <mark name="action"/>	1037
2024-05-26 15:36:41	ActionGesture	BrowRaise
2024-05-26 15:36:42	ActionGesture	IndianHeadWobble
2024-05-26 15:36:43	MonitorSpeechStart	before continuing	1174
2024-05-26 15:36:43	ActionGesture	BrowRaise
2024-05-26 15:36:44	MonitorSpeechStart	I'm listening	676
2024-05-26 15:36:46	ActionGesture	IndianHeadWobble
2024-05-26 15:36:46	MonitorSpeechStart	wobbling	508
2024-05-26 15:36:46	ActionGesture	BrowRaise
2024-05-26 15:36:52	MonitorSpeechStart	Now I will pause <mark name="action"/>	1037
2024-05-26 15:36:53	ActionGesture	BrowRaise
2024-05-26 15:36:53	ActionGesture	IndianHeadWobble
2024-05-26 15:36:55	MonitorSpeechStart	before continuing	1174
2024-05-26 15:36:55	ActionGesture	BrowRaise
2024-05-26 15:36:56	MonitorSpeechStart	I'm listening	676
2024-05-26 15:36:58	ActionGesture	IndianHeadWobble
2024-05-26 15:36:58	MonitorSpeechStart	wobbling	508
2024-05-26 15:36:58	ActionGesture	BrowRaise
2024-05-26 15:37:04	Autoreload is disabled because the development mode is off.
2024-05-26 15:37:05	Application started in 0.561 seconds.
2024-05-26 15:37:05	Responding at http://127.0.0.1:8888
2024-05-26 15:37:07	----------------- NEW EXECUTION-------------------
2024-05-26 15:37:07	FlowEvent	NEW_FLOW_STATE	Testing	0.0		UNDEFINED	Testing
2024-05-26 15:37:07	MonitorSpeechStart	Now I will pause <mark name="action"/>	1037
2024-05-26 15:37:08	ActionGesture	BrowRaise
2024-05-26 15:37:08	ActionGesture	IndianHeadWobble
2024-05-26 15:37:09	MonitorSpeechStart	before continuing	1174
2024-05-26 15:37:10	ActionGesture	BrowRaise
2024-05-26 15:37:11	MonitorSpeechStart	Ok, let's test.	1425
2024-05-26 15:37:12	ActionGesture	BrowRaise
2024-05-26 15:37:26	MonitorSpeechStart	Now I will pause <mark name="action"/>	1037
2024-05-26 15:37:26	ActionGesture	BrowRaise
2024-05-26 15:37:27	ActionGesture	IndianHeadWobble
2024-05-26 15:37:28	MonitorSpeechStart	before continuing	1174
2024-05-26 15:37:28	ActionGesture	BrowRaise
2024-05-26 15:37:29	MonitorSpeechStart	I'm listening	676
2024-05-26 15:37:31	ActionGesture	IndianHeadWobble
2024-05-26 15:37:31	MonitorSpeechStart	wobbling	508
2024-05-26 15:37:31	ActionGesture	BrowRaise
2024-05-26 15:37:37	MonitorSpeechStart	Now I will pause <mark name="action"/>	1037
2024-05-26 15:37:42	Autoreload is disabled because the development mode is off.
2024-05-26 15:37:43	Application started in 0.558 seconds.
2024-05-26 15:37:43	Responding at http://127.0.0.1:8888
2024-05-26 15:37:44	----------------- NEW EXECUTION-------------------
2024-05-26 15:37:44	FlowEvent	NEW_FLOW_STATE	Testing	0.0		UNDEFINED	Testing
2024-05-26 15:37:44	MonitorSpeechStart	Now I will pause <mark name="action"/>	1037
2024-05-26 15:37:45	ActionGesture	BrowRaise
2024-05-26 15:37:46	ActionGesture	IndianHeadWobble
2024-05-26 15:37:47	MonitorSpeechStart	before continuing	1174
2024-05-26 15:37:47	ActionGesture	BrowRaise
2024-05-26 15:37:48	MonitorSpeechStart	Ok, let's test.	1425
2024-05-26 15:37:49	ActionGesture	BrowRaise
2024-05-26 15:37:58	MonitorSpeechStart	Now I will pause <mark name="action"/>	1037
2024-05-26 15:37:59	ActionGesture	BrowRaise
2024-05-26 15:37:59	ActionGesture	IndianHeadWobble
2024-05-26 15:38:01	MonitorSpeechStart	before continuing	1174
2024-05-26 15:38:01	ActionGesture	BrowRaise
2024-05-26 15:38:02	MonitorSpeechStart	I'm listening	676
2024-05-26 15:38:04	ActionGesture	IndianHeadWobble
2024-05-26 15:38:04	MonitorSpeechStart	wobbling	508
2024-05-26 15:38:04	ActionGesture	BrowRaise
2024-05-26 15:38:10	MonitorSpeechStart	Now I will pause <mark name="action"/>	1037
2024-05-26 15:38:11	ActionGesture	BrowRaise
2024-05-26 15:38:11	ActionGesture	IndianHeadWobble
2024-05-26 15:38:12	MonitorSpeechStart	before continuing	1174
2024-05-26 15:38:13	ActionGesture	BrowRaise
2024-05-26 15:38:14	MonitorSpeechStart	I'm listening	676
2024-05-26 15:38:16	ActionGesture	IndianHeadWobble
2024-05-26 15:38:16	MonitorSpeechStart	wobbling	508
2024-05-26 15:38:16	ActionGesture	BrowRaise
2024-05-26 15:38:21	ActionGesture	Smile
2024-05-26 15:38:56	ActionGesture	Smile
2024-05-26 15:38:57	SenseSpeech	yes	828
2024-05-26 15:38:57	MonitorSpeechStart	<prosody rate="1.0">I am quite certain <mark name="action"/></prosody>	1024
2024-05-26 15:38:58	ActionGesture	BrowRaise
2024-05-26 15:38:58	ActionGesture	EyesOpenBrowUpNod
2024-05-26 15:38:59	MonitorSpeechStart	<prosody rate="1.0">Look at me <mark name="action"/></prosody>	571
2024-05-26 15:38:59	ActionGesture	BrowRaise
2024-05-26 15:39:00	ActionGesture	EyesOpenBrowUpNod
2024-05-26 15:39:01	MonitorSpeechStart	<prosody rate="1.0">I'm determined</prosody>	787
2024-05-26 15:39:01	ActionGesture	BrowRaise
2024-05-26 15:39:06	ActionGesture	Smile
2024-05-26 15:39:07	SenseSpeech	yes	1021
2024-05-26 15:39:07	MonitorSpeechStart	<prosody rate="1.0">I am quite certain <mark name="action"/></prosody>	1024
2024-05-26 15:39:08	ActionGesture	BrowRaise
2024-05-26 15:39:09	ActionGesture	EyesOpenBrowUpNod
2024-05-26 15:39:09	MonitorSpeechStart	<prosody rate="1.0">Look at me <mark name="action"/></prosody>	571
2024-05-26 15:39:09	ActionGesture	BrowRaise
2024-05-26 15:39:10	ActionGesture	EyesOpenBrowUpNod
2024-05-26 15:39:11	MonitorSpeechStart	<prosody rate="1.0">I'm determined</prosody>	787
2024-05-26 15:39:11	ActionGesture	BrowRaise
2024-05-26 15:39:16	ActionGesture	Smile
2024-05-26 15:39:17	SenseSpeech	no	1078
2024-05-26 15:39:17	MonitorSpeechStart	<prosody rate="1.0">I am bit <mark name="action"/></prosody>	518
2024-05-26 15:39:17	ActionGesture	BrowRaise
2024-05-26 15:39:18	ActionGesture	PauseUncertain
2024-05-26 15:39:19	MonitorSpeechStart	<prosody rate="1.0">uncertain. You see? <mark name="action"/></prosody>	1675
2024-05-26 15:39:19	ActionGesture	BrowRaise
2024-05-26 15:39:20	ActionGesture	PauseUncertain
2024-05-26 15:39:21	MonitorSpeechStart	<prosody rate="1.0">Not much I can do</prosody>	1157
2024-05-26 15:39:22	ActionGesture	BrowRaise
2024-05-26 15:39:28	MonitorSpeechStart	<prosody rate="1.0">Now I will pause <mark name="action"/></prosody>	1037
2024-05-26 15:39:29	ActionGesture	BrowRaise
2024-05-26 15:39:29	ActionGesture	IndianHeadWobble
2024-05-26 15:39:30	MonitorSpeechStart	<prosody rate="1.0">before continuing</prosody>	1174
2024-05-26 15:39:31	ActionGesture	BrowRaise
2024-05-26 15:39:32	MonitorSpeechStart	<prosody rate="1.0">I'm listening</prosody>	676
2024-05-26 15:44:06	Autoreload is disabled because the development mode is off.
2024-05-26 15:44:06	Application started in 0.573 seconds.
2024-05-26 15:44:06	Responding at http://127.0.0.1:8888
2024-05-26 15:44:10	----------------- NEW EXECUTION-------------------
2024-05-26 15:44:10	FlowEvent	NEW_FLOW_STATE	Testing	0.0		UNDEFINED	Testing
2024-05-26 15:44:10	MonitorSpeechStart	Now I will pause <mark name="action"/>	1037
2024-05-26 15:44:11	ActionGesture	BrowRaise
2024-05-26 15:44:11	ActionGesture	SubtleWobble
2024-05-26 15:44:13	MonitorSpeechStart	before continuing	1174
2024-05-26 15:44:13	ActionGesture	BrowRaise
2024-05-26 15:44:14	MonitorSpeechStart	Ok, let's test.	1425
2024-05-26 15:44:15	ActionGesture	BrowRaise
2024-05-26 15:44:24	MonitorSpeechStart	Now I will pause <mark name="action"/>	1037
2024-05-26 15:44:25	ActionGesture	BrowRaise
2024-05-26 15:44:25	ActionGesture	SubtleWobble
2024-05-26 15:44:26	MonitorSpeechStart	before continuing	1174
2024-05-26 15:44:27	ActionGesture	BrowRaise
2024-05-26 15:44:28	MonitorSpeechStart	I'm listening	676
2024-05-26 15:44:30	ActionGesture	SubtleWobble
2024-05-26 15:44:30	MonitorSpeechStart	wobbling	508
2024-05-26 15:44:30	ActionGesture	BrowRaise
2024-05-26 15:44:36	MonitorSpeechStart	Now I will pause <mark name="action"/>	1037
2024-05-26 15:44:36	ActionGesture	BrowRaise
2024-05-26 15:44:37	ActionGesture	SubtleWobble
2024-05-26 15:44:38	MonitorSpeechStart	before continuing	1174
2024-05-26 15:44:38	ActionGesture	BrowRaise
2024-05-26 15:44:39	MonitorSpeechStart	I'm listening	676
2024-05-26 15:44:41	ActionGesture	SubtleWobble
2024-05-26 15:44:41	MonitorSpeechStart	wobbling	508
2024-05-26 15:44:42	ActionGesture	BrowRaise
2024-05-26 15:44:46	ActionGesture	Smile
2024-05-26 15:44:47	SenseSpeech	wait	904
2024-05-26 15:44:47	MonitorSpeechStart	<prosody rate="1.0">You <mark name="action"/></prosody>	443
2024-05-26 15:44:47	ActionGesture	SubtleWobbleYes
2024-05-26 15:44:48	MonitorSpeechStart	<prosody rate="1.0">want time.</prosody>	749
2024-05-26 15:44:48	ActionGesture	BrowRaise
2024-05-26 15:44:53	ActionGesture	Smile
2024-05-26 15:44:55	SenseSpeech	uh I don't know	1358
2024-05-26 15:44:55	MonitorSpeechStart	<prosody rate="1.0">You <mark name="action"/></prosody>	443
2024-05-26 15:44:55	ActionGesture	SubtleWobbleNo
2024-05-26 15:44:56	MonitorSpeechStart	<prosody rate="1.0">are not sure.</prosody>	790
2024-05-26 15:44:56	ActionGesture	BrowRaise
2024-05-26 15:45:00	ActionGesture	Smile
2024-05-26 15:45:01	SenseSpeech	I don't know	1000
2024-05-26 15:45:01	MonitorSpeechStart	<prosody rate="1.0">You <mark name="action"/></prosody>	443
2024-05-26 15:45:02	ActionGesture	SubtleWobbleNo
2024-05-26 15:45:02	MonitorSpeechStart	<prosody rate="1.0">are not sure.</prosody>	790
2024-05-26 15:45:03	ActionGesture	BrowRaise
2024-05-26 15:45:08	ActionGesture	Smile
2024-05-26 15:45:09	SenseSpeech	you don't know	1222
2024-05-26 15:45:09	MonitorSpeechStart	<prosody rate="1.0">You <mark name="action"/></prosody>	443
2024-05-26 15:45:10	ActionGesture	SubtleWobbleNo
2024-05-26 15:45:11	MonitorSpeechStart	<prosody rate="1.0">are not sure.</prosody>	790
2024-05-26 15:45:11	ActionGesture	BrowRaise
2024-05-26 15:45:22	MonitorSpeechStart	<prosody rate="1.0">Now I will pause <mark name="action"/></prosody>	1037
2024-05-26 15:45:22	ActionGesture	BrowRaise
2024-05-26 15:45:23	ActionGesture	SubtleWobble
2024-05-26 15:45:24	MonitorSpeechStart	<prosody rate="1.0">before continuing</prosody>	1174
2024-05-26 15:45:24	ActionGesture	BrowRaise
2024-05-26 15:45:25	MonitorSpeechStart	<prosody rate="1.0">I'm listening</prosody>	676
2024-05-26 15:45:27	ActionGesture	SubtleWobble
2024-05-26 15:45:28	MonitorSpeechStart	<prosody rate="1.0">wobbling</prosody>	508
2024-05-26 15:45:29	ActionGesture	BrowRaise
2024-05-26 15:45:32	ActionGesture	Smile
2024-05-26 15:45:33	SenseSpeech	can you wait	1310
2024-05-26 15:45:34	MonitorSpeechStart	<prosody rate="1.0">You <mark name="action"/></prosody>	443
2024-05-26 15:45:34	ActionGesture	SubtleWobbleYes
2024-05-26 15:45:35	MonitorSpeechStart	<prosody rate="1.0">want time.</prosody>	749
2024-05-26 15:45:35	ActionGesture	BrowRaise
2024-05-26 15:45:41	MonitorSpeechStart	<prosody rate="1.0">Now I will pause <mark name="action"/></prosody>	1037
2024-05-26 15:45:42	ActionGesture	BrowRaise
2024-05-26 15:45:42	ActionGesture	SubtleWobble
2024-05-26 15:45:43	MonitorSpeechStart	<prosody rate="1.0">before continuing</prosody>	1174
2024-05-26 15:45:44	ActionGesture	BrowRaise
2024-05-26 15:45:45	MonitorSpeechStart	<prosody rate="1.0">I'm listening</prosody>	676
2024-05-26 15:45:46	ActionGesture	SubtleWobble
2024-05-26 15:45:47	MonitorSpeechStart	<prosody rate="1.0">wobbling</prosody>	508
2024-05-26 15:45:47	ActionGesture	BrowRaise
2024-05-26 15:45:53	MonitorSpeechStart	<prosody rate="1.0">Now I will pause <mark name="action"/></prosody>	1037
2024-05-26 15:45:53	ActionGesture	BrowRaise
2024-05-26 15:45:54	ActionGesture	SubtleWobble
2024-05-26 15:45:55	MonitorSpeechStart	<prosody rate="1.0">before continuing</prosody>	1174
2024-05-26 15:45:55	ActionGesture	BrowRaise
2024-05-26 15:45:56	MonitorSpeechStart	<prosody rate="1.0">I'm listening</prosody>	676
2024-05-26 15:45:58	ActionGesture	SubtleWobble
2024-05-26 15:45:58	MonitorSpeechStart	<prosody rate="1.0">wobbling</prosody>	508
2024-05-26 15:45:59	ActionGesture	BrowRaise
2024-05-26 15:46:09	MonitorSpeechStart	<prosody rate="1.0">Now I will pause <mark name="action"/></prosody>	1037
2024-05-26 15:46:10	ActionGesture	BrowRaise
2024-05-26 15:46:10	ActionGesture	SubtleWobble
2024-05-26 15:46:11	MonitorSpeechStart	<prosody rate="1.0">before continuing</prosody>	1174
2024-05-26 15:46:12	ActionGesture	BrowRaise
2024-05-26 15:46:13	MonitorSpeechStart	<prosody rate="1.0">I'm listening</prosody>	676
2024-05-26 15:46:19	Autoreload is disabled because the development mode is off.
2024-05-26 15:46:20	Application started in 0.557 seconds.
2024-05-26 15:46:20	Responding at http://127.0.0.1:8888
2024-05-26 15:46:22	----------------- NEW EXECUTION-------------------
2024-05-26 15:46:22	FlowEvent	NEW_FLOW_STATE	Testing	0.0		UNDEFINED	Testing
2024-05-26 15:46:22	MonitorSpeechStart	Now I will pause <mark name="action"/>	1037
2024-05-26 15:46:23	ActionGesture	BrowRaise
2024-05-26 15:46:23	ActionGesture	SubtleWobble
2024-05-26 15:46:24	MonitorSpeechStart	before continuing	1174
2024-05-26 15:46:25	ActionGesture	BrowRaise
2024-05-26 15:46:26	MonitorSpeechStart	Ok, let's test.	1425
2024-05-26 15:46:27	ActionGesture	BrowRaise
2024-05-26 15:46:30	ActionGesture	Smile
2024-05-26 15:46:31	SenseSpeech	I don't know	899
2024-05-26 15:46:33	MonitorSpeechStart	<prosody rate="1.0">You</prosody>	443
2024-05-26 15:46:34	ActionGesture	SubtleWobbleNo
2024-05-26 15:46:34	MonitorSpeechStart	<prosody rate="1.0">are not sure.</prosody>	790
2024-05-26 15:46:34	ActionGesture	BrowRaise
2024-05-26 15:46:40	MonitorSpeechStart	<prosody rate="1.0">Now I will pause <mark name="action"/></prosody>	1037
2024-05-26 15:46:41	ActionGesture	BrowRaise
2024-05-26 15:46:41	ActionGesture	SubtleWobble
2024-05-26 15:46:42	MonitorSpeechStart	<prosody rate="1.0">before continuing</prosody>	1174
2024-05-26 15:46:43	ActionGesture	BrowRaise
2024-05-26 15:46:44	MonitorSpeechStart	<prosody rate="1.0">I'm listening</prosody>	676
2024-05-26 15:46:46	ActionGesture	SubtleWobble
2024-05-26 15:46:46	MonitorSpeechStart	<prosody rate="1.0">wobbling</prosody>	508
2024-05-26 15:46:46	ActionGesture	BrowRaise
2024-05-26 15:46:49	ActionGesture	Smile
2024-05-26 15:46:49	SenseSpeech	wait	826
2024-05-26 15:46:50	MonitorSpeechStart	<prosody rate="1.0">You</prosody>	443
2024-05-26 15:46:51	ActionGesture	SubtleWobbleYes
2024-05-26 15:46:51	MonitorSpeechStart	<prosody rate="1.0">want time.</prosody>	749
2024-05-26 15:46:51	ActionGesture	BrowRaise
2024-05-26 15:47:02	MonitorSpeechStart	<prosody rate="1.0">Now I will pause <mark name="action"/></prosody>	1037
2024-05-26 15:47:02	ActionGesture	BrowRaise
2024-05-26 15:47:03	ActionGesture	SubtleWobble
2024-05-26 15:47:04	MonitorSpeechStart	<prosody rate="1.0">before continuing</prosody>	1174
2024-05-26 15:47:05	ActionGesture	BrowRaise
2024-05-26 15:47:06	MonitorSpeechStart	<prosody rate="1.0">I'm listening</prosody>	676
2024-05-26 15:47:07	ActionGesture	SubtleWobble
2024-05-26 15:47:08	MonitorSpeechStart	<prosody rate="1.0">wobbling</prosody>	508
2024-05-26 15:47:08	ActionGesture	BrowRaise
2024-05-26 15:47:14	MonitorSpeechStart	<prosody rate="1.0">Now I will pause <mark name="action"/></prosody>	1037
2024-05-26 15:47:14	ActionGesture	BrowRaise
2024-05-26 15:47:15	ActionGesture	SubtleWobble
2024-05-26 15:47:16	MonitorSpeechStart	<prosody rate="1.0">before continuing</prosody>	1174
2024-05-26 15:47:16	ActionGesture	BrowRaise
2024-05-26 15:47:17	MonitorSpeechStart	<prosody rate="1.0">I'm listening</prosody>	676
2024-05-26 15:47:19	ActionGesture	SubtleWobble
2024-05-26 15:47:19	MonitorSpeechStart	<prosody rate="1.0">wobbling</prosody>	508
2024-05-26 15:47:19	ActionGesture	BrowRaise
2024-05-26 15:47:24	ActionGesture	Smile
2024-05-26 15:47:25	SenseSpeech	I don't know	1025
2024-05-26 15:47:25	MonitorSpeechStart	<prosody rate="1.0">You</prosody>	443
2024-05-26 15:47:26	ActionGesture	SubtleWobbleNo
2024-05-26 15:47:26	MonitorSpeechStart	<prosody rate="1.0">are not sure.</prosody>	790
2024-05-26 15:47:27	ActionGesture	BrowRaise
2024-05-26 15:47:32	MonitorSpeechStart	<prosody rate="1.0">Now I will pause <mark name="action"/></prosody>	1037
2024-05-26 15:47:33	ActionGesture	BrowRaise
2024-05-26 15:47:34	ActionGesture	SubtleWobble
2024-05-26 15:47:35	MonitorSpeechStart	<prosody rate="1.0">before continuing</prosody>	1174
2024-05-26 15:47:35	ActionGesture	BrowRaise
2024-05-26 15:47:36	MonitorSpeechStart	<prosody rate="1.0">I'm listening</prosody>	676
2024-05-26 15:47:38	ActionGesture	SubtleWobble
2024-05-26 15:47:38	MonitorSpeechStart	<prosody rate="1.0">wobbling</prosody>	508
2024-05-26 15:47:38	ActionGesture	BrowRaise
2024-05-26 15:47:41	ActionGesture	Smile
2024-05-26 15:47:42	SenseSpeech	can you wait	1148
2024-05-26 15:47:42	MonitorSpeechStart	<prosody rate="1.0">You</prosody>	443
2024-05-26 15:47:43	ActionGesture	SubtleWobbleYes
2024-05-26 15:47:43	MonitorSpeechStart	<prosody rate="1.0">want time.</prosody>	749
2024-05-26 15:47:43	ActionGesture	BrowRaise
2024-05-26 15:47:49	MonitorSpeechStart	<prosody rate="1.0">Now I will pause <mark name="action"/></prosody>	1037
2024-05-26 15:47:50	ActionGesture	BrowRaise
2024-05-26 15:47:50	ActionGesture	SubtleWobble
2024-05-26 15:47:52	MonitorSpeechStart	<prosody rate="1.0">before continuing</prosody>	1174
2024-05-26 15:47:52	ActionGesture	BrowRaise
2024-05-26 15:47:53	MonitorSpeechStart	<prosody rate="1.0">I'm listening</prosody>	676
2024-05-26 15:47:55	ActionGesture	SubtleWobble
2024-05-26 15:47:55	MonitorSpeechStart	<prosody rate="1.0">wobbling</prosody>	508
2024-05-26 15:47:55	ActionGesture	BrowRaise
2024-05-26 15:48:01	MonitorSpeechStart	<prosody rate="1.0">Now I will pause <mark name="action"/></prosody>	1037
2024-05-26 15:48:02	ActionGesture	BrowRaise
2024-05-26 15:48:02	ActionGesture	SubtleWobble
2024-05-26 15:48:03	MonitorSpeechStart	<prosody rate="1.0">before continuing</prosody>	1174
2024-05-26 15:48:04	ActionGesture	BrowRaise
2024-05-26 15:48:05	MonitorSpeechStart	<prosody rate="1.0">I'm listening</prosody>	676
2024-05-26 15:48:06	ActionGesture	SubtleWobble
2024-05-26 15:48:07	MonitorSpeechStart	<prosody rate="1.0">wobbling</prosody>	508
2024-05-26 15:48:07	ActionGesture	BrowRaise
2024-05-26 15:48:09	ActionGesture	Smile
2024-05-26 15:48:11	SenseSpeech	I'm not sure	1202
2024-05-26 15:48:11	MonitorSpeechStart	<prosody rate="1.0">You</prosody>	443
2024-05-26 15:48:12	ActionGesture	SubtleWobbleNo
2024-05-26 15:48:12	MonitorSpeechStart	<prosody rate="1.0">are not sure.</prosody>	790
2024-05-26 15:48:12	ActionGesture	BrowRaise
2024-05-26 15:48:18	ActionGesture	Smile
2024-05-26 15:48:19	SenseSpeech	can you wait	1016
2024-05-26 15:48:19	MonitorSpeechStart	<prosody rate="1.0">You</prosody>	443
2024-05-26 15:48:20	ActionGesture	SubtleWobbleYes
2024-05-26 15:48:20	MonitorSpeechStart	<prosody rate="1.0">want time.</prosody>	749
2024-05-26 15:48:21	ActionGesture	BrowRaise
2024-05-26 15:48:27	MonitorSpeechStart	<prosody rate="1.0">Now I will pause <mark name="action"/></prosody>	1037
2024-05-26 15:48:27	ActionGesture	BrowRaise
2024-05-26 15:48:28	ActionGesture	SubtleWobble
