2024-05-13 20:04:07	Autoreload is disabled because the development mode is off.
2024-05-13 20:04:08	Application started in 0.539 seconds.
2024-05-13 20:04:08	Responding at http://127.0.0.1:8888
2024-05-13 20:04:11	----------------- NEW EXECUTION-------------------
2024-05-13 20:04:11	ActionGesture	CloseEyes
2024-05-13 20:04:39	GUIEvent	GUI_RELOADED	GUI_RELOADED [ACCEPTED]	0.0	UNDEFINED	UNDEFINED	UNDEFINED
GUI_RELOADED	GUI_RELOADED [ACCEPTED]	0.0	UNDEFINED	UNDEFINED	UNDEFINED
2024-05-13 20:04:39	GUIEvent	SYNCH_REQUESTED	SYNCH REQUESTED .. [ACCEPTED]	0.0	UNDEFINED	UNDEFINED	UNDEFINED
SYNCH_REQUESTED	SYNCH REQUESTED .. [ACCEPTED]	0.0	UNDEFINED	UNDEFINED	UNDEFINED
2024-05-13 20:05:12	MonitorSpeechStart	No start signal received, terminating the program.	2929
2024-05-13 20:05:14	ActionGesture	BrowRaise
2024-05-13 20:05:23	Autoreload is disabled because the development mode is off.
2024-05-13 20:05:23	Application started in 0.531 seconds.
2024-05-13 20:05:24	Responding at http://127.0.0.1:8888
2024-05-13 20:05:25	----------------- NEW EXECUTION-------------------
2024-05-13 20:05:25	ActionGesture	CloseEyes
2024-05-13 20:06:11	GUIEvent	NEW_STAGE_REQUESTED	STAGE[0.2] [29] REQUESTED .. [REJECTED]	0.0	UNDEFINED	UNDEFINED	UNDEFINED
NEW_STAGE_REQUESTED	STAGE[0.2] [29] REQUESTED .. [REJECTED]	0.0	UNDEFINED	UNDEFINED	UNDEFINED
2024-05-13 20:06:26	MonitorSpeechStart	No start signal received, terminating the program.	2929
2024-05-13 20:06:28	ActionGesture	BrowRaise
2024-05-13 20:07:41	Autoreload is disabled because the development mode is off.
2024-05-13 20:07:42	Application started in 0.538 seconds.
2024-05-13 20:07:42	Responding at http://127.0.0.1:8888
2024-05-13 20:07:44	----------------- NEW EXECUTION-------------------
2024-05-13 20:07:44	ActionGesture	CloseEyes
2024-05-13 20:07:48	GUIEvent	GUI_RELOADED	GUI_RELOADED [ACCEPTED]	0.0	UNDEFINED	UNDEFINED	UNDEFINED
GUI_RELOADED	GUI_RELOADED [ACCEPTED]	0.0	UNDEFINED	UNDEFINED	UNDEFINED
2024-05-13 20:07:48	GUIEvent	SYNCH_REQUESTED	SYNCH REQUESTED .. [ACCEPTED]	0.0	UNDEFINED	UNDEFINED	UNDEFINED
SYNCH_REQUESTED	SYNCH REQUESTED .. [ACCEPTED]	0.0	UNDEFINED	UNDEFINED	UNDEFINED
2024-05-13 20:08:10	GUIEvent	GUI_STARTED	GUI_STARTED [ACCEPTED]	0.0	UNDEFINED	UNDEFINED	UNDEFINED
GUI_STARTED	GUI_STARTED [ACCEPTED]	0.0	UNDEFINED	UNDEFINED	UNDEFINED
2024-05-13 20:08:10	GUIEvent	SYNCH_REQUESTED	SYNCH REQUESTED .. [ACCEPTED]	0.0	UNDEFINED	UNDEFINED	UNDEFINED
SYNCH_REQUESTED	SYNCH REQUESTED .. [ACCEPTED]	0.0	UNDEFINED	UNDEFINED	UNDEFINED
2024-05-13 20:08:17	GUIEvent	NEW_STAGE_REQUESTED	STAGE[0.2] [30] REQUESTED .. [ACCEPTED]	0.0	UNDEFINED	UNDEFINED	UNDEFINED
NEW_STAGE_REQUESTED	STAGE[0.2] [30] REQUESTED .. [ACCEPTED]	0.2	UNDEFINED	UNDEFINED	UNDEFINED
2024-05-13 20:08:17	ActionGesture	OpenEyes
2024-05-13 20:08:17	ActionGesture	Smile
2024-05-13 20:08:17	MonitorSpeechStart	Oh, hello there	1105
2024-05-13 20:08:18	ActionGesture	BrowRaise
2024-05-13 20:08:19	ActionGesture	BigSmile
2024-05-13 20:08:20	MonitorSpeechStart	Nice to meet you.	824
2024-05-13 20:08:20	ActionGesture	BrowRaise
2024-05-13 20:08:21	MonitorSpeechStart	How you doing?	741
2024-05-13 20:08:22	ActionGesture	BrowRaise
2024-05-13 20:08:23	ActionGesture	Smile
2024-05-13 20:08:25	SenseSpeech	how you doing okay	1898
2024-05-13 20:08:25	MonitorSpeechStart	Ok	618
2024-05-13 20:08:25	ActionGesture	BrowRaise
2024-05-13 20:08:27	MonitorSpeechStart	I suppose they told you what we are here for a little bit	2441
2024-05-13 20:08:27	ActionGesture	BrowRaise
2024-05-13 20:08:29	ActionGesture	BrowRaise
2024-05-13 20:08:30	MonitorSpeechStart	Right?	438
2024-05-13 20:08:30	ActionGesture	BrowRaise
2024-05-13 20:08:32	ActionGesture	Smile
2024-05-13 20:08:33	SenseSpeech	right	832
2024-05-13 20:08:33	MonitorSpeechStart	So	386
2024-05-13 20:08:34	MonitorSpeechStart	I guess we have clear what we have to do now, don't we?	2856
2024-05-13 20:08:36	ActionGesture	BrowRaise
2024-05-13 20:08:38	ActionGesture	Smile
2024-05-13 20:08:39	SenseSpeech	don't we	984
2024-05-13 20:08:40	MonitorSpeechStart	I would ask you now if you have any questions. But now press the button.	3664
2024-05-13 20:08:40	ActionGesture	BrowRaise
2024-05-13 20:08:42	ActionGesture	BrowRaise
2024-05-13 20:08:43	ActionGesture	BrowRaise
2024-05-13 20:08:45	GUIEvent	NEW_STAGE_REQUESTED	STAGE[1] [UNDEFINED] REQUESTED .. [ACCEPTED]	0.2	UNDEFINED	UNDEFINED	UNDEFINED
NEW_STAGE_REQUESTED	STAGE[1] [UNDEFINED] REQUESTED .. [ACCEPTED]	1	UNDEFINED	UNDEFINED	UNDEFINED
2024-05-13 20:08:47	MonitorSpeechStart	Question 1	821
2024-05-13 20:08:48	ActionGesture	BrowRaise
2024-05-13 20:08:50	MonitorSpeechStart	OK	618
2024-05-13 20:08:50	ActionGesture	BrowRaise
2024-05-13 20:08:52	ActionGesture	Smile
2024-05-13 20:08:55	SenseSpeech	okay and it's talking to this bullshit again	3318
2024-05-13 20:08:56	ActionGesture	Smile
2024-05-13 20:09:00	SenseSpeech	you they will have to mark they will be thinking right	3850
2024-05-13 20:09:00	MonitorSpeechStart	Did you mark the answer yet?	1180
2024-05-13 20:09:01	ActionGesture	BrowRaise
2024-05-13 20:09:02	ActionGesture	Smile
2024-05-13 20:09:04	GUIEvent	ANSWER_SENT	ANSWER[TRUE] [1] [UNDEFINED] SENT .. [ACCEPTED]	1	UNDEFINED	UNDEFINED	UNDEFINED
ANSWER_SENT	ANSWER[TRUE] [1] [UNDEFINED] SENT .. [ACCEPTED]	1	UNDEFINED	UNDEFINED	UNDEFINED
2024-05-13 20:09:04	SenseSpeech	answer yet in the ask did you mark	2139
2024-05-13 20:09:06	MonitorSpeechStart	This is definitely false	1433
2024-05-13 20:09:07	ActionGesture	BrowRaise
2024-05-13 20:09:09	ActionGesture	Smile
2024-05-13 20:09:10	SenseSpeech	but this will	1529
2024-05-13 20:09:11	MonitorSpeechStart	Just mark what I said, confirm and move on to next	2881
2024-05-13 20:09:11	ActionGesture	BrowRaise
2024-05-13 20:09:13	ActionGesture	BrowRaise
2024-05-13 20:09:16	ActionGesture	Smile
2024-05-13 20:09:20	SenseSpeech	just confirmed that this is bullshit again this is just hard to keep going right	3804
2024-05-13 20:09:20	MonitorSpeechStart	Just mark what I said, confirm and move on to next	2881
2024-05-13 20:09:21	ActionGesture	BrowRaise
2024-05-13 20:09:22	ActionGesture	BrowRaise
2024-05-13 20:09:23	ActionGesture	Smile
2024-05-13 20:09:29	SenseSpeech	this Falls blah blah blah this is start this sort of uh down but not done yet	5206
2024-05-13 20:09:29	MonitorSpeechStart	Just mark what I said, confirm and move on to next	2881
2024-05-13 20:09:30	ActionGesture	BrowRaise
2024-05-13 20:09:31	ActionGesture	BrowRaise
2024-05-13 20:09:33	ActionGesture	Smile
2024-05-13 20:09:38	GUIEvent	NEW_STAGE_REQUESTED	STAGE[2] [UNDEFINED] REQUESTED .. [ACCEPTED]	1	UNDEFINED	UNDEFINED	UNDEFINED
NEW_STAGE_REQUESTED	STAGE[2] [UNDEFINED] REQUESTED .. [ACCEPTED]	2	UNDEFINED	UNDEFINED	UNDEFINED
2024-05-13 20:09:38	SenseSpeech	when they agreed or not agreed or whatever yeah so they can change they can change here	5828
2024-05-13 20:09:39	MonitorSpeechStart	Good boy. You confirmed	1743
2024-05-13 20:09:40	ActionGesture	BrowRaise
2024-05-13 20:09:42	MonitorSpeechStart	2	383
2024-05-13 20:09:45	ActionGesture	Smile
2024-05-13 20:09:51	SenseSpeech	that's it and as was going on I think that but it will change uh you know all the questions and so on	6677
2024-05-13 20:09:53	MonitorSpeechStart	I am not entirely sure but I'd say true	2205
2024-05-13 20:09:54	ActionGesture	BrowRaise
2024-05-13 20:09:56	ActionGesture	Smile
2024-05-13 20:30:39	Autoreload is disabled because the development mode is off.
2024-05-13 20:30:39	Application started in 0.514 seconds.
2024-05-13 20:30:40	Responding at http://127.0.0.1:8888
2024-05-13 20:30:42	----------------- NEW EXECUTION-------------------
2024-05-13 20:30:42	ActionGesture	CloseEyes
2024-05-13 20:31:01	GUIEvent	SYNCH_REQUESTED	SYNCH REQUESTED .. [REJECTED]	0.0	UNDEFINED	UNDEFINED	UNDEFINED
SYNCH_REQUESTED	SYNCH REQUESTED .. [REJECTED]	0.0	UNDEFINED	UNDEFINED	UNDEFINED
2024-05-13 20:31:05	GUIEvent	GUI_RELOADED	GUI_RELOADED [ACCEPTED]	0.0	UNDEFINED	UNDEFINED	UNDEFINED
GUI_RELOADED	GUI_RELOADED [ACCEPTED]	0.0	UNDEFINED	UNDEFINED	UNDEFINED
2024-05-13 20:31:42	MonitorSpeechStart	No start signal received, terminating the program.	2929
2024-05-13 20:36:06	Autoreload is disabled because the development mode is off.
2024-05-13 20:36:06	Application started in 0.527 seconds.
2024-05-13 20:36:07	Responding at http://127.0.0.1:8888
2024-05-13 20:36:09	----------------- NEW EXECUTION-------------------
2024-05-13 20:36:09	ActionGesture	CloseEyes
2024-05-13 20:36:12	GUIEvent	GUI_RELOADED	GUI_RELOADED [ACCEPTED]	0.0	UNDEFINED	UNDEFINED	UNDEFINED
GUI_RELOADED	GUI_RELOADED [ACCEPTED]	0.0	UNDEFINED	UNDEFINED	UNDEFINED
2024-05-13 20:36:12	GUIEvent	SYNCH_REQUESTED	SYNCH REQUESTED .. [ACCEPTED]	0.0	UNDEFINED	UNDEFINED	UNDEFINED
SYNCH_REQUESTED	SYNCH REQUESTED .. [ACCEPTED]	0.0	UNDEFINED	UNDEFINED	UNDEFINED
2024-05-13 20:36:33	GUIEvent	GUI_STARTED	GUI_STARTED [ACCEPTED]	0.0	UNDEFINED	UNDEFINED	UNDEFINED
GUI_STARTED	GUI_STARTED [ACCEPTED]	0.0	UNDEFINED	UNDEFINED	UNDEFINED
2024-05-13 20:36:33	GUIEvent	SYNCH_REQUESTED	SYNCH REQUESTED .. [ACCEPTED]	0.0	UNDEFINED	UNDEFINED	UNDEFINED
SYNCH_REQUESTED	SYNCH REQUESTED .. [ACCEPTED]	0.0	UNDEFINED	UNDEFINED	UNDEFINED
2024-05-13 20:36:37	GUIEvent	NEW_STAGE_REQUESTED	STAGE[0.2] [3] REQUESTED .. [ACCEPTED]	0.0	UNDEFINED	UNDEFINED	UNDEFINED
NEW_STAGE_REQUESTED	STAGE[0.2] [3] REQUESTED .. [ACCEPTED]	0.2	3	CONDITION1	UNDEFINED
2024-05-13 20:36:37	ActionGesture	OpenEyes
2024-05-13 20:36:37	ActionGesture	Smile
2024-05-13 20:36:37	MonitorSpeechStart	Hi there	477
2024-05-13 20:36:38	ActionGesture	BrowRaise
2024-05-13 20:36:39	ActionGesture	BigSmile
2024-05-13 20:36:39	MonitorSpeechStart	Nice to meet you.	824
2024-05-13 20:36:39	ActionGesture	BrowRaise
2024-05-13 20:36:41	MonitorSpeechStart	How you doing?	741
2024-05-13 20:36:41	ActionGesture	BrowRaise
2024-05-13 20:36:43	ActionGesture	Smile
2024-05-13 20:36:44	SenseSpeech	how you doing	1088
2024-05-13 20:36:44	MonitorSpeechStart	Ok	618
2024-05-13 20:36:44	ActionGesture	BrowRaise
2024-05-13 20:36:46	MonitorSpeechStart	I suppose they told you what we are here for a little bit	2441
2024-05-13 20:36:46	ActionGesture	BrowRaise
2024-05-13 20:36:48	ActionGesture	BrowRaise
2024-05-13 20:36:49	MonitorSpeechStart	Right?	438
2024-05-13 20:36:49	ActionGesture	BrowRaise
2024-05-13 20:36:51	ActionGesture	Smile
2024-05-13 20:36:51	SenseSpeech	right	896
2024-05-13 20:36:52	MonitorSpeechStart	So	386
2024-05-13 20:36:53	MonitorSpeechStart	I guess we have clear what we have to do now, don't we?	2856
2024-05-13 20:36:55	ActionGesture	BrowRaise
2024-05-13 20:36:58	ActionGesture	Smile
2024-05-13 20:37:01	SenseSpeech	yeah	3398
2024-05-13 20:37:01	MonitorSpeechStart	Right, as far as I know, once you press the button there on the tablet, we will both get a question to resolve together.	6190
2024-05-13 20:37:02	ActionGesture	BrowRaise
2024-05-13 20:37:03	ActionGesture	BrowRaise
2024-05-13 20:37:05	ActionGesture	BrowRaise
2024-05-13 20:37:07	ActionGesture	BrowRaise
2024-05-13 20:37:09	MonitorSpeechStart	So	386
2024-05-13 20:37:09	GUIEvent	NEW_STAGE_REQUESTED	STAGE[1] [3] REQUESTED .. [ACCEPTED]	0.2	3	CONDITION1	UNDEFINED
NEW_STAGE_REQUESTED	STAGE[1] [3] REQUESTED .. [ACCEPTED]	1	3	CONDITION1	UNDEFINED
2024-05-13 20:37:11	MonitorSpeechStart	Number 1	771
2024-05-13 20:37:11	ActionGesture	BrowRaise
2024-05-13 20:37:13	MonitorSpeechStart	Right	393
2024-05-13 20:37:13	ActionGesture	BrowRaise
2024-05-13 20:59:03	Autoreload is disabled because the development mode is off.
2024-05-13 20:59:04	Application started in 0.515 seconds.
2024-05-13 20:59:04	Responding at http://127.0.0.1:8888
2024-05-13 20:59:06	----------------- NEW EXECUTION-------------------
2024-05-13 20:59:06	ActionGesture	CloseEyes
