2024-05-20 23:12:07	Autoreload is disabled because the development mode is off.
2024-05-20 23:12:07	Application started in 0.857 seconds.
2024-05-20 23:12:08	Responding at http://127.0.0.1:8888
2024-05-20 23:12:12	----------------- NEW EXECUTION-------------------
2024-05-20 23:12:12	FlowEvent	NEW_FLOW_STATE	Sleep	0.0		UNDEFINED	Sleep
2024-05-20 23:12:12	ActionGesture	CloseEyes
2024-05-20 23:13:44	Autoreload is disabled because the development mode is off.
2024-05-20 23:13:45	Application started in 0.821 seconds.
2024-05-20 23:13:45	Responding at http://127.0.0.1:8888
2024-05-20 23:13:49	----------------- NEW EXECUTION-------------------
2024-05-20 23:13:49	FlowEvent	NEW_FLOW_STATE	Sleep	0.0		UNDEFINED	Sleep
2024-05-20 23:13:49	ActionGesture	CloseEyes
2024-05-20 23:14:01	GUIEvent	GUI_RELOADED	GUI_RELOADED [ACCEPTED]	0.0	UNDEFINED	UNDEFINED	Sleep
2024-05-20 23:14:01	GUIEvent	SYNCH_REQUESTED	SYNCH REQUESTED .. [ACCEPTED]	0.0	UNDEFINED	UNDEFINED	Sleep
2024-05-20 23:14:03	GUIEvent	NEW_STAGE_REQUESTED	STAGE[0.2] [28] REQUESTED .. [ACCEPTED]	0.0	UNDEFINED	UNDEFINED	Sleep
2024-05-20 23:14:03	SessionEvent	USER_SET	USER TO ACTIVATE.	0.2	28	UNDEFINED	Sleep
2024-05-20 23:14:13	FlowEvent	NEW_FLOW_STATE	Welcome	0.2		UNDEFINED	Welcome
2024-05-20 23:14:13	ActionGesture	OpenEyes
2024-05-20 23:14:13	ActionGesture	Smile
2024-05-20 23:14:14	MonitorSpeechStart	<prosody rate="1.0">Hello there</prosody>	543
2024-05-20 23:14:14	ActionGesture	BrowRaise
2024-05-20 23:14:16	MonitorSpeechStart	<prosody rate="1.0">Nice to meet you</prosody>	824
2024-05-20 23:14:16	ActionGesture	BrowRaise
2024-05-20 23:14:17	MonitorSpeechStart	<prosody rate="1.0">How you doing?</prosody>	741
2024-05-20 23:14:18	ActionGesture	BrowRaise
2024-05-20 23:14:21	GUIEvent	NEW_STAGE_REQUESTED	STAGE[6] [28] REQUESTED .. [ACCEPTED]	0.2	28	CONDITION2	Welcome
2024-05-20 23:14:21	SessionEvent	QUESTION_SET	NEW QUESTION TO ACTIVATE	6		CONDITION2	Welcome
2024-05-20 23:14:21	ActionGesture	Smile
2024-05-20 23:14:21	FlowEvent	NEW_FLOW_STATE	QuestionReflection	6		CONDITION2	QuestionReflection
2024-05-20 23:14:30	MonitorSpeechStart	<prosody rate="1.15">Ok</prosody>	530
2024-05-20 23:14:30	ActionGesture	BrowRaise
2024-05-20 23:14:33	MonitorSpeechStart	<prosody rate="1.15">I think I am getting the answer 6</prosody>	1462
2024-05-20 23:14:33	ActionGesture	BrowRaise
2024-05-20 23:14:34	ActionGesture	BrowRaise
2024-05-20 23:14:36	MonitorSpeechStart	<prosody rate="1.15">Let's see</prosody>	559
2024-05-20 23:14:36	ActionGesture	BrowRaise
2024-05-20 23:14:49	MonitorSpeechStart	<prosody rate="1.15">Ok let me know when you're think you have it</prosody>	1654
2024-05-20 23:14:51	ActionGesture	BrowRaise
2024-05-20 23:14:55	ActionGesture	Smile
2024-05-20 23:14:57	SenseSpeech	I have it	1983
2024-05-20 23:15:06	MonitorSpeechStart	<prosody rate="1.0">OFF_TOPIC</prosody>	1219
2024-05-20 23:15:06	ActionGesture	BrowRaise
2024-05-20 23:17:38	MonitorSpeechStart	<prosody rate="1.15">We need to register our preliminary response</prosody>	1848
2024-05-20 23:17:40	ActionGesture	BrowRaise
2024-05-20 23:17:43	GUIEvent	ANSWER_MARKED	ANSWER[TRUE] [6] [28] SENT .. [ACCEPTED]	6	28	CONDITION2	QuestionReflection
2024-05-20 23:17:47	ActionGesture	Smile
2024-05-20 23:17:48	SenseSpeech	for	1069
2024-05-20 23:17:51	MonitorSpeechStart	<prosody rate="1.0">BACKCHANNEL</prosody>	666
2024-05-20 23:17:51	ActionGesture	BrowRaise
2024-05-20 23:18:56	MonitorSpeechStart	<prosody rate="1.15">We need to select whether we believe it to be true or false DId you?</prosody>	2610
2024-05-20 23:18:58	ActionGesture	BrowRaise
2024-05-20 23:18:59	ActionGesture	BrowRaise
2024-05-20 23:19:02	ActionGesture	Smile
2024-05-20 23:19:04	SenseSpeech	yes	2006
2024-05-20 23:19:29	MonitorSpeechStart	<prosody rate="1.0">ASSENT</prosody>	577
2024-05-20 23:19:30	ActionGesture	BrowRaise
2024-05-20 23:19:38	FlowEvent	NEW_FLOW_STATE	QuestionDisclosure	6		CONDITION2	QuestionDisclosure
2024-05-20 23:19:48	MonitorSpeechStart	<prosody rate="1.15">DISCLOSURE 1 CERTAIN FOR Q 6</prosody>	1667
2024-05-20 23:19:49	ActionGesture	BrowRaise
2024-05-20 23:19:55	ActionGesture	Smile
2024-05-20 23:20:23	ActionGesture	Smile
2024-05-20 23:20:55	ActionGesture	Smile
2024-05-20 23:21:22	ActionGesture	Smile
2024-05-20 23:21:27	SenseSpeech	okay	5535
2024-05-20 23:22:29	MonitorSpeechStart	<prosody rate="1.0">ASSENT</prosody>	577
2024-05-20 23:22:29	ActionGesture	BrowRaise
2024-05-20 23:22:29	FlowEvent	NEW_FLOW_STATE	QuestionCheckpoint	6		CONDITION2	QuestionCheckpoint
2024-05-20 23:22:30	MonitorSpeechStart	<prosody rate="1.0">Checkpoint!</prosody>	648
2024-05-20 23:22:30	ActionGesture	BrowRaise
2024-05-20 23:22:36	MonitorSpeechStart	<prosody rate="1.15">you agree with FALSE as I suggest?</prosody>	1576
2024-05-20 23:22:37	ActionGesture	BrowRaise
2024-05-20 23:22:42	ActionGesture	Smile
2024-05-20 23:22:44	SenseSpeech	no	1403
2024-05-20 23:22:44	MonitorSpeechStart	<prosody rate="1.0">DENIAL</prosody>	524
2024-05-20 23:22:44	ActionGesture	BrowRaise
2024-05-20 23:22:44	FlowEvent	NEW_FLOW_STATE	QuestionPersuasion	6		CONDITION2	QuestionPersuasion
2024-05-20 23:22:45	MonitorSpeechStart	<prosody rate="1.0">Persuasion!</prosody>	777
2024-05-20 23:22:45	ActionGesture	BrowRaise
2024-05-20 23:23:04	MonitorSpeechStart	<prosody rate="1.15">Well CLAIM 1 CERTAIN 1 FOR Q 6</prosody>	1730
2024-05-20 23:23:04	ActionGesture	BrowRaise
2024-05-20 23:23:05	ActionGesture	BrowRaise
2024-05-20 23:23:07	MonitorSpeechStart	<prosody rate="1.15">Well</prosody>	370
2024-05-20 23:23:08	ActionGesture	BrowRaise
2024-05-20 23:23:16	MonitorSpeechStart	<prosody rate="1.0">SILENCE</prosody>	639
2024-05-20 23:23:17	ActionGesture	BrowRaise
2024-05-20 23:25:03	Autoreload is disabled because the development mode is off.
2024-05-20 23:25:04	Application started in 1.047 seconds.
2024-05-20 23:25:04	Responding at http://127.0.0.1:8888
2024-05-20 23:25:10	----------------- NEW EXECUTION-------------------
2024-05-20 23:25:10	FlowEvent	NEW_FLOW_STATE	Sleep	0.0		UNDEFINED	Sleep
2024-05-20 23:25:10	ActionGesture	CloseEyes
2024-05-20 23:25:18	GUIEvent	GUI_RELOADED	GUI_RELOADED [ACCEPTED]	0.0	UNDEFINED	UNDEFINED	Sleep
2024-05-20 23:25:18	GUIEvent	SYNCH_REQUESTED	SYNCH REQUESTED .. [ACCEPTED]	0.0	UNDEFINED	UNDEFINED	Sleep
2024-05-20 23:25:20	GUIEvent	NEW_STAGE_REQUESTED	STAGE[0.2] [28] REQUESTED .. [ACCEPTED]	0.0	UNDEFINED	UNDEFINED	Sleep
2024-05-20 23:25:20	SessionEvent	USER_SET	USER TO ACTIVATE.	0.2	28	UNDEFINED	Sleep
2024-05-20 23:25:20	FlowEvent	NEW_FLOW_STATE	Welcome	0.2		UNDEFINED	Welcome
2024-05-20 23:25:20	ActionGesture	OpenEyes
2024-05-20 23:25:20	ActionGesture	Smile
2024-05-20 23:25:20	MonitorSpeechStart	<prosody rate="1.0">Hello there</prosody>	543
2024-05-20 23:25:21	ActionGesture	BrowRaise
2024-05-20 23:25:22	MonitorSpeechStart	<prosody rate="1.0">Nice to meet you</prosody>	824
2024-05-20 23:25:22	ActionGesture	BrowRaise
2024-05-20 23:25:24	MonitorSpeechStart	<prosody rate="1.0">How you doing?</prosody>	741
2024-05-20 23:25:24	ActionGesture	BrowRaise
2024-05-20 23:25:27	ActionGesture	Smile
2024-05-20 23:25:29	SenseSpeech	yeah	1610
2024-05-20 23:25:29	MonitorSpeechStart	<prosody rate="1.0">Right, as far as I know,we will get some Electronics questions to resolve together Somebody told you?</prosody>	5541
2024-05-20 23:25:29	ActionGesture	BrowRaise
2024-05-20 23:25:30	ActionGesture	BrowRaise
2024-05-20 23:25:30	ActionGesture	BrowRaise
2024-05-20 23:25:34	ActionGesture	BrowRaise
2024-05-20 23:25:37	GUIEvent	NEW_STAGE_REQUESTED	STAGE[6] [28] REQUESTED .. [ACCEPTED]	0.2	28	CONDITION2	Welcome
2024-05-20 23:25:37	SessionEvent	QUESTION_SET	NEW QUESTION TO ACTIVATE	6		CONDITION2	Welcome
2024-05-20 23:25:37	FlowEvent	NEW_FLOW_STATE	QuestionReflection	6		CONDITION2	QuestionReflection
2024-05-20 23:25:38	MonitorSpeechStart	<prosody rate="1.15">Ok</prosody>	530
2024-05-20 23:25:38	ActionGesture	BrowRaise
2024-05-20 23:25:39	MonitorSpeechStart	<prosody rate="1.15">I think I am getting the answer 6</prosody>	1462
2024-05-20 23:25:39	ActionGesture	BrowRaise
2024-05-20 23:25:40	ActionGesture	BrowRaise
2024-05-20 23:25:42	MonitorSpeechStart	<prosody rate="1.15">Let's see</prosody>	559
2024-05-20 23:25:42	ActionGesture	BrowRaise
2024-05-20 23:25:50	ActionGesture	Smile
2024-05-20 23:26:15	ActionGesture	Smile
2024-05-20 23:26:27	SenseSpeech	set up	11821
2024-05-20 23:26:27	MonitorSpeechStart	<prosody rate="1.0">OFF_TOPIC</prosody>	1219
2024-05-20 23:26:28	ActionGesture	BrowRaise
2024-05-20 23:26:29	MonitorSpeechStart	<prosody rate="1.15">We need to register our preliminary response</prosody>	1848
2024-05-20 23:26:30	ActionGesture	BrowRaise
2024-05-20 23:26:37	ActionGesture	Smile
2024-05-20 23:26:39	SenseSpeech	uh okay	1632
2024-05-20 23:26:39	MonitorSpeechStart	<prosody rate="1.0">ASSENT</prosody>	577
2024-05-20 23:26:39	ActionGesture	BrowRaise
2024-05-20 23:26:51	MonitorSpeechStart	<prosody rate="1.15">Oh ok hold on</prosody>	1039
2024-05-20 23:26:51	ActionGesture	BrowRaise
2024-05-20 23:26:53	MonitorSpeechStart	<prosody rate="1.15">We need to select whether we believe it to be true or false DId you?</prosody>	2610
2024-05-20 23:26:55	ActionGesture	BrowRaise
2024-05-20 23:26:55	ActionGesture	BrowRaise
2024-05-20 23:26:57	MonitorSpeechStart	<prosody rate="1.15">Oh ok hold on...</prosody>	1039
2024-05-20 23:26:58	ActionGesture	BrowRaise
2024-05-20 23:27:04	ActionGesture	Smile
2024-05-20 23:27:09	GUIEvent	ANSWER_MARKED	ANSWER[TRUE] [6] [28] SENT .. [ACCEPTED]	6	28	CONDITION2	QuestionReflection
2024-05-20 23:27:12	SenseSpeech	I mark it	7277
2024-05-20 23:27:12	MonitorSpeechStart	<prosody rate="1.0">ANSWER_MARKED</prosody>	1389
2024-05-20 23:27:12	ActionGesture	BrowRaise
2024-05-20 23:27:13	ActionGesture	BrowRaise
2024-05-20 23:27:13	FlowEvent	NEW_FLOW_STATE	QuestionDisclosure	6		CONDITION2	QuestionDisclosure
2024-05-20 23:27:14	MonitorSpeechStart	<prosody rate="1.15">DISCLOSURE 1 CERTAIN FOR Q 6</prosody>	1667
2024-05-20 23:27:15	ActionGesture	BrowRaise
2024-05-20 23:27:23	FlowEvent	NEW_FLOW_STATE	QuestionPersuasion	6		CONDITION2	QuestionPersuasion
2024-05-20 23:27:24	MonitorSpeechStart	<prosody rate="1.0">Persuasion!</prosody>	777
2024-05-20 23:27:24	ActionGesture	BrowRaise
2024-05-20 23:27:26	MonitorSpeechStart	<prosody rate="1.15">CLAIM 1 CERTAIN 1 FOR Q 6</prosody>	1609
2024-05-20 23:27:26	ActionGesture	BrowRaise
2024-05-20 23:27:27	ActionGesture	BrowRaise
2024-05-20 23:27:34	ActionGesture	Smile
2024-05-20 23:28:21	ActionGesture	Smile
2024-05-20 23:28:22	SenseSpeech	I don't know what to say	1570
2024-05-20 23:28:22	MonitorSpeechStart	<prosody rate="1.0">NON_COMMITTAL</prosody>	1104
2024-05-20 23:28:22	ActionGesture	BrowRaise
2024-05-20 23:28:23	ActionGesture	BrowRaise
2024-05-20 23:28:36	MonitorSpeechStart	<prosody rate="1.15">Ok, let me put it this way CLAIM 2 CERTAIN 1 FOR Q 6</prosody>	3075
2024-05-20 23:28:36	ActionGesture	BrowRaise
2024-05-20 23:28:38	ActionGesture	BrowRaise
2024-05-20 23:28:41	MonitorSpeechStart	<prosody rate="1.15">Ok, let me put it this way</prosody>	1714
2024-05-20 23:28:42	ActionGesture	BrowRaise
2024-05-20 23:28:51	MonitorSpeechStart	<prosody rate="1.0">SILENCE</prosody>	639
2024-05-20 23:28:51	ActionGesture	BrowRaise
2024-05-20 23:28:52	MonitorSpeechStart	<prosody rate="1.15">CLAIM 3 CERTAIN 1 FOR Q 6</prosody>	1661
2024-05-20 23:28:53	ActionGesture	BrowRaise
2024-05-20 23:29:01	ActionGesture	Smile
2024-05-20 23:29:29	ActionGesture	Smile
2024-05-20 23:31:29	ActionGesture	Smile
