2024-05-19 22:40:48	Autoreload is disabled because the development mode is off.
2024-05-19 22:40:49	Application started in 1.05 seconds.
2024-05-19 22:40:50	Responding at http://127.0.0.1:8888
2024-05-19 22:40:55	----------------- NEW EXECUTION-------------------
2024-05-19 22:40:55	FlowEvent	NEW_FLOW_STATE	Sleep	0.0		UNDEFINED	Sleep
2024-05-19 22:40:55	ActionGesture	CloseEyes
2024-05-19 22:41:04	GUIEvent	GUI_RELOADED	GUI_RELOADED [ACCEPTED]	0.0	UNDEFINED	UNDEFINED	Sleep
2024-05-19 22:41:04	GUIEvent	SYNCH_REQUESTED	SYNCH REQUESTED .. [ACCEPTED]	0.0	UNDEFINED	UNDEFINED	Sleep
2024-05-19 22:41:06	GUIEvent	NEW_STAGE_REQUESTED	STAGE[0.2] [4] REQUESTED .. [ACCEPTED]	0.0	UNDEFINED	UNDEFINED	Sleep
2024-05-19 22:41:06	SessionEvent	USER_SET	USER TO ACTIVATE.	0.2	4	UNDEFINED	Sleep
2024-05-19 22:41:06	FlowEvent	NEW_FLOW_STATE	Welcome	0.2		CONDITION1	Welcome
2024-05-19 22:41:06	ActionGesture	OpenEyes
2024-05-19 22:41:06	ActionGesture	Smile
2024-05-19 22:41:07	MonitorSpeechStart	<prosody rate="1.0">Hello there</prosody>	543
2024-05-19 22:41:07	ActionGesture	BrowRaise
2024-05-19 22:41:09	MonitorSpeechStart	<prosody rate="1.0">Nice to meet you</prosody>	824
2024-05-19 22:41:09	ActionGesture	BrowRaise
2024-05-19 22:41:10	MonitorSpeechStart	<prosody rate="1.0">How you doing?</prosody>	741
2024-05-19 22:41:11	ActionGesture	BrowRaise
2024-05-19 22:41:11	GUIEvent	NEW_STAGE_REQUESTED	STAGE[6] [4] REQUESTED .. [ACCEPTED]	0.2	4	CONDITION1	Welcome
2024-05-19 22:41:11	SessionEvent	QUESTION_SET	NEW QUESTION TO ACTIVATE	6		CONDITION1	Welcome
2024-05-19 22:41:11	FlowEvent	NEW_FLOW_STATE	QuestionReflection	6		CONDITION1	QuestionReflection
2024-05-19 22:41:11	MonitorSpeechStart	<prosody rate="1.0">Question 6</prosody>	928
2024-05-19 22:41:12	ActionGesture	BrowRaise
2024-05-19 22:41:13	MonitorSpeechStart	<prosody rate="1.0">Ok #QNUM#. Let's see</prosody>	2658
2024-05-19 22:41:14	ActionGesture	BrowRaise
2024-05-19 22:41:15	ActionGesture	BrowRaise
2024-05-19 22:41:21	MonitorSpeechStart	<prosody rate="1.0">Ok let me know when you marked the answer</prosody>	2040
2024-05-19 22:41:22	ActionGesture	BrowRaise
2024-05-19 22:41:28	MonitorSpeechStart	<prosody rate="1.0">Whenever you want.</prosody>	757
2024-05-19 22:41:29	ActionGesture	BrowRaise
2024-05-19 22:41:31	ActionGesture	Smile
2024-05-19 22:41:33	SenseSpeech	I marked	1907
2024-05-19 22:41:33	MonitorSpeechStart	<prosody rate="1.0">ANSWER_MARKED</prosody>	1389
2024-05-19 22:41:34	ActionGesture	BrowRaise
2024-05-19 22:41:34	ActionGesture	BrowRaise
2024-05-19 22:41:37	MonitorSpeechStart	<prosody rate="1.0">We need to register our preliminary response.</prosody>	2243
2024-05-19 22:41:39	ActionGesture	BrowRaise
2024-05-19 22:41:45	MonitorSpeechStart	<prosody rate="1.0">SILENCE</prosody>	639
2024-05-19 22:41:45	ActionGesture	BrowRaise
2024-05-19 22:41:46	MonitorSpeechStart	<prosody rate="1.0">We need to select whether we believe it to be true or false. DId you?</prosody>	3651
2024-05-19 22:41:49	ActionGesture	BrowRaise
2024-05-19 22:41:55	MonitorSpeechStart	<prosody rate="1.0">SILENCE</prosody>	639
2024-05-19 22:41:56	ActionGesture	BrowRaise
2024-05-19 22:41:57	MonitorSpeechStart	<prosody rate="1.0">I have registered my answer, did you? Do it too if you haven't.</prosody>	3512
2024-05-19 22:41:58	ActionGesture	BrowRaise
2024-05-19 22:42:00	ActionGesture	BrowRaise
2024-05-19 22:42:06	MonitorSpeechStart	<prosody rate="1.0">SILENCE</prosody>	639
2024-05-19 22:42:06	ActionGesture	BrowRaise
2024-05-19 22:42:07	MonitorSpeechStart	<prosody rate="1.0">We need to register our preliminary response.</prosody>	2243
2024-05-19 22:42:09	ActionGesture	BrowRaise
2024-05-19 22:42:15	MonitorSpeechStart	<prosody rate="1.0">SILENCE</prosody>	639
2024-05-19 22:42:15	ActionGesture	BrowRaise
2024-05-19 22:42:15	MonitorSpeechStart	<prosody rate="1.0">We need to select whether we believe it to be true or false. DId you?</prosody>	3651
2024-05-19 22:42:18	ActionGesture	BrowRaise
2024-05-19 22:42:24	MonitorSpeechStart	<prosody rate="1.0">SILENCE</prosody>	639
2024-05-19 22:42:25	ActionGesture	BrowRaise
2024-05-19 22:42:25	MonitorSpeechStart	<prosody rate="1.0">I have registered my answer, did you? Do it too if you haven't.</prosody>	3512
2024-05-19 22:42:27	ActionGesture	BrowRaise
2024-05-19 22:42:28	ActionGesture	BrowRaise
2024-05-19 22:42:33	ActionGesture	Smile
2024-05-19 22:43:37	Autoreload is disabled because the development mode is off.
2024-05-19 22:43:38	Application started in 1.076 seconds.
2024-05-19 22:43:39	Responding at http://127.0.0.1:8888
2024-05-19 22:43:43	----------------- NEW EXECUTION-------------------
2024-05-19 22:43:43	FlowEvent	NEW_FLOW_STATE	Sleep	0.0		UNDEFINED	Sleep
2024-05-19 22:43:43	ActionGesture	CloseEyes
2024-05-19 22:43:57	GUIEvent	GUI_RELOADED	GUI_RELOADED [ACCEPTED]	0.0	UNDEFINED	UNDEFINED	Sleep
2024-05-19 22:43:58	GUIEvent	SYNCH_REQUESTED	SYNCH REQUESTED .. [ACCEPTED]	0.0	UNDEFINED	UNDEFINED	Sleep
2024-05-19 22:44:00	GUIEvent	NEW_STAGE_REQUESTED	STAGE[0.2] [28] REQUESTED .. [ACCEPTED]	0.0	UNDEFINED	UNDEFINED	Sleep
2024-05-19 22:44:00	SessionEvent	USER_SET	USER TO ACTIVATE.	0.2	28	UNDEFINED	Sleep
2024-05-19 22:44:00	FlowEvent	NEW_FLOW_STATE	Welcome	0.2		CONDITION2	Welcome
2024-05-19 22:44:00	ActionGesture	OpenEyes
2024-05-19 22:44:00	ActionGesture	Smile
2024-05-19 22:44:01	MonitorSpeechStart	<prosody rate="1.0">Hello there</prosody>	543
2024-05-19 22:44:01	ActionGesture	BrowRaise
2024-05-19 22:44:02	MonitorSpeechStart	<prosody rate="1.0">Nice to meet you</prosody>	824
2024-05-19 22:44:02	ActionGesture	BrowRaise
2024-05-19 22:44:04	MonitorSpeechStart	<prosody rate="1.0">How you doing?</prosody>	741
2024-05-19 22:44:04	ActionGesture	BrowRaise
2024-05-19 22:44:04	GUIEvent	NEW_STAGE_REQUESTED	STAGE[6] [28] REQUESTED .. [ACCEPTED]	0.2	28	CONDITION2	Welcome
2024-05-19 22:44:04	SessionEvent	QUESTION_SET	NEW QUESTION TO ACTIVATE	6		CONDITION2	Welcome
2024-05-19 22:44:04	FlowEvent	NEW_FLOW_STATE	QuestionReflection	6		CONDITION2	QuestionReflection
2024-05-19 22:44:05	MonitorSpeechStart	<prosody rate="1.0">Question 6</prosody>	928
2024-05-19 22:44:06	ActionGesture	BrowRaise
2024-05-19 22:44:07	MonitorSpeechStart	<prosody rate="1.0">Ok #QNUM#. Let's see</prosody>	2658
2024-05-19 22:44:08	ActionGesture	BrowRaise
2024-05-19 22:44:09	ActionGesture	BrowRaise
2024-05-19 22:44:11	ActionGesture	Smile
2024-05-19 22:44:15	SenseSpeech	cool	3608
2024-05-19 22:44:24	MonitorSpeechStart	<prosody rate="1.0">BACKCHANNEL</prosody>	666
2024-05-19 22:44:24	ActionGesture	BrowRaise
2024-05-19 22:46:02	MonitorSpeechStart	<prosody rate="1.0">We need to register our preliminary response.</prosody>	2243
2024-05-19 22:46:04	ActionGesture	BrowRaise
2024-05-19 22:47:20	SenseSpeech	Gamble	6098
2024-05-19 22:47:20	ActionGesture	Smile
2024-05-19 22:47:20	MonitorSpeechStart	<prosody rate="1.0">SILENCE</prosody>	639
2024-05-19 22:47:21	ActionGesture	BrowRaise
2024-05-19 22:48:49	MonitorSpeechStart	<prosody rate="1.0">We need to select whether we believe it to be true or false. DId you?</prosody>	3651
2024-05-19 22:48:52	ActionGesture	BrowRaise
2024-05-19 22:49:12	ActionGesture	Smile
2024-05-19 22:49:12	MonitorSpeechStart	<prosody rate="1.0">SILENCE</prosody>	639
2024-05-19 22:49:12	ActionGesture	BrowRaise
