2024-05-06 18:04:42	Autoreload is disabled because the development mode is off.
2024-05-06 18:04:43	Application started in 0.669 seconds.
2024-05-06 18:04:43	Responding at http://127.0.0.1:1234
2024-05-06 18:04:44	----------------- NEW EXECUTION-------------------
2024-05-06 18:04:44	ActionGesture	CloseEyes
2024-05-06 18:04:58	GUIEvent	GUI STARTED [ACCEPTED]
2024-05-06 18:05:44	MonitorSpeechStart	No start signal received, terminating the program.	2929
2024-05-06 18:05:47	ActionGesture	BrowRaise
2024-05-06 18:07:22	Autoreload is disabled because the development mode is off.
2024-05-06 18:07:23	Application started in 0.561 seconds.
2024-05-06 18:07:23	Responding at http://127.0.0.1:1234
2024-05-06 18:07:23	----------------- NEW EXECUTION-------------------
2024-05-06 18:07:23	ActionGesture	CloseEyes
2024-05-06 18:07:35	GUIEvent	GUI STARTED [ACCEPTED]
2024-05-06 18:07:35	GUIEvent	STAGE [0] REQUESTED .. [ACCEPTED]
2024-05-06 18:07:54	GUIEvent	STAGE [0.1] REQUESTED .. [ACCEPTED]
2024-05-06 18:08:24	MonitorSpeechStart	No start signal received, terminating the program.	2929
2024-05-06 18:08:26	ActionGesture	BrowRaise
2024-05-06 18:09:33	Autoreload is disabled because the development mode is off.
2024-05-06 18:09:33	Application started in 0.493 seconds.
2024-05-06 18:09:33	Responding at http://127.0.0.1:1234
2024-05-06 18:09:34	----------------- NEW EXECUTION-------------------
2024-05-06 18:09:34	ActionGesture	CloseEyes
2024-05-06 18:09:39	GUIEvent	GUI STARTED [ACCEPTED]
2024-05-06 18:09:40	GUIEvent	STAGE [0] REQUESTED .. [ACCEPTED]
2024-05-06 18:09:41	GUIEvent	STAGE [0.1] REQUESTED .. [ACCEPTED]
2024-05-06 18:09:44	GUIEvent	STAGE [0.2] REQUESTED .. [ACCEPTED]
2024-05-06 18:09:50	GUIEvent	GUI RELOADED [ACCEPTED]
2024-05-06 18:09:50	GUIEvent	STAGE [0] REQUESTED .. [ACCEPTED]
2024-05-06 18:15:37	Autoreload is disabled because the development mode is off.
2024-05-06 18:15:37	Application started in 0.501 seconds.
2024-05-06 18:15:37	Responding at http://127.0.0.1:1234
2024-05-06 18:15:38	----------------- NEW EXECUTION-------------------
2024-05-06 18:15:38	ActionGesture	CloseEyes
2024-05-06 18:15:44	GUIEvent	GUI STARTED	GUI STARTED [ACCEPTED]
2024-05-06 18:15:44	GUIEvent	GENERIC	STAGE [0] REQUESTED .. [ACCEPTED]
2024-05-06 18:15:58	GUIEvent	GENERIC	STAGE [0.1] REQUESTED .. [ACCEPTED]
2024-05-06 18:15:59	GUIEvent	GENERIC	STAGE [0.2] REQUESTED .. [ACCEPTED]
2024-05-06 18:16:05	GUIEvent	GUI RELOADED	GUI RELOADED [ACCEPTED]
2024-05-06 18:16:05	GUIEvent	GENERIC	STAGE [0] REQUESTED .. [ACCEPTED]
2024-05-06 18:19:01	Autoreload is disabled because the development mode is off.
2024-05-06 18:19:02	Application started in 0.538 seconds.
2024-05-06 18:19:02	Responding at http://127.0.0.1:1234
2024-05-06 18:19:03	----------------- NEW EXECUTION-------------------
2024-05-06 18:19:03	ActionGesture	CloseEyes
2024-05-06 18:19:12	GUIEvent	GUI STARTED	GUI STARTED [ACCEPTED]
2024-05-06 18:19:12	GUIEvent	CURRENT_STAGE_REQUESTED	STAGE [0] REQUESTED .. [ACCEPTED]
2024-05-06 18:19:37	GUIEvent	NEW_STAGE_REQUESTED	STAGE [0.1] REQUESTED .. [ACCEPTED]
2024-05-06 18:19:44	GUIEvent	NEW_STAGE_REQUESTED	STAGE [0.2] REQUESTED .. [ACCEPTED]
2024-05-06 18:29:40	Autoreload is disabled because the development mode is off.
2024-05-06 18:29:41	Application started in 0.497 seconds.
2024-05-06 18:29:41	Responding at http://127.0.0.1:1234
2024-05-06 18:29:41	----------------- NEW EXECUTION-------------------
2024-05-06 18:29:41	ActionGesture	CloseEyes
2024-05-06 18:29:47	GUIEvent	GUI STARTED	GUI STARTED [ACCEPTED]
2024-05-06 18:29:47	GUIEvent	CURRENT_STAGE_REQUESTED	STAGE [0] REQUESTED .. [ACCEPTED]
2024-05-06 18:29:55	GUIEvent	NEW_STAGE_REQUESTED	STAGE [0.1] REQUESTED .. [ACCEPTED]
2024-05-06 18:30:00	GUIEvent	NEW_STAGE_REQUESTED	STAGE [0.2] REQUESTED .. [ACCEPTED]
2024-05-06 18:30:11	ActionGesture	Smile
2024-05-06 18:30:12	SenseSpeech	hello	1169
2024-05-06 18:30:12	ActionGesture	OpenEyes
2024-05-06 18:30:12	ActionGesture	Smile
2024-05-06 18:30:13	MonitorSpeechStart	Hi therekotlin.Unit	1307
2024-05-06 18:30:14	ActionGesture	BrowRaise
2024-05-06 18:30:15	MonitorSpeechStart	Ok, question 1	1508
2024-05-06 18:30:16	ActionGesture	BrowRaise
2024-05-06 18:30:18	MonitorSpeechStart	Oh boy <mark name="action"/>	549
2024-05-06 18:30:18	ActionGesture	BrowRaise
2024-05-06 18:30:18	ActionGesture	GazeAway
2024-05-06 18:30:19	MonitorSpeechStart	Let's think	665
2024-05-06 18:30:19	ActionGesture	BrowRaise
