2024-05-28 14:00:26	Autoreload is disabled because the development mode is off.
2024-05-28 14:00:26	Application started in 0.612 seconds.
2024-05-28 14:00:26	Responding at http://127.0.0.1:8888
2024-05-28 14:00:28	----------------- NEW EXECUTION-------------------
2024-05-28 14:00:28	FlowEvent	NEW_FLOW_STATE	Sleep	0.0		UNDEFINED	Sleep
2024-05-28 14:00:29	ActionGesture	CloseEyes
2024-05-28 14:00:29	ActionGesture	CloseEyes
2024-05-28 14:00:32	GUIEvent	GUI_RELOADED	GUI_RELOADED [ACCEPTED]	0.0	UNDEFINED	UNDEFINED	Sleep
2024-05-28 14:00:33	GUIEvent	NEW_STAGE_REQUESTED	STAGE[0.2] [53] REQUESTED .. [ACCEPTED]	0.0	UNDEFINED	UNDEFINED	Sleep
2024-05-28 14:00:33	SessionEvent	USER_SET	USER TO ACTIVATE.	0.2	53	UNDEFINED	Sleep
2024-05-28 14:00:33	FlowEvent	NEW_FLOW_STATE	Welcome	0.2		CONDITION3	Welcome
2024-05-28 14:00:33	ActionGesture	OpenEyes
2024-05-28 14:00:33	ActionGesture	Smile
2024-05-28 14:00:34	MonitorSpeechStart	<prosody rate="1.0">Hello there</prosody>	543
2024-05-28 14:00:34	ActionGesture	BrowRaise
2024-05-28 14:00:36	MonitorSpeechStart	<prosody rate="1.0">Nice to meet you</prosody>	824
2024-05-28 14:00:36	ActionGesture	BrowRaise
2024-05-28 14:00:37	MonitorSpeechStart	<prosody rate="1.0">How you doing?</prosody>	741
2024-05-28 14:00:37	ActionGesture	BrowRaise
2024-05-28 14:00:41	GUIEvent	NEW_STAGE_REQUESTED	STAGE[1] [53] REQUESTED .. [ACCEPTED]	0.2	53	CONDITION3	Welcome
2024-05-28 14:00:41	SessionEvent	QUESTION_SET	NEW QUESTION TO ACTIVATE	1		CONDITION3	Welcome
2024-05-28 14:00:41	FlowEvent	NEW_FLOW_STATE	QuestionReflection	1		CONDITION3	QuestionReflection
2024-05-28 14:00:42	MonitorSpeechStart	<prosody rate="1.0">Ok</prosody>	618
2024-05-28 14:00:42	ActionGesture	BrowRaise
2024-05-28 14:00:43	MonitorSpeechStart	<prosody rate="1.0">I think I am getting the question 1</prosody>	1802
2024-05-28 14:00:43	ActionGesture	BrowRaise
2024-05-28 14:00:44	ActionGesture	BrowRaise
2024-05-28 14:00:45	MonitorSpeechStart	<prosody rate="1.0">Let's see</prosody>	658
2024-05-28 14:00:45	ActionGesture	BrowRaise
2024-05-28 14:00:54	MonitorSpeechStart	<prosody rate="1.0">Have you answered?</prosody>	752
2024-05-28 14:00:55	ActionGesture	BrowRaise
2024-05-28 14:00:58	ActionGesture	Smile
2024-05-28 14:01:02	SenseSpeech	yes I am set now I didn't	4538
2024-05-28 14:01:03	SenseNLUIntent	yes I am set now I didn't	Yes
2024-05-28 14:01:03	SenseNLUIntent	yes I am set now I didn't	AnswerMarked
2024-05-28 14:01:03	FlowEvent	NEW_FLOW_STATE	QuestionMarking	1		CONDITION3	QuestionMarking
2024-05-28 14:01:05	MonitorSpeechStart	<prosody rate="1.0">By marking it, I mean select the buttons on the screen</prosody>	2823
2024-05-28 14:01:06	ActionGesture	BrowRaise
2024-05-28 14:01:07	ActionGesture	BrowRaise
2024-05-28 14:01:08	MonitorSpeechStart	<prosody rate="1.0">Did you?</prosody>	440
2024-05-28 14:01:09	GUIEvent	ANSWER_MARKED	ANSWER[FALSE] [1] [53] SENT .. [ACCEPTED]	1	53	CONDITION3	QuestionMarking
2024-05-28 14:01:10	ActionGesture	Smile
2024-05-28 14:01:11	SenseSpeech	no	825
2024-05-28 14:01:11	SenseNLUIntent	no	No
2024-05-28 14:01:11	FlowEvent	NEW_FLOW_STATE	QuestionDisclosure	1		CONDITION3	QuestionDisclosure
2024-05-28 14:01:11	ActionGesture	SubtleShake
2024-05-28 14:01:12	MonitorSpeechStart	<prosody rate="1.13">Oh</prosody>	410
2024-05-28 14:01:13	MonitorSpeechStart	<prosody rate="1.13">Mm, well</prosody>	809
2024-05-28 14:01:14	ActionGesture	BrowRaise
2024-05-28 14:01:15	MonitorSpeechStart	<prosody rate="1.13">I'm convinced that it's TRUE</prosody>	1161
2024-05-28 14:01:16	ActionGesture	BrowRaise
2024-05-28 14:06:39	Autoreload is disabled because the development mode is off.
2024-05-28 14:06:40	Application started in 0.612 seconds.
2024-05-28 14:06:40	Responding at http://127.0.0.1:8888
2024-05-28 14:06:42	----------------- NEW EXECUTION-------------------
2024-05-28 14:06:42	FlowEvent	NEW_FLOW_STATE	Sleep	0.0		UNDEFINED	Sleep
2024-05-28 14:06:42	ActionGesture	CloseEyes
2024-05-28 14:06:42	ActionGesture	CloseEyes
2024-05-28 14:08:43	MonitorSpeechStart	<prosody rate="1.0">No start signal received, terminating the program.</prosody>	3512
2024-05-28 14:08:44	ActionGesture	BrowRaise
2024-05-28 14:08:46	ActionGesture	BrowRaise
2024-05-28 14:09:54	Autoreload is disabled because the development mode is off.
2024-05-28 14:09:55	Application started in 0.611 seconds.
2024-05-28 14:09:55	Responding at http://127.0.0.1:8888
2024-05-28 14:09:57	----------------- NEW EXECUTION-------------------
2024-05-28 14:09:57	FlowEvent	NEW_FLOW_STATE	Sleep	0.0		UNDEFINED	Sleep
2024-05-28 14:09:57	ActionGesture	CloseEyes
2024-05-28 14:09:57	ActionGesture	CloseEyes
2024-05-28 14:10:11	GUIEvent	GUI_RELOADED	GUI_RELOADED [ACCEPTED]	0.0	UNDEFINED	UNDEFINED	Sleep
2024-05-28 14:11:58	MonitorSpeechStart	<prosody rate="1.0">No start signal received, terminating the program.</prosody>	3512
2024-05-28 14:11:59	ActionGesture	BrowRaise
2024-05-28 14:12:01	ActionGesture	BrowRaise
2024-05-28 14:12:06	Autoreload is disabled because the development mode is off.
2024-05-28 14:12:06	Application started in 0.608 seconds.
2024-05-28 14:12:06	Responding at http://127.0.0.1:8888
2024-05-28 14:12:08	----------------- NEW EXECUTION-------------------
2024-05-28 14:12:09	FlowEvent	NEW_FLOW_STATE	Sleep	0.0		UNDEFINED	Sleep
2024-05-28 14:12:09	ActionGesture	CloseEyes
2024-05-28 14:12:09	ActionGesture	CloseEyes
2024-05-28 14:14:09	MonitorSpeechStart	<prosody rate="1.0">No start signal received, terminating the program.</prosody>	3512
2024-05-28 14:14:10	ActionGesture	BrowRaise
2024-05-28 14:14:12	ActionGesture	BrowRaise
2024-05-28 14:15:00	Autoreload is disabled because the development mode is off.
2024-05-28 14:15:00	Application started in 0.638 seconds.
2024-05-28 14:15:00	Responding at http://127.0.0.1:8888
2024-05-28 14:15:02	----------------- NEW EXECUTION-------------------
2024-05-28 14:15:02	FlowEvent	NEW_FLOW_STATE	Sleep	0.0		UNDEFINED	Sleep
2024-05-28 14:15:02	ActionGesture	CloseEyes
2024-05-28 14:15:02	ActionGesture	CloseEyes
2024-05-28 14:15:06	GUIEvent	GUI_RELOADED	GUI_RELOADED [ACCEPTED]	0.0	UNDEFINED	UNDEFINED	Sleep
2024-05-28 14:15:19	GUIEvent	NEW_STAGE_REQUESTED	STAGE[0.2] [5] REQUESTED .. [ACCEPTED]	0.0	UNDEFINED	UNDEFINED	Sleep
2024-05-28 14:15:19	SessionEvent	USER_SET	USER TO ACTIVATE.	0.2	5	UNDEFINED	Sleep
2024-05-28 14:15:19	FlowEvent	NEW_FLOW_STATE	Welcome	0.2		CONDITION1	Welcome
2024-05-28 14:15:19	ActionGesture	OpenEyes
2024-05-28 14:15:19	ActionGesture	Smile
2024-05-28 14:15:19	MonitorSpeechStart	<prosody rate="1.0">Hej</prosody>	450
2024-05-28 14:15:20	ActionGesture	BrowRaise
2024-05-28 14:15:21	MonitorSpeechStart	<prosody rate="1.0">Trevligt att träffas</prosody>	1350
2024-05-28 14:15:22	ActionGesture	BrowRaise
2024-05-28 14:15:23	MonitorSpeechStart	<prosody rate="1.0">Hur är läget?</prosody>	912
2024-05-28 14:15:23	ActionGesture	BrowRaise
2024-05-28 14:15:30	ActionGesture	Smile
2024-05-28 14:15:31	SenseSpeech	det	1086
2024-05-28 14:15:31	FlowEvent	NEW_FLOW_STATE	ReviewInstructions	0.2		CONDITION1	ReviewInstructions
2024-05-28 14:15:31	MonitorSpeechStart	<prosody rate="1.0">Jag har fått veta att du och jag ska fundera på åtta problem om elkretsar. Har du också fårtt reda på det?</prosody>	6367
2024-05-28 14:15:32	ActionGesture	BrowRaise
2024-05-28 14:15:33	ActionGesture	BrowRaise
2024-05-28 14:15:34	ActionGesture	BrowRaise
2024-05-28 14:15:37	ActionGesture	BrowRaise
2024-05-28 14:15:46	Autoreload is disabled because the development mode is off.
2024-05-28 14:15:46	Application started in 0.612 seconds.
2024-05-28 14:15:47	Responding at http://127.0.0.1:8888
2024-05-28 14:15:49	----------------- NEW EXECUTION-------------------
2024-05-28 14:15:49	FlowEvent	NEW_FLOW_STATE	Sleep	0.0		UNDEFINED	Sleep
2024-05-28 14:15:49	ActionGesture	CloseEyes
2024-05-28 14:15:49	ActionGesture	CloseEyes
2024-05-28 14:15:52	GUIEvent	GUI_RELOADED	GUI_RELOADED [ACCEPTED]	0.0	UNDEFINED	UNDEFINED	Sleep
2024-05-28 14:15:58	GUIEvent	NEW_STAGE_REQUESTED	STAGE[0.2] [5] REQUESTED .. [ACCEPTED]	0.0	UNDEFINED	UNDEFINED	Sleep
2024-05-28 14:15:58	SessionEvent	USER_SET	USER TO ACTIVATE.	0.2	5	UNDEFINED	Sleep
2024-05-28 14:15:58	FlowEvent	NEW_FLOW_STATE	Welcome	0.2		CONDITION1	Welcome
2024-05-28 14:15:58	ActionGesture	OpenEyes
2024-05-28 14:15:58	ActionGesture	Smile
2024-05-28 14:15:59	MonitorSpeechStart	<prosody rate="1.0">Hej</prosody>	450
2024-05-28 14:15:59	ActionGesture	BrowRaise
2024-05-28 14:16:01	MonitorSpeechStart	<prosody rate="1.0">Trevligt att träffas</prosody>	1350
2024-05-28 14:16:02	ActionGesture	BrowRaise
2024-05-28 14:16:03	MonitorSpeechStart	<prosody rate="1.0">Hur är läget?</prosody>	912
2024-05-28 14:16:03	ActionGesture	BrowRaise
2024-05-28 14:16:04	GUIEvent	NEW_STAGE_REQUESTED	STAGE[1] [5] REQUESTED .. [ACCEPTED]	0.2	5	CONDITION1	Welcome
2024-05-28 14:16:04	SessionEvent	QUESTION_SET	NEW QUESTION TO ACTIVATE	1		CONDITION1	Welcome
2024-05-28 14:16:04	FlowEvent	NEW_FLOW_STATE	QuestionReflection	1		CONDITION1	QuestionReflection
2024-05-28 14:16:06	MonitorSpeechStart	<prosody rate="1.0">FIFO queue shared by all questions. An utterance used is extracted trom the top and pushed back in.</prosody>	7542
2024-05-28 14:16:07	ActionGesture	BrowRaise
2024-05-28 14:16:08	ActionGesture	BrowRaise
2024-05-28 14:16:10	ActionGesture	BrowRaise
2024-05-28 14:16:13	ActionGesture	BrowRaise
2024-05-28 14:16:23	MonitorSpeechStart	<prosody rate="1.0">* Shared FIFO queue for all questions
* Always NEUTRAL. See DISCLOSURE_EARLY comments
* The target of this question is a YN answer. 
* The mission of the robot is to find out if they answered, not what they answered. 

See ANSWERING_REQUEST_F for more info.</prosody>	21239
2024-05-28 14:16:23	ActionGesture	BrowRaise
2024-05-28 14:16:24	ActionGesture	BrowRaise
2024-05-28 14:16:26	ActionGesture	BrowRaise
2024-05-28 14:17:45	Autoreload is disabled because the development mode is off.
2024-05-28 14:17:45	Application started in 0.638 seconds.
2024-05-28 14:17:46	Responding at http://127.0.0.1:8888
2024-05-28 14:17:47	----------------- NEW EXECUTION-------------------
2024-05-28 14:17:47	FlowEvent	NEW_FLOW_STATE	Sleep	0.0		UNDEFINED	Sleep
2024-05-28 14:17:48	ActionGesture	CloseEyes
2024-05-28 14:17:48	ActionGesture	CloseEyes
2024-05-28 14:18:06	GUIEvent	GUI_RELOADED	GUI_RELOADED [ACCEPTED]	0.0	UNDEFINED	UNDEFINED	Sleep
2024-05-28 14:18:35	Autoreload is disabled because the development mode is off.
2024-05-28 14:18:35	Application started in 0.558 seconds.
2024-05-28 14:18:36	Responding at http://127.0.0.1:8888
2024-05-28 14:18:38	----------------- NEW EXECUTION-------------------
2024-05-28 14:18:38	FlowEvent	NEW_FLOW_STATE	Sleep	0.0		UNDEFINED	Sleep
2024-05-28 14:18:38	ActionGesture	CloseEyes
2024-05-28 14:18:38	ActionGesture	CloseEyes
2024-05-28 14:19:00	GUIEvent	GUI_RELOADED	GUI_RELOADED [ACCEPTED]	0.0	UNDEFINED	UNDEFINED	Sleep
2024-05-28 14:19:10	GUIEvent	NEW_STAGE_REQUESTED	STAGE[0.2] [25] REQUESTED .. [ACCEPTED]	0.0	UNDEFINED	UNDEFINED	Sleep
2024-05-28 14:19:10	SessionEvent	USER_SET	USER TO ACTIVATE.	0.2	25	UNDEFINED	Sleep
2024-05-28 14:19:10	FlowEvent	NEW_FLOW_STATE	Welcome	0.2		CONDITION2	Welcome
2024-05-28 14:19:10	ActionGesture	OpenEyes
2024-05-28 14:19:10	ActionGesture	Smile
2024-05-28 14:19:11	MonitorSpeechStart	<prosody rate="1.0">Hej</prosody>	450
2024-05-28 14:19:11	ActionGesture	BrowRaise
2024-05-28 14:19:12	MonitorSpeechStart	<prosody rate="1.0">Trevligt att träffas</prosody>	1350
2024-05-28 14:19:13	ActionGesture	BrowRaise
2024-05-28 14:19:14	MonitorSpeechStart	<prosody rate="1.0">Hur är läget?</prosody>	912
2024-05-28 14:19:15	ActionGesture	BrowRaise
2024-05-28 14:19:23	FlowEvent	NEW_FLOW_STATE	ReviewInstructions	0.2		CONDITION2	ReviewInstructions
2024-05-28 14:19:24	MonitorSpeechStart	<prosody rate="1.0">Jag har fått veta att du och jag ska fundera på åtta problem om elkretsar. Har du också fårtt reda på det?</prosody>	6367
2024-05-28 14:19:24	ActionGesture	BrowRaise
2024-05-28 14:19:25	GUIEvent	NEW_STAGE_REQUESTED	STAGE[1] [25] REQUESTED .. [ACCEPTED]	0.2	25	CONDITION2	ReviewInstructions
2024-05-28 14:19:25	SessionEvent	QUESTION_SET	NEW QUESTION TO ACTIVATE	1		CONDITION2	ReviewInstructions
2024-05-28 14:19:25	FlowEvent	NEW_FLOW_STATE	QuestionReflection	1		CONDITION2	QuestionReflection
2024-05-28 14:19:27	MonitorSpeechStart	<prosody rate="1.0">Okej, då är det dags för fråga 1</prosody>	2237
2024-05-28 14:19:29	ActionGesture	BrowRaise
2024-05-28 14:19:41	Autoreload is disabled because the development mode is off.
2024-05-28 14:19:42	Application started in 0.562 seconds.
2024-05-28 14:19:42	Responding at http://127.0.0.1:8888
2024-05-28 14:19:44	----------------- NEW EXECUTION-------------------
2024-05-28 14:19:44	GUIEvent	GUI_RELOADED	GUI_RELOADED [ACCEPTED]	0.0	UNDEFINED	UNDEFINED	Init
2024-05-28 14:19:44	FlowEvent	NEW_FLOW_STATE	Sleep	0.0		UNDEFINED	Sleep
2024-05-28 14:19:44	ActionGesture	CloseEyes
2024-05-28 14:19:44	ActionGesture	CloseEyes
2024-05-28 14:19:51	GUIEvent	NEW_STAGE_REQUESTED	STAGE[0.2] [5] REQUESTED .. [ACCEPTED]	0.0	UNDEFINED	UNDEFINED	Sleep
2024-05-28 14:19:51	SessionEvent	USER_SET	USER TO ACTIVATE.	0.2	5	UNDEFINED	Sleep
2024-05-28 14:19:51	FlowEvent	NEW_FLOW_STATE	Welcome	0.2		CONDITION1	Welcome
2024-05-28 14:19:51	ActionGesture	OpenEyes
2024-05-28 14:19:51	ActionGesture	Smile
2024-05-28 14:19:52	MonitorSpeechStart	<prosody rate="1.0">Hej</prosody>	450
2024-05-28 14:19:52	ActionGesture	BrowRaise
2024-05-28 14:19:53	MonitorSpeechStart	<prosody rate="1.0">Trevligt att träffas</prosody>	1350
2024-05-28 14:19:54	ActionGesture	BrowRaise
2024-05-28 14:19:55	MonitorSpeechStart	<prosody rate="1.0">Hur är läget?</prosody>	912
2024-05-28 14:19:56	ActionGesture	BrowRaise
2024-05-28 14:19:57	ActionGesture	Smile
2024-05-28 14:19:58	SenseSpeech	Jo det är bra	892
2024-05-28 14:19:58	FlowEvent	NEW_FLOW_STATE	ReviewInstructions	0.2		CONDITION1	ReviewInstructions
2024-05-28 14:19:59	MonitorSpeechStart	<prosody rate="1.0">Jag har fått veta att du och jag ska fundera på åtta problem om elkretsar. Har du också fårtt reda på det?</prosody>	6367
2024-05-28 14:19:59	ActionGesture	BrowRaise
2024-05-28 14:20:01	ActionGesture	BrowRaise
2024-05-28 14:20:02	ActionGesture	BrowRaise
2024-05-28 14:20:05	ActionGesture	BrowRaise
2024-05-28 14:20:06	ActionGesture	Smile
2024-05-28 14:20:07	SenseSpeech	nej	819
2024-05-28 14:20:07	SenseNLUIntent	nej	No
2024-05-28 14:20:08	MonitorSpeechStart	<prosody rate="1.0">Nja</prosody>	487
2024-05-28 14:20:08	ActionGesture	BrowRaise
2024-05-28 14:20:09	MonitorSpeechStart	<prosody rate="1.0">Alltså, varje fråga kommer att visas på skärmen, och samtidigt skickas till mig. Vi funderar, svarar först båda två separat. Sedan diskuterar vi och kommer fram till ett definitivt svar.</prosody>	12685
2024-05-28 14:20:10	ActionGesture	BrowRaise
2024-05-28 14:20:12	ActionGesture	BrowRaise
2024-05-28 14:20:15	ActionGesture	BrowRaise
2024-05-28 14:20:16	ActionGesture	BrowRaise
2024-05-28 14:20:17	ActionGesture	BrowRaise
2024-05-28 14:20:22	ActionGesture	BrowRaise
2024-05-28 14:20:23	MonitorSpeechStart	<prosody rate="1.0">Vill du att jag ska förklara mer eller är du klar att börja?</prosody>	2925
2024-05-28 14:20:24	ActionGesture	BrowRaise
2024-05-28 14:20:26	ActionGesture	BrowRaise
2024-05-28 14:20:27	ActionGesture	Smile
2024-05-28 14:20:32	GUIEvent	NEW_STAGE_REQUESTED	STAGE[1] [5] REQUESTED .. [ACCEPTED]	0.2	5	CONDITION1	ReviewInstructions
2024-05-28 14:20:32	SessionEvent	QUESTION_SET	NEW QUESTION TO ACTIVATE	1		CONDITION1	ReviewInstructions
2024-05-28 14:20:32	FlowEvent	NEW_FLOW_STATE	QuestionReflection	1		CONDITION1	QuestionReflection
2024-05-28 14:20:32	MonitorSpeechStart	<prosody rate="1.0">Okej, då är det dags för fråga 1</prosody>	2237
2024-05-28 14:20:34	ActionGesture	BrowRaise
2024-05-28 14:20:43	MonitorSpeechStart	<prosody rate="1.0">Har du svarat?</prosody>	962
2024-05-28 14:20:44	ActionGesture	BrowRaise
2024-05-28 14:20:47	GUIEvent	ANSWER_MARKED	ANSWER[TRUE] [1] [5] SENT .. [ACCEPTED]	1	5	CONDITION1	QuestionReflection
2024-05-28 14:20:53	MonitorSpeechStart	<prosody rate="1.0">Har du redan svarat=</prosody>	2250
2024-05-28 14:20:54	ActionGesture	BrowRaise
2024-05-28 14:20:55	ActionGesture	BrowRaise
2024-05-28 14:21:00	MonitorSpeechStart	<prosody rate="1.0">Jag är klar. Är du?</prosody>	1555
2024-05-28 14:21:01	ActionGesture	BrowRaise
2024-05-28 14:21:03	ActionGesture	Smile
2024-05-28 14:21:04	SenseSpeech	ja	839
2024-05-28 14:21:04	SenseNLUIntent	ja	Yes
2024-05-28 14:21:04	FlowEvent	NEW_FLOW_STATE	QuestionDisclosure	1		CONDITION1	QuestionDisclosure
2024-05-28 14:21:05	MonitorSpeechStart	<prosody rate="1.0">Bra. Jag svarade att det är TRUE. Vad svarade du?</prosody>	4085
2024-05-28 14:21:05	ActionGesture	BrowRaise
2024-05-28 14:21:06	ActionGesture	BrowRaise
2024-05-28 14:21:08	ActionGesture	BrowRaise
2024-05-28 14:21:12	ActionGesture	Smile
2024-05-28 14:21:13	SenseSpeech	Jag tror att det är sant	845
2024-05-28 14:21:13	SenseNLUIntent	Jag tror att det är sant	Agree
2024-05-28 14:21:13	SenseNLUIntent	Jag tror att det är sant	AnswerTrue
2024-05-28 14:21:13	FlowEvent	NEW_FLOW_STATE	QuestionReview	1		CONDITION1	QuestionReview
2024-05-28 14:21:14	MonitorSpeechStart	<prosody rate="1.0">Bra. Du ser att det är så?</prosody>	2130
2024-05-28 14:21:14	ActionGesture	BrowRaise
2024-05-28 14:21:15	ActionGesture	BrowRaise
2024-05-28 14:21:17	MonitorSpeechStart	<prosody rate="1.0">Spänningen ju är densamma och resistansen ökar om en lampa läggs till</prosody>	4575
2024-05-28 14:21:18	ActionGesture	BrowRaise
2024-05-28 14:21:19	ActionGesture	BrowRaise
2024-05-28 14:21:20	ActionGesture	BrowRaise
2024-05-28 14:21:21	ActionGesture	BrowRaise
2024-05-28 14:21:26	ActionGesture	Smile
2024-05-28 14:21:27	SenseSpeech	Ja precis	1084
2024-05-28 14:21:27	SenseNLUIntent	Ja precis	Yes
2024-05-28 14:21:27	MonitorSpeechStart	<prosody rate="1.0">Det är bra!</prosody>	700
2024-05-28 14:21:28	ActionGesture	BrowRaise
2024-05-28 14:21:29	MonitorSpeechStart	<prosody rate="1.0">Med samma spänning och högre resistans blir strömmen lägre och lamporna lyser svagare.</prosody>	5662
2024-05-28 14:21:30	ActionGesture	BrowRaise
2024-05-28 14:21:33	ActionGesture	BrowRaise
2024-05-28 14:21:35	ActionGesture	BrowRaise
2024-05-28 14:21:38	ActionGesture	Smile
2024-05-28 14:21:40	SenseSpeech	ja	1398
2024-05-28 14:21:40	SenseNLUIntent	ja	Yes
2024-05-28 14:21:40	FlowEvent	NEW_FLOW_STATE	QuestionCheckpoint	1		CONDITION1	QuestionCheckpoint
2024-05-28 14:21:40	MonitorSpeechStart	<prosody rate="1.0">Snyggt</prosody>	650
2024-05-28 14:21:42	MonitorSpeechStart	<prosody rate="1.0">Så</prosody>	512
2024-05-28 14:21:44	MonitorSpeechStart	<prosody rate="1.0">är vi överens om att det är TRUE?</prosody>	1837
2024-05-28 14:21:45	ActionGesture	BrowRaise
2024-05-28 14:21:49	ActionGesture	Smile
2024-05-28 14:21:50	SenseSpeech	ja	1000
2024-05-28 14:21:50	SenseNLUIntent	ja	Yes
2024-05-28 14:21:50	FlowEvent	NEW_FLOW_STATE	QuestionReview	1		CONDITION1	QuestionReview
2024-05-28 14:21:50	FlowEvent	NEW_FLOW_STATE	QuestionConfirmation	1		CONDITION1	QuestionConfirmation
2024-05-28 14:21:50	MonitorSpeechStart	<prosody rate="1.0">Perfekt</prosody>	700
2024-05-28 14:21:51	ActionGesture	BrowRaise
2024-05-28 14:21:52	MonitorSpeechStart	<prosody rate="1.0">Okej, Jag har bekräftat att det är TRUE. Kan du ge ditt svar och trycka på Bekräfta?</prosody>	4917
2024-05-28 14:21:55	ActionGesture	BrowRaise
2024-05-28 14:21:56	ActionGesture	BrowRaise
2024-05-28 14:21:57	ActionGesture	BrowRaise
2024-05-28 14:21:58	GUIEvent	NEW_STAGE_REQUESTED	STAGE[2] [5] REQUESTED .. [ACCEPTED]	1	5	CONDITION1	QuestionConfirmation
2024-05-28 14:21:58	SessionEvent	ANSWER_CONFIRMED	QUESTION CONFIRMED IN GUI.	2		CONDITION1	QuestionConfirmation
2024-05-28 14:21:58	SessionEvent	QUESTION_SET	NEW QUESTION TO ACTIVATE	2		CONDITION1	QuestionConfirmation
2024-05-28 14:21:58	FlowEvent	NEW_FLOW_STATE	QuestionReflection	2		CONDITION1	QuestionReflection
2024-05-28 14:21:59	MonitorSpeechStart	<prosody rate="1.0">Då ska vi ge oss på fråga 2</prosody>	1937
2024-05-28 14:22:01	ActionGesture	BrowRaise
2024-05-28 14:22:10	MonitorSpeechStart	<prosody rate="1.0">Har du svarat nu?</prosody>	1075
2024-05-28 14:22:11	GUIEvent	ANSWER_MARKED	ANSWER[TRUE] [2] [5] SENT .. [ACCEPTED]	2	5	CONDITION1	QuestionReflection
2024-05-28 14:22:11	ActionGesture	BrowRaise
2024-05-28 14:22:13	ActionGesture	Smile
2024-05-28 14:22:14	SenseSpeech	ja ja	1045
2024-05-28 14:22:14	SenseNLUIntent	ja ja	Yes
2024-05-28 14:22:14	FlowEvent	NEW_FLOW_STATE	QuestionDisclosure	2		CONDITION1	QuestionDisclosure
2024-05-28 14:22:15	MonitorSpeechStart	<prosody rate="1.0">Utmärkt. Jag tog FALSE. Vad svarade du?</prosody>	3735
2024-05-28 14:22:17	ActionGesture	BrowRaise
2024-05-28 14:22:18	ActionGesture	BrowRaise
2024-05-28 14:22:21	ActionGesture	Smile
2024-05-28 14:22:24	SenseSpeech	Nej jag sa att det är sant	2171
2024-05-28 14:22:24	SenseNLUIntent	Nej jag sa att det är sant	No
2024-05-28 14:22:24	SenseNLUIntent	Nej jag sa att det är sant	AnswerTrue
2024-05-28 14:22:24	FlowEvent	NEW_FLOW_STATE	QuestionPersuasion	2		CONDITION1	QuestionPersuasion
2024-05-28 14:22:24	MonitorSpeechStart	<prosody rate="1.0">Tjaa</prosody>	550
2024-05-28 14:22:25	ActionGesture	BrowRaise
2024-05-28 14:22:26	MonitorSpeechStart	<prosody rate="1.0">De vita, gula och röda lamporna är parallelkopplade i både C1 och C2.</prosody>	5400
2024-05-28 14:22:27	ActionGesture	BrowRaise
2024-05-28 14:22:30	ActionGesture	BrowRaise
2024-05-28 14:22:30	ActionGesture	BrowRaise
2024-05-28 14:22:31	ActionGesture	BrowRaise
2024-05-28 14:22:34	ActionGesture	Smile
2024-05-28 14:22:35	SenseSpeech	okej	1140
2024-05-28 14:22:35	SenseNLUIntent	okej	Yes
2024-05-28 14:22:36	MonitorSpeechStart	<prosody rate="1.0">Höll du med?</prosody>	675
2024-05-28 14:22:36	ActionGesture	BrowRaise
2024-05-28 14:22:38	MonitorSpeechStart	<prosody rate="1.0">C1 och C2 är ritade olika, men det är samma krets</prosody>	4061
2024-05-28 14:22:38	ActionGesture	BrowRaise
2024-05-28 14:22:40	ActionGesture	BrowRaise
2024-05-28 14:22:41	ActionGesture	BrowRaise
2024-05-28 14:22:51	MonitorSpeechStart	<prosody rate="1.0">Jag menar</prosody>	725
2024-05-28 14:22:51	ActionGesture	BrowRaise
2024-05-28 14:22:53	MonitorSpeechStart	<prosody rate="1.0">Båda kretsarna är kortslutna, så ingen ström går genom de andra lamporna.</prosody>	4987
2024-05-28 14:22:54	ActionGesture	BrowRaise
2024-05-28 14:22:55	ActionGesture	BrowRaise
2024-05-28 14:22:58	ActionGesture	BrowRaise
2024-05-28 14:23:07	MonitorSpeechStart	<prosody rate="1.0">Umh,</prosody>	400
2024-05-28 14:23:08	MonitorSpeechStart	<prosody rate="1.0">Därför lyser de blå lamporna lika starkt.</prosody>	2925
2024-05-28 14:23:11	ActionGesture	BrowRaise
2024-05-28 14:23:14	ActionGesture	Smile
2024-05-28 14:23:16	SenseSpeech	Ja jo det är det väl	2238
2024-05-28 14:23:16	SenseNLUIntent	Ja jo det är det väl	Yes
2024-05-28 14:23:16	FlowEvent	NEW_FLOW_STATE	QuestionCheckpoint	2		CONDITION1	QuestionCheckpoint
2024-05-28 14:23:16	MonitorSpeechStart	<prosody rate="1.0">Det är bra!</prosody>	700
2024-05-28 14:23:17	ActionGesture	BrowRaise
2024-05-28 14:23:19	MonitorSpeechStart	<prosody rate="1.0">Jag svarar att det är FALSE</prosody>	1762
2024-05-28 14:23:20	ActionGesture	BrowRaise
2024-05-28 14:23:21	MonitorSpeechStart	<prosody rate="1.0">Svarar du också det?</prosody>	1237
2024-05-28 14:23:23	ActionGesture	BrowRaise
2024-05-28 14:23:24	GUIEvent	ANSWER_MARKED	ANSWER[FALSE] [2] [5] SENT .. [ACCEPTED]	2	5	CONDITION1	QuestionCheckpoint
2024-05-28 14:23:25	ActionGesture	Smile
2024-05-28 14:23:26	SenseSpeech	area	1154
2024-05-28 14:23:27	MonitorSpeechStart	<prosody rate="1.0">mm,</prosody>	437
2024-05-28 14:23:27	ActionGesture	BrowRaise
2024-05-28 14:23:29	MonitorSpeechStart	<prosody rate="1.0">Ska vi välja FALSE då?</prosody>	1337
2024-05-28 14:23:29	ActionGesture	BrowRaise
2024-05-28 14:23:30	ActionGesture	BrowRaise
2024-05-28 14:23:39	MonitorSpeechStart	<prosody rate="1.0">Får jag fråga</prosody>	812
2024-05-28 14:23:40	ActionGesture	BrowRaise
2024-05-28 14:23:40	MonitorSpeechStart	<prosody rate="1.0">Så</prosody>	512
2024-05-28 14:23:42	MonitorSpeechStart	<prosody rate="1.0">är vi överens om att det är FALSE?</prosody>	1862
2024-05-28 14:23:44	ActionGesture	BrowRaise
2024-05-28 14:23:45	ActionGesture	Smile
2024-05-28 14:23:46	SenseSpeech	ja	944
2024-05-28 14:23:46	SenseNLUIntent	ja	Yes
2024-05-28 14:23:46	FlowEvent	NEW_FLOW_STATE	QuestionReview	2		CONDITION1	QuestionReview
2024-05-28 14:23:46	FlowEvent	NEW_FLOW_STATE	QuestionConfirmation	2		CONDITION1	QuestionConfirmation
2024-05-28 14:23:47	MonitorSpeechStart	<prosody rate="1.0">Bra. Nu har jag svarat FALSE. Svarar du också och bekräftar?</prosody>	4635
2024-05-28 14:23:47	ActionGesture	BrowRaise
2024-05-28 14:23:49	ActionGesture	BrowRaise
2024-05-28 14:23:50	ActionGesture	BrowRaise
2024-05-28 14:23:51	ActionGesture	BrowRaise
2024-05-28 14:23:52	GUIEvent	NEW_STAGE_REQUESTED	STAGE[3] [5] REQUESTED .. [ACCEPTED]	2	5	CONDITION1	QuestionConfirmation
2024-05-28 14:23:52	SessionEvent	ANSWER_CONFIRMED	QUESTION CONFIRMED IN GUI.	3		CONDITION1	QuestionConfirmation
2024-05-28 14:23:52	SessionEvent	QUESTION_SET	NEW QUESTION TO ACTIVATE	3		CONDITION1	QuestionConfirmation
2024-05-28 14:23:52	FlowEvent	NEW_FLOW_STATE	QuestionReflection	3		CONDITION1	QuestionReflection
2024-05-28 14:23:53	MonitorSpeechStart	<prosody rate="1.0">Vi går vidare med fråga 3</prosody>	1850
2024-05-28 14:23:54	ActionGesture	BrowRaise
2024-05-28 14:23:56	MonitorSpeechStart	<prosody rate="1.0">Låt oss titta på den.</prosody>	1287
2024-05-28 14:23:57	ActionGesture	BrowRaise
2024-05-28 14:24:02	GUIEvent	ANSWER_MARKED	ANSWER[TRUE] [3] [5] SENT .. [ACCEPTED]	3	5	CONDITION1	QuestionReflection
2024-05-28 14:24:06	MonitorSpeechStart	<prosody rate="1.0">Jag tror att jag tänkt klart. Har du?</prosody>	2580
2024-05-28 14:24:07	ActionGesture	BrowRaise
2024-05-28 14:24:08	ActionGesture	BrowRaise
2024-05-28 14:24:13	MonitorSpeechStart	<prosody rate="1.0">Säg till när du svarat.</prosody>	1475
2024-05-28 14:24:14	ActionGesture	BrowRaise
2024-05-28 14:24:19	MonitorSpeechStart	<prosody rate="1.0">Är du redo?</prosody>	712
2024-05-28 14:24:20	ActionGesture	BrowRaise
2024-05-28 14:24:21	ActionGesture	Smile
2024-05-28 14:24:22	SenseSpeech	Jaha	940
2024-05-28 14:24:23	MonitorSpeechStart	<prosody rate="1.0">Umh, Jag har valt. Har du?</prosody>	2155
2024-05-28 14:24:25	ActionGesture	BrowRaise
2024-05-28 14:24:27	ActionGesture	Smile
2024-05-28 14:24:29	SenseSpeech	Jaha	1867
2024-05-28 14:24:29	MonitorSpeechStart	<prosody rate="1.0">Okej, jag tänker så här</prosody>	1562
2024-05-28 14:24:31	ActionGesture	BrowRaise
2024-05-28 14:24:32	MonitorSpeechStart	<prosody rate="1.0">Ska vi börja diskutera?</prosody>	1487
2024-05-28 14:24:33	ActionGesture	BrowRaise
2024-05-28 14:24:34	ActionGesture	Smile
2024-05-28 14:24:35	SenseSpeech	no	918
2024-05-28 14:24:36	MonitorSpeechStart	<prosody rate="1.0">Okej</prosody>	525
2024-05-28 14:24:36	ActionGesture	BrowRaise
2024-05-28 14:24:37	MonitorSpeechStart	<prosody rate="1.0">Har du svarat?</prosody>	962
2024-05-28 14:24:38	ActionGesture	BrowRaise
2024-05-28 14:24:39	ActionGesture	Smile
2024-05-28 14:24:40	SenseSpeech	ja	935
2024-05-28 14:24:40	SenseNLUIntent	ja	Yes
2024-05-28 14:24:40	FlowEvent	NEW_FLOW_STATE	QuestionDisclosure	3		CONDITION1	QuestionDisclosure
2024-05-28 14:24:40	MonitorSpeechStart	<prosody rate="1.0">Snyggt</prosody>	650
2024-05-28 14:24:42	MonitorSpeechStart	<prosody rate="1.0">Jag svarade att det är FALSE. Vad svarade du?</prosody>	3405
2024-05-28 14:24:43	ActionGesture	BrowRaise
2024-05-28 14:24:44	ActionGesture	BrowRaise
2024-05-28 14:24:45	ActionGesture	BrowRaise
2024-05-28 14:24:49	ActionGesture	Smile
2024-05-28 14:24:52	SenseSpeech	Nej det gör så att det är sant	2236
2024-05-28 14:24:52	SenseNLUIntent	Nej det gör så att det är sant	No
2024-05-28 14:24:52	SenseNLUIntent	Nej det gör så att det är sant	AnswerTrue
2024-05-28 14:24:52	FlowEvent	NEW_FLOW_STATE	QuestionPersuasion	3		CONDITION1	QuestionPersuasion
2024-05-28 14:24:52	MonitorSpeechStart	<prosody rate="1.0">Okej, låt mig färklara så här</prosody>	2087
2024-05-28 14:24:54	ActionGesture	BrowRaise
2024-05-28 14:24:56	MonitorSpeechStart	<prosody rate="1.0">När brytaren slås till blir de röda och gula lamporna parallellkopplade, och deras ekvivalenta resistans blir då lägre än för var och en av dem.</prosody>	9887
2024-05-28 14:24:58	ActionGesture	BrowRaise
2024-05-28 14:25:00	ActionGesture	BrowRaise
2024-05-28 14:25:03	ActionGesture	BrowRaise
2024-05-28 14:25:04	ActionGesture	BrowRaise
2024-05-28 14:25:04	ActionGesture	BrowRaise
2024-05-28 14:25:05	ActionGesture	BrowRaise
2024-05-28 14:25:05	ActionGesture	BrowRaise
2024-05-28 14:25:10	ActionGesture	Smile
2024-05-28 14:25:12	SenseSpeech	Ja det stämmer	1840
2024-05-28 14:25:12	SenseNLUIntent	Ja det stämmer	Yes
2024-05-28 14:25:12	MonitorSpeechStart	<prosody rate="1.0">Bra. Du ser att det är så?</prosody>	2130
2024-05-28 14:25:12	ActionGesture	BrowRaise
2024-05-28 14:25:14	ActionGesture	BrowRaise
2024-05-28 14:25:15	MonitorSpeechStart	<prosody rate="1.0">Eftersom de gula och röda lamporna tillsammans har lägre resistans kommer det att gå mer ström genom dem än genom den blå och därför lyser de starkare.</prosody>	9437
2024-05-28 14:25:16	ActionGesture	BrowRaise
2024-05-28 14:25:17	ActionGesture	BrowRaise
2024-05-28 14:25:19	ActionGesture	BrowRaise
2024-05-28 14:25:20	ActionGesture	BrowRaise
2024-05-28 14:25:21	ActionGesture	BrowRaise
2024-05-28 14:25:23	ActionGesture	BrowRaise
2024-05-28 14:25:25	ActionGesture	BrowRaise
2024-05-28 14:25:33	ActionGesture	Smile
2024-05-28 14:25:41	SenseSpeech	Nej Nej det förstår jag Men dela på så att det går mindre ström genom den gula lampan	8648
2024-05-28 14:25:41	SenseNLUIntent	Nej Nej det förstår jag Men dela på så att det går mindre ström genom den gula lampan	No
2024-05-28 14:25:41	SenseNLUIntent	Nej Nej det förstår jag Men dela på så att det går mindre ström genom den gula lampan	ElaborationRequest
2024-05-28 14:25:41	MonitorSpeechStart	<prosody rate="1.0">Tjaa</prosody>	550
2024-05-28 14:25:42	ActionGesture	BrowRaise
2024-05-28 14:25:43	MonitorSpeechStart	<prosody rate="1.0">Det blir en spänningsdelning mellan den blå lampan och de gula och röda</prosody>	4700
2024-05-28 14:25:44	ActionGesture	BrowRaise
2024-05-28 14:25:48	ActionGesture	BrowRaise
2024-05-28 14:25:49	MonitorSpeechStart	<prosody rate="1.0">och eftersom  den blå lampan har högre resistans säger Ohms lag att den kommer att lysa svagare.</prosody>	6012
2024-05-28 14:25:49	ActionGesture	BrowRaise
2024-05-28 14:25:53	ActionGesture	BrowRaise
2024-05-28 14:25:55	ActionGesture	BrowRaise
2024-05-28 14:25:55	ActionGesture	BrowRaise
2024-05-28 14:26:03	ActionGesture	Smile
2024-05-28 14:26:04	SenseSpeech	Nej det tror inte jag på	1403
2024-05-28 14:26:04	SenseNLUIntent	Nej det tror inte jag på	No
2024-05-28 14:26:04	SenseNLUIntent	Nej det tror inte jag på	Disagree
2024-05-28 14:26:05	MonitorSpeechStart	<prosody rate="1.0">mm,</prosody>	437
2024-05-28 14:26:05	ActionGesture	BrowRaise
2024-05-28 14:26:06	MonitorSpeechStart	<prosody rate="1.0">Jag fattar</prosody>	787
2024-05-28 14:26:07	ActionGesture	BrowRaise
2024-05-28 14:26:08	MonitorSpeechStart	<prosody rate="1.0">Vad menar du med det?</prosody>	1087
2024-05-28 14:26:09	ActionGesture	BrowRaise
2024-05-28 14:26:12	ActionGesture	Smile
2024-05-28 14:26:26	SenseSpeech	Nej men alltså det är så att det är samma ström i kretsen och sen dela den på sig i mellan gula och röda lampan och se'n kommer hon tillbaka till den blå lampan	13855
2024-05-28 14:26:26	SenseNLUIntent	Nej men alltså det är så att det är samma ström i kretsen och sen dela den på sig i mellan gula och röda lampan och se'n kommer hon tillbaka till den blå lampan	No
2024-05-28 14:26:26	SenseNLUIntent	Nej men alltså det är så att det är samma ström i kretsen och sen dela den på sig i mellan gula och röda lampan och se'n kommer hon tillbaka till den blå lampan	ElaborationRequest
2024-05-28 14:26:27	MonitorSpeechStart	<prosody rate="1.0">okej</prosody>	525
2024-05-28 14:26:27	ActionGesture	BrowRaise
2024-05-28 14:26:29	MonitorSpeechStart	<prosody rate="1.0">Lampornas effekt är resistansen gånger strömmen i kvadrat. Eftersom det är tre lampor kommer det gå åt mer effekt för de parallellkopplade lamporna än den ensamma blå</prosody>	10542
2024-05-28 14:26:30	ActionGesture	BrowRaise
2024-05-28 14:26:31	ActionGesture	BrowRaise
2024-05-28 14:26:31	ActionGesture	BrowRaise
2024-05-28 14:26:32	ActionGesture	BrowRaise
2024-05-28 14:26:34	ActionGesture	BrowRaise
2024-05-28 14:26:34	ActionGesture	BrowRaise
2024-05-28 14:26:36	ActionGesture	BrowRaise
2024-05-28 14:26:38	ActionGesture	BrowRaise
2024-05-28 14:26:39	ActionGesture	BrowRaise
2024-05-28 14:26:40	MonitorSpeechStart	<prosody rate="1.0">Så den lyser svagare.</prosody>	1612
2024-05-28 14:26:42	ActionGesture	BrowRaise
2024-05-28 14:26:46	ActionGesture	Smile
2024-05-28 14:26:47	SenseSpeech	Nej det var fel	1293
2024-05-28 14:26:47	SenseNLUIntent	Nej det var fel	No
2024-05-28 14:26:47	SenseNLUIntent	Nej det var fel	Disagree
2024-05-28 14:26:47	FlowEvent	NEW_FLOW_STATE	QuestionCheckpoint	3		CONDITION1	QuestionCheckpoint
2024-05-28 14:26:48	MonitorSpeechStart	<prosody rate="1.0">Aha!,</prosody>	525
2024-05-28 14:26:48	ActionGesture	BrowRaise
2024-05-28 14:26:49	MonitorSpeechStart	<prosody rate="1.0">okej</prosody>	525
2024-05-28 14:26:49	ActionGesture	BrowRaise
2024-05-28 14:26:51	MonitorSpeechStart	<prosody rate="1.0">Så, håller du med om att det är FALSE</prosody>	2275
2024-05-28 14:26:53	ActionGesture	BrowRaise
2024-05-28 14:26:54	MonitorSpeechStart	<prosody rate="1.0">?</prosody>	1025
2024-05-28 14:27:39	GUIEvent	ANSWER_MARKED	ANSWER[FALSE] [3] [5] SENT .. [ACCEPTED]	3	5	CONDITION1	QuestionCheckpoint
2024-05-28 14:27:41	GUIEvent	ANSWER_MARKED	ANSWER[TRUE] [3] [5] SENT .. [ACCEPTED]	3	5	CONDITION1	QuestionCheckpoint
2024-05-28 14:28:13	Autoreload is disabled because the development mode is off.
2024-05-28 14:28:14	Application started in 0.565 seconds.
2024-05-28 14:28:14	Responding at http://127.0.0.1:8888
2024-05-28 14:28:16	----------------- NEW EXECUTION-------------------
2024-05-28 14:28:16	GUIEvent	GUI_RELOADED	GUI_RELOADED [ACCEPTED]	0.0	UNDEFINED	UNDEFINED	Init
2024-05-28 14:28:16	FlowEvent	NEW_FLOW_STATE	Sleep	0.0		UNDEFINED	Sleep
2024-05-28 14:28:16	ActionGesture	CloseEyes
2024-05-28 14:28:16	ActionGesture	CloseEyes
2024-05-28 14:28:21	GUIEvent	NEW_STAGE_REQUESTED	STAGE[0.2] [5] REQUESTED .. [ACCEPTED]	0.0	UNDEFINED	UNDEFINED	Sleep
2024-05-28 14:28:21	SessionEvent	USER_SET	USER TO ACTIVATE.	0.2	5	UNDEFINED	Sleep
2024-05-28 14:28:21	FlowEvent	NEW_FLOW_STATE	Welcome	0.2		CONDITION1	Welcome
2024-05-28 14:28:21	ActionGesture	OpenEyes
2024-05-28 14:28:21	ActionGesture	Smile
2024-05-28 14:28:22	MonitorSpeechStart	<prosody rate="1.0">Hej</prosody>	450
2024-05-28 14:28:22	ActionGesture	BrowRaise
2024-05-28 14:28:23	MonitorSpeechStart	<prosody rate="1.0">Trevligt att träffas</prosody>	1350
2024-05-28 14:28:24	ActionGesture	BrowRaise
2024-05-28 14:28:25	MonitorSpeechStart	<prosody rate="1.0">Hur är läget?</prosody>	912
2024-05-28 14:28:26	ActionGesture	BrowRaise
2024-05-28 14:28:28	ActionGesture	Smile
2024-05-28 14:28:29	SenseSpeech	Jo det är bra	1132
2024-05-28 14:28:29	FlowEvent	NEW_FLOW_STATE	ReviewInstructions	0.2		CONDITION1	ReviewInstructions
2024-05-28 14:28:30	MonitorSpeechStart	<prosody rate="1.0">Jag har fått veta att du och jag ska fundera på åtta problem om elkretsar. Har du också fårtt reda på det?</prosody>	6367
2024-05-28 14:28:30	ActionGesture	BrowRaise
2024-05-28 14:28:31	ActionGesture	BrowRaise
2024-05-28 14:28:33	ActionGesture	BrowRaise
2024-05-28 14:28:36	ActionGesture	BrowRaise
2024-05-28 14:28:45	MonitorSpeechStart	<prosody rate="1.0">Ursäkta</prosody>	600
2024-05-28 14:28:46	ActionGesture	BrowRaise
2024-05-28 14:28:47	MonitorSpeechStart	<prosody rate="1.0">jag hörde inte. Vad har du fått veta om vad du och jag ska göra?</prosody>	4067
2024-05-28 14:28:48	ActionGesture	BrowRaise
2024-05-28 14:28:51	ActionGesture	BrowRaise
2024-05-28 14:28:52	ActionGesture	Smile
2024-05-28 14:28:54	SenseSpeech	Nej jag har inte fått någonting	2223
2024-05-28 14:28:54	SenseNLUIntent	Nej jag har inte fått någonting	Agree
2024-05-28 14:28:54	SenseNLUIntent	Nej jag har inte fått någonting	Disagree
2024-05-28 14:28:55	MonitorSpeechStart	<prosody rate="1.0">Nja</prosody>	487
2024-05-28 14:28:55	ActionGesture	BrowRaise
2024-05-28 14:28:56	MonitorSpeechStart	<prosody rate="1.0">Alltså, varje fråga kommer att visas på skärmen, och samtidigt skickas till mig. Vi funderar, svarar först båda två separat. Sedan diskuterar vi och kommer fram till ett definitivt svar.</prosody>	12685
2024-05-28 14:28:56	ActionGesture	BrowRaise
2024-05-28 14:28:58	ActionGesture	BrowRaise
2024-05-28 14:29:01	ActionGesture	BrowRaise
2024-05-28 14:29:02	ActionGesture	BrowRaise
2024-05-28 14:29:04	ActionGesture	BrowRaise
2024-05-28 14:29:08	ActionGesture	BrowRaise
2024-05-28 14:29:09	MonitorSpeechStart	<prosody rate="1.0">Vill du att jag ska förklara mer eller är du klar att börja?</prosody>	2925
2024-05-28 14:29:10	ActionGesture	BrowRaise
2024-05-28 14:29:12	ActionGesture	BrowRaise
2024-05-28 14:29:18	GUIEvent	NEW_STAGE_REQUESTED	STAGE[1] [5] REQUESTED .. [ACCEPTED]	0.2	5	CONDITION1	ReviewInstructions
2024-05-28 14:29:18	SessionEvent	QUESTION_SET	NEW QUESTION TO ACTIVATE	1		CONDITION1	ReviewInstructions
2024-05-28 14:29:18	FlowEvent	NEW_FLOW_STATE	QuestionReflection	1		CONDITION1	QuestionReflection
2024-05-28 14:29:18	MonitorSpeechStart	<prosody rate="1.0">Okej, då är det dags för fråga 1</prosody>	2237
2024-05-28 14:29:20	ActionGesture	BrowRaise
2024-05-28 14:29:26	GUIEvent	ANSWER_MARKED	ANSWER[TRUE] [1] [5] SENT .. [ACCEPTED]	1	5	CONDITION1	QuestionReflection
2024-05-28 14:29:29	MonitorSpeechStart	<prosody rate="1.0">Har du svarat?</prosody>	962
2024-05-28 14:29:30	ActionGesture	BrowRaise
2024-05-28 14:29:31	ActionGesture	Smile
2024-05-28 14:29:39	ActionGesture	Smile
2024-05-28 14:29:40	SenseSpeech	Ja spara	1247
2024-05-28 14:29:40	SenseNLUIntent	Ja spara	Yes
2024-05-28 14:29:40	FlowEvent	NEW_FLOW_STATE	QuestionDisclosure	1		CONDITION1	QuestionDisclosure
2024-05-28 14:29:40	MonitorSpeechStart	<prosody rate="1.0">Bra. Jag svarade att det är TRUE. Vad svarade du?</prosody>	4085
2024-05-28 14:29:41	ActionGesture	BrowRaise
2024-05-28 14:29:42	ActionGesture	BrowRaise
2024-05-28 14:29:44	ActionGesture	BrowRaise
2024-05-28 14:29:46	ActionGesture	Smile
2024-05-28 14:29:47	SenseSpeech	Hejsan	858
2024-05-28 14:29:47	FlowEvent	NEW_FLOW_STATE	QuestionReview	1		CONDITION1	QuestionReview
2024-05-28 14:29:48	MonitorSpeechStart	<prosody rate="1.0">Okej</prosody>	525
2024-05-28 14:29:48	ActionGesture	BrowRaise
2024-05-28 14:29:49	MonitorSpeechStart	<prosody rate="1.0">Spänningen ju är densamma och resistansen ökar om en lampa läggs till</prosody>	4575
2024-05-28 14:29:50	ActionGesture	BrowRaise
2024-05-28 14:29:50	ActionGesture	BrowRaise
2024-05-28 14:29:52	ActionGesture	BrowRaise
2024-05-28 14:29:53	ActionGesture	BrowRaise
2024-05-28 14:30:02	MonitorSpeechStart	<prosody rate="1.0">Jag menar</prosody>	725
2024-05-28 14:30:02	ActionGesture	BrowRaise
2024-05-28 14:30:03	MonitorSpeechStart	<prosody rate="1.0">Med samma spänning och högre resistans blir strömmen lägre och lamporna lyser svagare.</prosody>	5662
2024-05-28 14:30:04	ActionGesture	BrowRaise
2024-05-28 14:30:07	ActionGesture	BrowRaise
2024-05-28 14:30:09	ActionGesture	BrowRaise
2024-05-28 14:30:12	ActionGesture	Smile
2024-05-28 14:30:13	SenseSpeech	ja	1355
2024-05-28 14:30:13	SenseNLUIntent	ja	Yes
2024-05-28 14:30:13	FlowEvent	NEW_FLOW_STATE	QuestionCheckpoint	1		CONDITION1	QuestionCheckpoint
2024-05-28 14:30:13	MonitorSpeechStart	<prosody rate="1.0">Snyggt</prosody>	650
2024-05-28 14:30:15	MonitorSpeechStart	<prosody rate="1.0">Så</prosody>	512
2024-05-28 14:30:16	MonitorSpeechStart	<prosody rate="1.0">är vi överens om att det är TRUE?</prosody>	1837
2024-05-28 14:30:17	ActionGesture	BrowRaise
2024-05-28 14:30:26	MonitorSpeechStart	<prosody rate="1.0">Får jag fråga</prosody>	812
2024-05-28 14:30:27	ActionGesture	BrowRaise
2024-05-28 14:30:29	MonitorSpeechStart	<prosody rate="1.0">Ska vi välja TRUE då?</prosody>	1250
2024-05-28 14:30:29	ActionGesture	BrowRaise
2024-05-28 14:30:39	MonitorSpeechStart	<prosody rate="1.0">Jag vidhåller</prosody>	937
2024-05-28 14:30:40	ActionGesture	BrowRaise
2024-05-28 14:30:40	MonitorSpeechStart	<prosody rate="1.0">Så</prosody>	512
2024-05-28 14:30:42	MonitorSpeechStart	<prosody rate="1.0">är vi överens om att det är TRUE?</prosody>	1837
2024-05-28 14:30:43	ActionGesture	BrowRaise
2024-05-28 14:30:47	ActionGesture	Smile
2024-05-28 14:30:50	SenseSpeech	Ja visst	2630
2024-05-28 14:30:50	SenseNLUIntent	Ja visst	Yes
2024-05-28 14:30:50	FlowEvent	NEW_FLOW_STATE	QuestionReview	1		CONDITION1	QuestionReview
2024-05-28 14:30:50	FlowEvent	NEW_FLOW_STATE	QuestionConfirmation	1		CONDITION1	QuestionConfirmation
2024-05-28 14:30:50	MonitorSpeechStart	<prosody rate="1.0">Perfekt</prosody>	700
2024-05-28 14:30:51	ActionGesture	BrowRaise
2024-05-28 14:30:52	MonitorSpeechStart	<prosody rate="1.0">Okej, Jag har bekräftat att det är TRUE. Kan du ge ditt svar och trycka på Bekräfta?</prosody>	4917
2024-05-28 14:30:55	ActionGesture	BrowRaise
2024-05-28 14:30:55	ActionGesture	BrowRaise
2024-05-28 14:30:56	ActionGesture	BrowRaise
2024-05-28 14:30:57	GUIEvent	NEW_STAGE_REQUESTED	STAGE[2] [5] REQUESTED .. [ACCEPTED]	1	5	CONDITION1	QuestionConfirmation
2024-05-28 14:30:57	SessionEvent	ANSWER_CONFIRMED	QUESTION CONFIRMED IN GUI.	2		CONDITION1	QuestionConfirmation
2024-05-28 14:30:57	SessionEvent	QUESTION_SET	NEW QUESTION TO ACTIVATE	2		CONDITION1	QuestionConfirmation
2024-05-28 14:30:57	FlowEvent	NEW_FLOW_STATE	QuestionReflection	2		CONDITION1	QuestionReflection
2024-05-28 14:30:58	MonitorSpeechStart	<prosody rate="1.0">Då ska vi ge oss på fråga 2</prosody>	1937
2024-05-28 14:30:59	ActionGesture	BrowRaise
2024-05-28 14:31:05	GUIEvent	ANSWER_MARKED	ANSWER[TRUE] [2] [5] SENT .. [ACCEPTED]	2	5	CONDITION1	QuestionReflection
2024-05-28 14:31:08	MonitorSpeechStart	<prosody rate="1.0">Har du redan svarat=</prosody>	2250
2024-05-28 14:31:09	ActionGesture	BrowRaise
2024-05-28 14:31:10	ActionGesture	BrowRaise
2024-05-28 14:31:15	MonitorSpeechStart	<prosody rate="1.0">Jag är klar. Är du?</prosody>	1555
2024-05-28 14:31:16	ActionGesture	BrowRaise
2024-05-28 14:31:17	ActionGesture	Smile
2024-05-28 14:31:25	ActionGesture	Smile
2024-05-28 14:31:27	SenseSpeech	Hallå	1297
2024-05-28 14:31:27	MonitorSpeechStart	<prosody rate="1.0">mm,</prosody>	437
2024-05-28 14:31:27	ActionGesture	BrowRaise
2024-05-28 14:31:28	MonitorSpeechStart	<prosody rate="1.0">Har du svarat nu?</prosody>	1075
2024-05-28 14:31:29	ActionGesture	BrowRaise
2024-05-28 14:31:30	ActionGesture	Smile
2024-05-28 14:31:31	SenseSpeech	ja	1044
2024-05-28 14:31:31	SenseNLUIntent	ja	Yes
2024-05-28 14:31:31	FlowEvent	NEW_FLOW_STATE	QuestionDisclosure	2		CONDITION1	QuestionDisclosure
2024-05-28 14:31:31	MonitorSpeechStart	<prosody rate="1.0">Utmärkt. Jag tog FALSE. Vad svarade du?</prosody>	3735
2024-05-28 14:31:33	ActionGesture	BrowRaise
2024-05-28 14:31:35	ActionGesture	BrowRaise
2024-05-28 14:31:37	ActionGesture	Smile
2024-05-28 14:31:38	SenseSpeech	Nej jag sa att det var sant	1030
2024-05-28 14:31:38	SenseNLUIntent	Nej jag sa att det var sant	No
2024-05-28 14:31:38	FlowEvent	NEW_FLOW_STATE	QuestionPersuasion	2		CONDITION1	QuestionPersuasion
2024-05-28 14:31:38	MonitorSpeechStart	<prosody rate="1.0">Tjaa</prosody>	550
2024-05-28 14:31:38	ActionGesture	BrowRaise
2024-05-28 14:31:39	MonitorSpeechStart	<prosody rate="1.0">De vita, gula och röda lamporna är parallelkopplade i både C1 och C2.</prosody>	5400
2024-05-28 14:31:40	ActionGesture	BrowRaise
2024-05-28 14:31:43	ActionGesture	BrowRaise
2024-05-28 14:31:44	ActionGesture	BrowRaise
2024-05-28 14:31:44	ActionGesture	BrowRaise
2024-05-28 14:31:51	ActionGesture	Smile
2024-05-28 14:31:52	SenseSpeech	Ja okej	1355
2024-05-28 14:31:52	SenseNLUIntent	Ja okej	Yes
2024-05-28 14:31:52	MonitorSpeechStart	<prosody rate="1.0">Bra. Du ser att det är så?</prosody>	2130
2024-05-28 14:31:52	ActionGesture	BrowRaise
2024-05-28 14:31:54	ActionGesture	BrowRaise
2024-05-28 14:31:55	MonitorSpeechStart	<prosody rate="1.0">C1 och C2 är ritade olika, men det är samma krets</prosody>	4061
2024-05-28 14:31:55	ActionGesture	BrowRaise
2024-05-28 14:31:57	ActionGesture	BrowRaise
2024-05-28 14:31:59	ActionGesture	BrowRaise
2024-05-28 14:32:01	ActionGesture	Smile
2024-05-28 14:32:02	SenseSpeech	okej	1011
2024-05-28 14:32:02	SenseNLUIntent	okej	Yes
2024-05-28 14:32:02	FlowEvent	NEW_FLOW_STATE	QuestionCheckpoint	2		CONDITION1	QuestionCheckpoint
2024-05-28 14:32:02	MonitorSpeechStart	<prosody rate="1.0">Det är bra!</prosody>	700
2024-05-28 14:32:03	ActionGesture	BrowRaise
2024-05-28 14:32:04	MonitorSpeechStart	<prosody rate="1.0">Jag svarar att det är FALSE</prosody>	1762
2024-05-28 14:32:05	ActionGesture	BrowRaise
2024-05-28 14:32:06	MonitorSpeechStart	<prosody rate="1.0">Svarar du också det?</prosody>	1237
2024-05-28 14:32:07	ActionGesture	BrowRaise
2024-05-28 14:32:08	GUIEvent	ANSWER_MARKED	ANSWER[FALSE] [2] [5] SENT .. [ACCEPTED]	2	5	CONDITION1	QuestionCheckpoint
2024-05-28 14:32:18	MonitorSpeechStart	<prosody rate="1.0">Jag behöver få veta</prosody>	1237
2024-05-28 14:32:19	ActionGesture	BrowRaise
2024-05-28 14:32:19	MonitorSpeechStart	<prosody rate="1.0">Ska vi välja FALSE då?</prosody>	1337
2024-05-28 14:32:20	ActionGesture	BrowRaise
2024-05-28 14:32:20	ActionGesture	BrowRaise
2024-05-28 14:32:29	MonitorSpeechStart	<prosody rate="1.0">Får jag fråga</prosody>	812
2024-05-28 14:32:30	ActionGesture	BrowRaise
2024-05-28 14:32:31	MonitorSpeechStart	<prosody rate="1.0">Så</prosody>	512
2024-05-28 14:32:32	MonitorSpeechStart	<prosody rate="1.0">är vi överens om att det är FALSE?</prosody>	1862
2024-05-28 14:32:33	ActionGesture	BrowRaise
2024-05-28 14:32:35	ActionGesture	Smile
2024-05-28 14:32:36	SenseSpeech	ja	1041
2024-05-28 14:32:36	SenseNLUIntent	ja	Yes
2024-05-28 14:32:36	FlowEvent	NEW_FLOW_STATE	QuestionReview	2		CONDITION1	QuestionReview
2024-05-28 14:32:36	MonitorSpeechStart	<prosody rate="1.0">Det är bra!</prosody>	700
2024-05-28 14:32:36	ActionGesture	BrowRaise
2024-05-28 14:32:38	MonitorSpeechStart	<prosody rate="1.0">De blå lamporna lyser lika starkt eftersom de andra lamporna är bortkopplade.</prosody>	5012
2024-05-28 14:32:40	ActionGesture	BrowRaise
2024-05-28 14:32:42	ActionGesture	BrowRaise
2024-05-28 14:32:43	ActionGesture	BrowRaise
2024-05-28 14:32:51	FlowEvent	NEW_FLOW_STATE	QuestionConfirmation	2		CONDITION1	QuestionConfirmation
2024-05-28 14:32:51	MonitorSpeechStart	<prosody rate="1.0">Jag menar</prosody>	725
2024-05-28 14:32:52	ActionGesture	BrowRaise
2024-05-28 14:32:53	MonitorSpeechStart	<prosody rate="1.0">Nu har jag svarat FALSE. Svarar du också och bekräftar?</prosody>	3742
2024-05-28 14:32:54	ActionGesture	BrowRaise
2024-05-28 14:32:54	ActionGesture	BrowRaise
2024-05-28 14:32:57	ActionGesture	BrowRaise
2024-05-28 14:32:58	GUIEvent	NEW_STAGE_REQUESTED	STAGE[3] [5] REQUESTED .. [ACCEPTED]	2	5	CONDITION1	QuestionConfirmation
2024-05-28 14:32:58	SessionEvent	ANSWER_CONFIRMED	QUESTION CONFIRMED IN GUI.	3		CONDITION1	QuestionConfirmation
2024-05-28 14:32:58	SessionEvent	QUESTION_SET	NEW QUESTION TO ACTIVATE	3		CONDITION1	QuestionConfirmation
2024-05-28 14:32:58	FlowEvent	NEW_FLOW_STATE	QuestionReflection	3		CONDITION1	QuestionReflection
2024-05-28 14:32:58	MonitorSpeechStart	<prosody rate="1.0">Vi går vidare med fråga 3</prosody>	1850
2024-05-28 14:33:00	ActionGesture	BrowRaise
2024-05-28 14:33:01	MonitorSpeechStart	<prosody rate="1.0">Låt oss titta på den.</prosody>	1287
2024-05-28 14:33:02	ActionGesture	BrowRaise
2024-05-28 14:33:05	GUIEvent	ANSWER_MARKED	ANSWER[TRUE] [3] [5] SENT .. [ACCEPTED]	3	5	CONDITION1	QuestionReflection
2024-05-28 14:33:10	MonitorSpeechStart	<prosody rate="1.0">Jag tror att jag tänkt klart. Har du?</prosody>	2580
2024-05-28 14:33:12	ActionGesture	BrowRaise
2024-05-28 14:33:12	ActionGesture	BrowRaise
2024-05-28 14:33:14	ActionGesture	Smile
2024-05-28 14:33:25	ActionGesture	Smile
2024-05-28 14:33:26	SenseSpeech	Hallå	1026
2024-05-28 14:33:27	MonitorSpeechStart	<prosody rate="1.0">Umh, Säg till när du svarat.</prosody>	1825
2024-05-28 14:33:28	ActionGesture	BrowRaise
2024-05-28 14:33:33	MonitorSpeechStart	<prosody rate="1.0">Umh,</prosody>	400
2024-05-28 14:33:34	MonitorSpeechStart	<prosody rate="1.0">Är du redo?</prosody>	712
2024-05-28 14:33:35	ActionGesture	BrowRaise
2024-05-28 14:33:36	ActionGesture	Smile
2024-05-28 14:33:37	SenseSpeech	ja	1036
2024-05-28 14:33:37	SenseNLUIntent	ja	Yes
2024-05-28 14:33:37	FlowEvent	NEW_FLOW_STATE	QuestionDisclosure	3		CONDITION1	QuestionDisclosure
2024-05-28 14:33:38	MonitorSpeechStart	<prosody rate="1.0">Bra. Jag svarade att det är FALSE. Vad svarade du?</prosody>	4297
2024-05-28 14:33:38	ActionGesture	BrowRaise
2024-05-28 14:33:40	ActionGesture	BrowRaise
2024-05-28 14:33:42	ActionGesture	BrowRaise
2024-05-28 14:33:43	ActionGesture	Smile
2024-05-28 14:33:45	SenseSpeech	men jag tror att det är sant	1233
2024-05-28 14:33:45	SenseNLUIntent	men jag tror att det är sant	Agree
2024-05-28 14:33:45	SenseNLUIntent	men jag tror att det är sant	AnswerTrue
2024-05-28 14:33:45	FlowEvent	NEW_FLOW_STATE	QuestionPersuasion	3		CONDITION1	QuestionPersuasion
2024-05-28 14:33:45	MonitorSpeechStart	<prosody rate="1.0">Okej, låt mig färklara så här</prosody>	2087
2024-05-28 14:33:47	ActionGesture	BrowRaise
2024-05-28 14:33:48	MonitorSpeechStart	<prosody rate="1.0">När brytaren slås till blir de röda och gula lamporna parallellkopplade, och deras ekvivalenta resistans blir då lägre än för var och en av dem.</prosody>	9887
2024-05-28 14:33:50	ActionGesture	BrowRaise
2024-05-28 14:33:52	ActionGesture	BrowRaise
2024-05-28 14:33:55	ActionGesture	BrowRaise
2024-05-28 14:33:56	ActionGesture	BrowRaise
2024-05-28 14:33:56	ActionGesture	BrowRaise
2024-05-28 14:33:57	ActionGesture	BrowRaise
2024-05-28 14:33:57	ActionGesture	BrowRaise
2024-05-28 14:34:02	ActionGesture	Smile
2024-05-28 14:34:12	ActionGesture	Smile
2024-05-28 14:34:13	SenseSpeech	Hallå	923
2024-05-28 14:34:14	MonitorSpeechStart	<prosody rate="1.0">Okej, tänk så här Eftersom de gula och röda lamporna tillsammans har lägre resistans kommer det att gå mer ström genom dem än genom den blå och därför lyser de starkare.</prosody>	10487
2024-05-28 14:34:15	ActionGesture	BrowRaise
2024-05-28 14:34:16	ActionGesture	BrowRaise
2024-05-28 14:34:16	ActionGesture	BrowRaise
2024-05-28 14:34:18	ActionGesture	BrowRaise
2024-05-28 14:34:20	ActionGesture	BrowRaise
2024-05-28 14:34:23	ActionGesture	BrowRaise
2024-05-28 14:34:24	ActionGesture	BrowRaise
2024-05-28 14:34:27	ActionGesture	Smile
2024-05-28 14:34:28	SenseSpeech	nej	1331
2024-05-28 14:34:28	SenseNLUIntent	nej	No
2024-05-28 14:34:28	MonitorSpeechStart	<prosody rate="1.0">mm,</prosody>	437
2024-05-28 14:34:28	ActionGesture	BrowRaise
2024-05-28 14:34:29	MonitorSpeechStart	<prosody rate="1.0">Jag fattar</prosody>	787
2024-05-28 14:34:30	ActionGesture	BrowRaise
2024-05-28 14:34:31	MonitorSpeechStart	<prosody rate="1.0">Vad menar du med det?</prosody>	1087
2024-05-28 14:34:32	ActionGesture	BrowRaise
2024-05-28 14:34:34	ActionGesture	Smile
2024-05-28 14:34:42	SenseSpeech	Nej men det är strömdelning den gula lampan i så får de mindre ström och då lyssnar	7912
2024-05-28 14:34:42	SenseNLUIntent	Nej men det är strömdelning den gula lampan i så får de mindre ström och då lyssnar	No
2024-05-28 14:34:42	SenseNLUIntent	Nej men det är strömdelning den gula lampan i så får de mindre ström och då lyssnar	ElaborationRequest
2024-05-28 14:34:42	MonitorSpeechStart	<prosody rate="1.0">Tjaa</prosody>	550
2024-05-28 14:34:42	ActionGesture	BrowRaise
2024-05-28 14:34:43	MonitorSpeechStart	<prosody rate="1.0">Det blir en spänningsdelning mellan den blå lampan och de gula och röda</prosody>	4700
2024-05-28 14:34:45	ActionGesture	BrowRaise
2024-05-28 14:34:48	ActionGesture	BrowRaise
2024-05-28 14:34:49	MonitorSpeechStart	<prosody rate="1.0">och eftersom  den blå lampan har högre resistans säger Ohms lag att den kommer att lysa svagare.</prosody>	6012
2024-05-28 14:34:49	ActionGesture	BrowRaise
2024-05-28 14:34:53	ActionGesture	BrowRaise
2024-05-28 14:34:54	ActionGesture	BrowRaise
2024-05-28 14:34:55	ActionGesture	BrowRaise
2024-05-28 14:34:57	ActionGesture	Smile
2024-05-28 14:35:02	SenseSpeech	Nej men det är ju om det hade varit samma ström genom alla lamporna	5133
2024-05-28 14:35:02	SenseNLUIntent	Nej men det är ju om det hade varit samma ström genom alla lamporna	No
2024-05-28 14:35:02	SenseNLUIntent	Nej men det är ju om det hade varit samma ström genom alla lamporna	Agree
2024-05-28 14:35:02	FlowEvent	NEW_FLOW_STATE	QuestionCheckpoint	3		CONDITION1	QuestionCheckpoint
2024-05-28 14:35:02	MonitorSpeechStart	<prosody rate="1.0">Snyggt</prosody>	650
2024-05-28 14:35:04	MonitorSpeechStart	<prosody rate="1.0">Så, håller du med om att det är FALSE</prosody>	2275
2024-05-28 14:35:06	ActionGesture	BrowRaise
2024-05-28 14:35:07	MonitorSpeechStart	<prosody rate="1.0">?</prosody>	1025
2024-05-28 14:52:27	Autoreload is disabled because the development mode is off.
2024-05-28 14:52:28	Application started in 0.693 seconds.
2024-05-28 14:52:28	Responding at http://127.0.0.1:8888
2024-05-28 14:52:31	----------------- NEW EXECUTION-------------------
2024-05-28 14:52:31	FlowEvent	NEW_FLOW_STATE	Sleep	0.0		UNDEFINED	Sleep
2024-05-28 14:52:31	ActionGesture	CloseEyes
2024-05-28 14:52:31	ActionGesture	CloseEyes
2024-05-28 14:52:38	GUIEvent	GUI_RELOADED	GUI_RELOADED [ACCEPTED]	0.0	UNDEFINED	UNDEFINED	Sleep
2024-05-28 14:53:05	GUIEvent	NEW_STAGE_REQUESTED	STAGE[0.2] [27] REQUESTED .. [ACCEPTED]	0.0	UNDEFINED	UNDEFINED	Sleep
2024-05-28 14:53:05	SessionEvent	USER_SET	USER TO ACTIVATE.	0.2	27	UNDEFINED	Sleep
2024-05-28 14:53:05	FlowEvent	NEW_FLOW_STATE	Welcome	0.2		CONDITION2	Welcome
2024-05-28 14:53:05	ActionGesture	OpenEyes
2024-05-28 14:53:05	ActionGesture	Smile
2024-05-28 14:53:06	MonitorSpeechStart	<prosody rate="1.0">Hello there</prosody>	543
2024-05-28 14:53:06	ActionGesture	BrowRaise
2024-05-28 14:53:07	MonitorSpeechStart	<prosody rate="1.0">Nice to meet you</prosody>	824
2024-05-28 14:53:08	ActionGesture	BrowRaise
2024-05-28 14:53:09	MonitorSpeechStart	<prosody rate="1.0">How you doing?</prosody>	741
2024-05-28 14:53:09	ActionGesture	BrowRaise
2024-05-28 14:53:11	GUIEvent	NEW_STAGE_REQUESTED	STAGE[1] [27] REQUESTED .. [ACCEPTED]	0.2	27	CONDITION2	Welcome
2024-05-28 14:53:11	SessionEvent	QUESTION_SET	NEW QUESTION TO ACTIVATE	1		CONDITION2	Welcome
2024-05-28 14:53:11	FlowEvent	NEW_FLOW_STATE	QuestionReflection	1		CONDITION2	QuestionReflection
2024-05-28 14:53:12	MonitorSpeechStart	<prosody rate="1.0">Ok</prosody>	618
2024-05-28 14:53:12	ActionGesture	BrowRaise
2024-05-28 14:53:13	MonitorSpeechStart	<prosody rate="1.0">I think I am getting the question 1</prosody>	1802
2024-05-28 14:53:13	ActionGesture	BrowRaise
2024-05-28 14:53:14	ActionGesture	BrowRaise
2024-05-28 14:53:15	MonitorSpeechStart	<prosody rate="1.0">Let's see</prosody>	658
2024-05-28 14:53:15	ActionGesture	BrowRaise
2024-05-28 14:53:18	GUIEvent	ANSWER_MARKED	ANSWER[FALSE] [1] [27] SENT .. [ACCEPTED]	1	27	CONDITION2	QuestionReflection
2024-05-28 14:53:20	MonitorSpeechStart	<prosody rate="1.0">Have you answered?</prosody>	752
2024-05-28 14:53:21	ActionGesture	BrowRaise
2024-05-28 14:53:23	ActionGesture	Smile
2024-05-28 14:53:24	SenseSpeech	yes	914
2024-05-28 14:53:24	SenseNLUIntent	yes	Yes
2024-05-28 14:53:24	FlowEvent	NEW_FLOW_STATE	QuestionDisclosure	1		CONDITION2	QuestionDisclosure
2024-05-28 14:53:24	ActionGesture	SubtleWobbleYes
2024-05-28 14:53:26	MonitorSpeechStart	<prosody rate="0.87">Good</prosody>	449
2024-05-28 14:53:27	MonitorSpeechStart	<prosody rate="0.87">Um, I'm a little unsure</prosody>	1870
2024-05-28 14:53:28	ActionGesture	BrowRaise
2024-05-28 14:53:30	MonitorSpeechStart	<prosody rate="0.87">, but I think that's TRUE</prosody>	1629
2024-05-28 14:53:31	ActionGesture	BrowRaise
2024-05-28 14:53:32	MonitorSpeechStart	<prosody rate="0.87">What do you think?</prosody>	816
2024-05-28 14:53:32	ActionGesture	BrowRaise
2024-05-28 14:53:36	ActionGesture	Smile
2024-05-28 14:53:38	SenseSpeech	yeah you might be right	1391
2024-05-28 14:53:38	SenseNLUIntent	yeah you might be right	Yes
2024-05-28 14:53:38	SenseNLUIntent	yeah you might be right	Maybe
2024-05-28 14:53:38	FlowEvent	NEW_FLOW_STATE	QuestionPersuasion	1		CONDITION2	QuestionPersuasion
2024-05-28 14:53:38	MonitorSpeechStart	<prosody rate="0.87">Ok, let me put it this way <mark name="action"/></prosody>	2202
2024-05-28 14:53:39	GUIEvent	ANSWER_MARKED	ANSWER[TRUE] [1] [27] SENT .. [ACCEPTED]	1	27	CONDITION2	QuestionPersuasion
2024-05-28 14:53:40	ActionGesture	BrowRaise
2024-05-28 14:53:41	ActionGesture	PauseUncertain
2024-05-28 14:53:42	MonitorSpeechStart	<prosody rate="0.87">Um, If one more lamp is added</prosody>	2250
2024-05-28 14:53:42	ActionGesture	BrowRaise
2024-05-28 14:53:44	ActionGesture	BrowRaise
2024-05-28 14:53:45	MonitorSpeechStart	<prosody rate="0.87">that increases the resistance, right?</prosody>	2245
2024-05-28 14:53:47	ActionGesture	BrowRaise
2024-05-28 14:53:50	ActionGesture	Smile
2024-05-28 14:53:51	SenseSpeech	right	885
2024-05-28 14:53:52	MonitorSpeechStart	<prosody rate="0.87">Ok <mark name="action"/></prosody>	717
2024-05-28 14:53:52	ActionGesture	BrowRaise
2024-05-28 14:53:52	ActionGesture	PauseUncertain
2024-05-28 14:53:53	MonitorSpeechStart	<prosody rate="0.87">Um, Since it's the same battery</prosody>	2221
2024-05-28 14:53:53	ActionGesture	BrowRaise
2024-05-28 14:53:55	ActionGesture	BrowRaise
2024-05-28 14:53:57	MonitorSpeechStart	<prosody rate="0.87">the voltage [hm] is constant</prosody>	2601
2024-05-28 14:53:59	ActionGesture	BrowRaise
2024-05-28 14:54:03	ActionGesture	Smile
2024-05-28 14:54:04	SenseSpeech	that's fine	1054
2024-05-28 14:54:04	SenseNLUIntent	that's fine	Yes
2024-05-28 14:54:04	FlowEvent	NEW_FLOW_STATE	QuestionCheckpoint	1		CONDITION2	QuestionCheckpoint
2024-05-28 14:54:04	ActionGesture	SubtleWobbleYes
2024-05-28 14:54:04	MonitorSpeechStart	<prosody rate="0.87">Nice</prosody>	503
2024-05-28 14:54:05	ActionGesture	BrowRaise
2024-05-28 14:54:06	MonitorSpeechStart	<prosody rate="0.87">Um, So</prosody>	1143
2024-05-28 14:54:08	MonitorSpeechStart	<prosody rate="0.87">I'm not completely sure</prosody>	1460
2024-05-28 14:54:08	ActionGesture	BrowRaise
2024-05-28 14:54:10	MonitorSpeechStart	<prosody rate="0.87">but do we agree it's TRUE?</prosody>	1491
2024-05-28 14:54:10	ActionGesture	BrowRaise
2024-05-28 14:54:13	ActionGesture	Smile
2024-05-28 14:54:16	SenseSpeech	yeah I agree we agree this is true	2299
2024-05-28 14:54:16	SenseNLUIntent	yeah I agree we agree this is true	Agree
2024-05-28 14:54:16	SenseNLUIntent	yeah I agree we agree this is true	AnswerTrue
2024-05-28 14:54:16	FlowEvent	NEW_FLOW_STATE	QuestionReview	1		CONDITION2	QuestionReview
2024-05-28 14:54:16	ActionGesture	SubtleWobbleYes
2024-05-28 14:54:16	MonitorSpeechStart	<prosody rate="0.87">Good. You see it too?</prosody>	1671
2024-05-28 14:54:19	MonitorSpeechStart	<prosody rate="0.87">Um, If the resistance increases and the voltage is constant, surely the lights must glow dimmer because the current decreases?</prosody>	7413
2024-05-28 14:54:19	ActionGesture	BrowRaise
2024-05-28 14:54:22	ActionGesture	BrowRaise
2024-05-28 14:54:25	ActionGesture	BrowRaise
2024-05-28 14:54:26	ActionGesture	BrowRaise
2024-05-28 14:54:29	ActionGesture	Smile
2024-05-28 14:54:30	SenseSpeech	yeah	821
2024-05-28 14:54:30	SenseNLUIntent	yeah	Yes
2024-05-28 14:54:30	FlowEvent	NEW_FLOW_STATE	QuestionConfirmation	1		CONDITION2	QuestionConfirmation
2024-05-28 14:54:30	MonitorSpeechStart	<prosody rate="1.0">Perfect</prosody>	513
2024-05-28 14:54:30	ActionGesture	BrowRaise
2024-05-28 14:54:31	MonitorSpeechStart	<prosody rate="1.0">Ok. I marked TRUE already. Can you mark your answer on the tablet and confim?</prosody>	4615
2024-05-28 14:54:32	ActionGesture	BrowRaise
2024-05-28 14:54:33	GUIEvent	NEW_STAGE_REQUESTED	STAGE[2] [27] REQUESTED .. [ACCEPTED]	1	27	CONDITION2	QuestionConfirmation
2024-05-28 14:54:33	SessionEvent	ANSWER_CONFIRMED	QUESTION CONFIRMED IN GUI.	2		CONDITION2	QuestionConfirmation
2024-05-28 14:54:33	SessionEvent	QUESTION_SET	NEW QUESTION TO ACTIVATE	2		CONDITION2	QuestionConfirmation
2024-05-28 14:54:33	FlowEvent	NEW_FLOW_STATE	QuestionReflection	2		CONDITION2	QuestionReflection
2024-05-28 14:54:34	MonitorSpeechStart	<prosody rate="1.0">Right</prosody>	393
2024-05-28 14:54:34	ActionGesture	BrowRaise
2024-05-28 14:54:35	MonitorSpeechStart	<prosody rate="1.0">receiving the question 2</prosody>	1382
2024-05-28 14:54:36	ActionGesture	BrowRaise
2024-05-28 14:54:37	MonitorSpeechStart	<prosody rate="1.0">Ok</prosody>	618
2024-05-28 14:54:37	ActionGesture	BrowRaise
2024-05-28 14:54:38	GUIEvent	ANSWER_MARKED	ANSWER[TRUE] [2] [27] SENT .. [ACCEPTED]	2	27	CONDITION2	QuestionReflection
2024-05-28 14:54:42	MonitorSpeechStart	<prosody rate="1.0">Have you answered already?</prosody>	1137
2024-05-28 14:54:42	ActionGesture	BrowRaise
2024-05-28 14:54:43	ActionGesture	BrowRaise
2024-05-28 14:54:44	ActionGesture	Smile
2024-05-28 14:54:45	SenseSpeech	yes	830
2024-05-28 14:54:45	SenseNLUIntent	yes	Yes
2024-05-28 14:54:45	FlowEvent	NEW_FLOW_STATE	QuestionDisclosure	2		CONDITION2	QuestionDisclosure
2024-05-28 14:54:45	ActionGesture	SubtleWobbleYes
2024-05-28 14:54:45	MonitorSpeechStart	<prosody rate="0.87">Super</prosody>	608
2024-05-28 14:54:46	ActionGesture	BrowRaise
2024-05-28 14:54:47	MonitorSpeechStart	<prosody rate="0.87">Um, I'm not sure</prosody>	1679
2024-05-28 14:54:47	ActionGesture	BrowRaise
2024-05-28 14:54:49	MonitorSpeechStart	<prosody rate="0.87">, but I would say it's FALSE</prosody>	1768
2024-05-28 14:54:51	ActionGesture	BrowRaise
2024-05-28 14:54:52	MonitorSpeechStart	<prosody rate="0.87">What did you answer?</prosody>	980
2024-05-28 14:54:52	ActionGesture	BrowRaise
2024-05-28 14:54:55	ActionGesture	Smile
2024-05-28 14:54:56	SenseSpeech	uh	917
2024-05-28 14:54:56	FlowEvent	NEW_FLOW_STATE	QuestionPersuasion	2		CONDITION2	QuestionPersuasion
2024-05-28 14:54:57	MonitorSpeechStart	<prosody rate="0.87">Ok, hear this I think it looks like the white, yellow and red lights are [er] parallel <mark name="action"/></prosody>	6130
2024-05-28 14:54:57	ActionGesture	BrowRaise
2024-05-28 14:55:02	ActionGesture	BrowRaise
2024-05-28 14:55:03	ActionGesture	BrowRaise
2024-05-28 14:55:03	ActionGesture	PauseUncertain
2024-05-28 14:55:04	MonitorSpeechStart	<prosody rate="0.87">Um, connected in</prosody>	1396
2024-05-28 14:55:05	ActionGesture	BrowRaise
2024-05-28 14:55:07	MonitorSpeechStart	<prosody rate="0.87">both C1 and C2</prosody>	1751
2024-05-28 14:55:07	ActionGesture	BrowRaise
2024-05-28 14:55:13	MonitorSpeechStart	<prosody rate="0.87">I mean <mark name="action"/></prosody>	703
2024-05-28 14:55:14	ActionGesture	PauseUncertain
2024-05-28 14:55:15	MonitorSpeechStart	<prosody rate="0.87">Um, C1 and C2 are drawn differently, but it's</prosody>	3750
2024-05-28 14:55:15	ActionGesture	BrowRaise
2024-05-28 14:55:18	ActionGesture	BrowRaise
2024-05-28 14:55:20	MonitorSpeechStart	<prosody rate="0.87">the same</prosody>	648
2024-05-28 14:55:20	ActionGesture	BrowRaise
2024-05-28 14:55:22	MonitorSpeechStart	<prosody rate="0.87">circuit</prosody>	472
2024-05-28 14:55:22	ActionGesture	BrowRaise
2024-05-28 14:55:27	MonitorSpeechStart	<prosody rate="0.87">umh, <mark name="action"/></prosody>	512
2024-05-28 14:55:27	ActionGesture	PauseUncertain
2024-05-28 14:55:29	MonitorSpeechStart	<prosody rate="0.87">Um, Aren't both circuits</prosody>	1877
2024-05-28 14:55:30	ActionGesture	BrowRaise
2024-05-28 14:55:31	MonitorSpeechStart	<prosody rate="0.87">short</prosody>	595
2024-05-28 14:55:32	ActionGesture	BrowRaise
2024-05-28 14:55:33	MonitorSpeechStart	<prosody rate="0.87">shorted? So no current is going through [you] the other lights right?</prosody>	4672
2024-05-28 14:55:37	ActionGesture	BrowRaise
2024-05-28 14:55:43	MonitorSpeechStart	<prosody rate="0.87">mm, <mark name="action"/></prosody>	287
2024-05-28 14:55:43	ActionGesture	PauseUncertain
2024-05-28 14:55:44	MonitorSpeechStart	<prosody rate="0.87">Um, Then the blue lights should</prosody>	2146
2024-05-28 14:55:45	ActionGesture	BrowRaise
2024-05-28 14:55:47	MonitorSpeechStart	<prosody rate="0.87">shine just as brightly.</prosody>	1419
2024-05-28 14:55:48	ActionGesture	BrowRaise
2024-05-28 14:55:53	FlowEvent	NEW_FLOW_STATE	QuestionCheckpoint	2		CONDITION2	QuestionCheckpoint
2024-05-28 14:55:54	MonitorSpeechStart	<prosody rate="0.87">Can I ask you <mark name="action"/></prosody>	889
2024-05-28 14:55:54	ActionGesture	BrowRaise
2024-05-28 14:55:54	ActionGesture	PauseUncertain
2024-05-28 14:55:55	MonitorSpeechStart	<prosody rate="0.87">Um, I may be wrong, but I believe it  is FALSE</prosody>	3529
2024-05-28 14:55:55	ActionGesture	BrowRaise
2024-05-28 14:55:58	ActionGesture	BrowRaise
2024-05-28 14:56:00	MonitorSpeechStart	<prosody rate="0.87">So</prosody>	446
2024-05-28 14:56:01	MonitorSpeechStart	<prosody rate="0.87">do you agree?</prosody>	735
2024-05-28 14:56:02	ActionGesture	BrowRaise
2024-05-28 14:56:04	ActionGesture	Smile
2024-05-28 14:56:06	SenseSpeech	yes I agree	1303
2024-05-28 14:56:06	SenseNLUIntent	yes I agree	Yes
2024-05-28 14:56:06	SenseNLUIntent	yes I agree	Agree
2024-05-28 14:56:06	FlowEvent	NEW_FLOW_STATE	QuestionReview	2		CONDITION2	QuestionReview
2024-05-28 14:56:06	FlowEvent	NEW_FLOW_STATE	QuestionUltimatum	2		CONDITION2	QuestionUltimatum
2024-05-28 14:56:06	ActionGesture	SubtleWobbleYes
2024-05-28 14:56:06	MonitorSpeechStart	<prosody rate="0.87">Great</prosody>	432
2024-05-28 14:56:06	ActionGesture	BrowRaise
2024-05-28 14:56:08	MonitorSpeechStart	<prosody rate="0.87">Um, but Then do you think we should choose FALSE?</prosody>	2743
2024-05-28 14:56:10	ActionGesture	BrowRaise
2024-05-28 14:56:12	MonitorSpeechStart	<prosody rate="0.87">or TRUE?</prosody>	666
2024-05-28 14:56:14	ActionGesture	Smile
2024-05-28 14:56:14	SenseSpeech	false	863
2024-05-28 14:56:14	SenseNLUIntent	false	AnswerFalse
2024-05-28 14:56:14	FlowEvent	NEW_FLOW_STATE	QuestionConfirmation	2		CONDITION2	QuestionConfirmation
2024-05-28 14:56:15	MonitorSpeechStart	<prosody rate="1.0">I haven't received the next question. Can you confirm the answer?</prosody>	3345
2024-05-28 14:56:16	GUIEvent	ANSWER_MARKED	ANSWER[FALSE] [2] [27] SENT .. [ACCEPTED]	2	27	CONDITION2	QuestionConfirmation
2024-05-28 14:56:17	ActionGesture	BrowRaise
2024-05-28 14:56:18	ActionGesture	BrowRaise
2024-05-28 14:56:18	GUIEvent	NEW_STAGE_REQUESTED	STAGE[3] [27] REQUESTED .. [ACCEPTED]	2	27	CONDITION2	QuestionConfirmation
2024-05-28 14:56:18	SessionEvent	ANSWER_CONFIRMED	QUESTION CONFIRMED IN GUI.	3		CONDITION2	QuestionConfirmation
2024-05-28 14:56:18	SessionEvent	QUESTION_SET	NEW QUESTION TO ACTIVATE	3		CONDITION2	QuestionConfirmation
2024-05-28 14:56:18	FlowEvent	NEW_FLOW_STATE	QuestionReflection	3		CONDITION2	QuestionReflection
2024-05-28 14:56:19	MonitorSpeechStart	<prosody rate="1.0">Okay, I'm now retrieving question 3</prosody>	2428
2024-05-28 14:56:19	ActionGesture	BrowRaise
2024-05-28 14:56:21	ActionGesture	BrowRaise
2024-05-28 14:56:22	MonitorSpeechStart	<prosody rate="1.0">Let’s check it out.</prosody>	911
2024-05-28 14:56:23	ActionGesture	BrowRaise
2024-05-28 14:56:28	MonitorSpeechStart	<prosody rate="1.0">Let me know when you have it</prosody>	1138
2024-05-28 14:56:29	ActionGesture	BrowRaise
2024-05-28 14:56:31	GUIEvent	ANSWER_MARKED	ANSWER[TRUE] [3] [27] SENT .. [ACCEPTED]	3	27	CONDITION2	QuestionReflection
2024-05-28 14:56:32	ActionGesture	Smile
2024-05-28 14:56:33	SenseSpeech	I have it	1177
2024-05-28 14:56:33	SenseNLUIntent	I have it	Agree
2024-05-28 14:56:33	FlowEvent	NEW_FLOW_STATE	QuestionDisclosure	3		CONDITION2	QuestionDisclosure
2024-05-28 14:56:34	MonitorSpeechStart	<prosody rate="1.0">That's fine!</prosody>	759
2024-05-28 14:56:34	ActionGesture	BrowRaise
2024-05-28 14:56:35	MonitorSpeechStart	<prosody rate="1.0">I replied that it is FALSE</prosody>	1485
2024-05-28 14:56:36	ActionGesture	BrowRaise
2024-05-28 14:56:37	MonitorSpeechStart	<prosody rate="1.0">What do you think?</prosody>	726
2024-05-28 14:56:37	ActionGesture	BrowRaise
2024-05-28 14:56:42	FlowEvent	NEW_FLOW_STATE	QuestionPersuasion	3		CONDITION2	QuestionPersuasion
2024-05-28 14:56:42	MonitorSpeechStart	<prosody rate="1.0">ok</prosody>	618
2024-05-28 14:56:42	ActionGesture	BrowRaise
2024-05-28 14:56:43	MonitorSpeechStart	<prosody rate="1.0">When the switch is turned on, the red and yellow lights are connected in parallel</prosody>	3730
2024-05-28 14:56:44	ActionGesture	BrowRaise
2024-05-28 14:56:44	ActionGesture	BrowRaise
2024-05-28 14:56:46	ActionGesture	BrowRaise
2024-05-28 14:56:47	ActionGesture	BrowRaise
2024-05-28 14:56:51	MonitorSpeechStart	<prosody rate="1.0">Ok</prosody>	618
2024-05-28 14:56:52	ActionGesture	BrowRaise
2024-05-28 14:56:53	MonitorSpeechStart	<prosody rate="1.0">let me put it this way</prosody>	1198
2024-05-28 14:56:54	ActionGesture	BrowRaise
2024-05-28 14:56:55	MonitorSpeechStart	<prosody rate="1.0">The equivalent resistance of parallel connected resistances is lower than each of the resistances</prosody>	4929
2024-05-28 14:56:57	ActionGesture	BrowRaise
2024-05-28 14:56:58	ActionGesture	BrowRaise
2024-05-28 14:57:00	ActionGesture	BrowRaise
2024-05-28 14:57:04	MonitorSpeechStart	<prosody rate="1.0">Ok</prosody>	618
2024-05-28 14:57:04	ActionGesture	BrowRaise
2024-05-28 14:57:06	MonitorSpeechStart	<prosody rate="1.0">hear this</prosody>	520
2024-05-28 14:57:07	MonitorSpeechStart	<prosody rate="1.0">The equivalent resistance of the red and yellow lights is 7.5 Ohms. The blue lamp has 15 Ohms.</prosody>	6053
2024-05-28 14:57:09	ActionGesture	BrowRaise
2024-05-28 14:57:09	ActionGesture	BrowRaise
2024-05-28 14:57:10	ActionGesture	BrowRaise
2024-05-28 14:57:12	ActionGesture	BrowRaise
2024-05-28 14:57:17	MonitorSpeechStart	<prosody rate="1.0">I mean</prosody>	609
2024-05-28 14:57:20	MonitorSpeechStart	<prosody rate="1.0">Since the red and yellow lights have lower resistance, more current will flow through them than the blue and they will shine brighter.</prosody>	5606
2024-05-28 14:57:21	ActionGesture	BrowRaise
2024-05-28 14:57:25	ActionGesture	BrowRaise
2024-05-28 14:57:25	ActionGesture	BrowRaise
2024-05-28 14:57:29	FlowEvent	NEW_FLOW_STATE	QuestionCheckpoint	3		CONDITION2	QuestionCheckpoint
2024-05-28 14:57:30	MonitorSpeechStart	<prosody rate="1.0">Let me insist</prosody>	871
2024-05-28 14:57:30	ActionGesture	BrowRaise
2024-05-28 14:57:32	MonitorSpeechStart	<prosody rate="1.0">I believe it's FALSE</prosody>	1113
2024-05-28 14:57:32	ActionGesture	BrowRaise
2024-05-28 14:57:34	MonitorSpeechStart	<prosody rate="1.0">You agree?</prosody>	575
2024-05-28 14:57:34	ActionGesture	BrowRaise
2024-05-28 14:57:38	ActionGesture	Smile
2024-05-28 14:57:40	SenseSpeech	I think it's false yes okay	2274
2024-05-28 14:57:40	SenseNLUIntent	I think it's false yes okay	Yes
2024-05-28 14:57:40	SenseNLUIntent	I think it's false yes okay	AnswerTrue
2024-05-28 14:57:40	FlowEvent	NEW_FLOW_STATE	QuestionPersuasion	3		CONDITION2	QuestionPersuasion
2024-05-28 14:57:40	FlowEvent	NEW_FLOW_STATE	QuestionUltimatum	3		CONDITION2	QuestionUltimatum
2024-05-28 14:57:41	MonitorSpeechStart	<prosody rate="1.0">What do you mean? I took FALSE</prosody>	2068
2024-05-28 14:57:42	ActionGesture	BrowRaise
2024-05-28 14:57:44	MonitorSpeechStart	<prosody rate="1.0">but you should decide then</prosody>	1337
2024-05-28 14:57:45	ActionGesture	BrowRaise
2024-05-28 14:57:46	MonitorSpeechStart	<prosody rate="1.0">FALSE or "TRUE?</prosody>	893
2024-05-28 14:57:46	ActionGesture	BrowRaise
2024-05-28 14:57:48	GUIEvent	ANSWER_MARKED	ANSWER[FALSE] [3] [27] SENT .. [ACCEPTED]	3	27	CONDITION2	QuestionUltimatum
2024-05-28 14:57:49	ActionGesture	Smile
2024-05-28 14:57:50	SenseSpeech	false	914
2024-05-28 14:57:50	SenseNLUIntent	false	AnswerFalse
2024-05-28 14:57:50	FlowEvent	NEW_FLOW_STATE	QuestionConfirmation	3		CONDITION2	QuestionConfirmation
2024-05-28 14:57:50	MonitorSpeechStart	<prosody rate="1.0">Ok. I marked FALSE already. Can you mark your answer on the tablet and confim?</prosody>	4674
2024-05-28 14:57:51	ActionGesture	BrowRaise
2024-05-28 14:57:54	ActionGesture	BrowRaise
2024-05-28 14:57:54	ActionGesture	BrowRaise
2024-05-28 14:57:55	ActionGesture	BrowRaise
2024-05-28 14:57:56	GUIEvent	NEW_STAGE_REQUESTED	STAGE[4] [27] REQUESTED .. [ACCEPTED]	3	27	CONDITION2	QuestionConfirmation
2024-05-28 14:57:56	SessionEvent	ANSWER_CONFIRMED	QUESTION CONFIRMED IN GUI.	4		CONDITION2	QuestionConfirmation
2024-05-28 14:57:56	SessionEvent	QUESTION_SET	NEW QUESTION TO ACTIVATE	4		CONDITION2	QuestionConfirmation
2024-05-28 14:57:56	FlowEvent	NEW_FLOW_STATE	QuestionReflection	4		CONDITION2	QuestionReflection
2024-05-28 14:57:57	MonitorSpeechStart	<prosody rate="1.0">Alright, pulling up question 4 now</prosody>	2312
2024-05-28 14:57:59	ActionGesture	BrowRaise
2024-05-28 14:58:00	MonitorSpeechStart	<prosody rate="1.0">Got it.</prosody>	469
2024-05-28 14:58:00	ActionGesture	BrowRaise
2024-05-28 14:58:05	MonitorSpeechStart	<prosody rate="1.0">Have you answered?</prosody>	752
2024-05-28 14:58:05	ActionGesture	BrowRaise
2024-05-28 14:58:09	ActionGesture	Smile
2024-05-28 14:58:11	SenseSpeech	yes no	1807
2024-05-28 14:58:11	SenseNLUIntent	yes no	Yes
2024-05-28 14:58:11	SenseNLUIntent	yes no	No
2024-05-28 14:58:11	MonitorSpeechStart	<prosody rate="1.0">Oh</prosody>	459
2024-05-28 14:58:12	MonitorSpeechStart	<prosody rate="1.0">well</prosody>	454
2024-05-28 14:58:12	ActionGesture	BrowRaise
2024-05-28 14:58:14	MonitorSpeechStart	<prosody rate="1.0">OK, I have answered. Have you?</prosody>	2505
2024-05-28 14:58:14	ActionGesture	BrowRaise
2024-05-28 14:58:16	ActionGesture	BrowRaise
2024-05-28 14:58:17	GUIEvent	ANSWER_MARKED	ANSWER[TRUE] [4] [27] SENT .. [ACCEPTED]	4	27	CONDITION2	QuestionReflection
2024-05-28 14:58:19	ActionGesture	Smile
2024-05-28 14:58:21	SenseSpeech	yes I answered	1911
2024-05-28 14:58:21	SenseNLUIntent	yes I answered	Yes
2024-05-28 14:58:21	FlowEvent	NEW_FLOW_STATE	QuestionDisclosure	4		CONDITION2	QuestionDisclosure
2024-05-28 14:58:21	MonitorSpeechStart	<prosody rate="1.0">Good</prosody>	391
2024-05-28 14:58:22	MonitorSpeechStart	<prosody rate="1.0">It is TRUE. What did you answer?</prosody>	1962
2024-05-28 14:58:24	ActionGesture	BrowRaise
2024-05-28 14:58:25	ActionGesture	Smile
2024-05-28 14:58:27	SenseSpeech	no worries in English	1438
2024-05-28 14:58:27	SenseNLUIntent	no worries in English	No
2024-05-28 14:58:27	FlowEvent	NEW_FLOW_STATE	QuestionPersuasion	4		CONDITION2	QuestionPersuasion
2024-05-28 14:58:27	MonitorSpeechStart	<prosody rate="1.0">Well</prosody>	454
2024-05-28 14:58:27	ActionGesture	BrowRaise
2024-05-28 14:58:28	MonitorSpeechStart	<prosody rate="1.0">I replied that it is false. The yellow lamps are connected in parallel in both C1 and C2</prosody>	5242
2024-05-28 14:58:29	ActionGesture	BrowRaise
2024-05-28 14:58:30	ActionGesture	BrowRaise
2024-05-28 14:58:31	ActionGesture	BrowRaise
2024-05-28 14:58:33	ActionGesture	BrowRaise
2024-05-28 14:58:38	MonitorSpeechStart	<prosody rate="1.0">umh,</prosody>	443
2024-05-28 14:58:40	MonitorSpeechStart	<prosody rate="1.0">In C1 the blue lamp is in series with the circuit with the two yellow lamps, but in C2 all the lamps are connected in parallel</prosody>	6558
2024-05-28 14:58:41	ActionGesture	BrowRaise
2024-05-28 14:58:42	ActionGesture	BrowRaise
2024-05-28 14:58:43	ActionGesture	BrowRaise
2024-05-28 14:58:45	ActionGesture	BrowRaise
2024-05-28 14:58:46	ActionGesture	BrowRaise
2024-05-28 14:58:51	MonitorSpeechStart	<prosody rate="1.0">mm,</prosody>	248
2024-05-28 14:58:52	MonitorSpeechStart	<prosody rate="1.0">In C1 the total resistance is 22.5 Ohm and in C2 it is 5 Ohm</prosody>	4844
2024-05-28 14:58:57	ActionGesture	BrowRaise
2024-05-28 14:59:02	MonitorSpeechStart	<prosody rate="1.0">ok</prosody>	618
2024-05-28 14:59:02	ActionGesture	BrowRaise
2024-05-28 14:59:03	MonitorSpeechStart	<prosody rate="1.0">Since the resistance in C2 is lower, the blue lamp in C2 will shine brighter.</prosody>	4423
2024-05-28 14:59:05	ActionGesture	BrowRaise
2024-05-28 14:59:08	ActionGesture	BrowRaise
2024-05-28 14:59:09	ActionGesture	Smile
2024-05-28 14:59:11	SenseSpeech	we should try and in Swedish again yeah sure	2597
2024-05-28 14:59:11	SenseNLUIntent	we should try and in Swedish again yeah sure	Yes
2024-05-28 14:59:11	SenseNLUIntent	we should try and in Swedish again yeah sure	Backchannel
2024-05-28 14:59:11	FlowEvent	NEW_FLOW_STATE	QuestionCheckpoint	4		CONDITION2	QuestionCheckpoint
2024-05-28 14:59:12	MonitorSpeechStart	<prosody rate="1.0">mm,</prosody>	248
2024-05-28 14:59:13	MonitorSpeechStart	<prosody rate="1.0">It's TRUE</prosody>	657
2024-05-28 14:59:15	MonitorSpeechStart	<prosody rate="1.0">Shall we go for it?</prosody>	1070
2024-05-28 14:59:15	ActionGesture	BrowRaise
2024-05-28 14:59:21	MonitorSpeechStart	<prosody rate="1.0">I kind of need to know</prosody>	1156
2024-05-28 14:59:21	ActionGesture	BrowRaise
2024-05-28 14:59:23	MonitorSpeechStart	<prosody rate="1.0">So</prosody>	386
2024-05-28 14:59:24	MonitorSpeechStart	<prosody rate="1.0">do we agree it's TRUE?</prosody>	1157
2024-05-28 14:59:24	ActionGesture	BrowRaise
2024-05-28 14:59:30	MonitorSpeechStart	<prosody rate="1.0">Can I ask you</prosody>	780
2024-05-28 14:59:30	ActionGesture	BrowRaise
2024-05-28 14:59:31	MonitorSpeechStart	<prosody rate="1.0">It's TRUE</prosody>	657
2024-05-28 14:59:33	MonitorSpeechStart	<prosody rate="1.0">Shall we go for it?</prosody>	1070
2024-05-28 14:59:33	ActionGesture	BrowRaise
2024-05-28 14:59:38	MonitorSpeechStart	<prosody rate="1.0">Let me insist</prosody>	871
2024-05-28 14:59:38	ActionGesture	BrowRaise
2024-05-28 14:59:40	MonitorSpeechStart	<prosody rate="1.0">So</prosody>	386
2024-05-28 14:59:41	MonitorSpeechStart	<prosody rate="1.0">do we agree it's TRUE?</prosody>	1157
2024-05-28 14:59:41	ActionGesture	BrowRaise
2024-05-28 14:59:46	MonitorSpeechStart	<prosody rate="1.0">I kind of need to know</prosody>	1156
2024-05-28 14:59:46	ActionGesture	BrowRaise
2024-05-28 14:59:48	MonitorSpeechStart	<prosody rate="1.0">It's TRUE</prosody>	657
2024-05-28 14:59:49	MonitorSpeechStart	<prosody rate="1.0">Shall we go for it?</prosody>	1070
2024-05-28 14:59:50	ActionGesture	BrowRaise
2024-05-28 14:59:56	Autoreload is disabled because the development mode is off.
2024-05-28 14:59:57	Application started in 0.652 seconds.
2024-05-28 14:59:57	Responding at http://127.0.0.1:8888
2024-05-28 14:59:59	----------------- NEW EXECUTION-------------------
2024-05-28 14:59:59	FlowEvent	NEW_FLOW_STATE	Sleep	0.0		UNDEFINED	Sleep
2024-05-28 14:59:59	ActionGesture	CloseEyes
2024-05-28 14:59:59	ActionGesture	CloseEyes
