2024-05-15 17:02:01	Autoreload is disabled because the development mode is off.
2024-05-15 17:02:02	Application started in 0.708 seconds.
2024-05-15 17:02:02	Responding at http://127.0.0.1:8888
2024-05-15 17:02:05	----------------- NEW EXECUTION-------------------
2024-05-15 17:02:05	ActionGesture	CloseEyes
2024-05-15 17:02:09	GUIEvent	GUI_RELOADED	GUI_RELOADED [ACCEPTED]	0.0	UNDEFINED	UNDEFINED	Init
2024-05-15 17:02:09	GUIEvent	SYNCH_REQUESTED	SYNCH REQUESTED .. [ACCEPTED]	0.0	UNDEFINED	UNDEFINED	Init
2024-05-15 17:02:12	GUIEvent	NEW_STAGE_REQUESTED	STAGE[0.2] [21] REQUESTED .. [ACCEPTED]	0.0	UNDEFINED	UNDEFINED	Init
2024-05-15 17:02:12	SessionEvent	USER_SET	USER TO ACTIVATE.	0.2	21	UNDEFINED	Init
2024-05-15 17:02:12	ActionGesture	OpenEyes
2024-05-15 17:02:12	ActionGesture	Smile
2024-05-15 17:02:12	MonitorSpeechStart	Oh, hello there	1105
2024-05-15 17:02:13	ActionGesture	BrowRaise
2024-05-15 17:02:14	ActionGesture	BigSmile
2024-05-15 17:02:14	MonitorSpeechStart	Nice to meet you.	824
2024-05-15 17:02:14	ActionGesture	BrowRaise
2024-05-15 17:02:16	MonitorSpeechStart	How you doing?	741
2024-05-15 17:02:16	ActionGesture	BrowRaise
2024-05-15 17:02:18	GUIEvent	NEW_STAGE_REQUESTED	STAGE[1] [21] REQUESTED .. [ACCEPTED]	0.2	21	CONDITION2	Init
2024-05-15 17:02:18	SessionEvent	QUESTION_SET	NEW QUESTION TO ACTIVATE	1		CONDITION2	Init
2024-05-15 17:08:12	Autoreload is disabled because the development mode is off.
2024-05-15 17:08:13	Application started in 0.527 seconds.
2024-05-15 17:08:13	Responding at http://127.0.0.1:8888
2024-05-15 17:08:14	----------------- NEW EXECUTION-------------------
2024-05-15 17:08:14	ActionGesture	CloseEyes
2024-05-15 17:08:16	GUIEvent	GUI_RELOADED	GUI_RELOADED [ACCEPTED]	0.0	UNDEFINED	UNDEFINED	Init
2024-05-15 17:08:16	GUIEvent	SYNCH_REQUESTED	SYNCH REQUESTED .. [ACCEPTED]	0.0	UNDEFINED	UNDEFINED	Init
2024-05-15 17:08:17	GUIEvent	NEW_STAGE_REQUESTED	STAGE[0.2] [12] REQUESTED .. [ACCEPTED]	0.0	UNDEFINED	UNDEFINED	Init
2024-05-15 17:08:17	SessionEvent	USER_SET	USER TO ACTIVATE.	0.2	12	UNDEFINED	Init
2024-05-15 17:08:17	ActionGesture	OpenEyes
2024-05-15 17:08:17	ActionGesture	Smile
2024-05-15 17:08:17	MonitorSpeechStart	Hi there	477
2024-05-15 17:08:18	ActionGesture	BrowRaise
2024-05-15 17:08:19	ActionGesture	BigSmile
2024-05-15 17:08:19	MonitorSpeechStart	Nice to meet you.	824
2024-05-15 17:08:19	ActionGesture	BrowRaise
2024-05-15 17:08:21	MonitorSpeechStart	How you doing?	741
2024-05-15 17:08:21	ActionGesture	BrowRaise
2024-05-15 17:08:22	GUIEvent	NEW_STAGE_REQUESTED	STAGE[1] [12] REQUESTED .. [ACCEPTED]	0.2	12	CONDITION1	Init
2024-05-15 17:08:22	SessionEvent	QUESTION_SET	NEW QUESTION TO ACTIVATE	1		CONDITION1	Init
2024-05-15 17:08:23	MonitorSpeechStart	Ok #QNUM#. Let's see	2658
2024-05-15 17:08:24	ActionGesture	BrowRaise
2024-05-15 17:08:25	ActionGesture	BrowRaise
2024-05-15 17:08:28	ActionGesture	Smile
2024-05-15 17:14:12	Autoreload is disabled because the development mode is off.
2024-05-15 17:14:12	Application started in 0.507 seconds.
2024-05-15 17:14:12	Responding at http://127.0.0.1:8888
2024-05-15 17:14:14	----------------- NEW EXECUTION-------------------
2024-05-15 17:14:14	ActionGesture	CloseEyes
2024-05-15 17:14:17	GUIEvent	GUI_RELOADED	GUI_RELOADED [ACCEPTED]	0.0	UNDEFINED	UNDEFINED	Init
2024-05-15 17:14:17	GUIEvent	SYNCH_REQUESTED	SYNCH REQUESTED .. [ACCEPTED]	0.0	UNDEFINED	UNDEFINED	Init
2024-05-15 17:14:19	GUIEvent	NEW_STAGE_REQUESTED	STAGE[0.2] [30] REQUESTED .. [ACCEPTED]	0.0	UNDEFINED	UNDEFINED	Init
2024-05-15 17:14:19	SessionEvent	USER_SET	USER TO ACTIVATE.	0.2	30	UNDEFINED	Init
2024-05-15 17:14:19	ActionGesture	OpenEyes
2024-05-15 17:14:19	ActionGesture	Smile
2024-05-15 17:14:19	MonitorSpeechStart	Hi there	477
2024-05-15 17:14:19	ActionGesture	BrowRaise
2024-05-15 17:14:21	ActionGesture	BigSmile
2024-05-15 17:14:21	MonitorSpeechStart	Nice to meet you.	824
2024-05-15 17:14:21	ActionGesture	BrowRaise
2024-05-15 17:14:22	GUIEvent	NEW_STAGE_REQUESTED	STAGE[1] [30] REQUESTED .. [ACCEPTED]	0.2	30	CONDITION2	Init
2024-05-15 17:14:22	SessionEvent	QUESTION_SET	NEW QUESTION TO ACTIVATE	1		CONDITION2	Init
2024-05-15 17:14:23	MonitorSpeechStart	Ok #QNUM#. Let's see	2658
2024-05-15 17:14:24	ActionGesture	BrowRaise
2024-05-15 17:14:25	ActionGesture	BrowRaise
2024-05-15 17:14:31	MonitorSpeechStart	Ok let me know when you marked the answer	2040
2024-05-15 17:14:33	ActionGesture	BrowRaise
2024-05-15 17:14:38	MonitorSpeechStart	Whenever you want.	757
2024-05-15 17:14:39	ActionGesture	BrowRaise
2024-05-15 17:14:42	ActionGesture	Smile
2024-05-15 17:14:43	SenseSpeech	okay	1663
2024-05-15 17:14:44	MonitorSpeechStart	We need to mark the answer.	1250
2024-05-15 17:14:45	ActionGesture	BrowRaise
2024-05-15 17:14:48	GUIEvent	ANSWER_MARKED	ANSWER[FALSE] [1] [30] SENT .. [ACCEPTED]	1	30	CONDITION2	Init
2024-05-15 17:14:51	MonitorSpeechStart	Oh	459
2024-05-15 17:17:58	Autoreload is disabled because the development mode is off.
2024-05-15 17:17:58	Application started in 0.495 seconds.
2024-05-15 17:17:59	Responding at http://127.0.0.1:8888
2024-05-15 17:18:00	----------------- NEW EXECUTION-------------------
2024-05-15 17:18:00	ActionGesture	CloseEyes
2024-05-15 17:18:01	GUIEvent	GUI_RELOADED	GUI_RELOADED [ACCEPTED]	0.0	UNDEFINED	UNDEFINED	Init
2024-05-15 17:18:01	GUIEvent	SYNCH_REQUESTED	SYNCH REQUESTED .. [ACCEPTED]	0.0	UNDEFINED	UNDEFINED	Init
2024-05-15 17:18:03	GUIEvent	NEW_STAGE_REQUESTED	STAGE[0.2] [21] REQUESTED .. [ACCEPTED]	0.0	UNDEFINED	UNDEFINED	Init
2024-05-15 17:18:03	SessionEvent	USER_SET	USER TO ACTIVATE.	0.2	21	UNDEFINED	Init
2024-05-15 17:18:03	ActionGesture	OpenEyes
2024-05-15 17:18:03	ActionGesture	Smile
2024-05-15 17:18:03	MonitorSpeechStart	Hi there	477
2024-05-15 17:18:03	ActionGesture	BrowRaise
2024-05-15 17:18:05	ActionGesture	BigSmile
2024-05-15 17:18:05	MonitorSpeechStart	Nice to meet you.	824
2024-05-15 17:18:05	ActionGesture	BrowRaise
2024-05-15 17:18:07	GUIEvent	NEW_STAGE_REQUESTED	STAGE[1] [21] REQUESTED .. [ACCEPTED]	0.2	21	CONDITION2	Init
2024-05-15 17:18:07	SessionEvent	QUESTION_SET	NEW QUESTION TO ACTIVATE	1		CONDITION2	Init
2024-05-15 17:18:07	MonitorSpeechStart	Ok #QNUM#. Let's see	2658
2024-05-15 17:18:08	ActionGesture	BrowRaise
2024-05-15 17:18:09	ActionGesture	BrowRaise
2024-05-15 17:18:15	MonitorSpeechStart	Ok let me know when you marked the answer	2040
2024-05-15 17:18:17	ActionGesture	BrowRaise
2024-05-15 17:18:21	GUIEvent	ANSWER_MARKED	ANSWER[FALSE] [1] [21] SENT .. [ACCEPTED]	1	21	CONDITION2	Init
2024-05-15 17:18:22	MonitorSpeechStart	Whenever you want.	757
2024-05-15 17:18:23	ActionGesture	BrowRaise
2024-05-15 17:18:27	ActionGesture	Smile
2024-05-15 17:18:28	SenseSpeech	okay	1327
2024-05-15 17:18:29	MonitorSpeechStart	Oh	459
2024-05-15 17:19:48	Autoreload is disabled because the development mode is off.
2024-05-15 17:19:49	Application started in 0.534 seconds.
2024-05-15 17:19:49	Responding at http://127.0.0.1:8888
2024-05-15 17:19:50	----------------- NEW EXECUTION-------------------
2024-05-15 17:19:50	ActionGesture	CloseEyes
2024-05-15 17:19:51	GUIEvent	GUI_RELOADED	GUI_RELOADED [ACCEPTED]	0.0	UNDEFINED	UNDEFINED	Init
2024-05-15 17:19:51	GUIEvent	SYNCH_REQUESTED	SYNCH REQUESTED .. [ACCEPTED]	0.0	UNDEFINED	UNDEFINED	Init
2024-05-15 17:19:52	GUIEvent	NEW_STAGE_REQUESTED	STAGE[0.2] [4] REQUESTED .. [ACCEPTED]	0.0	UNDEFINED	UNDEFINED	Init
2024-05-15 17:19:52	SessionEvent	USER_SET	USER TO ACTIVATE.	0.2	4	UNDEFINED	Init
2024-05-15 17:19:52	ActionGesture	OpenEyes
2024-05-15 17:19:52	ActionGesture	Smile
2024-05-15 17:19:53	MonitorSpeechStart	Oh, hello there	1105
2024-05-15 17:19:53	ActionGesture	BrowRaise
2024-05-15 17:19:55	ActionGesture	BigSmile
2024-05-15 17:19:55	MonitorSpeechStart	Nice to meet you.	824
2024-05-15 17:19:55	ActionGesture	BrowRaise
2024-05-15 17:19:56	GUIEvent	NEW_STAGE_REQUESTED	STAGE[1] [4] REQUESTED .. [ACCEPTED]	0.2	4	CONDITION1	Init
2024-05-15 17:19:56	SessionEvent	QUESTION_SET	NEW QUESTION TO ACTIVATE	1		CONDITION1	Init
2024-05-15 17:19:56	MonitorSpeechStart	Ok #QNUM#. Let's see	2658
2024-05-15 17:19:57	ActionGesture	BrowRaise
2024-05-15 17:19:58	ActionGesture	BrowRaise
2024-05-15 17:20:02	ActionGesture	Smile
2024-05-15 17:20:03	SenseSpeech	okay	1245
2024-05-15 17:20:03	MonitorSpeechStart	We need to mark the answer.	1250
2024-05-15 17:20:04	ActionGesture	BrowRaise
2024-05-15 17:20:05	GUIEvent	ANSWER_MARKED	ANSWER[FALSE] [1] [4] SENT .. [ACCEPTED]	1	4	CONDITION1	Init
2024-05-15 17:20:10	MonitorSpeechStart	Oh	459
2024-05-15 17:20:13	MonitorSpeechStart	DISCLOSURE 1 NEUTRAL FOR Q 1	2063
2024-05-15 17:20:13	ActionGesture	BrowRaise
2024-05-15 17:20:14	ActionGesture	BrowRaise
2024-05-15 17:20:20	MonitorSpeechStart	So what do you think?	979
2024-05-15 17:20:20	ActionGesture	BrowRaise
2024-05-15 17:22:53	Autoreload is disabled because the development mode is off.
2024-05-15 17:22:54	Application started in 0.522 seconds.
2024-05-15 17:22:54	Responding at http://127.0.0.1:8888
2024-05-15 17:22:55	----------------- NEW EXECUTION-------------------
2024-05-15 17:22:55	ActionGesture	CloseEyes
2024-05-15 17:22:56	GUIEvent	GUI_RELOADED	GUI_RELOADED [ACCEPTED]	0.0	UNDEFINED	UNDEFINED	Init
2024-05-15 17:22:56	GUIEvent	SYNCH_REQUESTED	SYNCH REQUESTED .. [ACCEPTED]	0.0	UNDEFINED	UNDEFINED	Init
2024-05-15 17:22:57	GUIEvent	NEW_STAGE_REQUESTED	STAGE[0.2] [2] REQUESTED .. [ACCEPTED]	0.0	UNDEFINED	UNDEFINED	Init
2024-05-15 17:22:57	SessionEvent	USER_SET	USER TO ACTIVATE.	0.2	2	UNDEFINED	Init
2024-05-15 17:22:57	ActionGesture	OpenEyes
2024-05-15 17:22:57	ActionGesture	Smile
2024-05-15 17:22:57	MonitorSpeechStart	Oh, hello there	1105
2024-05-15 17:22:58	ActionGesture	BrowRaise
2024-05-15 17:23:00	ActionGesture	BigSmile
2024-05-15 17:23:00	MonitorSpeechStart	Nice to meet you.	824
2024-05-15 17:23:00	ActionGesture	BrowRaise
2024-05-15 17:23:01	GUIEvent	NEW_STAGE_REQUESTED	STAGE[1] [2] REQUESTED .. [ACCEPTED]	0.2	2	CONDITION1	Init
2024-05-15 17:23:01	SessionEvent	QUESTION_SET	NEW QUESTION TO ACTIVATE	1		CONDITION1	Init
2024-05-15 17:23:01	MonitorSpeechStart	Ok #QNUM#. Let's see	2658
2024-05-15 17:23:02	ActionGesture	BrowRaise
2024-05-15 17:23:03	ActionGesture	BrowRaise
2024-05-15 17:23:04	GUIEvent	ANSWER_MARKED	ANSWER[TRUE] [1] [2] SENT .. [ACCEPTED]	1	2	CONDITION1	Init
2024-05-15 17:23:09	MonitorSpeechStart	Ok let me know when you marked the answer	2040
2024-05-15 17:23:11	ActionGesture	BrowRaise
2024-05-15 17:23:13	ActionGesture	Smile
2024-05-15 17:23:14	SenseSpeech	okay	971
2024-05-15 17:23:16	MonitorSpeechStart	DISCLOSURE 1 NEUTRAL FOR Q 1	2063
2024-05-15 17:23:16	ActionGesture	BrowRaise
2024-05-15 17:23:17	ActionGesture	BrowRaise
2024-05-15 17:23:23	MonitorSpeechStart	So what do you think?	979
2024-05-15 17:23:23	ActionGesture	BrowRaise
2024-05-15 17:26:50	Autoreload is disabled because the development mode is off.
2024-05-15 17:26:50	Application started in 0.542 seconds.
2024-05-15 17:26:51	Responding at http://127.0.0.1:8888
2024-05-15 17:26:52	----------------- NEW EXECUTION-------------------
2024-05-15 17:26:52	ActionGesture	CloseEyes
2024-05-15 17:26:53	GUIEvent	GUI_RELOADED	GUI_RELOADED [ACCEPTED]	0.0	UNDEFINED	UNDEFINED	Init
2024-05-15 17:26:53	GUIEvent	SYNCH_REQUESTED	SYNCH REQUESTED .. [ACCEPTED]	0.0	UNDEFINED	UNDEFINED	Init
2024-05-15 17:26:54	GUIEvent	NEW_STAGE_REQUESTED	STAGE[0.2] [3] REQUESTED .. [ACCEPTED]	0.0	UNDEFINED	UNDEFINED	Init
2024-05-15 17:26:54	SessionEvent	USER_SET	USER TO ACTIVATE.	0.2	3	UNDEFINED	Init
2024-05-15 17:26:54	ActionGesture	OpenEyes
2024-05-15 17:26:54	ActionGesture	Smile
2024-05-15 17:26:55	MonitorSpeechStart	Oh, hello there	1105
2024-05-15 17:26:56	ActionGesture	BrowRaise
2024-05-15 17:26:57	ActionGesture	BigSmile
2024-05-15 17:26:57	MonitorSpeechStart	Nice to meet you.	824
2024-05-15 17:26:57	ActionGesture	BrowRaise
2024-05-15 17:26:59	MonitorSpeechStart	How you doing?	741
2024-05-15 17:26:59	ActionGesture	BrowRaise
2024-05-15 17:27:04	GUIEvent	NEW_STAGE_REQUESTED	STAGE[1] [3] REQUESTED .. [ACCEPTED]	0.2	3	CONDITION1	Init
2024-05-15 17:27:04	SessionEvent	QUESTION_SET	NEW QUESTION TO ACTIVATE	1		CONDITION1	Init
2024-05-15 17:27:04	MonitorSpeechStart	Ok #QNUM#. Let's see	2658
2024-05-15 17:27:05	ActionGesture	BrowRaise
2024-05-15 17:27:06	ActionGesture	BrowRaise
2024-05-15 17:27:09	ActionGesture	Smile
2024-05-15 17:27:10	SenseSpeech	no	881
2024-05-15 17:27:11	MonitorSpeechStart	No	398
2024-05-15 17:27:12	MonitorSpeechStart	We need to mark the answer.	1250
2024-05-15 17:27:13	ActionGesture	BrowRaise
2024-05-15 17:27:16	ActionGesture	Smile
2024-05-15 17:27:17	SenseSpeech	I marked it	1221
2024-05-15 17:27:18	MonitorSpeechStart	AnswerMarked	816
2024-05-15 17:27:19	ActionGesture	BrowRaise
2024-05-15 17:27:19	MonitorSpeechStart	I think we need to mark the answer. I did already.	2807
2024-05-15 17:27:21	ActionGesture	BrowRaise
2024-05-15 17:27:22	ActionGesture	BrowRaise
