2024-05-19 23:01:24	Autoreload is disabled because the development mode is off.
2024-05-19 23:01:25	Application started in 1.061 seconds.
2024-05-19 23:01:26	Responding at http://127.0.0.1:8888
2024-05-19 23:01:29	----------------- NEW EXECUTION-------------------
2024-05-19 23:01:29	FlowEvent	NEW_FLOW_STATE	Sleep	0.0		UNDEFINED	Sleep
2024-05-19 23:01:29	ActionGesture	CloseEyes
2024-05-19 23:02:21	GUIEvent	GUI_RELOADED	GUI_RELOADED [ACCEPTED]	0.0	UNDEFINED	UNDEFINED	Sleep
2024-05-19 23:02:21	GUIEvent	SYNCH_REQUESTED	SYNCH REQUESTED .. [ACCEPTED]	0.0	UNDEFINED	UNDEFINED	Sleep
2024-05-19 23:02:23	GUIEvent	NEW_STAGE_REQUESTED	STAGE[0.2] [28] REQUESTED .. [ACCEPTED]	0.0	UNDEFINED	UNDEFINED	Sleep
2024-05-19 23:02:23	SessionEvent	USER_SET	USER TO ACTIVATE.	0.2	28	UNDEFINED	Sleep
2024-05-19 23:02:23	FlowEvent	NEW_FLOW_STATE	Welcome	0.2		CONDITION2	Welcome
2024-05-19 23:02:23	ActionGesture	OpenEyes
2024-05-19 23:02:23	ActionGesture	Smile
2024-05-19 23:02:24	MonitorSpeechStart	<prosody rate="1.0">Hello there</prosody>	543
2024-05-19 23:02:24	ActionGesture	BrowRaise
2024-05-19 23:02:25	MonitorSpeechStart	<prosody rate="1.0">Nice to meet you</prosody>	824
2024-05-19 23:02:25	ActionGesture	BrowRaise
2024-05-19 23:02:27	MonitorSpeechStart	<prosody rate="1.0">How you doing?</prosody>	741
2024-05-19 23:02:27	ActionGesture	BrowRaise
2024-05-19 23:02:27	GUIEvent	NEW_STAGE_REQUESTED	STAGE[6] [28] REQUESTED .. [ACCEPTED]	0.2	28	CONDITION2	Welcome
2024-05-19 23:02:27	SessionEvent	QUESTION_SET	NEW QUESTION TO ACTIVATE	6		CONDITION2	Welcome
2024-05-19 23:02:27	FlowEvent	NEW_FLOW_STATE	QuestionReflection	6		CONDITION2	QuestionReflection
2024-05-19 23:02:28	MonitorSpeechStart	<prosody rate="1.0">Question 6</prosody>	928
2024-05-19 23:02:29	ActionGesture	BrowRaise
2024-05-19 23:02:29	MonitorSpeechStart	<prosody rate="1.0">Ok #QNUM#. Let's see</prosody>	2658
2024-05-19 23:02:31	ActionGesture	BrowRaise
2024-05-19 23:02:32	ActionGesture	BrowRaise
2024-05-19 23:02:37	MonitorSpeechStart	<prosody rate="1.0">Ok let me know when you marked the answer</prosody>	2040
2024-05-19 23:02:39	ActionGesture	BrowRaise
2024-05-19 23:02:45	MonitorSpeechStart	<prosody rate="1.0">Whenever you want.</prosody>	757
2024-05-19 23:02:45	ActionGesture	BrowRaise
2024-05-19 23:02:51	MonitorSpeechStart	<prosody rate="1.0">Ok. I have it. Do you?</prosody>	2177
2024-05-19 23:02:52	ActionGesture	BrowRaise
2024-05-19 23:02:59	MonitorSpeechStart	<prosody rate="1.0">Ok #QNUM#. Let's see</prosody>	2658
2024-05-19 23:03:00	ActionGesture	BrowRaise
2024-05-19 23:03:01	ActionGesture	BrowRaise
2024-05-19 23:03:03	ActionGesture	Smile
2024-05-19 23:03:05	SenseSpeech	hm	1692
2024-05-19 23:03:05	MonitorSpeechStart	<prosody rate="1.0">BACKCHANNEL</prosody>	666
2024-05-19 23:03:06	ActionGesture	BrowRaise
2024-05-19 23:03:21	MonitorSpeechStart	<prosody rate="1.0">We need to register our preliminary response</prosody>	2243
2024-05-19 23:03:23	ActionGesture	BrowRaise
2024-05-19 23:03:29	MonitorSpeechStart	<prosody rate="1.0">SILENCE</prosody>	639
2024-05-19 23:03:29	ActionGesture	BrowRaise
2024-05-19 23:03:33	MonitorSpeechStart	<prosody rate="1.0">You seem quiet</prosody>	897
2024-05-19 23:03:34	ActionGesture	BrowRaise
2024-05-19 23:03:36	MonitorSpeechStart	<prosody rate="1.0">We need to select whether we believe it to be true or false DId you?</prosody>	3113
2024-05-19 23:03:38	ActionGesture	BrowRaise
2024-05-19 23:03:38	ActionGesture	BrowRaise
2024-05-19 23:03:41	MonitorSpeechStart	<prosody rate="1.0">You seem quiet...</prosody>	897
2024-05-19 23:03:42	ActionGesture	BrowRaise
2024-05-19 23:03:47	MonitorSpeechStart	<prosody rate="1.0">SILENCE</prosody>	639
2024-05-19 23:03:48	ActionGesture	BrowRaise
2024-05-19 23:03:53	MonitorSpeechStart	<prosody rate="1.0">Uhm</prosody>	389
2024-05-19 23:03:55	MonitorSpeechStart	<prosody rate="1.0">I have registered my answer, did you? Do it too if you haven't</prosody>	3512
2024-05-19 23:03:56	ActionGesture	BrowRaise
2024-05-19 23:03:58	ActionGesture	BrowRaise
2024-05-19 23:04:00	MonitorSpeechStart	<prosody rate="1.0">Uhm...</prosody>	389
2024-05-19 23:04:06	ActionGesture	Smile
2024-05-19 23:04:27	ActionGesture	Smile
2024-05-19 23:04:36	SenseSpeech	I don't know	9498
2024-05-19 23:04:37	MonitorSpeechStart	<prosody rate="1.0">NON_COMMITTAL</prosody>	1104
2024-05-19 23:04:37	ActionGesture	BrowRaise
2024-05-19 23:04:38	ActionGesture	BrowRaise
2024-05-19 23:04:39	MonitorSpeechStart	<prosody rate="1.0">We need to register our preliminary response</prosody>	2243
2024-05-19 23:04:40	ActionGesture	BrowRaise
2024-05-19 23:04:46	MonitorSpeechStart	<prosody rate="1.0">SILENCE</prosody>	639
2024-05-19 23:04:47	ActionGesture	BrowRaise
2024-05-19 23:04:48	MonitorSpeechStart	<prosody rate="1.0">Er</prosody>	412
2024-05-19 23:04:50	MonitorSpeechStart	<prosody rate="1.0">well</prosody>	454
2024-05-19 23:04:50	ActionGesture	BrowRaise
2024-05-19 23:04:51	MonitorSpeechStart	<prosody rate="1.0">We need to select whether we believe it to be true or false DId you?</prosody>	3113
2024-05-19 23:04:53	ActionGesture	BrowRaise
2024-05-19 23:04:54	ActionGesture	BrowRaise
2024-05-19 23:04:56	MonitorSpeechStart	<prosody rate="1.0">Er...well...</prosody>	1053
2024-05-19 23:04:57	ActionGesture	BrowRaise
2024-05-19 23:05:03	MonitorSpeechStart	<prosody rate="1.0">SILENCE</prosody>	639
2024-05-19 23:05:03	ActionGesture	BrowRaise
2024-05-19 23:05:04	MonitorSpeechStart	<prosody rate="1.0">You seem quiet</prosody>	897
2024-05-19 23:05:04	ActionGesture	BrowRaise
2024-05-19 23:05:06	MonitorSpeechStart	<prosody rate="1.0">I have registered my answer, did you? Do it too if you haven't</prosody>	3512
2024-05-19 23:05:07	ActionGesture	BrowRaise
2024-05-19 23:05:09	ActionGesture	BrowRaise
2024-05-19 23:05:10	MonitorSpeechStart	<prosody rate="1.0">You seem quiet...</prosody>	897
2024-05-19 23:05:11	ActionGesture	BrowRaise
