2024-05-12 22:04:13	Autoreload is disabled because the development mode is off.
2024-05-12 22:04:14	Application started in 0.532 seconds.
2024-05-12 22:04:14	Responding at http://127.0.0.1:1234
2024-05-12 22:04:15	----------------- NEW EXECUTION-------------------
2024-05-12 22:04:15	ActionGesture	CloseEyes
2024-05-12 22:04:25	GUIEvent	GUI_RELOADED	GUI_RELOADED [ACCEPTED]	0.0	UNDEFINED
2024-05-12 22:04:25	Unhandled exception caught
java.lang.IllegalStateException: Error converting 'UNDEFINED' to an integer: For input string: "UNDEFINED"
	at furhatos.app.isiser.Session.activateCondition(session.kt:130)
	at furhatos.app.isiser.Session.setSubject(session.kt:94)
	at furhatos.app.isiser.setting.ServerKt$module$5$2.invokeSuspend(server.kt:107)
	at kotlin.coroutines.jvm.internal.BaseContinuationImpl.resumeWith(ContinuationImpl.kt:33)
	at kotlinx.coroutines.internal.DispatchedContinuation.resumeWith(DispatchedContinuation.kt:202)
	at io.ktor.util.pipeline.SuspendFunctionGun.resumeRootWith(SuspendFunctionGun.kt:135)
	at io.ktor.util.pipeline.SuspendFunctionGun.loop(SuspendFunctionGun.kt:109)
	at io.ktor.util.pipeline.SuspendFunctionGun.access$loop(SuspendFunctionGun.kt:11)
	at io.ktor.util.pipeline.SuspendFunctionGun$continuation$1.resumeWith(SuspendFunctionGun.kt:59)
	at kotlin.coroutines.jvm.internal.BaseContinuationImpl.resumeWith(ContinuationImpl.kt:46)
	at kotlinx.coroutines.DispatchedTask.run(DispatchedTask.kt:106)
	at io.netty.util.concurrent.AbstractEventExecutor.runTask(AbstractEventExecutor.java:174)
	at io.netty.util.concurrent.AbstractEventExecutor.safeExecute(AbstractEventExecutor.java:167)
	at io.netty.util.concurrent.SingleThreadEventExecutor.runAllTasks(SingleThreadEventExecutor.java:470)
	at io.netty.channel.nio.NioEventLoop.run(NioEventLoop.java:569)
	at io.netty.util.concurrent.SingleThreadEventExecutor$4.run(SingleThreadEventExecutor.java:997)
	at io.netty.util.internal.ThreadExecutorMap$2.run(ThreadExecutorMap.java:74)
	at io.ktor.server.netty.EventLoopGroupProxy$Companion.create$lambda$1$lambda$0(NettyApplicationEngine.kt:296)
	at io.netty.util.concurrent.FastThreadLocalRunnable.run(FastThreadLocalRunnable.java:30)
	at java.lang.Thread.run(Thread.java:748)
2024-05-12 22:05:16	MonitorSpeechStart	No start signal received, terminating the program.	2929
2024-05-12 22:05:18	ActionGesture	BrowRaise
2024-05-12 22:44:35	Autoreload is disabled because the development mode is off.
2024-05-12 22:44:36	Application started in 1.034 seconds.
2024-05-12 22:44:36	Responding at http://127.0.0.1:1234
2024-05-12 22:44:37	----------------- NEW EXECUTION-------------------
2024-05-12 22:44:37	ActionGesture	CloseEyes
2024-05-12 22:44:46	GUIEvent	GUI_RELOADED	GUI_RELOADED [ACCEPTED]	0.0	UNDEFINED
2024-05-12 22:44:46	Unhandled exception caught
java.lang.IllegalStateException: Error converting 'UNDEFINED' to an integer: For input string: "UNDEFINED"
	at furhatos.app.isiser.Session.activateCondition(session.kt:130)
	at furhatos.app.isiser.Session.setSubject(session.kt:94)
	at furhatos.app.isiser.setting.ServerKt$module$5$2.invokeSuspend(server.kt:107)
	at kotlin.coroutines.jvm.internal.BaseContinuationImpl.resumeWith(ContinuationImpl.kt:33)
	at kotlinx.coroutines.internal.DispatchedContinuation.resumeWith(DispatchedContinuation.kt:202)
	at io.ktor.util.pipeline.SuspendFunctionGun.resumeRootWith(SuspendFunctionGun.kt:135)
	at io.ktor.util.pipeline.SuspendFunctionGun.loop(SuspendFunctionGun.kt:109)
	at io.ktor.util.pipeline.SuspendFunctionGun.access$loop(SuspendFunctionGun.kt:11)
	at io.ktor.util.pipeline.SuspendFunctionGun$continuation$1.resumeWith(SuspendFunctionGun.kt:59)
	at kotlin.coroutines.jvm.internal.BaseContinuationImpl.resumeWith(ContinuationImpl.kt:46)
	at kotlinx.coroutines.DispatchedTask.run(DispatchedTask.kt:106)
	at io.netty.util.concurrent.AbstractEventExecutor.runTask(AbstractEventExecutor.java:174)
	at io.netty.util.concurrent.AbstractEventExecutor.safeExecute(AbstractEventExecutor.java:167)
	at io.netty.util.concurrent.SingleThreadEventExecutor.runAllTasks(SingleThreadEventExecutor.java:470)
	at io.netty.channel.nio.NioEventLoop.run(NioEventLoop.java:569)
	at io.netty.util.concurrent.SingleThreadEventExecutor$4.run(SingleThreadEventExecutor.java:997)
	at io.netty.util.internal.ThreadExecutorMap$2.run(ThreadExecutorMap.java:74)
	at io.ktor.server.netty.EventLoopGroupProxy$Companion.create$lambda$1$lambda$0(NettyApplicationEngine.kt:296)
	at io.netty.util.concurrent.FastThreadLocalRunnable.run(FastThreadLocalRunnable.java:30)
	at java.lang.Thread.run(Thread.java:748)
2024-05-12 22:48:18	Autoreload is disabled because the development mode is off.
2024-05-12 22:48:19	Application started in 0.952 seconds.
2024-05-12 22:48:20	Responding at http://127.0.0.1:1234
2024-05-12 22:48:20	----------------- NEW EXECUTION-------------------
2024-05-12 22:48:20	ActionGesture	CloseEyes
2024-05-12 22:48:29	GUIEvent	GUI_RELOADED	GUI_RELOADED [ACCEPTED]	0.0	UNDEFINED
2024-05-12 22:48:29	Unhandled exception caught
java.lang.IllegalStateException: Error converting 'UNDEFINED' to an integer: For input string: "UNDEFINED"
	at furhatos.app.isiser.Session.activateCondition(session.kt:130)
	at furhatos.app.isiser.Session.setSubject(session.kt:94)
	at furhatos.app.isiser.setting.ServerKt$module$5$2.invokeSuspend(server.kt:107)
	at kotlin.coroutines.jvm.internal.BaseContinuationImpl.resumeWith(ContinuationImpl.kt:33)
	at kotlinx.coroutines.internal.DispatchedContinuation.resumeWith(DispatchedContinuation.kt:202)
	at io.ktor.util.pipeline.SuspendFunctionGun.resumeRootWith(SuspendFunctionGun.kt:135)
	at io.ktor.util.pipeline.SuspendFunctionGun.loop(SuspendFunctionGun.kt:109)
	at io.ktor.util.pipeline.SuspendFunctionGun.access$loop(SuspendFunctionGun.kt:11)
	at io.ktor.util.pipeline.SuspendFunctionGun$continuation$1.resumeWith(SuspendFunctionGun.kt:59)
	at kotlin.coroutines.jvm.internal.BaseContinuationImpl.resumeWith(ContinuationImpl.kt:46)
	at kotlinx.coroutines.DispatchedTask.run(DispatchedTask.kt:106)
	at io.netty.util.concurrent.AbstractEventExecutor.runTask(AbstractEventExecutor.java:174)
	at io.netty.util.concurrent.AbstractEventExecutor.safeExecute(AbstractEventExecutor.java:167)
	at io.netty.util.concurrent.SingleThreadEventExecutor.runAllTasks(SingleThreadEventExecutor.java:470)
	at io.netty.channel.nio.NioEventLoop.run(NioEventLoop.java:569)
	at io.netty.util.concurrent.SingleThreadEventExecutor$4.run(SingleThreadEventExecutor.java:997)
	at io.netty.util.internal.ThreadExecutorMap$2.run(ThreadExecutorMap.java:74)
	at io.ktor.server.netty.EventLoopGroupProxy$Companion.create$lambda$1$lambda$0(NettyApplicationEngine.kt:296)
	at io.netty.util.concurrent.FastThreadLocalRunnable.run(FastThreadLocalRunnable.java:30)
	at java.lang.Thread.run(Thread.java:748)
2024-05-12 22:49:52	Autoreload is disabled because the development mode is off.
2024-05-12 22:49:53	Application started in 0.898 seconds.
2024-05-12 22:49:53	Responding at http://127.0.0.1:8888
2024-05-12 22:49:54	----------------- NEW EXECUTION-------------------
2024-05-12 22:49:54	ActionGesture	CloseEyes
2024-05-12 22:50:01	GUIEvent	GUI_RELOADED	GUI_RELOADED [ACCEPTED]	0.0	UNDEFINED
2024-05-12 22:50:02	Unhandled exception caught
java.lang.IllegalStateException: Error converting 'UNDEFINED' to an integer: For input string: "UNDEFINED"
	at furhatos.app.isiser.Session.activateCondition(session.kt:130)
	at furhatos.app.isiser.Session.setSubject(session.kt:94)
	at furhatos.app.isiser.setting.ServerKt$module$5$2.invokeSuspend(server.kt:107)
	at kotlin.coroutines.jvm.internal.BaseContinuationImpl.resumeWith(ContinuationImpl.kt:33)
	at kotlinx.coroutines.internal.DispatchedContinuation.resumeWith(DispatchedContinuation.kt:202)
	at io.ktor.util.pipeline.SuspendFunctionGun.resumeRootWith(SuspendFunctionGun.kt:135)
	at io.ktor.util.pipeline.SuspendFunctionGun.loop(SuspendFunctionGun.kt:109)
	at io.ktor.util.pipeline.SuspendFunctionGun.access$loop(SuspendFunctionGun.kt:11)
	at io.ktor.util.pipeline.SuspendFunctionGun$continuation$1.resumeWith(SuspendFunctionGun.kt:59)
	at kotlin.coroutines.jvm.internal.BaseContinuationImpl.resumeWith(ContinuationImpl.kt:46)
	at kotlinx.coroutines.DispatchedTask.run(DispatchedTask.kt:106)
	at io.netty.util.concurrent.AbstractEventExecutor.runTask(AbstractEventExecutor.java:174)
	at io.netty.util.concurrent.AbstractEventExecutor.safeExecute(AbstractEventExecutor.java:167)
	at io.netty.util.concurrent.SingleThreadEventExecutor.runAllTasks(SingleThreadEventExecutor.java:470)
	at io.netty.channel.nio.NioEventLoop.run(NioEventLoop.java:569)
	at io.netty.util.concurrent.SingleThreadEventExecutor$4.run(SingleThreadEventExecutor.java:997)
	at io.netty.util.internal.ThreadExecutorMap$2.run(ThreadExecutorMap.java:74)
	at io.ktor.server.netty.EventLoopGroupProxy$Companion.create$lambda$1$lambda$0(NettyApplicationEngine.kt:296)
	at io.netty.util.concurrent.FastThreadLocalRunnable.run(FastThreadLocalRunnable.java:30)
	at java.lang.Thread.run(Thread.java:748)
2024-05-12 22:51:31	Autoreload is disabled because the development mode is off.
2024-05-12 22:51:32	Application started in 0.929 seconds.
2024-05-12 22:51:33	Responding at http://127.0.0.1:8888
2024-05-12 22:51:33	----------------- NEW EXECUTION-------------------
2024-05-12 22:51:33	ActionGesture	CloseEyes
2024-05-12 22:51:36	GUIEvent	GUI_RELOADED	GUI_RELOADED [ACCEPTED]	0.0	UNDEFINED
2024-05-12 22:51:37	Unhandled exception caught
java.lang.IllegalStateException: Error converting 'UNDEFINED' to an integer: For input string: "UNDEFINED"
	at furhatos.app.isiser.Session.activateCondition(session.kt:130)
	at furhatos.app.isiser.Session.setSubject(session.kt:94)
	at furhatos.app.isiser.setting.ServerKt$module$5$2.invokeSuspend(server.kt:108)
	at kotlin.coroutines.jvm.internal.BaseContinuationImpl.resumeWith(ContinuationImpl.kt:33)
	at kotlinx.coroutines.internal.DispatchedContinuation.resumeWith(DispatchedContinuation.kt:202)
	at io.ktor.util.pipeline.SuspendFunctionGun.resumeRootWith(SuspendFunctionGun.kt:135)
	at io.ktor.util.pipeline.SuspendFunctionGun.loop(SuspendFunctionGun.kt:109)
	at io.ktor.util.pipeline.SuspendFunctionGun.access$loop(SuspendFunctionGun.kt:11)
	at io.ktor.util.pipeline.SuspendFunctionGun$continuation$1.resumeWith(SuspendFunctionGun.kt:59)
	at kotlin.coroutines.jvm.internal.BaseContinuationImpl.resumeWith(ContinuationImpl.kt:46)
	at kotlinx.coroutines.DispatchedTask.run(DispatchedTask.kt:106)
	at io.netty.util.concurrent.AbstractEventExecutor.runTask(AbstractEventExecutor.java:174)
	at io.netty.util.concurrent.AbstractEventExecutor.safeExecute(AbstractEventExecutor.java:167)
	at io.netty.util.concurrent.SingleThreadEventExecutor.runAllTasks(SingleThreadEventExecutor.java:470)
	at io.netty.channel.nio.NioEventLoop.run(NioEventLoop.java:569)
	at io.netty.util.concurrent.SingleThreadEventExecutor$4.run(SingleThreadEventExecutor.java:997)
	at io.netty.util.internal.ThreadExecutorMap$2.run(ThreadExecutorMap.java:74)
	at io.ktor.server.netty.EventLoopGroupProxy$Companion.create$lambda$1$lambda$0(NettyApplicationEngine.kt:296)
	at io.netty.util.concurrent.FastThreadLocalRunnable.run(FastThreadLocalRunnable.java:30)
	at java.lang.Thread.run(Thread.java:748)
