2024-05-19 16:48:13	Autoreload is disabled because the development mode is off.
2024-05-19 16:48:14	Application started in 0.642 seconds.
2024-05-19 16:48:14	Responding at http://127.0.0.1:8888
2024-05-19 16:48:16	----------------- NEW EXECUTION-------------------
2024-05-19 16:48:16	FlowEvent	NEW_FLOW_STATE	Sleep	0.0		UNDEFINED	Sleep
2024-05-19 16:48:16	ActionGesture	CloseEyes
2024-05-19 16:48:19	GUIEvent	GUI_RELOADED	GUI_RELOADED [ACCEPTED]	0.0	UNDEFINED	UNDEFINED	Sleep
2024-05-19 16:48:19	GUIEvent	SYNCH_REQUESTED	SYNCH REQUESTED .. [ACCEPTED]	0.0	UNDEFINED	UNDEFINED	Sleep
2024-05-19 16:48:21	GUIEvent	NEW_STAGE_REQUESTED	STAGE[0.2] [4] REQUESTED .. [ACCEPTED]	0.0	UNDEFINED	UNDEFINED	Sleep
2024-05-19 16:48:21	SessionEvent	USER_SET	USER TO ACTIVATE.	0.2	4	UNDEFINED	Sleep
2024-05-19 16:48:21	FlowEvent	NEW_FLOW_STATE	Welcome	0.2		CONDITION1	Welcome
2024-05-19 16:48:21	ActionGesture	OpenEyes
2024-05-19 16:48:21	ActionGesture	Smile
2024-05-19 16:48:21	MonitorSpeechStart	0.2	983
2024-05-19 16:48:21	ActionGesture	BrowRaise
2024-05-19 16:48:22	MonitorSpeechStart	<prosody rate="1.0">Hello there</prosody>	543
2024-05-19 16:48:22	ActionGesture	BrowRaise
2024-05-19 16:48:24	MonitorSpeechStart	<prosody rate="1.0">Nice to meet you</prosody>	824
2024-05-19 16:48:24	ActionGesture	BrowRaise
2024-05-19 16:48:26	MonitorSpeechStart	<prosody rate="1.0">How you doing?</prosody>	741
2024-05-19 16:48:26	ActionGesture	BrowRaise
2024-05-19 16:48:30	ActionGesture	Smile
2024-05-19 16:48:40	SenseSpeech	1	10126
2024-05-19 16:48:42	MonitorSpeechStart	<prosody rate="1.0">0.2</prosody>	983
2024-05-19 16:48:42	ActionGesture	BrowRaise
2024-05-19 16:48:43	MonitorSpeechStart	<prosody rate="1.25">Oh hello there</prosody>	541
2024-05-19 16:48:44	ActionGesture	BrowRaise
2024-05-19 16:48:45	MonitorSpeechStart	<prosody rate="1.25">Nice to meet you</prosody>	619
2024-05-19 16:48:45	ActionGesture	BrowRaise
2024-05-19 16:48:47	MonitorSpeechStart	<prosody rate="1.25">How you doing?</prosody>	539
2024-05-19 16:48:47	ActionGesture	BrowRaise
2024-05-19 16:48:53	MonitorSpeechStart	<prosody rate="1.25">Oops, I don't hear you.</prosody>	1054
2024-05-19 16:48:54	ActionGesture	BrowRaise
2024-05-19 16:48:55	MonitorSpeechStart	<prosody rate="1.25">Oh, you there.</prosody>	816
2024-05-19 16:48:55	ActionGesture	BrowRaise
2024-05-19 16:48:57	MonitorSpeechStart	<prosody rate="1.25">Shall we carry on?</prosody>	702
2024-05-19 16:48:58	ActionGesture	BrowRaise
2024-05-19 16:48:59	ActionGesture	Smile
2024-05-19 16:49:07	SenseSpeech	a stroke pick	7846
2024-05-19 16:49:12	MonitorSpeechStart	<prosody rate="1.25">0.2</prosody>	737
2024-05-19 16:49:12	ActionGesture	BrowRaise
2024-05-19 16:49:13	MonitorSpeechStart	<prosody rate="1.0">Hello there</prosody>	543
2024-05-19 16:49:13	ActionGesture	BrowRaise
2024-05-19 16:49:15	MonitorSpeechStart	<prosody rate="1.0">Nice to meet you</prosody>	824
2024-05-19 16:49:15	ActionGesture	BrowRaise
2024-05-19 16:49:16	MonitorSpeechStart	<prosody rate="1.0">How you doing?</prosody>	741
2024-05-19 16:49:17	ActionGesture	BrowRaise
2024-05-19 16:49:23	MonitorSpeechStart	<prosody rate="1.0">Oops, I don't hear you.</prosody>	1345
2024-05-19 16:49:24	ActionGesture	BrowRaise
2024-05-19 16:49:25	MonitorSpeechStart	<prosody rate="1.0">Oh, you there.</prosody>	1008
2024-05-19 16:49:26	ActionGesture	BrowRaise
2024-05-19 16:49:28	MonitorSpeechStart	<prosody rate="1.0">Shall we carry on?</prosody>	950
2024-05-19 16:49:28	ActionGesture	BrowRaise
2024-05-19 16:49:32	ActionGesture	Smile
2024-05-19 16:49:33	SenseSpeech	1	979
2024-05-19 16:49:43	MonitorSpeechStart	<prosody rate="1.0">0.2</prosody>	983
2024-05-19 16:49:43	ActionGesture	BrowRaise
2024-05-19 16:49:44	MonitorSpeechStart	<prosody rate="1.25">Oh hello there</prosody>	541
2024-05-19 16:49:44	ActionGesture	BrowRaise
2024-05-19 16:49:46	MonitorSpeechStart	<prosody rate="1.25">Nice to meet you</prosody>	619
2024-05-19 16:49:46	ActionGesture	BrowRaise
2024-05-19 16:49:48	MonitorSpeechStart	<prosody rate="1.25">How you doing?</prosody>	539
2024-05-19 16:49:48	ActionGesture	BrowRaise
2024-05-19 16:49:53	MonitorSpeechStart	<prosody rate="1.25">Oops, I don't hear you.</prosody>	1054
2024-05-19 16:49:54	ActionGesture	BrowRaise
2024-05-19 16:49:55	MonitorSpeechStart	<prosody rate="1.25">Oh, you there.</prosody>	816
2024-05-19 16:49:55	ActionGesture	BrowRaise
2024-05-19 16:49:57	MonitorSpeechStart	<prosody rate="1.25">Shall we carry on?</prosody>	702
2024-05-19 16:49:57	ActionGesture	BrowRaise
2024-05-19 16:50:01	ActionGesture	Smile
2024-05-19 16:50:02	SenseSpeech	2	981
2024-05-19 16:50:08	MonitorSpeechStart	<prosody rate="1.25">0.2</prosody>	737
2024-05-19 16:50:08	ActionGesture	BrowRaise
2024-05-19 16:50:09	MonitorSpeechStart	<prosody rate="0.75">Hello there</prosody>	743
2024-05-19 16:50:09	ActionGesture	BrowRaise
2024-05-19 16:50:11	MonitorSpeechStart	<prosody rate="0.75">Nice to meet you</prosody>	1094
2024-05-19 16:50:11	ActionGesture	BrowRaise
2024-05-19 16:50:13	MonitorSpeechStart	<prosody rate="0.75">How you doing?</prosody>	999
2024-05-19 16:50:13	ActionGesture	BrowRaise
2024-05-19 16:50:20	MonitorSpeechStart	<prosody rate="0.75">Oops, I don't hear you.</prosody>	1732
2024-05-19 16:50:20	ActionGesture	BrowRaise
2024-05-19 16:50:22	MonitorSpeechStart	<prosody rate="0.75">Oh, you there.</prosody>	1296
2024-05-19 16:50:23	ActionGesture	BrowRaise
2024-05-19 16:50:25	MonitorSpeechStart	<prosody rate="0.75">Shall we carry on?</prosody>	1262
2024-05-19 16:50:26	ActionGesture	BrowRaise
2024-05-19 16:50:31	ActionGesture	Smile
