2024-05-14 22:29:52	Autoreload is disabled because the development mode is off.
2024-05-14 22:29:53	Application started in 1.191 seconds.
2024-05-14 22:29:54	Responding at http://127.0.0.1:8888
2024-05-14 22:29:58	----------------- NEW EXECUTION-------------------
2024-05-14 22:29:58	SystemEvent	FLOW_START	FLOW STARTED	0.0		UNDEFINED	UNDEFINED
2024-05-14 22:29:58	FlowEvent	NEW_STATE	Sleep	0.0		UNDEFINED	Sleep
2024-05-14 22:29:58	ActionGesture	CloseEyes
2024-05-14 22:30:01	GUIEvent	GUI_RELOADED	GUI_RELOADED [ACCEPTED]	0.0	UNDEFINED	UNDEFINED	UNDEFINED
2024-05-14 22:30:02	GUIEvent	SYNCH_REQUESTED	SYNCH REQUESTED .. [ACCEPTED]	0.0	UNDEFINED	UNDEFINED	UNDEFINED
2024-05-14 22:30:04	GUIEvent	NEW_STAGE_REQUESTED	STAGE[0.2] [3] REQUESTED .. [ACCEPTED]	0.0	UNDEFINED	UNDEFINED	UNDEFINED
2024-05-14 22:30:04	SystemEvent	USER_SET	USER SET IN GUI.	0.2	3	UNDEFINED	UNDEFINED
2024-05-14 22:40:25	Autoreload is disabled because the development mode is off.
2024-05-14 22:40:26	Application started in 0.919 seconds.
2024-05-14 22:40:26	Responding at http://127.0.0.1:8888
2024-05-14 22:40:29	----------------- NEW EXECUTION-------------------
2024-05-14 22:40:29	SystemEvent	FLOW_START	FLOW STARTED	0.0		UNDEFINED	UNDEFINED
2024-05-14 22:40:29	FlowEvent	NEW_STATE	Sleep	0.0		UNDEFINED	Sleep
2024-05-14 22:40:29	ActionGesture	CloseEyes
2024-05-14 22:40:35	GUIEvent	GUI_RELOADED	GUI_RELOADED [ACCEPTED]	0.0	UNDEFINED	UNDEFINED	UNDEFINED
2024-05-14 22:40:35	GUIEvent	SYNCH_REQUESTED	SYNCH REQUESTED .. [ACCEPTED]	0.0	UNDEFINED	UNDEFINED	UNDEFINED
2024-05-14 22:40:37	GUIEvent	NEW_STAGE_REQUESTED	STAGE[0.2] [11] REQUESTED .. [ACCEPTED]	0.0	UNDEFINED	UNDEFINED	UNDEFINED
2024-05-14 22:40:37	SystemEvent	USER_SET	USER SET IN GUI.	0.2	11	UNDEFINED	UNDEFINED
2024-05-14 22:40:37	FlowEvent	NEW_STATE	Welcome	0.2		UNDEFINED	Welcome
2024-05-14 22:40:37	ActionGesture	OpenEyes
2024-05-14 22:40:37	ActionGesture	Smile
2024-05-14 22:40:37	MonitorSpeechStart	Oh, hello there	1105
2024-05-14 22:40:38	ActionGesture	BrowRaise
2024-05-14 22:46:01	Autoreload is disabled because the development mode is off.
2024-05-14 22:46:02	Application started in 0.917 seconds.
2024-05-14 22:46:03	Responding at http://127.0.0.1:8888
2024-05-14 22:46:25	Autoreload is disabled because the development mode is off.
2024-05-14 22:46:25	Application started in 0.893 seconds.
2024-05-14 22:46:26	Responding at http://127.0.0.1:8888
2024-05-14 22:46:29	----------------- NEW EXECUTION-------------------
2024-05-14 22:46:29	SystemEvent	FLOW_START	FLOW STARTED	0.0		UNDEFINED	UNDEFINED
2024-05-14 22:46:29	FlowEvent	NEW_STATE	Sleep	0.0		UNDEFINED	Sleep
2024-05-14 22:46:29	ActionGesture	CloseEyes
2024-05-14 22:46:34	GUIEvent	GUI_RELOADED	GUI_RELOADED [ACCEPTED]	0.0	UNDEFINED	UNDEFINED	UNDEFINED
2024-05-14 22:46:34	GUIEvent	SYNCH_REQUESTED	SYNCH REQUESTED .. [ACCEPTED]	0.0	UNDEFINED	UNDEFINED	UNDEFINED
2024-05-14 22:46:37	GUIEvent	NEW_STAGE_REQUESTED	STAGE[0.2] [12] REQUESTED .. [ACCEPTED]	0.0	UNDEFINED	UNDEFINED	UNDEFINED
2024-05-14 22:46:37	SystemEvent	USER_SET	USER SET IN GUI.	0.2	12	UNDEFINED	UNDEFINED
2024-05-14 22:49:23	Autoreload is disabled because the development mode is off.
2024-05-14 22:49:24	Application started in 0.929 seconds.
2024-05-14 22:49:25	Responding at http://127.0.0.1:8888
2024-05-14 22:49:28	----------------- NEW EXECUTION-------------------
2024-05-14 22:49:28	SystemEvent	FLOW_START	FLOW STARTED	0.0		UNDEFINED	UNDEFINED
2024-05-14 22:49:28	FlowEvent	NEW_STATE	Sleep	0.0		UNDEFINED	Sleep
2024-05-14 22:49:28	ActionGesture	CloseEyes
2024-05-14 22:49:30	GUIEvent	GUI_RELOADED	GUI_RELOADED [ACCEPTED]	0.0	UNDEFINED	UNDEFINED	UNDEFINED
2024-05-14 22:49:30	GUIEvent	SYNCH_REQUESTED	SYNCH REQUESTED .. [ACCEPTED]	0.0	UNDEFINED	UNDEFINED	UNDEFINED
2024-05-14 22:49:33	GUIEvent	NEW_STAGE_REQUESTED	STAGE[0.2] [2] REQUESTED .. [ACCEPTED]	0.0	UNDEFINED	UNDEFINED	UNDEFINED
2024-05-14 22:49:33	SystemEvent	USER_SET	USER SET IN GUI.	0.2	2	UNDEFINED	UNDEFINED
2024-05-14 22:50:23	Autoreload is disabled because the development mode is off.
2024-05-14 22:50:24	Application started in 0.905 seconds.
2024-05-14 22:50:25	Responding at http://127.0.0.1:8888
2024-05-14 22:50:28	----------------- NEW EXECUTION-------------------
2024-05-14 22:50:28	SystemEvent	FLOW_START	FLOW STARTED	0.0		UNDEFINED	UNDEFINED
2024-05-14 22:50:28	FlowEvent	NEW_STATE	Sleep	0.0		UNDEFINED	Sleep
2024-05-14 22:50:28	ActionGesture	CloseEyes
2024-05-14 22:50:29	GUIEvent	GUI_RELOADED	GUI_RELOADED [ACCEPTED]	0.0	UNDEFINED	UNDEFINED	UNDEFINED
2024-05-14 22:50:29	GUIEvent	SYNCH_REQUESTED	SYNCH REQUESTED .. [ACCEPTED]	0.0	UNDEFINED	UNDEFINED	UNDEFINED
2024-05-14 22:50:31	GUIEvent	NEW_STAGE_REQUESTED	STAGE[0.2] [10] REQUESTED .. [ACCEPTED]	0.0	UNDEFINED	UNDEFINED	UNDEFINED
2024-05-14 22:50:31	SystemEvent	USER_SET	USER SET IN GUI.	0.2	10	UNDEFINED	UNDEFINED
2024-05-14 22:50:31	FlowEvent	NEW_STATE	Welcome	0.2		CONDITION1	Welcome
2024-05-14 22:50:31	ActionGesture	OpenEyes
2024-05-14 22:50:31	ActionGesture	Smile
2024-05-14 22:50:31	MonitorSpeechStart	Hi there	477
2024-05-14 22:50:31	ActionGesture	BrowRaise
2024-05-14 22:50:33	ActionGesture	BigSmile
2024-05-14 22:50:33	MonitorSpeechStart	Nice to meet you.	824
2024-05-14 22:50:33	ActionGesture	BrowRaise
2024-05-14 22:50:35	MonitorSpeechStart	How you doing?	741
2024-05-14 22:50:35	ActionGesture	BrowRaise
2024-05-14 22:50:41	MonitorSpeechStart	Oops, I don't hear you.	1345
2024-05-14 22:50:42	ActionGesture	BrowRaise
2024-05-14 22:50:43	MonitorSpeechStart	Oh, you there.	1008
2024-05-14 22:50:44	ActionGesture	BrowRaise
2024-05-14 22:50:45	MonitorSpeechStart	Shall we carry on?	950
2024-05-14 22:50:46	ActionGesture	BrowRaise
2024-05-14 22:53:01	Autoreload is disabled because the development mode is off.
2024-05-14 22:53:02	Application started in 0.899 seconds.
2024-05-14 22:53:02	Responding at http://127.0.0.1:8888
2024-05-14 22:53:06	----------------- NEW EXECUTION-------------------
2024-05-14 22:53:06	SystemEvent	FLOW_START	FLOW STARTED	0.0		UNDEFINED	UNDEFINED
2024-05-14 22:53:06	FlowEvent	NEW_STATE	Sleep	0.0		UNDEFINED	Sleep
2024-05-14 22:53:06	ActionGesture	CloseEyes
2024-05-14 22:53:08	GUIEvent	GUI_RELOADED	GUI_RELOADED [ACCEPTED]	0.0	UNDEFINED	UNDEFINED	UNDEFINED
2024-05-14 22:53:08	GUIEvent	SYNCH_REQUESTED	SYNCH REQUESTED .. [ACCEPTED]	0.0	UNDEFINED	UNDEFINED	UNDEFINED
2024-05-14 22:53:10	GUIEvent	NEW_STAGE_REQUESTED	STAGE[0.2] [2] REQUESTED .. [ACCEPTED]	0.0	UNDEFINED	UNDEFINED	UNDEFINED
2024-05-14 22:53:10	SystemEvent	USER_SET	USER SET IN GUI.	0.2	2	UNDEFINED	UNDEFINED
2024-05-14 22:53:10	FlowEvent	NEW_STATE	Welcome	0.2		CONDITION1	Welcome
2024-05-14 22:53:10	ActionGesture	OpenEyes
2024-05-14 22:53:10	ActionGesture	Smile
2024-05-14 22:53:11	MonitorSpeechStart	Oh, hello there	1105
2024-05-14 22:53:11	ActionGesture	BrowRaise
2024-05-14 22:53:13	ActionGesture	BigSmile
2024-05-14 22:53:13	MonitorSpeechStart	Nice to meet you.	824
2024-05-14 22:53:13	ActionGesture	BrowRaise
2024-05-14 22:53:15	MonitorSpeechStart	How you doing?	741
2024-05-14 22:53:15	ActionGesture	BrowRaise
2024-05-14 22:53:18	GUIEvent	NEW_STAGE_REQUESTED	STAGE[1] [2] REQUESTED .. [ACCEPTED]	0.2	2	CONDITION1	UNDEFINED
2024-05-14 22:53:21	MonitorSpeechStart	Oops, I don't hear you.	1345
2024-05-14 22:53:22	ActionGesture	BrowRaise
2024-05-14 22:53:23	MonitorSpeechStart	Oh, you there.	1008
2024-05-14 22:53:23	ActionGesture	BrowRaise
2024-05-14 22:53:25	MonitorSpeechStart	Shall we carry on?	950
2024-05-14 22:53:26	ActionGesture	BrowRaise
