2024-05-13 16:14:53	Autoreload is disabled because the development mode is off.
2024-05-13 16:14:54	Application started in 0.581 seconds.
2024-05-13 16:14:54	Responding at http://127.0.0.1:8888
2024-05-13 16:14:57	----------------- NEW EXECUTION-------------------
2024-05-13 16:14:57	ActionGesture	CloseEyes
2024-05-13 16:15:01	GUIEvent	GUI_RELOADED	GUI_RELOADED [ACCEPTED]	0.0	UNDEFINED
2024-05-13 16:15:02	GUIEvent	SYNCH_REQUESTED	SYNCH REQUESTED .. [ACCEPTED]	0.0	UNDEFINED
2024-05-13 16:15:04	GUIEvent	NEW_STAGE_REQUESTED	STAGE[0.2] [8] REQUESTED .. [ACCEPTED]	0.2	8
2024-05-13 16:15:04	ActionGesture	OpenEyes
2024-05-13 16:15:04	ActionGesture	Smile
2024-05-13 16:15:04	MonitorSpeechStart	Oh, hello there	1105
2024-05-13 16:15:05	ActionGesture	BrowRaise
2024-05-13 16:15:07	ActionGesture	BigSmile
2024-05-13 16:15:07	MonitorSpeechStart	Nice to meet you.	824
2024-05-13 16:15:07	ActionGesture	BrowRaise
2024-05-13 16:15:09	MonitorSpeechStart	How you doing?	741
2024-05-13 16:15:09	ActionGesture	BrowRaise
2024-05-13 16:15:15	MonitorSpeechStart	Oops, I don't hear you.	1345
2024-05-13 16:15:15	ActionGesture	BrowRaise
2024-05-13 16:15:16	MonitorSpeechStart	Oh, you there.	1008
2024-05-13 16:15:17	ActionGesture	BrowRaise

2024-05-13 18:16:34	Autoreload is disabled because the development mode is off.
2024-05-13 18:16:34	Application started in 0.528 seconds.
2024-05-13 18:16:35	Responding at http://127.0.0.1:8888
2024-05-13 18:16:38	----------------- NEW EXECUTION-------------------
2024-05-13 18:16:38	ActionGesture	CloseEyes
2024-05-13 18:16:49	GUIEvent	GUI_RELOADED	GUI_RELOADED [ACCEPTED]	0.0	UNDEFINED	UNDEFINED	UNDEFINED
2024-05-13 18:16:49	GUIEvent	SYNCH_REQUESTED	SYNCH REQUESTED .. [ACCEPTED]	0.0	UNDEFINED	UNDEFINED	UNDEFINED
2024-05-13 18:17:03	GUIEvent	NEW_STAGE_REQUESTED	STAGE[0.2] [22] REQUESTED .. [ACCEPTED]	0.0	UNDEFINED	UNDEFINED	UNDEFINED
2024-05-13 18:17:03	ActionGesture	OpenEyes
2024-05-13 18:17:03	ActionGesture	Smile
2024-05-13 18:17:03	MonitorSpeechStart	Oh, hello there	1105
2024-05-13 18:17:04	ActionGesture	BrowRaise
2024-05-13 18:17:05	ActionGesture	BigSmile
2024-05-13 18:17:06	MonitorSpeechStart	Nice to meet you.	824
2024-05-13 18:17:06	ActionGesture	BrowRaise
