2024-05-08 19:22:11	Autoreload is disabled because the development mode is off.
2024-05-08 19:22:11	Application started in 0.511 seconds.
2024-05-08 19:22:11	Responding at http://127.0.0.1:1234
2024-05-08 19:22:12	----------------- NEW EXECUTION-------------------
2024-05-08 19:22:12	ActionGesture	CloseEyes
2024-05-08 19:22:16	GUIEvent	GUI_RELOADED	GUI_RELOADED [ACCEPTED]
2024-05-08 19:22:16	GUIEvent	SYNCH_REQUESTED	SYNCH REQUESTED .. [ACCEPTED]
2024-05-08 19:22:30	GUIEvent	NEW_STAGE_REQUESTED	STAGE[0.2] REQUESTED .. [ACCEPTED]
2024-05-08 19:26:18	Autoreload is disabled because the development mode is off.
2024-05-08 19:26:18	Application started in 0.512 seconds.
2024-05-08 19:26:18	Responding at http://127.0.0.1:1234
2024-05-08 19:26:19	----------------- NEW EXECUTION-------------------
2024-05-08 19:26:19	ActionGesture	CloseEyes
2024-05-08 19:26:22	GUIEvent	GUI_RELOADED	GUI_RELOADED [ACCEPTED]	0.0	
2024-05-08 19:26:23	GUIEvent	SYNCH_REQUESTED	SYNCH REQUESTED .. [ACCEPTED]	0.0	
2024-05-08 19:26:42	GUIEvent	NEW_STAGE_REQUESTED	STAGE[0.2] REQUESTED .. [ACCEPTED]	0.0	
2024-05-08 19:36:29	Autoreload is disabled because the development mode is off.
2024-05-08 19:36:29	Application started in 0.508 seconds.
2024-05-08 19:36:29	Responding at http://127.0.0.1:1234
2024-05-08 19:36:30	----------------- NEW EXECUTION-------------------
2024-05-08 19:36:30	ActionGesture	CloseEyes
2024-05-08 19:36:35	GUIEvent	GUI_RELOADED	GUI_RELOADED [ACCEPTED]	0.0	UNDEFINED
2024-05-08 19:36:35	GUIEvent	SYNCH_REQUESTED	SYNCH REQUESTED .. [ACCEPTED]	0.0	UNDEFINED
2024-05-08 19:36:45	GUIEvent	NEW_STAGE_REQUESTED	STAGE[0.2] [30] REQUESTED .. [ACCEPTED]	0.0	UNDEFINED
2024-05-08 19:37:30	MonitorSpeechStart	No start signal received, terminating the program.	2929
2024-05-08 19:37:33	ActionGesture	BrowRaise
2024-05-08 19:53:24	Autoreload is disabled because the development mode is off.
2024-05-08 19:53:24	Application started in 0.512 seconds.
2024-05-08 19:53:24	Responding at http://127.0.0.1:1234
2024-05-08 19:53:25	----------------- NEW EXECUTION-------------------
2024-05-08 19:53:25	ActionGesture	CloseEyes
2024-05-08 19:53:30	GUIEvent	GUI_RELOADED	GUI_RELOADED [ACCEPTED]	0.0	UNDEFINED
2024-05-08 19:53:30	GUIEvent	SYNCH_REQUESTED	SYNCH REQUESTED .. [ACCEPTED]	0.0	
2024-05-08 19:53:39	GUIEvent	NEW_STAGE_REQUESTED	STAGE[0.2] [28] REQUESTED .. [REJECTED]	0.0	
