2024-05-07 17:01:24	Autoreload is disabled because the development mode is off.
2024-05-07 17:01:24	Application started in 0.59 seconds.
2024-05-07 17:01:24	Responding at http://127.0.0.1:1234
2024-05-07 17:01:25	----------------- NEW EXECUTION-------------------
2024-05-07 17:01:25	ActionGesture	CloseEyes
2024-05-07 17:01:30	GUIEvent	GUI_RELOADED	GUI_RELOADED [ACCEPTED]
2024-05-07 17:01:30	GUIEvent	CURRENT_STAGE_REQUESTED	STAGE [0] REQUESTED .. [ACCEPTED]
2024-05-07 17:01:31	GUIEvent	NEW_STAGE_REQUESTED	STAGE [0.1] REQUESTED .. [ACCEPTED]
2024-05-07 17:01:34	GUIEvent	NEW_STAGE_REQUESTED	STAGE [0.2] REQUESTED .. [ACCEPTED]
2024-05-07 17:01:38	ActionGesture	Smile
2024-05-07 17:01:39	SenseSpeech	how are you	1138
2024-05-07 17:01:39	ActionGesture	OpenEyes
2024-05-07 17:01:39	ActionGesture	Smile
2024-05-07 17:01:40	MonitorSpeechStart	Hi there	477
2024-05-07 17:01:40	ActionGesture	BrowRaise
2024-05-07 17:01:41	MonitorSpeechStart	hey	347
2024-05-07 17:01:42	ActionGesture	BrowRaise
2024-05-07 17:01:42	ActionGesture	BigSmile
2024-05-07 17:01:42	MonitorSpeechStart	Nice to meet you.	824
2024-05-07 17:01:42	ActionGesture	BrowRaise
2024-05-07 17:01:44	MonitorSpeechStart	How you doing?	741
2024-05-07 17:01:44	ActionGesture	BrowRaise
2024-05-07 17:01:46	ActionGesture	Smile
2024-05-07 17:01:48	SenseSpeech	how are you doing	1391
2024-05-07 17:01:48	MonitorSpeechStart	Ok	618
2024-05-07 17:01:48	ActionGesture	BrowRaise
2024-05-07 17:01:50	MonitorSpeechStart	I suppose you read the instructions a little bit	2232
2024-05-07 17:01:51	ActionGesture	BrowRaise
2024-05-07 17:01:53	MonitorSpeechStart	Right?	438
2024-05-07 17:01:53	ActionGesture	BrowRaise
2024-05-07 17:01:55	ActionGesture	Smile
2024-05-07 17:01:56	SenseSpeech	right	876
2024-05-07 17:01:56	MonitorSpeechStart	Oops, I didn't get that.	1517
2024-05-07 17:01:57	ActionGesture	BrowRaise
2024-05-07 17:01:58	MonitorSpeechStart	So	386
2024-05-07 17:01:59	MonitorSpeechStart	I guess we have clear what we have to do now, right?	2718
2024-05-07 17:02:01	ActionGesture	BrowRaise
2024-05-07 17:02:02	ActionGesture	BrowRaise
2024-05-07 17:02:05	ActionGesture	Smile
2024-05-07 17:02:07	SenseSpeech	yes	1087
2024-05-07 17:02:07	MonitorSpeechStart	Right, as far as I know, once you press the button there on the tablet, we will both get a question to resolve together.	6190
2024-05-07 17:02:07	ActionGesture	BrowRaise
2024-05-07 17:02:08	ActionGesture	BrowRaise
2024-05-07 17:02:10	ActionGesture	BrowRaise
2024-05-07 17:02:13	ActionGesture	BrowRaise
2024-05-07 17:02:14	GUIEvent	NEW_STAGE_REQUESTED	STAGE [1] REQUESTED .. [ACCEPTED]
2024-05-07 17:02:15	ActionGesture	Smile
2024-05-07 17:02:15	MonitorSpeechStart	1	597
2024-05-07 17:02:15	ActionGesture	BrowRaise
2024-05-07 17:02:16	SenseSpeech	together	843
2024-05-07 17:02:19	ActionGesture	Smile
2024-05-07 17:02:20	SenseSpeech	1	870
2024-05-07 17:02:20	MonitorSpeechStart	Did you mark the answer yet?	1180
2024-05-07 17:02:21	ActionGesture	BrowRaise
2024-05-07 17:02:22	ActionGesture	Smile
2024-05-07 17:02:24	SenseSpeech	did you mark the answer yet	1605
2024-05-07 17:02:26	MonitorSpeechStart	This is definitely true	1303
2024-05-07 17:02:26	ActionGesture	Smile
2024-05-07 17:02:26	ActionGesture	BrowRaise
2024-05-07 17:02:27	SenseSpeech	yes	919
2024-05-07 17:02:27	MonitorSpeechStart	Just mark what I said, confirm and move on to next	2881
2024-05-07 17:02:28	ActionGesture	BrowRaise
2024-05-07 17:02:30	ActionGesture	BrowRaise
2024-05-07 17:02:31	GUIEvent	NEW_STAGE_REQUESTED	STAGE [2] REQUESTED .. [ACCEPTED]
2024-05-07 17:02:31	MonitorSpeechStart	Good boy. Now confirm	1777
2024-05-07 17:02:33	ActionGesture	BrowRaise
2024-05-07 17:02:35	ActionGesture	Smile
2024-05-07 17:02:36	SenseSpeech	now confirm	1128
2024-05-07 17:02:36	MonitorSpeechStart	Just mark what I said, confirm and move on to next	2881
2024-05-07 17:02:37	ActionGesture	BrowRaise
2024-05-07 17:02:39	ActionGesture	BrowRaise
2024-05-07 17:02:40	ActionGesture	Smile
2024-05-07 17:04:32	Autoreload is disabled because the development mode is off.
2024-05-07 17:04:33	Application started in 0.563 seconds.
2024-05-07 17:04:33	Responding at http://127.0.0.1:1234
2024-05-07 17:04:33	----------------- NEW EXECUTION-------------------
2024-05-07 17:04:33	ActionGesture	CloseEyes
2024-05-07 17:04:46	GUIEvent	GUI_RELOADED	GUI_RELOADED [ACCEPTED]
2024-05-07 17:04:46	GUIEvent	CURRENT_STAGE_REQUESTED	STAGE [0] REQUESTED .. [ACCEPTED]
2024-05-07 17:05:25	GUIEvent	NEW_STAGE_REQUESTED	STAGE [0.1] REQUESTED .. [ACCEPTED]
2024-05-07 17:05:34	MonitorSpeechStart	No start signal received, terminating the program.	2929
2024-05-07 17:05:36	ActionGesture	BrowRaise
2024-05-07 17:12:26	Autoreload is disabled because the development mode is off.
2024-05-07 17:12:26	Application started in 0.581 seconds.
2024-05-07 17:12:27	Responding at http://127.0.0.1:1234
2024-05-07 17:12:27	----------------- NEW EXECUTION-------------------
2024-05-07 17:12:27	ActionGesture	CloseEyes
2024-05-07 17:12:50	GUIEvent	GUI_RELOADED	GUI_RELOADED [ACCEPTED]
2024-05-07 17:12:50	GUIEvent	CURRENT_STAGE_REQUESTED	STAGE [0] REQUESTED .. [ACCEPTED]
2024-05-07 17:12:54	GUIEvent	NEW_STAGE_REQUESTED	STAGE [0.1] REQUESTED .. [ACCEPTED]
2024-05-07 17:12:58	GUIEvent	NEW_STAGE_REQUESTED	STAGE [0.2] REQUESTED .. [ACCEPTED]
2024-05-07 17:12:59	ActionGesture	Smile
2024-05-07 17:13:54	Autoreload is disabled because the development mode is off.
2024-05-07 17:13:54	Application started in 0.605 seconds.
2024-05-07 17:13:55	Responding at http://127.0.0.1:1234
2024-05-07 17:13:55	----------------- NEW EXECUTION-------------------
2024-05-07 17:13:55	ActionGesture	CloseEyes
2024-05-07 17:13:59	GUIEvent	GUI_RELOADED	GUI_RELOADED [ACCEPTED]
2024-05-07 17:13:59	GUIEvent	CURRENT_STAGE_REQUESTED	STAGE [0] REQUESTED .. [ACCEPTED]
2024-05-07 17:14:00	GUIEvent	NEW_STAGE_REQUESTED	STAGE [0.1] REQUESTED .. [ACCEPTED]
2024-05-07 17:14:55	MonitorSpeechStart	No start signal received, terminating the program.	2929
2024-05-07 17:14:58	ActionGesture	BrowRaise
2024-05-07 17:31:54	Autoreload is disabled because the development mode is off.
2024-05-07 17:31:55	Application started in 0.567 seconds.
2024-05-07 17:31:55	Responding at http://127.0.0.1:1234
2024-05-07 17:31:56	----------------- NEW EXECUTION-------------------
2024-05-07 17:31:56	ActionGesture	CloseEyes
2024-05-07 17:32:01	GUIEvent	NEW_STAGE_REQUESTED	STAGE [0.2] REQUESTED .. [REJECTED]
2024-05-07 17:32:10	GUIEvent	GUI_RELOADED	GUI_RELOADED [ACCEPTED]
2024-05-07 17:32:10	GUIEvent	CURRENT_STAGE_REQUESTED	STAGE [0] REQUESTED .. [ACCEPTED]
2024-05-07 17:32:12	GUIEvent	NEW_STAGE_REQUESTED	STAGE [0.1] REQUESTED .. [ACCEPTED]
2024-05-07 17:32:12	GUIEvent	NEW_STAGE_REQUESTED	STAGE [0.2] REQUESTED .. [ACCEPTED]
2024-05-07 17:32:16	ActionGesture	Smile
2024-05-07 17:32:17	SenseSpeech	hello	1266
2024-05-07 17:32:17	ActionGesture	OpenEyes
2024-05-07 17:32:17	ActionGesture	Smile
2024-05-07 17:32:17	MonitorSpeechStart	Hi there	477
2024-05-07 17:32:18	ActionGesture	BrowRaise
2024-05-07 17:32:19	MonitorSpeechStart	hey	347
2024-05-07 17:32:19	ActionGesture	BrowRaise
2024-05-07 17:32:19	ActionGesture	BigSmile
2024-05-07 17:32:20	MonitorSpeechStart	Nice to meet you.	824
2024-05-07 17:32:20	ActionGesture	BrowRaise
2024-05-07 17:32:21	MonitorSpeechStart	How you doing?	741
2024-05-07 17:32:22	ActionGesture	BrowRaise
2024-05-07 17:32:24	ActionGesture	Smile
2024-05-07 17:32:26	SenseSpeech	how you doing yeah	1852
2024-05-07 17:32:26	MonitorSpeechStart	Ok	618
2024-05-07 17:32:26	ActionGesture	BrowRaise
2024-05-07 17:32:28	MonitorSpeechStart	I suppose you read the instructions a little bit	2232
2024-05-07 17:32:29	ActionGesture	BrowRaise
2024-05-07 17:32:31	MonitorSpeechStart	Right?	438
2024-05-07 17:32:31	ActionGesture	BrowRaise
2024-05-07 17:32:33	ActionGesture	Smile
2024-05-07 17:32:34	SenseSpeech	right yes	1200
2024-05-07 17:32:35	MonitorSpeechStart	Right, as far as I know, once you press the button there on the tablet, we will both get a question to resolve together.	6190
2024-05-07 17:32:35	ActionGesture	BrowRaise
2024-05-07 17:32:36	ActionGesture	BrowRaise
2024-05-07 17:32:38	ActionGesture	BrowRaise
2024-05-07 17:32:41	ActionGesture	BrowRaise
2024-05-07 17:32:42	MonitorSpeechStart	So	386
2024-05-07 17:32:42	GUIEvent	NEW_STAGE_REQUESTED	STAGE [1] REQUESTED .. [ACCEPTED]
2024-05-07 17:32:43	MonitorSpeechStart	Question 1	821
2024-05-07 17:32:43	ActionGesture	BrowRaise
2024-05-07 17:32:45	ActionGesture	Smile
2024-05-07 17:32:46	SenseSpeech	so question 1	1702
2024-05-07 17:32:46	MonitorSpeechStart	Holy	459
2024-05-07 17:32:47	ActionGesture	Smile
2024-05-07 17:32:48	SenseSpeech	all right so	1238
2024-05-07 17:32:49	MonitorSpeechStart	Did you mark the answer yet?	1180
2024-05-07 17:32:49	ActionGesture	BrowRaise
2024-05-07 17:32:51	ActionGesture	Smile
2024-05-07 17:32:54	SenseSpeech	did you mark the answer yet right so	3232
2024-05-07 17:32:56	ActionGesture	Smile
2024-05-07 17:32:56	MonitorSpeechStart	I am not entirely sure but I'd say false	2348
2024-05-07 17:32:57	SenseSpeech	um	982
2024-05-07 17:32:58	MonitorSpeechStart	Just mark what I said, confirm and move on to next	2881
2024-05-07 17:32:58	ActionGesture	BrowRaise
2024-05-07 17:33:00	ActionGesture	BrowRaise
2024-05-07 17:33:02	ActionGesture	Smile
2024-05-07 17:33:03	SenseSpeech	Burman move on to	1386
2024-05-07 17:33:03	MonitorSpeechStart	Just mark what I said, confirm and move on to next	2881
2024-05-07 17:33:04	ActionGesture	BrowRaise
2024-05-07 17:33:06	ActionGesture	BrowRaise
2024-05-07 17:33:08	ActionGesture	Smile
2024-05-07 17:33:18	SenseSpeech	to confirm anything right at some point I this could appear later alright would you put false or true and and uh they would Mark true or false	10269
2024-05-07 17:33:18	MonitorSpeechStart	Just mark what I said, confirm and move on to next	2881
2024-05-07 17:33:19	ActionGesture	BrowRaise
2024-05-07 17:33:21	ActionGesture	BrowRaise
2024-05-07 17:33:22	ActionGesture	Smile
2024-05-07 17:33:30	SenseSpeech	confirm and move on to EU detected that you press anything you you marked an answer so at that point uh	7286
2024-05-07 17:33:30	MonitorSpeechStart	Just mark what I said, confirm and move on to next	2881
2024-05-07 17:33:31	ActionGesture	BrowRaise
2024-05-07 17:33:32	ActionGesture	BrowRaise
2024-05-07 17:33:33	ActionGesture	Smile
2024-05-07 17:33:34	SenseSpeech	really	754
2024-05-07 17:33:34	GUIEvent	NEW_STAGE_REQUESTED	STAGE [2] REQUESTED .. [ACCEPTED]
2024-05-07 17:33:35	MonitorSpeechStart	Good boy. Now confirm	1777
2024-05-07 17:33:36	ActionGesture	BrowRaise
2024-05-07 17:33:38	ActionGesture	Smile
