2024-05-18 15:58:07	Autoreload is disabled because the development mode is off.
2024-05-18 15:58:08	Application started in 0.603 seconds.
2024-05-18 15:58:08	Responding at http://127.0.0.1:8888
2024-05-18 15:58:11	----------------- NEW EXECUTION-------------------
2024-05-18 15:58:11	ActionGesture	CloseEyes
2024-05-18 15:58:21	GUIEvent	GUI_RELOADED	GUI_RELOADED [ACCEPTED]	0.0	UNDEFINED	UNDEFINED	Init
2024-05-18 15:58:22	GUIEvent	SYNCH_REQUESTED	SYNCH REQUESTED .. [ACCEPTED]	0.0	UNDEFINED	UNDEFINED	Init
2024-05-18 15:58:23	GUIEvent	NEW_STAGE_REQUESTED	STAGE[0.2] [13] REQUESTED .. [ACCEPTED]	0.0	UNDEFINED	UNDEFINED	Init
2024-05-18 15:58:23	SessionEvent	USER_SET	USER TO ACTIVATE.	0.2	13	UNDEFINED	Init
2024-05-18 15:58:23	ActionGesture	OpenEyes
2024-05-18 15:58:23	ActionGesture	Smile
2024-05-18 15:58:23	MonitorSpeechStart	Oh, hello there	1105
2024-05-18 15:58:24	ActionGesture	BrowRaise
2024-05-18 15:58:25	ActionGesture	BigSmile
2024-05-18 15:58:26	MonitorSpeechStart	Nice to meet you.	824
2024-05-18 15:58:26	ActionGesture	BrowRaise
2024-05-18 15:58:27	MonitorSpeechStart	How you doing?	741
2024-05-18 15:58:27	ActionGesture	BrowRaise
2024-05-18 15:58:28	GUIEvent	NEW_STAGE_REQUESTED	STAGE[1] [13] REQUESTED .. [ACCEPTED]	0.2	13	CONDITION1	Init
2024-05-18 15:58:28	SessionEvent	QUESTION_SET	NEW QUESTION TO ACTIVATE	1		CONDITION1	Init
2024-05-18 15:58:28	MonitorSpeechStart	Ok #QNUM#. Let's see	2658
2024-05-18 15:58:30	ActionGesture	BrowRaise
2024-05-18 15:58:30	ActionGesture	BrowRaise
2024-05-18 15:58:36	MonitorSpeechStart	Ok let me know when you marked the answer	2040
2024-05-18 15:58:38	ActionGesture	BrowRaise
2024-05-18 15:58:41	ActionGesture	Smile
2024-05-18 15:58:42	SenseSpeech	can you have my time	1300
2024-05-18 15:58:42	MonitorSpeechStart	REJOINDER_DISAGREED	1699
2024-05-18 15:58:42	ActionGesture	BrowRaise
2024-05-18 15:58:43	ActionGesture	BrowRaise
2024-05-18 15:58:44	MonitorSpeechStart	We need to register our preliminary response.	2243
2024-05-18 15:58:46	ActionGesture	BrowRaise
2024-05-18 15:58:49	ActionGesture	Smile
2024-05-18 15:58:51	SenseSpeech	can I have my more time	1813
2024-05-18 15:58:51	MonitorSpeechStart	REJOINDER_DISAGREED	1699
2024-05-18 15:58:51	ActionGesture	BrowRaise
2024-05-18 15:58:52	ActionGesture	BrowRaise
2024-05-18 15:58:53	MonitorSpeechStart	We need to select whether we believe it to be true or false. DId you?	3651
2024-05-18 15:58:55	ActionGesture	BrowRaise
2024-05-18 15:58:59	ActionGesture	Smile
2024-05-18 15:59:00	SenseSpeech	more time	1206
2024-05-18 15:59:00	MonitorSpeechStart	BACKCHANNEL	666
2024-05-18 15:59:01	ActionGesture	BrowRaise
2024-05-18 15:59:01	MonitorSpeechStart	I have registered my answer, did you? Do it too if you haven't.	3512
2024-05-18 15:59:03	ActionGesture	BrowRaise
2024-05-18 15:59:04	ActionGesture	BrowRaise
2024-05-18 15:59:07	ActionGesture	Smile
2024-05-18 15:59:09	SenseSpeech	can I have more time	1820
2024-05-18 15:59:09	MonitorSpeechStart	REJOINDER_DISAGREED	1699
2024-05-18 15:59:10	ActionGesture	BrowRaise
2024-05-18 15:59:11	ActionGesture	BrowRaise
2024-05-18 15:59:11	MonitorSpeechStart	We need to register our preliminary response.	2243
2024-05-18 15:59:13	ActionGesture	BrowRaise
2024-05-18 15:59:17	ActionGesture	Smile
2024-05-18 15:59:19	SenseSpeech	I uh wait	2093
2024-05-18 15:59:19	MonitorSpeechStart	Yes I would give you more time but I have not been programmed for this yet	3193
2024-05-18 15:59:20	ActionGesture	BrowRaise
2024-05-18 15:59:22	ActionGesture	BrowRaise
2024-05-18 15:59:23	GUIEvent	ANSWER_MARKED	ANSWER[TRUE] [1] [13] SENT .. [ACCEPTED]	1	13	CONDITION1	Init
2024-05-18 15:59:28	MonitorSpeechStart	SILENCE	639
2024-05-18 15:59:28	ActionGesture	BrowRaise
2024-05-18 15:59:28	MonitorSpeechStart	We need to select whether we believe it to be true or false. DId you?	3651
2024-05-18 15:59:31	ActionGesture	BrowRaise
2024-05-18 15:59:34	ActionGesture	Smile
2024-05-18 15:59:35	SenseSpeech	yes	1064
2024-05-18 15:59:35	MonitorSpeechStart	ASSENT	577
2024-05-18 15:59:35	ActionGesture	BrowRaise
2024-05-18 15:59:36	MonitorSpeechStart	I replied that it is true. What did you answer?	2636
2024-05-18 15:59:38	ActionGesture	BrowRaise
2024-05-18 15:59:40	ActionGesture	Smile
2024-05-18 15:59:42	SenseSpeech	I also	1500
2024-05-18 15:59:42	MonitorSpeechStart	Review!	524
2024-05-18 15:59:48	MonitorSpeechStart	FRIENDLY CLAIM 1 (Part1) NEUTRAL FOR Q1	3580
2024-05-18 15:59:51	ActionGesture	BrowRaise
2024-05-18 15:59:55	ActionGesture	Smile
2024-05-18 15:59:57	SenseSpeech	yeah I agree	2021
2024-05-18 15:59:58	MonitorSpeechStart	FRIENDLY CLAIM 1 (Part2) NEUTRAL FOR Q1	3430
