2024-05-18 16:00:01	ActionGesture	BrowRaise
2024-05-18 16:00:06	ActionGesture	Smile
2024-05-18 16:00:08	SenseSpeech	yeah	1326
2024-05-18 16:00:08	MonitorSpeechStart	Checkpoint!	648
2024-05-18 16:00:08	ActionGesture	BrowRaise
2024-05-18 16:00:09	MonitorSpeechStart	we agree with #ROBOT_ANSWER# as we discussed?	3387
2024-05-18 16:00:10	ActionGesture	BrowRaise
2024-05-18 16:00:12	ActionGesture	BrowRaise
2024-05-18 16:00:15	ActionGesture	Smile
2024-05-18 16:00:16	SenseSpeech	I think so	1332
2024-05-18 16:00:16	MonitorSpeechStart	Review!	524
2024-05-18 16:04:44	Autoreload is disabled because the development mode is off.
2024-05-18 16:04:45	Application started in 0.566 seconds.
2024-05-18 16:04:45	Responding at http://127.0.0.1:8888
2024-05-18 16:04:49	----------------- NEW EXECUTION-------------------
2024-05-18 16:04:49	ActionGesture	CloseEyes
2024-05-18 16:04:52	GUIEvent	SYNCH_REQUESTED	SYNCH REQUESTED .. [REJECTED]	0.0	UNDEFINED	UNDEFINED	Init
2024-05-18 16:04:53	GUIEvent	GUI_RELOADED	GUI_RELOADED [ACCEPTED]	0.0	UNDEFINED	UNDEFINED	Init
2024-05-18 16:04:53	GUIEvent	SYNCH_REQUESTED	SYNCH REQUESTED .. [ACCEPTED]	0.0	UNDEFINED	UNDEFINED	Init
2024-05-18 16:04:55	GUIEvent	NEW_STAGE_REQUESTED	STAGE[0.2] [3] REQUESTED .. [ACCEPTED]	0.0	UNDEFINED	UNDEFINED	Init
2024-05-18 16:04:55	SessionEvent	USER_SET	USER TO ACTIVATE.	0.2	3	UNDEFINED	Init
2024-05-18 16:04:55	ActionGesture	OpenEyes
2024-05-18 16:04:55	ActionGesture	Smile
2024-05-18 16:04:55	MonitorSpeechStart	Hi there	477
2024-05-18 16:04:55	ActionGesture	BrowRaise
2024-05-18 16:04:56	ActionGesture	BigSmile
2024-05-18 16:04:57	MonitorSpeechStart	Nice to meet you.	824
2024-05-18 16:04:57	ActionGesture	BrowRaise
2024-05-18 16:04:58	MonitorSpeechStart	How you doing?	741
2024-05-18 16:04:59	ActionGesture	BrowRaise
2024-05-18 16:04:59	GUIEvent	NEW_STAGE_REQUESTED	STAGE[1] [3] REQUESTED .. [ACCEPTED]	0.2	3	CONDITION1	Init
2024-05-18 16:04:59	SessionEvent	QUESTION_SET	NEW QUESTION TO ACTIVATE	1		CONDITION1	Init
2024-05-18 16:05:00	MonitorSpeechStart	Ok #QNUM#. Let's see	2658
2024-05-18 16:05:01	ActionGesture	BrowRaise
2024-05-18 16:05:02	ActionGesture	BrowRaise
2024-05-18 16:05:05	GUIEvent	ANSWER_MARKED	ANSWER[FALSE] [1] [3] SENT .. [ACCEPTED]	1	3	CONDITION1	Init
2024-05-18 16:05:08	MonitorSpeechStart	Ok let me know when you marked the answer	2040
2024-05-18 16:05:09	ActionGesture	BrowRaise
2024-05-18 16:05:11	ActionGesture	Smile
2024-05-18 16:05:12	SenseSpeech	I marked the answer	1467
2024-05-18 16:05:13	MonitorSpeechStart	ANSWER_MARKED	1389
2024-05-18 16:05:13	ActionGesture	BrowRaise
2024-05-18 16:05:14	ActionGesture	BrowRaise
2024-05-18 16:05:14	MonitorSpeechStart	I replied that it is true. What did you answer?	2636
2024-05-18 16:05:17	ActionGesture	BrowRaise
2024-05-18 16:05:18	ActionGesture	Smile
2024-05-18 16:05:20	SenseSpeech	I answer false	1503
2024-05-18 16:05:20	MonitorSpeechStart	DENIAL	524
2024-05-18 16:05:21	ActionGesture	BrowRaise
2024-05-18 16:05:21	MonitorSpeechStart	Persuasion!	777
2024-05-18 16:05:21	ActionGesture	BrowRaise
2024-05-18 16:05:22	MonitorSpeechStart	CLAIM 1 NEUTRAL 1 FOR Q 1	2095
2024-05-18 16:05:22	ActionGesture	BrowRaise
2024-05-18 16:05:24	ActionGesture	BrowRaise
2024-05-18 16:05:29	MonitorSpeechStart	SILENCE	639
2024-05-18 16:05:30	ActionGesture	BrowRaise
2024-05-18 16:05:31	MonitorSpeechStart	CLAIM 2 NEUTRAL 1 FOR Q 1	2114
2024-05-18 16:05:32	ActionGesture	BrowRaise
2024-05-18 16:05:33	ActionGesture	BrowRaise
2024-05-18 16:05:36	ActionGesture	Smile
2024-05-18 16:05:38	SenseSpeech	I disagree with that	2289
2024-05-18 16:05:38	MonitorSpeechStart	DENIAL	524
2024-05-18 16:05:39	ActionGesture	BrowRaise
2024-05-18 16:05:39	MonitorSpeechStart	Where you want to go from there?	1240
2024-05-18 16:05:40	ActionGesture	BrowRaise
2024-05-18 16:05:46	MonitorSpeechStart	SILENCE	639
2024-05-18 16:05:46	ActionGesture	BrowRaise
2024-05-18 16:05:47	MonitorSpeechStart	CLAIM 3 NEUTRAL 1 FOR Q 1	2205
2024-05-18 16:05:48	ActionGesture	BrowRaise
2024-05-18 16:05:49	ActionGesture	BrowRaise
2024-05-18 16:05:51	ActionGesture	Smile
2024-05-18 16:05:53	SenseSpeech	you going very fast I tell you	2116
2024-05-18 16:05:54	MonitorSpeechStart	REJOINDER_DISAGREED	1699
2024-05-18 16:05:54	ActionGesture	BrowRaise
2024-05-18 16:05:55	ActionGesture	BrowRaise
2024-05-18 16:05:56	MonitorSpeechStart	CLAIM 4 NEUTRAL 1 FOR Q 1	2245
2024-05-18 16:05:56	ActionGesture	BrowRaise
2024-05-18 16:05:58	ActionGesture	BrowRaise
2024-05-18 16:06:02	ActionGesture	Smile
2024-05-18 16:06:03	SenseSpeech	well I don't think so	1618
2024-05-18 16:06:04	MonitorSpeechStart	DENIAL	524
2024-05-18 16:06:04	ActionGesture	BrowRaise
2024-05-18 16:06:04	MonitorSpeechStart	Checkpoint!	648
2024-05-18 16:06:05	ActionGesture	BrowRaise
2024-05-18 16:06:06	MonitorSpeechStart	you agree with #ROBOT_ANSWER# as I suggest?	3483
2024-05-18 16:06:07	ActionGesture	BrowRaise
2024-05-18 16:06:09	ActionGesture	BrowRaise
2024-05-18 16:06:11	ActionGesture	Smile
2024-05-18 16:06:12	SenseSpeech	no	968
2024-05-18 16:06:12	MonitorSpeechStart	DENIAL	524
2024-05-18 16:06:13	ActionGesture	BrowRaise
2024-05-18 16:06:13	MonitorSpeechStart	Persuasion!	777
2024-05-18 16:06:14	ActionGesture	BrowRaise
2024-05-18 16:06:15	MonitorSpeechStart	Ultimatum!	656
2024-05-18 16:06:15	ActionGesture	BrowRaise
2024-05-18 16:06:16	MonitorSpeechStart	Should we mark #USER_ANSWER# as you say?	3170
2024-05-18 16:06:18	ActionGesture	BrowRaise
2024-05-18 16:06:19	ActionGesture	BrowRaise
2024-05-18 16:06:23	ActionGesture	Smile
2024-05-18 16:06:25	SenseSpeech	I think so	1898
2024-05-18 16:06:25	MonitorSpeechStart	ASSENT	577
2024-05-18 16:06:25	ActionGesture	BrowRaise
2024-05-18 16:06:26	MonitorSpeechStart	Should we mark #ROBOT_ANSWER# as I say?	3228
2024-05-18 16:06:27	ActionGesture	BrowRaise
2024-05-18 16:06:29	ActionGesture	BrowRaise
2024-05-18 16:06:35	MonitorSpeechStart	SILENCE	639
2024-05-18 16:06:35	ActionGesture	BrowRaise
2024-05-18 16:06:36	MonitorSpeechStart	True or False? We need to mark one	2330
2024-05-18 16:06:38	ActionGesture	BrowRaise
2024-05-18 16:06:40	ActionGesture	Smile
2024-05-18 16:06:47	SenseSpeech	um I think it should be false	7375
2024-05-18 16:06:48	MonitorSpeechStart	ANSWER_FALSE	1480
2024-05-18 16:06:48	ActionGesture	BrowRaise
2024-05-18 16:06:49	ActionGesture	BrowRaise
2024-05-18 16:12:10	Autoreload is disabled because the development mode is off.
2024-05-18 16:12:10	Application started in 0.577 seconds.
2024-05-18 16:12:11	Responding at http://127.0.0.1:8888
2024-05-18 16:20:31	----------------- NEW EXECUTION-------------------
2024-05-18 16:20:50	Autoreload is disabled because the development mode is off.
2024-05-18 16:20:50	Application started in 0.581 seconds.
2024-05-18 16:20:50	Responding at http://127.0.0.1:8888
2024-05-18 16:21:29	----------------- NEW EXECUTION-------------------
2024-05-18 16:23:25	Autoreload is disabled because the development mode is off.
2024-05-18 16:23:26	Application started in 0.583 seconds.
2024-05-18 16:23:26	Responding at http://127.0.0.1:8888
2024-05-18 16:25:39	----------------- NEW EXECUTION-------------------
2024-05-18 16:26:51	Autoreload is disabled because the development mode is off.
2024-05-18 16:26:51	Application started in 0.592 seconds.
2024-05-18 16:26:52	Responding at http://127.0.0.1:8888
2024-05-18 16:29:35	----------------- NEW EXECUTION-------------------
2024-05-18 16:29:40	Autoreload is disabled because the development mode is off.
2024-05-18 16:29:41	Application started in 0.614 seconds.
2024-05-18 16:29:41	Responding at http://127.0.0.1:8888
2024-05-18 16:35:45	----------------- NEW EXECUTION-------------------
2024-05-18 16:35:57	Autoreload is disabled because the development mode is off.
2024-05-18 16:35:57	Application started in 0.587 seconds.
2024-05-18 16:35:57	Responding at http://127.0.0.1:8888
2024-05-18 16:41:59	----------------- NEW EXECUTION-------------------
2024-05-18 16:41:59	ActionGesture	CloseEyes
2024-05-18 16:42:23	GUIEvent	GUI_RELOADED	GUI_RELOADED [ACCEPTED]	0.0	UNDEFINED	UNDEFINED	Init
2024-05-18 16:42:23	GUIEvent	SYNCH_REQUESTED	SYNCH REQUESTED .. [ACCEPTED]	0.0	UNDEFINED	UNDEFINED	Init
2024-05-18 16:42:24	GUIEvent	NEW_STAGE_REQUESTED	STAGE[0.2] [20] REQUESTED .. [ACCEPTED]	0.0	UNDEFINED	UNDEFINED	Init
2024-05-18 16:42:24	SessionEvent	USER_SET	USER TO ACTIVATE.	0.2	20	UNDEFINED	Init
2024-05-18 16:42:24	ActionGesture	OpenEyes
2024-05-18 16:42:24	ActionGesture	Smile
2024-05-18 16:42:25	MonitorSpeechStart	Hi there	477
2024-05-18 16:42:25	ActionGesture	BrowRaise
2024-05-18 16:42:26	ActionGesture	BigSmile
2024-05-18 16:42:26	MonitorSpeechStart	Nice to meet you.	824
2024-05-18 16:42:27	ActionGesture	BrowRaise
2024-05-18 16:42:28	GUIEvent	NEW_STAGE_REQUESTED	STAGE[1] [20] REQUESTED .. [ACCEPTED]	0.2	20	CONDITION1	Init
2024-05-18 16:42:28	SessionEvent	QUESTION_SET	NEW QUESTION TO ACTIVATE	1		CONDITION1	Init
2024-05-18 16:42:28	MonitorSpeechStart	Ok #QNUM#. Let's see	2658
2024-05-18 16:42:30	ActionGesture	BrowRaise
2024-05-18 16:42:31	ActionGesture	BrowRaise
2024-05-18 16:42:37	MonitorSpeechStart	Ok let me know when you marked the answer	2040
2024-05-18 16:42:38	ActionGesture	BrowRaise
2024-05-18 16:42:41	ActionGesture	Smile
2024-05-18 16:42:42	SenseSpeech	um	1015
2024-05-18 16:42:42	MonitorSpeechStart	BACKCHANNEL	666
2024-05-18 16:42:43	ActionGesture	BrowRaise
2024-05-18 16:42:43	MonitorSpeechStart	We need to register our preliminary response.	2243
2024-05-18 16:42:45	ActionGesture	BrowRaise
2024-05-18 16:42:47	ActionGesture	Smile
2024-05-18 16:42:48	SenseSpeech	I'm thinking	1082
2024-05-18 16:42:49	MonitorSpeechStart	BACKCHANNEL	666
2024-05-18 16:42:49	ActionGesture	BrowRaise
2024-05-18 16:42:50	MonitorSpeechStart	We need to select whether we believe it to be true or false. DId you?	3651
2024-05-18 16:42:52	ActionGesture	BrowRaise
2024-05-18 16:42:57	ActionGesture	Smile
2024-05-18 16:42:58	SenseSpeech	no	1009
2024-05-18 16:42:58	MonitorSpeechStart	DENIAL	524
2024-05-18 16:42:58	ActionGesture	BrowRaise
2024-05-18 16:42:59	MonitorSpeechStart	I have registered my answer, did you? Do it too if you haven't.	3512
2024-05-18 16:43:00	ActionGesture	BrowRaise
2024-05-18 16:43:02	ActionGesture	BrowRaise
2024-05-18 16:43:03	GUIEvent	ANSWER_MARKED	ANSWER[TRUE] [1] [20] SENT .. [ACCEPTED]	1	20	CONDITION1	Init
2024-05-18 16:43:05	ActionGesture	Smile
2024-05-18 16:43:06	SenseSpeech	okay	1070
2024-05-18 16:43:06	MonitorSpeechStart	ASSENT	577
2024-05-18 16:43:06	ActionGesture	BrowRaise
2024-05-18 16:43:07	MonitorSpeechStart	I replied that it is true. What did you answer?	2636
2024-05-18 16:43:09	ActionGesture	BrowRaise
2024-05-18 16:43:12	ActionGesture	Smile
2024-05-18 16:43:15	SenseSpeech	I replied to true	2471
2024-05-18 16:43:15	MonitorSpeechStart	ASSENT	577
2024-05-18 16:43:15	ActionGesture	BrowRaise
2024-05-18 16:43:16	MonitorSpeechStart	Review!	524
2024-05-18 16:43:32	MonitorSpeechStart	FRIENDLY CLAIM 1 (Part1) NEUTRAL FOR Q1	3580
2024-05-18 16:43:36	ActionGesture	BrowRaise
2024-05-18 16:43:39	ActionGesture	Smile
2024-05-18 16:43:41	SenseSpeech	yes I think so	1339
2024-05-18 16:43:41	MonitorSpeechStart	ASSENT	577
2024-05-18 16:43:41	ActionGesture	BrowRaise
2024-05-18 16:43:42	MonitorSpeechStart	FRIENDLY CLAIM 1 (Part2) NEUTRAL FOR Q1	3430
2024-05-18 16:43:45	ActionGesture	BrowRaise
2024-05-18 16:43:47	ActionGesture	Smile
2024-05-18 16:43:50	SenseSpeech	okay yeah we agree	2669
2024-05-18 16:43:50	MonitorSpeechStart	ASSENT	577
2024-05-18 16:43:50	ActionGesture	BrowRaise
2024-05-18 16:43:51	MonitorSpeechStart	Checkpoint!	648
2024-05-18 16:43:51	ActionGesture	BrowRaise
2024-05-18 16:43:52	MonitorSpeechStart	we agree with #ROBOT_ANSWER# as we discussed?	3387
2024-05-18 16:43:53	ActionGesture	BrowRaise
2024-05-18 16:43:55	ActionGesture	BrowRaise
2024-05-18 16:43:58	ActionGesture	Smile
2024-05-18 16:43:59	SenseSpeech	yes we agree	1777
2024-05-18 16:44:00	MonitorSpeechStart	ASSENT	577
2024-05-18 16:44:00	ActionGesture	BrowRaise
2024-05-18 16:44:00	MonitorSpeechStart	Review!	524
2024-05-18 16:45:18	MonitorSpeechStart	Ok. I marked #ROBOT_ANSWER# already. Can you mark your answer on the tablet and confim?	6316
2024-05-18 16:45:18	ActionGesture	BrowRaise
2024-05-18 16:45:19	ActionGesture	BrowRaise
2024-05-18 16:45:20	ActionGesture	BrowRaise
2024-05-18 16:45:23	ActionGesture	BrowRaise
2024-05-18 16:45:23	ActionGesture	BrowRaise
2024-05-18 16:45:24	ActionGesture	BrowRaise
2024-05-18 16:45:27	ActionGesture	Smile
2024-05-18 16:45:30	SenseSpeech	uh yeah I marked it	3055
2024-05-18 16:45:30	MonitorSpeechStart	ANSWER_MARKED	1389
2024-05-18 16:45:31	ActionGesture	BrowRaise
2024-05-18 16:45:31	ActionGesture	BrowRaise
2024-05-18 16:45:36	MonitorSpeechStart	Ok, but I am not receiving any new question. Did you press the button below?	4553
2024-05-18 16:45:37	ActionGesture	BrowRaise
2024-05-18 16:45:38	ActionGesture	BrowRaise
2024-05-18 16:45:40	ActionGesture	BrowRaise
2024-05-18 16:45:44	ActionGesture	Smile
2024-05-18 16:45:46	SenseSpeech	oh no I didn't	1924
2024-05-18 16:45:46	MonitorSpeechStart	DENIAL	524
2024-05-18 16:45:46	ActionGesture	BrowRaise
2024-05-18 16:45:50	MonitorSpeechStart	The confirm button should be below, not the TRUE and FALSE buttons.	3515
2024-05-18 16:45:50	ActionGesture	BrowRaise
2024-05-18 16:45:53	ActionGesture	BrowRaise
2024-05-18 16:45:55	GUIEvent	NEW_STAGE_REQUESTED	STAGE[2] [20] REQUESTED .. [ACCEPTED]	1	20	CONDITION1	Init
