2024-05-27 14:14:11	Autoreload is disabled because the development mode is off.
2024-05-27 14:14:11	Application started in 0.588 seconds.
2024-05-27 14:14:12	Responding at http://127.0.0.1:8888
2024-05-27 14:14:14	----------------- NEW EXECUTION-------------------
2024-05-27 14:14:14	FlowEvent	NEW_FLOW_STATE	Sleep	0.0		UNDEFINED	Sleep
2024-05-27 14:14:14	ActionGesture	CloseEyes
2024-05-27 14:14:14	ActionGesture	CloseEyes
2024-05-27 14:14:18	GUIEvent	GUI_RELOADED	GUI_RELOADED [ACCEPTED]	0.0	UNDEFINED	UNDEFINED	Sleep
2024-05-27 14:14:19	GUIEvent	NEW_STAGE_REQUESTED	STAGE[0.2] [52] REQUESTED .. [ACCEPTED]	0.0	UNDEFINED	UNDEFINED	Sleep
2024-05-27 14:14:19	SessionEvent	USER_SET	USER TO ACTIVATE.	0.2	52	UNDEFINED	Sleep
2024-05-27 14:14:19	FlowEvent	NEW_FLOW_STATE	Welcome	0.2		CONDITION3	Welcome
2024-05-27 14:14:19	ActionGesture	OpenEyes
2024-05-27 14:14:19	ActionGesture	Smile
2024-05-27 14:14:21	MonitorSpeechStart	<prosody rate="1.0">Hello there</prosody>	641
2024-05-27 14:14:23	MonitorSpeechStart	<prosody rate="1.0">Nice to meet you</prosody>	824
2024-05-27 14:14:23	ActionGesture	BrowRaise
2024-05-27 14:14:26	MonitorSpeechStart	<prosody rate="1.0">How you doing?</prosody>	741
2024-05-27 14:14:26	ActionGesture	BrowRaise
2024-05-27 14:14:28	ActionGesture	Smile
2024-05-27 14:14:29	SenseSpeech	I am doing fine	1418
2024-05-27 14:14:29	FlowEvent	NEW_FLOW_STATE	ReviewInstructions	0.2		CONDITION3	ReviewInstructions
2024-05-27 14:14:30	MonitorSpeechStart	<prosody rate="1.0">Right, as far as I know,we will get some Electronics questions to resolve together. Somebody told you?</prosody>	6104
2024-05-27 14:14:31	ActionGesture	BrowRaise
2024-05-27 14:14:32	ActionGesture	BrowRaise
2024-05-27 14:14:35	ActionGesture	BrowRaise
2024-05-27 14:14:36	ActionGesture	BrowRaise
2024-05-27 14:14:38	ActionGesture	Smile
2024-05-27 14:14:40	SenseSpeech	no	2060
2024-05-27 14:14:41	MonitorSpeechStart	<prosody rate="1.0">Oh</prosody>	459
2024-05-27 14:14:42	MonitorSpeechStart	<prosody rate="1.0">well</prosody>	454
2024-05-27 14:14:43	ActionGesture	BrowRaise
2024-05-27 14:14:44	MonitorSpeechStart	<prosody rate="1.0">Basically a question will come up on the tablet, I receive it, we think, we answer separately and then we discuss</prosody>	5938
2024-05-27 14:14:44	ActionGesture	BrowRaise
2024-05-27 14:14:46	ActionGesture	BrowRaise
2024-05-27 14:14:50	ActionGesture	BrowRaise
2024-05-27 14:14:52	MonitorSpeechStart	<prosody rate="1.0">Do you want me to explain or are you ready?</prosody>	1666
2024-05-27 14:14:53	ActionGesture	BrowRaise
2024-05-27 14:14:54	ActionGesture	BrowRaise
2024-05-27 14:14:55	ActionGesture	Smile
2024-05-27 14:14:58	SenseSpeech	I'm ready	2852
2024-05-27 14:14:59	MonitorSpeechStart	<prosody rate="1.0">Perfect</prosody>	513
2024-05-27 14:14:59	ActionGesture	BrowRaise
2024-05-27 14:15:01	MonitorSpeechStart	<prosody rate="1.0">Ok, when you press the button I will receive the first question, and show on the screen. Whenever you want.</prosody>	5763
2024-05-27 14:15:01	ActionGesture	BrowRaise
2024-05-27 14:15:03	ActionGesture	BrowRaise
2024-05-27 14:15:04	ActionGesture	BrowRaise
2024-05-27 14:15:06	GUIEvent	NEW_STAGE_REQUESTED	STAGE[1] [52] REQUESTED .. [ACCEPTED]	0.2	52	CONDITION3	ReviewInstructions
2024-05-27 14:15:06	SessionEvent	QUESTION_SET	NEW QUESTION TO ACTIVATE	1		CONDITION3	ReviewInstructions
2024-05-27 14:15:06	FlowEvent	NEW_FLOW_STATE	QuestionReflection	1		CONDITION3	QuestionReflection
2024-05-27 14:15:07	MonitorSpeechStart	<prosody rate="1.0">Ok</prosody>	618
2024-05-27 14:15:07	ActionGesture	BrowRaise
2024-05-27 14:15:09	MonitorSpeechStart	<prosody rate="1.0">I think I am getting the question 1</prosody>	1802
2024-05-27 14:15:10	ActionGesture	BrowRaise
2024-05-27 14:15:11	ActionGesture	BrowRaise
2024-05-27 14:15:13	MonitorSpeechStart	<prosody rate="1.0">Let's see</prosody>	658
2024-05-27 14:15:13	ActionGesture	BrowRaise
2024-05-27 14:15:14	ActionGesture	Smile
2024-05-27 14:15:22	GUIEvent	ANSWER_MARKED	ANSWER[TRUE] [1] [52] SENT .. [ACCEPTED]	1	52	CONDITION3	QuestionReflection
2024-05-27 14:15:25	SenseSpeech	okay I got it	10633
2024-05-27 14:15:26	MonitorSpeechStart	<prosody rate="1.0">Mm</prosody>	208
2024-05-27 14:15:28	MonitorSpeechStart	<prosody rate="1.0">Have you answered?</prosody>	752
2024-05-27 14:15:28	ActionGesture	BrowRaise
2024-05-27 14:15:30	ActionGesture	Smile
2024-05-27 14:15:44	SenseSpeech	yes	14765
2024-05-27 14:15:44	FlowEvent	NEW_FLOW_STATE	QuestionDisclosure	1		CONDITION3	QuestionDisclosure
2024-05-27 14:15:45	ActionGesture	SubtleNod
2024-05-27 14:15:46	MonitorSpeechStart	<prosody rate="1.1">Good <mark name="action"/></prosody>	364
2024-05-27 14:15:46	ActionGesture	EyesOpenBrowUpNod
2024-05-27 14:15:47	MonitorSpeechStart	<prosody rate="1.1">I'm convinced that it's TRUE <mark name="action"/></prosody>	1246
2024-05-27 14:15:48	ActionGesture	BrowRaise
2024-05-27 14:15:49	ActionGesture	EyesOpenBrowUpNod
2024-05-27 14:15:50	MonitorSpeechStart	<prosody rate="1.1">What do you think?</prosody>	677
2024-05-27 14:15:50	ActionGesture	BrowRaise
2024-05-27 14:15:52	ActionGesture	Smile
2024-05-27 14:15:57	SenseSpeech	can you repeat that	4842
2024-05-27 14:15:57	MonitorSpeechStart	<prosody rate="1.0">Yes</prosody>	493
2024-05-27 14:15:59	MonitorSpeechStart	<prosody rate="1.0">I'm convinced that it's TRUE</prosody>	1329
2024-05-27 14:16:00	ActionGesture	BrowRaise
2024-05-27 14:16:02	MonitorSpeechStart	<prosody rate="1.0">What do you think?</prosody>	726
2024-05-27 14:16:02	ActionGesture	BrowRaise
2024-05-27 14:16:04	ActionGesture	Smile
2024-05-27 14:16:07	SenseSpeech	I think um I don't know	3578
2024-05-27 14:16:07	FlowEvent	NEW_FLOW_STATE	QuestionReview	1		CONDITION3	QuestionReview
2024-05-27 14:16:08	MonitorSpeechStart	<prosody rate="1.1">Ok, let me put it this way <mark name="action"/></prosody>	1807
2024-05-27 14:16:10	ActionGesture	BrowRaise
2024-05-27 14:16:10	ActionGesture	EyesOpenBrowUpNod
2024-05-27 14:16:11	MonitorSpeechStart	<prosody rate="1.1">It is obvious, since the resistance increases with more lamps while the voltage is constant.</prosody>	4424
2024-05-27 14:16:12	ActionGesture	BrowRaise
2024-05-27 14:16:15	ActionGesture	BrowRaise
2024-05-27 14:16:16	ActionGesture	BrowRaise
2024-05-27 14:16:17	ActionGesture	Smile
2024-05-27 14:16:27	SenseSpeech	okay	10641
2024-05-27 14:16:27	ActionGesture	SubtleNod
2024-05-27 14:16:28	MonitorSpeechStart	<prosody rate="1.1">Good. You see it too? <mark name="action"/></prosody>	1400
2024-05-27 14:16:30	ActionGesture	EyesOpenBrowUpNod
2024-05-27 14:16:31	MonitorSpeechStart	<prosody rate="1.1">Enligt Ohms lag blir strömmen lägre om resistansen ökar när spänningen hålls konstant, så då kommer lamporna absolut att lysa svagare.</prosody>	7030
2024-05-27 14:16:32	ActionGesture	BrowRaise
2024-05-27 14:16:34	ActionGesture	BrowRaise
2024-05-27 14:16:37	ActionGesture	BrowRaise
2024-05-27 14:16:37	ActionGesture	BrowRaise
2024-05-27 14:16:38	ActionGesture	BrowRaise
2024-05-27 14:17:09	Autoreload is disabled because the development mode is off.
2024-05-27 14:17:10	Application started in 0.981 seconds.
2024-05-27 14:17:10	Responding at http://127.0.0.1:8888
2024-05-27 14:17:12	----------------- NEW EXECUTION-------------------
2024-05-27 14:17:12	FlowEvent	NEW_FLOW_STATE	Sleep	0.0		UNDEFINED	Sleep
2024-05-27 14:17:13	ActionGesture	CloseEyes
2024-05-27 14:17:13	ActionGesture	CloseEyes
2024-05-27 14:17:24	GUIEvent	GUI_RELOADED	GUI_RELOADED [ACCEPTED]	0.0	UNDEFINED	UNDEFINED	Sleep
2024-05-27 14:17:27	GUIEvent	NEW_STAGE_REQUESTED	STAGE[0.2] [52] REQUESTED .. [ACCEPTED]	0.0	UNDEFINED	UNDEFINED	Sleep
2024-05-27 14:17:27	SessionEvent	USER_SET	USER TO ACTIVATE.	0.2	52	UNDEFINED	Sleep
2024-05-27 14:17:27	FlowEvent	NEW_FLOW_STATE	Welcome	0.2		CONDITION3	Welcome
2024-05-27 14:17:27	ActionGesture	OpenEyes
2024-05-27 14:17:27	ActionGesture	Smile
2024-05-27 14:17:27	MonitorSpeechStart	<prosody rate="1.0">Hello there</prosody>	543
2024-05-27 14:17:28	ActionGesture	BrowRaise
2024-05-27 14:17:29	MonitorSpeechStart	<prosody rate="1.0">Nice to meet you</prosody>	824
2024-05-27 14:17:29	ActionGesture	BrowRaise
2024-05-27 14:17:31	MonitorSpeechStart	<prosody rate="1.0">How you doing?</prosody>	741
2024-05-27 14:17:31	ActionGesture	BrowRaise
2024-05-27 14:17:36	ActionGesture	Smile
2024-05-27 14:17:36	GUIEvent	NEW_STAGE_REQUESTED	STAGE[1] [52] REQUESTED .. [ACCEPTED]	0.2	52	CONDITION3	Welcome
2024-05-27 14:17:36	SessionEvent	QUESTION_SET	NEW QUESTION TO ACTIVATE	1		CONDITION3	Welcome
2024-05-27 14:17:36	FlowEvent	NEW_FLOW_STATE	QuestionReflection	1		CONDITION3	QuestionReflection
2024-05-27 14:17:36	SenseSpeech	yes	419
2024-05-27 14:17:37	MonitorSpeechStart	<prosody rate="1.0">Ok</prosody>	618
2024-05-27 14:17:37	ActionGesture	BrowRaise
2024-05-27 14:17:39	MonitorSpeechStart	<prosody rate="1.0">I think I am getting the question 1</prosody>	1802
2024-05-27 14:17:39	ActionGesture	BrowRaise
2024-05-27 14:17:40	ActionGesture	BrowRaise
2024-05-27 14:17:41	MonitorSpeechStart	<prosody rate="1.0">Let's see</prosody>	658
2024-05-27 14:17:41	ActionGesture	BrowRaise
2024-05-27 14:17:42	GUIEvent	ANSWER_MARKED	ANSWER[TRUE] [1] [52] SENT .. [ACCEPTED]	1	52	CONDITION3	QuestionReflection
2024-05-27 14:17:44	ActionGesture	Smile
2024-05-27 14:17:45	SenseSpeech	I have it	1191
2024-05-27 14:17:45	FlowEvent	NEW_FLOW_STATE	QuestionDisclosure	1		CONDITION3	QuestionDisclosure
2024-05-27 14:17:45	ActionGesture	SubtleNod
2024-05-27 14:17:45	MonitorSpeechStart	<prosody rate="1.1">Good <mark name="action"/></prosody>	364
2024-05-27 14:17:45	ActionGesture	EyesOpenBrowUpNod
2024-05-27 14:17:46	MonitorSpeechStart	<prosody rate="1.1">I'm convinced that it's TRUE <mark name="action"/></prosody>	1246
2024-05-27 14:17:47	ActionGesture	BrowRaise
2024-05-27 14:17:47	ActionGesture	EyesOpenBrowUpNod
2024-05-27 14:17:48	MonitorSpeechStart	<prosody rate="1.1">What do you think?</prosody>	677
2024-05-27 14:17:48	ActionGesture	BrowRaise
2024-05-27 14:17:55	ActionGesture	Smile
2024-05-27 14:17:56	SenseSpeech	um I'm not sure	1884
2024-05-27 14:17:56	FlowEvent	NEW_FLOW_STATE	QuestionReview	1		CONDITION3	QuestionReview
2024-05-27 14:17:57	MonitorSpeechStart	<prosody rate="1.1">Ok, let me put it this way <mark name="action"/></prosody>	1807
2024-05-27 14:17:58	ActionGesture	BrowRaise
2024-05-27 14:17:59	ActionGesture	EyesOpenBrowUpNod
2024-05-27 14:17:59	MonitorSpeechStart	<prosody rate="1.1">It is obvious, since the resistance increases with more lamps while the voltage is constant.</prosody>	4424
2024-05-27 14:17:59	ActionGesture	BrowRaise
2024-05-27 14:18:03	ActionGesture	BrowRaise
2024-05-27 14:18:03	ActionGesture	BrowRaise
2024-05-27 14:18:27	Autoreload is disabled because the development mode is off.
2024-05-27 14:18:27	Application started in 0.569 seconds.
2024-05-27 14:18:28	Responding at http://127.0.0.1:8888
2024-05-27 14:18:29	----------------- NEW EXECUTION-------------------
2024-05-27 14:18:29	FlowEvent	NEW_FLOW_STATE	Sleep	0.0		UNDEFINED	Sleep
2024-05-27 14:18:29	ActionGesture	CloseEyes
2024-05-27 14:18:29	ActionGesture	CloseEyes
2024-05-27 14:18:40	MonitorSpeechStart	<prosody rate="1.0">Bye bye!</prosody>	634
2024-05-27 14:18:40	ActionGesture	BrowRaise
2024-05-27 14:19:40	Autoreload is disabled because the development mode is off.
2024-05-27 14:19:41	Application started in 0.612 seconds.
2024-05-27 14:19:41	Responding at http://127.0.0.1:8888
2024-05-27 14:19:43	----------------- NEW EXECUTION-------------------
2024-05-27 14:19:44	FlowEvent	NEW_FLOW_STATE	Sleep	0.0		UNDEFINED	Sleep
2024-05-27 14:19:44	ActionGesture	CloseEyes
2024-05-27 14:19:44	ActionGesture	CloseEyes
2024-05-27 14:19:46	GUIEvent	GUI_RELOADED	GUI_RELOADED [ACCEPTED]	0.0	UNDEFINED	UNDEFINED	Sleep
2024-05-27 14:27:47	Autoreload is disabled because the development mode is off.
2024-05-27 14:27:47	Application started in 0.634 seconds.
2024-05-27 14:27:48	Responding at http://127.0.0.1:8888
2024-05-27 14:48:28	Autoreload is disabled because the development mode is off.
2024-05-27 14:48:28	Application started in 0.579 seconds.
2024-05-27 14:48:29	Responding at http://127.0.0.1:8888
2024-05-27 14:48:31	----------------- NEW EXECUTION-------------------
2024-05-27 14:48:31	FlowEvent	NEW_FLOW_STATE	Sleep	0.0		UNDEFINED	Sleep
2024-05-27 14:48:31	ActionGesture	CloseEyes
2024-05-27 14:48:31	ActionGesture	CloseEyes
2024-05-27 14:49:26	GUIEvent	GUI_RELOADED	GUI_RELOADED [ACCEPTED]	0.0	UNDEFINED	UNDEFINED	Sleep
2024-05-27 14:49:31	MonitorSpeechStart	<sig rate="1.0">No start signal received, terminating the program.</sig>	3293
2024-05-27 14:49:32	ActionGesture	BrowRaise
2024-05-27 14:49:32	ActionGesture	BrowRaise
2024-05-27 14:49:34	ActionGesture	BrowRaise
2024-05-27 14:50:31	Autoreload is disabled because the development mode is off.
2024-05-27 14:50:31	Application started in 0.636 seconds.
2024-05-27 14:50:31	Responding at http://127.0.0.1:8888
2024-05-27 14:50:34	----------------- NEW EXECUTION-------------------
2024-05-27 14:50:34	FlowEvent	NEW_FLOW_STATE	Sleep	0.0		UNDEFINED	Sleep
2024-05-27 14:50:34	ActionGesture	CloseEyes
2024-05-27 14:50:34	ActionGesture	CloseEyes
2024-05-27 14:54:36	Autoreload is disabled because the development mode is off.
2024-05-27 14:54:36	Application started in 0.591 seconds.
2024-05-27 14:54:37	Responding at http://127.0.0.1:8888
2024-05-27 14:54:39	----------------- NEW EXECUTION-------------------
2024-05-27 14:54:39	FlowEvent	NEW_FLOW_STATE	Sleep	0.0		UNDEFINED	Sleep
2024-05-27 14:54:39	ActionGesture	CloseEyes
2024-05-27 14:54:39	ActionGesture	CloseEyes
2024-05-27 14:54:52	GUIEvent	GUI_RELOADED	GUI_RELOADED [ACCEPTED]	0.0	UNDEFINED	UNDEFINED	Sleep
2024-05-27 14:58:49	Autoreload is disabled because the development mode is off.
2024-05-27 14:58:50	Application started in 0.631 seconds.
2024-05-27 14:58:50	Responding at http://127.0.0.1:8888
2024-05-27 14:58:51	----------------- NEW EXECUTION-------------------
2024-05-27 14:58:51	FlowEvent	NEW_FLOW_STATE	Sleep	0.0		UNDEFINED	Sleep
2024-05-27 14:58:52	ActionGesture	CloseEyes
2024-05-27 14:58:52	ActionGesture	CloseEyes
2024-05-27 14:59:00	GUIEvent	GUI_RELOADED	GUI_RELOADED [ACCEPTED]	0.0	UNDEFINED	UNDEFINED	Sleep
2024-05-27 14:59:40	GUIEvent	NEW_STAGE_REQUESTED	STAGE[0.2] [37] REQUESTED .. [ACCEPTED]	0.0	UNDEFINED	UNDEFINED	Sleep
2024-05-27 14:59:40	SessionEvent	USER_SET	USER TO ACTIVATE.	0.2	37	UNDEFINED	Sleep
2024-05-27 14:59:40	FlowEvent	NEW_FLOW_STATE	Welcome	0.2		CONDITION2	Welcome
2024-05-27 14:59:40	ActionGesture	OpenEyes
2024-05-27 14:59:40	ActionGesture	Smile
2024-05-27 14:59:41	MonitorSpeechStart	<sig rate="1.0">Hello there</sig>	817
2024-05-27 14:59:42	ActionGesture	BrowRaise
2024-05-27 14:59:43	MonitorSpeechStart	<sig rate="1.0">Nice to meet you</sig>	925
2024-05-27 14:59:44	ActionGesture	BrowRaise
2024-05-27 14:59:45	MonitorSpeechStart	<sig rate="1.0">How you doing?</sig>	782
2024-05-27 14:59:46	ActionGesture	BrowRaise
2024-05-27 14:59:54	FlowEvent	NEW_FLOW_STATE	ReviewInstructions	0.2		CONDITION2	ReviewInstructions
2024-05-27 14:59:55	MonitorSpeechStart	<sig rate="1.0">Right, as far as I know,we will get some Electronics questions to resolve together. Somebody told you?</sig>	6933
2024-05-27 14:59:55	ActionGesture	BrowRaise
2024-05-27 14:59:57	ActionGesture	BrowRaise
2024-05-27 14:59:57	ActionGesture	BrowRaise
