2024-05-22 21:40:35	Autoreload is disabled because the development mode is off.
2024-05-22 21:40:35	Application started in 0.586 seconds.
2024-05-22 21:40:36	Responding at http://127.0.0.1:8888
2024-05-22 21:40:37	----------------- NEW EXECUTION-------------------
2024-05-22 21:40:37	FlowEvent	NEW_FLOW_STATE	Sleep	0.0		UNDEFINED	Sleep
2024-05-22 21:40:37	ActionGesture	CloseEyes
2024-05-22 21:40:37	ActionGesture	CloseEyes
2024-05-22 21:41:37	Autoreload is disabled because the development mode is off.
2024-05-22 21:41:37	Application started in 0.584 seconds.
2024-05-22 21:41:38	Responding at http://127.0.0.1:8888
2024-05-22 21:41:40	----------------- NEW EXECUTION-------------------
2024-05-22 21:41:40	FlowEvent	NEW_FLOW_STATE	Sleep	0.0		UNDEFINED	Sleep
2024-05-22 21:41:40	ActionGesture	CloseEyes
2024-05-22 21:41:40	ActionGesture	CloseEyes
2024-05-22 21:41:44	GUIEvent	GUI_RELOADED	GUI_RELOADED [ACCEPTED]	0.0	UNDEFINED	UNDEFINED	Sleep
2024-05-22 21:41:44	GUIEvent	SYNCH_REQUESTED	SYNCH REQUESTED .. [ACCEPTED]	0.0	UNDEFINED	UNDEFINED	Sleep
2024-05-22 21:41:46	GUIEvent	NEW_STAGE_REQUESTED	STAGE[0.2] [20] REQUESTED .. [ACCEPTED]	0.0	UNDEFINED	UNDEFINED	Sleep
2024-05-22 21:41:46	SessionEvent	USER_SET	USER TO ACTIVATE.	0.2	20	UNDEFINED	Sleep
2024-05-22 21:41:46	FlowEvent	NEW_FLOW_STATE	Welcome	0.2		UNDEFINED	Welcome
2024-05-22 21:41:46	ActionGesture	OpenEyes
2024-05-22 21:41:46	ActionGesture	Smile
2024-05-22 21:41:47	MonitorSpeechStart	<prosody rate="1.0">Hello there</prosody>	543
2024-05-22 21:41:47	ActionGesture	BrowRaise
2024-05-22 21:41:49	MonitorSpeechStart	<prosody rate="1.0">Nice to meet you</prosody>	824
2024-05-22 21:41:49	ActionGesture	BrowRaise
2024-05-22 21:41:51	MonitorSpeechStart	<prosody rate="1.0">How you doing?</prosody>	741
2024-05-22 21:41:51	ActionGesture	BrowRaise
2024-05-22 21:41:53	ActionGesture	Smile
2024-05-22 21:41:54	SenseSpeech	yeah I'm okay	1058
2024-05-22 21:41:54	FlowEvent	NEW_FLOW_STATE	ReviewInstructions	0.2		CONDITION1	ReviewInstructions
2024-05-22 21:41:55	MonitorSpeechStart	<prosody rate="1.0">Right, as far as I know,we will get some Electronics questions to resolve together Somebody told you?</prosody>	5541
2024-05-22 21:41:55	ActionGesture	BrowRaise
2024-05-22 21:41:55	ActionGesture	BrowRaise
2024-05-22 21:41:56	ActionGesture	BrowRaise
2024-05-22 21:41:59	ActionGesture	BrowRaise
2024-05-22 21:42:03	ActionGesture	Smile
2024-05-22 21:42:04	SenseSpeech	no	936
2024-05-22 21:42:04	MonitorSpeechStart	<prosody rate="1.0">DENIAL</prosody>	524
2024-05-22 21:42:04	ActionGesture	BrowRaise
2024-05-22 21:42:08	MonitorSpeechStart	<prosody rate="1.0">Oh</prosody>	459
2024-05-22 21:42:09	MonitorSpeechStart	<prosody rate="1.0">well</prosody>	454
2024-05-22 21:42:09	ActionGesture	BrowRaise
2024-05-22 21:42:11	MonitorSpeechStart	<prosody rate="1.0">Basically a question will come up on the tablet, I receive it, we think, we answer separately and then we discuss</prosody>	5938
2024-05-22 21:42:11	ActionGesture	BrowRaise
2024-05-22 21:42:13	ActionGesture	BrowRaise
2024-05-22 21:42:16	ActionGesture	BrowRaise
2024-05-22 21:42:20	MonitorSpeechStart	<prosody rate="1.0">Mh</prosody>	607
2024-05-22 21:42:20	ActionGesture	BrowRaise
2024-05-22 21:42:22	MonitorSpeechStart	<prosody rate="1.0">I see!</prosody>	670
2024-05-22 21:42:23	MonitorSpeechStart	<prosody rate="1.0">Do you want me to explain or are you ready?</prosody>	1666
2024-05-22 21:42:24	ActionGesture	BrowRaise
2024-05-22 21:42:24	ActionGesture	BrowRaise
2024-05-22 21:42:27	ActionGesture	Smile
2024-05-22 21:42:28	SenseSpeech	I'm ready	1083
2024-05-22 21:42:28	MonitorSpeechStart	<prosody rate="1.0">ME_READY</prosody>	1073
2024-05-22 21:42:29	ActionGesture	BrowRaise
2024-05-22 21:42:31	MonitorSpeechStart	<prosody rate="1.0">Perfect</prosody>	513
2024-05-22 21:42:32	ActionGesture	BrowRaise
2024-05-22 21:42:33	MonitorSpeechStart	<prosody rate="1.0">Ok, when you press the button I will receive the first question, and show on the screen Whenever you want</prosody>	5248
2024-05-22 21:42:33	ActionGesture	BrowRaise
2024-05-22 21:42:35	ActionGesture	BrowRaise
2024-05-22 21:42:37	ActionGesture	BrowRaise
2024-05-22 21:42:38	ActionGesture	BrowRaise
2024-05-22 21:42:40	ActionGesture	Smile
2024-05-22 21:42:42	SenseSpeech	okay I press the button	2308
2024-05-22 21:42:43	MonitorSpeechStart	<prosody rate="1.0">ASSENT</prosody>	577
2024-05-22 21:42:43	ActionGesture	BrowRaise
2024-05-22 21:42:45	MonitorSpeechStart	<prosody rate="1.0">Nice</prosody>	438
2024-05-22 21:42:46	ActionGesture	BrowRaise
2024-05-22 21:42:47	MonitorSpeechStart	<prosody rate="1.0">I am ready, go ahead and press the button</prosody>	2131
2024-05-22 21:42:47	ActionGesture	BrowRaise
2024-05-22 21:42:49	ActionGesture	BrowRaise
2024-05-22 21:42:50	GUIEvent	NEW_STAGE_REQUESTED	STAGE[1] [20] REQUESTED .. [ACCEPTED]	0.2	20	CONDITION1	ReviewInstructions
2024-05-22 21:42:50	SessionEvent	QUESTION_SET	NEW QUESTION TO ACTIVATE	1		CONDITION1	ReviewInstructions
2024-05-22 21:42:50	FlowEvent	NEW_FLOW_STATE	QuestionReflection	1		CONDITION1	QuestionReflection
2024-05-22 21:42:51	MonitorSpeechStart	<prosody rate="1.0">Ok</prosody>	618
2024-05-22 21:42:51	ActionGesture	BrowRaise
2024-05-22 21:42:53	MonitorSpeechStart	<prosody rate="1.0">I think I am getting the answer 1</prosody>	1702
2024-05-22 21:42:53	ActionGesture	BrowRaise
2024-05-22 21:42:54	ActionGesture	BrowRaise
2024-05-22 21:42:56	MonitorSpeechStart	<prosody rate="1.0">Let's see</prosody>	658
2024-05-22 21:42:56	ActionGesture	BrowRaise
2024-05-22 21:43:05	MonitorSpeechStart	<prosody rate="1.0">Parent</prosody>	524
2024-05-22 21:43:05	ActionGesture	BrowRaise
2024-05-22 21:43:06	MonitorSpeechStart	<prosody rate="1.0">SILENCE</prosody>	639
2024-05-22 21:43:06	ActionGesture	BrowRaise
2024-05-22 21:43:07	MonitorSpeechStart	<prosody rate="1.0">Have you reached an asnwer?</prosody>	1622
2024-05-22 21:43:08	ActionGesture	BrowRaise
2024-05-22 21:43:15	ActionGesture	Smile
2024-05-22 21:43:16	SenseSpeech	not yet	1079
2024-05-22 21:43:16	MonitorSpeechStart	<prosody rate="1.0">DENIAL</prosody>	524
2024-05-22 21:43:16	ActionGesture	BrowRaise
2024-05-22 21:43:19	MonitorSpeechStart	<prosody rate="1.0">Ah!</prosody>	388
2024-05-22 21:43:21	MonitorSpeechStart	<prosody rate="1.0">ok</prosody>	618
2024-05-22 21:43:21	ActionGesture	BrowRaise
2024-05-22 21:43:23	MonitorSpeechStart	<prosody rate="1.0">Have you answered already?</prosody>	1137
2024-05-22 21:43:23	ActionGesture	BrowRaise
2024-05-22 21:43:23	ActionGesture	BrowRaise
2024-05-22 21:43:26	ActionGesture	Smile
2024-05-22 21:43:27	SenseSpeech	now just give me more time	1457
2024-05-22 21:43:28	MonitorSpeechStart	<prosody rate="1.0">REJOINDER_DISAGREED</prosody>	1699
2024-05-22 21:43:28	ActionGesture	BrowRaise
2024-05-22 21:43:29	ActionGesture	BrowRaise
2024-05-22 21:54:04	Autoreload is disabled because the development mode is off.
2024-05-22 21:54:04	Application started in 0.602 seconds.
2024-05-22 21:54:05	Responding at http://127.0.0.1:8888
2024-05-22 21:54:06	----------------- NEW EXECUTION-------------------
2024-05-22 21:54:06	FlowEvent	NEW_FLOW_STATE	Sleep	0.0		UNDEFINED	Sleep
2024-05-22 21:54:06	ActionGesture	CloseEyes
2024-05-22 21:54:06	ActionGesture	CloseEyes
2024-05-22 21:55:07	MonitorSpeechStart	<prosody rate="1.0">No start signal received, terminating the program.</prosody>	2929
2024-05-22 21:55:09	ActionGesture	BrowRaise
2024-05-22 21:55:52	Autoreload is disabled because the development mode is off.
2024-05-22 21:55:53	Application started in 0.581 seconds.
2024-05-22 21:55:53	Responding at http://127.0.0.1:8888
2024-05-22 21:55:54	----------------- NEW EXECUTION-------------------
2024-05-22 21:55:55	FlowEvent	NEW_FLOW_STATE	Sleep	0.0		UNDEFINED	Sleep
2024-05-22 21:55:55	ActionGesture	CloseEyes
2024-05-22 21:55:55	ActionGesture	CloseEyes
2024-05-22 21:56:11	GUIEvent	GUI_RELOADED	GUI_RELOADED [ACCEPTED]	0.0	UNDEFINED	UNDEFINED	Sleep
2024-05-22 21:56:11	GUIEvent	SYNCH_REQUESTED	SYNCH REQUESTED .. [ACCEPTED]	0.0	UNDEFINED	UNDEFINED	Sleep
2024-05-22 21:56:12	GUIEvent	NEW_STAGE_REQUESTED	STAGE[0.2] [28] REQUESTED .. [ACCEPTED]	0.0	UNDEFINED	UNDEFINED	Sleep
2024-05-22 21:56:12	SessionEvent	USER_SET	USER TO ACTIVATE.	0.2	28	UNDEFINED	Sleep
2024-05-22 21:56:12	FlowEvent	NEW_FLOW_STATE	Welcome	0.2		UNDEFINED	Welcome
2024-05-22 21:56:12	ActionGesture	OpenEyes
2024-05-22 21:56:12	ActionGesture	Smile
2024-05-22 21:56:13	MonitorSpeechStart	<prosody rate="1.0">Hello there</prosody>	543
2024-05-22 21:56:14	ActionGesture	BrowRaise
2024-05-22 21:56:15	MonitorSpeechStart	<prosody rate="1.0">Nice to meet you</prosody>	824
2024-05-22 21:56:15	ActionGesture	BrowRaise
2024-05-22 21:56:17	MonitorSpeechStart	<prosody rate="1.0">How you doing?</prosody>	741
2024-05-22 21:56:17	ActionGesture	BrowRaise
2024-05-22 21:56:18	GUIEvent	NEW_STAGE_REQUESTED	STAGE[1] [28] REQUESTED .. [ACCEPTED]	0.2	28	CONDITION2	Welcome
2024-05-22 21:56:18	SessionEvent	QUESTION_SET	NEW QUESTION TO ACTIVATE	1		CONDITION2	Welcome
2024-05-22 21:56:18	FlowEvent	NEW_FLOW_STATE	QuestionReflection	1		CONDITION2	QuestionReflection
2024-05-22 21:56:20	MonitorSpeechStart	<prosody rate="0.85">Ok</prosody>	735
2024-05-22 21:56:20	ActionGesture	BrowRaise
2024-05-22 21:56:22	MonitorSpeechStart	<prosody rate="0.85">I think I am getting the question 1</prosody>	2126
2024-05-22 21:56:24	ActionGesture	BrowRaise
2024-05-22 21:56:26	MonitorSpeechStart	<prosody rate="0.85">Let's see</prosody>	780
2024-05-22 21:56:26	ActionGesture	BrowRaise
2024-05-22 21:56:34	ActionGesture	Smile
2024-05-22 21:56:55	ActionGesture	Smile
2024-05-22 21:57:11	ActionGesture	Smile
2024-05-22 21:57:12	SenseSpeech	hello	870
2024-05-22 21:57:12	MonitorSpeechStart	<prosody rate="1.0">BACKCHANNEL</prosody>	666
2024-05-22 21:57:12	ActionGesture	BrowRaise
2024-05-22 21:57:17	MonitorSpeechStart	<prosody rate="0.85">Mm</prosody>	245
2024-05-22 21:57:19	MonitorSpeechStart	<prosody rate="0.85">Have you reached an asnwer?</prosody>	1913
2024-05-22 21:57:21	ActionGesture	BrowRaise
2024-05-22 21:57:30	MonitorSpeechStart	<prosody rate="0.85">Parent</prosody>	621
2024-05-22 21:57:30	ActionGesture	BrowRaise
2024-05-22 21:57:31	MonitorSpeechStart	<prosody rate="1.0">SILENCE</prosody>	639
2024-05-22 21:57:31	ActionGesture	BrowRaise
2024-05-22 21:58:17	Autoreload is disabled because the development mode is off.
2024-05-22 21:58:18	Application started in 0.57 seconds.
2024-05-22 21:58:18	Responding at http://127.0.0.1:8888
2024-05-22 21:58:19	----------------- NEW EXECUTION-------------------
2024-05-22 21:58:19	FlowEvent	NEW_FLOW_STATE	Sleep	0.0		UNDEFINED	Sleep
2024-05-22 21:58:19	ActionGesture	CloseEyes
2024-05-22 21:58:19	ActionGesture	CloseEyes
2024-05-22 21:58:22	GUIEvent	GUI_RELOADED	GUI_RELOADED [ACCEPTED]	0.0	UNDEFINED	UNDEFINED	Sleep
2024-05-22 21:58:23	GUIEvent	SYNCH_REQUESTED	SYNCH REQUESTED .. [ACCEPTED]	0.0	UNDEFINED	UNDEFINED	Sleep
2024-05-22 21:58:24	GUIEvent	NEW_STAGE_REQUESTED	STAGE[0.2] [28] REQUESTED .. [ACCEPTED]	0.0	UNDEFINED	UNDEFINED	Sleep
2024-05-22 21:58:24	SessionEvent	USER_SET	USER TO ACTIVATE.	0.2	28	UNDEFINED	Sleep
2024-05-22 21:58:24	FlowEvent	NEW_FLOW_STATE	Welcome	0.2		CONDITION2	Welcome
2024-05-22 21:58:24	ActionGesture	OpenEyes
2024-05-22 21:58:24	ActionGesture	Smile
2024-05-22 21:58:25	MonitorSpeechStart	<prosody rate="1.0">Hello there</prosody>	543
2024-05-22 21:58:25	ActionGesture	BrowRaise
2024-05-22 21:58:27	MonitorSpeechStart	<prosody rate="1.0">Nice to meet you</prosody>	824
2024-05-22 21:58:27	ActionGesture	BrowRaise
2024-05-22 21:58:29	MonitorSpeechStart	<prosody rate="1.0">How you doing?</prosody>	741
2024-05-22 21:58:29	GUIEvent	NEW_STAGE_REQUESTED	STAGE[1] [28] REQUESTED .. [ACCEPTED]	0.2	28	CONDITION2	Welcome
2024-05-22 21:58:29	SessionEvent	QUESTION_SET	NEW QUESTION TO ACTIVATE	1		CONDITION2	Welcome
2024-05-22 21:58:29	FlowEvent	NEW_FLOW_STATE	QuestionReflection	1		CONDITION2	QuestionReflection
2024-05-22 21:58:29	ActionGesture	BrowRaise
2024-05-22 21:58:30	MonitorSpeechStart	<prosody rate="0.85">Ok</prosody>	735
2024-05-22 21:58:30	ActionGesture	BrowRaise
2024-05-22 21:58:31	MonitorSpeechStart	<prosody rate="0.85">I think I am getting the question 1</prosody>	2126
2024-05-22 21:58:33	ActionGesture	BrowRaise
2024-05-22 21:58:34	MonitorSpeechStart	<prosody rate="0.85">Let's see</prosody>	780
2024-05-22 21:58:35	ActionGesture	BrowRaise
2024-05-22 21:59:43	Autoreload is disabled because the development mode is off.
2024-05-22 21:59:44	Application started in 0.569 seconds.
2024-05-22 21:59:44	Responding at http://127.0.0.1:8888
2024-05-22 21:59:46	----------------- NEW EXECUTION-------------------
2024-05-22 21:59:46	FlowEvent	NEW_FLOW_STATE	Sleep	0.0		UNDEFINED	Sleep
2024-05-22 21:59:46	ActionGesture	CloseEyes
2024-05-22 21:59:46	ActionGesture	CloseEyes
