2024-05-19 14:42:27	Autoreload is disabled because the development mode is off.
2024-05-19 14:42:28	Application started in 0.594 seconds.
2024-05-19 14:42:28	Responding at http://127.0.0.1:8888
2024-05-19 14:42:30	----------------- NEW EXECUTION-------------------
2024-05-19 14:42:30	FlowEvent	NEW_FLOW_STATE	Testing	0.0		UNDEFINED	Testing
2024-05-19 14:42:31	MonitorSpeechStart	Ok, let's test. Say whatever you want.	2873
2024-05-19 14:42:31	ActionGesture	BrowRaise
2024-05-19 14:42:33	ActionGesture	BrowRaise
2024-05-19 14:42:36	ActionGesture	Smile
2024-05-19 14:42:37	SenseSpeech	condition	1050
2024-05-19 14:42:37	MonitorSpeechStart	You just backchanneled.	1149
2024-05-19 14:42:38	ActionGesture	BrowRaise
2024-05-19 14:42:44	MonitorSpeechStart	I'm listening.	676
2024-05-19 14:42:50	ActionGesture	Smile
2024-05-19 14:42:51	SenseSpeech	conditions	1220
2024-05-19 14:43:09	MonitorSpeechStart	<prosody rate="1.0">Hello there</prosody>	543
2024-05-19 14:43:10	ActionGesture	BrowRaise
2024-05-19 14:43:12	MonitorSpeechStart	<prosody rate="1.0">Nice to meet you</prosody>	824
2024-05-19 14:43:12	ActionGesture	BrowRaise
2024-05-19 14:43:14	MonitorSpeechStart	<prosody rate="1.0">How you doing?</prosody>	741
2024-05-19 14:43:14	ActionGesture	BrowRaise
2024-05-19 14:43:15	MonitorSpeechStart	<prosody rate="0.75">Hello there</prosody>	743
2024-05-19 14:43:16	ActionGesture	BrowRaise
2024-05-19 14:43:18	MonitorSpeechStart	<prosody rate="0.75">Nice to meet you</prosody>	1094
2024-05-19 14:43:18	ActionGesture	BrowRaise
2024-05-19 14:43:20	MonitorSpeechStart	<prosody rate="0.75">How you doing?</prosody>	999
2024-05-19 14:43:20	ActionGesture	BrowRaise
2024-05-19 14:43:22	MonitorSpeechStart	<prosody rate="1.25">Hello there</prosody>	377
2024-05-19 14:43:22	ActionGesture	BrowRaise
2024-05-19 14:43:24	MonitorSpeechStart	<prosody rate="1.25">Nice to meet you</prosody>	619
2024-05-19 14:43:24	ActionGesture	BrowRaise
2024-05-19 14:43:26	MonitorSpeechStart	<prosody rate="1.25">How you doing?</prosody>	539
2024-05-19 14:43:26	ActionGesture	BrowRaise
2024-05-19 14:43:32	MonitorSpeechStart	<prosody rate="1.25">I'm listening.</prosody>	505
2024-05-19 14:43:37	ActionGesture	Smile
2024-05-19 14:45:20	Autoreload is disabled because the development mode is off.
2024-05-19 14:45:21	Application started in 0.561 seconds.
2024-05-19 14:45:21	Responding at http://127.0.0.1:8888
2024-05-19 14:45:22	----------------- NEW EXECUTION-------------------
2024-05-19 14:45:22	FlowEvent	NEW_FLOW_STATE	Testing	0.0		UNDEFINED	Testing
2024-05-19 14:45:23	MonitorSpeechStart	Ok, let's test. Say whatever you want.	2873
2024-05-19 14:45:23	ActionGesture	BrowRaise
2024-05-19 14:45:25	ActionGesture	BrowRaise
2024-05-19 14:45:27	ActionGesture	Smile
2024-05-19 14:45:28	SenseSpeech	conditions	1075
2024-05-19 14:45:32	MonitorSpeechStart	<prosody rate="1.0">Hello there</prosody>	543
2024-05-19 14:45:32	ActionGesture	BrowRaise
2024-05-19 14:45:33	MonitorSpeechStart	<prosody rate="1.0">Nice to meet you</prosody>	824
2024-05-19 14:45:33	ActionGesture	BrowRaise
2024-05-19 14:45:35	MonitorSpeechStart	<prosody rate="1.0">How you doing?</prosody>	741
2024-05-19 14:45:35	ActionGesture	BrowRaise
2024-05-19 14:45:36	MonitorSpeechStart	<prosody rate="0.75">Hello there</prosody>	743
2024-05-19 14:45:37	ActionGesture	BrowRaise
2024-05-19 14:45:38	MonitorSpeechStart	<prosody rate="0.75">Nice to meet you</prosody>	1094
2024-05-19 14:45:38	ActionGesture	BrowRaise
2024-05-19 14:45:40	MonitorSpeechStart	<prosody rate="0.75">How you doing?</prosody>	999
2024-05-19 14:45:40	ActionGesture	BrowRaise
2024-05-19 14:45:42	MonitorSpeechStart	<prosody rate="1.25">Hello there</prosody>	377
2024-05-19 14:45:42	ActionGesture	BrowRaise
2024-05-19 14:45:43	MonitorSpeechStart	<prosody rate="1.25">Nice to meet you</prosody>	619
2024-05-19 14:45:43	ActionGesture	BrowRaise
2024-05-19 14:45:45	MonitorSpeechStart	<prosody rate="1.25">How you doing?</prosody>	539
2024-05-19 14:45:45	ActionGesture	BrowRaise
2024-05-19 14:45:51	MonitorSpeechStart	<prosody rate="1.25">I'm listening.</prosody>	505
2024-05-19 14:45:57	MonitorSpeechStart	<prosody rate="1.25">I'm listening.</prosody>	505
2024-05-19 14:46:02	MonitorSpeechStart	<prosody rate="1.25">I'm listening.</prosody>	505
2024-05-19 14:46:05	ActionGesture	Smile
2024-05-19 14:46:06	SenseSpeech	okay	1007
2024-05-19 14:46:08	MonitorSpeechStart	<prosody rate="1.25">You assented</prosody>	483
2024-05-19 14:46:08	ActionGesture	BrowRaise
2024-05-19 14:46:13	MonitorSpeechStart	<prosody rate="1.25">I'm listening.</prosody>	505
2024-05-19 14:46:19	MonitorSpeechStart	<prosody rate="1.25">I'm listening.</prosody>	505
2024-05-19 14:46:22	ActionGesture	Smile
2024-05-19 14:46:23	SenseSpeech	okay	1164
2024-05-19 14:46:23	MonitorSpeechStart	<prosody rate="1.25">You assented</prosody>	483
2024-05-19 14:46:24	ActionGesture	BrowRaise
2024-05-19 14:46:29	MonitorSpeechStart	<prosody rate="1.25">I'm listening.</prosody>	505
2024-05-19 14:46:31	ActionGesture	Smile
2024-05-19 14:46:32	SenseSpeech	yes	911
2024-05-19 14:46:33	MonitorSpeechStart	<prosody rate="1.25">You assented</prosody>	483
2024-05-19 14:46:33	ActionGesture	BrowRaise
2024-05-19 14:46:38	MonitorSpeechStart	<prosody rate="1.25">I'm listening.</prosody>	505
2024-05-19 14:46:44	MonitorSpeechStart	<prosody rate="1.25">I'm listening.</prosody>	505
2024-05-19 14:46:50	MonitorSpeechStart	<prosody rate="1.25">I'm listening.</prosody>	505
2024-05-19 14:46:56	MonitorSpeechStart	<prosody rate="1.25">I'm listening.</prosody>	505
2024-05-19 14:47:02	MonitorSpeechStart	<prosody rate="1.25">I'm listening.</prosody>	505
2024-05-19 14:47:06	ActionGesture	Smile
2024-05-19 14:47:08	SenseSpeech	no	1136
2024-05-19 14:47:09	MonitorSpeechStart	<prosody rate="1.25">You denied</prosody>	542
2024-05-19 14:47:09	ActionGesture	BrowRaise
2024-05-19 14:47:15	MonitorSpeechStart	<prosody rate="1.25">I'm listening.</prosody>	505
2024-05-19 14:47:20	ActionGesture	Smile
2024-05-19 14:47:21	SenseSpeech	yes	1133
2024-05-19 14:47:21	MonitorSpeechStart	<prosody rate="1.25">You assented</prosody>	483
2024-05-19 14:47:21	ActionGesture	BrowRaise
2024-05-19 14:47:27	MonitorSpeechStart	<prosody rate="1.25">I'm listening.</prosody>	505
2024-05-19 14:47:29	ActionGesture	Smile
2024-05-19 14:47:30	SenseSpeech	yes	1160
2024-05-19 14:47:30	MonitorSpeechStart	<prosody rate="1.25">You assented</prosody>	483
2024-05-19 14:47:31	ActionGesture	BrowRaise
2024-05-19 14:47:36	MonitorSpeechStart	<prosody rate="1.25">I'm listening.</prosody>	505
2024-05-19 14:47:41	ActionGesture	Smile
2024-05-19 14:47:42	SenseSpeech	okay	1528
2024-05-19 14:47:43	MonitorSpeechStart	<prosody rate="1.25">You assented</prosody>	483
2024-05-19 14:47:43	ActionGesture	BrowRaise
2024-05-19 14:47:48	MonitorSpeechStart	<prosody rate="1.25">I'm listening.</prosody>	505
2024-05-19 14:47:54	ActionGesture	Smile
2024-05-19 14:47:55	SenseSpeech	uh	1064
2024-05-19 14:49:01	MonitorSpeechStart	<prosody rate="1.25">You just backchanneled.</prosody>	884
2024-05-19 14:49:01	ActionGesture	BrowRaise
2024-05-19 14:49:07	MonitorSpeechStart	<prosody rate="1.25">I'm listening.</prosody>	505
2024-05-19 14:49:10	ActionGesture	Smile
2024-05-19 14:49:11	SenseSpeech	I don't know	910
2024-05-19 14:49:11	MonitorSpeechStart	<prosody rate="1.25">That was non-committal</prosody>	689
2024-05-19 14:49:12	ActionGesture	BrowRaise
2024-05-19 14:49:16	ActionGesture	Smile
2024-05-19 14:49:17	SenseSpeech	I disagree	1054
2024-05-19 14:49:18	MonitorSpeechStart	<prosody rate="1.25">Oh...</prosody>	363
2024-05-19 14:49:19	MonitorSpeechStart	<prosody rate="1.25">You disagreed</prosody>	640
2024-05-19 14:49:19	ActionGesture	BrowRaise
2024-05-19 14:49:24	MonitorSpeechStart	<prosody rate="1.25">I'm listening.</prosody>	505
2024-05-19 14:49:30	MonitorSpeechStart	<prosody rate="1.25">I'm listening.</prosody>	505
2024-05-19 14:49:36	MonitorSpeechStart	<prosody rate="1.25">I'm listening.</prosody>	505
2024-05-19 14:49:38	ActionGesture	Smile
2024-05-19 14:49:39	SenseSpeech	I don't know but okay	1697
2024-05-19 14:49:40	MonitorSpeechStart	<prosody rate="1.25">That was non-committal</prosody>	689
2024-05-19 14:49:40	ActionGesture	BrowRaise
2024-05-19 14:49:44	ActionGesture	Smile
2024-05-19 14:49:46	SenseSpeech	I don't know but I agree	1641
2024-05-19 14:49:46	MonitorSpeechStart	<prosody rate="1.25">That was non-committal</prosody>	689
2024-05-19 14:49:46	ActionGesture	BrowRaise
2024-05-19 14:49:51	ActionGesture	Smile
2024-05-19 14:49:52	SenseSpeech	I agree	1014
2024-05-19 14:49:53	MonitorSpeechStart	<prosody rate="1.25">You assented</prosody>	483
2024-05-19 14:49:53	ActionGesture	BrowRaise
2024-05-19 14:49:55	ActionGesture	Smile
2024-05-19 14:49:57	SenseSpeech	I don't know but I agree	1811
2024-05-19 14:49:57	MonitorSpeechStart	<prosody rate="1.25">That was non-committal</prosody>	689
2024-05-19 14:49:58	ActionGesture	BrowRaise
2024-05-19 14:50:03	MonitorSpeechStart	<prosody rate="1.25">I'm listening.</prosody>	505
2024-05-19 14:50:05	ActionGesture	Smile
2024-05-19 14:50:07	SenseSpeech	yes but I disagree	1776
2024-05-19 14:50:07	MonitorSpeechStart	<prosody rate="1.25">Oh...</prosody>	363
2024-05-19 14:50:08	MonitorSpeechStart	<prosody rate="1.25">You disagreed</prosody>	640
2024-05-19 14:50:08	ActionGesture	BrowRaise
2024-05-19 14:50:11	ActionGesture	Smile
2024-05-19 14:50:14	SenseSpeech	I don't know but I disagreed	2552
2024-05-19 14:50:14	MonitorSpeechStart	<prosody rate="1.25">Oh...</prosody>	363
2024-05-19 14:50:15	MonitorSpeechStart	<prosody rate="1.25">You disagreed</prosody>	640
2024-05-19 14:50:15	ActionGesture	BrowRaise
2024-05-19 14:50:18	ActionGesture	Smile
2024-05-19 14:50:20	SenseSpeech	yes but I disagree	1940
2024-05-19 14:50:20	MonitorSpeechStart	<prosody rate="1.25">Oh...</prosody>	363
2024-05-19 14:50:21	MonitorSpeechStart	<prosody rate="1.25">You disagreed</prosody>	640
2024-05-19 14:50:21	ActionGesture	BrowRaise
2024-05-19 14:50:23	ActionGesture	Smile
2024-05-19 14:50:25	SenseSpeech	I don't know but I disagree	1979
2024-05-19 14:50:25	MonitorSpeechStart	<prosody rate="1.25">Oh...</prosody>	363
2024-05-19 14:50:26	MonitorSpeechStart	<prosody rate="1.25">You disagreed</prosody>	640
2024-05-19 14:50:26	ActionGesture	BrowRaise
2024-05-19 14:50:29	ActionGesture	Smile
2024-05-19 14:50:30	SenseSpeech	I don't know I disagree	1811
2024-05-19 14:50:31	MonitorSpeechStart	<prosody rate="1.25">Oh...</prosody>	363
2024-05-19 14:50:31	MonitorSpeechStart	<prosody rate="1.25">You disagreed</prosody>	640
2024-05-19 14:50:32	ActionGesture	BrowRaise
2024-05-19 14:50:35	ActionGesture	Smile
2024-05-19 14:50:37	SenseSpeech	yes but I agree	1913
2024-05-19 14:50:38	MonitorSpeechStart	<prosody rate="1.25">You agreed</prosody>	571
2024-05-19 14:50:38	ActionGesture	BrowRaise
2024-05-19 14:50:41	ActionGesture	Smile
2024-05-19 14:50:42	SenseSpeech	no but I agree	1307
2024-05-19 14:50:42	MonitorSpeechStart	<prosody rate="1.25">You agreed</prosody>	571
2024-05-19 14:50:42	ActionGesture	BrowRaise
2024-05-19 14:50:45	ActionGesture	Smile
2024-05-19 14:50:47	SenseSpeech	I don't know but I agree	1877
2024-05-19 14:50:47	MonitorSpeechStart	<prosody rate="1.25">That was non-committal</prosody>	689
2024-05-19 14:50:47	ActionGesture	BrowRaise
2024-05-19 14:50:49	ActionGesture	Smile
2024-05-19 14:50:51	SenseSpeech	I don't know but I agree	2012
2024-05-19 14:50:51	MonitorSpeechStart	<prosody rate="1.25">That was non-committal</prosody>	689
2024-05-19 14:50:52	ActionGesture	BrowRaise
2024-05-19 14:50:57	MonitorSpeechStart	<prosody rate="1.25">I'm listening.</prosody>	505
2024-05-19 14:51:00	ActionGesture	Smile
2024-05-19 14:51:01	SenseSpeech	I don't know but I agree	1813
2024-05-19 14:51:02	MonitorSpeechStart	<prosody rate="1.25">That was non-committal</prosody>	689
2024-05-19 14:51:02	ActionGesture	BrowRaise
2024-05-19 14:51:08	MonitorSpeechStart	<prosody rate="1.25">I'm listening.</prosody>	505
2024-05-19 14:51:10	ActionGesture	Smile
2024-05-19 14:51:12	SenseSpeech	I don't know but I agree	2114
2024-05-19 14:51:48	MonitorSpeechStart	<prosody rate="1.25">That was non-committal</prosody>	689
2024-05-19 14:51:49	ActionGesture	BrowRaise
2024-05-19 14:51:51	ActionGesture	Smile
2024-05-19 14:51:52	SenseSpeech	I don't know but okay	1666
2024-05-19 14:52:14	MonitorSpeechStart	<prosody rate="1.25">That was non-committal</prosody>	689
2024-05-19 14:52:14	ActionGesture	BrowRaise
2024-05-19 14:52:16	ActionGesture	Smile
2024-05-19 14:52:17	SenseSpeech	I don't know but yes	1531
2024-05-19 14:55:02	Autoreload is disabled because the development mode is off.
2024-05-19 14:55:02	Application started in 0.594 seconds.
2024-05-19 14:55:03	Responding at http://127.0.0.1:8888
2024-05-19 14:55:04	----------------- NEW EXECUTION-------------------
2024-05-19 14:55:04	FlowEvent	NEW_FLOW_STATE	Testing	0.0		UNDEFINED	Testing
2024-05-19 14:55:05	MonitorSpeechStart	Ok, let's test. Say whatever you want.	2873
2024-05-19 14:55:05	ActionGesture	BrowRaise
2024-05-19 14:55:07	ActionGesture	BrowRaise
2024-05-19 14:55:10	ActionGesture	Smile
2024-05-19 14:55:11	SenseSpeech	conditions	1240
2024-05-19 14:55:17	MonitorSpeechStart	<prosody rate="1.0">Hello there</prosody>	543
2024-05-19 14:55:18	ActionGesture	BrowRaise
2024-05-19 14:55:19	MonitorSpeechStart	<prosody rate="1.0">Nice to meet you</prosody>	824
2024-05-19 14:55:19	ActionGesture	BrowRaise
2024-05-19 14:55:21	MonitorSpeechStart	<prosody rate="1.0">How you doing?</prosody>	741
2024-05-19 14:55:21	ActionGesture	BrowRaise
2024-05-19 14:55:22	MonitorSpeechStart	<prosody rate="0.75">Hello there</prosody>	743
2024-05-19 14:55:23	ActionGesture	BrowRaise
2024-05-19 14:55:24	MonitorSpeechStart	<prosody rate="0.75">Nice to meet you</prosody>	1094
2024-05-19 14:55:24	ActionGesture	BrowRaise
2024-05-19 14:55:26	MonitorSpeechStart	<prosody rate="0.75">How you doing?</prosody>	999
2024-05-19 14:55:26	ActionGesture	BrowRaise
2024-05-19 14:55:28	MonitorSpeechStart	<prosody rate="1.25">Hello there</prosody>	377
2024-05-19 14:55:28	ActionGesture	BrowRaise
2024-05-19 14:55:29	MonitorSpeechStart	<prosody rate="1.25">Nice to meet you</prosody>	619
2024-05-19 14:55:29	ActionGesture	BrowRaise
2024-05-19 14:55:31	MonitorSpeechStart	<prosody rate="1.25">How you doing?</prosody>	539
2024-05-19 14:55:31	ActionGesture	BrowRaise
2024-05-19 14:55:37	MonitorSpeechStart	<prosody rate="1.25">I'm listening.</prosody>	505
2024-05-19 14:55:43	MonitorSpeechStart	<prosody rate="1.25">I'm listening.</prosody>	505
2024-05-19 14:55:46	ActionGesture	Smile
2024-05-19 14:55:54	SenseSpeech	doesn't do that	8132
2024-05-19 14:55:54	MonitorSpeechStart	<prosody rate="1.25">You denied</prosody>	542
2024-05-19 14:55:54	ActionGesture	BrowRaise
2024-05-19 14:56:00	MonitorSpeechStart	<prosody rate="1.25">I'm listening.</prosody>	505
