2024-05-28 19:00:00	ActionGesture	BrowRaise
2024-05-28 19:00:01	MonitorSpeechStart	<prosody rate="1.0">Vad ska vi ge för definitivt svar, sant?</prosody>	2612
2024-05-28 19:00:03	ActionGesture	BrowRaise
2024-05-28 19:00:03	ActionGesture	BrowRaise
2024-05-28 19:00:05	MonitorSpeechStart	<prosody rate="1.0">eller falskt?</prosody>	912
2024-05-28 19:00:05	ActionGesture	BrowRaise
2024-05-28 19:00:10	MonitorSpeechStart	<prosody rate="1.0">Jo men</prosody>	650
2024-05-28 19:00:11	ActionGesture	BrowRaise
2024-05-28 19:00:13	MonitorSpeechStart	<prosody rate="1.0">lyssna på det här</prosody>	1100
2024-05-28 19:00:13	ActionGesture	BrowRaise
2024-05-28 19:00:14	MonitorSpeechStart	<prosody rate="1.0">Då måste vi välja nu om det är sant eller inte.</prosody>	2675
2024-05-28 19:00:16	ActionGesture	BrowRaise
2024-05-28 19:00:17	ActionGesture	BrowRaise
2024-05-28 19:00:19	GUIEvent	NEW_STAGE_REQUESTED	STAGE[0.3] [5] REQUESTED .. [ACCEPTED]	8	5	CONDITION1	QuestionUltimatum
2024-05-28 19:00:19	SessionEvent	ANSWER_CONFIRMED	QUESTION CONFIRMED IN GUI.	0.3		CONDITION1	QuestionUltimatum
2024-05-28 19:00:19	SessionEvent	SESSION_END	NO MORE QUESTIONS.	0.3		CONDITION1	QuestionUltimatum
2024-05-28 19:00:19	FlowEvent	NEW_FLOW_STATE	Farewell	0.3		CONDITION1	Farewell
2024-05-28 19:00:19	ActionGesture	Smile
2024-05-28 19:00:20	MonitorSpeechStart	<prosody rate="1.0">Det var den sista frågan. Det var intressant att samarbeta med dig. Hoppas att du också tyckte det.</prosody>	6535
2024-05-28 19:00:20	ActionGesture	BrowRaise
2024-05-28 19:00:23	ActionGesture	BrowRaise
2024-05-28 19:00:25	ActionGesture	BrowRaise
2024-05-28 19:00:26	ActionGesture	BrowRaise
2024-05-28 19:00:28	ActionGesture	Smile
2024-05-28 19:00:29	SenseSpeech	Ja men visst	1264
2024-05-28 19:00:29	SenseNLUIntent	Ja men visst	Agree
2024-05-28 19:00:30	MonitorSpeechStart	<prosody rate="1.0">Jag tycker att det gick bra för oss ihop. Tack. Ha en fortsatt bra dag!</prosody>	5035
2024-05-28 19:00:31	ActionGesture	BrowRaise
2024-05-28 19:00:34	ActionGesture	BrowRaise
2024-05-28 19:00:37	FlowEvent	NEW_FLOW_STATE	Sleep	0.3		CONDITION1	Sleep
2024-05-28 19:00:37	ActionGesture	CloseEyes
2024-05-28 19:02:37	MonitorSpeechStart	<prosody rate="1.0">No start signal received, terminating the program.</prosody>	3512
2024-05-28 19:02:38	ActionGesture	BrowRaise
2024-05-28 19:05:55	Autoreload is disabled because the development mode is off.
2024-05-28 19:05:56	Application started in 0.601 seconds.
2024-05-28 19:05:56	Responding at http://127.0.0.1:8888
2024-05-28 19:05:59	----------------- NEW EXECUTION-------------------
2024-05-28 19:05:59	FlowEvent	NEW_FLOW_STATE	Sleep	0.0		UNDEFINED	Sleep
2024-05-28 19:05:59	ActionGesture	CloseEyes
2024-05-28 19:05:59	ActionGesture	CloseEyes
2024-05-28 19:06:12	GUIEvent	GUI_RELOADED	GUI_RELOADED [ACCEPTED]	0.0	UNDEFINED	UNDEFINED	Sleep
2024-05-28 19:06:14	GUIEvent	NEW_STAGE_REQUESTED	STAGE[0.2] [5] REQUESTED .. [ACCEPTED]	0.0	UNDEFINED	UNDEFINED	Sleep
2024-05-28 19:06:14	SessionEvent	USER_SET	USER TO ACTIVATE.	0.2	5	UNDEFINED	Sleep
2024-05-28 19:06:14	FlowEvent	NEW_FLOW_STATE	Welcome	0.2		CONDITION1	Welcome
2024-05-28 19:06:14	ActionGesture	OpenEyes
2024-05-28 19:06:14	ActionGesture	Smile
2024-05-28 19:06:15	MonitorSpeechStart	<prosody rate="1.0">Hej</prosody>	450
2024-05-28 19:06:16	ActionGesture	BrowRaise
2024-05-28 19:06:17	MonitorSpeechStart	<prosody rate="1.0">Trevligt att träffas</prosody>	1350
2024-05-28 19:06:18	ActionGesture	BrowRaise
2024-05-28 19:06:19	MonitorSpeechStart	<prosody rate="1.0">Hur är läget?</prosody>	912
2024-05-28 19:06:19	ActionGesture	BrowRaise
2024-05-28 19:06:24	FlowEvent	NEW_FLOW_STATE	ReviewInstructions	0.2		CONDITION1	ReviewInstructions
2024-05-28 19:06:24	MonitorSpeechStart	<prosody rate="1.0">Jag har fått veta att du och jag ska fundera på åtta problem om elkretsar. Har du också fått reda på det?</prosody>	6192
2024-05-28 19:06:25	ActionGesture	BrowRaise
2024-05-28 19:06:26	ActionGesture	BrowRaise
2024-05-28 19:06:27	ActionGesture	BrowRaise
2024-05-28 19:06:28	ActionGesture	BrowRaise
2024-05-28 19:06:30	ActionGesture	BrowRaise
2024-05-28 19:06:33	ActionGesture	Smile
2024-05-28 19:06:34	SenseSpeech	nej jag visste ingenting	1120
2024-05-28 19:06:34	SenseNLUIntent	nej jag visste ingenting	No
2024-05-28 19:06:34	SenseNLUIntent	nej jag visste ingenting	Understand
2024-05-28 19:06:34	MonitorSpeechStart	<prosody rate="1.0">Bra. Varje fråga kommer att visas på skärmen, och samtidigt skickas till mig. Vi funderar, svarar först båda två separat. Sedan diskuterar vi och kommer fram till ett definitivt svar.</prosody>	13227
2024-05-28 19:06:34	ActionGesture	BrowRaise
2024-05-28 19:06:37	ActionGesture	BrowRaise
2024-05-28 19:06:40	ActionGesture	BrowRaise
2024-05-28 19:06:41	ActionGesture	BrowRaise
2024-05-28 19:06:43	ActionGesture	BrowRaise
2024-05-28 19:06:47	ActionGesture	BrowRaise
2024-05-28 19:06:48	MonitorSpeechStart	<prosody rate="1.0">Vill du att jag ska förklara mer eller är du klar att börja?</prosody>	2925
2024-05-28 19:06:49	ActionGesture	BrowRaise
2024-05-28 19:06:50	ActionGesture	BrowRaise
2024-05-28 19:06:52	ActionGesture	Smile
2024-05-28 19:06:54	SenseSpeech	nej jag är klar att börja	1200
2024-05-28 19:06:54	SenseNLUIntent	nej jag är klar att börja	No
2024-05-28 19:06:54	SenseNLUIntent	nej jag är klar att börja	MeReady
2024-05-28 19:06:54	MonitorSpeechStart	<prosody rate="1.0">Perfekt</prosody>	700
2024-05-28 19:06:54	ActionGesture	BrowRaise
2024-05-28 19:06:55	MonitorSpeechStart	<prosody rate="1.0">Okej, så snart du trycker på knappen kommer första frågan att visas.</prosody>	4200
2024-05-28 19:06:56	ActionGesture	BrowRaise
2024-05-28 19:06:59	ActionGesture	BrowRaise
2024-05-28 19:06:59	GUIEvent	NEW_STAGE_REQUESTED	STAGE[2] [5] REQUESTED .. [ACCEPTED]	0.2	5	CONDITION1	ReviewInstructions
2024-05-28 19:06:59	SessionEvent	QUESTION_SET	NEW QUESTION TO ACTIVATE	2		CONDITION1	ReviewInstructions
2024-05-28 19:06:59	FlowEvent	NEW_FLOW_STATE	QuestionReflection	2		CONDITION1	QuestionReflection
2024-05-28 19:07:00	MonitorSpeechStart	<prosody rate="1.0">Okej, då är det dags för fråga 2</prosody>	2225
2024-05-28 19:07:01	ActionGesture	BrowRaise
2024-05-28 19:07:02	ActionGesture	BrowRaise
2024-05-28 19:07:07	GUIEvent	ANSWER_MARKED	ANSWER[FALSE] [2] [5] SENT .. [ACCEPTED]	2	5	CONDITION1	QuestionReflection
2024-05-28 19:07:07	MonitorSpeechStart	<prosody rate="1.0">Har du svarat?</prosody>	962
2024-05-28 19:07:07	ActionGesture	BrowRaise
2024-05-28 19:07:10	ActionGesture	Smile
2024-05-28 19:07:10	SenseSpeech	ja jag har svarat	800
2024-05-28 19:07:10	SenseNLUIntent	ja jag har svarat	Yes
2024-05-28 19:07:10	SenseNLUIntent	ja jag har svarat	Agree
2024-05-28 19:07:10	FlowEvent	NEW_FLOW_STATE	QuestionDisclosure	2		CONDITION1	QuestionDisclosure
2024-05-28 19:07:11	MonitorSpeechStart	<prosody rate="1.0">Snyggt</prosody>	650
2024-05-28 19:07:12	MonitorSpeechStart	<prosody rate="1.0">Jag svarade att det är falskt. Vad svarade du?</prosody>	3442
2024-05-28 19:07:12	ActionGesture	BrowRaise
2024-05-28 19:07:15	ActionGesture	BrowRaise
2024-05-28 19:07:15	ActionGesture	BrowRaise
2024-05-28 19:07:17	ActionGesture	Smile
2024-05-28 19:07:18	SenseSpeech	ja jag svarade också att det är falskt	1600
2024-05-28 19:07:18	SenseNLUIntent	ja jag svarade också att det är falskt	Agree
2024-05-28 19:07:18	SenseNLUIntent	ja jag svarade också att det är falskt	AnswerFalse
2024-05-28 19:07:18	FlowEvent	NEW_FLOW_STATE	QuestionReview	2		CONDITION1	QuestionReview
2024-05-28 19:07:19	MonitorSpeechStart	<prosody rate="1.0">Bra. Du ser att det är så?</prosody>	2130
2024-05-28 19:07:19	ActionGesture	BrowRaise
2024-05-28 19:07:20	ActionGesture	BrowRaise
2024-05-28 19:07:21	MonitorSpeechStart	<prosody rate="1.0">C1 och C2 är ritade olika, men det är samma krets och de vita, gula och röda lamporna är parallell kopplade i båda.</prosody>	8425
2024-05-28 19:07:22	ActionGesture	BrowRaise
2024-05-28 19:07:22	ActionGesture	BrowRaise
2024-05-28 19:07:24	ActionGesture	BrowRaise
2024-05-28 19:07:26	ActionGesture	BrowRaise
2024-05-28 19:07:28	ActionGesture	BrowRaise
2024-05-28 19:07:30	ActionGesture	BrowRaise
2024-05-28 19:07:33	ActionGesture	Smile
2024-05-28 19:07:33	SenseSpeech	ja	240
2024-05-28 19:07:33	SenseNLUIntent	ja	Yes
2024-05-28 19:07:33	MonitorSpeechStart	<prosody rate="1.0">Det är bra!</prosody>	700
2024-05-28 19:07:34	ActionGesture	BrowRaise
2024-05-28 19:07:37	MonitorSpeechStart	<prosody rate="1.0">De blå lamporna lyser lika starkt eftersom de andra lamporna är kortslutna.</prosody>	5025
2024-05-28 19:07:39	ActionGesture	BrowRaise
2024-05-28 19:07:41	ActionGesture	BrowRaise
2024-05-28 19:07:42	ActionGesture	BrowRaise
2024-05-28 19:07:44	ActionGesture	Smile
2024-05-28 19:07:45	SenseSpeech	ja just det	560
2024-05-28 19:07:45	SenseNLUIntent	ja just det	Yes
2024-05-28 19:07:45	FlowEvent	NEW_FLOW_STATE	QuestionCheckpoint	2		CONDITION1	QuestionCheckpoint
2024-05-28 19:07:45	MonitorSpeechStart	<prosody rate="1.0">Perfekt</prosody>	700
2024-05-28 19:07:45	ActionGesture	BrowRaise
2024-05-28 19:07:47	MonitorSpeechStart	<prosody rate="1.0">Så</prosody>	512
2024-05-28 19:07:48	MonitorSpeechStart	<prosody rate="1.0">är vi överens om att det är falskt?</prosody>	2025
2024-05-28 19:07:49	ActionGesture	BrowRaise
2024-05-28 19:07:52	ActionGesture	Smile
2024-05-28 19:07:53	SenseSpeech	ja men det gör vi	1000
2024-05-28 19:07:53	SenseNLUIntent	ja men det gör vi	Yes
2024-05-28 19:07:53	FlowEvent	NEW_FLOW_STATE	QuestionReview	2		CONDITION1	QuestionReview
2024-05-28 19:07:53	FlowEvent	NEW_FLOW_STATE	QuestionConfirmation	2		CONDITION1	QuestionConfirmation
2024-05-28 19:07:54	MonitorSpeechStart	<prosody rate="1.0">Utmärkt. Okej, Jag har bekräftat att det är falskt. Kan du ge ditt svar och trycka på Bekräfta?</prosody>	6235
2024-05-28 19:07:57	ActionGesture	BrowRaise
2024-05-28 19:07:58	ActionGesture	BrowRaise
2024-05-28 19:07:58	ActionGesture	BrowRaise
2024-05-28 19:08:00	ActionGesture	BrowRaise
2024-05-28 19:08:02	ActionGesture	Smile
2024-05-28 19:08:02	GUIEvent	NEW_STAGE_REQUESTED	STAGE[3] [5] REQUESTED .. [ACCEPTED]	2	5	CONDITION1	QuestionConfirmation
2024-05-28 19:08:02	SessionEvent	ANSWER_CONFIRMED	QUESTION CONFIRMED IN GUI.	3		CONDITION1	QuestionConfirmation
2024-05-28 19:08:02	SessionEvent	QUESTION_SET	NEW QUESTION TO ACTIVATE	3		CONDITION1	QuestionConfirmation
2024-05-28 19:08:02	FlowEvent	NEW_FLOW_STATE	QuestionReflection	3		CONDITION1	QuestionReflection
2024-05-28 19:08:03	MonitorSpeechStart	<prosody rate="1.0">Då ska vi ge oss på fråga 3</prosody>	1962
2024-05-28 19:08:05	ActionGesture	BrowRaise
2024-05-28 19:08:10	MonitorSpeechStart	<prosody rate="1.0">Har du redan svarat?</prosody>	1287
2024-05-28 19:08:11	ActionGesture	BrowRaise
2024-05-28 19:08:11	ActionGesture	BrowRaise
2024-05-28 19:08:14	GUIEvent	ANSWER_MARKED	ANSWER[FALSE] [3] [5] SENT .. [ACCEPTED]	3	5	CONDITION1	QuestionReflection
2024-05-28 19:08:15	ActionGesture	Smile
2024-05-28 19:08:16	SenseSpeech	ja nu har jag svarat	1080
2024-05-28 19:08:16	SenseNLUIntent	ja nu har jag svarat	Agree
2024-05-28 19:08:16	SenseNLUIntent	ja nu har jag svarat	Understand
2024-05-28 19:08:16	FlowEvent	NEW_FLOW_STATE	QuestionDisclosure	3		CONDITION1	QuestionDisclosure
2024-05-28 19:08:16	MonitorSpeechStart	<prosody rate="1.0">Det är bra!</prosody>	700
2024-05-28 19:08:17	ActionGesture	BrowRaise
2024-05-28 19:08:17	MonitorSpeechStart	<prosody rate="1.0">Jag tog falskt. Vad svarade du?</prosody>	2592
2024-05-28 19:08:19	ActionGesture	BrowRaise
2024-05-28 19:08:20	ActionGesture	BrowRaise
2024-05-28 19:08:22	ActionGesture	Smile
2024-05-28 19:08:23	SenseSpeech	ja jag svarar dock så att det är falskt	1520
2024-05-28 19:08:23	SenseNLUIntent	ja jag svarar dock så att det är falskt	Yes
2024-05-28 19:08:23	SenseNLUIntent	ja jag svarar dock så att det är falskt	AnswerFalse
2024-05-28 19:08:23	FlowEvent	NEW_FLOW_STATE	QuestionReview	3		CONDITION1	QuestionReview
2024-05-28 19:08:23	MonitorSpeechStart	<prosody rate="1.0">Höll du med?</prosody>	675
2024-05-28 19:08:24	ActionGesture	BrowRaise
2024-05-28 19:08:26	MonitorSpeechStart	<prosody rate="1.0">Det blir en spänningsdelning mellan lamporna, och etersom den ekvivalenta resi stannsen för de röda och gula lamporna tillsammans är lägre än för den blå måste det ligga högre spänning över dem, så att de lyser starkare.</prosody>	14000
2024-05-28 19:08:27	ActionGesture	BrowRaise
2024-05-28 19:08:28	ActionGesture	BrowRaise
2024-05-28 19:08:29	ActionGesture	BrowRaise
2024-05-28 19:08:29	ActionGesture	BrowRaise
2024-05-28 19:08:32	ActionGesture	BrowRaise
2024-05-28 19:08:34	ActionGesture	BrowRaise
2024-05-28 19:08:35	ActionGesture	BrowRaise
2024-05-28 19:08:38	ActionGesture	BrowRaise
2024-05-28 19:08:40	ActionGesture	BrowRaise
2024-05-28 19:08:44	ActionGesture	Smile
2024-05-28 19:08:46	SenseSpeech	ja men precis så tänkte jag också	1880
2024-05-28 19:08:46	SenseNLUIntent	ja men precis så tänkte jag också	Agree
2024-05-28 19:08:46	SenseNLUIntent	ja men precis så tänkte jag också	Understand
2024-05-28 19:08:46	MonitorSpeechStart	<prosody rate="1.0">Bra. Du ser att det är så?</prosody>	2130
2024-05-28 19:08:46	ActionGesture	BrowRaise
2024-05-28 19:08:48	ActionGesture	BrowRaise
2024-05-28 19:08:50	MonitorSpeechStart	<prosody rate="1.0">Hur starkt lamporna lyser beror på effekten och eftersom de gula och röda lamporna är parallell kopplade kommer de tillsammans ha större effekt än den ensamma blå och därför lysa starkare.</prosody>	11912
2024-05-28 19:08:51	ActionGesture	BrowRaise
2024-05-28 19:08:51	ActionGesture	BrowRaise
2024-05-28 19:08:53	ActionGesture	BrowRaise
2024-05-28 19:08:54	ActionGesture	BrowRaise
2024-05-28 19:08:55	ActionGesture	BrowRaise
2024-05-28 19:08:55	ActionGesture	BrowRaise
2024-05-28 19:08:58	ActionGesture	BrowRaise
2024-05-28 19:09:01	ActionGesture	BrowRaise
2024-05-28 19:09:02	ActionGesture	BrowRaise
2024-05-28 19:09:05	ActionGesture	Smile
2024-05-28 19:09:06	SenseSpeech	NOMATCH	3280
2024-05-28 19:09:06	FlowEvent	NEW_FLOW_STATE	QuestionCheckpoint	3		CONDITION1	QuestionCheckpoint
2024-05-28 19:09:06	MonitorSpeechStart	<prosody rate="1.0">mm,</prosody>	437
2024-05-28 19:09:06	ActionGesture	BrowRaise
2024-05-28 19:09:07	MonitorSpeechStart	<prosody rate="1.0">Ska vi välja falskt då?</prosody>	1375
2024-05-28 19:09:08	ActionGesture	BrowRaise
2024-05-28 19:09:10	ActionGesture	Smile
2024-05-28 19:09:11	SenseSpeech	ja men det gör vi	760
2024-05-28 19:09:11	SenseNLUIntent	ja men det gör vi	Yes
2024-05-28 19:09:11	FlowEvent	NEW_FLOW_STATE	QuestionReview	3		CONDITION1	QuestionReview
2024-05-28 19:09:11	FlowEvent	NEW_FLOW_STATE	QuestionConfirmation	3		CONDITION1	QuestionConfirmation
2024-05-28 19:09:12	MonitorSpeechStart	<prosody rate="1.0">Bra. Nu har jag svarat falskt. Svarar du också och bekräftar?</prosody>	4772
2024-05-28 19:09:12	ActionGesture	BrowRaise
2024-05-28 19:09:14	ActionGesture	BrowRaise
2024-05-28 19:09:17	ActionGesture	BrowRaise
2024-05-28 19:09:17	GUIEvent	NEW_STAGE_REQUESTED	STAGE[4] [5] REQUESTED .. [ACCEPTED]	3	5	CONDITION1	QuestionConfirmation
2024-05-28 19:09:17	SessionEvent	ANSWER_CONFIRMED	QUESTION CONFIRMED IN GUI.	4		CONDITION1	QuestionConfirmation
2024-05-28 19:09:17	SessionEvent	QUESTION_SET	NEW QUESTION TO ACTIVATE	4		CONDITION1	QuestionConfirmation
2024-05-28 19:09:17	FlowEvent	NEW_FLOW_STATE	QuestionReflection	4		CONDITION1	QuestionReflection
2024-05-28 19:09:18	MonitorSpeechStart	<prosody rate="1.0">Vi går vidare med fråga 4</prosody>	1900
2024-05-28 19:09:19	ActionGesture	BrowRaise
2024-05-28 19:09:20	MonitorSpeechStart	<prosody rate="1.0">Låt oss titta på den.</prosody>	1287
2024-05-28 19:09:21	ActionGesture	BrowRaise
2024-05-28 19:09:26	MonitorSpeechStart	<prosody rate="1.0">Jag är klar. Är du?</prosody>	1555
2024-05-28 19:09:27	ActionGesture	BrowRaise
2024-05-28 19:09:28	GUIEvent	ANSWER_MARKED	ANSWER[FALSE] [4] [5] SENT .. [ACCEPTED]	4	5	CONDITION1	QuestionReflection
2024-05-28 19:09:30	ActionGesture	Smile
2024-05-28 19:09:30	SenseSpeech	ja	280
2024-05-28 19:09:30	SenseNLUIntent	ja	Yes
2024-05-28 19:09:30	FlowEvent	NEW_FLOW_STATE	QuestionDisclosure	4		CONDITION1	QuestionDisclosure
2024-05-28 19:09:30	MonitorSpeechStart	<prosody rate="1.0">Snyggt</prosody>	650
2024-05-28 19:09:32	MonitorSpeechStart	<prosody rate="1.0">Jag svarade att det är falskt. Vad svarade du?</prosody>	3442
2024-05-28 19:09:32	ActionGesture	BrowRaise
2024-05-28 19:09:34	ActionGesture	BrowRaise
2024-05-28 19:09:35	ActionGesture	BrowRaise
2024-05-28 19:09:38	ActionGesture	Smile
2024-05-28 19:09:40	SenseSpeech	ja men jag svarade också att det är faktiskt	1760
2024-05-28 19:09:40	SenseNLUIntent	ja men jag svarade också att det är faktiskt	Agree
2024-05-28 19:09:40	SenseNLUIntent	ja men jag svarade också att det är faktiskt	Understand
2024-05-28 19:09:40	FlowEvent	NEW_FLOW_STATE	QuestionReview	4		CONDITION1	QuestionReview
2024-05-28 19:09:40	MonitorSpeechStart	<prosody rate="1.0">Det är bra!</prosody>	700
2024-05-28 19:09:40	ActionGesture	BrowRaise
2024-05-28 19:09:41	MonitorSpeechStart	<prosody rate="1.0">Jag svarade också att det är falskt. I C1 är den blå lampan i serie med de två parallell kopplade gula lamporna, men i C2 är alla lampor parallell kopplade.</prosody>	11230
2024-05-28 19:09:42	ActionGesture	BrowRaise
2024-05-28 19:09:44	ActionGesture	BrowRaise
2024-05-28 19:09:44	ActionGesture	BrowRaise
2024-05-28 19:09:45	ActionGesture	BrowRaise
2024-05-28 19:09:46	ActionGesture	BrowRaise
2024-05-28 19:09:49	ActionGesture	BrowRaise
2024-05-28 19:09:50	ActionGesture	BrowRaise
2024-05-28 19:09:52	ActionGesture	BrowRaise
2024-05-28 19:09:55	ActionGesture	Smile
2024-05-28 19:09:56	SenseSpeech	ja så är det	1800
2024-05-28 19:09:56	SenseNLUIntent	ja så är det	Yes
2024-05-28 19:09:56	SenseNLUIntent	ja så är det	ElaborationRequest
2024-05-28 19:09:57	MonitorSpeechStart	<prosody rate="1.0">Njaa</prosody>	512
2024-05-28 19:09:57	ActionGesture	BrowRaise
2024-05-28 19:09:58	MonitorSpeechStart	<prosody rate="1.0">Eftersom den totala resi stannsen är 22,5 Ohm i C1 och 5 Ohm i C2 kommer den blå lampan i C2 lysa starkare.</prosody>	9162
2024-05-28 19:10:01	ActionGesture	BrowRaise
2024-05-28 19:10:02	ActionGesture	BrowRaise
2024-05-28 19:10:02	ActionGesture	BrowRaise
2024-05-28 19:10:05	ActionGesture	BrowRaise
2024-05-28 19:10:07	ActionGesture	BrowRaise
2024-05-28 19:10:13	ActionGesture	Smile
2024-05-28 19:10:13	SenseSpeech	ja men visst	1000
2024-05-28 19:10:13	SenseNLUIntent	ja men visst	Agree
2024-05-28 19:10:13	SenseNLUIntent	ja men visst	Understand
2024-05-28 19:10:13	FlowEvent	NEW_FLOW_STATE	QuestionCheckpoint	4		CONDITION1	QuestionCheckpoint
2024-05-28 19:10:14	MonitorSpeechStart	<prosody rate="1.0">Perfekt</prosody>	700
2024-05-28 19:10:14	ActionGesture	BrowRaise
2024-05-28 19:10:15	MonitorSpeechStart	<prosody rate="1.0">Så</prosody>	512
2024-05-28 19:10:16	MonitorSpeechStart	<prosody rate="1.0">är vi överens om att det är falskt?</prosody>	2025
2024-05-28 19:10:18	ActionGesture	BrowRaise
2024-05-28 19:10:20	GUIEvent	NEW_STAGE_REQUESTED	STAGE[5] [5] REQUESTED .. [ACCEPTED]	4	5	CONDITION1	QuestionCheckpoint
2024-05-28 19:10:20	SessionEvent	ANSWER_CONFIRMED	QUESTION CONFIRMED IN GUI.	5		CONDITION1	QuestionCheckpoint
2024-05-28 19:10:20	SessionEvent	QUESTION_SET	NEW QUESTION TO ACTIVATE	5		CONDITION1	QuestionCheckpoint
2024-05-28 19:10:20	FlowEvent	NEW_FLOW_STATE	QuestionReflection	5		CONDITION1	QuestionReflection
2024-05-28 19:10:20	MonitorSpeechStart	<prosody rate="1.0">Då ska vi få upp fråga 5</prosody>	1700
2024-05-28 19:10:22	ActionGesture	BrowRaise
2024-05-28 19:10:27	MonitorSpeechStart	<prosody rate="1.0">Har du svarat nu?</prosody>	1075
2024-05-28 19:10:27	ActionGesture	BrowRaise
2024-05-28 19:10:29	GUIEvent	ANSWER_MARKED	ANSWER[TRUE] [5] [5] SENT .. [ACCEPTED]	5	5	CONDITION1	QuestionReflection
2024-05-28 19:10:30	ActionGesture	Smile
2024-05-28 19:10:32	SenseSpeech	ja jag sa ju att nu	960
2024-05-28 19:10:32	SenseNLUIntent	ja jag sa ju att nu	Agree
2024-05-28 19:10:32	SenseNLUIntent	ja jag sa ju att nu	Understand
2024-05-28 19:10:32	FlowEvent	NEW_FLOW_STATE	QuestionDisclosure	5		CONDITION1	QuestionDisclosure
2024-05-28 19:10:34	MonitorSpeechStart	<prosody rate="1.0">Utmärkt. Jag tog sant. Vad svarade du?</prosody>	3722
2024-05-28 19:10:37	ActionGesture	BrowRaise
2024-05-28 19:10:37	ActionGesture	BrowRaise
2024-05-28 19:10:39	ActionGesture	Smile
2024-05-28 19:10:40	SenseSpeech	ja jag tog också sen	1080
2024-05-28 19:10:40	SenseNLUIntent	ja jag tog också sen	Agree
2024-05-28 19:10:40	SenseNLUIntent	ja jag tog också sen	ILikeMyAnswer
2024-05-28 19:10:40	FlowEvent	NEW_FLOW_STATE	QuestionPersuasion	5		CONDITION1	QuestionPersuasion
2024-05-28 19:10:40	MonitorSpeechStart	<prosody rate="1.0">Njaa</prosody>	512
2024-05-28 19:10:41	ActionGesture	BrowRaise
2024-05-28 19:10:42	MonitorSpeechStart	<prosody rate="1.0">De gula, blåa och röda lamporna är parallell kopplade</prosody>	3862
2024-05-28 19:10:42	ActionGesture	BrowRaise
2024-05-28 19:10:45	ActionGesture	BrowRaise
2024-05-28 19:10:50	ActionGesture	Smile
2024-05-28 19:10:51	SenseSpeech	ja ser du	560
2024-05-28 19:10:51	SenseNLUIntent	ja ser du	Yes
2024-05-28 19:10:51	MonitorSpeechStart	<prosody rate="1.0">Höll du med?</prosody>	675
2024-05-28 19:10:52	ActionGesture	BrowRaise
2024-05-28 19:10:53	MonitorSpeechStart	<prosody rate="1.0">Den gröna lampan är också parallell kopplad med batteriet</prosody>	4061
2024-05-28 19:10:54	ActionGesture	BrowRaise
2024-05-28 19:10:55	ActionGesture	BrowRaise
2024-05-28 19:10:56	ActionGesture	BrowRaise
2024-05-28 19:10:56	ActionGesture	BrowRaise
2024-05-28 19:10:58	ActionGesture	Smile
2024-05-28 19:10:58	SenseSpeech	ja	240
2024-05-28 19:10:59	SenseNLUIntent	ja	Yes
2024-05-28 19:10:59	FlowEvent	NEW_FLOW_STATE	QuestionCheckpoint	5		CONDITION1	QuestionCheckpoint
2024-05-28 19:10:59	MonitorSpeechStart	<prosody rate="1.0">Det är bra!</prosody>	700
2024-05-28 19:10:59	ActionGesture	BrowRaise
2024-05-28 19:11:01	MonitorSpeechStart	<prosody rate="1.0">Ska vi välja sant då?</prosody>	1287
2024-05-28 19:11:02	ActionGesture	BrowRaise
2024-05-28 19:11:04	ActionGesture	Smile
2024-05-28 19:11:05	SenseSpeech	ja visst är jag	800
2024-05-28 19:11:05	SenseNLUIntent	ja visst är jag	Agree
2024-05-28 19:11:05	SenseNLUIntent	ja visst är jag	Understand
2024-05-28 19:11:05	FlowEvent	NEW_FLOW_STATE	QuestionReview	5		CONDITION1	QuestionReview
2024-05-28 19:11:05	MonitorSpeechStart	<prosody rate="1.0">Bra. Du ser att det är så?</prosody>	2130
2024-05-28 19:11:06	ActionGesture	BrowRaise
2024-05-28 19:11:07	ActionGesture	BrowRaise
2024-05-28 19:11:08	MonitorSpeechStart	<prosody rate="1.0">Det inte spelar någon roll vilken sida om batteriet lampan är på, så alla lampor är parallell kopplade och lyser lika starkt.</prosody>	8149
2024-05-28 19:11:09	ActionGesture	BrowRaise
2024-05-28 19:11:09	ActionGesture	BrowRaise
2024-05-28 19:11:13	ActionGesture	BrowRaise
2024-05-28 19:11:14	ActionGesture	BrowRaise
2024-05-28 19:11:15	ActionGesture	BrowRaise
2024-05-28 19:11:16	ActionGesture	BrowRaise
2024-05-28 19:11:17	GUIEvent	NEW_STAGE_REQUESTED	STAGE[6] [5] REQUESTED .. [ACCEPTED]	5	5	CONDITION1	QuestionReview
2024-05-28 19:11:17	SessionEvent	ANSWER_CONFIRMED	QUESTION CONFIRMED IN GUI.	6		CONDITION1	QuestionReview
2024-05-28 19:11:17	SessionEvent	QUESTION_SET	NEW QUESTION TO ACTIVATE	6		CONDITION1	QuestionReview
2024-05-28 19:11:17	FlowEvent	NEW_FLOW_STATE	QuestionReflection	6		CONDITION1	QuestionReflection
2024-05-28 19:11:18	MonitorSpeechStart	<prosody rate="1.0">Låt oss titta på fråga 6</prosody>	1825
2024-05-28 19:11:19	ActionGesture	BrowRaise
2024-05-28 19:11:24	MonitorSpeechStart	<prosody rate="1.0">Jag tror att jag tänkt klart. Har du?</prosody>	2580
2024-05-28 19:11:26	ActionGesture	BrowRaise
2024-05-28 19:11:26	ActionGesture	BrowRaise
2024-05-28 19:11:28	GUIEvent	ANSWER_MARKED	ANSWER[FALSE] [6] [5] SENT .. [ACCEPTED]	6	5	CONDITION1	QuestionReflection
2024-05-28 19:11:30	ActionGesture	Smile
2024-05-28 19:11:30	SenseSpeech	det har jag	400
2024-05-28 19:11:30	SenseNLUIntent	det har jag	Agree
2024-05-28 19:11:30	SenseNLUIntent	det har jag	Understand
2024-05-28 19:11:30	FlowEvent	NEW_FLOW_STATE	QuestionDisclosure	6		CONDITION1	QuestionDisclosure
2024-05-28 19:11:31	MonitorSpeechStart	<prosody rate="1.0">Bra. Jag svarade att det är falskt. Vad svarade du?</prosody>	4335
2024-05-28 19:11:32	ActionGesture	BrowRaise
2024-05-28 19:11:33	ActionGesture	BrowRaise
2024-05-28 19:11:35	ActionGesture	BrowRaise
2024-05-28 19:11:39	ActionGesture	Smile
2024-05-28 19:11:40	SenseSpeech	nu har jag svarat också att det är fast	1640
2024-05-28 19:11:40	SenseNLUIntent	nu har jag svarat också att det är fast	Agree
2024-05-28 19:11:40	SenseNLUIntent	nu har jag svarat också att det är fast	Understand
2024-05-28 19:11:40	FlowEvent	NEW_FLOW_STATE	QuestionReview	6		CONDITION1	QuestionReview
2024-05-28 19:11:41	MonitorSpeechStart	<prosody rate="1.0">Det är bra!</prosody>	700
2024-05-28 19:11:41	ActionGesture	BrowRaise
2024-05-28 19:11:42	MonitorSpeechStart	<prosody rate="1.0">Jag tänkte att det är nästan samma krets som i en av de första frågorna, bara att den blå lampan i C2 är annorlunda placerad.</prosody>	8562
2024-05-28 19:11:42	ActionGesture	BrowRaise
2024-05-28 19:11:46	ActionGesture	BrowRaise
2024-05-28 19:11:47	ActionGesture	BrowRaise
2024-05-28 19:11:48	ActionGesture	BrowRaise
2024-05-28 19:11:49	ActionGesture	BrowRaise
2024-05-28 19:11:50	ActionGesture	BrowRaise
2024-05-28 19:11:50	ActionGesture	BrowRaise
2024-05-28 19:11:59	MonitorSpeechStart	<prosody rate="1.0">Jag menar</prosody>	725
2024-05-28 19:11:59	ActionGesture	BrowRaise
2024-05-28 19:12:01	MonitorSpeechStart	<prosody rate="1.0">De andra lamporna är kortslutna och placeringen av den blå lampan spelar ingen roll, så de kommer att lysa lika starkt</prosody>	8125
2024-05-28 19:12:01	ActionGesture	BrowRaise
2024-05-28 19:12:02	ActionGesture	BrowRaise
2024-05-28 19:12:04	ActionGesture	BrowRaise
2024-05-28 19:12:04	ActionGesture	BrowRaise
2024-05-28 19:12:06	ActionGesture	BrowRaise
2024-05-28 19:12:09	ActionGesture	BrowRaise
2024-05-28 19:12:11	ActionGesture	Smile
2024-05-28 19:12:12	SenseSpeech	ja precis så är det ju	1240
2024-05-28 19:12:12	SenseNLUIntent	ja precis så är det ju	Yes
2024-05-28 19:12:12	SenseNLUIntent	ja precis så är det ju	ElaborationRequest
2024-05-28 19:12:12	FlowEvent	NEW_FLOW_STATE	QuestionCheckpoint	6		CONDITION1	QuestionCheckpoint
2024-05-28 19:12:13	MonitorSpeechStart	<prosody rate="1.0">Men</prosody>	462
2024-05-28 19:12:13	ActionGesture	BrowRaise
2024-05-28 19:12:14	MonitorSpeechStart	<prosody rate="1.0">Så</prosody>	512
2024-05-28 19:12:15	MonitorSpeechStart	<prosody rate="1.0">är vi överens om att det är falskt?</prosody>	2025
2024-05-28 19:12:17	ActionGesture	BrowRaise
2024-05-28 19:12:19	ActionGesture	Smile
2024-05-28 19:12:20	SenseSpeech	ja det är vi	760
2024-05-28 19:12:20	SenseNLUIntent	ja det är vi	Yes
2024-05-28 19:12:20	FlowEvent	NEW_FLOW_STATE	QuestionReview	6		CONDITION1	QuestionReview
2024-05-28 19:12:20	FlowEvent	NEW_FLOW_STATE	QuestionConfirmation	6		CONDITION1	QuestionConfirmation
2024-05-28 19:12:21	MonitorSpeechStart	<prosody rate="1.0">Snyggt</prosody>	650
2024-05-28 19:12:23	MonitorSpeechStart	<prosody rate="1.0">Kan du svara och bekräfta? Jag har valt falskt.</prosody>	3230
2024-05-28 19:12:23	ActionGesture	BrowRaise
2024-05-28 19:12:24	ActionGesture	BrowRaise
2024-05-28 19:12:25	ActionGesture	BrowRaise
2024-05-28 19:12:26	GUIEvent	NEW_STAGE_REQUESTED	STAGE[7] [5] REQUESTED .. [ACCEPTED]	6	5	CONDITION1	QuestionConfirmation
2024-05-28 19:12:26	SessionEvent	ANSWER_CONFIRMED	QUESTION CONFIRMED IN GUI.	7		CONDITION1	QuestionConfirmation
2024-05-28 19:12:26	SessionEvent	QUESTION_SET	NEW QUESTION TO ACTIVATE	7		CONDITION1	QuestionConfirmation
2024-05-28 19:12:26	FlowEvent	NEW_FLOW_STATE	QuestionReflection	7		CONDITION1	QuestionReflection
2024-05-28 19:12:27	MonitorSpeechStart	<prosody rate="1.0">Då är det dags att fundera över fråga 7</prosody>	2650
2024-05-28 19:12:28	ActionGesture	BrowRaise
2024-05-28 19:12:29	ActionGesture	BrowRaise
2024-05-28 19:12:34	MonitorSpeechStart	<prosody rate="1.0">Säg till när du svarat.</prosody>	1475
2024-05-28 19:12:35	GUIEvent	ANSWER_MARKED	ANSWER[TRUE] [7] [5] SENT .. [ACCEPTED]	7	5	CONDITION1	QuestionReflection
2024-05-28 19:12:35	ActionGesture	BrowRaise
2024-05-28 19:12:38	ActionGesture	Smile
2024-05-28 19:12:39	SenseSpeech	ja men jag har svarat	880
2024-05-28 19:12:39	SenseNLUIntent	ja men jag har svarat	Yes
2024-05-28 19:12:39	SenseNLUIntent	ja men jag har svarat	Agree
2024-05-28 19:12:39	FlowEvent	NEW_FLOW_STATE	QuestionDisclosure	7		CONDITION1	QuestionDisclosure
2024-05-28 19:12:39	MonitorSpeechStart	<prosody rate="1.0">Perfekt</prosody>	700
2024-05-28 19:12:39	ActionGesture	BrowRaise
2024-05-28 19:12:40	MonitorSpeechStart	<prosody rate="1.0">Jag tog falskt. Vad svarade du?</prosody>	2592
2024-05-28 19:12:42	ActionGesture	BrowRaise
2024-05-28 19:12:42	ActionGesture	BrowRaise
2024-05-28 19:12:45	ActionGesture	Smile
2024-05-28 19:12:46	SenseSpeech	jag svarar att det är sant	1480
2024-05-28 19:12:46	SenseNLUIntent	jag svarar att det är sant	Agree
2024-05-28 19:12:46	SenseNLUIntent	jag svarar att det är sant	AnswerTrue
2024-05-28 19:12:46	FlowEvent	NEW_FLOW_STATE	QuestionPersuasion	7		CONDITION1	QuestionPersuasion
2024-05-28 19:12:47	MonitorSpeechStart	<prosody rate="1.0">Okej, låt mig förklara så här</prosody>	1900
2024-05-28 19:12:48	ActionGesture	BrowRaise
2024-05-28 19:12:49	MonitorSpeechStart	<prosody rate="1.0">Den ekvivalenta resi stannsen för de röda och gula lamporna räknas ut som den inverterad summa.</prosody>	6437
2024-05-28 19:12:52	ActionGesture	BrowRaise
2024-05-28 19:12:53	ActionGesture	BrowRaise
2024-05-28 19:12:55	ActionGesture	BrowRaise
2024-05-28 19:12:56	ActionGesture	BrowRaise
2024-05-28 19:12:59	ActionGesture	Smile
2024-05-28 19:13:00	SenseSpeech	visst	280
2024-05-28 19:13:00	SenseNLUIntent	visst	Agree
2024-05-28 19:13:00	SenseNLUIntent	visst	Understand
2024-05-28 19:13:00	MonitorSpeechStart	<prosody rate="1.0">Höll du med?</prosody>	675
2024-05-28 19:13:01	ActionGesture	BrowRaise
2024-05-28 19:13:02	MonitorSpeechStart	<prosody rate="1.0">Eftersom den ekvivalenta resi stannsen för de gula och röda lamporna blir hälften av den ursprungliga kommer  alla lampor lysa starkare när det går mer ström genom kretsen.</prosody>	10400
2024-05-28 19:13:04	ActionGesture	BrowRaise
2024-05-28 19:13:05	ActionGesture	BrowRaise
2024-05-28 19:13:05	ActionGesture	BrowRaise
2024-05-28 19:13:06	ActionGesture	BrowRaise
2024-05-28 19:13:07	ActionGesture	BrowRaise
2024-05-28 19:13:08	ActionGesture	BrowRaise
2024-05-28 19:13:10	ActionGesture	BrowRaise
2024-05-28 19:13:12	ActionGesture	BrowRaise
2024-05-28 19:13:19	ActionGesture	Smile
2024-05-28 19:13:20	SenseSpeech	ja men	2200
2024-05-28 19:13:20	SenseNLUIntent	ja men	Yes
2024-05-28 19:13:20	FlowEvent	NEW_FLOW_STATE	QuestionCheckpoint	7		CONDITION1	QuestionCheckpoint
2024-05-28 19:13:21	MonitorSpeechStart	<prosody rate="1.0">Utmärkt. Jag svarar att det är falskt</prosody>	3067
2024-05-28 19:13:22	ActionGesture	BrowRaise
2024-05-28 19:13:23	ActionGesture	BrowRaise
2024-05-28 19:13:25	MonitorSpeechStart	<prosody rate="1.0">Svarar du också det?</prosody>	1237
2024-05-28 19:13:26	ActionGesture	BrowRaise
2024-05-28 19:13:29	ActionGesture	Smile
2024-05-28 19:13:32	SenseSpeech	nej för det är ju fortfarande en strömdelning där	3120
2024-05-28 19:13:32	SenseNLUIntent	nej för det är ju fortfarande en strömdelning där	No
2024-05-28 19:13:32	FlowEvent	NEW_FLOW_STATE	QuestionPersuasion	7		CONDITION1	QuestionPersuasion
2024-05-28 19:13:32	MonitorSpeechStart	<prosody rate="1.0">Jaha</prosody>	537
2024-05-28 19:13:32	ActionGesture	BrowRaise
2024-05-28 19:13:33	MonitorSpeechStart	<prosody rate="1.0">Okej</prosody>	525
2024-05-28 19:13:33	ActionGesture	BrowRaise
2024-05-28 19:13:34	MonitorSpeechStart	<prosody rate="1.0">I menar</prosody>	675
2024-05-28 19:13:35	ActionGesture	BrowRaise
2024-05-28 19:13:36	MonitorSpeechStart	<prosody rate="1.0">Innan strömbrytaren slås till går ingen ström genom den röda lampan. När de två lamporna blir parallelkopplade, minskar totala resi stannsen, så då blir strömmen högre.</prosody>	11717
2024-05-28 19:13:40	ActionGesture	BrowRaise
2024-05-28 19:13:42	ActionGesture	BrowRaise
2024-05-28 19:13:43	ActionGesture	BrowRaise
2024-05-28 19:13:44	ActionGesture	BrowRaise
2024-05-28 19:13:47	ActionGesture	BrowRaise
2024-05-28 19:13:51	ActionGesture	Smile
2024-05-28 19:13:53	SenseSpeech	ja det stämmer väl	2240
2024-05-28 19:13:53	SenseNLUIntent	ja det stämmer väl	Yes
2024-05-28 19:13:53	FlowEvent	NEW_FLOW_STATE	QuestionCheckpoint	7		CONDITION1	QuestionCheckpoint
2024-05-28 19:13:53	MonitorSpeechStart	<prosody rate="1.0">Det är bra!</prosody>	700
2024-05-28 19:13:54	ActionGesture	BrowRaise
2024-05-28 19:13:55	MonitorSpeechStart	<prosody rate="1.0">Så, håller du med om att det är falskt?</prosody>	2312
2024-05-28 19:13:56	ActionGesture	BrowRaise
2024-05-28 19:13:56	ActionGesture	BrowRaise
2024-05-28 19:14:00	ActionGesture	Smile
2024-05-28 19:14:02	SenseSpeech	nej det gör jag inte	1280
2024-05-28 19:14:02	SenseNLUIntent	nej det gör jag inte	Agree
2024-05-28 19:14:02	SenseNLUIntent	nej det gör jag inte	Disagree
2024-05-28 19:14:02	FlowEvent	NEW_FLOW_STATE	QuestionPersuasion	7		CONDITION1	QuestionPersuasion
2024-05-28 19:14:02	MonitorSpeechStart	<prosody rate="1.0">Aha,</prosody>	525
2024-05-28 19:14:02	ActionGesture	BrowRaise
2024-05-28 19:14:03	MonitorSpeechStart	<prosody rate="1.0">Jag förstår</prosody>	625
2024-05-28 19:14:03	ActionGesture	BrowRaise
2024-05-28 19:14:05	MonitorSpeechStart	<prosody rate="1.0">I en julgransslinga börjar ju inte de andra lamporna lysa svagare för att man sätter i en lampa som varit bortkopplad.</prosody>	7087
2024-05-28 19:14:06	ActionGesture	BrowRaise
2024-05-28 19:14:08	ActionGesture	BrowRaise
2024-05-28 19:14:09	ActionGesture	BrowRaise
2024-05-28 19:14:10	ActionGesture	BrowRaise
2024-05-28 19:14:45	ActionGesture	BrowRaise
2024-05-28 19:14:51	ActionGesture	Smile
2024-05-28 19:14:55	SenseSpeech	ja men nej men den gula lampan kommer ju lysa svagare	4520
2024-05-28 19:14:55	SenseNLUIntent	ja men nej men den gula lampan kommer ju lysa svagare	Yes
2024-05-28 19:14:55	SenseNLUIntent	ja men nej men den gula lampan kommer ju lysa svagare	No
2024-05-28 19:14:56	MonitorSpeechStart	<prosody rate="1.0">Nja</prosody>	487
2024-05-28 19:14:56	ActionGesture	BrowRaise
2024-05-28 19:14:57	MonitorSpeechStart	<prosody rate="1.0">Vad menar du med det?</prosody>	1087
2024-05-28 19:14:58	ActionGesture	BrowRaise
2024-05-28 19:15:02	ActionGesture	Smile
2024-05-28 19:15:04	SenseSpeech	ja men det är ju en strömdelning där	2080
2024-05-28 19:15:04	SenseNLUIntent	ja men det är ju en strömdelning där	Yes
2024-05-28 19:15:04	FlowEvent	NEW_FLOW_STATE	QuestionCheckpoint	7		CONDITION1	QuestionCheckpoint
2024-05-28 19:15:04	MonitorSpeechStart	<prosody rate="1.0">Bra. Jag svarar att det är falskt</prosody>	2767
2024-05-28 19:15:04	ActionGesture	BrowRaise
2024-05-28 19:15:06	ActionGesture	BrowRaise
2024-05-28 19:15:08	MonitorSpeechStart	<prosody rate="1.0">Svarar du också det?</prosody>	1237
2024-05-28 19:15:09	ActionGesture	BrowRaise
2024-05-28 19:15:13	MonitorSpeechStart	<prosody rate="1.0">Får jag fråga</prosody>	812
2024-05-28 19:15:14	ActionGesture	BrowRaise
2024-05-28 19:15:15	MonitorSpeechStart	<prosody rate="1.0">Så, håller du med om att det är falskt?</prosody>	2312
2024-05-28 19:15:16	ActionGesture	BrowRaise
2024-05-28 19:15:17	ActionGesture	BrowRaise
2024-05-28 19:15:19	ActionGesture	Smile
2024-05-28 19:15:21	SenseSpeech	nej men det har jag ju sagt att jag inte gör	1920
2024-05-28 19:15:21	SenseNLUIntent	nej men det har jag ju sagt att jag inte gör	Agree
2024-05-28 19:15:21	SenseNLUIntent	nej men det har jag ju sagt att jag inte gör	Disagree
2024-05-28 19:15:21	FlowEvent	NEW_FLOW_STATE	QuestionPersuasion	7		CONDITION1	QuestionPersuasion
2024-05-28 19:15:21	FlowEvent	NEW_FLOW_STATE	QuestionUltimatum	7		CONDITION1	QuestionUltimatum
2024-05-28 19:15:23	MonitorSpeechStart	<prosody rate="1.0">Vad menar du? Jag svarade falskt</prosody>	2680
2024-05-28 19:15:25	ActionGesture	BrowRaise
2024-05-28 19:15:26	MonitorSpeechStart	<prosody rate="1.0">men du behöver bestämma om du ska svara</prosody>	2162
2024-05-28 19:15:28	ActionGesture	BrowRaise
2024-05-28 19:15:28	ActionGesture	BrowRaise
2024-05-28 19:15:29	MonitorSpeechStart	<prosody rate="1.0">falskt eller "sant?</prosody>	1300
2024-05-28 19:15:30	ActionGesture	BrowRaise
2024-05-28 19:15:32	ActionGesture	Smile
2024-05-28 19:15:33	SenseSpeech	ja jag svarar att det är sant	1320
2024-05-28 19:15:33	SenseNLUIntent	ja jag svarar att det är sant	Yes
2024-05-28 19:15:33	SenseNLUIntent	ja jag svarar att det är sant	AnswerTrue
2024-05-28 19:15:33	FlowEvent	NEW_FLOW_STATE	QuestionConfirmation	7		CONDITION1	QuestionConfirmation
2024-05-28 19:15:34	MonitorSpeechStart	<prosody rate="1.0">Det är dags att svara och befräfta.</prosody>	1950
2024-05-28 19:15:34	ActionGesture	BrowRaise
2024-05-28 19:15:35	ActionGesture	BrowRaise
2024-05-28 19:15:37	GUIEvent	NEW_STAGE_REQUESTED	STAGE[8] [5] REQUESTED .. [ACCEPTED]	7	5	CONDITION1	QuestionConfirmation
2024-05-28 19:15:37	SessionEvent	ANSWER_CONFIRMED	QUESTION CONFIRMED IN GUI.	8		CONDITION1	QuestionConfirmation
2024-05-28 19:15:37	SessionEvent	QUESTION_SET	NEW QUESTION TO ACTIVATE	8		CONDITION1	QuestionConfirmation
2024-05-28 19:15:37	FlowEvent	NEW_FLOW_STATE	QuestionReflection	8		CONDITION1	QuestionReflection
2024-05-28 19:15:38	MonitorSpeechStart	<prosody rate="1.0">Då ska vi se om vi kan svara på fråga 8.</prosody>	2587
2024-05-28 19:15:40	ActionGesture	BrowRaise
2024-05-28 19:15:45	MonitorSpeechStart	<prosody rate="1.0">Är du redo?</prosody>	712
2024-05-28 19:15:45	ActionGesture	BrowRaise
2024-05-28 19:15:50	MonitorSpeechStart	<prosody rate="1.0">Jag har valt. Har du?</prosody>	1717
2024-05-28 19:15:51	ActionGesture	BrowRaise
2024-05-28 19:15:54	ActionGesture	Smile
2024-05-28 19:15:55	SenseSpeech	vänta ett tag	560
2024-05-28 19:15:55	SenseNLUIntent	vänta ett tag	TimeRequest
2024-05-28 19:15:55	MonitorSpeechStart	<prosody rate="1.0">Okej. Visst, det går bra.</prosody>	2242
2024-05-28 19:15:57	ActionGesture	BrowRaise
2024-05-28 19:16:02	MonitorSpeechStart	<prosody rate="1.0">Ska vi börja diskutera?</prosody>	1487
2024-05-28 19:16:03	ActionGesture	BrowRaise
2024-05-28 19:16:05	GUIEvent	ANSWER_MARKED	ANSWER[FALSE] [8] [5] SENT .. [ACCEPTED]	8	5	CONDITION1	QuestionReflection
2024-05-28 19:16:06	ActionGesture	Smile
2024-05-28 19:16:07	SenseSpeech	ja visst gör det	1040
2024-05-28 19:16:07	SenseNLUIntent	ja visst gör det	Agree
2024-05-28 19:16:07	SenseNLUIntent	ja visst gör det	Understand
2024-05-28 19:16:07	FlowEvent	NEW_FLOW_STATE	QuestionDisclosure	8		CONDITION1	QuestionDisclosure
2024-05-28 19:16:08	MonitorSpeechStart	<prosody rate="1.0">Snyggt</prosody>	650
2024-05-28 19:16:09	MonitorSpeechStart	<prosody rate="1.0">Jag svarade att det är sant. Vad svarade du?</prosody>	3367
2024-05-28 19:16:10	ActionGesture	BrowRaise
2024-05-28 19:16:12	ActionGesture	BrowRaise
2024-05-28 19:16:12	ActionGesture	BrowRaise
2024-05-28 19:16:15	ActionGesture	Smile
2024-05-28 19:16:16	SenseSpeech	när jag svarar att det är falskt	1520
2024-05-28 19:16:16	SenseNLUIntent	när jag svarar att det är falskt	Agree
2024-05-28 19:16:16	SenseNLUIntent	när jag svarar att det är falskt	AnswerFalse
2024-05-28 19:16:16	FlowEvent	NEW_FLOW_STATE	QuestionPersuasion	8		CONDITION1	QuestionPersuasion
2024-05-28 19:16:17	MonitorSpeechStart	<prosody rate="1.0">Njaa</prosody>	512
2024-05-28 19:16:17	ActionGesture	BrowRaise
2024-05-28 19:16:18	MonitorSpeechStart	<prosody rate="1.0">Jag svarade att det är sant. Det spelar ingen roll om den blå lampan är placerad först eller sist.</prosody>	6930
2024-05-28 19:16:18	ActionGesture	BrowRaise
2024-05-28 19:16:19	ActionGesture	BrowRaise
2024-05-28 19:16:21	ActionGesture	BrowRaise
2024-05-28 19:16:23	ActionGesture	BrowRaise
2024-05-28 19:16:24	ActionGesture	BrowRaise
2024-05-28 19:16:26	ActionGesture	Smile
2024-05-28 19:16:27	SenseSpeech	nej visst	520
2024-05-28 19:16:27	SenseNLUIntent	nej visst	No
2024-05-28 19:16:27	SenseNLUIntent	nej visst	Understand
2024-05-28 19:16:27	MonitorSpeechStart	<prosody rate="1.0">Bra. Du ser att det är så?</prosody>	2130
2024-05-28 19:16:27	ActionGesture	BrowRaise
2024-05-28 19:16:29	ActionGesture	BrowRaise
2024-05-28 19:16:32	MonitorSpeechStart	<prosody rate="1.0">De gula lamporna är parallell kopplade i C2, så deras ekvivalenta resi stanns är lägre</prosody>	6387
2024-05-28 19:16:33	ActionGesture	BrowRaise
2024-05-28 19:16:35	ActionGesture	BrowRaise
2024-05-28 19:16:37	ActionGesture	BrowRaise
2024-05-28 19:16:38	ActionGesture	BrowRaise
2024-05-28 19:16:46	MonitorSpeechStart	<prosody rate="1.0">Umh,</prosody>	400
2024-05-28 19:16:47	MonitorSpeechStart	<prosody rate="1.0">Spänningen är densamma eftersom det är samma batteri, så om resi stannsen minskar så ökar strömmen</prosody>	6762
2024-05-28 19:16:49	ActionGesture	BrowRaise
2024-05-28 19:16:49	ActionGesture	BrowRaise
2024-05-28 19:16:49	ActionGesture	BrowRaise
2024-05-28 19:16:53	ActionGesture	BrowRaise
2024-05-28 19:16:54	ActionGesture	BrowRaise
2024-05-28 19:16:56	ActionGesture	Smile
2024-05-28 19:16:56	SenseSpeech	mhm	480
2024-05-28 19:16:56	SenseNLUIntent	mhm	Agree
2024-05-28 19:16:56	SenseNLUIntent	mhm	Understand
2024-05-28 19:16:56	FlowEvent	NEW_FLOW_STATE	QuestionCheckpoint	8		CONDITION1	QuestionCheckpoint
2024-05-28 19:16:57	MonitorSpeechStart	<prosody rate="1.0">Perfekt</prosody>	700
2024-05-28 19:16:57	ActionGesture	BrowRaise
2024-05-28 19:16:58	MonitorSpeechStart	<prosody rate="1.0">Jag svarar att det är sant</prosody>	1837
2024-05-28 19:16:58	ActionGesture	BrowRaise
2024-05-28 19:16:59	ActionGesture	BrowRaise
2024-05-28 19:17:00	MonitorSpeechStart	<prosody rate="1.0">Svarar du också det?</prosody>	1237
2024-05-28 19:17:01	ActionGesture	BrowRaise
2024-05-28 19:17:03	GUIEvent	ANSWER_MARKED	ANSWER[TRUE] [8] [5] SENT .. [ACCEPTED]	8	5	CONDITION1	QuestionCheckpoint
2024-05-28 19:17:04	ActionGesture	Smile
2024-05-28 19:17:05	SenseSpeech	ja visst är det OK då	800
2024-05-28 19:17:05	SenseNLUIntent	ja visst är det OK då	Agree
2024-05-28 19:17:05	SenseNLUIntent	ja visst är det OK då	Understand
2024-05-28 19:17:05	FlowEvent	NEW_FLOW_STATE	QuestionReview	8		CONDITION1	QuestionReview
2024-05-28 19:17:05	MonitorSpeechStart	<prosody rate="1.0">Det är bra!</prosody>	700
2024-05-28 19:17:05	ActionGesture	BrowRaise
2024-05-28 19:17:07	MonitorSpeechStart	<prosody rate="1.0">Effekten beror på resi stannsen, men på strömmen i kvadrat, så om strömmen ökar kommer effekten öka även om resi stannsen minskar.</prosody>	9487
2024-05-28 19:17:09	ActionGesture	BrowRaise
2024-05-28 19:17:11	ActionGesture	BrowRaise
2024-05-28 19:17:13	ActionGesture	BrowRaise
2024-05-28 19:17:14	ActionGesture	BrowRaise
2024-05-28 19:17:15	ActionGesture	BrowRaise
2024-05-28 19:17:16	ActionGesture	BrowRaise
2024-05-28 19:17:19	ActionGesture	Smile
2024-05-28 19:17:20	GUIEvent	NEW_STAGE_REQUESTED	STAGE[0.3] [5] REQUESTED .. [ACCEPTED]	8	5	CONDITION1	QuestionReview
2024-05-28 19:17:20	SessionEvent	ANSWER_CONFIRMED	QUESTION CONFIRMED IN GUI.	0.3		CONDITION1	QuestionReview
2024-05-28 19:17:20	SessionEvent	SESSION_END	NO MORE QUESTIONS.	0.3		CONDITION1	QuestionReview
2024-05-28 19:17:20	FlowEvent	NEW_FLOW_STATE	Farewell	0.3		CONDITION1	Farewell
2024-05-28 19:17:20	ActionGesture	Smile
2024-05-28 19:17:21	MonitorSpeechStart	<prosody rate="1.0">Det var den sista frågan. Det var intressant att samarbeta med dig. Hoppas att du också tyckte det.</prosody>	6535
2024-05-28 19:17:21	ActionGesture	BrowRaise
2024-05-28 19:17:24	ActionGesture	BrowRaise
2024-05-28 19:17:26	ActionGesture	BrowRaise
2024-05-28 19:17:27	ActionGesture	BrowRaise
2024-05-28 19:17:32	MonitorSpeechStart	<prosody rate="1.0">Jag tycker att det gick bra för oss ihop. Tack. Ha en fortsatt bra dag!</prosody>	5035
2024-05-28 19:17:33	ActionGesture	BrowRaise
2024-05-28 19:17:36	ActionGesture	BrowRaise
2024-05-28 19:17:39	FlowEvent	NEW_FLOW_STATE	Sleep	0.3		CONDITION1	Sleep
2024-05-28 19:17:39	ActionGesture	CloseEyes
2024-05-28 19:19:39	MonitorSpeechStart	<prosody rate="1.0">No start signal received, terminating the program.</prosody>	3512
2024-05-28 19:19:40	ActionGesture	BrowRaise
2024-05-28 19:19:42	ActionGesture	BrowRaise
