2024-05-14 12:07:10	Autoreload is disabled because the development mode is off.
2024-05-14 12:07:10	Application started in 0.565 seconds.
2024-05-14 12:07:11	Responding at http://127.0.0.1:8888
2024-05-14 12:07:12	----------------- NEW EXECUTION-------------------
2024-05-14 12:07:12	ActionGesture	CloseEyes
2024-05-14 12:07:17	GUIEvent	GUI_RELOADED	GUI_RELOADED [ACCEPTED]	0.0	UNDEFINED	UNDEFINED	UNDEFINED
2024-05-14 12:07:17	GUIEvent	SYNCH_REQUESTED	SYNCH REQUESTED .. [ACCEPTED]	0.0	UNDEFINED	UNDEFINED	UNDEFINED
2024-05-14 12:07:19	GUIEvent	NEW_STAGE_REQUESTED	STAGE[0.2] [29] REQUESTED .. [ACCEPTED]	0.0	UNDEFINED	UNDEFINED	UNDEFINED
2024-05-14 12:07:19	SystemEvent	USER_SET	USER SET IN GUI.	0.2	29	UNDEFINED	UNDEFINED
2024-05-14 12:07:19	ActionGesture	OpenEyes
2024-05-14 12:07:19	ActionGesture	Smile
2024-05-14 12:07:19	MonitorSpeechStart	Hi there	477
2024-05-14 12:07:19	ActionGesture	BrowRaise
2024-05-14 12:07:21	ActionGesture	BigSmile
2024-05-14 12:07:21	MonitorSpeechStart	Nice to meet you.	824
2024-05-14 12:07:21	ActionGesture	BrowRaise
2024-05-14 12:07:23	MonitorSpeechStart	How you doing?	741
2024-05-14 12:07:23	ActionGesture	BrowRaise
2024-05-14 12:08:28	Autoreload is disabled because the development mode is off.
2024-05-14 12:08:29	Application started in 0.6 seconds.
2024-05-14 12:08:29	Responding at http://127.0.0.1:8888
2024-05-14 12:08:30	----------------- NEW EXECUTION-------------------
2024-05-14 12:08:30	ActionGesture	CloseEyes
2024-05-14 12:08:36	GUIEvent	GUI_RELOADED	GUI_RELOADED [ACCEPTED]	0.0	UNDEFINED	UNDEFINED	UNDEFINED
2024-05-14 12:08:36	GUIEvent	SYNCH_REQUESTED	SYNCH REQUESTED .. [ACCEPTED]	0.0	UNDEFINED	UNDEFINED	UNDEFINED
2024-05-14 12:08:38	GUIEvent	NEW_STAGE_REQUESTED	STAGE[0.2] [20] REQUESTED .. [ACCEPTED]	0.0	UNDEFINED	UNDEFINED	UNDEFINED
2024-05-14 12:08:38	SystemEvent	USER_SET	USER SET IN GUI.	0.2	20	UNDEFINED	UNDEFINED
2024-05-14 12:08:38	ActionGesture	OpenEyes
2024-05-14 12:08:38	ActionGesture	Smile
2024-05-14 12:08:38	MonitorSpeechStart	Oh, hello there	1105
2024-05-14 12:08:39	ActionGesture	BrowRaise
2024-05-14 12:08:41	ActionGesture	BigSmile
2024-05-14 12:08:41	MonitorSpeechStart	Nice to meet you.	824
2024-05-14 12:08:41	ActionGesture	BrowRaise
2024-05-14 12:08:43	MonitorSpeechStart	How you doing?	741
2024-05-14 12:08:43	ActionGesture	BrowRaise
2024-05-14 12:37:41	Autoreload is disabled because the development mode is off.
2024-05-14 12:37:41	Application started in 0.519 seconds.
2024-05-14 12:37:41	Responding at http://127.0.0.1:8888
2024-05-14 12:37:43	----------------- NEW EXECUTION-------------------
2024-05-14 12:37:43	ActionGesture	CloseEyes
2024-05-14 12:37:47	GUIEvent	GUI_RELOADED	GUI_RELOADED [ACCEPTED]	0.0	UNDEFINED	UNDEFINED	UNDEFINED
2024-05-14 12:37:47	GUIEvent	SYNCH_REQUESTED	SYNCH REQUESTED .. [ACCEPTED]	0.0	UNDEFINED	UNDEFINED	UNDEFINED
2024-05-14 12:37:49	GUIEvent	NEW_STAGE_REQUESTED	STAGE[0.2] [21] REQUESTED .. [ACCEPTED]	0.0	UNDEFINED	UNDEFINED	UNDEFINED
2024-05-14 12:37:49	SystemEvent	USER_SET	USER SET IN GUI.	0.2	21	UNDEFINED	UNDEFINED
2024-05-14 12:37:49	ActionGesture	OpenEyes
2024-05-14 12:37:49	ActionGesture	Smile
2024-05-14 12:37:50	MonitorSpeechStart	Hi there	477
2024-05-14 12:37:50	ActionGesture	BrowRaise
2024-05-14 12:37:51	ActionGesture	BigSmile
2024-05-14 12:37:51	MonitorSpeechStart	Nice to meet you.	824
2024-05-14 12:37:52	ActionGesture	BrowRaise
2024-05-14 12:37:53	MonitorSpeechStart	How you doing?	741
2024-05-14 12:37:53	ActionGesture	BrowRaise
2024-05-14 12:38:19	Autoreload is disabled because the development mode is off.
2024-05-14 12:38:19	Application started in 0.583 seconds.
2024-05-14 12:38:19	Responding at http://127.0.0.1:8888
2024-05-14 12:38:21	----------------- NEW EXECUTION-------------------
2024-05-14 12:38:21	ActionGesture	CloseEyes
2024-05-14 12:38:32	GUIEvent	GUI_RELOADED	GUI_RELOADED [ACCEPTED]	0.0	UNDEFINED	UNDEFINED	UNDEFINED
2024-05-14 12:38:32	GUIEvent	SYNCH_REQUESTED	SYNCH REQUESTED .. [ACCEPTED]	0.0	UNDEFINED	UNDEFINED	UNDEFINED
2024-05-14 12:38:34	GUIEvent	NEW_STAGE_REQUESTED	STAGE[0.2] [12] REQUESTED .. [ACCEPTED]	0.0	UNDEFINED	UNDEFINED	UNDEFINED
2024-05-14 12:38:34	SystemEvent	USER_SET	USER SET IN GUI.	0.2	12	UNDEFINED	UNDEFINED
2024-05-14 12:38:34	ActionGesture	OpenEyes
2024-05-14 12:38:34	ActionGesture	Smile
2024-05-14 12:38:34	MonitorSpeechStart	Oh, hello there	1105
2024-05-14 12:38:35	ActionGesture	BrowRaise
2024-05-14 12:38:36	ActionGesture	BigSmile
2024-05-14 12:38:37	MonitorSpeechStart	Nice to meet you.	824
2024-05-14 12:38:37	ActionGesture	BrowRaise
2024-05-14 12:41:14	Autoreload is disabled because the development mode is off.
2024-05-14 12:41:15	Application started in 0.53 seconds.
2024-05-14 12:41:15	Responding at http://127.0.0.1:8888
2024-05-14 12:41:16	----------------- NEW EXECUTION-------------------
2024-05-14 12:41:16	ActionGesture	CloseEyes
2024-05-14 12:41:21	GUIEvent	GUI_RELOADED	GUI_RELOADED [ACCEPTED]	0.0	UNDEFINED	UNDEFINED	UNDEFINED
2024-05-14 12:41:22	GUIEvent	SYNCH_REQUESTED	SYNCH REQUESTED .. [ACCEPTED]	0.0	UNDEFINED	UNDEFINED	UNDEFINED
2024-05-14 12:41:24	GUIEvent	NEW_STAGE_REQUESTED	STAGE[0.2] [29] REQUESTED .. [ACCEPTED]	0.0	UNDEFINED	UNDEFINED	UNDEFINED
2024-05-14 12:41:24	SystemEvent	USER_SET	USER SET IN GUI.	0.2	29	UNDEFINED	UNDEFINED
2024-05-14 12:41:24	ActionGesture	OpenEyes
2024-05-14 12:41:24	ActionGesture	Smile
2024-05-14 12:41:24	MonitorSpeechStart	Hi there	477
2024-05-14 12:41:25	ActionGesture	BrowRaise
2024-05-14 12:41:26	ActionGesture	BigSmile
2024-05-14 12:41:26	MonitorSpeechStart	Nice to meet you.	824
2024-05-14 12:41:26	ActionGesture	BrowRaise
2024-05-14 12:41:28	MonitorSpeechStart	How you doing?	741
2024-05-14 12:41:28	ActionGesture	BrowRaise
2024-05-14 12:41:28	GUIEvent	NEW_STAGE_REQUESTED	STAGE[1] [29] REQUESTED .. [ACCEPTED]	0.2	29	CONDITION2	UNDEFINED
2024-05-14 12:41:35	MonitorSpeechStart	Question 0	962
2024-05-14 12:41:36	ActionGesture	BrowRaise
2024-05-14 12:42:03	MonitorSpeechStart	Did you mark the answer yet?	1180
2024-05-14 12:42:04	ActionGesture	BrowRaise
2024-05-14 12:42:06	ActionGesture	Smile
2024-05-14 12:42:06	SenseSpeech	yet	813
2024-05-14 12:42:07	GUIEvent	ANSWER_SENT	ANSWER[TRUE] [1] [29] SENT .. [ACCEPTED]	1	29	CONDITION2	UNDEFINED
2024-05-14 12:42:07	MonitorSpeechStart	So what do you think?	979
2024-05-14 12:42:08	ActionGesture	BrowRaise
2024-05-14 12:42:14	MonitorSpeechStart	So what do you think?	979
2024-05-14 12:42:14	ActionGesture	BrowRaise
2024-05-14 12:42:20	MonitorSpeechStart	So what do you think?	979
2024-05-14 12:42:20	ActionGesture	BrowRaise
2024-05-14 12:42:22	ActionGesture	Smile
2024-05-14 12:42:22	GUIEvent	NEW_STAGE_REQUESTED	STAGE[2] [29] REQUESTED .. [ACCEPTED]	1	29	CONDITION2	UNDEFINED
2024-05-14 12:42:22	SenseSpeech	so what	305
2024-05-14 12:42:22	MonitorSpeechStart	Good boy. You confirmed	1743
2024-05-14 12:42:24	ActionGesture	BrowRaise
2024-05-14 12:42:26	MonitorSpeechStart	1	597
2024-05-14 12:42:26	ActionGesture	BrowRaise
2024-05-14 12:42:28	MonitorSpeechStart	Holy	459
2024-05-14 12:42:31	GUIEvent	ANSWER_SENT	ANSWER[FALSE] [2] [29] SENT .. [ACCEPTED]	2	29	CONDITION2	UNDEFINED
2024-05-14 12:42:33	MonitorSpeechStart	DISCLOSURE 1 UNCERTAIN FOR Q 2	1975
2024-05-14 12:42:34	ActionGesture	BrowRaise
2024-05-14 12:42:35	ActionGesture	BrowRaise
2024-05-14 12:42:51	MonitorSpeechStart	So what do you think?	979
2024-05-14 12:42:51	ActionGesture	BrowRaise
2024-05-14 12:42:52	GUIEvent	NEW_STAGE_REQUESTED	STAGE[3] [29] REQUESTED .. [ACCEPTED]	2	29	CONDITION2	UNDEFINED
2024-05-14 12:42:52	MonitorSpeechStart	Good boy. You confirmed	1743
2024-05-14 12:42:54	ActionGesture	BrowRaise
2024-05-14 12:42:56	MonitorSpeechStart	Number 2	699
2024-05-14 12:42:56	ActionGesture	BrowRaise
2024-05-14 12:42:58	MonitorSpeechStart	OK	618
2024-05-14 12:42:59	ActionGesture	BrowRaise
2024-05-14 12:43:00	ActionGesture	Smile
2024-05-14 12:43:01	SenseSpeech	okay	1058
