2024-05-25 23:01:23	Autoreload is disabled because the development mode is off.
2024-05-25 23:01:24	Application started in 0.624 seconds.
2024-05-25 23:01:24	Responding at http://127.0.0.1:8888
2024-05-25 23:01:26	----------------- NEW EXECUTION-------------------
2024-05-25 23:01:26	FlowEvent	NEW_FLOW_STATE	Sleep	0.0		UNDEFINED	Sleep
2024-05-25 23:01:26	ActionGesture	CloseEyes
2024-05-25 23:01:26	ActionGesture	CloseEyes
2024-05-25 23:01:30	GUIEvent	NEW_STAGE_REQUESTED	STAGE[1] [4] REQUESTED .. [REJECTED]	0.0	UNDEFINED	UNDEFINED	Sleep
2024-05-25 23:01:40	GUIEvent	GUI_RELOADED	GUI_RELOADED [ACCEPTED]	0.0	UNDEFINED	UNDEFINED	Sleep
2024-05-25 23:01:41	GUIEvent	NEW_STAGE_REQUESTED	STAGE[0.2] [4] REQUESTED .. [ACCEPTED]	0.0	UNDEFINED	UNDEFINED	Sleep
2024-05-25 23:01:41	SessionEvent	USER_SET	USER TO ACTIVATE.	0.2	4	UNDEFINED	Sleep
2024-05-25 23:01:41	FlowEvent	NEW_FLOW_STATE	Welcome	0.2		CONDITION1	Welcome
2024-05-25 23:01:41	ActionGesture	OpenEyes
2024-05-25 23:01:41	ActionGesture	Smile
2024-05-25 23:01:43	MonitorSpeechStart	<prosody rate="1.0">Hello there</prosody>	543
2024-05-25 23:01:43	ActionGesture	BrowRaise
2024-05-25 23:01:45	MonitorSpeechStart	<prosody rate="1.0">Nice to meet you</prosody>	824
2024-05-25 23:01:45	ActionGesture	BrowRaise
2024-05-25 23:01:47	MonitorSpeechStart	<prosody rate="1.0">How you doing?</prosody>	741
2024-05-25 23:01:47	ActionGesture	BrowRaise
2024-05-25 23:01:56	FlowEvent	NEW_FLOW_STATE	ReviewInstructions	0.2		CONDITION1	ReviewInstructions
2024-05-25 23:01:56	MonitorSpeechStart	<prosody rate="1.0">Right, as far as I know,we will get some Electronics questions to resolve together. Somebody told you?</prosody>	6104
2024-05-25 23:01:56	ActionGesture	BrowRaise
2024-05-25 23:01:57	ActionGesture	BrowRaise
2024-05-25 23:02:01	ActionGesture	BrowRaise
2024-05-25 23:02:01	ActionGesture	BrowRaise
2024-05-25 23:02:04	ActionGesture	Smile
2024-05-25 23:02:10	SenseSpeech	yo no	5461
2024-05-25 23:02:10	MonitorSpeechStart	<prosody rate="1.0">Oh</prosody>	459
2024-05-25 23:02:11	MonitorSpeechStart	<prosody rate="1.0">well</prosody>	454
2024-05-25 23:02:11	ActionGesture	BrowRaise
2024-05-25 23:02:13	MonitorSpeechStart	<prosody rate="1.0">Basically a question will come up on the tablet, I receive it, we think, we answer separately and then we discuss</prosody>	5938
2024-05-25 23:02:13	ActionGesture	BrowRaise
2024-05-25 23:02:14	ActionGesture	BrowRaise
2024-05-25 23:02:18	ActionGesture	BrowRaise
2024-05-25 23:02:20	MonitorSpeechStart	<prosody rate="1.0">Do you want me to explain or are you ready?</prosody>	1666
2024-05-25 23:02:21	ActionGesture	BrowRaise
2024-05-25 23:02:21	ActionGesture	BrowRaise
2024-05-25 23:02:30	MonitorSpeechStart	<prosody rate="1.0">I mean</prosody>	609
2024-05-25 23:02:32	MonitorSpeechStart	<prosody rate="1.0">You ready?</prosody>	531
2024-05-25 23:02:32	ActionGesture	BrowRaise
2024-05-25 23:02:35	ActionGesture	Smile
2024-05-25 23:02:36	SenseSpeech	no I'm not ready	1463
2024-05-25 23:02:36	MonitorSpeechStart	<prosody rate="1.0">Perfect</prosody>	513
2024-05-25 23:02:37	ActionGesture	BrowRaise
2024-05-25 23:02:38	MonitorSpeechStart	<prosody rate="1.0">Ok, when you press the button I will receive the first question, and show on the screen. Whenever you want.</prosody>	5763
2024-05-25 23:02:38	ActionGesture	BrowRaise
2024-05-25 23:02:40	ActionGesture	BrowRaise
2024-05-25 23:02:42	ActionGesture	BrowRaise
2024-05-25 23:02:43	ActionGesture	BrowRaise
2024-05-25 23:02:52	MonitorSpeechStart	<prosody rate="1.0">Nice</prosody>	438
2024-05-25 23:02:52	ActionGesture	BrowRaise
2024-05-25 23:02:54	MonitorSpeechStart	<prosody rate="1.0">I am ready, go ahead and press the button.</prosody>	2131
2024-05-25 23:02:54	ActionGesture	BrowRaise
2024-05-25 23:02:56	ActionGesture	BrowRaise
2024-05-25 23:03:05	MonitorSpeechStart	<prosody rate="1.0">Good</prosody>	391
2024-05-25 23:03:06	MonitorSpeechStart	<prosody rate="1.0">I'm afraid I am very stubborn</prosody>	1515
2024-05-25 23:03:06	ActionGesture	BrowRaise
2024-05-25 23:03:07	ActionGesture	BrowRaise
2024-05-25 23:03:08	MonitorSpeechStart	<prosody rate="1.0">I cannot wait for you to press the button</prosody>	1829
2024-05-25 23:03:08	ActionGesture	BrowRaise
2024-05-25 23:03:10	ActionGesture	BrowRaise
2024-05-25 23:08:47	Autoreload is disabled because the development mode is off.
2024-05-25 23:08:47	Application started in 0.578 seconds.
2024-05-25 23:08:48	Responding at http://127.0.0.1:8888
2024-05-25 23:08:50	----------------- NEW EXECUTION-------------------
2024-05-25 23:08:50	FlowEvent	NEW_FLOW_STATE	Sleep	0.0		UNDEFINED	Sleep
2024-05-25 23:08:50	ActionGesture	CloseEyes
2024-05-25 23:08:50	ActionGesture	CloseEyes
2024-05-25 23:09:01	GUIEvent	GUI_RELOADED	GUI_RELOADED [ACCEPTED]	0.0	UNDEFINED	UNDEFINED	Sleep
2024-05-25 23:09:02	GUIEvent	NEW_STAGE_REQUESTED	STAGE[0.2] [4] REQUESTED .. [ACCEPTED]	0.0	UNDEFINED	UNDEFINED	Sleep
2024-05-25 23:09:02	SessionEvent	USER_SET	USER TO ACTIVATE.	0.2	4	UNDEFINED	Sleep
2024-05-25 23:09:02	FlowEvent	NEW_FLOW_STATE	Welcome	0.2		CONDITION1	Welcome
2024-05-25 23:09:02	ActionGesture	OpenEyes
2024-05-25 23:09:02	ActionGesture	Smile
2024-05-25 23:09:03	MonitorSpeechStart	<prosody rate="1.0">Hello there</prosody>	543
2024-05-25 23:09:04	ActionGesture	BrowRaise
2024-05-25 23:09:05	MonitorSpeechStart	<prosody rate="1.0">Nice to meet you</prosody>	824
2024-05-25 23:09:05	ActionGesture	BrowRaise
2024-05-25 23:09:07	MonitorSpeechStart	<prosody rate="1.0">How you doing?</prosody>	741
2024-05-25 23:09:07	ActionGesture	BrowRaise
2024-05-25 23:09:16	ActionGesture	Smile
2024-05-25 23:09:17	SenseSpeech	yeah I'm okay	1106
2024-05-25 23:09:17	FlowEvent	NEW_FLOW_STATE	ReviewInstructions	0.2		CONDITION1	ReviewInstructions
2024-05-25 23:09:17	MonitorSpeechStart	<prosody rate="1.0">Right, as far as I know,we will get some Electronics questions to resolve together. Somebody told you?</prosody>	6104
2024-05-25 23:09:17	ActionGesture	BrowRaise
2024-05-25 23:09:18	ActionGesture	BrowRaise
2024-05-25 23:09:22	ActionGesture	BrowRaise
2024-05-25 23:09:23	ActionGesture	BrowRaise
2024-05-25 23:09:27	ActionGesture	Smile
2024-05-25 23:10:04	ActionGesture	Smile
2024-05-25 23:10:05	SenseSpeech	hola	889
2024-05-25 23:10:05	MonitorSpeechStart	<prosody rate="1.0">Mm</prosody>	208
2024-05-25 23:10:06	MonitorSpeechStart	<prosody rate="1.0">Basically a question will come up on the tablet, I receive it, we think, we answer separately and then we discuss</prosody>	5938
2024-05-25 23:10:07	ActionGesture	BrowRaise
2024-05-25 23:10:08	ActionGesture	BrowRaise
2024-05-25 23:10:12	ActionGesture	BrowRaise
2024-05-25 23:10:14	MonitorSpeechStart	<prosody rate="1.0">Do you want me to explain or are you ready?</prosody>	1666
2024-05-25 23:10:15	ActionGesture	BrowRaise
2024-05-25 23:10:15	ActionGesture	BrowRaise
2024-05-25 23:10:24	MonitorSpeechStart	<prosody rate="1.0">I mean</prosody>	609
2024-05-25 23:10:25	MonitorSpeechStart	<prosody rate="1.0">You ready?</prosody>	531
2024-05-25 23:10:26	ActionGesture	BrowRaise
2024-05-25 23:13:42	Autoreload is disabled because the development mode is off.
2024-05-25 23:13:42	Application started in 0.598 seconds.
2024-05-25 23:13:43	Responding at http://127.0.0.1:8888
2024-05-25 23:13:45	----------------- NEW EXECUTION-------------------
2024-05-25 23:13:45	FlowEvent	NEW_FLOW_STATE	Sleep	0.0		UNDEFINED	Sleep
2024-05-25 23:13:45	ActionGesture	CloseEyes
2024-05-25 23:13:45	ActionGesture	CloseEyes
2024-05-25 23:13:47	GUIEvent	GUI_RELOADED	GUI_RELOADED [ACCEPTED]	0.0	UNDEFINED	UNDEFINED	Sleep
2024-05-25 23:13:48	GUIEvent	NEW_STAGE_REQUESTED	STAGE[0.2] [4] REQUESTED .. [ACCEPTED]	0.0	UNDEFINED	UNDEFINED	Sleep
2024-05-25 23:13:48	SessionEvent	USER_SET	USER TO ACTIVATE.	0.2	4	UNDEFINED	Sleep
2024-05-25 23:13:48	FlowEvent	NEW_FLOW_STATE	Welcome	0.2		CONDITION1	Welcome
2024-05-25 23:13:48	ActionGesture	OpenEyes
2024-05-25 23:13:48	ActionGesture	Smile
2024-05-25 23:13:49	MonitorSpeechStart	<prosody rate="1.0">Hello there</prosody>	543
2024-05-25 23:13:49	ActionGesture	BrowRaise
2024-05-25 23:13:51	MonitorSpeechStart	<prosody rate="1.0">Nice to meet you</prosody>	824
2024-05-25 23:13:51	ActionGesture	BrowRaise
2024-05-25 23:13:53	MonitorSpeechStart	<prosody rate="1.0">How you doing?</prosody>	741
2024-05-25 23:13:53	ActionGesture	BrowRaise
2024-05-25 23:15:00	Autoreload is disabled because the development mode is off.
2024-05-25 23:15:00	Application started in 0.583 seconds.
2024-05-25 23:15:01	Responding at http://127.0.0.1:8888
2024-05-25 23:15:03	----------------- NEW EXECUTION-------------------
2024-05-25 23:15:03	FlowEvent	NEW_FLOW_STATE	Sleep	0.0		UNDEFINED	Sleep
2024-05-25 23:15:03	ActionGesture	CloseEyes
2024-05-25 23:15:03	ActionGesture	CloseEyes
2024-05-25 23:15:12	GUIEvent	GUI_RELOADED	GUI_RELOADED [ACCEPTED]	0.0	UNDEFINED	UNDEFINED	Sleep
2024-05-25 23:15:13	GUIEvent	NEW_STAGE_REQUESTED	STAGE[0.2] [4] REQUESTED .. [ACCEPTED]	0.0	UNDEFINED	UNDEFINED	Sleep
2024-05-25 23:15:13	SessionEvent	USER_SET	USER TO ACTIVATE.	0.2	4	UNDEFINED	Sleep
2024-05-25 23:15:13	FlowEvent	NEW_FLOW_STATE	Welcome	0.2		CONDITION1	Welcome
2024-05-25 23:15:13	ActionGesture	OpenEyes
2024-05-25 23:16:55	ActionGesture	Smile
2024-05-25 23:16:55	GUIEvent	GUI_STARTED	GUI_STARTED [ACCEPTED]	0.2	4	CONDITION1	Welcome
2024-05-25 23:17:04	Autoreload is disabled because the development mode is off.
2024-05-25 23:17:05	Application started in 0.605 seconds.
2024-05-25 23:17:05	Responding at http://127.0.0.1:8888
2024-05-25 23:17:07	----------------- NEW EXECUTION-------------------
2024-05-25 23:17:07	FlowEvent	NEW_FLOW_STATE	Sleep	0.0		UNDEFINED	Sleep
2024-05-25 23:17:07	ActionGesture	CloseEyes
2024-05-25 23:17:07	ActionGesture	CloseEyes
2024-05-25 23:17:08	GUIEvent	GUI_RELOADED	GUI_RELOADED [ACCEPTED]	0.0	UNDEFINED	UNDEFINED	Sleep
2024-05-25 23:17:09	GUIEvent	NEW_STAGE_REQUESTED	STAGE[0.2] [4] REQUESTED .. [ACCEPTED]	0.0	UNDEFINED	UNDEFINED	Sleep
2024-05-25 23:17:09	SessionEvent	USER_SET	USER TO ACTIVATE.	0.2	4	UNDEFINED	Sleep
2024-05-25 23:17:09	FlowEvent	NEW_FLOW_STATE	Welcome	0.2		CONDITION1	Welcome
2024-05-25 23:17:09	ActionGesture	OpenEyes
2024-05-25 23:17:21	ActionGesture	Smile
2024-05-25 23:17:22	MonitorSpeechStart	<prosody rate="1.0">Hello there</prosody>	543
2024-05-25 23:17:22	ActionGesture	BrowRaise
2024-05-25 23:17:24	MonitorSpeechStart	<prosody rate="1.0">Nice to meet you</prosody>	824
2024-05-25 23:17:24	ActionGesture	BrowRaise
2024-05-25 23:17:25	MonitorSpeechStart	<prosody rate="1.0">How you doing?</prosody>	741
2024-05-25 23:17:25	ActionGesture	BrowRaise
2024-05-25 23:17:28	ActionGesture	Smile
2024-05-25 23:17:29	SenseSpeech	yeah	912
2024-05-25 23:17:29	FlowEvent	NEW_FLOW_STATE	ReviewInstructions	0.2		CONDITION1	ReviewInstructions
2024-05-25 23:17:29	MonitorSpeechStart	<prosody rate="1.0">Right, as far as I know,we will get some Electronics questions to resolve together. Somebody told you?</prosody>	6104
2024-05-25 23:17:29	ActionGesture	BrowRaise
2024-05-25 23:17:30	ActionGesture	BrowRaise
2024-05-25 23:17:33	ActionGesture	BrowRaise
2024-05-25 23:17:34	ActionGesture	BrowRaise
2024-05-25 23:17:37	ActionGesture	Smile
2024-05-25 23:17:38	GUIEvent	GUI_STARTED	GUI_STARTED [ACCEPTED]	0.2	4	CONDITION1	ReviewInstructions
2024-05-25 23:17:39	SenseSpeech	no	1200
2024-05-25 23:17:39	MonitorSpeechStart	<prosody rate="1.0">Oh</prosody>	459
2024-05-25 23:17:40	MonitorSpeechStart	<prosody rate="1.0">well</prosody>	454
2024-05-25 23:17:40	ActionGesture	BrowRaise
2024-05-25 23:17:41	MonitorSpeechStart	<prosody rate="1.0">Basically a question will come up on the tablet, I receive it, we think, we answer separately and then we discuss</prosody>	5938
2024-05-25 23:17:41	ActionGesture	BrowRaise
2024-05-25 23:17:43	ActionGesture	BrowRaise
2024-05-25 23:17:47	ActionGesture	BrowRaise
2024-05-25 23:17:49	MonitorSpeechStart	<prosody rate="1.0">Do you want me to explain or are you ready?</prosody>	1666
2024-05-25 23:17:49	ActionGesture	BrowRaise
2024-05-25 23:17:50	ActionGesture	BrowRaise
2024-05-25 23:17:52	ActionGesture	Smile
2024-05-25 23:17:54	SenseSpeech	I'm ready	1080
2024-05-25 23:17:54	MonitorSpeechStart	<prosody rate="1.0">Perfect</prosody>	513
2024-05-25 23:17:54	ActionGesture	BrowRaise
2024-05-25 23:17:55	MonitorSpeechStart	<prosody rate="1.0">Ok, when you press the button I will receive the first question, and show on the screen. Whenever you want.</prosody>	5763
2024-05-25 23:17:55	ActionGesture	BrowRaise
2024-05-25 23:17:57	ActionGesture	BrowRaise
2024-05-25 23:17:59	ActionGesture	BrowRaise
2024-05-25 23:18:01	ActionGesture	BrowRaise
2024-05-25 23:18:03	GUIEvent	NEW_STAGE_REQUESTED	STAGE[1] [4] REQUESTED .. [ACCEPTED]	0.2	4	CONDITION1	ReviewInstructions
2024-05-25 23:18:03	SessionEvent	QUESTION_SET	NEW QUESTION TO ACTIVATE	1		CONDITION1	ReviewInstructions
2024-05-25 23:18:03	FlowEvent	NEW_FLOW_STATE	QuestionReflection	1		CONDITION1	QuestionReflection
2024-05-25 23:18:04	MonitorSpeechStart	<prosody rate="1.0">Ok</prosody>	618
2024-05-25 23:18:04	ActionGesture	BrowRaise
2024-05-25 23:18:05	MonitorSpeechStart	<prosody rate="1.0">I think I am getting the question 1</prosody>	1802
2024-05-25 23:18:06	ActionGesture	BrowRaise
2024-05-25 23:18:07	ActionGesture	BrowRaise
2024-05-25 23:18:08	MonitorSpeechStart	<prosody rate="1.0">Let's see</prosody>	658
2024-05-25 23:18:08	ActionGesture	BrowRaise
2024-05-25 23:18:16	ActionGesture	Smile
2024-05-25 23:18:19	GUIEvent	ANSWER_MARKED	ANSWER[TRUE] [1] [4] SENT .. [ACCEPTED]	1	4	CONDITION1	QuestionReflection
2024-05-25 23:18:51	ActionGesture	Smile
2024-05-25 23:18:52	SenseSpeech	are you there	1052
2024-05-25 23:18:53	MonitorSpeechStart	<prosody rate="1.0">Also</prosody>	515
2024-05-25 23:18:55	MonitorSpeechStart	<prosody rate="1.0">Have you answered already?</prosody>	1137
2024-05-25 23:18:55	ActionGesture	BrowRaise
2024-05-25 23:18:55	ActionGesture	BrowRaise
2024-05-25 23:19:00	MonitorSpeechStart	<prosody rate="1.0">I mean</prosody>	609
2024-05-25 23:20:12	Autoreload is disabled because the development mode is off.
2024-05-25 23:20:13	Application started in 0.577 seconds.
2024-05-25 23:20:13	Responding at http://127.0.0.1:8888
2024-05-25 23:20:15	----------------- NEW EXECUTION-------------------
2024-05-25 23:20:15	FlowEvent	NEW_FLOW_STATE	Sleep	0.0		UNDEFINED	Sleep
2024-05-25 23:20:15	ActionGesture	CloseEyes
2024-05-25 23:20:15	ActionGesture	CloseEyes
2024-05-25 23:20:21	GUIEvent	GUI_RELOADED	GUI_RELOADED [ACCEPTED]	0.0	UNDEFINED	UNDEFINED	Sleep
2024-05-25 23:20:22	GUIEvent	NEW_STAGE_REQUESTED	STAGE[0.2] [4] REQUESTED .. [ACCEPTED]	0.0	UNDEFINED	UNDEFINED	Sleep
2024-05-25 23:20:22	SessionEvent	USER_SET	USER TO ACTIVATE.	0.2	4	UNDEFINED	Sleep
2024-05-25 23:20:22	FlowEvent	NEW_FLOW_STATE	Welcome	0.2		CONDITION1	Welcome
2024-05-25 23:20:22	ActionGesture	OpenEyes
2024-05-25 23:20:22	ActionGesture	Smile
2024-05-25 23:20:23	MonitorSpeechStart	<prosody rate="1.0">Hello there</prosody>	543
2024-05-25 23:20:23	ActionGesture	BrowRaise
2024-05-25 23:20:25	MonitorSpeechStart	<prosody rate="1.0">Nice to meet you</prosody>	824
2024-05-25 23:20:25	ActionGesture	BrowRaise
2024-05-25 23:20:27	MonitorSpeechStart	<prosody rate="1.0">How you doing?</prosody>	741
2024-05-25 23:20:27	ActionGesture	BrowRaise
2024-05-25 23:20:29	GUIEvent	NEW_STAGE_REQUESTED	STAGE[1] [4] REQUESTED .. [ACCEPTED]	0.2	4	CONDITION1	Welcome
2024-05-25 23:20:29	SessionEvent	QUESTION_SET	NEW QUESTION TO ACTIVATE	1		CONDITION1	Welcome
2024-05-25 23:20:29	FlowEvent	NEW_FLOW_STATE	QuestionReflection	1		CONDITION1	QuestionReflection
2024-05-25 23:20:30	MonitorSpeechStart	<prosody rate="1.0">Ok</prosody>	618
2024-05-25 23:20:31	ActionGesture	BrowRaise
2024-05-25 23:20:32	MonitorSpeechStart	<prosody rate="1.0">I think I am getting the question 1</prosody>	1802
2024-05-25 23:20:32	ActionGesture	BrowRaise
2024-05-25 23:20:33	ActionGesture	BrowRaise
2024-05-25 23:20:35	MonitorSpeechStart	<prosody rate="1.0">Let's see</prosody>	658
2024-05-25 23:20:35	ActionGesture	BrowRaise
2024-05-25 23:20:38	GUIEvent	ANSWER_MARKED	ANSWER[TRUE] [1] [4] SENT .. [ACCEPTED]	1	4	CONDITION1	QuestionReflection
2024-05-25 23:21:56	MonitorSpeechStart	<prosody rate="1.0">Have you answered already?</prosody>	1137
2024-05-25 23:21:56	ActionGesture	BrowRaise
2024-05-25 23:21:57	ActionGesture	BrowRaise
2024-05-25 23:22:04	MonitorSpeechStart	<prosody rate="1.0">Let me know when you have it</prosody>	1138
2024-05-25 23:22:05	ActionGesture	BrowRaise
2024-05-25 23:22:17	Autoreload is disabled because the development mode is off.
2024-05-25 23:22:17	Application started in 0.582 seconds.
2024-05-25 23:22:18	Responding at http://127.0.0.1:8888
2024-05-25 23:22:19	----------------- NEW EXECUTION-------------------
2024-05-25 23:22:19	FlowEvent	NEW_FLOW_STATE	Sleep	0.0		UNDEFINED	Sleep
2024-05-25 23:22:19	ActionGesture	CloseEyes
2024-05-25 23:22:19	ActionGesture	CloseEyes
2024-05-25 23:22:28	GUIEvent	GUI_RELOADED	GUI_RELOADED [ACCEPTED]	0.0	UNDEFINED	UNDEFINED	Sleep
2024-05-25 23:22:29	GUIEvent	NEW_STAGE_REQUESTED	STAGE[0.2] [4] REQUESTED .. [ACCEPTED]	0.0	UNDEFINED	UNDEFINED	Sleep
2024-05-25 23:22:29	SessionEvent	USER_SET	USER TO ACTIVATE.	0.2	4	UNDEFINED	Sleep
2024-05-25 23:22:29	FlowEvent	NEW_FLOW_STATE	Welcome	0.2		CONDITION1	Welcome
2024-05-25 23:22:29	ActionGesture	OpenEyes
2024-05-25 23:22:29	ActionGesture	Smile
2024-05-25 23:22:30	MonitorSpeechStart	<prosody rate="1.0">Hello there</prosody>	543
2024-05-25 23:22:30	ActionGesture	BrowRaise
2024-05-25 23:22:32	MonitorSpeechStart	<prosody rate="1.0">Nice to meet you</prosody>	824
2024-05-25 23:22:32	ActionGesture	BrowRaise
2024-05-25 23:22:34	MonitorSpeechStart	<prosody rate="1.0">How you doing?</prosody>	741
2024-05-25 23:22:34	ActionGesture	BrowRaise
2024-05-25 23:22:35	GUIEvent	NEW_STAGE_REQUESTED	STAGE[1] [4] REQUESTED .. [ACCEPTED]	0.2	4	CONDITION1	Welcome
2024-05-25 23:22:35	SessionEvent	QUESTION_SET	NEW QUESTION TO ACTIVATE	1		CONDITION1	Welcome
2024-05-25 23:22:35	FlowEvent	NEW_FLOW_STATE	QuestionReflection	1		CONDITION1	QuestionReflection
2024-05-25 23:22:36	MonitorSpeechStart	<prosody rate="1.0">Ok</prosody>	618
2024-05-25 23:22:36	ActionGesture	BrowRaise
2024-05-25 23:22:37	MonitorSpeechStart	<prosody rate="1.0">I think I am getting the question 1</prosody>	1802
2024-05-25 23:22:37	ActionGesture	BrowRaise
2024-05-25 23:22:38	ActionGesture	BrowRaise
2024-05-25 23:22:40	MonitorSpeechStart	<prosody rate="1.0">Let's see</prosody>	658
2024-05-25 23:22:40	ActionGesture	BrowRaise
2024-05-25 23:22:41	ActionGesture	Smile
2024-05-25 23:22:46	GUIEvent	ANSWER_MARKED	ANSWER[TRUE] [1] [4] SENT .. [ACCEPTED]	1	4	CONDITION1	QuestionReflection
2024-05-25 23:23:20	ActionGesture	Smile
2024-05-25 23:23:23	SenseSpeech	local	3497
2024-05-25 23:23:23	MonitorSpeechStart	<prosody rate="1.0">Mm</prosody>	208
2024-05-25 23:23:24	MonitorSpeechStart	<prosody rate="1.0">Have you answered already?</prosody>	1137
2024-05-25 23:23:25	ActionGesture	BrowRaise
2024-05-25 23:23:25	ActionGesture	BrowRaise
2024-05-25 23:23:30	MonitorSpeechStart	<prosody rate="1.0">I mean</prosody>	609
2024-05-25 23:23:32	MonitorSpeechStart	<prosody rate="1.0">Let me know when you have it</prosody>	1138
2024-05-25 23:23:32	ActionGesture	BrowRaise
2024-05-25 23:23:37	MonitorSpeechStart	<prosody rate="1.0">Er</prosody>	412
2024-05-25 23:23:44	Autoreload is disabled because the development mode is off.
2024-05-25 23:23:45	Application started in 0.604 seconds.
2024-05-25 23:23:45	Responding at http://127.0.0.1:8888
2024-05-25 23:23:47	----------------- NEW EXECUTION-------------------
2024-05-25 23:23:47	FlowEvent	NEW_FLOW_STATE	Sleep	0.0		UNDEFINED	Sleep
2024-05-25 23:23:47	ActionGesture	CloseEyes
2024-05-25 23:23:47	ActionGesture	CloseEyes
2024-05-25 23:23:55	GUIEvent	GUI_RELOADED	GUI_RELOADED [ACCEPTED]	0.0	UNDEFINED	UNDEFINED	Sleep
2024-05-25 23:23:56	GUIEvent	NEW_STAGE_REQUESTED	STAGE[0.2] [4] REQUESTED .. [ACCEPTED]	0.0	UNDEFINED	UNDEFINED	Sleep
2024-05-25 23:23:56	SessionEvent	USER_SET	USER TO ACTIVATE.	0.2	4	UNDEFINED	Sleep
2024-05-25 23:23:56	FlowEvent	NEW_FLOW_STATE	Welcome	0.2		CONDITION1	Welcome
2024-05-25 23:23:56	ActionGesture	OpenEyes
2024-05-25 23:23:56	ActionGesture	Smile
2024-05-25 23:23:57	MonitorSpeechStart	<prosody rate="1.0">Hello there</prosody>	543
2024-05-25 23:23:57	ActionGesture	BrowRaise
2024-05-25 23:23:59	MonitorSpeechStart	<prosody rate="1.0">Nice to meet you</prosody>	824
2024-05-25 23:23:59	ActionGesture	BrowRaise
2024-05-25 23:24:01	MonitorSpeechStart	<prosody rate="1.0">How you doing?</prosody>	741
2024-05-25 23:24:01	ActionGesture	BrowRaise
2024-05-25 23:24:02	GUIEvent	NEW_STAGE_REQUESTED	STAGE[1] [4] REQUESTED .. [ACCEPTED]	0.2	4	CONDITION1	Welcome
2024-05-25 23:24:02	SessionEvent	QUESTION_SET	NEW QUESTION TO ACTIVATE	1		CONDITION1	Welcome
2024-05-25 23:24:02	FlowEvent	NEW_FLOW_STATE	QuestionReflection	1		CONDITION1	QuestionReflection
2024-05-25 23:24:03	MonitorSpeechStart	<prosody rate="1.0">Ok</prosody>	618
2024-05-25 23:24:04	ActionGesture	BrowRaise
2024-05-25 23:24:05	MonitorSpeechStart	<prosody rate="1.0">I think I am getting the question 1</prosody>	1802
2024-05-25 23:24:05	ActionGesture	BrowRaise
2024-05-25 23:24:06	ActionGesture	BrowRaise
2024-05-25 23:24:08	MonitorSpeechStart	<prosody rate="1.0">Let's see</prosody>	658
2024-05-25 23:24:08	ActionGesture	BrowRaise
2024-05-25 23:24:13	GUIEvent	ANSWER_MARKED	ANSWER[TRUE] [1] [4] SENT .. [ACCEPTED]	1	4	CONDITION1	QuestionReflection
2024-05-25 23:24:23	MonitorSpeechStart	<prosody rate="1.0">Have you answered already?</prosody>	1137
2024-05-25 23:24:24	ActionGesture	BrowRaise
2024-05-25 23:24:24	ActionGesture	BrowRaise
2024-05-25 23:24:25	ActionGesture	Smile
2024-05-25 23:24:40	Autoreload is disabled because the development mode is off.
2024-05-25 23:24:40	Application started in 0.576 seconds.
2024-05-25 23:24:41	Responding at http://127.0.0.1:8888
2024-05-25 23:24:42	GUIEvent	GUI_RELOADED	GUI_RELOADED [ACCEPTED]	0.0	UNDEFINED	UNDEFINED	Init
2024-05-25 23:24:42	----------------- NEW EXECUTION-------------------
2024-05-25 23:24:42	FlowEvent	NEW_FLOW_STATE	Sleep	0.0		UNDEFINED	Sleep
2024-05-25 23:24:43	ActionGesture	CloseEyes
2024-05-25 23:24:43	ActionGesture	CloseEyes
2024-05-25 23:24:45	GUIEvent	NEW_STAGE_REQUESTED	STAGE[0.2] [4] REQUESTED .. [ACCEPTED]	0.0	UNDEFINED	UNDEFINED	Sleep
2024-05-25 23:24:45	SessionEvent	USER_SET	USER TO ACTIVATE.	0.2	4	UNDEFINED	Sleep
2024-05-25 23:24:45	FlowEvent	NEW_FLOW_STATE	Welcome	0.2		CONDITION1	Welcome
2024-05-25 23:24:45	ActionGesture	OpenEyes
2024-05-25 23:24:45	ActionGesture	Smile
2024-05-25 23:24:45	MonitorSpeechStart	<prosody rate="1.0">Hello there</prosody>	543
2024-05-25 23:24:46	ActionGesture	BrowRaise
2024-05-25 23:24:47	MonitorSpeechStart	<prosody rate="1.0">Nice to meet you</prosody>	824
2024-05-25 23:24:47	ActionGesture	BrowRaise
2024-05-25 23:24:48	GUIEvent	NEW_STAGE_REQUESTED	STAGE[1] [4] REQUESTED .. [ACCEPTED]	0.2	4	CONDITION1	Welcome
2024-05-25 23:24:48	SessionEvent	QUESTION_SET	NEW QUESTION TO ACTIVATE	1		CONDITION1	Welcome
2024-05-25 23:24:48	FlowEvent	NEW_FLOW_STATE	QuestionReflection	1		CONDITION1	QuestionReflection
2024-05-25 23:24:50	MonitorSpeechStart	<prosody rate="1.0">Ok</prosody>	618
2024-05-25 23:24:50	ActionGesture	BrowRaise
2024-05-25 23:24:51	MonitorSpeechStart	<prosody rate="1.0">I think I am getting the question 1</prosody>	1802
2024-05-25 23:24:51	ActionGesture	BrowRaise
2024-05-25 23:24:52	ActionGesture	BrowRaise
2024-05-25 23:24:54	MonitorSpeechStart	<prosody rate="1.0">Let's see</prosody>	658
2024-05-25 23:24:54	ActionGesture	BrowRaise
2024-05-25 23:24:57	GUIEvent	ANSWER_MARKED	ANSWER[TRUE] [1] [4] SENT .. [ACCEPTED]	1	4	CONDITION1	QuestionReflection
2024-05-25 23:25:06	MonitorSpeechStart	<prosody rate="1.0">Have you answered already?</prosody>	1137
2024-05-25 23:25:06	ActionGesture	BrowRaise
2024-05-25 23:25:07	ActionGesture	BrowRaise
2024-05-25 23:25:14	Autoreload is disabled because the development mode is off.
2024-05-25 23:25:14	Application started in 0.615 seconds.
2024-05-25 23:25:14	Responding at http://127.0.0.1:8888
2024-05-25 23:25:16	----------------- NEW EXECUTION-------------------
2024-05-25 23:25:16	FlowEvent	NEW_FLOW_STATE	Sleep	0.0		UNDEFINED	Sleep
2024-05-25 23:25:16	ActionGesture	CloseEyes
2024-05-25 23:25:16	ActionGesture	CloseEyes
2024-05-25 23:25:16	GUIEvent	GUI_RELOADED	GUI_RELOADED [ACCEPTED]	0.0	UNDEFINED	UNDEFINED	Sleep
2024-05-25 23:25:18	GUIEvent	NEW_STAGE_REQUESTED	STAGE[0.2] [4] REQUESTED .. [ACCEPTED]	0.0	UNDEFINED	UNDEFINED	Sleep
2024-05-25 23:25:18	SessionEvent	USER_SET	USER TO ACTIVATE.	0.2	4	UNDEFINED	Sleep
2024-05-25 23:25:18	FlowEvent	NEW_FLOW_STATE	Welcome	0.2		CONDITION1	Welcome
2024-05-25 23:25:18	ActionGesture	OpenEyes
2024-05-25 23:25:18	ActionGesture	Smile
2024-05-25 23:25:18	MonitorSpeechStart	<prosody rate="1.0">Hello there</prosody>	543
2024-05-25 23:25:19	ActionGesture	BrowRaise
2024-05-25 23:25:20	MonitorSpeechStart	<prosody rate="1.0">Nice to meet you</prosody>	824
2024-05-25 23:25:20	ActionGesture	BrowRaise
2024-05-25 23:25:22	MonitorSpeechStart	<prosody rate="1.0">How you doing?</prosody>	741
2024-05-25 23:25:22	ActionGesture	BrowRaise
2024-05-25 23:25:24	GUIEvent	NEW_STAGE_REQUESTED	STAGE[1] [4] REQUESTED .. [ACCEPTED]	0.2	4	CONDITION1	Welcome
2024-05-25 23:25:24	SessionEvent	QUESTION_SET	NEW QUESTION TO ACTIVATE	1		CONDITION1	Welcome
2024-05-25 23:25:24	FlowEvent	NEW_FLOW_STATE	QuestionReflection	1		CONDITION1	QuestionReflection
2024-05-25 23:25:25	MonitorSpeechStart	<prosody rate="1.0">Ok</prosody>	618
2024-05-25 23:25:25	ActionGesture	BrowRaise
2024-05-25 23:25:26	MonitorSpeechStart	<prosody rate="1.0">I think I am getting the question 1</prosody>	1802
2024-05-25 23:25:27	ActionGesture	BrowRaise
2024-05-25 23:25:28	ActionGesture	BrowRaise
2024-05-25 23:25:29	MonitorSpeechStart	<prosody rate="1.0">Let's see</prosody>	658
2024-05-25 23:25:29	ActionGesture	BrowRaise
2024-05-25 23:25:33	GUIEvent	ANSWER_MARKED	ANSWER[TRUE] [1] [4] SENT .. [ACCEPTED]	1	4	CONDITION1	QuestionReflection
2024-05-25 23:25:38	MonitorSpeechStart	<prosody rate="1.0">Have you answered already?</prosody>	1137
2024-05-25 23:25:39	ActionGesture	BrowRaise
2024-05-25 23:25:39	ActionGesture	BrowRaise
2024-05-25 23:25:40	ActionGesture	Smile
2024-05-25 23:25:42	SenseSpeech	yes	1379
2024-05-25 23:25:42	FlowEvent	NEW_FLOW_STATE	QuestionDisclosure	1		CONDITION1	QuestionDisclosure
2024-05-25 23:25:42	MonitorSpeechStart	<prosody rate="1.0">Good</prosody>	391
2024-05-25 23:25:43	MonitorSpeechStart	<prosody rate="1.0">I replied that it is TRUE</prosody>	1387
2024-05-25 23:25:44	ActionGesture	BrowRaise
2024-05-25 23:25:45	MonitorSpeechStart	<prosody rate="1.0">What do you think?</prosody>	726
2024-05-25 23:25:46	ActionGesture	BrowRaise
2024-05-25 23:25:49	ActionGesture	Smile
2024-05-25 23:25:51	SenseSpeech	I think it's true too yes	2369
2024-05-25 23:25:51	FlowEvent	NEW_FLOW_STATE	QuestionReview	1		CONDITION1	QuestionReview
2024-05-25 23:26:05	MonitorSpeechStart	<prosody rate="1.0">Good. You see it too?</prosody>	1507
2024-05-25 23:26:09	MonitorSpeechStart	<prosody rate="1.0">Because the voltage is the same and the resistance increases if a lamp is added</prosody>	3824
2024-05-25 23:26:10	ActionGesture	BrowRaise
2024-05-25 23:26:12	ActionGesture	BrowRaise
2024-05-25 23:26:12	ActionGesture	BrowRaise
2024-05-25 23:26:17	ActionGesture	Smile
2024-05-25 23:26:19	SenseSpeech	right okay yes	1916
2024-05-25 23:26:19	MonitorSpeechStart	<prosody rate="1.0">That's fine!</prosody>	759
2024-05-25 23:26:20	ActionGesture	BrowRaise
2024-05-25 23:26:21	MonitorSpeechStart	<prosody rate="1.0">With the same voltage and higher resistance, the current will be lower and the lights will shine more dimly.</prosody>	4949
2024-05-25 23:26:21	ActionGesture	BrowRaise
2024-05-25 23:26:22	ActionGesture	BrowRaise
2024-05-25 23:26:25	ActionGesture	BrowRaise
2024-05-25 23:26:25	ActionGesture	BrowRaise
2024-05-25 23:26:29	ActionGesture	Smile
2024-05-25 23:26:30	SenseSpeech	yeah I agree	1322
2024-05-25 23:26:30	FlowEvent	NEW_FLOW_STATE	QuestionCheckpoint	1		CONDITION1	QuestionCheckpoint
2024-05-25 23:26:43	MonitorSpeechStart	<prosody rate="1.0">Nice</prosody>	438
2024-05-25 23:26:44	ActionGesture	BrowRaise
2024-05-25 23:26:45	MonitorSpeechStart	<prosody rate="1.0">So</prosody>	386
2024-05-25 23:26:46	MonitorSpeechStart	<prosody rate="1.0">do we agree it's TRUE?</prosody>	1157
2024-05-25 23:26:46	ActionGesture	BrowRaise
2024-05-25 23:26:49	ActionGesture	Smile
2024-05-25 23:26:51	SenseSpeech	yeah I think it's true	1475
2024-05-25 23:26:51	FlowEvent	NEW_FLOW_STATE	QuestionReview	1		CONDITION1	QuestionReview
2024-05-25 23:26:51	FlowEvent	NEW_FLOW_STATE	QuestionConfirmation	1		CONDITION1	QuestionConfirmation
2024-05-25 23:26:51	MonitorSpeechStart	<prosody rate="1.0">Perfect</prosody>	513
2024-05-25 23:26:51	ActionGesture	BrowRaise
2024-05-25 23:26:52	MonitorSpeechStart	<prosody rate="1.0">Ok. I marked TRUE already. Can you mark your answer on the tablet and confim?</prosody>	4615
2024-05-25 23:26:52	ActionGesture	BrowRaise
2024-05-25 23:26:55	ActionGesture	BrowRaise
2024-05-25 23:26:56	ActionGesture	BrowRaise
2024-05-25 23:26:56	ActionGesture	BrowRaise
2024-05-25 23:26:59	GUIEvent	NEW_STAGE_REQUESTED	STAGE[2] [4] REQUESTED .. [ACCEPTED]	1	4	CONDITION1	QuestionConfirmation
2024-05-25 23:26:59	SessionEvent	ANSWER_CONFIRMED	QUESTION CONFIRMED IN GUI.	2		CONDITION1	QuestionConfirmation
2024-05-25 23:26:59	SessionEvent	QUESTION_SET	NEW QUESTION TO ACTIVATE	2		CONDITION1	QuestionConfirmation
2024-05-25 23:26:59	FlowEvent	NEW_FLOW_STATE	QuestionReflection	2		CONDITION1	QuestionReflection
2024-05-25 23:27:00	MonitorSpeechStart	<prosody rate="1.0">Right</prosody>	393
2024-05-25 23:27:00	ActionGesture	BrowRaise
2024-05-25 23:27:01	MonitorSpeechStart	<prosody rate="1.0">receiving the question 2</prosody>	1382
2024-05-25 23:27:02	ActionGesture	BrowRaise
2024-05-25 23:27:03	MonitorSpeechStart	<prosody rate="1.0">Ok</prosody>	618
2024-05-25 23:27:03	ActionGesture	BrowRaise
2024-05-25 23:27:12	MonitorSpeechStart	<prosody rate="1.0">Let me know when you have it</prosody>	1138
2024-05-25 23:27:13	ActionGesture	BrowRaise
2024-05-25 23:27:16	ActionGesture	Smile
2024-05-25 23:27:18	SenseSpeech	um let me think	1827
2024-05-25 23:27:19	MonitorSpeechStart	<prosody rate="1.0">Oh</prosody>	459
2024-05-25 23:27:20	MonitorSpeechStart	<prosody rate="1.0">sorry</prosody>	510
2024-05-25 23:27:20	ActionGesture	BrowRaise
2024-05-25 23:27:21	MonitorSpeechStart	<prosody rate="1.0">Absolutely</prosody>	668
2024-05-25 23:27:21	ActionGesture	BrowRaise
2024-05-25 23:27:27	GUIEvent	ANSWER_MARKED	ANSWER[FALSE] [2] [4] SENT .. [ACCEPTED]	2	4	CONDITION1	QuestionReflection
2024-05-25 23:27:28	ActionGesture	Smile
2024-05-25 23:27:30	SenseSpeech	okay I have it	1525
2024-05-25 23:27:30	FlowEvent	NEW_FLOW_STATE	QuestionDisclosure	2		CONDITION1	QuestionDisclosure
2024-05-25 23:27:30	MonitorSpeechStart	<prosody rate="1.0">Super</prosody>	526
2024-05-25 23:27:30	ActionGesture	BrowRaise
2024-05-25 23:27:31	MonitorSpeechStart	<prosody rate="1.0">It is FALSE. What did you answer?</prosody>	1985
2024-05-25 23:27:33	ActionGesture	BrowRaise
2024-05-25 23:27:35	ActionGesture	Smile
2024-05-25 23:27:36	SenseSpeech	I answer false too	1474
2024-05-25 23:27:36	FlowEvent	NEW_FLOW_STATE	QuestionReview	2		CONDITION1	QuestionReview
2024-05-25 23:27:37	MonitorSpeechStart	<prosody rate="1.0">Did you agree?</prosody>	741
2024-05-25 23:27:37	ActionGesture	BrowRaise
2024-05-25 23:27:38	MonitorSpeechStart	<prosody rate="1.0">C1 and C2 are drawn differently, but it is the same circuit and the white, yellow and red lights are paralleled in both.</prosody>	6347
2024-05-25 23:27:41	ActionGesture	BrowRaise
2024-05-25 23:27:42	ActionGesture	BrowRaise
2024-05-25 23:27:43	ActionGesture	BrowRaise
2024-05-25 23:27:43	ActionGesture	BrowRaise
2024-05-25 23:27:44	ActionGesture	BrowRaise
2024-05-25 23:27:47	ActionGesture	Smile
2024-05-25 23:27:49	SenseSpeech	yeah totally	1522
2024-05-25 23:27:49	MonitorSpeechStart	<prosody rate="1.0">Good. You see it too?</prosody>	1507
2024-05-25 23:27:51	MonitorSpeechStart	<prosody rate="1.0">The blue lights shine just as brightly because the other lights are shorted.</prosody>	3274
2024-05-25 23:27:52	ActionGesture	BrowRaise
2024-05-25 23:27:52	ActionGesture	BrowRaise
2024-05-25 23:27:54	ActionGesture	BrowRaise
2024-05-25 23:27:58	ActionGesture	Smile
2024-05-25 23:27:59	SenseSpeech	yep	1019
2024-05-25 23:27:59	FlowEvent	NEW_FLOW_STATE	QuestionCheckpoint	2		CONDITION1	QuestionCheckpoint
2024-05-25 23:27:59	MonitorSpeechStart	<prosody rate="1.0">Mm</prosody>	208
2024-05-25 23:28:01	MonitorSpeechStart	<prosody rate="1.0">It's FALSE</prosody>	694
2024-05-25 23:28:01	ActionGesture	BrowRaise
2024-05-25 23:28:02	MonitorSpeechStart	<prosody rate="1.0">Shall we go for it?</prosody>	1070
2024-05-25 23:28:03	ActionGesture	BrowRaise
2024-05-25 23:28:05	ActionGesture	Smile
2024-05-25 23:28:07	SenseSpeech	yes let's go for false	2709
2024-05-25 23:28:07	FlowEvent	NEW_FLOW_STATE	QuestionReview	2		CONDITION1	QuestionReview
2024-05-25 23:28:07	FlowEvent	NEW_FLOW_STATE	QuestionConfirmation	2		CONDITION1	QuestionConfirmation
2024-05-25 23:28:08	MonitorSpeechStart	<prosody rate="1.0">That's fine!</prosody>	759
2024-05-25 23:28:08	ActionGesture	BrowRaise
2024-05-25 23:28:09	MonitorSpeechStart	<prosody rate="1.0">I haven't received the next question. Can you confirm the answer?</prosody>	3345
2024-05-25 23:28:12	ActionGesture	BrowRaise
2024-05-25 23:28:12	ActionGesture	BrowRaise
2024-05-25 23:28:14	GUIEvent	NEW_STAGE_REQUESTED	STAGE[3] [4] REQUESTED .. [ACCEPTED]	2	4	CONDITION1	QuestionConfirmation
2024-05-25 23:28:14	SessionEvent	ANSWER_CONFIRMED	QUESTION CONFIRMED IN GUI.	3		CONDITION1	QuestionConfirmation
2024-05-25 23:28:14	SessionEvent	QUESTION_SET	NEW QUESTION TO ACTIVATE	3		CONDITION1	QuestionConfirmation
2024-05-25 23:28:14	FlowEvent	NEW_FLOW_STATE	QuestionReflection	3		CONDITION1	QuestionReflection
2024-05-25 23:28:14	MonitorSpeechStart	<prosody rate="1.0">Okay, I'm now retrieving question 3</prosody>	2428
2024-05-25 23:28:15	ActionGesture	BrowRaise
2024-05-25 23:28:16	ActionGesture	BrowRaise
2024-05-25 23:28:18	MonitorSpeechStart	<prosody rate="1.0">Let’s check it out.</prosody>	911
2024-05-25 23:28:18	ActionGesture	BrowRaise
2024-05-25 23:28:26	GUIEvent	ANSWER_MARKED	ANSWER[TRUE] [3] [4] SENT .. [ACCEPTED]	3	4	CONDITION1	QuestionReflection
2024-05-25 23:28:27	MonitorSpeechStart	<prosody rate="1.0">Have you answered?</prosody>	752
2024-05-25 23:28:28	ActionGesture	BrowRaise
2024-05-25 23:28:30	ActionGesture	Smile
2024-05-25 23:28:31	SenseSpeech	yes	1110
2024-05-25 23:28:31	FlowEvent	NEW_FLOW_STATE	QuestionDisclosure	3		CONDITION1	QuestionDisclosure
2024-05-25 23:28:31	MonitorSpeechStart	<prosody rate="1.0">Good</prosody>	391
2024-05-25 23:28:32	MonitorSpeechStart	<prosody rate="1.0">I replied that it is FALSE</prosody>	1485
2024-05-25 23:28:33	ActionGesture	BrowRaise
2024-05-25 23:28:34	MonitorSpeechStart	<prosody rate="1.0">What do you think?</prosody>	726
2024-05-25 23:28:35	ActionGesture	BrowRaise
2024-05-25 23:28:36	ActionGesture	Smile
2024-05-25 23:28:37	SenseSpeech	I think it's true	1214
2024-05-25 23:28:37	FlowEvent	NEW_FLOW_STATE	QuestionPersuasion	3		CONDITION1	QuestionPersuasion
2024-05-25 23:28:38	MonitorSpeechStart	<prosody rate="1.0">Well When the switch is turned on, the red and yellow lights are connected in parallel</prosody>	4028
2024-05-25 23:28:39	ActionGesture	BrowRaise
2024-05-25 23:28:39	ActionGesture	BrowRaise
2024-05-25 23:28:40	ActionGesture	BrowRaise
2024-05-25 23:28:42	ActionGesture	BrowRaise
2024-05-25 23:28:44	ActionGesture	Smile
2024-05-25 23:28:46	SenseSpeech	yes	1094
2024-05-25 23:28:46	MonitorSpeechStart	<prosody rate="1.0">That's fine!</prosody>	759
2024-05-25 23:28:46	ActionGesture	BrowRaise
2024-05-25 23:28:47	MonitorSpeechStart	<prosody rate="1.0">The equivalent resistance of parallel connected resistances is lower than each of the resistances</prosody>	4929
2024-05-25 23:28:49	ActionGesture	BrowRaise
2024-05-25 23:28:50	ActionGesture	BrowRaise
2024-05-25 23:28:52	ActionGesture	BrowRaise
2024-05-25 23:28:56	ActionGesture	Smile
2024-05-25 23:29:01	SenseSpeech	no I think that's wrong because the yellows are blowing blue bricks	4810
2024-05-25 23:29:01	MonitorSpeechStart	<prosody rate="1.0">Oh</prosody>	459
2024-05-25 23:29:02	MonitorSpeechStart	<prosody rate="1.0">well</prosody>	454
2024-05-25 23:29:02	ActionGesture	BrowRaise
2024-05-25 23:29:04	MonitorSpeechStart	<prosody rate="1.0">Where do you want to go from there?</prosody>	1374
2024-05-25 23:29:05	ActionGesture	BrowRaise
2024-05-25 23:29:06	ActionGesture	Smile
2024-05-25 23:29:12	SenseSpeech	well I wouldn't go over this their Julio is is is yellow is is like this so whatever	5518
2024-05-25 23:29:13	MonitorSpeechStart	<prosody rate="1.0">well The equivalent resistance of the red and yellow lights is 7.5 Ohms. The blue lamp has 15 Ohms.</prosody>	6095
2024-05-25 23:29:16	ActionGesture	BrowRaise
2024-05-25 23:29:16	ActionGesture	BrowRaise
2024-05-25 23:29:17	ActionGesture	BrowRaise
2024-05-25 23:29:18	ActionGesture	BrowRaise
2024-05-25 23:29:23	ActionGesture	Smile
2024-05-25 23:29:24	SenseSpeech	so what	1118
2024-05-25 23:29:25	MonitorSpeechStart	<prosody rate="1.0">ok Since the red and yellow lights have lower resistance, more current will flow through them than the blue and they will shine brighter.</prosody>	5967
2024-05-25 23:29:25	ActionGesture	BrowRaise
2024-05-25 23:29:26	ActionGesture	BrowRaise
2024-05-25 23:29:26	ActionGesture	BrowRaise
2024-05-25 23:29:30	ActionGesture	BrowRaise
2024-05-25 23:29:33	ActionGesture	Smile
2024-05-25 23:29:34	SenseSpeech	I disagree	1144
2024-05-25 23:29:34	FlowEvent	NEW_FLOW_STATE	QuestionCheckpoint	3		CONDITION1	QuestionCheckpoint
2024-05-25 23:29:35	MonitorSpeechStart	<prosody rate="1.0">Mh</prosody>	607
2024-05-25 23:29:35	ActionGesture	BrowRaise
2024-05-25 23:29:36	MonitorSpeechStart	<prosody rate="1.0">I see!</prosody>	670
2024-05-25 23:29:37	MonitorSpeechStart	<prosody rate="1.0">I believe it's FALSE</prosody>	1113
2024-05-25 23:29:38	ActionGesture	BrowRaise
2024-05-25 23:29:39	MonitorSpeechStart	<prosody rate="1.0">So</prosody>	386
2024-05-25 23:29:41	MonitorSpeechStart	<prosody rate="1.0">do you agree?</prosody>	649
2024-05-25 23:29:41	ActionGesture	BrowRaise
2024-05-25 23:29:42	ActionGesture	Smile
2024-05-25 23:29:44	SenseSpeech	no I think it's true	2149
2024-05-25 23:29:44	FlowEvent	NEW_FLOW_STATE	QuestionPersuasion	3		CONDITION1	QuestionPersuasion
2024-05-25 23:29:44	FlowEvent	NEW_FLOW_STATE	QuestionUltimatum	3		CONDITION1	QuestionUltimatum
2024-05-25 23:29:45	MonitorSpeechStart	<prosody rate="1.0">What do you mean? I took FALSE</prosody>	2068
2024-05-25 23:29:46	ActionGesture	BrowRaise
2024-05-25 23:29:48	MonitorSpeechStart	<prosody rate="1.0">but you should decide then</prosody>	1337
2024-05-25 23:29:49	ActionGesture	BrowRaise
2024-05-25 23:29:50	MonitorSpeechStart	<prosody rate="1.0">FALSE or "TRUE?</prosody>	893
2024-05-25 23:29:50	ActionGesture	BrowRaise
2024-05-25 23:29:53	ActionGesture	Smile
2024-05-25 23:29:54	SenseSpeech	true	837
2024-05-25 23:29:54	FlowEvent	NEW_FLOW_STATE	QuestionConfirmation	3		CONDITION1	QuestionConfirmation
2024-05-25 23:29:54	MonitorSpeechStart	<prosody rate="1.0">Ok. I marked TRUE already. Can you mark your answer on the tablet and confim?</prosody>	4615
2024-05-25 23:29:54	ActionGesture	BrowRaise
2024-05-25 23:29:57	ActionGesture	BrowRaise
2024-05-25 23:29:58	ActionGesture	BrowRaise
2024-05-25 23:29:58	ActionGesture	BrowRaise
2024-05-25 23:30:02	ActionGesture	Smile
2024-05-25 23:30:03	SenseSpeech	uh	867
2024-05-25 23:30:04	GUIEvent	NEW_STAGE_REQUESTED	STAGE[4] [4] REQUESTED .. [ACCEPTED]	3	4	CONDITION1	QuestionConfirmation
2024-05-25 23:30:04	SessionEvent	ANSWER_CONFIRMED	QUESTION CONFIRMED IN GUI.	4		CONDITION1	QuestionConfirmation
2024-05-25 23:30:04	SessionEvent	QUESTION_SET	NEW QUESTION TO ACTIVATE	4		CONDITION1	QuestionConfirmation
2024-05-25 23:30:04	FlowEvent	NEW_FLOW_STATE	QuestionReflection	4		CONDITION1	QuestionReflection
2024-05-25 23:30:05	MonitorSpeechStart	<prosody rate="1.0">Alright, pulling up question 4 now</prosody>	2312
2024-05-25 23:30:07	ActionGesture	BrowRaise
2024-05-25 23:30:09	MonitorSpeechStart	<prosody rate="1.0">Got it.</prosody>	469
2024-05-25 23:30:09	ActionGesture	BrowRaise
2024-05-25 23:30:15	GUIEvent	ANSWER_MARKED	ANSWER[FALSE] [4] [4] SENT .. [ACCEPTED]	4	4	CONDITION1	QuestionReflection
2024-05-25 23:30:18	MonitorSpeechStart	<prosody rate="1.0">OK, I have answered. Have you?</prosody>	2505
2024-05-25 23:30:18	ActionGesture	BrowRaise
2024-05-25 23:30:20	ActionGesture	BrowRaise
2024-05-25 23:30:23	ActionGesture	Smile
2024-05-25 23:30:24	SenseSpeech	yes	1314
2024-05-25 23:30:24	FlowEvent	NEW_FLOW_STATE	QuestionDisclosure	4		CONDITION1	QuestionDisclosure
2024-05-25 23:30:25	MonitorSpeechStart	<prosody rate="1.0">Nice</prosody>	438
2024-05-25 23:30:25	ActionGesture	BrowRaise
2024-05-25 23:30:26	MonitorSpeechStart	<prosody rate="1.0">It is TRUE. What did you answer?</prosody>	1962
2024-05-25 23:30:28	ActionGesture	BrowRaise
2024-05-25 23:30:30	ActionGesture	Smile
2024-05-25 23:30:32	SenseSpeech	I as a	1305
2024-05-25 23:30:32	FlowEvent	NEW_FLOW_STATE	QuestionPersuasion	4		CONDITION1	QuestionPersuasion
2024-05-25 23:30:32	MonitorSpeechStart	<prosody rate="1.0">I am not sure about that</prosody>	1233
2024-05-25 23:30:33	ActionGesture	BrowRaise
2024-05-25 23:30:34	MonitorSpeechStart	<prosody rate="1.0">I replied that it is false. The yellow lamps are connected in parallel in both C1 and C2</prosody>	5242
2024-05-25 23:30:35	ActionGesture	BrowRaise
2024-05-25 23:30:35	ActionGesture	BrowRaise
2024-05-25 23:30:37	ActionGesture	BrowRaise
2024-05-25 23:30:39	ActionGesture	BrowRaise
2024-05-25 23:30:45	ActionGesture	Smile
2024-05-25 23:30:47	SenseSpeech	right but it okay	1502
2024-05-25 23:30:47	MonitorSpeechStart	<prosody rate="1.0">Did you agree?</prosody>	741
2024-05-25 23:30:47	ActionGesture	BrowRaise
2024-05-25 23:30:49	MonitorSpeechStart	<prosody rate="1.0">In C1 the blue lamp is in series with the circuit with the two yellow lamps, but in C2 all the lamps are connected in parallel</prosody>	6558
2024-05-25 23:30:50	ActionGesture	BrowRaise
2024-05-25 23:30:51	ActionGesture	BrowRaise
2024-05-25 23:30:52	ActionGesture	BrowRaise
2024-05-25 23:30:54	ActionGesture	BrowRaise
2024-05-25 23:30:55	ActionGesture	BrowRaise
2024-05-25 23:31:00	ActionGesture	Smile
2024-05-25 23:31:02	SenseSpeech	no no I think I think it's false	2418
2024-05-25 23:31:03	MonitorSpeechStart	<prosody rate="1.0">ok, let me put it this way In C1 the total resistance is 22.5 Ohm and in C2 it is 5 Ohm</prosody>	6507
2024-05-25 23:31:03	ActionGesture	BrowRaise
2024-05-25 23:31:09	ActionGesture	BrowRaise
2024-05-25 23:31:14	ActionGesture	Smile
2024-05-25 23:31:16	SenseSpeech	well	1610
2024-05-25 23:31:17	MonitorSpeechStart	<prosody rate="1.0">Ok, let me put it this way Since the resistance in C2 is lower, the blue lamp in C2 will shine brighter.</prosody>	6141
2024-05-25 23:31:17	ActionGesture	BrowRaise
2024-05-25 23:31:20	ActionGesture	BrowRaise
2024-05-25 23:31:23	ActionGesture	BrowRaise
2024-05-25 23:31:29	ActionGesture	Smile
2024-05-25 23:31:32	SenseSpeech	no the yellows are in parallel	3129
2024-05-25 23:31:32	FlowEvent	NEW_FLOW_STATE	QuestionCheckpoint	4		CONDITION1	QuestionCheckpoint
2024-05-25 23:31:32	MonitorSpeechStart	<prosody rate="1.0">Ah!</prosody>	388
2024-05-25 23:31:33	MonitorSpeechStart	<prosody rate="1.0">ok</prosody>	618
2024-05-25 23:31:34	ActionGesture	BrowRaise
2024-05-25 23:31:35	MonitorSpeechStart	<prosody rate="1.0">I believe it's TRUE</prosody>	1056
2024-05-25 23:31:35	ActionGesture	BrowRaise
2024-05-25 23:31:37	MonitorSpeechStart	<prosody rate="1.0">You agree?</prosody>	575
2024-05-25 23:31:37	ActionGesture	BrowRaise
2024-05-25 23:31:41	ActionGesture	Smile
2024-05-25 23:31:42	SenseSpeech	no I think it's false	1708
2024-05-25 23:31:42	FlowEvent	NEW_FLOW_STATE	QuestionPersuasion	4		CONDITION1	QuestionPersuasion
2024-05-25 23:31:42	FlowEvent	NEW_FLOW_STATE	QuestionUltimatum	4		CONDITION1	QuestionUltimatum
2024-05-25 23:31:42	MonitorSpeechStart	<prosody rate="1.0">Aha</prosody>	574
2024-05-25 23:31:43	ActionGesture	BrowRaise
2024-05-25 23:31:44	MonitorSpeechStart	<prosody rate="1.0">Mm</prosody>	208
2024-05-25 23:31:45	MonitorSpeechStart	<prosody rate="1.0">but</prosody>	445
2024-05-25 23:31:45	ActionGesture	BrowRaise
2024-05-25 23:31:47	MonitorSpeechStart	<prosody rate="1.0">I have chosen TRUE, but it's your call. TRUE or "FALSE?</prosody>	3284
2024-05-25 23:31:50	ActionGesture	BrowRaise
2024-05-25 23:31:50	ActionGesture	BrowRaise
2024-05-25 23:31:52	ActionGesture	Smile
2024-05-25 23:31:53	GUIEvent	ANSWER_MARKED	ANSWER[TRUE] [4] [4] SENT .. [ACCEPTED]	4	4	CONDITION1	QuestionUltimatum
2024-05-25 23:31:54	SenseSpeech	okay I'm Gonna Change through	2183
2024-05-25 23:31:55	MonitorSpeechStart	<prosody rate="1.0">Great</prosody>	377
2024-05-25 23:31:55	ActionGesture	BrowRaise
2024-05-25 23:31:56	MonitorSpeechStart	<prosody rate="1.0">but I've selected TRUE, but you should make the final decision. TRUE or "FALSE?</prosody>	4343
2024-05-25 23:31:57	ActionGesture	BrowRaise
2024-05-25 23:31:59	ActionGesture	BrowRaise
2024-05-25 23:32:00	ActionGesture	BrowRaise
2024-05-25 23:32:02	ActionGesture	Smile
2024-05-25 23:32:03	SenseSpeech	I selected true	1270
2024-05-25 23:32:03	FlowEvent	NEW_FLOW_STATE	QuestionConfirmation	4		CONDITION1	QuestionConfirmation
2024-05-25 23:32:03	MonitorSpeechStart	<prosody rate="1.0">Ok. I marked TRUE already. Can you mark your answer on the tablet and confim?</prosody>	4615
2024-05-25 23:32:03	ActionGesture	BrowRaise
2024-05-25 23:32:07	ActionGesture	BrowRaise
2024-05-25 23:32:07	ActionGesture	BrowRaise
2024-05-25 23:32:08	ActionGesture	BrowRaise
2024-05-25 23:32:09	GUIEvent	NEW_STAGE_REQUESTED	STAGE[5] [4] REQUESTED .. [ACCEPTED]	4	4	CONDITION1	QuestionConfirmation
2024-05-25 23:32:09	SessionEvent	ANSWER_CONFIRMED	QUESTION CONFIRMED IN GUI.	5		CONDITION1	QuestionConfirmation
2024-05-25 23:32:09	SessionEvent	QUESTION_SET	NEW QUESTION TO ACTIVATE	5		CONDITION1	QuestionConfirmation
2024-05-25 23:32:09	FlowEvent	NEW_FLOW_STATE	QuestionReflection	5		CONDITION1	QuestionReflection
2024-05-25 23:32:11	MonitorSpeechStart	<prosody rate="1.0">Got it, processing the question 5</prosody>	2173
2024-05-25 23:32:12	ActionGesture	BrowRaise
2024-05-25 23:32:14	MonitorSpeechStart	<prosody rate="1.0">Let's take a look.</prosody>	834
2024-05-25 23:32:15	ActionGesture	BrowRaise
2024-05-25 23:32:24	MonitorSpeechStart	<prosody rate="1.0">Tell me when you have answered.</prosody>	1297
2024-05-25 23:32:25	ActionGesture	BrowRaise
2024-05-25 23:32:25	ActionGesture	BrowRaise
2024-05-25 23:32:30	ActionGesture	Smile
2024-05-25 23:32:31	SenseSpeech	um	920
2024-05-25 23:32:32	MonitorSpeechStart	<prosody rate="1.0">Ok, hear this</prosody>	1205
2024-05-25 23:32:32	ActionGesture	BrowRaise
2024-05-25 23:32:32	GUIEvent	ANSWER_MARKED	ANSWER[TRUE] [5] [4] SENT .. [ACCEPTED]	5	4	CONDITION1	QuestionReflection
2024-05-25 23:32:34	MonitorSpeechStart	<prosody rate="1.0">I believe that I am ready. Are you?</prosody>	1894
2024-05-25 23:32:34	ActionGesture	BrowRaise
2024-05-25 23:32:36	ActionGesture	BrowRaise
2024-05-25 23:32:38	ActionGesture	Smile
2024-05-25 23:32:39	SenseSpeech	yes	1188
2024-05-25 23:32:39	FlowEvent	NEW_FLOW_STATE	QuestionDisclosure	5		CONDITION1	QuestionDisclosure
2024-05-25 23:32:39	MonitorSpeechStart	<prosody rate="1.0">Perfect</prosody>	513
2024-05-25 23:32:39	ActionGesture	BrowRaise
2024-05-25 23:32:40	MonitorSpeechStart	<prosody rate="1.0">I replied that it is TRUE</prosody>	1387
2024-05-25 23:32:41	ActionGesture	BrowRaise
2024-05-25 23:32:43	MonitorSpeechStart	<prosody rate="1.0">What do you think?</prosody>	726
2024-05-25 23:32:43	ActionGesture	BrowRaise
2024-05-25 23:32:46	ActionGesture	Smile
2024-05-25 23:32:48	SenseSpeech	I think it's true too	1507
2024-05-25 23:32:48	FlowEvent	NEW_FLOW_STATE	QuestionReview	5		CONDITION1	QuestionReview
2024-05-25 23:32:48	MonitorSpeechStart	<prosody rate="1.0">Good. You see it too?</prosody>	1507
2024-05-25 23:32:51	MonitorSpeechStart	<prosody rate="1.0">The yellow, blue, red and green lights are all connected in parallel.</prosody>	3693
2024-05-25 23:32:51	ActionGesture	BrowRaise
2024-05-25 23:32:52	ActionGesture	BrowRaise
2024-05-25 23:32:54	ActionGesture	BrowRaise
2024-05-25 23:32:58	ActionGesture	Smile
2024-05-25 23:33:00	SenseSpeech	yes they are	1793
2024-05-25 23:33:00	MonitorSpeechStart	<prosody rate="1.0">That's fine!</prosody>	759
2024-05-25 23:33:00	ActionGesture	BrowRaise
2024-05-25 23:33:02	MonitorSpeechStart	<prosody rate="1.0">It does not matter which side of the battery the lamp is on, so all lamps are connected in parallel and shine equally brightly.</prosody>	6170
2024-05-25 23:33:03	ActionGesture	BrowRaise
2024-05-25 23:33:03	ActionGesture	BrowRaise
2024-05-25 23:33:04	ActionGesture	BrowRaise
2024-05-25 23:33:05	ActionGesture	BrowRaise
2024-05-25 23:33:07	ActionGesture	BrowRaise
2024-05-25 23:33:08	ActionGesture	BrowRaise
2024-05-25 23:33:13	ActionGesture	Smile
2024-05-25 23:33:14	SenseSpeech	yeah	987
2024-05-25 23:33:14	FlowEvent	NEW_FLOW_STATE	QuestionCheckpoint	5		CONDITION1	QuestionCheckpoint
2024-05-25 23:33:14	MonitorSpeechStart	<prosody rate="1.0">Super</prosody>	526
2024-05-25 23:33:15	ActionGesture	BrowRaise
2024-05-25 23:33:16	MonitorSpeechStart	<prosody rate="1.0">So</prosody>	386
2024-05-25 23:33:17	MonitorSpeechStart	<prosody rate="1.0">do we agree it's TRUE?</prosody>	1157
2024-05-25 23:33:17	ActionGesture	BrowRaise
2024-05-25 23:33:22	ActionGesture	Smile
2024-05-25 23:33:23	SenseSpeech	yes we agree	1523
2024-05-25 23:33:23	FlowEvent	NEW_FLOW_STATE	QuestionReview	5		CONDITION1	QuestionReview
2024-05-25 23:33:23	FlowEvent	NEW_FLOW_STATE	QuestionConfirmation	5		CONDITION1	QuestionConfirmation
2024-05-25 23:33:24	MonitorSpeechStart	<prosody rate="1.0">That's fine!</prosody>	759
2024-05-25 23:33:24	ActionGesture	BrowRaise
2024-05-25 23:33:25	MonitorSpeechStart	<prosody rate="1.0">I haven't received the next question. Can you confirm the answer?</prosody>	3345
2024-05-25 23:33:28	ActionGesture	BrowRaise
2024-05-25 23:33:28	ActionGesture	BrowRaise
2024-05-25 23:33:30	ActionGesture	Smile
2024-05-25 23:33:30	GUIEvent	NEW_STAGE_REQUESTED	STAGE[6] [4] REQUESTED .. [ACCEPTED]	5	4	CONDITION1	QuestionConfirmation
2024-05-25 23:33:30	SessionEvent	ANSWER_CONFIRMED	QUESTION CONFIRMED IN GUI.	6		CONDITION1	QuestionConfirmation
2024-05-25 23:33:30	SessionEvent	QUESTION_SET	NEW QUESTION TO ACTIVATE	6		CONDITION1	QuestionConfirmation
2024-05-25 23:33:30	FlowEvent	NEW_FLOW_STATE	QuestionReflection	6		CONDITION1	QuestionReflection
2024-05-25 23:33:31	MonitorSpeechStart	<prosody rate="1.0">I'm on it, loading question 6</prosody>	1910
2024-05-25 23:33:32	ActionGesture	BrowRaise
2024-05-25 23:33:35	MonitorSpeechStart	<prosody rate="1.0">Let's think.</prosody>	665
2024-05-25 23:33:35	ActionGesture	BrowRaise
2024-05-25 23:33:43	GUIEvent	ANSWER_MARKED	ANSWER[FALSE] [6] [4] SENT .. [ACCEPTED]	6	4	CONDITION1	QuestionReflection
2024-05-25 23:33:44	MonitorSpeechStart	<prosody rate="1.0">I have chosen. Have you?</prosody>	1726
2024-05-25 23:33:45	ActionGesture	BrowRaise
2024-05-25 23:33:47	ActionGesture	Smile
2024-05-25 23:33:48	SenseSpeech	yes	1000
2024-05-25 23:33:48	FlowEvent	NEW_FLOW_STATE	QuestionDisclosure	6		CONDITION1	QuestionDisclosure
2024-05-25 23:33:48	MonitorSpeechStart	<prosody rate="1.0">Good</prosody>	391
2024-05-25 23:33:49	MonitorSpeechStart	<prosody rate="1.0">It is FALSE. What did you answer?</prosody>	1985
2024-05-25 23:33:51	ActionGesture	BrowRaise
2024-05-25 23:33:53	ActionGesture	Smile
2024-05-25 23:33:54	SenseSpeech	I answer false	1471
2024-05-25 23:33:55	FlowEvent	NEW_FLOW_STATE	QuestionReview	6		CONDITION1	QuestionReview
2024-05-25 23:33:55	MonitorSpeechStart	<prosody rate="1.0">Did you agree?</prosody>	741
2024-05-25 23:33:55	ActionGesture	BrowRaise
2024-05-25 23:33:57	MonitorSpeechStart	<prosody rate="1.0">I thought it's almost the same circuit as in one of the first questions, only that the blue lamp in C2 is differently placed.</prosody>	6114
2024-05-25 23:33:57	ActionGesture	BrowRaise
2024-05-25 23:33:59	ActionGesture	BrowRaise
2024-05-25 23:34:03	ActionGesture	BrowRaise
2024-05-25 23:34:07	ActionGesture	Smile
2024-05-25 23:34:10	SenseSpeech	yes I think it's you're okay	3405
2024-05-25 23:34:10	MonitorSpeechStart	<prosody rate="1.0">Good. You see it too?</prosody>	1507
2024-05-25 23:34:13	MonitorSpeechStart	<prosody rate="1.0">The blue lights shine just as brightly because the other lights are shorted.</prosody>	3274
2024-05-25 23:34:13	ActionGesture	BrowRaise
2024-05-25 23:34:13	ActionGesture	BrowRaise
2024-05-25 23:34:16	ActionGesture	BrowRaise
2024-05-25 23:34:20	ActionGesture	Smile
2024-05-25 23:34:21	SenseSpeech	yeah you may be right	1656
2024-05-25 23:34:21	FlowEvent	NEW_FLOW_STATE	QuestionCheckpoint	6		CONDITION1	QuestionCheckpoint
2024-05-25 23:34:22	MonitorSpeechStart	<prosody rate="1.0">Nice</prosody>	438
2024-05-25 23:34:22	ActionGesture	BrowRaise
2024-05-25 23:34:23	MonitorSpeechStart	<prosody rate="1.0">It's FALSE</prosody>	694
2024-05-25 23:34:23	ActionGesture	BrowRaise
2024-05-25 23:34:24	MonitorSpeechStart	<prosody rate="1.0">Shall we go for it?</prosody>	1070
2024-05-25 23:34:25	ActionGesture	BrowRaise
2024-05-25 23:34:27	ActionGesture	Smile
2024-05-25 23:34:28	SenseSpeech	let's go for false	1540
2024-05-25 23:34:28	FlowEvent	NEW_FLOW_STATE	QuestionReview	6		CONDITION1	QuestionReview
2024-05-25 23:34:28	FlowEvent	NEW_FLOW_STATE	QuestionConfirmation	6		CONDITION1	QuestionConfirmation
2024-05-25 23:34:29	MonitorSpeechStart	<prosody rate="1.0">Perfect</prosody>	513
2024-05-25 23:34:29	ActionGesture	BrowRaise
2024-05-25 23:34:30	MonitorSpeechStart	<prosody rate="1.0">Ok. I marked FALSE already. Can you mark your answer on the tablet and confim?</prosody>	4674
2024-05-25 23:34:30	ActionGesture	BrowRaise
2024-05-25 23:34:33	ActionGesture	BrowRaise
2024-05-25 23:34:34	ActionGesture	BrowRaise
2024-05-25 23:34:34	ActionGesture	BrowRaise
2024-05-25 23:34:39	GUIEvent	NEW_STAGE_REQUESTED	STAGE[7] [4] REQUESTED .. [ACCEPTED]	6	4	CONDITION1	QuestionConfirmation
2024-05-25 23:34:39	SessionEvent	ANSWER_CONFIRMED	QUESTION CONFIRMED IN GUI.	7		CONDITION1	QuestionConfirmation
2024-05-25 23:34:39	SessionEvent	QUESTION_SET	NEW QUESTION TO ACTIVATE	7		CONDITION1	QuestionConfirmation
2024-05-25 23:34:39	FlowEvent	NEW_FLOW_STATE	QuestionReflection	7		CONDITION1	QuestionReflection
2024-05-25 23:34:40	MonitorSpeechStart	<prosody rate="1.0">Hold on, I'm fetching the question to 7.</prosody>	2491
2024-05-25 23:34:40	ActionGesture	BrowRaise
2024-05-25 23:34:42	ActionGesture	BrowRaise
2024-05-25 23:34:51	MonitorSpeechStart	<prosody rate="1.0">Shall we start discussing?</prosody>	1481
2024-05-25 23:34:52	ActionGesture	BrowRaise
2024-05-25 23:34:55	ActionGesture	Smile
2024-05-25 23:34:58	SenseSpeech	uh yes uh no	2133
2024-05-25 23:34:58	MonitorSpeechStart	<prosody rate="1.0">No?</prosody>	353
2024-05-25 23:35:00	MonitorSpeechStart	<prosody rate="1.0">Are you ready?</prosody>	584
2024-05-25 23:35:00	ActionGesture	BrowRaise
2024-05-25 23:35:02	ActionGesture	Smile
2024-05-25 23:35:03	SenseSpeech	not yet	1000
2024-05-25 23:35:04	MonitorSpeechStart	<prosody rate="1.0">By all means</prosody>	786
2024-05-25 23:35:04	ActionGesture	BrowRaise
2024-05-25 23:35:06	MonitorSpeechStart	<prosody rate="1.0">I'll be here</prosody>	689
2024-05-25 23:35:12	GUIEvent	ANSWER_MARKED	ANSWER[FALSE] [7] [4] SENT .. [ACCEPTED]	7	4	CONDITION1	QuestionReflection
2024-05-25 23:35:12	ActionGesture	Smile
2024-05-25 23:35:14	SenseSpeech	okay I got it	1301
2024-05-25 23:35:14	MonitorSpeechStart	<prosody rate="1.0">Ok</prosody>	618
2024-05-25 23:35:14	ActionGesture	BrowRaise
2024-05-25 23:35:15	MonitorSpeechStart	<prosody rate="1.0">Have you answered already?</prosody>	1137
2024-05-25 23:35:16	ActionGesture	BrowRaise
2024-05-25 23:35:16	ActionGesture	BrowRaise
2024-05-25 23:35:18	ActionGesture	Smile
2024-05-25 23:35:18	SenseSpeech	yes	809
2024-05-25 23:35:18	FlowEvent	NEW_FLOW_STATE	QuestionDisclosure	7		CONDITION1	QuestionDisclosure
2024-05-25 23:35:19	MonitorSpeechStart	<prosody rate="1.0">Super</prosody>	526
2024-05-25 23:35:19	ActionGesture	BrowRaise
2024-05-25 23:35:20	MonitorSpeechStart	<prosody rate="1.0">I replied that it is FALSE</prosody>	1485
2024-05-25 23:35:21	ActionGesture	BrowRaise
2024-05-25 23:35:22	MonitorSpeechStart	<prosody rate="1.0">What do you think?</prosody>	726
2024-05-25 23:35:22	ActionGesture	BrowRaise
2024-05-25 23:35:25	ActionGesture	Smile
2024-05-25 23:35:26	SenseSpeech	uh we agree	1265
2024-05-25 23:35:26	FlowEvent	NEW_FLOW_STATE	QuestionReview	7		CONDITION1	QuestionReview
2024-05-25 23:35:27	MonitorSpeechStart	<prosody rate="1.0">That's fine!</prosody>	759
2024-05-25 23:35:27	ActionGesture	BrowRaise
2024-05-25 23:35:29	MonitorSpeechStart	<prosody rate="1.0">We calculate the equivalent resistance as an inverted sum, since the yellow and red lights are connected in parallel.</prosody>	5793
2024-05-25 23:35:31	ActionGesture	BrowRaise
2024-05-25 23:35:31	ActionGesture	BrowRaise
2024-05-25 23:35:33	ActionGesture	BrowRaise
2024-05-25 23:35:33	ActionGesture	BrowRaise
2024-05-25 23:35:34	ActionGesture	BrowRaise
2024-05-25 23:35:37	ActionGesture	Smile
2024-05-25 23:35:39	SenseSpeech	can you repeat that	1613
