2024-05-18 14:34:08	Autoreload is disabled because the development mode is off.
2024-05-18 14:34:09	Application started in 0.596 seconds.
2024-05-18 14:34:09	Responding at http://127.0.0.1:8888
2024-05-18 14:34:11	----------------- NEW EXECUTION-------------------
2024-05-18 14:34:11	ActionGesture	CloseEyes
2024-05-18 14:34:13	GUIEvent	GUI_RELOADED	GUI_RELOADED [ACCEPTED]	0.0	UNDEFINED	UNDEFINED	Init
2024-05-18 14:34:13	GUIEvent	SYNCH_REQUESTED	SYNCH REQUESTED .. [ACCEPTED]	0.0	UNDEFINED	UNDEFINED	Init
2024-05-18 14:34:15	GUIEvent	NEW_STAGE_REQUESTED	STAGE[0.2] [4] REQUESTED .. [ACCEPTED]	0.0	UNDEFINED	UNDEFINED	Init
2024-05-18 14:34:15	SessionEvent	USER_SET	USER TO ACTIVATE.	0.2	4	UNDEFINED	Init
2024-05-18 14:34:15	ActionGesture	OpenEyes
2024-05-18 14:34:15	ActionGesture	Smile
2024-05-18 14:34:16	MonitorSpeechStart	Hi there	477
2024-05-18 14:34:16	ActionGesture	BrowRaise
2024-05-18 14:34:17	ActionGesture	BigSmile
2024-05-18 14:34:17	MonitorSpeechStart	Nice to meet you.	824
2024-05-18 14:34:17	ActionGesture	BrowRaise
2024-05-18 14:34:19	MonitorSpeechStart	How you doing?	741
2024-05-18 14:34:19	ActionGesture	BrowRaise
2024-05-18 14:34:24	ActionGesture	Smile
2024-05-18 14:34:25	SenseSpeech	yeah	1095
2024-05-18 14:34:25	MonitorSpeechStart	Ok	618
2024-05-18 14:34:26	ActionGesture	BrowRaise
2024-05-18 14:34:27	MonitorSpeechStart	I suppose they told you what we are here for a little bit	2441
2024-05-18 14:34:28	ActionGesture	BrowRaise
2024-05-18 14:34:29	ActionGesture	BrowRaise
2024-05-18 14:34:30	MonitorSpeechStart	Right?	438
2024-05-18 14:34:30	ActionGesture	BrowRaise
2024-05-18 14:34:33	GUIEvent	NEW_STAGE_REQUESTED	STAGE[1] [4] REQUESTED .. [ACCEPTED]	0.2	4	CONDITION1	Init
2024-05-18 14:34:33	SessionEvent	QUESTION_SET	NEW QUESTION TO ACTIVATE	1		CONDITION1	Init
2024-05-18 14:34:34	MonitorSpeechStart	Ok #QNUM#. Let's see	2658
2024-05-18 14:34:35	ActionGesture	BrowRaise
2024-05-18 14:34:36	ActionGesture	BrowRaise
2024-05-18 14:34:42	MonitorSpeechStart	Ok let me know when you marked the answer	2040
2024-05-18 14:34:43	ActionGesture	BrowRaise
2024-05-18 14:34:48	ActionGesture	Smile
2024-05-18 14:34:49	SenseSpeech	um	1121
2024-05-18 14:34:50	MonitorSpeechStart	BACKCHANNEL	666
2024-05-18 14:34:50	ActionGesture	BrowRaise
2024-05-18 14:34:50	MonitorSpeechStart	We need to register our preliminary response.	2243
2024-05-18 14:34:52	ActionGesture	BrowRaise
2024-05-18 14:34:57	GUIEvent	ANSWER_MARKED	ANSWER[TRUE] [1] [4] SENT .. [ACCEPTED]	1	4	CONDITION1	Init
2024-05-18 14:34:58	MonitorSpeechStart	SILENCE	639
2024-05-18 14:34:58	ActionGesture	BrowRaise
2024-05-18 14:34:59	MonitorSpeechStart	We need to select whether we believe it to be true or false. DId you?	3651
2024-05-18 14:35:01	ActionGesture	BrowRaise
2024-05-18 14:35:04	ActionGesture	Smile
2024-05-18 14:35:05	SenseSpeech	yes	987
2024-05-18 14:35:05	MonitorSpeechStart	ASSENT	577
2024-05-18 14:35:05	ActionGesture	BrowRaise
2024-05-18 14:35:06	MonitorSpeechStart	I replied that it is true. What did you answer?	2636
2024-05-18 14:35:08	ActionGesture	BrowRaise
2024-05-18 14:35:11	ActionGesture	Smile
2024-05-18 14:35:13	SenseSpeech	I replied true	1787
2024-05-18 14:35:13	MonitorSpeechStart	Review!	524
2024-05-18 14:35:14	MonitorSpeechStart	FRIENDLY CLAIM 1 (Part1) NEUTRAL FOR Q1	3580
2024-05-18 14:35:17	ActionGesture	BrowRaise
2024-05-18 14:35:21	ActionGesture	Smile
2024-05-18 14:35:22	SenseSpeech	okay	1076
2024-05-18 14:35:24	MonitorSpeechStart	FRIENDLY CLAIM 2 (Part1) NEUTRAL FOR Q1	3398
2024-05-18 14:35:27	ActionGesture	BrowRaise
2024-05-18 14:35:31	ActionGesture	Smile
2024-05-18 14:35:34	SenseSpeech	okay yeah I agree with that	2323
2024-05-18 14:35:34	MonitorSpeechStart	FRIENDLY CLAIM 3 NEUTRAL FOR Q1	2209
2024-05-18 14:35:35	ActionGesture	BrowRaise
2024-05-18 14:35:36	ActionGesture	BrowRaise
2024-05-18 14:35:43	MonitorSpeechStart	FRIENDLY CLAIM 4 NEUTRAL FOR Q1	2254
2024-05-18 14:35:43	ActionGesture	BrowRaise
2024-05-18 14:35:44	ActionGesture	BrowRaise
2024-05-18 14:35:48	ActionGesture	Smile
2024-05-18 14:35:50	SenseSpeech	right friendly claim Foria	2343
2024-05-18 14:35:50	MonitorSpeechStart	ELABORATION_REQUEST 1 FOR ALL Q	2721
2024-05-18 14:35:50	ActionGesture	BrowRaise
2024-05-18 14:35:51	ActionGesture	BrowRaise
2024-05-18 14:35:52	ActionGesture	BrowRaise
2024-05-18 14:35:58	MonitorSpeechStart	Checkpoint!	648
2024-05-18 14:35:59	ActionGesture	BrowRaise
2024-05-18 14:35:59	MonitorSpeechStart	we agree with #ROBOT_ANSWER# as we discussed?	3387
2024-05-18 14:36:00	ActionGesture	BrowRaise
2024-05-18 14:36:02	ActionGesture	BrowRaise
2024-05-18 14:36:06	ActionGesture	Smile
2024-05-18 14:36:07	SenseSpeech	uh yes	1314
2024-05-18 14:36:07	MonitorSpeechStart	Review!	524
2024-05-18 14:54:53	Autoreload is disabled because the development mode is off.
2024-05-18 14:54:54	Application started in 1.184 seconds.
2024-05-18 14:54:54	Responding at http://127.0.0.1:8888
2024-05-18 14:55:02	----------------- NEW EXECUTION-------------------
2024-05-18 14:55:02	GUIEvent	GUI_RELOADED	GUI_RELOADED [ACCEPTED]	0.0	UNDEFINED	UNDEFINED	Init
2024-05-18 14:55:02	ActionGesture	CloseEyes
2024-05-18 14:55:02	GUIEvent	SYNCH_REQUESTED	SYNCH REQUESTED .. [ACCEPTED]	0.0	UNDEFINED	UNDEFINED	Init
2024-05-18 14:55:05	GUIEvent	NEW_STAGE_REQUESTED	STAGE[0.2] [2] REQUESTED .. [ACCEPTED]	0.0	UNDEFINED	UNDEFINED	Init
2024-05-18 14:55:05	SessionEvent	USER_SET	USER TO ACTIVATE.	0.2	2	UNDEFINED	Init
2024-05-18 14:55:05	ActionGesture	OpenEyes
2024-05-18 14:55:05	ActionGesture	Smile
2024-05-18 14:55:05	MonitorSpeechStart	Hi there	477
2024-05-18 14:55:05	ActionGesture	BrowRaise
2024-05-18 14:55:07	ActionGesture	BigSmile
2024-05-18 14:55:07	MonitorSpeechStart	Nice to meet you.	824
2024-05-18 14:55:07	ActionGesture	BrowRaise
2024-05-18 14:55:09	MonitorSpeechStart	How you doing?	741
2024-05-18 14:55:09	ActionGesture	BrowRaise
2024-05-18 14:55:14	GUIEvent	NEW_STAGE_REQUESTED	STAGE[1] [2] REQUESTED .. [ACCEPTED]	0.2	2	CONDITION1	Init
2024-05-18 14:55:14	SessionEvent	QUESTION_SET	NEW QUESTION TO ACTIVATE	1		CONDITION1	Init
2024-05-18 14:55:14	MonitorSpeechStart	Ok #QNUM#. Let's see	2658
2024-05-18 14:55:15	ActionGesture	BrowRaise
2024-05-18 14:55:16	ActionGesture	BrowRaise
2024-05-18 14:55:22	GUIEvent	ANSWER_MARKED	ANSWER[TRUE] [1] [2] SENT .. [ACCEPTED]	1	2	CONDITION1	Init
2024-05-18 14:55:22	MonitorSpeechStart	Ok let me know when you marked the answer	2040
2024-05-18 14:55:24	ActionGesture	BrowRaise
2024-05-18 14:55:26	ActionGesture	Smile
2024-05-18 14:55:28	SenseSpeech	I marked the answer	1739
2024-05-18 14:55:28	MonitorSpeechStart	ANSWER_MARKED	1389
2024-05-18 14:55:28	ActionGesture	BrowRaise
2024-05-18 14:55:29	ActionGesture	BrowRaise
2024-05-18 14:55:30	MonitorSpeechStart	I replied that it is true. What did you answer?	2636
2024-05-18 14:55:32	ActionGesture	BrowRaise
2024-05-18 14:55:34	ActionGesture	Smile
2024-05-18 14:55:37	SenseSpeech	um	2787
2024-05-18 14:55:37	MonitorSpeechStart	Review!	524
2024-05-18 14:56:46	MonitorSpeechStart	FRIENDLY CLAIM 1 (Part1) NEUTRAL FOR Q1	3580
2024-05-18 14:56:49	ActionGesture	BrowRaise
