2024-05-26 21:00:01	ActionGesture	Smile
2024-05-26 21:00:02	SenseSpeech	all right bye	1416
2024-05-26 21:01:35	Autoreload is disabled because the development mode is off.
2024-05-26 21:01:36	Application started in 0.691 seconds.
2024-05-26 21:01:36	Responding at http://127.0.0.1:8888
2024-05-26 21:01:38	----------------- NEW EXECUTION-------------------
2024-05-26 21:01:38	FlowEvent	NEW_FLOW_STATE	Sleep	0.0		UNDEFINED	Sleep
2024-05-26 21:01:38	ActionGesture	CloseEyes
2024-05-26 21:01:38	ActionGesture	CloseEyes
2024-05-26 21:02:50	Autoreload is disabled because the development mode is off.
2024-05-26 21:02:50	Application started in 0.603 seconds.
2024-05-26 21:02:51	Responding at http://127.0.0.1:8888
2024-05-26 21:02:52	----------------- NEW EXECUTION-------------------
2024-05-26 21:02:52	FlowEvent	NEW_FLOW_STATE	Sleep	0.0		UNDEFINED	Sleep
2024-05-26 21:02:52	ActionGesture	CloseEyes
2024-05-26 21:02:52	ActionGesture	CloseEyes
2024-05-26 21:02:55	GUIEvent	GUI_RELOADED	GUI_RELOADED [ACCEPTED]	0.0	UNDEFINED	UNDEFINED	Sleep
2024-05-26 21:02:56	GUIEvent	NEW_STAGE_REQUESTED	STAGE[0.2] [4] REQUESTED .. [ACCEPTED]	0.0	UNDEFINED	UNDEFINED	Sleep
2024-05-26 21:02:56	SessionEvent	USER_SET	USER TO ACTIVATE.	0.2	4	UNDEFINED	Sleep
2024-05-26 21:02:56	FlowEvent	NEW_FLOW_STATE	Farewell	0.2		CONDITION1	Farewell
2024-05-26 21:02:56	ActionGesture	Smile
2024-05-26 21:02:57	MonitorSpeechStart	<prosody rate="1.0">Oh, we don't have more questions</prosody>	1890
2024-05-26 21:02:59	ActionGesture	BrowRaise
2024-05-26 21:03:00	MonitorSpeechStart	<prosody rate="1.0">It's has been interesting for me, I hope for you too</prosody>	2634
2024-05-26 21:03:02	ActionGesture	BrowRaise
2024-05-26 21:03:02	ActionGesture	BrowRaise
2024-05-26 21:03:07	ActionGesture	Smile
2024-05-26 21:03:08	SenseSpeech	yes	1217
2024-05-26 21:03:17	MonitorSpeechStart	<prosody rate="1.0">That's great. It's been great to work with you</prosody>	2415
2024-05-26 21:03:19	ActionGesture	BrowRaise
2024-05-26 21:03:20	MonitorSpeechStart	<prosody rate="1.0">Have a lovely rest of the day!</prosody>	1405
2024-05-26 21:03:21	ActionGesture	BrowRaise
2024-05-26 21:03:29	FlowEvent	NEW_FLOW_STATE	Sleep	0.2		CONDITION1	Sleep
2024-05-26 21:03:29	SenseSpeech	okay bye	1214
2024-05-26 21:03:29	ActionGesture	Smile
2024-05-26 21:03:29	ActionGesture	CloseEyes
2024-05-26 21:04:29	Autoreload is disabled because the development mode is off.
2024-05-26 21:04:29	Application started in 0.569 seconds.
2024-05-26 21:04:30	Responding at http://127.0.0.1:8888
2024-05-26 21:04:32	----------------- NEW EXECUTION-------------------
2024-05-26 21:04:32	FlowEvent	NEW_FLOW_STATE	Sleep	0.0		UNDEFINED	Sleep
2024-05-26 21:04:32	ActionGesture	CloseEyes
2024-05-26 21:04:32	ActionGesture	CloseEyes
2024-05-26 21:04:32	GUIEvent	GUI_RELOADED	GUI_RELOADED [ACCEPTED]	0.0	UNDEFINED	UNDEFINED	Sleep
2024-05-26 21:04:34	GUIEvent	NEW_STAGE_REQUESTED	STAGE[0.2] [3] REQUESTED .. [ACCEPTED]	0.0	UNDEFINED	UNDEFINED	Sleep
2024-05-26 21:04:34	SessionEvent	USER_SET	USER TO ACTIVATE.	0.2	3	UNDEFINED	Sleep
2024-05-26 21:04:34	FlowEvent	NEW_FLOW_STATE	Farewell	0.2		CONDITION1	Farewell
2024-05-26 21:04:34	ActionGesture	OpenEyes
2024-05-26 21:04:34	ActionGesture	Smile
2024-05-26 21:04:34	MonitorSpeechStart	<prosody rate="1.0">Oh, we don't have more questions</prosody>	1890
2024-05-26 21:04:36	ActionGesture	BrowRaise
2024-05-26 21:04:37	MonitorSpeechStart	<prosody rate="1.0">It's has been interesting for me, I hope for you too</prosody>	2634
2024-05-26 21:04:39	ActionGesture	BrowRaise
2024-05-26 21:04:39	ActionGesture	BrowRaise
2024-05-26 21:04:42	ActionGesture	Smile
2024-05-26 21:04:43	SenseSpeech	yeah	981
2024-05-26 21:04:44	MonitorSpeechStart	<prosody rate="1.0">That's great. It's been great to work with you</prosody>	2415
2024-05-26 21:04:45	ActionGesture	BrowRaise
2024-05-26 21:04:47	MonitorSpeechStart	<prosody rate="1.0">Have a lovely rest of the day!</prosody>	1405
2024-05-26 21:04:48	ActionGesture	BrowRaise
2024-05-26 21:04:51	FlowEvent	NEW_FLOW_STATE	Sleep	0.2		CONDITION1	Sleep
2024-05-26 21:04:51	ActionGesture	CloseEyes
2024-05-26 21:52:38	Autoreload is disabled because the development mode is off.
2024-05-26 21:52:39	Application started in 0.585 seconds.
2024-05-26 21:52:39	Responding at http://127.0.0.1:8888
2024-05-26 21:52:40	----------------- NEW EXECUTION-------------------
2024-05-26 21:52:40	FlowEvent	NEW_FLOW_STATE	Sleep	0.0		UNDEFINED	Sleep
2024-05-26 21:52:40	ActionGesture	CloseEyes
2024-05-26 21:52:40	ActionGesture	CloseEyes
2024-05-26 21:52:48	GUIEvent	GUI_RELOADED	GUI_RELOADED [ACCEPTED]	0.0	UNDEFINED	UNDEFINED	Sleep
2024-05-26 21:52:53	GUIEvent	NEW_STAGE_REQUESTED	STAGE[0.2] [44] REQUESTED .. [ACCEPTED]	0.0	UNDEFINED	UNDEFINED	Sleep
2024-05-26 21:52:53	SessionEvent	USER_SET	USER TO ACTIVATE.	0.2	44	UNDEFINED	Sleep
2024-05-26 21:52:53	FlowEvent	NEW_FLOW_STATE	Farewell	0.2		CONDITION3	Farewell
2024-05-26 21:52:53	ActionGesture	Smile
2024-05-26 21:52:54	MonitorSpeechStart	<prosody rate="1.0">Oh, we don't have more questions</prosody>	1890
2024-05-26 21:52:56	ActionGesture	BrowRaise
2024-05-26 21:52:57	MonitorSpeechStart	<prosody rate="1.0">It's has been interesting for me, I hope for you too</prosody>	2634
2024-05-26 21:52:59	ActionGesture	BrowRaise
2024-05-26 21:52:59	ActionGesture	BrowRaise
2024-05-26 21:53:09	MonitorSpeechStart	<prosody rate="1.0">That's great. It's been great to work with you</prosody>	2415
2024-05-26 21:53:11	ActionGesture	BrowRaise
2024-05-26 21:54:20	Autoreload is disabled because the development mode is off.
2024-05-26 21:54:20	Application started in 0.622 seconds.
2024-05-26 21:54:20	Responding at http://127.0.0.1:8888
2024-05-26 21:54:22	----------------- NEW EXECUTION-------------------
2024-05-26 21:54:22	FlowEvent	NEW_FLOW_STATE	Sleep	0.0		UNDEFINED	Sleep
2024-05-26 21:54:22	ActionGesture	CloseEyes
2024-05-26 21:54:22	ActionGesture	CloseEyes
2024-05-26 21:54:30	GUIEvent	GUI_RELOADED	GUI_RELOADED [ACCEPTED]	0.0	UNDEFINED	UNDEFINED	Sleep
2024-05-26 21:54:32	GUIEvent	NEW_STAGE_REQUESTED	STAGE[0.2] [36] REQUESTED .. [ACCEPTED]	0.0	UNDEFINED	UNDEFINED	Sleep
2024-05-26 21:54:32	SessionEvent	USER_SET	USER TO ACTIVATE.	0.2	36	UNDEFINED	Sleep
2024-05-26 21:54:32	FlowEvent	NEW_FLOW_STATE	Farewell	0.2		CONDITION2	Farewell
2024-05-26 21:54:32	ActionGesture	Smile
2024-05-26 21:54:33	MonitorSpeechStart	<prosody rate="1.0">Oh, we don't have more questions</prosody>	1890
2024-05-26 21:54:35	ActionGesture	BrowRaise
2024-05-26 21:54:36	MonitorSpeechStart	<prosody rate="1.0">It's has been interesting for me, I hope for you too</prosody>	2634
2024-05-26 21:55:00	Autoreload is disabled because the development mode is off.
2024-05-26 21:55:00	Application started in 0.571 seconds.
2024-05-26 21:55:01	Responding at http://127.0.0.1:8888
2024-05-26 21:55:02	----------------- NEW EXECUTION-------------------
2024-05-26 21:55:02	FlowEvent	NEW_FLOW_STATE	Sleep	0.0		UNDEFINED	Sleep
2024-05-26 21:55:03	ActionGesture	CloseEyes
2024-05-26 21:55:03	ActionGesture	CloseEyes
2024-05-26 21:55:12	GUIEvent	GUI_RELOADED	GUI_RELOADED [ACCEPTED]	0.0	UNDEFINED	UNDEFINED	Sleep
2024-05-26 21:55:14	GUIEvent	NEW_STAGE_REQUESTED	STAGE[0.2] [47] REQUESTED .. [ACCEPTED]	0.0	UNDEFINED	UNDEFINED	Sleep
2024-05-26 21:55:14	SessionEvent	USER_SET	USER TO ACTIVATE.	0.2	47	UNDEFINED	Sleep
2024-05-26 21:55:14	FlowEvent	NEW_FLOW_STATE	Welcome	0.2		CONDITION3	Welcome
2024-05-26 21:55:14	ActionGesture	OpenEyes
2024-05-26 21:55:14	ActionGesture	Smile
2024-05-26 21:55:16	MonitorSpeechStart	<prosody rate="1.0">Hej</prosody>	347
2024-05-26 21:55:16	ActionGesture	BrowRaise
2024-05-26 21:55:18	MonitorSpeechStart	<prosody rate="1.0">Trevligt att träffas</prosody>	1126
2024-05-26 21:55:19	ActionGesture	BrowRaise
2024-05-26 21:55:20	MonitorSpeechStart	<prosody rate="1.0">Hur är läget?</prosody>	738
2024-05-26 21:55:21	ActionGesture	BrowRaise
2024-05-26 21:55:28	GUIEvent	NEW_STAGE_REQUESTED	STAGE[1] [47] REQUESTED .. [ACCEPTED]	0.2	47	CONDITION3	Welcome
2024-05-26 21:55:28	SessionEvent	QUESTION_SET	NEW QUESTION TO ACTIVATE	1		CONDITION3	Welcome
2024-05-26 21:55:28	FlowEvent	NEW_FLOW_STATE	QuestionReflection	1		CONDITION3	QuestionReflection
2024-05-26 21:55:29	MonitorSpeechStart	<prosody rate="1.0">Ok</prosody>	618
2024-05-26 21:55:29	ActionGesture	BrowRaise
2024-05-26 21:55:30	MonitorSpeechStart	<prosody rate="1.0">I think I am getting the question 1</prosody>	1802
2024-05-26 21:55:31	ActionGesture	BrowRaise
2024-05-26 21:55:32	ActionGesture	BrowRaise
2024-05-26 21:55:33	MonitorSpeechStart	<prosody rate="1.0">Let's see</prosody>	658
2024-05-26 21:55:33	ActionGesture	BrowRaise
2024-05-26 21:55:42	MonitorSpeechStart	<prosody rate="1.0">Have you answered?</prosody>	752
2024-05-26 21:55:42	GUIEvent	ANSWER_MARKED	ANSWER[TRUE] [1] [47] SENT .. [ACCEPTED]	1	47	CONDITION3	QuestionReflection
2024-05-26 21:55:43	ActionGesture	BrowRaise
2024-05-26 21:55:45	ActionGesture	Smile
2024-05-26 21:55:47	SenseSpeech	yes	1650
2024-05-26 21:55:47	FlowEvent	NEW_FLOW_STATE	QuestionDisclosure	1		CONDITION3	QuestionDisclosure
2024-05-26 21:55:47	ActionGesture	SubtleNod
2024-05-26 21:55:47	MonitorSpeechStart	<prosody rate="1.1">Good <mark name="action"/></prosody>	364
2024-05-26 21:55:47	ActionGesture	EyesOpenBrowUpNod
2024-05-26 21:55:48	MonitorSpeechStart	<prosody rate="1.1">I'm convinced that it's TRUE <mark name="action"/></prosody>	1246
2024-05-26 21:55:49	ActionGesture	BrowRaise
2024-05-26 21:55:49	ActionGesture	EyesOpenBrowUpNod
2024-05-26 21:55:50	MonitorSpeechStart	<prosody rate="1.1">What do you think?</prosody>	677
2024-05-26 21:55:50	ActionGesture	BrowRaise
2024-05-26 21:55:55	ActionGesture	Smile
2024-05-26 21:55:58	SenseSpeech	I am searching too	2222
2024-05-26 21:55:58	FlowEvent	NEW_FLOW_STATE	QuestionReview	1		CONDITION3	QuestionReview
2024-05-26 21:55:58	ActionGesture	SubtleNod
2024-05-26 21:55:58	MonitorSpeechStart	<prosody rate="1.1">I understand, but <mark name="action"/></prosody>	1156
2024-05-26 21:55:59	ActionGesture	BrowRaise
2024-05-26 21:55:59	ActionGesture	BrowRaise
2024-05-26 21:56:00	ActionGesture	EyesOpenBrowUpNod
2024-05-26 21:56:01	MonitorSpeechStart	<prosody rate="1.1">It is obvious, since the resistance increases with more lamps while the voltage is constant.</prosody>	4424
2024-05-26 21:56:01	ActionGesture	BrowRaise
2024-05-26 21:56:04	ActionGesture	BrowRaise
2024-05-26 21:56:05	ActionGesture	BrowRaise
2024-05-26 21:56:08	ActionGesture	Smile
2024-05-26 21:56:09	SenseSpeech	yeah	994
2024-05-26 21:56:09	ActionGesture	SubtleNod
2024-05-26 21:56:09	MonitorSpeechStart	<prosody rate="1.1">Good. You see it too? <mark name="action"/></prosody>	1400
2024-05-26 21:56:11	ActionGesture	EyesOpenBrowUpNod
2024-05-26 21:56:12	MonitorSpeechStart	<prosody rate="1.1">Enligt Ohms lag blir strömmen lägre om resistansen ökar när spänningen hålls konstant, så då kommer lamporna absolut att lysa svagare.</prosody>	7030
2024-05-26 21:56:13	ActionGesture	BrowRaise
2024-05-26 21:56:15	ActionGesture	BrowRaise
2024-05-26 21:56:18	ActionGesture	BrowRaise
2024-05-26 21:56:18	ActionGesture	BrowRaise
2024-05-26 21:56:19	ActionGesture	BrowRaise
2024-05-26 21:56:22	ActionGesture	Smile
2024-05-26 21:56:24	SenseSpeech	I have no idea what you said	1922
2024-05-26 21:56:24	FlowEvent	NEW_FLOW_STATE	QuestionCheckpoint	1		CONDITION3	QuestionCheckpoint
2024-05-26 21:56:24	ActionGesture	SubtleNod
2024-05-26 21:56:25	MonitorSpeechStart	<prosody rate="1.1">Nice <mark name="action"/></prosody>	397
2024-05-26 21:56:25	ActionGesture	BrowRaise
2024-05-26 21:56:25	ActionGesture	EyesOpenBrowUpNod
2024-05-26 21:56:27	MonitorSpeechStart	<prosody rate="1.1">So <mark name="action"/></prosody>	346
2024-05-26 21:56:27	ActionGesture	EyesOpenBrowUpNod
2024-05-26 21:56:28	MonitorSpeechStart	<prosody rate="1.1">I'm completely sure <mark name="action"/></prosody>	1003
2024-05-26 21:56:28	ActionGesture	BrowRaise
2024-05-26 21:56:29	ActionGesture	EyesOpenBrowUpNod
2024-05-26 21:56:31	MonitorSpeechStart	<prosody rate="1.1">do we agree it's TRUE?</prosody>	1071
2024-05-26 21:56:31	ActionGesture	BrowRaise
2024-05-26 21:56:35	ActionGesture	Smile
2024-05-26 21:56:37	SenseSpeech	I think so	1163
2024-05-26 21:56:37	FlowEvent	NEW_FLOW_STATE	QuestionReview	1		CONDITION3	QuestionReview
2024-05-26 21:56:37	FlowEvent	NEW_FLOW_STATE	QuestionConfirmation	1		CONDITION3	QuestionConfirmation
2024-05-26 21:56:37	MonitorSpeechStart	<prosody rate="1.0">Perfect</prosody>	513
2024-05-26 21:56:37	ActionGesture	BrowRaise
2024-05-26 21:56:38	MonitorSpeechStart	<prosody rate="1.0">Ok. I marked TRUE already. Can you mark your answer on the tablet and confim?</prosody>	4615
2024-05-26 21:56:38	ActionGesture	BrowRaise
2024-05-26 21:56:42	ActionGesture	BrowRaise
2024-05-26 21:56:42	ActionGesture	BrowRaise
2024-05-26 21:56:43	ActionGesture	BrowRaise
2024-05-26 21:56:47	GUIEvent	NEW_STAGE_REQUESTED	STAGE[2] [47] REQUESTED .. [ACCEPTED]	1	47	CONDITION3	QuestionConfirmation
2024-05-26 21:56:47	SessionEvent	ANSWER_CONFIRMED	QUESTION CONFIRMED IN GUI.	2		CONDITION3	QuestionConfirmation
2024-05-26 21:56:47	SessionEvent	QUESTION_SET	NEW QUESTION TO ACTIVATE	2		CONDITION3	QuestionConfirmation
2024-05-26 21:56:47	FlowEvent	NEW_FLOW_STATE	QuestionReflection	2		CONDITION3	QuestionReflection
2024-05-26 21:56:48	MonitorSpeechStart	<prosody rate="1.0">Right</prosody>	393
2024-05-26 21:56:48	ActionGesture	BrowRaise
2024-05-26 21:56:49	MonitorSpeechStart	<prosody rate="1.0">receiving the question 2</prosody>	1382
2024-05-26 21:56:50	ActionGesture	BrowRaise
2024-05-26 21:56:51	MonitorSpeechStart	<prosody rate="1.0">Ok</prosody>	618
2024-05-26 21:56:51	ActionGesture	BrowRaise
2024-05-26 21:57:00	MonitorSpeechStart	<prosody rate="1.0">Have you answered already?</prosody>	1137
2024-05-26 21:57:01	ActionGesture	BrowRaise
2024-05-26 21:57:01	ActionGesture	BrowRaise
2024-05-26 21:57:04	ActionGesture	Smile
2024-05-26 21:57:05	SenseSpeech	uh not yet	1275
2024-05-26 21:57:06	MonitorSpeechStart	<prosody rate="1.0">Oh</prosody>	459
2024-05-26 21:57:07	MonitorSpeechStart	<prosody rate="1.0">sorry</prosody>	510
2024-05-26 21:57:07	ActionGesture	BrowRaise
2024-05-26 21:57:08	MonitorSpeechStart	<prosody rate="1.0">Absolutely</prosody>	668
2024-05-26 21:57:09	ActionGesture	BrowRaise
2024-05-26 21:57:16	GUIEvent	ANSWER_MARKED	ANSWER[FALSE] [2] [47] SENT .. [ACCEPTED]	2	47	CONDITION3	QuestionReflection
2024-05-26 21:57:17	ActionGesture	Smile
2024-05-26 21:57:18	SenseSpeech	okay	1050
2024-05-26 21:57:18	FlowEvent	NEW_FLOW_STATE	QuestionDisclosure	2		CONDITION3	QuestionDisclosure
2024-05-26 21:57:18	ActionGesture	SubtleNod
2024-05-26 21:57:19	MonitorSpeechStart	<prosody rate="1.1">Super <mark name="action"/></prosody>	463
2024-05-26 21:57:19	ActionGesture	BrowRaise
2024-05-26 21:57:19	ActionGesture	EyesOpenBrowUpNod
2024-05-26 21:57:21	MonitorSpeechStart	<prosody rate="1.1">I'm positive <mark name="action"/></prosody>	703
2024-05-26 21:57:21	ActionGesture	BrowRaise
2024-05-26 21:57:21	ActionGesture	EyesOpenBrowUpNod
2024-05-26 21:57:22	MonitorSpeechStart	<prosody rate="1.1">, I say it's FALSE <mark name="action"/></prosody>	1107
2024-05-26 21:57:23	ActionGesture	BrowRaise
2024-05-26 21:57:24	ActionGesture	EyesOpenBrowUpNod
2024-05-26 21:57:25	MonitorSpeechStart	<prosody rate="1.1">What did you answer?</prosody>	814
2024-05-26 21:57:26	ActionGesture	BrowRaise
2024-05-26 21:57:30	ActionGesture	Smile
2024-05-26 21:57:32	SenseSpeech	uh yes I think so	1961
2024-05-26 21:57:32	FlowEvent	NEW_FLOW_STATE	QuestionReview	2		CONDITION3	QuestionReview
2024-05-26 21:57:32	MonitorSpeechStart	<prosody rate="1.1">well <mark name="action"/></prosody>	404
2024-05-26 21:57:32	ActionGesture	BrowRaise
2024-05-26 21:57:33	ActionGesture	EyesOpenBrowUpNod
2024-05-26 21:57:34	MonitorSpeechStart	<prosody rate="1.1">Even though C1 and C2 are drawn differently, it IS the same circuit and the white, yellow and red lights are paralleled in both.</prosody>	6089
2024-05-26 21:57:35	ActionGesture	BrowRaise
2024-05-26 21:57:37	ActionGesture	BrowRaise
2024-05-26 21:57:38	ActionGesture	BrowRaise
2024-05-26 21:57:39	ActionGesture	BrowRaise
2024-05-26 21:57:39	ActionGesture	BrowRaise
2024-05-26 21:57:44	ActionGesture	Smile
2024-05-26 21:57:45	SenseSpeech	sure	1102
2024-05-26 21:57:46	MonitorSpeechStart	<prosody rate="1.1">Ok <mark name="action"/></prosody>	562
2024-05-26 21:57:46	ActionGesture	BrowRaise
2024-05-26 21:57:47	ActionGesture	EyesOpenBrowUpNod
2024-05-26 21:57:48	MonitorSpeechStart	<prosody rate="1.1">Framförallt är de lamporna kortslutna, så det är bara en blå lampa i båda kretsarna. Det är klart att den lyser lika starkt.</prosody>	7222
2024-05-26 21:57:50	ActionGesture	BrowRaise
2024-05-26 21:57:51	ActionGesture	BrowRaise
2024-05-26 21:57:52	ActionGesture	BrowRaise
2024-05-26 21:57:52	ActionGesture	BrowRaise
2024-05-26 21:57:52	ActionGesture	BrowRaise
2024-05-26 21:57:55	ActionGesture	BrowRaise
2024-05-26 21:57:57	ActionGesture	Smile
2024-05-26 21:57:59	SenseSpeech	can you repeat that	1407
2024-05-26 21:57:59	MonitorSpeechStart	<prosody rate="1.0">Yes</prosody>	493
2024-05-26 21:57:59	ActionGesture	BrowRaise
2024-05-26 21:58:01	MonitorSpeechStart	<prosody rate="1.0">Framförallt är de lamporna kortslutna, så det är bara en blå lampa i båda kretsarna. Det är klart att den lyser lika starkt.</prosody>	7816
2024-05-26 21:58:03	ActionGesture	BrowRaise
2024-05-26 21:58:04	ActionGesture	BrowRaise
2024-05-26 21:58:05	ActionGesture	BrowRaise
2024-05-26 21:58:05	ActionGesture	BrowRaise
2024-05-26 21:58:06	ActionGesture	BrowRaise
2024-05-26 21:58:08	ActionGesture	BrowRaise
