2024-05-27 20:01:14	Autoreload is disabled because the development mode is off.
2024-05-27 20:01:15	Application started in 0.645 seconds.
2024-05-27 20:01:15	Responding at http://127.0.0.1:8888
2024-05-27 20:04:30	Autoreload is disabled because the development mode is off.
2024-05-27 20:04:31	Application started in 0.595 seconds.
2024-05-27 20:04:31	Responding at http://127.0.0.1:8888
2024-05-27 20:04:33	----------------- NEW EXECUTION-------------------
2024-05-27 20:04:33	FlowEvent	NEW_FLOW_STATE	Testing	0.0		UNDEFINED	Testing
2024-05-27 20:04:34	MonitorSpeechStart	Mm. Now I will pause <mark name="action"/>	2319
2024-05-27 20:04:35	ActionGesture	BrowRaise
2024-05-27 20:04:36	ActionGesture	BrowRaise
2024-05-27 20:04:36	ActionGesture	SubtleWobbleYes
2024-05-27 20:04:38	MonitorSpeechStart	Um. before continuing	1908
2024-05-27 20:04:39	ActionGesture	BrowRaise
2024-05-27 20:04:39	ActionGesture	BrowRaise
2024-05-27 20:04:40	MonitorSpeechStart	Ok, let's test.	1700
2024-05-27 20:04:41	ActionGesture	BrowRaise
2024-05-27 20:04:43	ActionGesture	Smile
2024-05-27 20:04:59	ActionGesture	Smile
2024-05-27 20:05:39	Autoreload is disabled because the development mode is off.
2024-05-27 20:05:40	Application started in 0.587 seconds.
2024-05-27 20:05:40	Responding at http://127.0.0.1:8888
2024-05-27 20:05:42	----------------- NEW EXECUTION-------------------
2024-05-27 20:05:58	FlowEvent	NEW_FLOW_STATE	Testing	0.0		UNDEFINED	Testing
2024-05-27 20:05:58	MonitorSpeechStart	Mm. Now I will pause <mark name="action"/>	2319
2024-05-27 20:05:59	ActionGesture	BrowRaise
2024-05-27 20:06:00	ActionGesture	BrowRaise
2024-05-27 20:06:01	ActionGesture	SubtleWobbleYes
2024-05-27 20:06:02	MonitorSpeechStart	Um. before continuing	1908
2024-05-27 20:06:03	ActionGesture	BrowRaise
2024-05-27 20:06:04	ActionGesture	BrowRaise
2024-05-27 20:06:04	MonitorSpeechStart	Ok, let's test.	1700
2024-05-27 20:06:06	ActionGesture	BrowRaise
2024-05-27 20:06:07	ActionGesture	Smile
2024-05-27 20:06:24	ActionGesture	Smile
2024-05-27 20:06:40	ActionGesture	Smile
2024-05-27 20:06:56	ActionGesture	Smile
2024-05-27 20:07:13	ActionGesture	Smile
2024-05-27 20:07:29	ActionGesture	Smile
2024-05-27 20:07:45	Autoreload is disabled because the development mode is off.
2024-05-27 20:07:46	Application started in 0.606 seconds.
2024-05-27 20:07:46	Responding at http://127.0.0.1:8888
2024-05-27 20:07:49	----------------- NEW EXECUTION-------------------
2024-05-27 20:07:54	FlowEvent	NEW_FLOW_STATE	Testing	0.0		UNDEFINED	Testing
2024-05-27 20:07:55	MonitorSpeechStart	Mm. Nu ska jag pausa <mark name="action"/>	2422
2024-05-27 20:07:57	ActionGesture	BrowRaise
2024-05-27 20:07:57	ActionGesture	BrowRaise
2024-05-27 20:07:57	ActionGesture	SubtleWobbleYes
2024-05-27 20:07:58	MonitorSpeechStart	Ehm. innan du fortsätter	2023
2024-05-27 20:07:59	ActionGesture	BrowRaise
2024-05-27 20:08:00	ActionGesture	BrowRaise
2024-05-27 20:08:01	MonitorSpeechStart	Ok, let's test.	1700
2024-05-27 20:08:02	ActionGesture	BrowRaise
2024-05-27 20:08:04	ActionGesture	Smile
2024-05-27 20:08:20	ActionGesture	Smile
2024-05-27 20:08:36	ActionGesture	Smile
2024-05-27 20:10:58	ActionGesture	Smile
2024-05-27 20:10:59	SenseSpeech	yes	1620
2024-05-27 20:11:00	MonitorSpeechStart	<sig rate="1.0">I am quite certain <mark name="action"/></sig>	1228
2024-05-27 20:11:00	ActionGesture	BrowRaise
2024-05-27 20:11:01	ActionGesture	BrowRaise
2024-05-27 20:11:01	ActionGesture	EyesOpenBrowUpNod
2024-05-27 20:11:02	MonitorSpeechStart	<sig rate="1.0">Look at me <mark name="action"/></sig>	608
2024-05-27 20:11:02	ActionGesture	BrowRaise
2024-05-27 20:11:02	ActionGesture	EyesOpenBrowUpNod
2024-05-27 20:11:03	MonitorSpeechStart	<sig rate="1.0">I'm determined</sig>	1016
2024-05-27 20:11:04	ActionGesture	BrowRaise
2024-05-27 20:11:06	ActionGesture	Smile
2024-05-27 20:11:06	SenseSpeech	oh shit	808
2024-05-27 20:11:06	ActionGesture	doubleNod
2024-05-27 20:11:07	MonitorSpeechStart	<sig rate="1.0">doubleNod</sig>	617
2024-05-27 20:11:07	ActionGesture	BrowRaise
2024-05-27 20:11:10	ActionGesture	Smile
2024-05-27 20:11:16	SenseSpeech	so basically you have the robot so if you we can stop the program first right or no	6556
2024-05-27 20:11:17	MonitorSpeechStart	<sig rate="1.0">You</sig>	386
2024-05-27 20:11:17	ActionGesture	BrowRaise
2024-05-27 20:11:18	ActionGesture	SubtleWobbleYes
2024-05-27 20:11:18	MonitorSpeechStart	<sig rate="1.0">want time.</sig>	801
2024-05-27 20:11:18	ActionGesture	BrowRaise
2024-05-27 20:11:20	ActionGesture	Smile
2024-05-27 20:11:24	SenseSpeech	yeah okay so this is yeah you should try to use the like	4331
2024-05-27 20:11:25	MonitorSpeechStart	<sig rate="1.0">You want me to elaborate.</sig>	1696
2024-05-27 20:11:25	ActionGesture	BrowRaise
2024-05-27 20:11:26	ActionGesture	BrowRaise
2024-05-27 20:11:29	ActionGesture	Smile
2024-05-27 20:11:31	SenseSpeech	don't you have credentials for more	2206
2024-05-27 20:11:31	MonitorSpeechStart	<sig rate="1.0">I am bit <mark name="action"/></sig>	628
2024-05-27 20:11:32	ActionGesture	BrowRaise
2024-05-27 20:11:32	ActionGesture	PauseUncertain
2024-05-27 20:11:33	MonitorSpeechStart	<sig rate="1.0">uncertain. You see? <mark name="action"/></sig>	1882
2024-05-27 20:11:34	ActionGesture	BrowRaise
2024-05-27 20:11:35	ActionGesture	PauseUncertain
2024-05-27 20:11:36	MonitorSpeechStart	<sig rate="1.0">Not much I can do</sig>	1194
2024-05-27 20:11:37	ActionGesture	BrowRaise
2024-05-27 20:11:38	ActionGesture	Smile
2024-05-27 20:11:40	SenseSpeech	we have problems like this today	1768
2024-05-27 20:11:40	MonitorSpeechStart	<sig rate="1.0">I am quite certain <mark name="action"/></sig>	1228
2024-05-27 20:11:40	ActionGesture	BrowRaise
2024-05-27 20:11:41	ActionGesture	BrowRaise
2024-05-27 20:11:42	ActionGesture	EyesOpenBrowUpNod
2024-05-27 20:11:42	MonitorSpeechStart	<sig rate="1.0">Look at me <mark name="action"/></sig>	608
2024-05-27 20:11:43	ActionGesture	BrowRaise
2024-05-27 20:11:43	ActionGesture	EyesOpenBrowUpNod
2024-05-27 20:11:44	MonitorSpeechStart	<sig rate="1.0">I'm determined</sig>	1016
2024-05-27 20:11:45	ActionGesture	BrowRaise
2024-05-27 20:11:46	ActionGesture	Smile
2024-05-27 20:11:50	SenseSpeech	in this robot apparently yes	4504
2024-05-27 20:11:51	MonitorSpeechStart	<sig rate="1.0">I am quite certain <mark name="action"/></sig>	1228
2024-05-27 20:11:51	ActionGesture	BrowRaise
2024-05-27 20:11:52	ActionGesture	BrowRaise
2024-05-27 20:11:52	ActionGesture	EyesOpenBrowUpNod
2024-05-27 20:11:53	MonitorSpeechStart	<sig rate="1.0">Look at me <mark name="action"/></sig>	608
2024-05-27 20:11:53	ActionGesture	BrowRaise
2024-05-27 20:11:53	ActionGesture	EyesOpenBrowUpNod
2024-05-27 20:11:54	MonitorSpeechStart	<sig rate="1.0">I'm determined</sig>	1016
2024-05-27 20:11:55	ActionGesture	BrowRaise
2024-05-27 20:11:58	ActionGesture	Smile
2024-05-27 20:12:02	SenseSpeech	like at least as much as in the virtual world right	4884
2024-05-27 20:12:03	MonitorSpeechStart	<sig rate="1.0">I am quite certain <mark name="action"/></sig>	1228
2024-05-27 20:12:03	ActionGesture	BrowRaise
2024-05-27 20:12:04	ActionGesture	BrowRaise
2024-05-27 20:12:04	ActionGesture	EyesOpenBrowUpNod
2024-05-27 20:12:05	MonitorSpeechStart	<sig rate="1.0">Look at me <mark name="action"/></sig>	608
2024-05-27 20:12:05	ActionGesture	BrowRaise
2024-05-27 20:12:06	ActionGesture	EyesOpenBrowUpNod
2024-05-27 20:12:06	MonitorSpeechStart	<sig rate="1.0">I'm determined</sig>	1016
2024-05-27 20:12:07	ActionGesture	BrowRaise
2024-05-27 20:12:09	ActionGesture	Smile
2024-05-27 20:12:16	SenseSpeech	when like a head problem getting the Microsoft voices	7332
2024-05-27 20:12:16	MonitorSpeechStart	<sig rate="1.0">I am quite certain <mark name="action"/></sig>	1228
2024-05-27 20:12:16	ActionGesture	BrowRaise
2024-05-27 20:12:17	ActionGesture	BrowRaise
2024-05-27 20:12:18	ActionGesture	EyesOpenBrowUpNod
2024-05-27 20:12:18	MonitorSpeechStart	<sig rate="1.0">Look at me <mark name="action"/></sig>	608
2024-05-27 20:12:19	ActionGesture	BrowRaise
2024-05-27 20:12:19	ActionGesture	EyesOpenBrowUpNod
2024-05-27 20:12:20	MonitorSpeechStart	<sig rate="1.0">I'm determined</sig>	1016
2024-05-27 20:12:21	ActionGesture	BrowRaise
2024-05-27 20:12:22	ActionGesture	Smile
2024-05-27 20:12:26	SenseSpeech	internet problem but I don't know but what I had to do is to change that	4855
2024-05-27 20:12:27	MonitorSpeechStart	<sig rate="1.0">You</sig>	386
2024-05-27 20:12:27	ActionGesture	BrowRaise
2024-05-27 20:12:28	ActionGesture	SubtleWobbleNo
2024-05-27 20:12:28	MonitorSpeechStart	<sig rate="1.0">are not sure.</sig>	810
2024-05-27 20:12:29	ActionGesture	BrowRaise
2024-05-27 20:12:31	ActionGesture	Smile
2024-05-27 20:12:32	SenseSpeech	but how can I change that	1397
2024-05-27 20:12:33	MonitorSpeechStart	<sig rate="1.0">You want me to elaborate.</sig>	1696
2024-05-27 20:12:33	ActionGesture	BrowRaise
2024-05-27 20:12:34	ActionGesture	BrowRaise
2024-05-27 20:12:36	ActionGesture	Smile
2024-05-27 20:12:48	SenseSpeech	I'm not sure check on that for hatching yeah or send a message to Gabriel or on like he helped me like yeah it's not normal but you just have 1 voice on the website	12447
2024-05-27 20:12:48	MonitorSpeechStart	<sig rate="1.0">You</sig>	386
2024-05-27 20:12:49	ActionGesture	BrowRaise
2024-05-27 20:12:49	ActionGesture	SubtleWobbleNo
2024-05-27 20:12:50	MonitorSpeechStart	<sig rate="1.0">are not sure.</sig>	810
2024-05-27 20:12:50	ActionGesture	BrowRaise
2024-05-27 20:12:53	ActionGesture	Smile
2024-05-27 20:12:56	SenseSpeech	I've always had more voices	2408
2024-05-27 20:12:56	GUIEvent	GUI_RELOADED	GUI_RELOADED [ACCEPTED]	0.0	UNDEFINED	UNDEFINED	Testing
2024-05-27 20:12:56	MonitorSpeechStart	<sig rate="1.0">You <mark name="action"/></sig>	386
2024-05-27 20:12:57	ActionGesture	BrowRaise
2024-05-27 20:12:57	ActionGesture	SubtleWobbleYes
2024-05-27 20:12:58	MonitorSpeechStart	<sig rate="1.0">agreed.</sig>	612
2024-05-27 20:12:58	ActionGesture	BrowRaise
2024-05-27 20:16:03	Autoreload is disabled because the development mode is off.
2024-05-27 20:16:04	Application started in 0.59 seconds.
2024-05-27 20:16:04	Responding at http://127.0.0.1:8888
2024-05-27 20:16:07	----------------- NEW EXECUTION-------------------
2024-05-27 20:16:11	FlowEvent	NEW_FLOW_STATE	Testing	0.0		UNDEFINED	Testing
2024-05-27 20:16:14	MonitorSpeechStart	Mm. Nu ska jag pausa <mark name="action"/>	2161
2024-05-27 20:16:16	ActionGesture	BrowRaise
2024-05-27 20:16:16	ActionGesture	SubtleWobbleYes
2024-05-27 20:16:18	MonitorSpeechStart	Ehm. innan du fortsätter	2195
2024-05-27 20:16:20	ActionGesture	BrowRaise
2024-05-27 20:16:21	MonitorSpeechStart	Ok, let's test.	1756
2024-05-27 20:16:22	ActionGesture	BrowRaise
2024-05-27 20:21:04	Autoreload is disabled because the development mode is off.
2024-05-27 20:21:05	Application started in 0.62 seconds.
2024-05-27 20:21:05	Responding at http://127.0.0.1:8888
2024-05-27 20:21:07	----------------- NEW EXECUTION-------------------
2024-05-27 20:21:12	FlowEvent	NEW_FLOW_STATE	Testing	0.0		UNDEFINED	Testing
2024-05-27 20:21:14	MonitorSpeechStart	Mm. Nu ska jag pausa <mark name="action"/>	2042
2024-05-27 20:21:16	ActionGesture	BrowRaise
2024-05-27 20:21:16	ActionGesture	SubtleWobbleYes
2024-05-27 20:21:18	MonitorSpeechStart	Ehm. innan du fortsätter	2092
2024-05-27 20:21:20	ActionGesture	BrowRaise
2024-05-27 20:21:21	MonitorSpeechStart	Ok, let's test.	1225
2024-05-27 20:21:22	ActionGesture	BrowRaise
2024-05-27 20:21:32	MonitorSpeechStart	Mm now I will wobble with NO <mark name="action"/>	1887
2024-05-27 20:21:33	ActionGesture	BrowRaise
2024-05-27 20:21:34	ActionGesture	BrowRaise
2024-05-27 20:21:34	ActionGesture	SubtleWobbleNo
2024-05-27 20:21:36	MonitorSpeechStart	um before continuing	1287
2024-05-27 20:21:37	ActionGesture	BrowRaise
2024-05-27 20:21:39	MonitorSpeechStart	Now I will wobble with YES <mark name="action"/>	1725
2024-05-27 20:21:40	ActionGesture	BrowRaise
2024-05-27 20:21:40	ActionGesture	SubtleWobbleYes
2024-05-27 20:21:42	MonitorSpeechStart	and finish	862
2024-05-27 20:21:49	MonitorSpeechStart	Mm now I will wobble with NO <mark name="action"/>	1887
2024-05-27 20:21:50	ActionGesture	BrowRaise
2024-05-27 20:21:50	ActionGesture	BrowRaise
2024-05-27 20:21:51	ActionGesture	SubtleWobbleNo
2024-05-27 20:21:52	MonitorSpeechStart	um before continuing	1287
2024-05-27 20:21:53	ActionGesture	BrowRaise
2024-05-27 20:21:54	MonitorSpeechStart	Now I will wobble with YES <mark name="action"/>	1725
2024-05-27 20:21:55	ActionGesture	BrowRaise
2024-05-27 20:21:56	ActionGesture	SubtleWobbleYes
2024-05-27 20:21:57	MonitorSpeechStart	and finish	862
2024-05-27 20:22:04	MonitorSpeechStart	Mm now I will wobble with NO <mark name="action"/>	1887
2024-05-27 20:22:05	ActionGesture	BrowRaise
2024-05-27 20:22:05	ActionGesture	BrowRaise
2024-05-27 20:22:06	ActionGesture	SubtleWobbleNo
2024-05-27 20:22:07	MonitorSpeechStart	um before continuing	1287
2024-05-27 20:22:08	ActionGesture	BrowRaise
2024-05-27 20:22:09	MonitorSpeechStart	Now I will wobble with YES <mark name="action"/>	1725
2024-05-27 20:22:10	ActionGesture	BrowRaise
2024-05-27 20:22:10	ActionGesture	SubtleWobbleYes
2024-05-27 20:22:12	MonitorSpeechStart	and finish	862
2024-05-27 20:22:18	MonitorSpeechStart	Mm now I will wobble with NO <mark name="action"/>	1887
2024-05-27 20:22:19	ActionGesture	BrowRaise
2024-05-27 20:22:20	ActionGesture	BrowRaise
2024-05-27 20:22:20	ActionGesture	SubtleWobbleNo
2024-05-27 20:22:21	MonitorSpeechStart	um before continuing	1287
2024-05-27 20:22:22	ActionGesture	BrowRaise
2024-05-27 20:22:23	MonitorSpeechStart	Now I will wobble with YES <mark name="action"/>	1725
2024-05-27 20:22:25	ActionGesture	BrowRaise
2024-05-27 20:22:25	ActionGesture	SubtleWobbleYes
2024-05-27 20:22:26	MonitorSpeechStart	and finish	862
2024-05-27 20:22:32	Autoreload is disabled because the development mode is off.
2024-05-27 20:22:33	Application started in 0.596 seconds.
2024-05-27 20:22:33	Responding at http://127.0.0.1:8888
2024-05-27 20:22:36	----------------- NEW EXECUTION-------------------
2024-05-27 20:22:39	FlowEvent	NEW_FLOW_STATE	Testing	0.0		UNDEFINED	Testing
2024-05-27 20:22:41	MonitorSpeechStart	Mhm. Nu ska jag pausa <mark name="action"/>	2180
2024-05-27 20:22:43	ActionGesture	BrowRaise
2024-05-27 20:22:43	ActionGesture	SubtleWobbleYes
2024-05-27 20:22:45	MonitorSpeechStart	Uhm. innan du fortsätter	2092
2024-05-27 20:22:47	ActionGesture	BrowRaise
2024-05-27 20:22:47	MonitorSpeechStart	Ok, let's test.	1225
2024-05-27 20:22:48	ActionGesture	BrowRaise
2024-05-27 20:22:57	MonitorSpeechStart	Mm now I will wobble with NO <mark name="action"/>	1887
2024-05-27 20:22:58	ActionGesture	BrowRaise
2024-05-27 20:22:59	ActionGesture	BrowRaise
2024-05-27 20:22:59	ActionGesture	SubtleWobbleNo
2024-05-27 20:23:00	MonitorSpeechStart	um before continuing	1287
2024-05-27 20:23:01	ActionGesture	BrowRaise
2024-05-27 20:23:02	MonitorSpeechStart	Now I will wobble with YES <mark name="action"/>	1725
2024-05-27 20:23:04	ActionGesture	BrowRaise
2024-05-27 20:23:04	ActionGesture	SubtleWobbleYes
2024-05-27 20:53:49	Autoreload is disabled because the development mode is off.
2024-05-27 20:53:49	Application started in 0.609 seconds.
2024-05-27 20:53:50	Responding at http://127.0.0.1:8888
2024-05-27 20:53:52	----------------- NEW EXECUTION-------------------
2024-05-27 20:53:55	FlowEvent	NEW_FLOW_STATE	Testing	0.0		UNDEFINED	Testing
2024-05-27 20:53:56	MonitorSpeechStart	Mhm. Nu ska jag pausa <mark name="action"/>	2180
2024-05-27 20:53:58	ActionGesture	BrowRaise
2024-05-27 20:53:58	ActionGesture	SubtleWobbleYes
2024-05-27 20:54:01	MonitorSpeechStart	umh, jag är en  talande robot. mm, jag är en  talande robot. aha, jag är en  talande robot. ah, jag är en  talande robot.	9890
2024-05-27 20:54:01	ActionGesture	BrowRaise
2024-05-27 20:54:02	ActionGesture	BrowRaise
2024-05-27 20:54:04	ActionGesture	BrowRaise
2024-05-27 20:54:06	ActionGesture	BrowRaise
2024-05-27 20:54:09	ActionGesture	BrowRaise
2024-05-27 20:54:09	ActionGesture	BrowRaise
2024-05-27 20:54:10	ActionGesture	BrowRaise
2024-05-27 20:54:10	ActionGesture	BrowRaise
2024-05-27 20:54:11	MonitorSpeechStart	Ok, let's test.	1225
2024-05-27 20:54:12	ActionGesture	BrowRaise
