2024-05-19 13:16:33	Autoreload is disabled because the development mode is off.
2024-05-19 13:16:34	Application started in 0.8 seconds.
2024-05-19 13:16:35	Responding at http://127.0.0.1:8888
2024-05-19 13:17:02	Autoreload is disabled because the development mode is off.
2024-05-19 13:17:03	Application started in 0.601 seconds.
2024-05-19 13:17:03	Responding at http://127.0.0.1:8888
2024-05-19 13:17:05	----------------- NEW EXECUTION-------------------
2024-05-19 13:17:05	FlowEvent	NEW_FLOW_STATE	Sleep	0.0		UNDEFINED	Sleep
2024-05-19 13:17:05	ActionGesture	CloseEyes
2024-05-19 13:17:15	GUIEvent	GUI_RELOADED	GUI_RELOADED [ACCEPTED]	0.0	UNDEFINED	UNDEFINED	Sleep
2024-05-19 13:17:15	GUIEvent	SYNCH_REQUESTED	SYNCH REQUESTED .. [ACCEPTED]	0.0	UNDEFINED	UNDEFINED	Sleep
2024-05-19 13:17:33	GUIEvent	NEW_STAGE_REQUESTED	STAGE[0.2] [3] REQUESTED .. [ACCEPTED]	0.0	UNDEFINED	UNDEFINED	Sleep
2024-05-19 13:17:33	SessionEvent	USER_SET	USER TO ACTIVATE.	0.2	3	UNDEFINED	Sleep
2024-05-19 13:17:33	FlowEvent	NEW_FLOW_STATE	Welcome	0.2		UNDEFINED	Welcome
2024-05-19 13:17:33	ActionGesture	OpenEyes
2024-05-19 13:17:33	ActionGesture	Smile
2024-05-19 13:17:34	MonitorSpeechStart	Hello there	543
2024-05-19 13:17:34	ActionGesture	BrowRaise
2024-05-19 13:17:36	MonitorSpeechStart	Nice to meet you	824
2024-05-19 13:17:36	ActionGesture	BrowRaise
2024-05-19 13:17:38	MonitorSpeechStart	How you doing?	741
2024-05-19 13:17:38	ActionGesture	BrowRaise
2024-05-19 13:17:44	MonitorSpeechStart	Oops, I don't hear you.	1345
2024-05-19 13:17:44	ActionGesture	BrowRaise
2024-05-19 13:17:45	MonitorSpeechStart	Oh, you there.	1008
2024-05-19 13:17:46	ActionGesture	BrowRaise
2024-05-19 13:17:48	MonitorSpeechStart	Shall we carry on?	950
2024-05-19 13:17:48	ActionGesture	BrowRaise
2024-05-19 13:17:55	GUIEvent	NEW_STAGE_REQUESTED	STAGE[7] [3] REQUESTED .. [ACCEPTED]	0.2	3	CONDITION1	Welcome
2024-05-19 13:17:55	SessionEvent	QUESTION_SET	NEW QUESTION TO ACTIVATE	7		CONDITION1	Welcome
2024-05-19 13:17:55	FlowEvent	NEW_FLOW_STATE	QuestionReflection	7		CONDITION1	QuestionReflection
2024-05-19 13:17:55	MonitorSpeechStart	Oops, I don't hear you.	1345
2024-05-19 13:17:56	ActionGesture	BrowRaise
2024-05-19 13:17:57	MonitorSpeechStart	Question 7	936
2024-05-19 13:17:57	ActionGesture	BrowRaise
2024-05-19 13:17:58	MonitorSpeechStart	Ok #QNUM#. Let's see	2658
2024-05-19 13:17:59	ActionGesture	BrowRaise
2024-05-19 13:18:00	ActionGesture	BrowRaise
