2024-05-26 14:00:02	Autoreload is disabled because the development mode is off.
2024-05-26 14:00:03	Application started in 0.582 seconds.
2024-05-26 14:00:03	Responding at http://127.0.0.1:8888
2024-05-26 14:00:05	----------------- NEW EXECUTION-------------------
2024-05-26 14:00:05	FlowEvent	NEW_FLOW_STATE	Testing	0.0		UNDEFINED	Testing
2024-05-26 14:00:06	MonitorSpeechStart	Ok, let's test. Say whatever you want.	2873
2024-05-26 14:00:06	ActionGesture	BrowRaise
2024-05-26 14:00:08	ActionGesture	BrowRaise
2024-05-26 14:00:11	ActionGesture	Smile
2024-05-26 14:00:12	SenseSpeech	no	957
2024-05-26 14:00:12	MonitorSpeechStart	I am bit <mark name="action"/>	518
2024-05-26 14:00:12	ActionGesture	BrowRaise
2024-05-26 14:00:12	ActionGesture	PauseUncertain
2024-05-26 14:00:13	MonitorSpeechStart	uncertain	679
2024-05-26 14:00:13	ActionGesture	BrowRaise
2024-05-26 14:00:14	MonitorSpeechStart	I'm listening	676
2024-05-26 14:00:15	ActionGesture	SubtleShake
2024-05-26 14:00:16	MonitorSpeechStart	shaking	622
2024-05-26 14:00:16	ActionGesture	BrowRaise
2024-05-26 14:00:27	MonitorSpeechStart	Now I will pause <mark name="action"/>	1037
2024-05-26 14:00:27	ActionGesture	BrowRaise
2024-05-26 14:00:28	ActionGesture	GazeAway
2024-05-26 14:00:29	MonitorSpeechStart	before continuing	1174
2024-05-26 14:00:29	ActionGesture	BrowRaise
2024-05-26 14:00:30	MonitorSpeechStart	I'm listening	676
2024-05-26 14:00:32	ActionGesture	SubtleNod
2024-05-26 14:00:57	Autoreload is disabled because the development mode is off.
2024-05-26 14:00:58	Application started in 0.581 seconds.
2024-05-26 14:00:58	Responding at http://127.0.0.1:8888
2024-05-26 14:01:00	----------------- NEW EXECUTION-------------------
2024-05-26 14:01:00	FlowEvent	NEW_FLOW_STATE	Testing	0.0		UNDEFINED	Testing
2024-05-26 14:01:01	MonitorSpeechStart	Ok, let's test.	1425
2024-05-26 14:01:02	ActionGesture	BrowRaise
2024-05-26 14:01:05	ActionGesture	Smile
2024-05-26 14:01:09	SenseSpeech	no no	4401
2024-05-26 14:01:10	MonitorSpeechStart	I am bit <mark name="action"/>	518
2024-05-26 14:01:10	ActionGesture	BrowRaise
2024-05-26 14:01:10	ActionGesture	PauseUncertain
2024-05-26 14:01:11	MonitorSpeechStart	uncertain	679
2024-05-26 14:01:11	ActionGesture	BrowRaise
2024-05-26 14:01:12	MonitorSpeechStart	I'm listening	676
2024-05-26 14:01:13	ActionGesture	SubtleShake
2024-05-26 14:01:13	MonitorSpeechStart	shaking	622
2024-05-26 14:01:13	ActionGesture	BrowRaise
2024-05-26 14:02:04	Autoreload is disabled because the development mode is off.
2024-05-26 14:02:04	Application started in 0.56 seconds.
2024-05-26 14:02:05	Responding at http://127.0.0.1:8888
2024-05-26 14:02:06	----------------- NEW EXECUTION-------------------
2024-05-26 14:02:06	FlowEvent	NEW_FLOW_STATE	Testing	0.0		UNDEFINED	Testing
2024-05-26 14:02:07	MonitorSpeechStart	Ok, let's test.	1425
2024-05-26 14:02:08	ActionGesture	BrowRaise
2024-05-26 14:02:11	ActionGesture	Smile
2024-05-26 14:02:12	SenseSpeech	no	792
2024-05-26 14:02:12	MonitorSpeechStart	I am bit <mark name="action"/>	518
2024-05-26 14:02:12	ActionGesture	BrowRaise
2024-05-26 14:02:12	ActionGesture	PauseUncertain
2024-05-26 14:02:13	MonitorSpeechStart	uncertain	679
2024-05-26 14:02:13	ActionGesture	BrowRaise
2024-05-26 14:02:14	MonitorSpeechStart	I'm listening	676
2024-05-26 14:02:15	ActionGesture	SubtleShake
2024-05-26 14:02:15	MonitorSpeechStart	shaking	622
2024-05-26 14:02:16	ActionGesture	BrowRaise
2024-05-26 14:02:26	MonitorSpeechStart	Now I will pause <mark name="action"/>	1037
2024-05-26 14:02:27	ActionGesture	BrowRaise
2024-05-26 14:02:28	ActionGesture	GazeAway
2024-05-26 14:02:29	MonitorSpeechStart	before continuing	1174
2024-05-26 14:02:29	ActionGesture	BrowRaise
2024-05-26 14:02:30	MonitorSpeechStart	I'm listening	676
2024-05-26 14:02:32	ActionGesture	SubtleNod
2024-05-26 14:02:32	MonitorSpeechStart	nodding	501
2024-05-26 14:02:32	ActionGesture	BrowRaise
2024-05-26 14:02:38	MonitorSpeechStart	Now I will pause <mark name="action"/>	1037
2024-05-26 14:02:39	ActionGesture	BrowRaise
2024-05-26 14:02:39	ActionGesture	GazeAway
2024-05-26 14:02:40	MonitorSpeechStart	before continuing	1174
2024-05-26 14:02:41	ActionGesture	BrowRaise
2024-05-26 14:02:42	MonitorSpeechStart	I'm listening	676
2024-05-26 14:02:44	ActionGesture	SubtleNod
2024-05-26 14:02:44	MonitorSpeechStart	nodding	501
2024-05-26 14:02:44	ActionGesture	BrowRaise
2024-05-26 14:02:50	MonitorSpeechStart	Now I will pause <mark name="action"/>	1037
2024-05-26 14:02:51	ActionGesture	BrowRaise
2024-05-26 14:02:51	ActionGesture	GazeAway
2024-05-26 14:02:52	MonitorSpeechStart	before continuing	1174
2024-05-26 14:02:53	ActionGesture	BrowRaise
2024-05-26 14:02:54	MonitorSpeechStart	I'm listening	676
2024-05-26 14:05:07	Autoreload is disabled because the development mode is off.
2024-05-26 14:05:07	Application started in 0.568 seconds.
2024-05-26 14:05:07	Responding at http://127.0.0.1:8888
2024-05-26 14:05:09	----------------- NEW EXECUTION-------------------
2024-05-26 14:05:09	FlowEvent	NEW_FLOW_STATE	Testing	0.0		UNDEFINED	Testing
2024-05-26 14:05:09	MonitorSpeechStart	Ok, let's test.	1425
2024-05-26 14:05:10	ActionGesture	BrowRaise
2024-05-26 14:05:14	ActionGesture	Smile
2024-05-26 14:05:19	SenseSpeech	no no	4917
2024-05-26 14:05:19	MonitorSpeechStart	I am bit <mark name="action"/>	518
2024-05-26 14:05:19	ActionGesture	BrowRaise
2024-05-26 14:05:20	ActionGesture	PauseUncertain
2024-05-26 14:05:21	MonitorSpeechStart	uncertain	679
2024-05-26 14:05:21	ActionGesture	BrowRaise
2024-05-26 14:05:22	MonitorSpeechStart	I'm listening	676
2024-05-26 14:05:23	ActionGesture	SubtleShake
2024-05-26 14:05:23	MonitorSpeechStart	shaking	622
2024-05-26 14:05:23	ActionGesture	BrowRaise
2024-05-26 14:05:45	Autoreload is disabled because the development mode is off.
2024-05-26 14:05:45	Application started in 0.561 seconds.
2024-05-26 14:05:46	Responding at http://127.0.0.1:8888
2024-05-26 14:05:47	----------------- NEW EXECUTION-------------------
2024-05-26 14:05:47	FlowEvent	NEW_FLOW_STATE	Testing	0.0		UNDEFINED	Testing
2024-05-26 14:05:47	MonitorSpeechStart	Ok, let's test.	1425
2024-05-26 14:05:48	ActionGesture	BrowRaise
2024-05-26 14:05:53	ActionGesture	Smile
2024-05-26 14:05:54	SenseSpeech	no	910
2024-05-26 14:05:54	MonitorSpeechStart	I am bit <mark name="action"/>	518
2024-05-26 14:05:54	ActionGesture	BrowRaise
2024-05-26 14:05:55	ActionGesture	PauseUncertain
2024-05-26 14:05:55	MonitorSpeechStart	uncertain	679
2024-05-26 14:05:56	ActionGesture	BrowRaise
2024-05-26 14:05:56	MonitorSpeechStart	I'm listening	676
2024-05-26 14:05:58	ActionGesture	SubtleShake
2024-05-26 14:05:58	MonitorSpeechStart	shaking	622
2024-05-26 14:05:58	ActionGesture	BrowRaise
2024-05-26 14:06:04	MonitorSpeechStart	Now I will pause <mark name="action"/>	1037
2024-05-26 14:06:04	ActionGesture	BrowRaise
2024-05-26 14:06:05	ActionGesture	GazeAway
2024-05-26 14:06:06	MonitorSpeechStart	before continuing	1174
2024-05-26 14:06:07	ActionGesture	BrowRaise
2024-05-26 14:06:08	MonitorSpeechStart	I'm listening	676
2024-05-26 14:06:09	ActionGesture	SubtleNod
2024-05-26 14:06:10	MonitorSpeechStart	nodding	501
2024-05-26 14:06:10	ActionGesture	BrowRaise
2024-05-26 14:06:16	MonitorSpeechStart	Now I will pause <mark name="action"/>	1037
2024-05-26 14:06:16	ActionGesture	BrowRaise
2024-05-26 14:06:17	ActionGesture	GazeAway
2024-05-26 14:06:18	MonitorSpeechStart	before continuing	1174
2024-05-26 14:06:18	ActionGesture	BrowRaise
2024-05-26 14:06:19	MonitorSpeechStart	I'm listening	676
2024-05-26 14:06:21	ActionGesture	SubtleNod
2024-05-26 14:06:21	MonitorSpeechStart	nodding	501
2024-05-26 14:06:21	ActionGesture	BrowRaise
2024-05-26 14:06:27	MonitorSpeechStart	Now I will pause <mark name="action"/>	1037
2024-05-26 14:06:28	ActionGesture	BrowRaise
2024-05-26 14:06:28	ActionGesture	GazeAway
2024-05-26 14:06:30	MonitorSpeechStart	before continuing	1174
2024-05-26 14:06:30	ActionGesture	BrowRaise
2024-05-26 14:06:31	MonitorSpeechStart	I'm listening	676
2024-05-26 14:06:33	ActionGesture	SubtleNod
2024-05-26 14:06:33	MonitorSpeechStart	nodding	501
2024-05-26 14:06:33	ActionGesture	BrowRaise
2024-05-26 14:06:42	Autoreload is disabled because the development mode is off.
2024-05-26 14:06:43	Application started in 0.564 seconds.
2024-05-26 14:06:43	Responding at http://127.0.0.1:8888
2024-05-26 14:06:44	----------------- NEW EXECUTION-------------------
2024-05-26 14:06:44	FlowEvent	NEW_FLOW_STATE	Testing	0.0		UNDEFINED	Testing
2024-05-26 14:06:45	MonitorSpeechStart	Ok, let's test.	1425
2024-05-26 14:06:46	ActionGesture	BrowRaise
2024-05-26 14:06:50	ActionGesture	Smile
2024-05-26 14:06:51	SenseSpeech	no	1085
2024-05-26 14:06:52	MonitorSpeechStart	I am bit <mark name="action"/>	518
2024-05-26 14:06:52	ActionGesture	BrowRaise
2024-05-26 14:06:52	ActionGesture	PauseUncertain
2024-05-26 14:06:53	MonitorSpeechStart	uncertain	679
2024-05-26 14:06:53	ActionGesture	BrowRaise
2024-05-26 14:06:54	MonitorSpeechStart	I'm listening	676
2024-05-26 14:06:55	ActionGesture	SubtleShake
2024-05-26 14:06:55	MonitorSpeechStart	shaking	622
2024-05-26 14:06:56	ActionGesture	BrowRaise
2024-05-26 14:06:58	ActionGesture	Smile
2024-05-26 14:06:59	SenseSpeech	no	857
2024-05-26 14:06:59	MonitorSpeechStart	I am bit <mark name="action"/>	518
2024-05-26 14:07:00	ActionGesture	BrowRaise
2024-05-26 14:07:00	ActionGesture	PauseUncertain
2024-05-26 14:07:01	MonitorSpeechStart	uncertain	679
2024-05-26 14:07:01	ActionGesture	BrowRaise
2024-05-26 14:07:02	MonitorSpeechStart	I'm listening	676
2024-05-26 14:07:03	ActionGesture	SubtleShake
2024-05-26 14:07:03	MonitorSpeechStart	shaking	622
2024-05-26 14:07:03	ActionGesture	BrowRaise
2024-05-26 14:07:09	MonitorSpeechStart	Now I will pause <mark name="action"/>	1037
2024-05-26 14:07:10	ActionGesture	BrowRaise
2024-05-26 14:07:10	ActionGesture	GazeAway
2024-05-26 14:07:12	MonitorSpeechStart	before continuing	1174
2024-05-26 14:07:12	ActionGesture	BrowRaise
2024-05-26 14:07:13	MonitorSpeechStart	I'm listening	676
2024-05-26 14:08:17	Autoreload is disabled because the development mode is off.
2024-05-26 14:08:18	Application started in 0.557 seconds.
2024-05-26 14:08:18	Responding at http://127.0.0.1:8888
2024-05-26 14:08:20	----------------- NEW EXECUTION-------------------
2024-05-26 14:08:20	FlowEvent	NEW_FLOW_STATE	Testing	0.0		UNDEFINED	Testing
2024-05-26 14:08:20	MonitorSpeechStart	Ok, let's test.	1425
2024-05-26 14:08:21	ActionGesture	BrowRaise
2024-05-26 14:08:25	ActionGesture	Smile
2024-05-26 14:08:26	SenseSpeech	no	880
2024-05-26 14:08:26	MonitorSpeechStart	I am bit <mark name="action"/>	518
2024-05-26 14:08:26	ActionGesture	BrowRaise
2024-05-26 14:08:26	ActionGesture	PauseUncertain
2024-05-26 14:08:27	MonitorSpeechStart	uncertain	679
2024-05-26 14:08:27	ActionGesture	BrowRaise
2024-05-26 14:08:28	MonitorSpeechStart	I'm listening	676
2024-05-26 14:08:29	ActionGesture	SubtleShake
2024-05-26 14:08:29	MonitorSpeechStart	shaking	622
2024-05-26 14:08:30	ActionGesture	BrowRaise
2024-05-26 14:08:35	MonitorSpeechStart	Now I will pause <mark name="action"/>	1037
2024-05-26 14:08:36	ActionGesture	BrowRaise
2024-05-26 14:08:37	ActionGesture	GazeAway
2024-05-26 14:08:46	Autoreload is disabled because the development mode is off.
2024-05-26 14:08:47	Application started in 0.578 seconds.
2024-05-26 14:08:47	Responding at http://127.0.0.1:8888
2024-05-26 14:08:49	----------------- NEW EXECUTION-------------------
2024-05-26 14:08:49	FlowEvent	NEW_FLOW_STATE	Testing	0.0		UNDEFINED	Testing
2024-05-26 14:08:49	MonitorSpeechStart	Ok, let's test.	1425
2024-05-26 14:08:50	ActionGesture	BrowRaise
2024-05-26 14:08:53	ActionGesture	Smile
2024-05-26 14:08:54	SenseSpeech	no	797
2024-05-26 14:08:54	MonitorSpeechStart	I am bit <mark name="action"/>	518
2024-05-26 14:08:55	ActionGesture	BrowRaise
2024-05-26 14:08:55	ActionGesture	PauseUncertain
2024-05-26 14:08:56	MonitorSpeechStart	uncertain	679
2024-05-26 14:08:56	ActionGesture	BrowRaise
2024-05-26 14:08:57	MonitorSpeechStart	I'm listening	676
2024-05-26 14:08:58	ActionGesture	SubtleShake
2024-05-26 14:08:58	MonitorSpeechStart	shaking	622
2024-05-26 14:08:58	ActionGesture	BrowRaise
2024-05-26 14:09:04	MonitorSpeechStart	Now I will pause <mark name="action"/>	1037
2024-05-26 14:09:05	ActionGesture	BrowRaise
2024-05-26 14:09:05	ActionGesture	GazeAway
2024-05-26 14:09:07	MonitorSpeechStart	before continuing	1174
2024-05-26 14:09:07	ActionGesture	BrowRaise
2024-05-26 14:09:08	MonitorSpeechStart	I'm listening	676
2024-05-26 14:09:10	ActionGesture	SubtleNod
2024-05-26 14:09:10	MonitorSpeechStart	nodding	501
2024-05-26 14:09:10	ActionGesture	BrowRaise
2024-05-26 14:09:16	MonitorSpeechStart	Now I will pause <mark name="action"/>	1037
2024-05-26 14:09:17	ActionGesture	BrowRaise
2024-05-26 14:09:17	ActionGesture	GazeAway
2024-05-26 14:09:18	MonitorSpeechStart	before continuing	1174
2024-05-26 14:09:19	ActionGesture	BrowRaise
2024-05-26 14:09:20	MonitorSpeechStart	I'm listening	676
2024-05-26 14:09:22	ActionGesture	SubtleNod
2024-05-26 14:09:22	MonitorSpeechStart	nodding	501
2024-05-26 14:09:22	ActionGesture	BrowRaise
2024-05-26 14:09:33	MonitorSpeechStart	Now I will pause <mark name="action"/>	1037
2024-05-26 14:09:33	ActionGesture	BrowRaise
2024-05-26 14:09:34	ActionGesture	GazeAway
2024-05-26 14:09:35	MonitorSpeechStart	before continuing	1174
2024-05-26 14:09:35	ActionGesture	BrowRaise
2024-05-26 14:09:36	MonitorSpeechStart	I'm listening	676
2024-05-26 14:09:38	ActionGesture	SubtleNod
2024-05-26 14:09:38	MonitorSpeechStart	nodding	501
2024-05-26 14:09:38	ActionGesture	BrowRaise
2024-05-26 14:09:49	MonitorSpeechStart	Now I will pause <mark name="action"/>	1037
2024-05-26 14:09:50	ActionGesture	BrowRaise
2024-05-26 14:09:50	ActionGesture	GazeAway
2024-05-26 14:09:51	MonitorSpeechStart	before continuing	1174
2024-05-26 14:09:52	ActionGesture	BrowRaise
2024-05-26 14:09:53	MonitorSpeechStart	I'm listening	676
2024-05-26 14:09:55	ActionGesture	SubtleNod
2024-05-26 14:09:55	MonitorSpeechStart	nodding	501
2024-05-26 14:09:55	ActionGesture	BrowRaise
2024-05-26 14:11:45	Autoreload is disabled because the development mode is off.
2024-05-26 14:11:46	Application started in 0.56 seconds.
2024-05-26 14:11:46	Responding at http://127.0.0.1:8888
2024-05-26 14:11:48	----------------- NEW EXECUTION-------------------
2024-05-26 14:11:48	FlowEvent	NEW_FLOW_STATE	Testing	0.0		UNDEFINED	Testing
2024-05-26 14:11:48	MonitorSpeechStart	Ok, let's test.	1425
2024-05-26 14:11:50	ActionGesture	BrowRaise
2024-05-26 14:11:53	ActionGesture	Smile
2024-05-26 14:11:57	SenseSpeech	no no	4485
2024-05-26 14:11:57	MonitorSpeechStart	I am bit <mark name="action"/>	518
2024-05-26 14:11:57	ActionGesture	BrowRaise
2024-05-26 14:11:58	ActionGesture	PauseUncertain
2024-05-26 14:11:59	MonitorSpeechStart	uncertain	679
2024-05-26 14:11:59	ActionGesture	BrowRaise
2024-05-26 14:12:00	MonitorSpeechStart	I'm listening	676
2024-05-26 14:12:01	ActionGesture	SubtleShake
2024-05-26 14:12:01	MonitorSpeechStart	shaking	622
2024-05-26 14:12:01	ActionGesture	BrowRaise
2024-05-26 14:12:12	MonitorSpeechStart	Now I will pause <mark name="action"/>	1037
2024-05-26 14:12:13	ActionGesture	BrowRaise
2024-05-26 14:12:13	ActionGesture	GazeAway
2024-05-26 14:12:14	MonitorSpeechStart	before continuing	1174
2024-05-26 14:12:15	ActionGesture	BrowRaise
2024-05-26 14:12:16	MonitorSpeechStart	I'm listening	676
2024-05-26 14:12:17	ActionGesture	SubtleNod
2024-05-26 14:12:18	MonitorSpeechStart	nodding	501
2024-05-26 14:12:18	ActionGesture	BrowRaise
2024-05-26 14:12:29	MonitorSpeechStart	Now I will pause <mark name="action"/>	1037
2024-05-26 14:12:29	ActionGesture	BrowRaise
2024-05-26 14:12:30	ActionGesture	GazeAway
2024-05-26 14:12:31	MonitorSpeechStart	before continuing	1174
2024-05-26 14:12:31	ActionGesture	BrowRaise
2024-05-26 14:12:32	MonitorSpeechStart	I'm listening	676
2024-05-26 14:12:34	ActionGesture	SubtleNod
2024-05-26 14:12:34	MonitorSpeechStart	nodding	501
2024-05-26 14:12:34	ActionGesture	BrowRaise
2024-05-26 14:12:42	Autoreload is disabled because the development mode is off.
2024-05-26 14:12:43	Application started in 0.556 seconds.
2024-05-26 14:12:43	Responding at http://127.0.0.1:8888
2024-05-26 14:12:45	----------------- NEW EXECUTION-------------------
2024-05-26 14:12:45	FlowEvent	NEW_FLOW_STATE	Testing	0.0		UNDEFINED	Testing
2024-05-26 14:12:45	MonitorSpeechStart	Ok, let's test.	1425
2024-05-26 14:12:46	ActionGesture	BrowRaise
2024-05-26 14:12:50	ActionGesture	Smile
2024-05-26 14:12:51	SenseSpeech	no	826
2024-05-26 14:12:51	MonitorSpeechStart	I am bit <mark name="action"/>	518
2024-05-26 14:12:51	ActionGesture	BrowRaise
2024-05-26 14:12:51	ActionGesture	PauseUncertain
2024-05-26 14:12:52	MonitorSpeechStart	uncertain	679
2024-05-26 14:12:52	ActionGesture	BrowRaise
2024-05-26 14:12:53	MonitorSpeechStart	I'm listening	676
2024-05-26 14:12:54	ActionGesture	SubtleShake
2024-05-26 14:12:55	MonitorSpeechStart	shaking	622
2024-05-26 14:12:55	ActionGesture	BrowRaise
2024-05-26 14:12:58	ActionGesture	Smile
2024-05-26 14:12:59	SenseSpeech	yes	944
2024-05-26 14:13:00	MonitorSpeechStart	I am quite certain <mark name="action"/>	1024
2024-05-26 14:13:00	ActionGesture	BrowRaise
2024-05-26 14:13:01	ActionGesture	EyesOpenBrowUpNod
2024-05-26 14:13:01	MonitorSpeechStart	I'm determined	787
2024-05-26 14:13:02	ActionGesture	BrowRaise
2024-05-26 14:13:02	MonitorSpeechStart	I'm listening	676
2024-05-26 14:13:04	ActionGesture	SubtleNod
2024-05-26 14:13:04	MonitorSpeechStart	nodding	501
2024-05-26 14:13:04	ActionGesture	BrowRaise
2024-05-26 14:13:07	ActionGesture	Smile
2024-05-26 14:13:07	SenseSpeech	no	818
2024-05-26 14:13:08	MonitorSpeechStart	I am bit <mark name="action"/>	518
2024-05-26 14:13:08	ActionGesture	BrowRaise
2024-05-26 14:13:08	ActionGesture	PauseUncertain
2024-05-26 14:13:09	MonitorSpeechStart	uncertain	679
2024-05-26 14:13:09	ActionGesture	BrowRaise
2024-05-26 14:13:10	MonitorSpeechStart	I'm listening	676
2024-05-26 14:13:11	ActionGesture	SubtleShake
2024-05-26 14:13:11	MonitorSpeechStart	shaking	622
2024-05-26 14:13:12	ActionGesture	BrowRaise
2024-05-26 14:14:18	Autoreload is disabled because the development mode is off.
2024-05-26 14:14:18	Application started in 0.554 seconds.
2024-05-26 14:14:19	Responding at http://127.0.0.1:8888
2024-05-26 14:14:20	----------------- NEW EXECUTION-------------------
2024-05-26 14:14:20	FlowEvent	NEW_FLOW_STATE	Testing	0.0		UNDEFINED	Testing
2024-05-26 14:14:21	MonitorSpeechStart	Ok, let's test.	1425
2024-05-26 14:14:22	ActionGesture	BrowRaise
2024-05-26 14:14:25	ActionGesture	Smile
2024-05-26 14:14:26	SenseSpeech	no	959
2024-05-26 14:14:26	MonitorSpeechStart	I am bit <mark name="action"/>	518
2024-05-26 14:14:27	ActionGesture	BrowRaise
2024-05-26 14:14:27	ActionGesture	PauseUncertain
2024-05-26 14:14:28	MonitorSpeechStart	uncertain	679
2024-05-26 14:14:28	ActionGesture	BrowRaise
2024-05-26 14:14:29	MonitorSpeechStart	I'm listening	676
2024-05-26 14:14:30	ActionGesture	SubtleShake
2024-05-26 14:14:30	MonitorSpeechStart	shaking	622
2024-05-26 14:14:30	ActionGesture	BrowRaise
2024-05-26 14:14:36	MonitorSpeechStart	Now I will pause <mark name="action"/>	1037
2024-05-26 14:14:37	ActionGesture	BrowRaise
2024-05-26 14:14:37	ActionGesture	GazeAway
2024-05-26 14:14:39	MonitorSpeechStart	before continuing	1174
2024-05-26 14:14:39	ActionGesture	BrowRaise
2024-05-26 14:14:40	MonitorSpeechStart	I'm listening	676
2024-05-26 14:14:46	Autoreload is disabled because the development mode is off.
2024-05-26 14:14:47	Application started in 0.56 seconds.
2024-05-26 14:14:47	Responding at http://127.0.0.1:8888
2024-05-26 14:14:48	----------------- NEW EXECUTION-------------------
2024-05-26 14:14:48	FlowEvent	NEW_FLOW_STATE	Testing	0.0		UNDEFINED	Testing
2024-05-26 14:14:49	MonitorSpeechStart	Ok, let's test.	1425
2024-05-26 14:14:50	ActionGesture	BrowRaise
2024-05-26 14:14:53	ActionGesture	Smile
2024-05-26 14:14:58	SenseSpeech	no no	4663
2024-05-26 14:14:58	MonitorSpeechStart	I am bit <mark name="action"/>	518
2024-05-26 14:14:58	ActionGesture	BrowRaise
2024-05-26 14:14:59	ActionGesture	PauseUncertain
2024-05-26 14:14:59	MonitorSpeechStart	uncertain	679
2024-05-26 14:15:00	ActionGesture	BrowRaise
2024-05-26 14:15:00	MonitorSpeechStart	I'm listening	676
2024-05-26 14:15:02	ActionGesture	SubtleShake
2024-05-26 14:15:02	MonitorSpeechStart	shaking	622
2024-05-26 14:15:02	ActionGesture	BrowRaise
2024-05-26 14:15:21	Autoreload is disabled because the development mode is off.
2024-05-26 14:15:21	Application started in 0.559 seconds.
2024-05-26 14:15:22	Responding at http://127.0.0.1:8888
2024-05-26 14:15:24	----------------- NEW EXECUTION-------------------
2024-05-26 14:15:24	FlowEvent	NEW_FLOW_STATE	Testing	0.0		UNDEFINED	Testing
2024-05-26 14:15:24	MonitorSpeechStart	Ok, let's test.	1425
2024-05-26 14:15:25	ActionGesture	BrowRaise
2024-05-26 14:15:27	ActionGesture	Smile
2024-05-26 14:15:28	SenseSpeech	no	929
2024-05-26 14:15:28	MonitorSpeechStart	I am bit <mark name="action"/>	518
2024-05-26 14:15:29	ActionGesture	BrowRaise
2024-05-26 14:15:29	ActionGesture	PauseUncertain
2024-05-26 14:15:30	MonitorSpeechStart	uncertain	679
2024-05-26 14:15:30	ActionGesture	BrowRaise
2024-05-26 14:15:31	MonitorSpeechStart	I'm listening	676
2024-05-26 14:15:32	ActionGesture	SubtleShake
2024-05-26 14:15:32	MonitorSpeechStart	shaking	622
2024-05-26 14:15:32	ActionGesture	BrowRaise
2024-05-26 14:15:35	ActionGesture	Smile
2024-05-26 14:15:36	SenseSpeech	no	882
2024-05-26 14:15:36	MonitorSpeechStart	I am bit <mark name="action"/>	518
2024-05-26 14:15:36	ActionGesture	BrowRaise
2024-05-26 14:15:37	ActionGesture	PauseUncertain
2024-05-26 14:15:38	MonitorSpeechStart	uncertain	679
2024-05-26 14:15:38	ActionGesture	BrowRaise
2024-05-26 14:15:39	MonitorSpeechStart	I'm listening	676
2024-05-26 14:15:40	ActionGesture	SubtleShake
2024-05-26 14:15:40	MonitorSpeechStart	shaking	622
2024-05-26 14:15:40	ActionGesture	BrowRaise
2024-05-26 14:15:48	Autoreload is disabled because the development mode is off.
2024-05-26 14:15:48	Application started in 0.561 seconds.
2024-05-26 14:15:48	Responding at http://127.0.0.1:8888
2024-05-26 14:15:50	----------------- NEW EXECUTION-------------------
2024-05-26 14:15:50	FlowEvent	NEW_FLOW_STATE	Testing	0.0		UNDEFINED	Testing
2024-05-26 14:15:51	MonitorSpeechStart	Ok, let's test.	1425
2024-05-26 14:15:52	ActionGesture	BrowRaise
2024-05-26 14:15:54	ActionGesture	Smile
2024-05-26 14:15:56	SenseSpeech	no	1187
2024-05-26 14:15:56	MonitorSpeechStart	I am bit <mark name="action"/>	518
2024-05-26 14:15:56	ActionGesture	BrowRaise
2024-05-26 14:15:56	ActionGesture	PauseUncertain
2024-05-26 14:15:57	MonitorSpeechStart	uncertain	679
2024-05-26 14:15:57	ActionGesture	BrowRaise
2024-05-26 14:15:58	MonitorSpeechStart	I'm listening	676
2024-05-26 14:15:59	ActionGesture	SubtleShake
2024-05-26 14:16:00	MonitorSpeechStart	shaking	622
2024-05-26 14:16:00	ActionGesture	BrowRaise
2024-05-26 14:16:39	Autoreload is disabled because the development mode is off.
2024-05-26 14:16:40	Application started in 0.575 seconds.
2024-05-26 14:16:40	Responding at http://127.0.0.1:8888
2024-05-26 14:16:41	----------------- NEW EXECUTION-------------------
2024-05-26 14:16:41	FlowEvent	NEW_FLOW_STATE	Testing	0.0		UNDEFINED	Testing
2024-05-26 14:16:42	MonitorSpeechStart	Ok, let's test.	1425
2024-05-26 14:16:43	ActionGesture	BrowRaise
2024-05-26 14:16:45	ActionGesture	Smile
2024-05-26 14:16:46	SenseSpeech	no	841
2024-05-26 14:16:46	MonitorSpeechStart	I am bit <mark name="action"/>	518
2024-05-26 14:16:47	ActionGesture	BrowRaise
2024-05-26 14:16:47	ActionGesture	PauseUncertain
2024-05-26 14:16:48	MonitorSpeechStart	uncertain	679
2024-05-26 14:16:48	ActionGesture	BrowRaise
2024-05-26 14:16:49	MonitorSpeechStart	I'm listening	676
2024-05-26 14:16:50	ActionGesture	SubtleShake
2024-05-26 14:16:50	MonitorSpeechStart	shaking	622
2024-05-26 14:16:50	ActionGesture	BrowRaise
2024-05-26 14:16:58	Autoreload is disabled because the development mode is off.
2024-05-26 14:16:59	Application started in 0.561 seconds.
2024-05-26 14:16:59	Responding at http://127.0.0.1:8888
2024-05-26 14:17:00	----------------- NEW EXECUTION-------------------
2024-05-26 14:17:00	FlowEvent	NEW_FLOW_STATE	Testing	0.0		UNDEFINED	Testing
2024-05-26 14:17:01	MonitorSpeechStart	Ok, let's test.	1425
2024-05-26 14:17:02	ActionGesture	BrowRaise
2024-05-26 14:17:05	ActionGesture	Smile
2024-05-26 14:17:06	SenseSpeech	no	1128
2024-05-26 14:17:07	MonitorSpeechStart	I am bit <mark name="action"/>	518
2024-05-26 14:17:07	ActionGesture	BrowRaise
2024-05-26 14:17:07	ActionGesture	PauseUncertain
2024-05-26 14:17:08	MonitorSpeechStart	uncertain	679
2024-05-26 14:17:08	ActionGesture	BrowRaise
2024-05-26 14:17:09	MonitorSpeechStart	I'm listening	676
2024-05-26 14:17:10	ActionGesture	SubtleShake
2024-05-26 14:17:10	MonitorSpeechStart	shaking	622
2024-05-26 14:17:10	ActionGesture	BrowRaise
2024-05-26 14:17:21	MonitorSpeechStart	Now I will pause <mark name="action"/>	1037
2024-05-26 14:17:22	ActionGesture	BrowRaise
2024-05-26 14:17:22	ActionGesture	GazeAway
2024-05-26 14:17:24	MonitorSpeechStart	before continuing	1174
2024-05-26 14:17:28	Autoreload is disabled because the development mode is off.
2024-05-26 14:17:29	Application started in 0.558 seconds.
2024-05-26 14:17:29	Responding at http://127.0.0.1:8888
2024-05-26 14:17:30	----------------- NEW EXECUTION-------------------
2024-05-26 14:17:30	FlowEvent	NEW_FLOW_STATE	Testing	0.0		UNDEFINED	Testing
2024-05-26 14:17:31	MonitorSpeechStart	Ok, let's test.	1425
2024-05-26 14:17:32	ActionGesture	BrowRaise
2024-05-26 14:17:35	ActionGesture	Smile
2024-05-26 14:17:36	SenseSpeech	no	931
2024-05-26 14:17:36	MonitorSpeechStart	I am bit <mark name="action"/>	518
2024-05-26 14:17:36	ActionGesture	BrowRaise
2024-05-26 14:17:36	ActionGesture	PauseUncertain
2024-05-26 14:17:37	MonitorSpeechStart	uncertain	679
2024-05-26 14:17:37	ActionGesture	BrowRaise
2024-05-26 14:17:38	MonitorSpeechStart	I'm listening	676
2024-05-26 14:17:39	ActionGesture	SubtleShake
2024-05-26 14:17:40	MonitorSpeechStart	shaking	622
2024-05-26 14:17:40	ActionGesture	BrowRaise
2024-05-26 14:17:46	MonitorSpeechStart	Now I will pause <mark name="action"/>	1037
2024-05-26 14:17:46	ActionGesture	BrowRaise
2024-05-26 14:17:47	ActionGesture	GazeAway
2024-05-26 14:23:19	Autoreload is disabled because the development mode is off.
2024-05-26 14:23:19	Application started in 0.566 seconds.
2024-05-26 14:23:20	Responding at http://127.0.0.1:8888
2024-05-26 14:23:22	----------------- NEW EXECUTION-------------------
2024-05-26 14:23:22	FlowEvent	NEW_FLOW_STATE	Testing	0.0		UNDEFINED	Testing
2024-05-26 14:23:22	MonitorSpeechStart	Ok, let's test.	1425
2024-05-26 14:23:23	ActionGesture	BrowRaise
2024-05-26 14:23:32	MonitorSpeechStart	Now I will pause <mark name="action"/>	1037
2024-05-26 14:23:33	ActionGesture	BrowRaise
2024-05-26 14:23:33	ActionGesture	SubtleWobble
2024-05-26 14:23:34	MonitorSpeechStart	before continuing	1174
2024-05-26 14:23:35	ActionGesture	BrowRaise
2024-05-26 14:23:36	MonitorSpeechStart	I'm listening	676
2024-05-26 14:23:37	ActionGesture	SubtleWobble
2024-05-26 14:23:39	MonitorSpeechStart	wobbling	508
2024-05-26 14:23:39	ActionGesture	BrowRaise
2024-05-26 14:24:18	Autoreload is disabled because the development mode is off.
2024-05-26 14:24:19	Application started in 0.579 seconds.
2024-05-26 14:24:19	Responding at http://127.0.0.1:8888
2024-05-26 14:24:21	----------------- NEW EXECUTION-------------------
2024-05-26 14:24:21	FlowEvent	NEW_FLOW_STATE	Testing	0.0		UNDEFINED	Testing
2024-05-26 14:24:22	MonitorSpeechStart	Ok, let's test.	1425
2024-05-26 14:24:23	ActionGesture	BrowRaise
2024-05-26 14:24:31	MonitorSpeechStart	Now I will pause <mark name="action"/>	1037
2024-05-26 14:24:32	ActionGesture	BrowRaise
2024-05-26 14:24:32	ActionGesture	IndianHeadWobble
2024-05-26 14:24:34	MonitorSpeechStart	before continuing	1174
2024-05-26 14:24:34	ActionGesture	BrowRaise
2024-05-26 14:24:35	MonitorSpeechStart	I'm listening	676
2024-05-26 14:24:37	ActionGesture	IndianHeadWobble
2024-05-26 14:24:37	MonitorSpeechStart	wobbling	508
2024-05-26 14:24:37	ActionGesture	BrowRaise
2024-05-26 14:25:32	Autoreload is disabled because the development mode is off.
2024-05-26 14:25:32	Application started in 0.564 seconds.
2024-05-26 14:25:33	Responding at http://127.0.0.1:8888
2024-05-26 14:25:34	----------------- NEW EXECUTION-------------------
2024-05-26 14:25:34	FlowEvent	NEW_FLOW_STATE	Testing	0.0		UNDEFINED	Testing
2024-05-26 14:25:35	MonitorSpeechStart	Ok, let's test.	1425
2024-05-26 14:25:36	ActionGesture	BrowRaise
2024-05-26 14:25:45	MonitorSpeechStart	Now I will pause <mark name="action"/>	1037
2024-05-26 14:25:45	ActionGesture	BrowRaise
2024-05-26 14:25:46	ActionGesture	IndianHeadWobble
2024-05-26 14:25:47	MonitorSpeechStart	before continuing	1174
2024-05-26 14:25:48	ActionGesture	BrowRaise
2024-05-26 14:25:48	MonitorSpeechStart	I'm listening	676
2024-05-26 14:25:50	ActionGesture	IndianHeadWobble
2024-05-26 14:25:50	MonitorSpeechStart	wobbling	508
2024-05-26 14:25:51	ActionGesture	BrowRaise
2024-05-26 14:25:56	MonitorSpeechStart	Now I will pause <mark name="action"/>	1037
2024-05-26 14:25:57	ActionGesture	BrowRaise
2024-05-26 14:25:57	ActionGesture	IndianHeadWobble
2024-05-26 14:25:59	MonitorSpeechStart	before continuing	1174
2024-05-26 14:25:59	ActionGesture	BrowRaise
2024-05-26 14:26:00	MonitorSpeechStart	I'm listening	676
2024-05-26 14:26:02	ActionGesture	IndianHeadWobble
2024-05-26 14:26:02	MonitorSpeechStart	wobbling	508
2024-05-26 14:26:02	ActionGesture	BrowRaise
2024-05-26 14:26:13	MonitorSpeechStart	Now I will pause <mark name="action"/>	1037
2024-05-26 14:26:14	ActionGesture	BrowRaise
2024-05-26 14:26:14	ActionGesture	IndianHeadWobble
2024-05-26 14:26:15	MonitorSpeechStart	before continuing	1174
2024-05-26 14:26:16	ActionGesture	BrowRaise
2024-05-26 14:26:17	MonitorSpeechStart	I'm listening	676
2024-05-26 14:28:11	Autoreload is disabled because the development mode is off.
2024-05-26 14:28:11	Application started in 0.565 seconds.
2024-05-26 14:28:12	Responding at http://127.0.0.1:8888
2024-05-26 14:28:14	----------------- NEW EXECUTION-------------------
2024-05-26 14:28:14	FlowEvent	NEW_FLOW_STATE	Testing	0.0		UNDEFINED	Testing
2024-05-26 14:28:14	MonitorSpeechStart	Ok, let's test.	1425
2024-05-26 14:28:15	ActionGesture	BrowRaise
2024-05-26 14:28:24	MonitorSpeechStart	Now I will pause <mark name="action"/>	1037
2024-05-26 14:28:25	ActionGesture	BrowRaise
2024-05-26 14:28:25	ActionGesture	IndianHeadWobble
2024-05-26 14:28:26	MonitorSpeechStart	before continuing	1174
2024-05-26 14:28:27	ActionGesture	BrowRaise
2024-05-26 14:28:28	MonitorSpeechStart	I'm listening	676
2024-05-26 14:28:29	ActionGesture	IndianHeadWobble
2024-05-26 14:28:30	MonitorSpeechStart	wobbling	508
2024-05-26 14:28:30	ActionGesture	BrowRaise
2024-05-26 14:28:33	ActionGesture	Smile
2024-05-26 14:28:34	SenseSpeech	yes	970
2024-05-26 14:28:34	MonitorSpeechStart	I am quite certain <mark name="action"/>	1024
2024-05-26 14:28:34	ActionGesture	BrowRaise
2024-05-26 14:28:35	ActionGesture	EyesOpenBrowUpNod
2024-05-26 14:28:36	MonitorSpeechStart	I'm determined	787
2024-05-26 14:28:36	ActionGesture	BrowRaise
2024-05-26 14:28:37	MonitorSpeechStart	I'm listening	676
2024-05-26 14:28:38	ActionGesture	SubtleNod
2024-05-26 14:28:39	MonitorSpeechStart	nodding	501
2024-05-26 14:28:39	ActionGesture	BrowRaise
2024-05-26 14:28:44	MonitorSpeechStart	Now I will pause <mark name="action"/>	1037
2024-05-26 14:28:45	ActionGesture	BrowRaise
2024-05-26 14:28:46	ActionGesture	IndianHeadWobble
2024-05-26 14:28:47	MonitorSpeechStart	before continuing	1174
2024-05-26 14:28:47	ActionGesture	BrowRaise
2024-05-26 14:28:48	MonitorSpeechStart	I'm listening	676
2024-05-26 14:29:25	Autoreload is disabled because the development mode is off.
2024-05-26 14:29:26	Application started in 0.556 seconds.
2024-05-26 14:29:26	Responding at http://127.0.0.1:8888
2024-05-26 14:29:28	----------------- NEW EXECUTION-------------------
2024-05-26 14:29:28	FlowEvent	NEW_FLOW_STATE	Testing	0.0		UNDEFINED	Testing
2024-05-26 14:29:29	MonitorSpeechStart	Ok, let's test.	1425
2024-05-26 14:29:30	ActionGesture	BrowRaise
2024-05-26 14:29:32	ActionGesture	Smile
2024-05-26 14:29:32	SenseSpeech	yes	924
2024-05-26 14:29:33	MonitorSpeechStart	I am quite certain <mark name="action"/>	1024
2024-05-26 14:29:33	ActionGesture	BrowRaise
2024-05-26 14:29:34	ActionGesture	EyesOpenBrowUpNod
2024-05-26 14:29:35	MonitorSpeechStart	I'm determined	787
2024-05-26 14:29:35	ActionGesture	BrowRaise
2024-05-26 14:29:36	MonitorSpeechStart	I'm listening	676
2024-05-26 14:29:37	ActionGesture	SubtleNod
2024-05-26 14:29:38	MonitorSpeechStart	nodding	501
2024-05-26 14:29:38	ActionGesture	BrowRaise
2024-05-26 14:29:58	Autoreload is disabled because the development mode is off.
2024-05-26 14:29:58	Application started in 0.612 seconds.
2024-05-26 14:29:58	Responding at http://127.0.0.1:8888
2024-05-26 14:30:00	----------------- NEW EXECUTION-------------------
2024-05-26 14:30:00	FlowEvent	NEW_FLOW_STATE	Testing	0.0		UNDEFINED	Testing
2024-05-26 14:30:00	MonitorSpeechStart	Ok, let's test.	1425
2024-05-26 14:30:01	ActionGesture	BrowRaise
2024-05-26 14:30:03	ActionGesture	Smile
2024-05-26 14:30:04	SenseSpeech	yes	912
2024-05-26 14:30:04	MonitorSpeechStart	I am quite certain <mark name="action"/>	1024
2024-05-26 14:30:05	ActionGesture	BrowRaise
2024-05-26 14:30:05	ActionGesture	EyesOpenBrowUpNod
2024-05-26 14:30:06	MonitorSpeechStart	I'm determined	787
2024-05-26 14:30:06	ActionGesture	BrowRaise
2024-05-26 14:30:07	MonitorSpeechStart	I'm listening	676
2024-05-26 14:31:09	Autoreload is disabled because the development mode is off.
2024-05-26 14:31:10	Application started in 0.561 seconds.
2024-05-26 14:31:10	Responding at http://127.0.0.1:8888
2024-05-26 14:31:12	----------------- NEW EXECUTION-------------------
2024-05-26 14:31:12	FlowEvent	NEW_FLOW_STATE	Testing	0.0		UNDEFINED	Testing
2024-05-26 14:31:13	MonitorSpeechStart	Ok, let's test.	1425
2024-05-26 14:31:14	ActionGesture	BrowRaise
2024-05-26 14:31:15	ActionGesture	Smile
2024-05-26 14:31:16	SenseSpeech	yes	902
2024-05-26 14:31:17	MonitorSpeechStart	I am quite certain <mark name="action"/>	1024
2024-05-26 14:31:17	ActionGesture	BrowRaise
2024-05-26 14:31:18	ActionGesture	EyesOpenBrowUpNod
2024-05-26 14:31:18	MonitorSpeechStart	I'm determined	787
2024-05-26 14:31:19	ActionGesture	BrowRaise
2024-05-26 14:31:19	MonitorSpeechStart	I'm listening	676
2024-05-26 14:31:21	ActionGesture	SubtleNod
2024-05-26 14:31:21	MonitorSpeechStart	nodding	501
2024-05-26 14:31:21	ActionGesture	BrowRaise
2024-05-26 14:31:56	Autoreload is disabled because the development mode is off.
2024-05-26 14:31:57	Application started in 0.558 seconds.
2024-05-26 14:31:57	Responding at http://127.0.0.1:8888
2024-05-26 14:31:59	----------------- NEW EXECUTION-------------------
2024-05-26 14:31:59	FlowEvent	NEW_FLOW_STATE	Testing	0.0		UNDEFINED	Testing
2024-05-26 14:31:59	MonitorSpeechStart	Ok, let's test.	1425
2024-05-26 14:32:01	ActionGesture	BrowRaise
2024-05-26 14:32:03	ActionGesture	Smile
2024-05-26 14:32:04	SenseSpeech	yes	1038
2024-05-26 14:32:04	MonitorSpeechStart	I am quite certain <mark name="action"/>	1024
2024-05-26 14:32:05	ActionGesture	BrowRaise
2024-05-26 14:32:05	ActionGesture	EyesOpenBrowUpNod
2024-05-26 14:32:06	MonitorSpeechStart	I'm determined	787
2024-05-26 14:32:06	ActionGesture	BrowRaise
2024-05-26 14:32:07	MonitorSpeechStart	I'm listening	676
2024-05-26 14:32:09	ActionGesture	SubtleNod
2024-05-26 14:32:09	MonitorSpeechStart	nodding	501
2024-05-26 14:32:09	ActionGesture	BrowRaise
2024-05-26 14:32:15	MonitorSpeechStart	Now I will pause <mark name="action"/>	1037
2024-05-26 14:32:16	ActionGesture	BrowRaise
2024-05-26 14:32:16	ActionGesture	IndianHeadWobble
2024-05-26 14:32:17	MonitorSpeechStart	before continuing	1174
2024-05-26 14:32:18	ActionGesture	BrowRaise
2024-05-26 14:32:19	MonitorSpeechStart	I'm listening	676
2024-05-26 14:32:20	ActionGesture	IndianHeadWobble
2024-05-26 14:32:21	MonitorSpeechStart	wobbling	508
2024-05-26 14:32:21	ActionGesture	BrowRaise
2024-05-26 14:32:22	ActionGesture	Smile
2024-05-26 14:32:24	SenseSpeech	yes	2297
2024-05-26 14:32:25	MonitorSpeechStart	I am quite certain <mark name="action"/>	1024
2024-05-26 14:32:25	ActionGesture	BrowRaise
2024-05-26 14:32:26	ActionGesture	EyesOpenBrowUpNod
2024-05-26 14:32:26	MonitorSpeechStart	I'm determined	787
2024-05-26 14:32:27	ActionGesture	BrowRaise
2024-05-26 14:32:27	MonitorSpeechStart	I'm listening	676
2024-05-26 14:32:29	ActionGesture	SubtleNod
2024-05-26 14:32:29	MonitorSpeechStart	nodding	501
2024-05-26 14:32:29	ActionGesture	BrowRaise
2024-05-26 14:32:56	Autoreload is disabled because the development mode is off.
2024-05-26 14:32:56	Application started in 0.558 seconds.
2024-05-26 14:32:57	Responding at http://127.0.0.1:8888
2024-05-26 14:32:58	----------------- NEW EXECUTION-------------------
2024-05-26 14:32:58	FlowEvent	NEW_FLOW_STATE	Testing	0.0		UNDEFINED	Testing
2024-05-26 14:32:58	MonitorSpeechStart	Ok, let's test.	1425
2024-05-26 14:32:59	ActionGesture	BrowRaise
2024-05-26 14:33:02	ActionGesture	Smile
2024-05-26 14:33:02	SenseSpeech	yes	963
2024-05-26 14:33:03	MonitorSpeechStart	I am quite certain <mark name="action"/>	1024
2024-05-26 14:33:03	ActionGesture	BrowRaise
2024-05-26 14:33:04	ActionGesture	EyesOpenBrowUpNod
2024-05-26 14:33:05	MonitorSpeechStart	I'm determined	787
2024-05-26 14:33:05	ActionGesture	BrowRaise
2024-05-26 14:33:06	MonitorSpeechStart	I'm listening	676
2024-05-26 14:33:07	ActionGesture	SubtleNod
2024-05-26 14:33:08	MonitorSpeechStart	nodding	501
2024-05-26 14:33:08	ActionGesture	BrowRaise
2024-05-26 14:33:25	Autoreload is disabled because the development mode is off.
2024-05-26 14:33:25	Application started in 0.557 seconds.
2024-05-26 14:33:25	Responding at http://127.0.0.1:8888
2024-05-26 14:33:26	----------------- NEW EXECUTION-------------------
2024-05-26 14:33:26	FlowEvent	NEW_FLOW_STATE	Testing	0.0		UNDEFINED	Testing
2024-05-26 14:33:27	MonitorSpeechStart	Ok, let's test.	1425
2024-05-26 14:33:28	ActionGesture	BrowRaise
2024-05-26 14:33:30	ActionGesture	Smile
2024-05-26 14:33:31	SenseSpeech	yes	902
2024-05-26 14:33:31	MonitorSpeechStart	I am quite certain <mark name="action"/>	1024
2024-05-26 14:33:32	ActionGesture	BrowRaise
2024-05-26 14:33:32	ActionGesture	EyesOpenBrowUpNod
2024-05-26 14:33:33	MonitorSpeechStart	I'm determined	787
2024-05-26 14:33:33	ActionGesture	BrowRaise
2024-05-26 14:33:34	MonitorSpeechStart	I'm listening	676
2024-05-26 14:33:36	ActionGesture	SubtleNod
2024-05-26 14:33:36	MonitorSpeechStart	nodding	501
2024-05-26 14:33:36	ActionGesture	BrowRaise
2024-05-26 14:33:39	ActionGesture	Smile
2024-05-26 14:33:40	SenseSpeech	yes	1076
2024-05-26 14:33:40	MonitorSpeechStart	I am quite certain <mark name="action"/>	1024
2024-05-26 14:33:41	ActionGesture	BrowRaise
2024-05-26 14:33:41	ActionGesture	EyesOpenBrowUpNod
2024-05-26 14:33:42	MonitorSpeechStart	I'm determined	787
2024-05-26 14:33:42	ActionGesture	BrowRaise
2024-05-26 14:33:43	MonitorSpeechStart	I'm listening	676
2024-05-26 14:34:08	Autoreload is disabled because the development mode is off.
2024-05-26 14:34:08	Application started in 0.562 seconds.
2024-05-26 14:34:08	Responding at http://127.0.0.1:8888
2024-05-26 14:34:10	----------------- NEW EXECUTION-------------------
2024-05-26 14:34:10	FlowEvent	NEW_FLOW_STATE	Testing	0.0		UNDEFINED	Testing
2024-05-26 14:34:10	MonitorSpeechStart	Ok, let's test.	1425
2024-05-26 14:34:11	ActionGesture	BrowRaise
2024-05-26 14:34:14	ActionGesture	Smile
2024-05-26 14:34:15	SenseSpeech	yes	998
2024-05-26 14:34:15	MonitorSpeechStart	I am quite certain <mark name="action"/>	1024
2024-05-26 14:34:16	ActionGesture	BrowRaise
2024-05-26 14:34:16	ActionGesture	EyesOpenBrowUpNod
2024-05-26 14:34:17	MonitorSpeechStart	I'm determined	787
2024-05-26 14:34:17	ActionGesture	BrowRaise
2024-05-26 14:34:18	MonitorSpeechStart	I'm listening	676
2024-05-26 14:34:20	ActionGesture	SubtleNod
2024-05-26 14:34:20	MonitorSpeechStart	nodding	501
2024-05-26 14:34:20	ActionGesture	BrowRaise
2024-05-26 14:34:26	MonitorSpeechStart	Now I will pause <mark name="action"/>	1037
2024-05-26 14:34:26	ActionGesture	BrowRaise
2024-05-26 14:34:27	ActionGesture	IndianHeadWobble
2024-05-26 14:35:03	Autoreload is disabled because the development mode is off.
2024-05-26 14:35:04	Application started in 0.556 seconds.
2024-05-26 14:35:04	Responding at http://127.0.0.1:8888
2024-05-26 14:35:06	----------------- NEW EXECUTION-------------------
2024-05-26 14:35:06	FlowEvent	NEW_FLOW_STATE	Testing	0.0		UNDEFINED	Testing
2024-05-26 14:35:07	MonitorSpeechStart	Ok, let's test.	1425
2024-05-26 14:35:08	ActionGesture	BrowRaise
2024-05-26 14:35:10	ActionGesture	Smile
2024-05-26 14:35:11	SenseSpeech	yes	934
2024-05-26 14:35:11	MonitorSpeechStart	I am quite certain <mark name="action"/>	1024
2024-05-26 14:35:12	ActionGesture	BrowRaise
2024-05-26 14:35:12	ActionGesture	EyesOpenBrowUpNod
2024-05-26 14:35:13	MonitorSpeechStart	I'm determined	787
2024-05-26 14:35:14	ActionGesture	BrowRaise
2024-05-26 14:35:14	MonitorSpeechStart	I'm listening	676
2024-05-26 14:35:16	ActionGesture	SubtleNod
2024-05-26 14:35:16	MonitorSpeechStart	nodding	501
2024-05-26 14:35:16	ActionGesture	BrowRaise
2024-05-26 14:35:18	ActionGesture	Smile
2024-05-26 14:35:19	SenseSpeech	yes	928
2024-05-26 14:35:20	MonitorSpeechStart	I am quite certain <mark name="action"/>	1024
2024-05-26 14:35:20	ActionGesture	BrowRaise
2024-05-26 14:35:21	ActionGesture	EyesOpenBrowUpNod
2024-05-26 14:35:21	MonitorSpeechStart	I'm determined	787
2024-05-26 14:35:22	ActionGesture	BrowRaise
2024-05-26 14:35:22	MonitorSpeechStart	I'm listening	676
2024-05-26 14:35:24	ActionGesture	SubtleNod
2024-05-26 14:35:24	MonitorSpeechStart	nodding	501
2024-05-26 14:35:24	ActionGesture	BrowRaise
2024-05-26 14:35:30	MonitorSpeechStart	Now I will pause <mark name="action"/>	1037
2024-05-26 14:35:35	Autoreload is disabled because the development mode is off.
2024-05-26 14:35:35	Application started in 0.567 seconds.
2024-05-26 14:35:36	Responding at http://127.0.0.1:8888
2024-05-26 14:35:37	----------------- NEW EXECUTION-------------------
2024-05-26 14:35:37	FlowEvent	NEW_FLOW_STATE	Testing	0.0		UNDEFINED	Testing
2024-05-26 14:35:38	MonitorSpeechStart	Ok, let's test.	1425
2024-05-26 14:35:39	ActionGesture	BrowRaise
2024-05-26 14:35:41	ActionGesture	Smile
2024-05-26 14:35:43	SenseSpeech	yes	1532
2024-05-26 14:35:43	MonitorSpeechStart	I am quite certain <mark name="action"/>	1024
2024-05-26 14:35:44	ActionGesture	BrowRaise
2024-05-26 14:35:44	ActionGesture	EyesOpenBrowUpNod
2024-05-26 14:35:45	MonitorSpeechStart	I'm determined	787
2024-05-26 14:35:45	ActionGesture	BrowRaise
2024-05-26 14:35:46	MonitorSpeechStart	I'm listening	676
2024-05-26 14:35:48	ActionGesture	SubtleNod
2024-05-26 14:35:48	MonitorSpeechStart	nodding	501
2024-05-26 14:35:48	ActionGesture	BrowRaise
2024-05-26 14:35:54	MonitorSpeechStart	Now I will pause <mark name="action"/>	1037
2024-05-26 14:35:55	ActionGesture	BrowRaise
2024-05-26 14:35:55	ActionGesture	IndianHeadWobble
2024-05-26 14:35:56	MonitorSpeechStart	before continuing	1174
2024-05-26 14:35:57	ActionGesture	BrowRaise
2024-05-26 14:35:58	MonitorSpeechStart	I'm listening	676
2024-05-26 14:35:59	ActionGesture	IndianHeadWobble
2024-05-26 14:36:00	MonitorSpeechStart	wobbling	508
2024-05-26 14:36:00	ActionGesture	BrowRaise
2024-05-26 14:36:07	Autoreload is disabled because the development mode is off.
2024-05-26 14:36:08	Application started in 0.564 seconds.
2024-05-26 14:36:08	Responding at http://127.0.0.1:8888
2024-05-26 14:36:09	----------------- NEW EXECUTION-------------------
2024-05-26 14:36:09	FlowEvent	NEW_FLOW_STATE	Testing	0.0		UNDEFINED	Testing
2024-05-26 14:36:10	MonitorSpeechStart	Ok, let's test.	1425
2024-05-26 14:36:11	ActionGesture	BrowRaise
2024-05-26 14:36:14	ActionGesture	Smile
2024-05-26 14:36:15	SenseSpeech	yes	996
2024-05-26 14:36:15	MonitorSpeechStart	I am quite certain <mark name="action"/>	1024
2024-05-26 14:36:16	ActionGesture	BrowRaise
2024-05-26 14:36:16	ActionGesture	EyesOpenBrowUpNod
2024-05-26 14:36:17	MonitorSpeechStart	I'm determined	787
2024-05-26 14:36:17	ActionGesture	BrowRaise
2024-05-26 14:36:18	MonitorSpeechStart	I'm listening	676
2024-05-26 14:36:20	ActionGesture	SubtleNod
2024-05-26 14:36:20	MonitorSpeechStart	nodding	501
2024-05-26 14:36:20	ActionGesture	BrowRaise
2024-05-26 14:36:31	MonitorSpeechStart	Now I will pause <mark name="action"/>	1037
2024-05-26 14:36:31	ActionGesture	BrowRaise
2024-05-26 14:36:32	ActionGesture	IndianHeadWobble
2024-05-26 14:36:33	MonitorSpeechStart	before continuing	1174
2024-05-26 14:36:33	ActionGesture	BrowRaise
2024-05-26 14:36:34	MonitorSpeechStart	I'm listening	676
2024-05-26 14:36:36	ActionGesture	IndianHeadWobble
2024-05-26 14:36:36	MonitorSpeechStart	wobbling	508
2024-05-26 14:36:36	ActionGesture	BrowRaise
2024-05-26 14:36:42	MonitorSpeechStart	Now I will pause <mark name="action"/>	1037
2024-05-26 14:36:43	ActionGesture	BrowRaise
2024-05-26 14:36:43	ActionGesture	IndianHeadWobble
2024-05-26 14:36:45	MonitorSpeechStart	before continuing	1174
2024-05-26 14:36:45	ActionGesture	BrowRaise
2024-05-26 14:36:46	MonitorSpeechStart	I'm listening	676
2024-05-26 14:36:48	ActionGesture	IndianHeadWobble
2024-05-26 14:36:48	MonitorSpeechStart	wobbling	508
2024-05-26 14:36:48	ActionGesture	BrowRaise
2024-05-26 14:36:54	MonitorSpeechStart	Now I will pause <mark name="action"/>	1037
2024-05-26 14:36:55	ActionGesture	BrowRaise
2024-05-26 14:36:55	ActionGesture	IndianHeadWobble
2024-05-26 14:36:56	MonitorSpeechStart	before continuing	1174
2024-05-26 14:36:57	ActionGesture	BrowRaise
2024-05-26 14:36:58	MonitorSpeechStart	I'm listening	676
2024-05-26 14:37:00	ActionGesture	IndianHeadWobble
2024-05-26 14:37:00	MonitorSpeechStart	wobbling	508
2024-05-26 14:37:00	ActionGesture	BrowRaise
2024-05-26 14:37:05	Autoreload is disabled because the development mode is off.
2024-05-26 14:37:06	Application started in 0.556 seconds.
2024-05-26 14:37:06	Responding at http://127.0.0.1:8888
2024-05-26 14:37:08	----------------- NEW EXECUTION-------------------
2024-05-26 14:37:08	FlowEvent	NEW_FLOW_STATE	Testing	0.0		UNDEFINED	Testing
2024-05-26 14:37:08	MonitorSpeechStart	Ok, let's test.	1425
2024-05-26 14:37:09	ActionGesture	BrowRaise
2024-05-26 14:37:11	ActionGesture	Smile
2024-05-26 14:37:12	SenseSpeech	yes	980
2024-05-26 14:37:13	MonitorSpeechStart	I am quite certain <mark name="action"/>	1024
2024-05-26 14:37:13	ActionGesture	BrowRaise
2024-05-26 14:37:14	ActionGesture	EyesOpenBrowUpNod
2024-05-26 14:37:14	MonitorSpeechStart	I'm determined	787
2024-05-26 14:37:15	ActionGesture	BrowRaise
2024-05-26 14:37:16	MonitorSpeechStart	I'm listening	676
2024-05-26 14:37:17	ActionGesture	SubtleNod
2024-05-26 14:37:18	MonitorSpeechStart	nodding	501
2024-05-26 14:37:18	ActionGesture	BrowRaise
2024-05-26 14:37:28	MonitorSpeechStart	Now I will pause <mark name="action"/>	1037
2024-05-26 14:37:29	ActionGesture	BrowRaise
2024-05-26 14:37:29	ActionGesture	IndianHeadWobble
2024-05-26 14:37:31	MonitorSpeechStart	before continuing	1174
2024-05-26 14:37:31	ActionGesture	BrowRaise
2024-05-26 14:37:32	MonitorSpeechStart	I'm listening	676
2024-05-26 14:37:34	ActionGesture	IndianHeadWobble
2024-05-26 14:37:34	MonitorSpeechStart	wobbling	508
2024-05-26 14:37:34	ActionGesture	BrowRaise
2024-05-26 14:37:44	Autoreload is disabled because the development mode is off.
2024-05-26 14:37:45	Application started in 0.559 seconds.
2024-05-26 14:37:45	Responding at http://127.0.0.1:8888
2024-05-26 14:37:47	----------------- NEW EXECUTION-------------------
2024-05-26 14:37:47	FlowEvent	NEW_FLOW_STATE	Testing	0.0		UNDEFINED	Testing
2024-05-26 14:37:47	MonitorSpeechStart	Ok, let's test.	1425
2024-05-26 14:37:49	ActionGesture	BrowRaise
2024-05-26 14:37:51	ActionGesture	Smile
2024-05-26 14:37:52	SenseSpeech	yes	1091
2024-05-26 14:37:52	MonitorSpeechStart	I am quite certain <mark name="action"/>	1024
2024-05-26 14:37:53	ActionGesture	BrowRaise
2024-05-26 14:37:53	ActionGesture	EyesOpenBrowUpNod
2024-05-26 14:37:54	MonitorSpeechStart	I'm determined	787
2024-05-26 14:37:54	ActionGesture	BrowRaise
2024-05-26 14:37:55	MonitorSpeechStart	I'm listening	676
2024-05-26 14:37:57	ActionGesture	SubtleNod
2024-05-26 14:37:57	MonitorSpeechStart	nodding	501
2024-05-26 14:37:57	ActionGesture	BrowRaise
2024-05-26 14:38:01	ActionGesture	Smile
2024-05-26 14:38:02	SenseSpeech	yes	1610
2024-05-26 14:38:03	MonitorSpeechStart	I am quite certain <mark name="action"/>	1024
2024-05-26 14:38:03	ActionGesture	BrowRaise
2024-05-26 14:38:04	ActionGesture	EyesOpenBrowUpNod
2024-05-26 14:38:04	MonitorSpeechStart	I'm determined	787
2024-05-26 14:38:05	ActionGesture	BrowRaise
2024-05-26 14:38:06	MonitorSpeechStart	I'm listening	676
2024-05-26 14:38:07	ActionGesture	SubtleNod
2024-05-26 14:38:07	MonitorSpeechStart	nodding	501
2024-05-26 14:38:08	ActionGesture	BrowRaise
2024-05-26 14:38:13	MonitorSpeechStart	Now I will pause <mark name="action"/>	1037
2024-05-26 14:38:14	ActionGesture	BrowRaise
2024-05-26 14:39:33	Autoreload is disabled because the development mode is off.
2024-05-26 14:39:33	Application started in 0.56 seconds.
2024-05-26 14:39:34	Responding at http://127.0.0.1:8888
2024-05-26 14:39:35	----------------- NEW EXECUTION-------------------
2024-05-26 14:39:35	FlowEvent	NEW_FLOW_STATE	Testing	0.0		UNDEFINED	Testing
2024-05-26 14:39:35	MonitorSpeechStart	Ok, let's test.	1425
2024-05-26 14:39:37	ActionGesture	BrowRaise
2024-05-26 14:39:40	ActionGesture	Smile
2024-05-26 14:39:40	SenseSpeech	yes	946
2024-05-26 14:39:41	MonitorSpeechStart	I am quite certain <mark name="action"/>	1024
2024-05-26 14:39:41	ActionGesture	BrowRaise
2024-05-26 14:39:42	ActionGesture	EyesOpenBrowUpNod
2024-05-26 14:39:42	MonitorSpeechStart	I'm determined	787
2024-05-26 14:39:43	ActionGesture	BrowRaise
2024-05-26 14:39:44	MonitorSpeechStart	I'm listening	676
2024-05-26 14:39:45	ActionGesture	SubtleNod
2024-05-26 14:39:46	MonitorSpeechStart	nodding	501
2024-05-26 14:39:46	ActionGesture	BrowRaise
2024-05-26 14:40:10	Autoreload is disabled because the development mode is off.
2024-05-26 14:40:11	Application started in 0.554 seconds.
2024-05-26 14:40:11	Responding at http://127.0.0.1:8888
2024-05-26 14:40:12	----------------- NEW EXECUTION-------------------
2024-05-26 14:40:12	FlowEvent	NEW_FLOW_STATE	Testing	0.0		UNDEFINED	Testing
2024-05-26 14:40:13	MonitorSpeechStart	Ok, let's test.	1425
2024-05-26 14:40:14	ActionGesture	BrowRaise
2024-05-26 14:40:17	ActionGesture	Smile
2024-05-26 14:40:18	SenseSpeech	yes	1152
2024-05-26 14:40:19	MonitorSpeechStart	I am quite certain <mark name="action"/>	1024
2024-05-26 14:40:19	ActionGesture	BrowRaise
2024-05-26 14:40:20	ActionGesture	EyesOpenBrowUpNod
2024-05-26 14:40:20	MonitorSpeechStart	I'm determined	787
2024-05-26 14:40:21	ActionGesture	BrowRaise
2024-05-26 14:40:22	MonitorSpeechStart	I'm listening	676
2024-05-26 14:40:23	ActionGesture	SubtleNod
2024-05-26 14:40:23	MonitorSpeechStart	nodding	501
2024-05-26 14:40:24	ActionGesture	BrowRaise
2024-05-26 14:40:29	MonitorSpeechStart	Now I will pause <mark name="action"/>	1037
2024-05-26 14:40:30	ActionGesture	BrowRaise
2024-05-26 14:40:31	ActionGesture	IndianHeadWobble
2024-05-26 14:40:41	Autoreload is disabled because the development mode is off.
2024-05-26 14:40:41	Application started in 0.564 seconds.
2024-05-26 14:40:42	Responding at http://127.0.0.1:8888
2024-05-26 14:40:43	----------------- NEW EXECUTION-------------------
2024-05-26 14:40:43	FlowEvent	NEW_FLOW_STATE	Testing	0.0		UNDEFINED	Testing
2024-05-26 14:40:43	MonitorSpeechStart	Ok, let's test.	1425
2024-05-26 14:40:45	ActionGesture	BrowRaise
2024-05-26 14:40:47	ActionGesture	Smile
2024-05-26 14:40:47	SenseSpeech	yes	828
2024-05-26 14:40:48	MonitorSpeechStart	I am quite certain <mark name="action"/>	1024
2024-05-26 14:40:48	ActionGesture	BrowRaise
2024-05-26 14:40:49	ActionGesture	EyesOpenBrowUpNod
2024-05-26 14:40:49	MonitorSpeechStart	I'm determined	787
2024-05-26 14:40:50	ActionGesture	BrowRaise
2024-05-26 14:40:50	MonitorSpeechStart	I'm listening	676
2024-05-26 14:40:52	ActionGesture	SubtleNod
2024-05-26 14:40:52	MonitorSpeechStart	nodding	501
2024-05-26 14:40:53	ActionGesture	BrowRaise
2024-05-26 14:40:58	MonitorSpeechStart	Now I will pause <mark name="action"/>	1037
2024-05-26 14:40:59	ActionGesture	BrowRaise
2024-05-26 14:41:00	ActionGesture	IndianHeadWobble
2024-05-26 14:41:35	Autoreload is disabled because the development mode is off.
2024-05-26 14:41:36	Application started in 0.559 seconds.
2024-05-26 14:41:36	Responding at http://127.0.0.1:8888
2024-05-26 14:41:37	----------------- NEW EXECUTION-------------------
2024-05-26 14:41:37	FlowEvent	NEW_FLOW_STATE	Testing	0.0		UNDEFINED	Testing
2024-05-26 14:41:38	MonitorSpeechStart	Ok, let's test.	1425
2024-05-26 14:41:39	ActionGesture	BrowRaise
2024-05-26 14:41:44	ActionGesture	Smile
2024-05-26 14:41:45	SenseSpeech	yes	1030
2024-05-26 14:41:45	MonitorSpeechStart	I am quite certain <mark name="action"/>	1024
2024-05-26 14:41:46	ActionGesture	BrowRaise
2024-05-26 14:41:46	ActionGesture	EyesOpenBrowUpNod
2024-05-26 14:41:47	MonitorSpeechStart	I'm determined	787
2024-05-26 14:41:47	ActionGesture	BrowRaise
2024-05-26 14:41:48	MonitorSpeechStart	I'm listening	676
2024-05-26 14:41:50	ActionGesture	SubtleNod
2024-05-26 14:41:50	MonitorSpeechStart	nodding	501
2024-05-26 14:41:50	ActionGesture	BrowRaise
2024-05-26 14:42:37	Autoreload is disabled because the development mode is off.
2024-05-26 14:42:37	Application started in 0.576 seconds.
2024-05-26 14:42:38	Responding at http://127.0.0.1:8888
2024-05-26 14:42:39	----------------- NEW EXECUTION-------------------
2024-05-26 14:42:39	FlowEvent	NEW_FLOW_STATE	Testing	0.0		UNDEFINED	Testing
2024-05-26 14:42:40	MonitorSpeechStart	Ok, let's test.	1425
2024-05-26 14:42:41	ActionGesture	BrowRaise
2024-05-26 14:42:44	ActionGesture	Smile
2024-05-26 14:42:45	SenseSpeech	yes	1120
2024-05-26 14:42:45	MonitorSpeechStart	I am quite certain <mark name="action"/>	1024
2024-05-26 14:42:46	ActionGesture	BrowRaise
2024-05-26 14:42:46	ActionGesture	EyesOpenBrowUpNod
2024-05-26 14:42:47	MonitorSpeechStart	I'm determined	787
2024-05-26 14:42:47	ActionGesture	BrowRaise
2024-05-26 14:42:48	MonitorSpeechStart	I'm listening	676
2024-05-26 14:42:50	ActionGesture	SubtleNod
2024-05-26 14:42:50	MonitorSpeechStart	nodding	501
2024-05-26 14:42:50	ActionGesture	BrowRaise
2024-05-26 14:42:52	ActionGesture	Smile
2024-05-26 14:42:53	SenseSpeech	yes	996
2024-05-26 14:42:53	MonitorSpeechStart	I am quite certain <mark name="action"/>	1024
2024-05-26 14:42:54	ActionGesture	BrowRaise
2024-05-26 14:42:54	ActionGesture	EyesOpenBrowUpNod
2024-05-26 14:42:55	MonitorSpeechStart	I'm determined	787
2024-05-26 14:42:55	ActionGesture	BrowRaise
2024-05-26 14:42:56	MonitorSpeechStart	I'm listening	676
2024-05-26 14:42:58	ActionGesture	SubtleNod
2024-05-26 14:42:58	MonitorSpeechStart	nodding	501
2024-05-26 14:42:58	ActionGesture	BrowRaise
2024-05-26 14:43:26	Autoreload is disabled because the development mode is off.
2024-05-26 14:43:27	Application started in 0.558 seconds.
2024-05-26 14:43:27	Responding at http://127.0.0.1:8888
2024-05-26 14:43:29	----------------- NEW EXECUTION-------------------
2024-05-26 14:43:29	FlowEvent	NEW_FLOW_STATE	Testing	0.0		UNDEFINED	Testing
2024-05-26 14:43:29	MonitorSpeechStart	Ok, let's test.	1425
2024-05-26 14:43:30	ActionGesture	BrowRaise
2024-05-26 14:43:32	ActionGesture	Smile
2024-05-26 14:43:33	SenseSpeech	yes	867
2024-05-26 14:43:34	MonitorSpeechStart	I am quite certain <mark name="action"/>	1024
2024-05-26 14:43:34	ActionGesture	BrowRaise
2024-05-26 14:43:35	ActionGesture	EyesOpenBrowUpNod
2024-05-26 14:43:35	MonitorSpeechStart	I'm determined	787
2024-05-26 14:43:36	ActionGesture	BrowRaise
2024-05-26 14:43:36	MonitorSpeechStart	I'm listening	676
2024-05-26 14:43:38	ActionGesture	SubtleNod
2024-05-26 14:43:38	MonitorSpeechStart	nodding	501
2024-05-26 14:43:38	ActionGesture	BrowRaise
2024-05-26 14:43:44	MonitorSpeechStart	Now I will pause <mark name="action"/>	1037
2024-05-26 14:43:45	ActionGesture	BrowRaise
2024-05-26 14:43:45	ActionGesture	IndianHeadWobble
2024-05-26 14:43:47	MonitorSpeechStart	before continuing	1174
2024-05-26 14:43:47	ActionGesture	BrowRaise
2024-05-26 14:43:48	MonitorSpeechStart	I'm listening	676
2024-05-26 14:43:50	ActionGesture	IndianHeadWobble
2024-05-26 14:43:50	MonitorSpeechStart	wobbling	508
2024-05-26 14:43:50	ActionGesture	BrowRaise
2024-05-26 14:43:59	Autoreload is disabled because the development mode is off.
2024-05-26 14:43:59	Application started in 0.565 seconds.
2024-05-26 14:44:00	Responding at http://127.0.0.1:8888
2024-05-26 14:44:01	----------------- NEW EXECUTION-------------------
2024-05-26 14:44:01	FlowEvent	NEW_FLOW_STATE	Testing	0.0		UNDEFINED	Testing
2024-05-26 14:44:01	MonitorSpeechStart	Ok, let's test.	1425
2024-05-26 14:44:03	ActionGesture	BrowRaise
2024-05-26 14:44:05	ActionGesture	Smile
2024-05-26 14:44:07	SenseSpeech	yes	1425
2024-05-26 14:44:07	MonitorSpeechStart	I am quite certain <mark name="action"/>	1024
2024-05-26 14:44:08	ActionGesture	BrowRaise
2024-05-26 14:44:08	ActionGesture	EyesOpenBrowUpNod
2024-05-26 14:44:09	MonitorSpeechStart	I'm determined	787
2024-05-26 14:44:09	ActionGesture	BrowRaise
2024-05-26 14:44:10	MonitorSpeechStart	I'm listening	676
2024-05-26 14:44:12	ActionGesture	SubtleNod
2024-05-26 14:44:12	MonitorSpeechStart	nodding	501
2024-05-26 14:44:12	ActionGesture	BrowRaise
2024-05-26 14:44:15	ActionGesture	Smile
2024-05-26 14:44:16	SenseSpeech	yes	1029
2024-05-26 14:44:16	MonitorSpeechStart	I am quite certain <mark name="action"/>	1024
2024-05-26 14:44:17	ActionGesture	BrowRaise
2024-05-26 14:44:17	ActionGesture	EyesOpenBrowUpNod
2024-05-26 14:44:18	MonitorSpeechStart	I'm determined	787
2024-05-26 14:44:18	ActionGesture	BrowRaise
2024-05-26 14:44:19	MonitorSpeechStart	I'm listening	676
2024-05-26 14:44:21	ActionGesture	SubtleNod
2024-05-26 14:44:21	MonitorSpeechStart	nodding	501
2024-05-26 14:44:21	ActionGesture	BrowRaise
2024-05-26 14:44:27	MonitorSpeechStart	Now I will pause <mark name="action"/>	1037
2024-05-26 14:44:28	ActionGesture	BrowRaise
2024-05-26 14:44:28	ActionGesture	IndianHeadWobble
2024-05-26 14:45:01	Autoreload is disabled because the development mode is off.
2024-05-26 14:45:01	Application started in 0.566 seconds.
2024-05-26 14:45:01	Responding at http://127.0.0.1:8888
2024-05-26 14:45:03	----------------- NEW EXECUTION-------------------
2024-05-26 14:45:03	FlowEvent	NEW_FLOW_STATE	Testing	0.0		UNDEFINED	Testing
2024-05-26 14:45:04	MonitorSpeechStart	Ok, let's test.	1425
2024-05-26 14:45:05	ActionGesture	BrowRaise
2024-05-26 14:45:08	ActionGesture	Smile
2024-05-26 14:45:09	SenseSpeech	yes	1025
2024-05-26 14:45:10	MonitorSpeechStart	I am quite certain <mark name="action"/>	1024
2024-05-26 14:45:10	ActionGesture	BrowRaise
2024-05-26 14:45:11	ActionGesture	EyesOpenBrowUpNod
2024-05-26 14:45:11	MonitorSpeechStart	I'm determined	787
2024-05-26 14:45:12	ActionGesture	BrowRaise
2024-05-26 14:45:12	MonitorSpeechStart	I'm listening	676
2024-05-26 14:45:14	ActionGesture	SubtleNod
2024-05-26 14:45:14	MonitorSpeechStart	nodding	501
2024-05-26 14:45:15	ActionGesture	BrowRaise
2024-05-26 14:45:17	ActionGesture	Smile
2024-05-26 14:45:19	SenseSpeech	yes	1125
2024-05-26 14:45:19	MonitorSpeechStart	I am quite certain <mark name="action"/>	1024
2024-05-26 14:45:20	ActionGesture	BrowRaise
2024-05-26 14:45:20	ActionGesture	EyesOpenBrowUpNod
2024-05-26 14:45:21	MonitorSpeechStart	I'm determined	787
2024-05-26 14:45:21	ActionGesture	BrowRaise
2024-05-26 14:45:22	MonitorSpeechStart	I'm listening	676
2024-05-26 14:45:24	ActionGesture	SubtleNod
2024-05-26 14:45:24	MonitorSpeechStart	nodding	501
2024-05-26 14:45:24	ActionGesture	BrowRaise
2024-05-26 14:45:30	MonitorSpeechStart	Now I will pause <mark name="action"/>	1037
2024-05-26 14:45:31	ActionGesture	BrowRaise
2024-05-26 14:45:31	ActionGesture	IndianHeadWobble
2024-05-26 14:45:32	MonitorSpeechStart	before continuing	1174
2024-05-26 14:45:33	ActionGesture	BrowRaise
2024-05-26 14:45:34	MonitorSpeechStart	I'm listening	676
2024-05-26 14:45:35	ActionGesture	IndianHeadWobble
2024-05-26 14:45:36	MonitorSpeechStart	wobbling	508
2024-05-26 14:45:36	ActionGesture	BrowRaise
2024-05-26 14:45:42	MonitorSpeechStart	Now I will pause <mark name="action"/>	1037
2024-05-26 14:45:42	ActionGesture	BrowRaise
2024-05-26 14:45:43	ActionGesture	IndianHeadWobble
2024-05-26 14:45:44	MonitorSpeechStart	before continuing	1174
2024-05-26 14:45:44	ActionGesture	BrowRaise
2024-05-26 14:45:45	MonitorSpeechStart	I'm listening	676
2024-05-26 14:45:47	ActionGesture	IndianHeadWobble
2024-05-26 14:45:47	MonitorSpeechStart	wobbling	508
2024-05-26 14:45:48	ActionGesture	BrowRaise
2024-05-26 14:45:50	ActionGesture	Smile
2024-05-26 14:45:51	SenseSpeech	no	878
2024-05-26 14:45:51	MonitorSpeechStart	I am bit <mark name="action"/>	518
2024-05-26 14:45:51	ActionGesture	BrowRaise
2024-05-26 14:45:51	ActionGesture	PauseUncertain
2024-05-26 14:45:52	MonitorSpeechStart	uncertain	679
2024-05-26 14:45:52	ActionGesture	BrowRaise
2024-05-26 14:45:53	MonitorSpeechStart	I'm listening	676
2024-05-26 14:45:54	ActionGesture	SubtleShake
2024-05-26 14:45:55	MonitorSpeechStart	shaking	622
2024-05-26 14:45:55	ActionGesture	BrowRaise
2024-05-26 14:46:01	MonitorSpeechStart	Now I will pause <mark name="action"/>	1037
2024-05-26 14:46:01	ActionGesture	BrowRaise
2024-05-26 14:46:02	ActionGesture	IndianHeadWobble
2024-05-26 14:46:03	MonitorSpeechStart	before continuing	1174
2024-05-26 14:46:04	ActionGesture	BrowRaise
2024-05-26 14:46:05	MonitorSpeechStart	I'm listening	676
2024-05-26 14:53:37	Autoreload is disabled because the development mode is off.
2024-05-26 14:53:37	Application started in 0.626 seconds.
2024-05-26 14:53:38	Responding at http://127.0.0.1:8888
2024-05-26 14:53:42	----------------- NEW EXECUTION-------------------
2024-05-26 14:53:42	FlowEvent	NEW_FLOW_STATE	Sleep	0.0		UNDEFINED	Sleep
2024-05-26 14:53:42	ActionGesture	CloseEyes
2024-05-26 14:53:42	ActionGesture	CloseEyes
2024-05-26 14:54:32	GUIEvent	GUI_RELOADED	GUI_RELOADED [ACCEPTED]	0.0	UNDEFINED	UNDEFINED	Sleep
2024-05-26 14:54:35	GUIEvent	NEW_STAGE_REQUESTED	STAGE[0.2] [27] REQUESTED .. [ACCEPTED]	0.0	UNDEFINED	UNDEFINED	Sleep
2024-05-26 14:54:35	SessionEvent	USER_SET	USER TO ACTIVATE.	0.2	27	UNDEFINED	Sleep
2024-05-26 14:54:35	FlowEvent	NEW_FLOW_STATE	Welcome	0.2		CONDITION2	Welcome
2024-05-26 14:54:35	ActionGesture	OpenEyes
2024-05-26 14:54:35	ActionGesture	Smile
2024-05-26 14:54:36	MonitorSpeechStart	<prosody rate="1.0">Hello there</prosody>	543
2024-05-26 14:54:36	ActionGesture	BrowRaise
2024-05-26 14:54:38	MonitorSpeechStart	<prosody rate="1.0">Nice to meet you</prosody>	824
2024-05-26 14:54:38	ActionGesture	BrowRaise
2024-05-26 14:54:40	MonitorSpeechStart	<prosody rate="1.0">How you doing?</prosody>	741
2024-05-26 14:54:40	ActionGesture	BrowRaise
2024-05-26 14:54:49	FlowEvent	NEW_FLOW_STATE	ReviewInstructions	0.2		CONDITION2	ReviewInstructions
2024-05-26 14:54:49	MonitorSpeechStart	<prosody rate="1.0">Right, as far as I know,we will get some Electronics questions to resolve together. Somebody told you?</prosody>	6104
2024-05-26 14:54:49	ActionGesture	BrowRaise
2024-05-26 14:54:50	ActionGesture	BrowRaise
2024-05-26 14:54:54	ActionGesture	BrowRaise
2024-05-26 14:54:54	ActionGesture	BrowRaise
2024-05-26 14:55:58	Autoreload is disabled because the development mode is off.
2024-05-26 14:55:58	Application started in 0.635 seconds.
2024-05-26 14:55:58	Responding at http://127.0.0.1:8888
2024-05-26 14:56:00	----------------- NEW EXECUTION-------------------
2024-05-26 14:56:00	FlowEvent	NEW_FLOW_STATE	Sleep	0.0		UNDEFINED	Sleep
2024-05-26 14:56:00	ActionGesture	CloseEyes
2024-05-26 14:56:00	ActionGesture	CloseEyes
2024-05-26 14:56:05	GUIEvent	GUI_RELOADED	GUI_RELOADED [ACCEPTED]	0.0	UNDEFINED	UNDEFINED	Sleep
2024-05-26 14:56:09	GUIEvent	NEW_STAGE_REQUESTED	STAGE[0.2] [28] REQUESTED .. [ACCEPTED]	0.0	UNDEFINED	UNDEFINED	Sleep
2024-05-26 14:56:09	SessionEvent	USER_SET	USER TO ACTIVATE.	0.2	28	UNDEFINED	Sleep
2024-05-26 14:56:09	FlowEvent	NEW_FLOW_STATE	Welcome	0.2		CONDITION2	Welcome
2024-05-26 14:56:09	ActionGesture	OpenEyes
2024-05-26 14:56:09	ActionGesture	Smile
2024-05-26 14:56:10	MonitorSpeechStart	<prosody rate="1.0">Hello there</prosody>	543
2024-05-26 14:56:10	ActionGesture	BrowRaise
2024-05-26 14:56:12	MonitorSpeechStart	<prosody rate="1.0">Nice to meet you</prosody>	824
2024-05-26 14:56:12	ActionGesture	BrowRaise
2024-05-26 14:56:13	MonitorSpeechStart	<prosody rate="1.0">How you doing?</prosody>	741
2024-05-26 14:56:14	ActionGesture	BrowRaise
2024-05-26 14:56:17	ActionGesture	Smile
2024-05-26 14:56:19	SenseSpeech	yeah	1679
2024-05-26 14:56:19	FlowEvent	NEW_FLOW_STATE	ReviewInstructions	0.2		CONDITION2	ReviewInstructions
2024-05-26 14:56:19	GUIEvent	NEW_STAGE_REQUESTED	STAGE[1] [28] REQUESTED .. [ACCEPTED]	0.2	28	CONDITION2	ReviewInstructions
2024-05-26 14:56:19	SessionEvent	QUESTION_SET	NEW QUESTION TO ACTIVATE	1		CONDITION2	ReviewInstructions
2024-05-26 14:56:19	FlowEvent	NEW_FLOW_STATE	QuestionReflection	1		CONDITION2	QuestionReflection
2024-05-26 14:56:20	MonitorSpeechStart	<prosody rate="1.0">Ok</prosody>	618
2024-05-26 14:56:20	ActionGesture	BrowRaise
2024-05-26 14:56:22	MonitorSpeechStart	<prosody rate="1.0">I think I am getting the question 1</prosody>	1802
2024-05-26 14:56:22	ActionGesture	BrowRaise
2024-05-26 14:56:23	ActionGesture	BrowRaise
2024-05-26 14:56:24	MonitorSpeechStart	<prosody rate="1.0">Let's see</prosody>	658
2024-05-26 14:56:24	ActionGesture	BrowRaise
2024-05-26 14:56:32	GUIEvent	ANSWER_MARKED	ANSWER[TRUE] [1] [28] SENT .. [ACCEPTED]	1	28	CONDITION2	QuestionReflection
2024-05-26 14:56:33	MonitorSpeechStart	<prosody rate="1.0">Have you answered already?</prosody>	1137
2024-05-26 14:56:34	ActionGesture	BrowRaise
2024-05-26 14:56:34	ActionGesture	BrowRaise
2024-05-26 14:56:36	ActionGesture	Smile
2024-05-26 14:56:37	SenseSpeech	yes	855
2024-05-26 14:56:37	FlowEvent	NEW_FLOW_STATE	QuestionDisclosure	1		CONDITION2	QuestionDisclosure
2024-05-26 14:56:39	MonitorSpeechStart	<prosody rate="0.9">Good <mark name="action"/></prosody>	426
2024-05-26 14:56:39	ActionGesture	PauseUncertain
2024-05-26 14:56:40	MonitorSpeechStart	<prosody rate="0.9">I'm a little unsure <mark name="action"/></prosody>	1158
2024-05-26 14:56:41	ActionGesture	BrowRaise
2024-05-26 14:56:41	ActionGesture	PauseUncertain
2024-05-26 14:56:43	MonitorSpeechStart	<prosody rate="0.9">, but I think that's TRUE <mark name="action"/></prosody>	1565
2024-05-26 14:56:43	ActionGesture	BrowRaise
2024-05-26 14:56:44	ActionGesture	PauseUncertain
2024-05-26 14:56:45	MonitorSpeechStart	<prosody rate="0.9">What do you think?</prosody>	780
2024-05-26 14:56:45	ActionGesture	BrowRaise
2024-05-26 14:56:50	ActionGesture	Smile
2024-05-26 14:56:52	SenseSpeech	um I think it's true	2565
2024-05-26 14:56:52	FlowEvent	NEW_FLOW_STATE	QuestionReview	1		CONDITION2	QuestionReview
2024-05-26 14:56:53	MonitorSpeechStart	<prosody rate="0.9">Good. You see it too? <mark name="action"/></prosody>	1626
2024-05-26 14:56:55	ActionGesture	PauseUncertain
2024-05-26 14:56:56	MonitorSpeechStart	<prosody rate="0.9">I was thinking the voltage is well <mark name="action"/></prosody>	1906
2024-05-26 14:56:57	ActionGesture	BrowRaise
2024-05-26 14:56:58	ActionGesture	PauseUncertain
2024-05-26 14:56:59	MonitorSpeechStart	<prosody rate="0.9">the same if it's the same battery and the resistance increases when a lamp is added right?</prosody>	4359
2024-05-26 14:57:00	ActionGesture	BrowRaise
2024-05-26 14:57:03	ActionGesture	BrowRaise
2024-05-26 14:57:03	ActionGesture	BrowRaise
2024-05-26 14:57:08	ActionGesture	Smile
2024-05-26 14:57:09	SenseSpeech	yeah	828
2024-05-26 14:57:10	MonitorSpeechStart	<prosody rate="0.9">That's fine! <mark name="action"/></prosody>	861
2024-05-26 14:57:10	ActionGesture	BrowRaise
2024-05-26 14:57:11	ActionGesture	PauseUncertain
2024-05-26 14:57:12	MonitorSpeechStart	<prosody rate="0.9">If the resistance increases and the voltage is constant, surely the lights must glow dimmer because the current decreases?</prosody>	6590
2024-05-26 14:57:13	ActionGesture	BrowRaise
2024-05-26 14:57:15	ActionGesture	BrowRaise
2024-05-26 14:57:18	ActionGesture	BrowRaise
2024-05-26 14:57:18	ActionGesture	BrowRaise
2024-05-26 14:57:24	ActionGesture	Smile
2024-05-26 14:57:25	SenseSpeech	Maybe	999
2024-05-26 14:57:25	FlowEvent	NEW_FLOW_STATE	QuestionCheckpoint	1		CONDITION2	QuestionCheckpoint
2024-05-26 14:57:25	MonitorSpeechStart	<prosody rate="0.9">Right So <mark name="action"/></prosody>	719
2024-05-26 14:57:25	ActionGesture	BrowRaise
2024-05-26 14:57:26	ActionGesture	PauseUncertain
2024-05-26 14:57:27	MonitorSpeechStart	<prosody rate="0.9">I'm not completely sure <mark name="action"/></prosody>	1409
2024-05-26 14:57:28	ActionGesture	BrowRaise
2024-05-26 14:57:29	ActionGesture	PauseUncertain
2024-05-26 14:57:30	MonitorSpeechStart	<prosody rate="0.9">but do we agree it's TRUE?</prosody>	1422
2024-05-26 14:57:31	ActionGesture	BrowRaise
2024-05-26 14:57:34	ActionGesture	Smile
2024-05-26 14:57:36	SenseSpeech	yeah we agree	1569
2024-05-26 14:57:36	FlowEvent	NEW_FLOW_STATE	QuestionReview	1		CONDITION2	QuestionReview
2024-05-26 14:57:36	FlowEvent	NEW_FLOW_STATE	QuestionConfirmation	1		CONDITION2	QuestionConfirmation
2024-05-26 14:57:36	MonitorSpeechStart	<prosody rate="1.0">Nice</prosody>	438
2024-05-26 14:57:36	ActionGesture	BrowRaise
2024-05-26 14:57:37	MonitorSpeechStart	<prosody rate="1.0">Ok. I marked TRUE already. Can you mark your answer on the tablet and confim?</prosody>	4615
2024-05-26 14:57:37	ActionGesture	BrowRaise
2024-05-26 14:57:41	ActionGesture	BrowRaise
2024-05-26 14:57:41	ActionGesture	BrowRaise
2024-05-26 14:57:42	ActionGesture	BrowRaise
2024-05-26 14:57:45	GUIEvent	NEW_STAGE_REQUESTED	STAGE[2] [28] REQUESTED .. [ACCEPTED]	1	28	CONDITION2	QuestionConfirmation
2024-05-26 14:57:45	SessionEvent	ANSWER_CONFIRMED	QUESTION CONFIRMED IN GUI.	2		CONDITION2	QuestionConfirmation
2024-05-26 14:57:45	SessionEvent	QUESTION_SET	NEW QUESTION TO ACTIVATE	2		CONDITION2	QuestionConfirmation
2024-05-26 14:57:45	FlowEvent	NEW_FLOW_STATE	QuestionReflection	2		CONDITION2	QuestionReflection
2024-05-26 14:57:46	MonitorSpeechStart	<prosody rate="1.0">Right</prosody>	393
2024-05-26 14:57:46	ActionGesture	BrowRaise
2024-05-26 14:57:47	MonitorSpeechStart	<prosody rate="1.0">receiving the question 2</prosody>	1382
2024-05-26 14:57:48	ActionGesture	BrowRaise
2024-05-26 14:57:49	MonitorSpeechStart	<prosody rate="1.0">Ok</prosody>	618
2024-05-26 14:57:50	ActionGesture	BrowRaise
2024-05-26 14:57:58	MonitorSpeechStart	<prosody rate="1.0">Let me know when you have it</prosody>	1138
2024-05-26 14:57:59	ActionGesture	BrowRaise
2024-05-26 14:58:13	Autoreload is disabled because the development mode is off.
2024-05-26 14:58:13	Application started in 0.615 seconds.
2024-05-26 14:58:14	Responding at http://127.0.0.1:8888
2024-05-26 14:58:16	----------------- NEW EXECUTION-------------------
2024-05-26 14:58:16	FlowEvent	NEW_FLOW_STATE	Sleep	0.0		UNDEFINED	Sleep
2024-05-26 14:58:16	ActionGesture	CloseEyes
2024-05-26 14:58:16	ActionGesture	CloseEyes
2024-05-26 14:58:24	GUIEvent	GUI_RELOADED	GUI_RELOADED [ACCEPTED]	0.0	UNDEFINED	UNDEFINED	Sleep
2024-05-26 14:58:28	GUIEvent	NEW_STAGE_REQUESTED	STAGE[0.2] [53] REQUESTED .. [ACCEPTED]	0.0	UNDEFINED	UNDEFINED	Sleep
2024-05-26 14:58:28	SessionEvent	USER_SET	USER TO ACTIVATE.	0.2	53	UNDEFINED	Sleep
2024-05-26 14:58:28	FlowEvent	NEW_FLOW_STATE	Welcome	0.2		CONDITION3	Welcome
2024-05-26 14:58:28	ActionGesture	OpenEyes
2024-05-26 14:58:28	ActionGesture	Smile
2024-05-26 14:58:29	MonitorSpeechStart	<prosody rate="1.0">Hello there</prosody>	543
2024-05-26 14:58:29	ActionGesture	BrowRaise
2024-05-26 14:58:30	MonitorSpeechStart	<prosody rate="1.0">Nice to meet you</prosody>	824
2024-05-26 14:58:30	ActionGesture	BrowRaise
2024-05-26 14:58:32	MonitorSpeechStart	<prosody rate="1.0">How you doing?</prosody>	741
2024-05-26 14:58:32	ActionGesture	BrowRaise
2024-05-26 14:58:35	ActionGesture	Smile
2024-05-26 14:58:36	SenseSpeech	yep	915
2024-05-26 14:58:36	FlowEvent	NEW_FLOW_STATE	ReviewInstructions	0.2		CONDITION3	ReviewInstructions
2024-05-26 14:58:36	MonitorSpeechStart	<prosody rate="1.0">Right, as far as I know,we will get some Electronics questions to resolve together. Somebody told you?</prosody>	6104
2024-05-26 14:58:36	ActionGesture	BrowRaise
2024-05-26 14:58:38	ActionGesture	BrowRaise
2024-05-26 14:58:41	ActionGesture	BrowRaise
2024-05-26 14:58:42	ActionGesture	BrowRaise
2024-05-26 14:58:44	GUIEvent	NEW_STAGE_REQUESTED	STAGE[1] [53] REQUESTED .. [ACCEPTED]	0.2	53	CONDITION3	ReviewInstructions
2024-05-26 14:58:44	SessionEvent	QUESTION_SET	NEW QUESTION TO ACTIVATE	1		CONDITION3	ReviewInstructions
2024-05-26 14:58:44	FlowEvent	NEW_FLOW_STATE	QuestionReflection	1		CONDITION3	QuestionReflection
2024-05-26 14:58:45	MonitorSpeechStart	<prosody rate="1.0">Ok</prosody>	618
2024-05-26 14:58:45	ActionGesture	BrowRaise
2024-05-26 14:58:47	MonitorSpeechStart	<prosody rate="1.0">I think I am getting the question 1</prosody>	1802
2024-05-26 14:58:47	ActionGesture	BrowRaise
2024-05-26 14:58:48	ActionGesture	BrowRaise
2024-05-26 14:58:49	GUIEvent	ANSWER_MARKED	ANSWER[TRUE] [1] [53] SENT .. [ACCEPTED]	1	53	CONDITION3	QuestionReflection
2024-05-26 14:58:49	MonitorSpeechStart	<prosody rate="1.0">Let's see</prosody>	658
2024-05-26 14:58:49	ActionGesture	BrowRaise
2024-05-26 14:58:58	MonitorSpeechStart	<prosody rate="1.0">Have you answered already?</prosody>	1137
2024-05-26 14:58:59	ActionGesture	BrowRaise
2024-05-26 14:58:59	ActionGesture	BrowRaise
2024-05-26 14:59:01	ActionGesture	Smile
2024-05-26 14:59:01	SenseSpeech	yes	793
2024-05-26 14:59:01	FlowEvent	NEW_FLOW_STATE	QuestionDisclosure	1		CONDITION3	QuestionDisclosure
2024-05-26 14:59:03	MonitorSpeechStart	<prosody rate="1.1">Good <mark name="action"/></prosody>	364
2024-05-26 14:59:03	ActionGesture	EyesOpenBrowUpNod
2024-05-26 14:59:04	MonitorSpeechStart	<prosody rate="1.1">I'm convinced that it's TRUE <mark name="action"/></prosody>	1246
2024-05-26 14:59:05	ActionGesture	BrowRaise
2024-05-26 14:59:06	ActionGesture	EyesOpenBrowUpNod
2024-05-26 14:59:07	MonitorSpeechStart	<prosody rate="1.1">What do you think?</prosody>	677
2024-05-26 14:59:07	ActionGesture	BrowRaise
2024-05-26 14:59:14	ActionGesture	Smile
2024-05-26 14:59:15	SenseSpeech	um I think it's true too	1663
2024-05-26 14:59:15	FlowEvent	NEW_FLOW_STATE	QuestionReview	1		CONDITION3	QuestionReview
2024-05-26 14:59:16	MonitorSpeechStart	<prosody rate="1.1">Good. You see it too? <mark name="action"/></prosody>	1400
2024-05-26 14:59:17	ActionGesture	EyesOpenBrowUpNod
2024-05-26 14:59:19	MonitorSpeechStart	<prosody rate="1.1">It is obvious, since the resistance increases with more lamps while the voltage is constant.</prosody>	4424
2024-05-26 14:59:19	ActionGesture	BrowRaise
2024-05-26 14:59:23	ActionGesture	BrowRaise
2024-05-26 14:59:23	ActionGesture	BrowRaise
2024-05-26 14:59:32	MonitorSpeechStart	<prosody rate="1.1">I mean <mark name="action"/></prosody>	548
