2024-05-26 13:03:27	Autoreload is disabled because the development mode is off.
2024-05-26 13:03:27	Application started in 0.571 seconds.
2024-05-26 13:03:28	Responding at http://127.0.0.1:8888
2024-05-26 13:03:31	----------------- NEW EXECUTION-------------------
2024-05-26 13:03:31	FlowEvent	NEW_FLOW_STATE	Testing	0.0		UNDEFINED	Testing
2024-05-26 13:03:32	MonitorSpeechStart	Ok, let's test. Say whatever you want.	2873
2024-05-26 13:03:32	ActionGesture	BrowRaise
2024-05-26 13:03:34	ActionGesture	BrowRaise
2024-05-26 13:03:37	ActionGesture	Smile
2024-05-26 13:03:38	SenseSpeech	I agree	1077
2024-05-26 13:03:39	MonitorSpeechStart	I am quite certain <mark name="action"/>	1024
2024-05-26 13:03:39	ActionGesture	BrowRaise
2024-05-26 13:03:40	ActionGesture	EyesOpenBrowUpNod
2024-05-26 13:03:41	MonitorSpeechStart	I'm determined	787
2024-05-26 13:03:41	ActionGesture	BrowRaise
2024-05-26 13:03:42	MonitorSpeechStart	I'm listening	676
2024-05-26 13:03:43	ActionGesture	SubtleNod
2024-05-26 13:03:44	MonitorSpeechStart	nodding	501
2024-05-26 13:03:44	ActionGesture	BrowRaise
2024-05-26 13:03:50	MonitorSpeechStart	Now I will pause <mark name="action"/>	1037
2024-05-26 13:03:50	ActionGesture	BrowRaise
2024-05-26 13:03:51	ActionGesture	GazeAway
2024-05-26 13:03:52	MonitorSpeechStart	before continuing	1174
2024-05-26 13:03:52	ActionGesture	BrowRaise
2024-05-26 13:03:53	MonitorSpeechStart	I'm listening	676
2024-05-26 13:03:55	ActionGesture	SubtleNod
2024-05-26 13:03:55	MonitorSpeechStart	nodding	501
2024-05-26 13:03:55	ActionGesture	BrowRaise
2024-05-26 13:04:00	ActionGesture	Smile
2024-05-26 13:04:01	SenseSpeech	I agree	1105
2024-05-26 13:04:01	MonitorSpeechStart	I am quite certain <mark name="action"/>	1024
2024-05-26 13:04:02	ActionGesture	BrowRaise
2024-05-26 13:04:02	ActionGesture	EyesOpenBrowUpNod
2024-05-26 13:04:03	MonitorSpeechStart	I'm determined	787
2024-05-26 13:04:03	ActionGesture	BrowRaise
2024-05-26 13:04:04	MonitorSpeechStart	I'm listening	676
2024-05-26 13:04:06	ActionGesture	SubtleNod
2024-05-26 13:04:06	MonitorSpeechStart	nodding	501
2024-05-26 13:04:06	ActionGesture	BrowRaise
2024-05-26 13:04:07	ActionGesture	Smile
2024-05-26 13:04:09	SenseSpeech	I don't know	1815
2024-05-26 13:04:11	MonitorSpeechStart	<prosody rate="1.0">You <mark name="action"/></prosody>	443
2024-05-26 13:04:11	ActionGesture	SubtleShake
2024-05-26 13:04:12	MonitorSpeechStart	<prosody rate="1.0">are not sure.</prosody>	790
2024-05-26 13:04:13	ActionGesture	BrowRaise
2024-05-26 13:04:18	ActionGesture	Smile
2024-05-26 13:04:19	SenseSpeech	I don't know	877
2024-05-26 13:04:19	MonitorSpeechStart	<prosody rate="1.0">You <mark name="action"/></prosody>	443
2024-05-26 13:04:20	ActionGesture	SubtleShake
2024-05-26 13:04:21	MonitorSpeechStart	<prosody rate="1.0">are not sure.</prosody>	790
2024-05-26 13:04:21	ActionGesture	BrowRaise
2024-05-26 13:04:29	MonitorSpeechStart	<prosody rate="1.0">Now I will pause <mark name="action"/></prosody>	1037
2024-05-26 13:04:29	ActionGesture	BrowRaise
2024-05-26 13:04:30	ActionGesture	GazeAway
2024-05-26 13:04:31	MonitorSpeechStart	<prosody rate="1.0">before continuing</prosody>	1174
2024-05-26 13:04:32	ActionGesture	BrowRaise
2024-05-26 13:04:33	MonitorSpeechStart	<prosody rate="1.0">I'm listening</prosody>	676
2024-05-26 13:05:58	Autoreload is disabled because the development mode is off.
2024-05-26 13:05:59	Application started in 0.563 seconds.
2024-05-26 13:05:59	Responding at http://127.0.0.1:8888
2024-05-26 13:06:01	----------------- NEW EXECUTION-------------------
2024-05-26 13:06:01	FlowEvent	NEW_FLOW_STATE	Testing	0.0		UNDEFINED	Testing
2024-05-26 13:06:02	MonitorSpeechStart	Ok, let's test. Say whatever you want.	2873
2024-05-26 13:06:02	ActionGesture	BrowRaise
2024-05-26 13:06:04	ActionGesture	BrowRaise
2024-05-26 13:06:06	ActionGesture	Smile
2024-05-26 13:06:07	SenseSpeech	I don't know	990
2024-05-26 13:06:08	MonitorSpeechStart	<prosody rate="1.0">You <mark name="action"/></prosody>	443
2024-05-26 13:06:08	ActionGesture	SubtleShake
2024-05-26 13:06:09	MonitorSpeechStart	<prosody rate="1.0">are not sure.</prosody>	790
2024-05-26 13:06:09	ActionGesture	BrowRaise
2024-05-26 13:06:15	MonitorSpeechStart	<prosody rate="1.0">Now I will pause <mark name="action"/></prosody>	1037
2024-05-26 13:06:16	ActionGesture	BrowRaise
2024-05-26 13:06:16	ActionGesture	GazeAway
2024-05-26 13:06:17	MonitorSpeechStart	<prosody rate="1.0">before continuing</prosody>	1174
2024-05-26 13:06:18	ActionGesture	BrowRaise
2024-05-26 13:06:21	MonitorSpeechStart	<prosody rate="1.0">I'm listening</prosody>	676
2024-05-26 13:06:22	ActionGesture	SubtleNod
2024-05-26 13:06:23	MonitorSpeechStart	<prosody rate="1.0">nodding</prosody>	501
2024-05-26 13:06:23	ActionGesture	BrowRaise
2024-05-26 13:06:29	MonitorSpeechStart	<prosody rate="1.0">Now I will pause <mark name="action"/></prosody>	1037
2024-05-26 13:06:30	ActionGesture	BrowRaise
2024-05-26 13:06:30	ActionGesture	GazeAway
2024-05-26 13:06:31	MonitorSpeechStart	<prosody rate="1.0">before continuing</prosody>	1174
2024-05-26 13:06:32	ActionGesture	BrowRaise
2024-05-26 13:06:33	MonitorSpeechStart	<prosody rate="1.0">I'm listening</prosody>	676
2024-05-26 13:06:35	ActionGesture	SubtleNod
2024-05-26 13:06:35	MonitorSpeechStart	<prosody rate="1.0">nodding</prosody>	501
2024-05-26 13:06:35	ActionGesture	BrowRaise
2024-05-26 13:11:18	Autoreload is disabled because the development mode is off.
2024-05-26 13:11:19	Application started in 0.56 seconds.
2024-05-26 13:11:19	Responding at http://127.0.0.1:8888
2024-05-26 13:11:21	----------------- NEW EXECUTION-------------------
2024-05-26 13:11:21	FlowEvent	NEW_FLOW_STATE	Testing	0.0		UNDEFINED	Testing
2024-05-26 13:11:22	MonitorSpeechStart	Ok, let's test. Say whatever you want.	2873
2024-05-26 13:11:22	ActionGesture	BrowRaise
2024-05-26 13:11:25	ActionGesture	BrowRaise
2024-05-26 13:11:27	ActionGesture	Smile
2024-05-26 13:11:28	SenseSpeech	I agree	1083
2024-05-26 13:11:29	MonitorSpeechStart	I am quite certain <mark name="action"/>	1024
2024-05-26 13:11:29	ActionGesture	BrowRaise
2024-05-26 13:11:30	ActionGesture	EyesOpenBrowUpNod
2024-05-26 13:11:30	MonitorSpeechStart	I'm determined	787
2024-05-26 13:11:31	ActionGesture	BrowRaise
2024-05-26 13:11:32	MonitorSpeechStart	I'm listening	676
2024-05-26 13:11:33	ActionGesture	SubtleNod
2024-05-26 13:11:34	MonitorSpeechStart	nodding	501
2024-05-26 13:11:34	ActionGesture	BrowRaise
2024-05-26 13:11:44	MonitorSpeechStart	Now I will pause <mark name="action"/>	1037
2024-05-26 13:11:45	ActionGesture	BrowRaise
2024-05-26 13:11:45	ActionGesture	GazeAway
2024-05-26 13:11:47	MonitorSpeechStart	before continuing	1174
2024-05-26 13:11:47	ActionGesture	BrowRaise
2024-05-26 13:11:48	MonitorSpeechStart	I'm listening	676
2024-05-26 13:11:50	ActionGesture	SubtleNod
2024-05-26 13:11:50	MonitorSpeechStart	nodding	501
2024-05-26 13:11:50	ActionGesture	BrowRaise
2024-05-26 13:11:54	ActionGesture	Smile
2024-05-26 13:11:55	SenseSpeech	I agree	998
2024-05-26 13:11:55	MonitorSpeechStart	I am quite certain <mark name="action"/>	1024
2024-05-26 13:11:56	ActionGesture	BrowRaise
2024-05-26 13:11:56	ActionGesture	EyesOpenBrowUpNod
2024-05-26 13:11:57	MonitorSpeechStart	I'm determined	787
2024-05-26 13:11:57	ActionGesture	BrowRaise
2024-05-26 13:11:58	MonitorSpeechStart	I'm listening	676
2024-05-26 13:12:00	ActionGesture	SubtleNod
2024-05-26 13:12:00	MonitorSpeechStart	nodding	501
2024-05-26 13:12:00	ActionGesture	BrowRaise
2024-05-26 13:12:03	ActionGesture	Smile
2024-05-26 13:12:04	SenseSpeech	no	892
2024-05-26 13:12:04	MonitorSpeechStart	I am bit <mark name="action"/>	518
2024-05-26 13:12:04	ActionGesture	BrowRaise
2024-05-26 13:12:04	ActionGesture	GazeAway
2024-05-26 13:12:05	MonitorSpeechStart	uncertain	679
2024-05-26 13:12:05	ActionGesture	BrowRaise
2024-05-26 13:12:06	MonitorSpeechStart	I'm listening	676
2024-05-26 13:12:07	ActionGesture	SubtleShake
2024-05-26 13:12:08	MonitorSpeechStart	shaking	622
2024-05-26 13:12:08	ActionGesture	BrowRaise
2024-05-26 13:12:14	MonitorSpeechStart	Now I will pause <mark name="action"/>	1037
2024-05-26 13:12:14	ActionGesture	BrowRaise
2024-05-26 13:12:15	ActionGesture	GazeAway
2024-05-26 13:12:16	MonitorSpeechStart	before continuing	1174
2024-05-26 13:12:17	ActionGesture	BrowRaise
2024-05-26 13:12:18	MonitorSpeechStart	I'm listening	676
2024-05-26 13:12:19	ActionGesture	SubtleNod
2024-05-26 13:12:20	MonitorSpeechStart	nodding	501
2024-05-26 13:12:20	ActionGesture	BrowRaise
2024-05-26 13:12:26	MonitorSpeechStart	Now I will pause <mark name="action"/>	1037
2024-05-26 13:12:26	ActionGesture	BrowRaise
2024-05-26 13:12:27	ActionGesture	GazeAway
2024-05-26 13:12:28	MonitorSpeechStart	before continuing	1174
2024-05-26 13:12:28	ActionGesture	BrowRaise
2024-05-26 13:12:29	MonitorSpeechStart	I'm listening	676
2024-05-26 13:12:31	ActionGesture	SubtleNod
2024-05-26 13:12:31	MonitorSpeechStart	nodding	501
2024-05-26 13:12:31	ActionGesture	BrowRaise
2024-05-26 13:12:37	MonitorSpeechStart	Now I will pause <mark name="action"/>	1037
2024-05-26 13:12:38	ActionGesture	BrowRaise
2024-05-26 13:12:38	ActionGesture	GazeAway
2024-05-26 13:12:40	MonitorSpeechStart	before continuing	1174
2024-05-26 13:12:40	ActionGesture	BrowRaise
2024-05-26 13:12:41	MonitorSpeechStart	I'm listening	676
2024-05-26 13:12:43	ActionGesture	SubtleNod
2024-05-26 13:12:43	MonitorSpeechStart	nodding	501
2024-05-26 13:12:43	ActionGesture	BrowRaise
2024-05-26 13:12:49	MonitorSpeechStart	Now I will pause <mark name="action"/>	1037
2024-05-26 13:12:50	ActionGesture	BrowRaise
2024-05-26 13:12:50	ActionGesture	GazeAway
2024-05-26 13:12:51	MonitorSpeechStart	before continuing	1174
2024-05-26 13:12:52	ActionGesture	BrowRaise
2024-05-26 13:12:53	MonitorSpeechStart	I'm listening	676
2024-05-26 13:42:21	Autoreload is disabled because the development mode is off.
2024-05-26 13:42:22	Application started in 0.561 seconds.
2024-05-26 13:42:22	Responding at http://127.0.0.1:8888
2024-05-26 13:42:27	----------------- NEW EXECUTION-------------------
2024-05-26 13:42:27	FlowEvent	NEW_FLOW_STATE	Testing	0.0		UNDEFINED	Testing
2024-05-26 13:42:27	MonitorSpeechStart	Ok, let's test. Say whatever you want.	2873
2024-05-26 13:42:27	ActionGesture	BrowRaise
2024-05-26 13:42:30	ActionGesture	BrowRaise
2024-05-26 13:42:32	ActionGesture	Smile
2024-05-26 13:42:33	SenseSpeech	no	840
2024-05-26 13:42:33	MonitorSpeechStart	I am bit <mark name="action"/>	518
2024-05-26 13:42:33	ActionGesture	BrowRaise
2024-05-26 13:42:34	ActionGesture	GazeAway
2024-05-26 13:42:34	MonitorSpeechStart	uncertain	679
2024-05-26 13:42:35	ActionGesture	BrowRaise
2024-05-26 13:42:35	MonitorSpeechStart	I'm listening	676
2024-05-26 13:42:36	ActionGesture	SubtleShake
2024-05-26 13:42:37	MonitorSpeechStart	shaking	622
2024-05-26 13:42:37	ActionGesture	BrowRaise
2024-05-26 13:42:42	ActionGesture	Smile
2024-05-26 13:42:43	SenseSpeech	yes	1243
2024-05-26 13:42:43	MonitorSpeechStart	I am quite certain <mark name="action"/>	1024
2024-05-26 13:42:44	ActionGesture	BrowRaise
2024-05-26 13:42:44	ActionGesture	EyesOpenBrowUpNod
2024-05-26 13:42:45	MonitorSpeechStart	I'm determined	787
2024-05-26 13:42:45	ActionGesture	BrowRaise
2024-05-26 13:42:46	MonitorSpeechStart	I'm listening	676
2024-05-26 13:42:48	ActionGesture	SubtleNod
2024-05-26 13:42:48	MonitorSpeechStart	nodding	501
2024-05-26 13:42:48	ActionGesture	BrowRaise
2024-05-26 13:42:59	MonitorSpeechStart	Now I will pause <mark name="action"/>	1037
2024-05-26 13:42:59	ActionGesture	BrowRaise
2024-05-26 13:43:00	ActionGesture	GazeAway
2024-05-26 13:43:01	MonitorSpeechStart	before continuing	1174
2024-05-26 13:43:02	ActionGesture	BrowRaise
2024-05-26 13:43:03	MonitorSpeechStart	I'm listening	676
2024-05-26 13:48:00	Autoreload is disabled because the development mode is off.
2024-05-26 13:48:01	Application started in 0.562 seconds.
2024-05-26 13:48:01	Responding at http://127.0.0.1:8888
2024-05-26 13:48:05	----------------- NEW EXECUTION-------------------
2024-05-26 13:48:05	FlowEvent	NEW_FLOW_STATE	Testing	0.0		UNDEFINED	Testing
2024-05-26 13:48:06	MonitorSpeechStart	Ok, let's test. Say whatever you want.	2873
2024-05-26 13:48:06	ActionGesture	BrowRaise
2024-05-26 13:48:09	ActionGesture	BrowRaise
2024-05-26 13:48:10	ActionGesture	Smile
2024-05-26 13:48:11	SenseSpeech	no	814
2024-05-26 13:48:11	MonitorSpeechStart	I am bit <mark name="action"/>	518
2024-05-26 13:48:11	ActionGesture	BrowRaise
2024-05-26 13:48:12	ActionGesture	PauseUncertain
2024-05-26 13:48:13	MonitorSpeechStart	uncertain	679
2024-05-26 13:48:13	ActionGesture	BrowRaise
2024-05-26 13:48:14	MonitorSpeechStart	I'm listening	676
2024-05-26 13:48:15	ActionGesture	SubtleShake
2024-05-26 13:48:15	MonitorSpeechStart	shaking	622
2024-05-26 13:48:15	ActionGesture	BrowRaise
2024-05-26 13:48:21	MonitorSpeechStart	Now I will pause <mark name="action"/>	1037
2024-05-26 13:53:10	Autoreload is disabled because the development mode is off.
2024-05-26 13:53:10	Application started in 0.594 seconds.
2024-05-26 13:53:11	Responding at http://127.0.0.1:8888
2024-05-26 13:53:15	----------------- NEW EXECUTION-------------------
2024-05-26 13:53:15	FlowEvent	NEW_FLOW_STATE	Testing	0.0		UNDEFINED	Testing
2024-05-26 13:53:15	MonitorSpeechStart	Ok, let's test. Say whatever you want.	2873
2024-05-26 13:53:16	ActionGesture	BrowRaise
2024-05-26 13:53:18	ActionGesture	BrowRaise
2024-05-26 13:53:20	ActionGesture	Smile
2024-05-26 13:53:21	SenseSpeech	no	847
2024-05-26 13:53:21	MonitorSpeechStart	I am bit <mark name="action"/>	518
2024-05-26 13:53:21	ActionGesture	BrowRaise
2024-05-26 13:53:22	ActionGesture	GazeAway
2024-05-26 13:53:22	MonitorSpeechStart	uncertain	679
2024-05-26 13:53:23	ActionGesture	BrowRaise
2024-05-26 13:53:23	MonitorSpeechStart	I'm listening	676
2024-05-26 13:53:25	ActionGesture	SubtleShake
2024-05-26 13:53:25	MonitorSpeechStart	shaking	622
2024-05-26 13:53:25	ActionGesture	BrowRaise
2024-05-26 13:53:31	MonitorSpeechStart	Now I will pause <mark name="action"/>	1037
2024-05-26 13:53:32	ActionGesture	BrowRaise
2024-05-26 13:53:32	ActionGesture	GazeAway
2024-05-26 13:53:33	MonitorSpeechStart	before continuing	1174
2024-05-26 13:55:41	Autoreload is disabled because the development mode is off.
2024-05-26 13:55:42	Application started in 0.558 seconds.
2024-05-26 13:55:42	Responding at http://127.0.0.1:8888
2024-05-26 13:55:43	----------------- NEW EXECUTION-------------------
2024-05-26 13:55:43	FlowEvent	NEW_FLOW_STATE	Testing	0.0		UNDEFINED	Testing
2024-05-26 13:55:44	MonitorSpeechStart	Ok, let's test. Say whatever you want.	2873
2024-05-26 13:55:44	ActionGesture	BrowRaise
2024-05-26 13:55:47	ActionGesture	BrowRaise
2024-05-26 13:55:48	ActionGesture	Smile
2024-05-26 13:55:49	SenseSpeech	no	917
2024-05-26 13:55:49	MonitorSpeechStart	I am bit <mark name="action"/>	518
2024-05-26 13:55:49	ActionGesture	BrowRaise
2024-05-26 13:55:50	ActionGesture	PauseUncertain
2024-05-26 13:55:51	MonitorSpeechStart	uncertain	679
2024-05-26 13:55:51	ActionGesture	BrowRaise
2024-05-26 13:55:52	MonitorSpeechStart	I'm listening	676
2024-05-26 13:55:53	ActionGesture	SubtleShake
2024-05-26 13:55:53	MonitorSpeechStart	shaking	622
2024-05-26 13:55:53	ActionGesture	BrowRaise
2024-05-26 13:56:04	MonitorSpeechStart	Now I will pause <mark name="action"/>	1037
2024-05-26 13:56:05	ActionGesture	BrowRaise
2024-05-26 13:56:05	ActionGesture	GazeAway
2024-05-26 13:56:06	MonitorSpeechStart	before continuing	1174
2024-05-26 13:56:07	ActionGesture	BrowRaise
2024-05-26 13:56:08	MonitorSpeechStart	I'm listening	676
2024-05-26 13:56:09	ActionGesture	SubtleNod
2024-05-26 13:56:10	MonitorSpeechStart	nodding	501
2024-05-26 13:56:10	ActionGesture	BrowRaise
2024-05-26 13:56:13	ActionGesture	Smile
2024-05-26 13:56:14	SenseSpeech	no	867
2024-05-26 13:56:14	MonitorSpeechStart	I am bit <mark name="action"/>	518
2024-05-26 13:56:14	ActionGesture	BrowRaise
2024-05-26 13:56:15	ActionGesture	PauseUncertain
2024-05-26 13:56:15	MonitorSpeechStart	uncertain	679
2024-05-26 13:56:16	ActionGesture	BrowRaise
2024-05-26 13:56:16	MonitorSpeechStart	I'm listening	676
2024-05-26 13:56:18	ActionGesture	SubtleShake
2024-05-26 13:56:18	MonitorSpeechStart	shaking	622
2024-05-26 13:56:18	ActionGesture	BrowRaise
2024-05-26 13:57:10	Autoreload is disabled because the development mode is off.
2024-05-26 13:57:11	Application started in 0.559 seconds.
2024-05-26 13:57:11	Responding at http://127.0.0.1:8888
2024-05-26 13:57:12	----------------- NEW EXECUTION-------------------
2024-05-26 13:57:12	FlowEvent	NEW_FLOW_STATE	Testing	0.0		UNDEFINED	Testing
2024-05-26 13:57:13	MonitorSpeechStart	Ok, let's test. Say whatever you want.	2873
2024-05-26 13:57:13	ActionGesture	BrowRaise
2024-05-26 13:57:16	ActionGesture	BrowRaise
2024-05-26 13:57:17	ActionGesture	Smile
2024-05-26 13:57:18	SenseSpeech	no	797
2024-05-26 13:57:18	MonitorSpeechStart	I am bit <mark name="action"/>	518
2024-05-26 13:57:18	ActionGesture	BrowRaise
2024-05-26 13:57:19	ActionGesture	PauseUncertain
2024-05-26 13:57:20	MonitorSpeechStart	uncertain	679
2024-05-26 13:57:20	ActionGesture	BrowRaise
2024-05-26 13:57:21	MonitorSpeechStart	I'm listening	676
2024-05-26 13:57:22	ActionGesture	SubtleShake
2024-05-26 13:57:22	MonitorSpeechStart	shaking	622
2024-05-26 13:57:22	ActionGesture	BrowRaise
2024-05-26 13:57:28	MonitorSpeechStart	Now I will pause <mark name="action"/>	1037
2024-05-26 13:57:29	ActionGesture	BrowRaise
2024-05-26 13:57:29	ActionGesture	GazeAway
2024-05-26 13:57:30	MonitorSpeechStart	before continuing	1174
2024-05-26 13:57:31	ActionGesture	BrowRaise
2024-05-26 13:57:32	MonitorSpeechStart	I'm listening	676
2024-05-26 13:57:33	ActionGesture	SubtleNod
2024-05-26 13:57:34	MonitorSpeechStart	nodding	501
2024-05-26 13:57:34	ActionGesture	BrowRaise
2024-05-26 13:57:40	MonitorSpeechStart	Now I will pause <mark name="action"/>	1037
2024-05-26 13:57:40	ActionGesture	BrowRaise
2024-05-26 13:57:41	ActionGesture	GazeAway
2024-05-26 13:58:15	Autoreload is disabled because the development mode is off.
2024-05-26 13:58:16	Application started in 0.559 seconds.
2024-05-26 13:58:16	Responding at http://127.0.0.1:8888
2024-05-26 13:58:18	----------------- NEW EXECUTION-------------------
2024-05-26 13:58:18	FlowEvent	NEW_FLOW_STATE	Testing	0.0		UNDEFINED	Testing
2024-05-26 13:58:18	MonitorSpeechStart	Ok, let's test. Say whatever you want.	2873
2024-05-26 13:58:18	ActionGesture	BrowRaise
2024-05-26 13:58:21	ActionGesture	BrowRaise
2024-05-26 13:58:22	ActionGesture	Smile
2024-05-26 13:58:23	SenseSpeech	no	838
2024-05-26 13:58:23	MonitorSpeechStart	I am bit <mark name="action"/>	518
2024-05-26 13:58:24	ActionGesture	BrowRaise
2024-05-26 13:58:24	ActionGesture	PauseUncertain
2024-05-26 13:58:25	MonitorSpeechStart	uncertain	679
2024-05-26 13:58:25	ActionGesture	BrowRaise
2024-05-26 13:58:26	MonitorSpeechStart	I'm listening	676
2024-05-26 13:58:27	ActionGesture	SubtleShake
2024-05-26 13:58:27	MonitorSpeechStart	shaking	622
2024-05-26 13:58:27	ActionGesture	BrowRaise
2024-05-26 13:58:38	MonitorSpeechStart	Now I will pause <mark name="action"/>	1037
2024-05-26 13:58:39	ActionGesture	BrowRaise
2024-05-26 13:58:39	ActionGesture	GazeAway
2024-05-26 13:58:41	MonitorSpeechStart	before continuing	1174
2024-05-26 13:58:41	ActionGesture	BrowRaise
2024-05-26 13:58:42	MonitorSpeechStart	I'm listening	676
2024-05-26 13:58:44	ActionGesture	SubtleNod
2024-05-26 13:58:44	MonitorSpeechStart	nodding	501
2024-05-26 13:58:44	ActionGesture	BrowRaise
2024-05-26 13:58:55	MonitorSpeechStart	Now I will pause <mark name="action"/>	1037
2024-05-26 13:58:55	ActionGesture	BrowRaise
2024-05-26 13:58:56	ActionGesture	GazeAway
2024-05-26 13:58:57	MonitorSpeechStart	before continuing	1174
2024-05-26 13:58:58	ActionGesture	BrowRaise
2024-05-26 13:58:58	MonitorSpeechStart	I'm listening	676
2024-05-26 13:59:00	ActionGesture	SubtleNod
2024-05-26 13:59:00	MonitorSpeechStart	nodding	501
2024-05-26 13:59:01	ActionGesture	BrowRaise
2024-05-26 13:59:03	ActionGesture	Smile
2024-05-26 13:59:04	SenseSpeech	yes	944
2024-05-26 13:59:05	MonitorSpeechStart	I am quite certain <mark name="action"/>	1024
2024-05-26 13:59:05	ActionGesture	BrowRaise
2024-05-26 13:59:06	ActionGesture	EyesOpenBrowUpNod
2024-05-26 13:59:06	MonitorSpeechStart	I'm determined	787
2024-05-26 13:59:07	ActionGesture	BrowRaise
2024-05-26 13:59:07	MonitorSpeechStart	I'm listening	676
2024-05-26 13:59:09	ActionGesture	SubtleNod
2024-05-26 13:59:09	MonitorSpeechStart	nodding	501
2024-05-26 13:59:09	ActionGesture	BrowRaise
2024-05-26 13:59:13	ActionGesture	Smile
2024-05-26 13:59:14	SenseSpeech	no	1270
2024-05-26 13:59:14	MonitorSpeechStart	I am bit <mark name="action"/>	518
2024-05-26 13:59:14	ActionGesture	BrowRaise
2024-05-26 13:59:15	ActionGesture	PauseUncertain
2024-05-26 13:59:16	MonitorSpeechStart	uncertain	679
2024-05-26 13:59:16	ActionGesture	BrowRaise
2024-05-26 13:59:16	MonitorSpeechStart	I'm listening	676
2024-05-26 13:59:18	ActionGesture	SubtleShake
2024-05-26 13:59:18	MonitorSpeechStart	shaking	622
2024-05-26 13:59:18	ActionGesture	BrowRaise
