2024-05-15 19:10:21	Autoreload is disabled because the development mode is off.
2024-05-15 19:10:22	Application started in 0.568 seconds.
2024-05-15 19:10:22	Responding at http://127.0.0.1:8888
2024-05-15 19:10:24	----------------- NEW EXECUTION-------------------
2024-05-15 19:10:24	ActionGesture	CloseEyes
2024-05-15 19:10:25	GUIEvent	GUI_RELOADED	GUI_RELOADED [ACCEPTED]	0.0	UNDEFINED	UNDEFINED	Init
2024-05-15 19:10:25	GUIEvent	SYNCH_REQUESTED	SYNCH REQUESTED .. [ACCEPTED]	0.0	UNDEFINED	UNDEFINED	Init
2024-05-15 19:10:26	GUIEvent	NEW_STAGE_REQUESTED	STAGE[0.2] [5] REQUESTED .. [ACCEPTED]	0.0	UNDEFINED	UNDEFINED	Init
2024-05-15 19:10:26	SessionEvent	USER_SET	USER TO ACTIVATE.	0.2	5	UNDEFINED	Init
2024-05-15 19:10:26	ActionGesture	OpenEyes
2024-05-15 19:10:26	ActionGesture	Smile
2024-05-15 19:10:26	MonitorSpeechStart	Hi there	477
2024-05-15 19:10:27	ActionGesture	BrowRaise
2024-05-15 19:10:28	ActionGesture	BigSmile
2024-05-15 19:10:28	MonitorSpeechStart	Nice to meet you.	824
2024-05-15 19:10:28	ActionGesture	BrowRaise
2024-05-15 19:10:30	GUIEvent	NEW_STAGE_REQUESTED	STAGE[1] [5] REQUESTED .. [ACCEPTED]	0.2	5	CONDITION1	Init
2024-05-15 19:10:30	SessionEvent	QUESTION_SET	NEW QUESTION TO ACTIVATE	1		CONDITION1	Init
2024-05-15 19:10:30	MonitorSpeechStart	Ok #QNUM#. Let's see	2658
2024-05-15 19:10:31	ActionGesture	BrowRaise
2024-05-15 19:10:32	ActionGesture	BrowRaise
2024-05-15 19:10:38	MonitorSpeechStart	Ok let me know when you marked the answer	2040
2024-05-15 19:10:40	ActionGesture	BrowRaise
2024-05-15 19:10:44	ActionGesture	Smile
2024-05-15 19:10:46	SenseSpeech	uh okay	1185
2024-05-15 19:12:12	Autoreload is disabled because the development mode is off.
2024-05-15 19:12:12	Application started in 0.504 seconds.
2024-05-15 19:12:12	Responding at http://127.0.0.1:8888
2024-05-15 19:12:13	----------------- NEW EXECUTION-------------------
2024-05-15 19:12:14	ActionGesture	CloseEyes
2024-05-15 19:12:17	GUIEvent	GUI_RELOADED	GUI_RELOADED [ACCEPTED]	0.0	UNDEFINED	UNDEFINED	Init
2024-05-15 19:12:17	GUIEvent	SYNCH_REQUESTED	SYNCH REQUESTED .. [ACCEPTED]	0.0	UNDEFINED	UNDEFINED	Init
2024-05-15 19:12:18	GUIEvent	NEW_STAGE_REQUESTED	STAGE[0.2] [20] REQUESTED .. [ACCEPTED]	0.0	UNDEFINED	UNDEFINED	Init
2024-05-15 19:12:18	SessionEvent	USER_SET	USER TO ACTIVATE.	0.2	20	UNDEFINED	Init
2024-05-15 19:12:18	ActionGesture	OpenEyes
2024-05-15 19:12:18	ActionGesture	Smile
2024-05-15 19:12:18	MonitorSpeechStart	Hi there	477
2024-05-15 19:12:19	ActionGesture	BrowRaise
2024-05-15 19:12:20	ActionGesture	BigSmile
2024-05-15 19:12:20	MonitorSpeechStart	Nice to meet you.	824
2024-05-15 19:12:20	ActionGesture	BrowRaise
2024-05-15 19:12:22	MonitorSpeechStart	How you doing?	741
2024-05-15 19:12:22	ActionGesture	BrowRaise
2024-05-15 19:12:23	GUIEvent	NEW_STAGE_REQUESTED	STAGE[1] [20] REQUESTED .. [ACCEPTED]	0.2	20	CONDITION1	Init
2024-05-15 19:12:23	SessionEvent	QUESTION_SET	NEW QUESTION TO ACTIVATE	1		CONDITION1	Init
2024-05-15 19:12:23	MonitorSpeechStart	Ok #QNUM#. Let's see	2658
2024-05-15 19:12:24	ActionGesture	BrowRaise
2024-05-15 19:12:25	ActionGesture	BrowRaise
2024-05-15 19:12:31	MonitorSpeechStart	Ok let me know when you marked the answer	2040
2024-05-15 19:12:33	ActionGesture	BrowRaise
2024-05-15 19:12:38	MonitorSpeechStart	Whenever you want.	757
2024-05-15 19:12:39	ActionGesture	BrowRaise
2024-05-15 19:12:40	ActionGesture	Smile
2024-05-15 19:12:42	SenseSpeech	I think I have it	1970
2024-05-15 19:14:27	Autoreload is disabled because the development mode is off.
2024-05-15 19:14:27	Application started in 0.563 seconds.
2024-05-15 19:14:28	Responding at http://127.0.0.1:8888
2024-05-15 19:14:29	----------------- NEW EXECUTION-------------------
2024-05-15 19:14:29	ActionGesture	CloseEyes
2024-05-15 19:14:35	GUIEvent	GUI_RELOADED	GUI_RELOADED [ACCEPTED]	0.0	UNDEFINED	UNDEFINED	Init
2024-05-15 19:14:35	GUIEvent	SYNCH_REQUESTED	SYNCH REQUESTED .. [ACCEPTED]	0.0	UNDEFINED	UNDEFINED	Init
2024-05-15 19:14:36	GUIEvent	NEW_STAGE_REQUESTED	STAGE[0.2] [27] REQUESTED .. [ACCEPTED]	0.0	UNDEFINED	UNDEFINED	Init
2024-05-15 19:14:36	SessionEvent	USER_SET	USER TO ACTIVATE.	0.2	27	UNDEFINED	Init
2024-05-15 19:14:36	ActionGesture	OpenEyes
2024-05-15 19:14:36	ActionGesture	Smile
2024-05-15 19:14:36	MonitorSpeechStart	Oh, hello there	1105
2024-05-15 19:14:37	ActionGesture	BrowRaise
2024-05-15 19:14:38	ActionGesture	BigSmile
2024-05-15 19:14:38	MonitorSpeechStart	Nice to meet you.	824
2024-05-15 19:14:39	ActionGesture	BrowRaise
2024-05-15 19:14:39	GUIEvent	NEW_STAGE_REQUESTED	STAGE[1] [27] REQUESTED .. [ACCEPTED]	0.2	27	CONDITION2	Init
2024-05-15 19:14:39	SessionEvent	QUESTION_SET	NEW QUESTION TO ACTIVATE	1		CONDITION2	Init
2024-05-15 19:14:40	MonitorSpeechStart	Ok #QNUM#. Let's see	2658
2024-05-15 19:14:41	ActionGesture	BrowRaise
2024-05-15 19:14:42	ActionGesture	BrowRaise
2024-05-15 19:14:45	ActionGesture	Smile
2024-05-15 19:14:47	SenseSpeech	yes	1519
2024-05-15 19:14:52	MonitorSpeechStart	Ok let me know when you marked the answer	2040
2024-05-15 19:14:54	ActionGesture	BrowRaise
2024-05-15 19:14:59	MonitorSpeechStart	Whenever you want.	757
2024-05-15 19:15:00	ActionGesture	BrowRaise
2024-05-15 19:15:03	ActionGesture	Smile
2024-05-15 19:15:05	SenseSpeech	yes	1564
2024-05-15 19:15:10	MonitorSpeechStart	Ok. I have it. Do you?	2177
2024-05-15 19:15:11	ActionGesture	BrowRaise
2024-05-15 19:15:47	Autoreload is disabled because the development mode is off.
2024-05-15 19:15:47	Application started in 0.645 seconds.
2024-05-15 19:15:48	Responding at http://127.0.0.1:8888
2024-05-15 19:15:49	----------------- NEW EXECUTION-------------------
2024-05-15 19:15:49	ActionGesture	CloseEyes
2024-05-15 19:15:50	GUIEvent	GUI_RELOADED	GUI_RELOADED [ACCEPTED]	0.0	UNDEFINED	UNDEFINED	Init
2024-05-15 19:15:50	GUIEvent	SYNCH_REQUESTED	SYNCH REQUESTED .. [ACCEPTED]	0.0	UNDEFINED	UNDEFINED	Init
2024-05-15 19:15:52	GUIEvent	NEW_STAGE_REQUESTED	STAGE[0.2] [4] REQUESTED .. [ACCEPTED]	0.0	UNDEFINED	UNDEFINED	Init
2024-05-15 19:15:52	SessionEvent	USER_SET	USER TO ACTIVATE.	0.2	4	UNDEFINED	Init
2024-05-15 19:15:52	ActionGesture	OpenEyes
2024-05-15 19:15:52	ActionGesture	Smile
2024-05-15 19:15:52	MonitorSpeechStart	Oh, hello there	1105
2024-05-15 19:15:53	ActionGesture	BrowRaise
2024-05-15 19:15:54	ActionGesture	BigSmile
2024-05-15 19:15:54	MonitorSpeechStart	Nice to meet you.	824
2024-05-15 19:15:54	ActionGesture	BrowRaise
2024-05-15 19:15:55	GUIEvent	NEW_STAGE_REQUESTED	STAGE[1] [4] REQUESTED .. [ACCEPTED]	0.2	4	CONDITION1	Init
2024-05-15 19:15:55	SessionEvent	QUESTION_SET	NEW QUESTION TO ACTIVATE	1		CONDITION1	Init
2024-05-15 19:15:56	MonitorSpeechStart	Ok #QNUM#. Let's see	2658
2024-05-15 19:15:57	ActionGesture	BrowRaise
2024-05-15 19:15:58	ActionGesture	BrowRaise
2024-05-15 19:16:00	ActionGesture	Smile
2024-05-15 19:16:01	SenseSpeech	yes	1052
2024-05-15 19:16:02	MonitorSpeechStart	Something	559
2024-05-15 19:16:02	ActionGesture	BrowRaise
2024-05-15 19:16:08	MonitorSpeechStart	Ok let me know when you marked the answer	2040
2024-05-15 19:16:10	ActionGesture	BrowRaise
2024-05-15 19:16:15	ActionGesture	Smile
2024-05-15 19:16:16	SenseSpeech	no	880
2024-05-15 19:18:22	Autoreload is disabled because the development mode is off.
2024-05-15 19:18:22	Application started in 0.531 seconds.
2024-05-15 19:18:23	Responding at http://127.0.0.1:8888
2024-05-15 19:18:24	----------------- NEW EXECUTION-------------------
2024-05-15 19:18:24	ActionGesture	CloseEyes
2024-05-15 19:18:25	GUIEvent	GUI_RELOADED	GUI_RELOADED [ACCEPTED]	0.0	UNDEFINED	UNDEFINED	Init
2024-05-15 19:18:25	GUIEvent	SYNCH_REQUESTED	SYNCH REQUESTED .. [ACCEPTED]	0.0	UNDEFINED	UNDEFINED	Init
2024-05-15 19:18:26	GUIEvent	NEW_STAGE_REQUESTED	STAGE[0.2] [20] REQUESTED .. [ACCEPTED]	0.0	UNDEFINED	UNDEFINED	Init
2024-05-15 19:18:26	SessionEvent	USER_SET	USER TO ACTIVATE.	0.2	20	UNDEFINED	Init
2024-05-15 19:18:26	ActionGesture	OpenEyes
2024-05-15 19:18:26	ActionGesture	Smile
2024-05-15 19:18:26	MonitorSpeechStart	Oh, hello there	1105
2024-05-15 19:18:27	ActionGesture	BrowRaise
2024-05-15 19:18:29	ActionGesture	BigSmile
2024-05-15 19:18:29	MonitorSpeechStart	Nice to meet you.	824
2024-05-15 19:18:29	ActionGesture	BrowRaise
2024-05-15 19:18:30	GUIEvent	NEW_STAGE_REQUESTED	STAGE[1] [20] REQUESTED .. [ACCEPTED]	0.2	20	CONDITION1	Init
2024-05-15 19:18:30	SessionEvent	QUESTION_SET	NEW QUESTION TO ACTIVATE	1		CONDITION1	Init
2024-05-15 19:18:30	MonitorSpeechStart	Ok #QNUM#. Let's see	2658
2024-05-15 19:18:31	ActionGesture	BrowRaise
2024-05-15 19:18:32	ActionGesture	BrowRaise
2024-05-15 19:18:34	ActionGesture	Smile
2024-05-15 19:18:35	SenseSpeech	no	805
2024-05-15 19:27:55	Autoreload is disabled because the development mode is off.
2024-05-15 19:27:55	Application started in 0.507 seconds.
2024-05-15 19:27:56	Responding at http://127.0.0.1:8888
2024-05-15 19:27:57	----------------- NEW EXECUTION-------------------
2024-05-15 19:27:57	ActionGesture	CloseEyes
2024-05-15 19:27:58	GUIEvent	GUI_RELOADED	GUI_RELOADED [ACCEPTED]	0.0	UNDEFINED	UNDEFINED	Init
2024-05-15 19:27:59	GUIEvent	SYNCH_REQUESTED	SYNCH REQUESTED .. [ACCEPTED]	0.0	UNDEFINED	UNDEFINED	Init
2024-05-15 19:28:00	GUIEvent	NEW_STAGE_REQUESTED	STAGE[0.2] [12] REQUESTED .. [ACCEPTED]	0.0	UNDEFINED	UNDEFINED	Init
2024-05-15 19:28:00	SessionEvent	USER_SET	USER TO ACTIVATE.	0.2	12	UNDEFINED	Init
2024-05-15 19:28:00	ActionGesture	OpenEyes
2024-05-15 19:28:00	ActionGesture	Smile
2024-05-15 19:28:00	MonitorSpeechStart	Hi there	477
2024-05-15 19:28:00	ActionGesture	BrowRaise
2024-05-15 19:28:02	ActionGesture	BigSmile
2024-05-15 19:28:02	MonitorSpeechStart	Nice to meet you.	824
2024-05-15 19:28:02	ActionGesture	BrowRaise
2024-05-15 19:28:04	GUIEvent	NEW_STAGE_REQUESTED	STAGE[1] [12] REQUESTED .. [ACCEPTED]	0.2	12	CONDITION1	Init
2024-05-15 19:28:04	SessionEvent	QUESTION_SET	NEW QUESTION TO ACTIVATE	1		CONDITION1	Init
2024-05-15 19:28:04	MonitorSpeechStart	Ok #QNUM#. Let's see	2658
2024-05-15 19:28:05	ActionGesture	BrowRaise
2024-05-15 19:28:06	ActionGesture	BrowRaise
2024-05-15 19:28:09	ActionGesture	Smile
2024-05-15 19:28:11	SenseSpeech	yes	1478
2024-05-15 19:28:12	MonitorSpeechStart	oh...We need to mark the answer.	1842
2024-05-15 19:28:13	ActionGesture	BrowRaise
2024-05-15 19:38:05	Autoreload is disabled because the development mode is off.
2024-05-15 19:38:05	Application started in 0.505 seconds.
2024-05-15 19:38:05	Responding at http://127.0.0.1:8888
2024-05-15 19:38:08	----------------- NEW EXECUTION-------------------
2024-05-15 19:38:08	ActionGesture	CloseEyes
2024-05-15 19:38:09	GUIEvent	GUI_RELOADED	GUI_RELOADED [ACCEPTED]	0.0	UNDEFINED	UNDEFINED	Init
2024-05-15 19:38:09	GUIEvent	SYNCH_REQUESTED	SYNCH REQUESTED .. [ACCEPTED]	0.0	UNDEFINED	UNDEFINED	Init
2024-05-15 19:38:11	GUIEvent	NEW_STAGE_REQUESTED	STAGE[0.2] [5] REQUESTED .. [ACCEPTED]	0.0	UNDEFINED	UNDEFINED	Init
2024-05-15 19:38:11	SessionEvent	USER_SET	USER TO ACTIVATE.	0.2	5	UNDEFINED	Init
2024-05-15 19:38:11	ActionGesture	OpenEyes
2024-05-15 19:38:11	ActionGesture	Smile
2024-05-15 19:38:11	MonitorSpeechStart	Oh, hello there	1105
2024-05-15 19:38:12	ActionGesture	BrowRaise
2024-05-15 19:38:13	ActionGesture	BigSmile
2024-05-15 19:38:13	MonitorSpeechStart	Nice to meet you.	824
2024-05-15 19:38:13	ActionGesture	BrowRaise
2024-05-15 19:38:15	MonitorSpeechStart	How you doing?	741
2024-05-15 19:38:15	ActionGesture	BrowRaise
2024-05-15 19:38:17	GUIEvent	NEW_STAGE_REQUESTED	STAGE[1] [5] REQUESTED .. [ACCEPTED]	0.2	5	CONDITION1	Init
2024-05-15 19:38:17	SessionEvent	QUESTION_SET	NEW QUESTION TO ACTIVATE	1		CONDITION1	Init
2024-05-15 19:38:17	MonitorSpeechStart	Ok #QNUM#. Let's see	2658
2024-05-15 19:38:18	ActionGesture	BrowRaise
2024-05-15 19:38:19	ActionGesture	BrowRaise
2024-05-15 19:38:25	ActionGesture	Smile
2024-05-15 19:38:26	SenseSpeech	yes	1107
2024-05-15 19:38:26	MonitorSpeechStart	oh...We need to mark the answer.	1842
2024-05-15 19:38:28	ActionGesture	BrowRaise
2024-05-15 19:38:34	MonitorSpeechStart	oh...I think we need to mark the answer. I did already.	3387
2024-05-15 19:38:36	ActionGesture	BrowRaise
2024-05-15 19:38:37	ActionGesture	BrowRaise
2024-05-15 19:38:40	ActionGesture	Smile
2024-05-15 19:38:41	SenseSpeech	uh okay	1238
2024-05-15 19:38:42	MonitorSpeechStart	oh...Before moving on, you need to mark your answer. Did you?	4017
2024-05-15 19:38:42	GUIEvent	ANSWER_MARKED	ANSWER[TRUE] [1] [5] SENT .. [ACCEPTED]	1	5	CONDITION1	Init
2024-05-15 19:38:43	ActionGesture	BrowRaise
2024-05-15 19:38:45	ActionGesture	BrowRaise
2024-05-15 19:38:48	ActionGesture	Smile
2024-05-15 19:38:50	SenseSpeech	yes	1262
2024-05-15 19:38:51	MonitorSpeechStart	DISCLOSURE 1 NEUTRAL FOR Q 1	2063
2024-05-15 19:38:51	ActionGesture	BrowRaise
2024-05-15 19:38:53	ActionGesture	BrowRaise
