2024-05-15 16:58:29	Autoreload is disabled because the development mode is off.
2024-05-15 16:58:30	Application started in 0.535 seconds.
2024-05-15 16:58:30	Responding at http://127.0.0.1:8888
2024-05-15 16:58:31	----------------- NEW EXECUTION-------------------
2024-05-15 16:58:31	ActionGesture	CloseEyes
2024-05-15 16:58:37	GUIEvent	GUI_RELOADED	GUI_RELOADED [ACCEPTED]	0.0	UNDEFINED	UNDEFINED	Init
2024-05-15 16:58:37	GUIEvent	SYNCH_REQUESTED	SYNCH REQUESTED .. [ACCEPTED]	0.0	UNDEFINED	UNDEFINED	Init
2024-05-15 16:58:39	GUIEvent	NEW_STAGE_REQUESTED	STAGE[0.2] [4] REQUESTED .. [ACCEPTED]	0.0	UNDEFINED	UNDEFINED	Init
2024-05-15 16:58:39	SessionEvent	USER_SET	USER TO ACTIVATE.	0.2	4	UNDEFINED	Init
2024-05-15 16:58:39	ActionGesture	OpenEyes
2024-05-15 16:58:39	ActionGesture	Smile
2024-05-15 16:58:40	MonitorSpeechStart	Oh, hello there	1105
2024-05-15 16:58:40	ActionGesture	BrowRaise
2024-05-15 16:58:42	ActionGesture	BigSmile
2024-05-15 16:58:42	MonitorSpeechStart	Nice to meet you.	824
2024-05-15 16:58:42	ActionGesture	BrowRaise
2024-05-15 16:58:44	MonitorSpeechStart	How you doing?	741
2024-05-15 16:58:44	ActionGesture	BrowRaise
2024-05-15 16:58:45	GUIEvent	NEW_STAGE_REQUESTED	STAGE[1] [4] REQUESTED .. [ACCEPTED]	0.2	4	CONDITION1	Init
2024-05-15 16:58:45	SessionEvent	QUESTION_SET	NEW QUESTION TO ACTIVATE	1		CONDITION1	Init
