2024-05-26 20:00:00	MonitorSpeechStart	<prosody rate="1.0">Ok. I marked TRUE already. Can you mark your answer on the tablet and confim?</prosody>	4615
2024-05-26 20:00:01	ActionGesture	BrowRaise
2024-05-26 20:00:04	ActionGesture	BrowRaise
2024-05-26 20:00:04	ActionGesture	BrowRaise
2024-05-26 20:00:05	ActionGesture	BrowRaise
2024-05-26 20:00:08	GUIEvent	NEW_STAGE_REQUESTED	STAGE[0.3] [4] REQUESTED .. [ACCEPTED]	8	4	CONDITION1	QuestionConfirmation
2024-05-26 20:00:08	ActionGesture	Smile
2024-05-26 20:00:09	SenseSpeech	yes	1161
2024-05-26 20:00:09	MonitorSpeechStart	<prosody rate="1.0">Super</prosody>	526
2024-05-26 20:00:10	ActionGesture	BrowRaise
2024-05-26 20:00:11	MonitorSpeechStart	<prosody rate="1.0">Ok, but I am not receiving any new question. Did you press the button below?</prosody>	4553
2024-05-26 20:00:11	ActionGesture	BrowRaise
2024-05-26 20:00:12	ActionGesture	BrowRaise
2024-05-26 20:00:15	ActionGesture	BrowRaise
2024-05-26 20:11:48	Autoreload is disabled because the development mode is off.
2024-05-26 20:11:48	Application started in 0.758 seconds.
2024-05-26 20:11:49	Responding at http://127.0.0.1:8888
2024-05-26 20:11:51	----------------- NEW EXECUTION-------------------
2024-05-26 20:11:51	FlowEvent	NEW_FLOW_STATE	Sleep	0.0		UNDEFINED	Sleep
2024-05-26 20:11:51	ActionGesture	CloseEyes
2024-05-26 20:11:51	ActionGesture	CloseEyes
2024-05-26 20:11:55	GUIEvent	GUI_RELOADED	GUI_RELOADED [ACCEPTED]	0.0	UNDEFINED	UNDEFINED	Sleep
2024-05-26 20:12:11	GUIEvent	NEW_STAGE_REQUESTED	STAGE[0.2] [4] REQUESTED .. [ACCEPTED]	0.0	UNDEFINED	UNDEFINED	Sleep
2024-05-26 20:12:11	SessionEvent	USER_SET	USER TO ACTIVATE.	0.2	4	UNDEFINED	Sleep
2024-05-26 20:12:11	FlowEvent	NEW_FLOW_STATE	Welcome	0.2		CONDITION1	Welcome
2024-05-26 20:12:11	ActionGesture	OpenEyes
2024-05-26 20:12:11	ActionGesture	Smile
2024-05-26 20:12:12	MonitorSpeechStart	<prosody rate="1.0">Hello there</prosody>	543
2024-05-26 20:12:12	ActionGesture	BrowRaise
2024-05-26 20:12:14	MonitorSpeechStart	<prosody rate="1.0">Nice to meet you</prosody>	824
2024-05-26 20:12:14	ActionGesture	BrowRaise
2024-05-26 20:12:16	MonitorSpeechStart	<prosody rate="1.0">How you doing?</prosody>	741
2024-05-26 20:12:16	ActionGesture	BrowRaise
2024-05-26 20:12:19	GUIEvent	NEW_STAGE_REQUESTED	STAGE[8] [4] REQUESTED .. [ACCEPTED]	0.2	4	CONDITION1	Welcome
2024-05-26 20:12:19	SessionEvent	QUESTION_SET	NEW QUESTION TO ACTIVATE	8		CONDITION1	Welcome
2024-05-26 20:12:19	FlowEvent	NEW_FLOW_STATE	QuestionReflection	8		CONDITION1	QuestionReflection
2024-05-26 20:12:20	MonitorSpeechStart	<prosody rate="1.0">Ok</prosody>	618
2024-05-26 20:12:20	ActionGesture	BrowRaise
2024-05-26 20:12:21	MonitorSpeechStart	<prosody rate="1.0">I think I am getting the question 8</prosody>	1655
2024-05-26 20:12:22	GUIEvent	ANSWER_MARKED	ANSWER[TRUE] [8] [4] SENT .. [ACCEPTED]	8	4	CONDITION1	QuestionReflection
2024-05-26 20:12:22	ActionGesture	BrowRaise
2024-05-26 20:12:24	MonitorSpeechStart	<prosody rate="1.0">Let's see</prosody>	658
2024-05-26 20:12:24	ActionGesture	BrowRaise
2024-05-26 20:12:32	ActionGesture	Smile
2024-05-26 20:12:33	SenseSpeech	I have it	1119
2024-05-26 20:12:33	FlowEvent	NEW_FLOW_STATE	QuestionDisclosure	8		CONDITION1	QuestionDisclosure
2024-05-26 20:12:33	MonitorSpeechStart	<prosody rate="1.0">Good</prosody>	391
2024-05-26 20:12:34	MonitorSpeechStart	<prosody rate="1.0">I replied that it is TRUE</prosody>	1387
2024-05-26 20:12:35	ActionGesture	BrowRaise
2024-05-26 20:12:36	MonitorSpeechStart	<prosody rate="1.0">What do you think?</prosody>	726
2024-05-26 20:12:36	ActionGesture	BrowRaise
2024-05-26 20:12:39	ActionGesture	Smile
2024-05-26 20:12:40	SenseSpeech	yeah	906
2024-05-26 20:12:40	FlowEvent	NEW_FLOW_STATE	QuestionReview	8		CONDITION1	QuestionReview
2024-05-26 20:12:40	MonitorSpeechStart	<prosody rate="1.0">Good. You see it too?</prosody>	1507
2024-05-26 20:12:42	MonitorSpeechStart	<prosody rate="1.0">I replied that it is true, because it doesn't matter where the blp lamp is placed and the yellow lamps in C2 are connected in parallel so their equivalent resistance is lower.</prosody>	8785
2024-05-26 20:12:43	ActionGesture	BrowRaise
2024-05-26 20:12:45	ActionGesture	BrowRaise
2024-05-26 20:12:46	ActionGesture	BrowRaise
2024-05-26 20:12:47	ActionGesture	BrowRaise
2024-05-26 20:12:51	ActionGesture	BrowRaise
2024-05-26 20:12:54	ActionGesture	Smile
2024-05-26 20:12:55	SenseSpeech	wow	989
2024-05-26 20:12:55	MonitorSpeechStart	<prosody rate="1.0">Ok</prosody>	618
2024-05-26 20:12:56	ActionGesture	BrowRaise
2024-05-26 20:12:57	MonitorSpeechStart	<prosody rate="1.0">Since the power depends on the square of the current and the resistance and the current increases as the resistance decreases the power will increase.</prosody>	6537
2024-05-26 20:12:57	ActionGesture	BrowRaise
2024-05-26 20:12:58	ActionGesture	BrowRaise
2024-05-26 20:12:59	ActionGesture	BrowRaise
2024-05-26 20:13:00	ActionGesture	BrowRaise
2024-05-26 20:13:02	ActionGesture	BrowRaise
2024-05-26 20:13:03	ActionGesture	BrowRaise
2024-05-26 20:13:08	ActionGesture	Smile
2024-05-26 20:13:09	SenseSpeech	okay	1003
2024-05-26 20:13:09	FlowEvent	NEW_FLOW_STATE	QuestionCheckpoint	8		CONDITION1	QuestionCheckpoint
2024-05-26 20:13:09	MonitorSpeechStart	<prosody rate="1.0">Nice</prosody>	438
2024-05-26 20:13:09	ActionGesture	BrowRaise
2024-05-26 20:13:10	MonitorSpeechStart	<prosody rate="1.0">So</prosody>	386
2024-05-26 20:13:11	MonitorSpeechStart	<prosody rate="1.0">do we agree it's TRUE?</prosody>	1157
2024-05-26 20:13:11	ActionGesture	BrowRaise
2024-05-26 20:13:18	ActionGesture	Smile
2024-05-26 20:13:19	SenseSpeech	yes	1091
2024-05-26 20:13:19	FlowEvent	NEW_FLOW_STATE	QuestionReview	8		CONDITION1	QuestionReview
2024-05-26 20:13:19	FlowEvent	NEW_FLOW_STATE	QuestionConfirmation	8		CONDITION1	QuestionConfirmation
2024-05-26 20:13:19	MonitorSpeechStart	<prosody rate="1.0">Perfect</prosody>	513
2024-05-26 20:13:20	ActionGesture	BrowRaise
2024-05-26 20:13:21	MonitorSpeechStart	<prosody rate="1.0">Ok. I marked TRUE already. Can you mark your answer on the tablet and confim?</prosody>	4615
2024-05-26 20:13:21	ActionGesture	BrowRaise
2024-05-26 20:15:35	GUIEvent	NEW_STAGE_REQUESTED	STAGE[0.3] [4] REQUESTED .. [ACCEPTED]	8	4	CONDITION1	QuestionConfirmation
2024-05-26 20:39:11	Autoreload is disabled because the development mode is off.
2024-05-26 20:39:12	Application started in 0.582 seconds.
2024-05-26 20:39:12	Responding at http://127.0.0.1:8888
2024-05-26 20:39:15	----------------- NEW EXECUTION-------------------
2024-05-26 20:39:15	FlowEvent	NEW_FLOW_STATE	Sleep	0.0		UNDEFINED	Sleep
2024-05-26 20:39:15	ActionGesture	CloseEyes
2024-05-26 20:39:15	ActionGesture	CloseEyes
2024-05-26 20:39:17	GUIEvent	GUI_RELOADED	GUI_RELOADED [ACCEPTED]	0.0	UNDEFINED	UNDEFINED	Sleep
2024-05-26 20:39:27	GUIEvent	NEW_STAGE_REQUESTED	STAGE[0.2] [4] REQUESTED .. [ACCEPTED]	0.0	UNDEFINED	UNDEFINED	Sleep
2024-05-26 20:39:27	SessionEvent	USER_SET	USER TO ACTIVATE.	0.2	4	UNDEFINED	Sleep
2024-05-26 20:39:27	FlowEvent	NEW_FLOW_STATE	Welcome	0.2		CONDITION1	Welcome
2024-05-26 20:39:27	ActionGesture	OpenEyes
2024-05-26 20:39:27	ActionGesture	Smile
2024-05-26 20:39:31	Autoreload is disabled because the development mode is off.
2024-05-26 20:39:32	Application started in 0.545 seconds.
2024-05-26 20:39:32	Responding at http://127.0.0.1:8888
2024-05-26 20:39:34	----------------- NEW EXECUTION-------------------
2024-05-26 20:39:34	FlowEvent	NEW_FLOW_STATE	Sleep	0.0		UNDEFINED	Sleep
2024-05-26 20:39:34	ActionGesture	CloseEyes
2024-05-26 20:39:34	ActionGesture	CloseEyes
2024-05-26 20:39:37	GUIEvent	GUI_RELOADED	GUI_RELOADED [ACCEPTED]	0.0	UNDEFINED	UNDEFINED	Sleep
2024-05-26 20:39:38	GUIEvent	NEW_STAGE_REQUESTED	STAGE[0.2] [5] REQUESTED .. [ACCEPTED]	0.0	UNDEFINED	UNDEFINED	Sleep
2024-05-26 20:39:38	SessionEvent	USER_SET	USER TO ACTIVATE.	0.2	5	UNDEFINED	Sleep
2024-05-26 20:39:38	FlowEvent	NEW_FLOW_STATE	Welcome	0.2		CONDITION1	Welcome
2024-05-26 20:39:38	ActionGesture	OpenEyes
2024-05-26 20:39:38	ActionGesture	Smile
2024-05-26 20:39:39	MonitorSpeechStart	<prosody rate="1.0">Hello there</prosody>	543
2024-05-26 20:39:39	ActionGesture	BrowRaise
2024-05-26 20:39:40	MonitorSpeechStart	<prosody rate="1.0">Nice to meet you</prosody>	824
2024-05-26 20:39:40	ActionGesture	BrowRaise
2024-05-26 20:39:42	GUIEvent	NEW_STAGE_REQUESTED	STAGE[8] [5] REQUESTED .. [ACCEPTED]	0.2	5	CONDITION1	Welcome
2024-05-26 20:39:42	SessionEvent	QUESTION_SET	NEW QUESTION TO ACTIVATE	8		CONDITION1	Welcome
2024-05-26 20:39:42	FlowEvent	NEW_FLOW_STATE	QuestionReflection	8		CONDITION1	QuestionReflection
2024-05-26 20:39:43	MonitorSpeechStart	<prosody rate="1.0">Ok</prosody>	618
2024-05-26 20:39:43	ActionGesture	BrowRaise
2024-05-26 20:39:44	MonitorSpeechStart	<prosody rate="1.0">I think I am getting the question 8</prosody>	1655
2024-05-26 20:39:46	ActionGesture	BrowRaise
2024-05-26 20:39:47	MonitorSpeechStart	<prosody rate="1.0">Let's see</prosody>	658
2024-05-26 20:39:47	ActionGesture	BrowRaise
2024-05-26 20:39:51	GUIEvent	ANSWER_MARKED	ANSWER[TRUE] [8] [5] SENT .. [ACCEPTED]	8	5	CONDITION1	QuestionReflection
2024-05-26 20:39:55	ActionGesture	Smile
2024-05-26 20:39:56	SenseSpeech	I'm ready	1046
2024-05-26 20:39:56	FlowEvent	NEW_FLOW_STATE	QuestionDisclosure	8		CONDITION1	QuestionDisclosure
2024-05-26 20:39:57	MonitorSpeechStart	<prosody rate="1.0">Great</prosody>	377
2024-05-26 20:39:57	ActionGesture	BrowRaise
2024-05-26 20:39:58	MonitorSpeechStart	<prosody rate="1.0">I replied that it is TRUE</prosody>	1387
2024-05-26 20:39:59	ActionGesture	BrowRaise
2024-05-26 20:40:00	MonitorSpeechStart	<prosody rate="1.0">What do you think?</prosody>	726
2024-05-26 20:40:00	ActionGesture	BrowRaise
2024-05-26 20:40:03	ActionGesture	Smile
2024-05-26 20:40:05	SenseSpeech	yeah me too	1130
2024-05-26 20:40:05	FlowEvent	NEW_FLOW_STATE	QuestionReview	8		CONDITION1	QuestionReview
2024-05-26 20:40:05	MonitorSpeechStart	<prosody rate="1.0">Good. You see it too?</prosody>	1507
2024-05-26 20:40:07	MonitorSpeechStart	<prosody rate="1.0">I replied that it is true, because it doesn't matter where the blp lamp is placed and the yellow lamps in C2 are connected in parallel so their equivalent resistance is lower.</prosody>	8785
2024-05-26 20:40:07	ActionGesture	BrowRaise
2024-05-26 20:40:09	ActionGesture	BrowRaise
2024-05-26 20:40:11	ActionGesture	BrowRaise
2024-05-26 20:40:12	ActionGesture	BrowRaise
2024-05-26 20:40:16	ActionGesture	BrowRaise
2024-05-26 20:40:19	ActionGesture	Smile
2024-05-26 20:40:20	SenseSpeech	yeah sure	1014
2024-05-26 20:40:20	MonitorSpeechStart	<prosody rate="1.0">Ok</prosody>	618
2024-05-26 20:40:21	ActionGesture	BrowRaise
2024-05-26 20:40:22	MonitorSpeechStart	<prosody rate="1.0">Since the power depends on the square of the current and the resistance and the current increases as the resistance decreases the power will increase.</prosody>	6537
2024-05-26 20:40:22	ActionGesture	BrowRaise
2024-05-26 20:40:23	ActionGesture	BrowRaise
2024-05-26 20:40:24	ActionGesture	BrowRaise
2024-05-26 20:40:25	ActionGesture	BrowRaise
2024-05-26 20:40:27	ActionGesture	BrowRaise
2024-05-26 20:40:28	ActionGesture	BrowRaise
2024-05-26 20:40:31	ActionGesture	Smile
2024-05-26 20:40:32	SenseSpeech	whatever	905
2024-05-26 20:40:32	FlowEvent	NEW_FLOW_STATE	QuestionCheckpoint	8		CONDITION1	QuestionCheckpoint
2024-05-26 20:40:32	MonitorSpeechStart	<prosody rate="1.0">Mm</prosody>	208
2024-05-26 20:40:33	MonitorSpeechStart	<prosody rate="1.0">So</prosody>	386
2024-05-26 20:40:34	MonitorSpeechStart	<prosody rate="1.0">do we agree it's TRUE?</prosody>	1157
2024-05-26 20:40:34	ActionGesture	BrowRaise
2024-05-26 20:40:36	ActionGesture	Smile
2024-05-26 20:40:37	SenseSpeech	yes	827
2024-05-26 20:40:37	FlowEvent	NEW_FLOW_STATE	QuestionReview	8		CONDITION1	QuestionReview
2024-05-26 20:40:37	FlowEvent	NEW_FLOW_STATE	QuestionConfirmation	8		CONDITION1	QuestionConfirmation
2024-05-26 20:40:37	MonitorSpeechStart	<prosody rate="1.0">Good</prosody>	391
2024-05-26 20:40:39	MonitorSpeechStart	<prosody rate="1.0">Ok. I marked TRUE already. Can you mark your answer on the tablet and confim?</prosody>	4615
2024-05-26 20:40:39	ActionGesture	BrowRaise
2024-05-26 20:40:42	ActionGesture	BrowRaise
2024-05-26 20:40:42	ActionGesture	BrowRaise
2024-05-26 20:40:43	ActionGesture	BrowRaise
2024-05-26 20:40:44	GUIEvent	NEW_STAGE_REQUESTED	STAGE[0.3] [5] REQUESTED .. [ACCEPTED]	8	5	CONDITION1	QuestionConfirmation
2024-05-26 20:40:44	SessionEvent	ANSWER_CONFIRMED	QUESTION CONFIRMED IN GUI.	0.3		CONDITION1	QuestionConfirmation
2024-05-26 20:58:35	Autoreload is disabled because the development mode is off.
2024-05-26 20:58:36	Application started in 0.61 seconds.
2024-05-26 20:58:36	Responding at http://127.0.0.1:8888
2024-05-26 20:58:37	----------------- NEW EXECUTION-------------------
2024-05-26 20:58:37	FlowEvent	NEW_FLOW_STATE	Sleep	0.0		UNDEFINED	Sleep
2024-05-26 20:58:37	ActionGesture	CloseEyes
2024-05-26 20:58:37	ActionGesture	CloseEyes
2024-05-26 20:58:39	GUIEvent	GUI_RELOADED	GUI_RELOADED [ACCEPTED]	0.0	UNDEFINED	UNDEFINED	Sleep
2024-05-26 20:58:41	GUIEvent	NEW_STAGE_REQUESTED	STAGE[0.2] [3] REQUESTED .. [ACCEPTED]	0.0	UNDEFINED	UNDEFINED	Sleep
2024-05-26 20:58:41	SessionEvent	USER_SET	USER TO ACTIVATE.	0.2	3	UNDEFINED	Sleep
2024-05-26 20:58:41	FlowEvent	NEW_FLOW_STATE	Welcome	0.2		CONDITION1	Welcome
2024-05-26 20:58:41	ActionGesture	OpenEyes
2024-05-26 20:58:41	ActionGesture	Smile
2024-05-26 20:58:42	MonitorSpeechStart	<prosody rate="1.0">Hello there</prosody>	543
2024-05-26 20:58:42	ActionGesture	BrowRaise
2024-05-26 20:58:43	MonitorSpeechStart	<prosody rate="1.0">Nice to meet you</prosody>	824
2024-05-26 20:58:43	ActionGesture	BrowRaise
2024-05-26 20:58:44	GUIEvent	NEW_STAGE_REQUESTED	STAGE[8] [3] REQUESTED .. [ACCEPTED]	0.2	3	CONDITION1	Welcome
2024-05-26 20:58:44	SessionEvent	QUESTION_SET	NEW QUESTION TO ACTIVATE	8		CONDITION1	Welcome
2024-05-26 20:58:44	FlowEvent	NEW_FLOW_STATE	QuestionReflection	8		CONDITION1	QuestionReflection
2024-05-26 20:58:46	MonitorSpeechStart	<prosody rate="1.0">Ok</prosody>	618
2024-05-26 20:58:46	ActionGesture	BrowRaise
2024-05-26 20:58:47	MonitorSpeechStart	<prosody rate="1.0">I think I am getting the question 8</prosody>	1655
2024-05-26 20:58:48	GUIEvent	ANSWER_MARKED	ANSWER[TRUE] [8] [3] SENT .. [ACCEPTED]	8	3	CONDITION1	QuestionReflection
2024-05-26 20:58:48	ActionGesture	BrowRaise
2024-05-26 20:58:50	MonitorSpeechStart	<prosody rate="1.0">Let's see</prosody>	658
2024-05-26 20:58:50	ActionGesture	BrowRaise
2024-05-26 20:58:52	ActionGesture	Smile
2024-05-26 20:58:54	SenseSpeech	I have it	1093
2024-05-26 20:58:54	FlowEvent	NEW_FLOW_STATE	QuestionDisclosure	8		CONDITION1	QuestionDisclosure
2024-05-26 20:58:54	MonitorSpeechStart	<prosody rate="1.0">Good</prosody>	391
2024-05-26 20:58:55	MonitorSpeechStart	<prosody rate="1.0">I replied that it is TRUE</prosody>	1387
2024-05-26 20:58:56	ActionGesture	BrowRaise
2024-05-26 20:58:57	MonitorSpeechStart	<prosody rate="1.0">What do you think?</prosody>	726
2024-05-26 20:58:57	ActionGesture	BrowRaise
2024-05-26 20:59:04	ActionGesture	Smile
2024-05-26 20:59:06	SenseSpeech	um	1884
2024-05-26 20:59:06	FlowEvent	NEW_FLOW_STATE	QuestionReview	8		CONDITION1	QuestionReview
2024-05-26 20:59:06	MonitorSpeechStart	<prosody rate="1.0">Ok</prosody>	618
2024-05-26 20:59:06	ActionGesture	BrowRaise
2024-05-26 20:59:08	MonitorSpeechStart	<prosody rate="1.0">I replied that it is true, because it doesn't matter where the blp lamp is placed and the yellow lamps in C2 are connected in parallel so their equivalent resistance is lower.</prosody>	8785
2024-05-26 20:59:08	ActionGesture	BrowRaise
2024-05-26 20:59:10	ActionGesture	BrowRaise
2024-05-26 20:59:11	ActionGesture	BrowRaise
2024-05-26 20:59:12	ActionGesture	BrowRaise
2024-05-26 20:59:16	ActionGesture	BrowRaise
2024-05-26 20:59:18	ActionGesture	Smile
2024-05-26 20:59:19	SenseSpeech	all right	943
2024-05-26 20:59:19	MonitorSpeechStart	<prosody rate="1.0">Good. You see it too?</prosody>	1507
2024-05-26 20:59:21	MonitorSpeechStart	<prosody rate="1.0">Since the power depends on the square of the current and the resistance and the current increases as the resistance decreases the power will increase.</prosody>	6537
2024-05-26 20:59:22	ActionGesture	BrowRaise
2024-05-26 20:59:22	ActionGesture	BrowRaise
2024-05-26 20:59:23	ActionGesture	BrowRaise
2024-05-26 20:59:24	ActionGesture	BrowRaise
2024-05-26 20:59:27	ActionGesture	BrowRaise
2024-05-26 20:59:27	ActionGesture	BrowRaise
2024-05-26 20:59:29	ActionGesture	Smile
2024-05-26 20:59:30	SenseSpeech	yes	994
2024-05-26 20:59:30	FlowEvent	NEW_FLOW_STATE	QuestionCheckpoint	8		CONDITION1	QuestionCheckpoint
2024-05-26 20:59:30	MonitorSpeechStart	<prosody rate="1.0">Nice</prosody>	438
2024-05-26 20:59:30	ActionGesture	BrowRaise
2024-05-26 20:59:32	MonitorSpeechStart	<prosody rate="1.0">So</prosody>	386
2024-05-26 20:59:33	MonitorSpeechStart	<prosody rate="1.0">do we agree it's TRUE?</prosody>	1157
2024-05-26 20:59:33	ActionGesture	BrowRaise
2024-05-26 20:59:35	ActionGesture	Smile
2024-05-26 20:59:36	SenseSpeech	yes	908
2024-05-26 20:59:36	FlowEvent	NEW_FLOW_STATE	QuestionReview	8		CONDITION1	QuestionReview
2024-05-26 20:59:36	FlowEvent	NEW_FLOW_STATE	QuestionConfirmation	8		CONDITION1	QuestionConfirmation
2024-05-26 20:59:36	MonitorSpeechStart	<prosody rate="1.0">Perfect</prosody>	513
2024-05-26 20:59:36	ActionGesture	BrowRaise
2024-05-26 20:59:37	MonitorSpeechStart	<prosody rate="1.0">Ok. I marked TRUE already. Can you mark your answer on the tablet and confim?</prosody>	4615
2024-05-26 20:59:38	ActionGesture	BrowRaise
2024-05-26 20:59:41	ActionGesture	BrowRaise
2024-05-26 20:59:41	ActionGesture	BrowRaise
2024-05-26 20:59:42	GUIEvent	NEW_STAGE_REQUESTED	STAGE[0.3] [3] REQUESTED .. [ACCEPTED]	8	3	CONDITION1	QuestionConfirmation
2024-05-26 20:59:42	SessionEvent	ANSWER_CONFIRMED	QUESTION CONFIRMED IN GUI.	0.3		CONDITION1	QuestionConfirmation
2024-05-26 20:59:42	SessionEvent	SESSION_END	NO MORE QUESTIONS.	0.3		CONDITION1	QuestionConfirmation
2024-05-26 20:59:42	FlowEvent	NEW_FLOW_STATE	Farewell	0.3		CONDITION1	Farewell
2024-05-26 20:59:42	ActionGesture	Smile
2024-05-26 20:59:42	ActionGesture	BrowRaise
2024-05-26 20:59:42	MonitorSpeechStart	<prosody rate="1.0">Oh, we don't have more questions</prosody>	1890
2024-05-26 20:59:44	ActionGesture	BrowRaise
2024-05-26 20:59:45	MonitorSpeechStart	<prosody rate="1.0">It's has been interesting for me, I hope for you too</prosody>	2634
2024-05-26 20:59:47	ActionGesture	BrowRaise
2024-05-26 20:59:47	ActionGesture	BrowRaise
2024-05-26 20:59:52	ActionGesture	Smile
2024-05-26 20:59:53	SenseSpeech	yes	932
2024-05-26 20:59:54	MonitorSpeechStart	<prosody rate="1.0">That's great. It's been great to work with you</prosody>	2415
2024-05-26 20:59:56	ActionGesture	BrowRaise
2024-05-26 20:59:57	MonitorSpeechStart	<prosody rate="1.0">Have a lovely rest of the day!</prosody>	1405
2024-05-26 20:59:59	ActionGesture	BrowRaise
