2024-05-23 12:07:13	Autoreload is disabled because the development mode is off.
2024-05-23 12:07:13	Application started in 0.593 seconds.
2024-05-23 12:07:14	Responding at http://127.0.0.1:8888
2024-05-23 12:07:15	----------------- NEW EXECUTION-------------------
2024-05-23 12:07:16	FlowEvent	NEW_FLOW_STATE	Sleep	0.0		UNDEFINED	Sleep
2024-05-23 12:07:16	ActionGesture	CloseEyes
2024-05-23 12:07:16	ActionGesture	CloseEyes
2024-05-23 12:07:22	GUIEvent	GUI_RELOADED	GUI_RELOADED [ACCEPTED]	0.0	UNDEFINED	UNDEFINED	Sleep
2024-05-23 12:07:22	GUIEvent	SYNCH_REQUESTED	SYNCH REQUESTED .. [ACCEPTED]	0.0	UNDEFINED	UNDEFINED	Sleep
2024-05-23 12:07:23	GUIEvent	NEW_STAGE_REQUESTED	STAGE[0.2] [28] REQUESTED .. [ACCEPTED]	0.0	UNDEFINED	UNDEFINED	Sleep
2024-05-23 12:07:23	SessionEvent	USER_SET	USER TO ACTIVATE.	0.2	28	UNDEFINED	Sleep
2024-05-23 12:07:23	FlowEvent	NEW_FLOW_STATE	Welcome	0.2		UNDEFINED	Welcome
2024-05-23 12:07:23	ActionGesture	OpenEyes
2024-05-23 12:07:24	ActionGesture	Smile
2024-05-23 12:07:24	MonitorSpeechStart	<prosody rate="1.0">Hello there</prosody>	543
2024-05-23 12:07:24	ActionGesture	BrowRaise
2024-05-23 12:07:26	MonitorSpeechStart	<prosody rate="1.0">Nice to meet you</prosody>	824
2024-05-23 12:07:26	ActionGesture	BrowRaise
2024-05-23 12:07:28	MonitorSpeechStart	<prosody rate="1.0">How you doing?</prosody>	741
2024-05-23 12:07:28	ActionGesture	BrowRaise
2024-05-23 12:07:31	ActionGesture	Smile
2024-05-23 12:07:32	SenseSpeech	yeah	918
2024-05-23 12:07:32	FlowEvent	NEW_FLOW_STATE	ReviewInstructions	0.2		CONDITION2	ReviewInstructions
2024-05-23 12:07:32	MonitorSpeechStart	<prosody rate="1.0">Right, as far as I know,we will get some Electronics questions to resolve together. Somebody told you?</prosody>	6104
2024-05-23 12:07:32	ActionGesture	BrowRaise
2024-05-23 12:07:33	ActionGesture	BrowRaise
2024-05-23 12:07:37	ActionGesture	BrowRaise
2024-05-23 12:07:37	ActionGesture	BrowRaise
2024-05-23 12:07:40	ActionGesture	Smile
2024-05-23 12:07:41	SenseSpeech	no	790
2024-05-23 12:07:41	MonitorSpeechStart	<prosody rate="1.0">DENIAL</prosody>	524
2024-05-23 12:07:42	ActionGesture	BrowRaise
2024-05-23 12:07:43	MonitorSpeechStart	<prosody rate="1.0">Oh</prosody>	459
2024-05-23 12:07:44	MonitorSpeechStart	<prosody rate="1.0">well</prosody>	454
2024-05-23 12:07:44	ActionGesture	BrowRaise
2024-05-23 12:07:45	MonitorSpeechStart	<prosody rate="1.0">Basically a question will come up on the tablet, I receive it, we think, we answer separately and then we discuss</prosody>	5938
2024-05-23 12:07:45	ActionGesture	BrowRaise
2024-05-23 12:07:47	ActionGesture	BrowRaise
2024-05-23 12:07:51	ActionGesture	BrowRaise
2024-05-23 12:07:53	MonitorSpeechStart	<prosody rate="1.0">Do you want me to explain or are you ready?</prosody>	1666
2024-05-23 12:07:54	ActionGesture	BrowRaise
2024-05-23 12:07:54	ActionGesture	BrowRaise
2024-05-23 12:07:58	ActionGesture	Smile
2024-05-23 12:08:00	SenseSpeech	um yeah explain	1928
2024-05-23 12:08:00	MonitorSpeechStart	<prosody rate="1.0">ASSENT</prosody>	577
2024-05-23 12:08:00	ActionGesture	BrowRaise
2024-05-23 12:08:01	MonitorSpeechStart	<prosody rate="1.0">Perfect</prosody>	513
2024-05-23 12:08:01	ActionGesture	BrowRaise
2024-05-23 12:08:03	MonitorSpeechStart	<prosody rate="1.0">Ok, when you press the button I will receive the first question, and show on the screen. Whenever you want.</prosody>	5763
2024-05-23 12:08:03	ActionGesture	BrowRaise
2024-05-23 12:08:06	ActionGesture	BrowRaise
2024-05-23 12:08:07	ActionGesture	BrowRaise
2024-05-23 12:08:09	ActionGesture	BrowRaise
2024-05-23 12:08:21	ActionGesture	Smile
