2024-05-13 19:12:00	Autoreload is disabled because the development mode is off.
2024-05-13 19:12:01	Application started in 0.524 seconds.
2024-05-13 19:12:01	Responding at http://127.0.0.1:8888
2024-05-13 19:12:05	----------------- NEW EXECUTION-------------------
2024-05-13 19:12:05	ActionGesture	CloseEyes
2024-05-13 19:12:12	GUIEvent	GUI_RELOADED	GUI_RELOADED [ACCEPTED]	0.0	UNDEFINED	UNDEFINED	UNDEFINED
2024-05-13 19:12:12	GUIEvent	SYNCH_REQUESTED	SYNCH REQUESTED .. [ACCEPTED]	0.0	UNDEFINED	UNDEFINED	UNDEFINED
2024-05-13 19:12:19	GUIEvent	NEW_STAGE_REQUESTED	STAGE[0.2] [30] REQUESTED .. [ACCEPTED]	0.0	UNDEFINED	UNDEFINED	UNDEFINED
2024-05-13 19:12:19	ActionGesture	OpenEyes
2024-05-13 19:12:19	ActionGesture	Smile
2024-05-13 19:12:19	MonitorSpeechStart	Oh, hello there	1105
2024-05-13 19:12:20	ActionGesture	BrowRaise
2024-05-13 19:12:22	ActionGesture	BigSmile
2024-05-13 19:12:22	MonitorSpeechStart	Nice to meet you.	824
2024-05-13 19:12:22	ActionGesture	BrowRaise
2024-05-13 19:12:24	MonitorSpeechStart	How you doing?	741
2024-05-13 19:12:24	ActionGesture	BrowRaise
2024-05-13 19:12:29	ActionGesture	Smile
2024-05-13 19:12:30	SenseSpeech	okay	1294
2024-05-13 19:12:31	MonitorSpeechStart	Ok	618
2024-05-13 19:12:31	ActionGesture	BrowRaise
2024-05-13 19:12:32	MonitorSpeechStart	I suppose they told you what we are here for a little bit	2441
2024-05-13 19:12:33	ActionGesture	BrowRaise
2024-05-13 19:12:34	ActionGesture	BrowRaise
2024-05-13 19:12:35	MonitorSpeechStart	Right?	438
2024-05-13 19:12:35	ActionGesture	BrowRaise
2024-05-13 19:12:37	GUIEvent	NEW_STAGE_REQUESTED	STAGE[1] [UNDEFINED] REQUESTED .. [ACCEPTED]	0.2	UNDEFINED	UNDEFINED	UNDEFINED
2024-05-13 19:12:38	MonitorSpeechStart	Question 1	821
2024-05-13 19:12:39	ActionGesture	BrowRaise
2024-05-13 19:12:41	MonitorSpeechStart	Holy	459
2024-05-13 19:32:00	Autoreload is disabled because the development mode is off.
2024-05-13 19:32:01	Application started in 0.506 seconds.
2024-05-13 19:32:01	Responding at http://127.0.0.1:8888
2024-05-13 19:32:03	----------------- NEW EXECUTION-------------------
2024-05-13 19:32:03	ActionGesture	CloseEyes
2024-05-13 19:32:07	GUIEvent	GUI_RELOADED	GUI_RELOADED [ACCEPTED]	0.0	UNDEFINED	UNDEFINED	UNDEFINED
2024-05-13 19:32:07	GUIEvent	SYNCH_REQUESTED	SYNCH REQUESTED .. [ACCEPTED]	0.0	UNDEFINED	UNDEFINED	UNDEFINED
2024-05-13 19:32:10	GUIEvent	NEW_STAGE_REQUESTED	STAGE[0.2] [22] REQUESTED .. [ACCEPTED]	0.0	UNDEFINED	UNDEFINED	UNDEFINED
2024-05-13 19:32:10	ActionGesture	OpenEyes
2024-05-13 19:32:10	ActionGesture	Smile
2024-05-13 19:32:10	MonitorSpeechStart	Hi there	477
2024-05-13 19:32:11	ActionGesture	BrowRaise
2024-05-13 19:32:12	ActionGesture	BigSmile
2024-05-13 19:32:12	MonitorSpeechStart	Nice to meet you.	824
2024-05-13 19:32:12	ActionGesture	BrowRaise
2024-05-13 19:32:14	MonitorSpeechStart	How you doing?	741
2024-05-13 19:32:14	ActionGesture	BrowRaise
2024-05-13 19:32:17	ActionGesture	Smile
2024-05-13 19:32:18	SenseSpeech	I'm okay	1020
2024-05-13 19:32:19	MonitorSpeechStart	Ok	618
2024-05-13 19:32:19	ActionGesture	BrowRaise
2024-05-13 19:32:20	MonitorSpeechStart	I suppose they told you what we are here for a little bit	2441
2024-05-13 19:32:21	ActionGesture	BrowRaise
2024-05-13 19:32:22	ActionGesture	BrowRaise
2024-05-13 19:32:23	MonitorSpeechStart	Right?	438
2024-05-13 19:32:24	ActionGesture	BrowRaise
2024-05-13 19:32:25	ActionGesture	Smile
2024-05-13 19:32:26	SenseSpeech	right	826
2024-05-13 19:32:26	MonitorSpeechStart	So	386
2024-05-13 19:32:28	MonitorSpeechStart	I guess we have clear what we have to do now, don't we?	2856
2024-05-13 19:32:28	GUIEvent	NEW_STAGE_REQUESTED	STAGE[1] [UNDEFINED] REQUESTED .. [ACCEPTED]	0.2	UNDEFINED	UNDEFINED	UNDEFINED
2024-05-13 19:32:30	MonitorSpeechStart	Question 1	821
2024-05-13 19:32:30	ActionGesture	BrowRaise
2024-05-13 19:32:38	GUIEvent	ANSWER_SENT	ANSWER[TRUE] [1] [UNDEFINED] SENT .. [ACCEPTED]	1	UNDEFINED	UNDEFINED	UNDEFINED
2024-05-13 19:32:39	MonitorSpeechStart	It's false	694
2024-05-13 19:32:39	ActionGesture	BrowRaise
2024-05-13 19:32:41	ActionGesture	Smile
2024-05-13 19:32:42	SenseSpeech	it's false	1160
2024-05-13 19:32:42	MonitorSpeechStart	Just mark what I said, confirm and move on to next	2881
2024-05-13 19:32:43	ActionGesture	BrowRaise
2024-05-13 19:32:45	ActionGesture	BrowRaise
2024-05-13 19:32:45	GUIEvent	NEW_STAGE_REQUESTED	STAGE[2] [UNDEFINED] REQUESTED .. [ACCEPTED]	1	UNDEFINED	UNDEFINED	UNDEFINED
2024-05-13 19:32:45	MonitorSpeechStart	Good boy. You confirmed	1743
2024-05-13 19:32:47	ActionGesture	BrowRaise
2024-05-13 19:38:04	Autoreload is disabled because the development mode is off.
2024-05-13 19:38:05	Application started in 0.963 seconds.
2024-05-13 19:38:05	Responding at http://127.0.0.1:8888
2024-05-13 19:38:08	----------------- NEW EXECUTION-------------------
2024-05-13 19:38:08	ActionGesture	CloseEyes
2024-05-13 19:38:09	GUIEvent	GUI_RELOADED	GUI_RELOADED [ACCEPTED]	0.0	UNDEFINED	UNDEFINED	UNDEFINED
GUI_RELOADED	GUI_RELOADED [ACCEPTED]	0.0	UNDEFINED	UNDEFINED	UNDEFINED
2024-05-13 19:38:09	GUIEvent	SYNCH_REQUESTED	SYNCH REQUESTED .. [ACCEPTED]	0.0	UNDEFINED	UNDEFINED	UNDEFINED
SYNCH_REQUESTED	SYNCH REQUESTED .. [ACCEPTED]	0.0	UNDEFINED	UNDEFINED	UNDEFINED
2024-05-13 19:38:13	GUIEvent	NEW_STAGE_REQUESTED	STAGE[0.2] [13] REQUESTED .. [ACCEPTED]	0.0	UNDEFINED	UNDEFINED	UNDEFINED
NEW_STAGE_REQUESTED	STAGE[0.2] [13] REQUESTED .. [ACCEPTED]	0.2	UNDEFINED	UNDEFINED	UNDEFINED
2024-05-13 19:38:13	ActionGesture	OpenEyes
2024-05-13 19:38:13	ActionGesture	Smile
2024-05-13 19:38:13	MonitorSpeechStart	Oh, hello there	1105
2024-05-13 19:38:14	ActionGesture	BrowRaise
2024-05-13 19:38:15	ActionGesture	BigSmile
2024-05-13 19:38:15	MonitorSpeechStart	Nice to meet you.	824
2024-05-13 19:38:15	ActionGesture	BrowRaise
2024-05-13 19:38:17	MonitorSpeechStart	How you doing?	741
2024-05-13 19:38:17	ActionGesture	BrowRaise
2024-05-13 19:38:19	ActionGesture	Smile
2024-05-13 19:38:21	SenseSpeech	how you doing hello	1560
2024-05-13 19:38:21	MonitorSpeechStart	Ok	618
2024-05-13 19:38:21	ActionGesture	BrowRaise
2024-05-13 19:38:22	MonitorSpeechStart	I suppose they told you what we are here for a little bit	2441
2024-05-13 19:38:23	ActionGesture	BrowRaise
2024-05-13 19:38:24	GUIEvent	NEW_STAGE_REQUESTED	STAGE[1] [UNDEFINED] REQUESTED .. [ACCEPTED]	0.2	UNDEFINED	UNDEFINED	UNDEFINED
NEW_STAGE_REQUESTED	STAGE[1] [UNDEFINED] REQUESTED .. [ACCEPTED]	1	UNDEFINED	UNDEFINED	UNDEFINED
2024-05-13 19:38:25	MonitorSpeechStart	Question 1	821
2024-05-13 19:38:26	ActionGesture	BrowRaise
2024-05-13 19:38:27	GUIEvent	ANSWER_SENT	ANSWER[FALSE] [1] [UNDEFINED] SENT .. [ACCEPTED]	1	UNDEFINED	UNDEFINED	UNDEFINED
ANSWER_SENT	ANSWER[FALSE] [1] [UNDEFINED] SENT .. [ACCEPTED]	1	UNDEFINED	UNDEFINED	UNDEFINED
2024-05-13 19:38:29	MonitorSpeechStart	It's true	657
2024-05-13 19:38:30	ActionGesture	Smile
2024-05-13 19:38:31	GUIEvent	NEW_STAGE_REQUESTED	STAGE[2] [UNDEFINED] REQUESTED .. [ACCEPTED]	1	UNDEFINED	UNDEFINED	UNDEFINED
NEW_STAGE_REQUESTED	STAGE[2] [UNDEFINED] REQUESTED .. [ACCEPTED]	2	UNDEFINED	UNDEFINED	UNDEFINED
2024-05-13 19:38:31	SenseSpeech	it's true	313
2024-05-13 19:38:31	MonitorSpeechStart	Good boy. You confirmed	1743
2024-05-13 19:38:32	ActionGesture	BrowRaise
2024-05-13 19:47:47	Autoreload is disabled because the development mode is off.
2024-05-13 19:47:48	Application started in 0.518 seconds.
2024-05-13 19:47:48	Responding at http://127.0.0.1:8888
2024-05-13 19:47:50	----------------- NEW EXECUTION-------------------
2024-05-13 19:47:50	ActionGesture	CloseEyes
2024-05-13 19:47:51	GUIEvent	GUI_RELOADED	GUI_RELOADED [ACCEPTED]	0.0	UNDEFINED	UNDEFINED	UNDEFINED
GUI_RELOADED	GUI_RELOADED [ACCEPTED]	0.0	UNDEFINED	UNDEFINED	UNDEFINED
2024-05-13 19:47:51	GUIEvent	SYNCH_REQUESTED	SYNCH REQUESTED .. [ACCEPTED]	0.0	UNDEFINED	UNDEFINED	UNDEFINED
SYNCH_REQUESTED	SYNCH REQUESTED .. [ACCEPTED]	0.0	UNDEFINED	UNDEFINED	UNDEFINED
2024-05-13 19:47:53	GUIEvent	NEW_STAGE_REQUESTED	STAGE[0.2] [37] REQUESTED .. [ACCEPTED]	0.0	UNDEFINED	UNDEFINED	UNDEFINED
NEW_STAGE_REQUESTED	STAGE[0.2] [37] REQUESTED .. [ACCEPTED]	0.2	UNDEFINED	UNDEFINED	UNDEFINED
2024-05-13 19:47:53	ActionGesture	OpenEyes
2024-05-13 19:47:53	ActionGesture	Smile
2024-05-13 19:47:53	MonitorSpeechStart	Hi there	477
2024-05-13 19:47:54	ActionGesture	BrowRaise
2024-05-13 19:47:55	ActionGesture	BigSmile
2024-05-13 19:47:55	MonitorSpeechStart	Nice to meet you.	824
2024-05-13 19:47:55	ActionGesture	BrowRaise
2024-05-13 19:47:57	MonitorSpeechStart	How you doing?	741
2024-05-13 19:47:57	ActionGesture	BrowRaise
2024-05-13 19:47:59	ActionGesture	Smile
2024-05-13 19:48:00	SenseSpeech	hello	903
2024-05-13 19:48:00	GUIEvent	NEW_STAGE_REQUESTED	STAGE[1] [UNDEFINED] REQUESTED .. [ACCEPTED]	0.2	UNDEFINED	UNDEFINED	UNDEFINED
NEW_STAGE_REQUESTED	STAGE[1] [UNDEFINED] REQUESTED .. [ACCEPTED]	1	UNDEFINED	UNDEFINED	UNDEFINED
2024-05-13 19:48:02	MonitorSpeechStart	1	597
2024-05-13 19:48:02	ActionGesture	BrowRaise
2024-05-13 19:48:03	GUIEvent	ANSWER_SENT	ANSWER[FALSE] [1] [UNDEFINED] SENT .. [ACCEPTED]	1	UNDEFINED	UNDEFINED	UNDEFINED
ANSWER_SENT	ANSWER[FALSE] [1] [UNDEFINED] SENT .. [ACCEPTED]	1	UNDEFINED	UNDEFINED	UNDEFINED
2024-05-13 19:48:05	MonitorSpeechStart	It's false	694
2024-05-13 19:48:05	ActionGesture	BrowRaise
2024-05-13 19:48:06	GUIEvent	NEW_STAGE_REQUESTED	STAGE[2] [UNDEFINED] REQUESTED .. [ACCEPTED]	1	UNDEFINED	UNDEFINED	UNDEFINED
NEW_STAGE_REQUESTED	STAGE[2] [UNDEFINED] REQUESTED .. [ACCEPTED]	2	UNDEFINED	UNDEFINED	UNDEFINED
2024-05-13 19:48:06	MonitorSpeechStart	Good boy. You confirmed	1743
2024-05-13 19:48:07	ActionGesture	BrowRaise
2024-05-13 19:51:44	Autoreload is disabled because the development mode is off.
2024-05-13 19:51:45	Application started in 0.629 seconds.
2024-05-13 19:51:45	Responding at http://127.0.0.1:8888
2024-05-13 19:51:47	----------------- NEW EXECUTION-------------------
2024-05-13 19:51:47	ActionGesture	CloseEyes
2024-05-13 19:51:48	GUIEvent	GUI_RELOADED	GUI_RELOADED [ACCEPTED]	0.0	UNDEFINED	UNDEFINED	UNDEFINED
GUI_RELOADED	GUI_RELOADED [ACCEPTED]	0.0	UNDEFINED	UNDEFINED	UNDEFINED
2024-05-13 19:51:48	GUIEvent	SYNCH_REQUESTED	SYNCH REQUESTED .. [ACCEPTED]	0.0	UNDEFINED	UNDEFINED	UNDEFINED
SYNCH_REQUESTED	SYNCH REQUESTED .. [ACCEPTED]	0.0	UNDEFINED	UNDEFINED	UNDEFINED
2024-05-13 19:51:49	GUIEvent	NEW_STAGE_REQUESTED	STAGE[0.2] [29] REQUESTED .. [ACCEPTED]	0.0	UNDEFINED	UNDEFINED	UNDEFINED
NEW_STAGE_REQUESTED	STAGE[0.2] [29] REQUESTED .. [ACCEPTED]	0.2	UNDEFINED	UNDEFINED	UNDEFINED
2024-05-13 19:51:49	ActionGesture	OpenEyes
2024-05-13 19:51:49	ActionGesture	Smile
2024-05-13 19:51:49	MonitorSpeechStart	Hi there	477
2024-05-13 19:51:50	ActionGesture	BrowRaise
2024-05-13 19:51:51	ActionGesture	BigSmile
2024-05-13 19:51:51	MonitorSpeechStart	Nice to meet you.	824
2024-05-13 19:51:51	ActionGesture	BrowRaise
2024-05-13 19:51:53	MonitorSpeechStart	How you doing?	741
2024-05-13 19:51:53	ActionGesture	BrowRaise
2024-05-13 19:51:55	ActionGesture	Smile
2024-05-13 19:54:56	Autoreload is disabled because the development mode is off.
2024-05-13 19:54:57	Application started in 0.51 seconds.
2024-05-13 19:54:57	Responding at http://127.0.0.1:8888
2024-05-13 19:54:59	----------------- NEW EXECUTION-------------------
2024-05-13 19:54:59	ActionGesture	CloseEyes
2024-05-13 19:55:00	GUIEvent	GUI_RELOADED	GUI_RELOADED [ACCEPTED]	0.0	UNDEFINED	UNDEFINED	UNDEFINED
GUI_RELOADED	GUI_RELOADED [ACCEPTED]	0.0	UNDEFINED	UNDEFINED	UNDEFINED
2024-05-13 19:55:01	GUIEvent	SYNCH_REQUESTED	SYNCH REQUESTED .. [ACCEPTED]	0.0	UNDEFINED	UNDEFINED	UNDEFINED
SYNCH_REQUESTED	SYNCH REQUESTED .. [ACCEPTED]	0.0	UNDEFINED	UNDEFINED	UNDEFINED
2024-05-13 19:55:04	GUIEvent	NEW_STAGE_REQUESTED	STAGE[0.2] [54] REQUESTED .. [ACCEPTED]	0.0	UNDEFINED	UNDEFINED	UNDEFINED
NEW_STAGE_REQUESTED	STAGE[0.2] [54] REQUESTED .. [ACCEPTED]	0.2	UNDEFINED	UNDEFINED	UNDEFINED
2024-05-13 19:55:04	ActionGesture	OpenEyes
2024-05-13 19:55:04	ActionGesture	Smile
2024-05-13 19:55:04	MonitorSpeechStart	Oh, hello there	1105
2024-05-13 19:55:05	ActionGesture	BrowRaise
2024-05-13 19:55:07	ActionGesture	BigSmile
2024-05-13 19:55:07	MonitorSpeechStart	Nice to meet you.	824
2024-05-13 19:55:07	ActionGesture	BrowRaise
2024-05-13 19:55:08	GUIEvent	NEW_STAGE_REQUESTED	STAGE[1] [UNDEFINED] REQUESTED .. [ACCEPTED]	0.2	UNDEFINED	UNDEFINED	UNDEFINED
NEW_STAGE_REQUESTED	STAGE[1] [UNDEFINED] REQUESTED .. [ACCEPTED]	1	UNDEFINED	UNDEFINED	UNDEFINED
2024-05-13 19:55:10	MonitorSpeechStart	Number 1	771
