2024-05-24 15:53:32	Autoreload is disabled because the development mode is off.
2024-05-24 15:53:32	Application started in 0.534 seconds.
2024-05-24 15:53:33	Responding at http://127.0.0.1:8888
2024-05-24 15:53:34	----------------- NEW EXECUTION-------------------
2024-05-24 15:53:34	FlowEvent	NEW_FLOW_STATE	Sleep	0.0		UNDEFINED	Sleep
2024-05-24 15:53:34	ActionGesture	CloseEyes
2024-05-24 15:53:34	ActionGesture	CloseEyes
2024-05-24 15:54:34	MonitorSpeechStart	<prosody rate="1.0">No start signal received, terminating the program.</prosody>	2929
2024-05-24 15:54:37	ActionGesture	BrowRaise
2024-05-24 15:55:47	Autoreload is disabled because the development mode is off.
2024-05-24 15:55:48	Application started in 0.57 seconds.
2024-05-24 15:55:48	Responding at http://127.0.0.1:8888
2024-05-24 15:55:50	----------------- NEW EXECUTION-------------------
2024-05-24 15:55:50	FlowEvent	NEW_FLOW_STATE	Testing	0.0		UNDEFINED	Testing
2024-05-24 15:55:50	MonitorSpeechStart	<prosody rate="1.0">Ok, let's test. Say whatever you want.</prosody>	2873
2024-05-24 15:55:51	ActionGesture	BrowRaise
2024-05-24 15:55:53	ActionGesture	BrowRaise
2024-05-24 15:55:57	ActionGesture	Smile
2024-05-24 15:55:58	SenseSpeech	hello	867
2024-05-24 15:56:00	MonitorSpeechStart	<prosody rate="1.0">Hello to you too. That's a rejoinder I  agree<emphasis> with</prosody>	6357
2024-05-24 15:56:02	ActionGesture	BrowRaise
2024-05-24 15:56:04	ActionGesture	BrowRaise
2024-05-24 15:56:04	ActionGesture	BrowRaise
2024-05-24 15:56:05	ActionGesture	BrowRaise
2024-05-24 15:56:06	ActionGesture	BrowRaise
2024-05-24 15:56:50	Autoreload is disabled because the development mode is off.
2024-05-24 15:56:51	Application started in 0.504 seconds.
2024-05-24 15:56:51	Responding at http://127.0.0.1:8888
2024-05-24 15:56:53	----------------- NEW EXECUTION-------------------
2024-05-24 15:56:53	FlowEvent	NEW_FLOW_STATE	Testing	0.0		UNDEFINED	Testing
2024-05-24 15:56:53	MonitorSpeechStart	Ok, let's test. Say whatever you want.	2873
2024-05-24 15:56:53	ActionGesture	BrowRaise
2024-05-24 15:56:56	ActionGesture	BrowRaise
2024-05-24 15:56:59	ActionGesture	Smile
2024-05-24 15:57:01	SenseSpeech	hello	1592
2024-05-24 15:57:03	MonitorSpeechStart	Hello to you too. That's a rejoinder I  agree<emphasis> with	3281
2024-05-24 15:57:04	ActionGesture	BrowRaise
2024-05-24 15:57:05	ActionGesture	BrowRaise
2024-05-24 15:57:11	MonitorSpeechStart	I'm listening.	676
2024-05-24 15:57:14	ActionGesture	Smile
2024-05-24 15:57:23	SenseSpeech	able to sell the option	8863
2024-05-24 15:57:24	MonitorSpeechStart	You said something in about 8863 milliseconds.	3652
2024-05-24 15:57:25	ActionGesture	BrowRaise
2024-05-24 15:57:25	ActionGesture	BrowRaise
2024-05-24 15:57:27	ActionGesture	BrowRaise
