2024-05-25 21:04:01	Autoreload is disabled because the development mode is off.
2024-05-25 21:04:02	Application started in 0.629 seconds.
2024-05-25 21:04:02	Responding at http://127.0.0.1:8888
2024-05-25 21:04:04	----------------- NEW EXECUTION-------------------
2024-05-25 21:04:04	FlowEvent	NEW_FLOW_STATE	Sleep	0.0		UNDEFINED	Sleep
2024-05-25 21:04:04	ActionGesture	CloseEyes
2024-05-25 21:04:04	ActionGesture	CloseEyes
2024-05-25 21:04:05	GUIEvent	GUI_RELOADED	GUI_RELOADED [ACCEPTED]	0.0	UNDEFINED	UNDEFINED	Sleep
2024-05-25 21:04:06	GUIEvent	NEW_STAGE_REQUESTED	STAGE[0.2] [28] REQUESTED .. [ACCEPTED]	0.0	UNDEFINED	UNDEFINED	Sleep
2024-05-25 21:04:06	SessionEvent	USER_SET	USER TO ACTIVATE.	0.2	28	UNDEFINED	Sleep
2024-05-25 21:04:06	FlowEvent	NEW_FLOW_STATE	Welcome	0.2		CONDITION2	Welcome
2024-05-25 21:04:06	ActionGesture	OpenEyes
2024-05-25 21:04:06	ActionGesture	Smile
2024-05-25 21:04:07	MonitorSpeechStart	<prosody rate="1.0">Hello there</prosody>	543
2024-05-25 21:04:07	ActionGesture	BrowRaise
2024-05-25 21:04:09	MonitorSpeechStart	<prosody rate="1.0">Nice to meet you</prosody>	824
2024-05-25 21:04:09	ActionGesture	BrowRaise
2024-05-25 21:04:11	MonitorSpeechStart	<prosody rate="1.0">How you doing?</prosody>	741
2024-05-25 21:04:11	ActionGesture	BrowRaise
2024-05-25 21:04:20	Autoreload is disabled because the development mode is off.
2024-05-25 21:04:20	Application started in 0.617 seconds.
2024-05-25 21:04:21	Responding at http://127.0.0.1:8888
2024-05-25 21:04:22	----------------- NEW EXECUTION-------------------
2024-05-25 21:04:22	GUIEvent	GUI_RELOADED	GUI_RELOADED [ACCEPTED]	0.0	UNDEFINED	UNDEFINED	Init
2024-05-25 21:04:22	FlowEvent	NEW_FLOW_STATE	Sleep	0.0		UNDEFINED	Sleep
2024-05-25 21:04:23	ActionGesture	CloseEyes
2024-05-25 21:04:23	ActionGesture	CloseEyes
2024-05-25 21:04:25	GUIEvent	NEW_STAGE_REQUESTED	STAGE[0.2] [3] REQUESTED .. [ACCEPTED]	0.0	UNDEFINED	UNDEFINED	Sleep
2024-05-25 21:04:25	SessionEvent	USER_SET	USER TO ACTIVATE.	0.2	3	UNDEFINED	Sleep
2024-05-25 21:04:25	FlowEvent	NEW_FLOW_STATE	Welcome	0.2		CONDITION1	Welcome
2024-05-25 21:04:25	ActionGesture	OpenEyes
2024-05-25 21:04:25	ActionGesture	Smile
2024-05-25 21:04:26	MonitorSpeechStart	<prosody rate="1.0">Hello there</prosody>	543
2024-05-25 21:04:26	ActionGesture	BrowRaise
2024-05-25 21:04:28	MonitorSpeechStart	<prosody rate="1.0">Nice to meet you</prosody>	824
2024-05-25 21:04:28	ActionGesture	BrowRaise
2024-05-25 21:04:29	GUIEvent	NEW_STAGE_REQUESTED	STAGE[1] [3] REQUESTED .. [ACCEPTED]	0.2	3	CONDITION1	Welcome
2024-05-25 21:04:29	SessionEvent	QUESTION_SET	NEW QUESTION TO ACTIVATE	1		CONDITION1	Welcome
2024-05-25 21:04:29	FlowEvent	NEW_FLOW_STATE	QuestionReflection	1		CONDITION1	QuestionReflection
2024-05-25 21:04:30	MonitorSpeechStart	<prosody rate="1.0">Ok</prosody>	618
2024-05-25 21:04:30	ActionGesture	BrowRaise
2024-05-25 21:04:31	MonitorSpeechStart	<prosody rate="1.0">I think I am getting the question 1</prosody>	1802
2024-05-25 21:04:31	ActionGesture	BrowRaise
2024-05-25 21:04:33	ActionGesture	BrowRaise
2024-05-25 21:04:34	MonitorSpeechStart	<prosody rate="1.0">Let's see</prosody>	658
2024-05-25 21:04:34	ActionGesture	BrowRaise
2024-05-25 21:04:34	GUIEvent	ANSWER_MARKED	ANSWER[FALSE] [1] [3] SENT .. [ACCEPTED]	1	3	CONDITION1	QuestionReflection
2024-05-25 21:04:43	MonitorSpeechStart	<prosody rate="1.0">Have you answered already?</prosody>	1137
2024-05-25 21:04:43	ActionGesture	BrowRaise
2024-05-25 21:04:44	ActionGesture	BrowRaise
2024-05-25 21:04:46	ActionGesture	Smile
2024-05-25 21:04:47	SenseSpeech	yes	1053
2024-05-25 21:04:47	FlowEvent	NEW_FLOW_STATE	QuestionDisclosure	1		CONDITION1	QuestionDisclosure
2024-05-25 21:04:48	MonitorSpeechStart	<prosody rate="1.0">Good</prosody>	391
2024-05-25 21:04:49	MonitorSpeechStart	<prosody rate="1.0">I replied that it is TRUE</prosody>	1387
2024-05-25 21:04:50	ActionGesture	BrowRaise
2024-05-25 21:04:51	MonitorSpeechStart	<prosody rate="1.0">What do you think?</prosody>	726
2024-05-25 21:04:51	ActionGesture	BrowRaise
2024-05-25 21:04:54	ActionGesture	Smile
2024-05-25 21:04:55	SenseSpeech	I think it's false	1334
2024-05-25 21:04:55	FlowEvent	NEW_FLOW_STATE	QuestionPersuasion	1		CONDITION1	QuestionPersuasion
2024-05-25 21:04:56	MonitorSpeechStart	<prosody rate="1.0">Well If one more lamp is added, then the resistance increases.</prosody>	3357
2024-05-25 21:04:56	ActionGesture	BrowRaise
2024-05-25 21:04:57	ActionGesture	BrowRaise
2024-05-25 21:04:59	ActionGesture	BrowRaise
2024-05-25 21:05:03	ActionGesture	Smile
2024-05-25 21:05:04	SenseSpeech	okay	1029
2024-05-25 21:05:05	MonitorSpeechStart	<prosody rate="1.0">Good. You see it too?</prosody>	1507
2024-05-25 21:05:07	MonitorSpeechStart	<prosody rate="1.0">Since it is the same battery, the voltage remains constant.</prosody>	3262
2024-05-25 21:05:08	ActionGesture	BrowRaise
2024-05-25 21:05:10	ActionGesture	BrowRaise
2024-05-25 21:05:14	ActionGesture	Smile
2024-05-25 21:05:16	SenseSpeech	right but I don't think so	1529
2024-05-25 21:05:16	MonitorSpeechStart	<prosody rate="1.0">Oh</prosody>	459
2024-05-25 21:05:17	MonitorSpeechStart	<prosody rate="1.0">well</prosody>	454
2024-05-25 21:05:17	ActionGesture	BrowRaise
2024-05-25 21:05:18	MonitorSpeechStart	<prosody rate="1.0">Where do you want to go from there?</prosody>	1374
2024-05-25 21:05:19	ActionGesture	BrowRaise
2024-05-25 21:05:22	ActionGesture	Smile
2024-05-25 21:05:25	SenseSpeech	well I think the the yellows are in in battery	3567
2024-05-25 21:05:26	MonitorSpeechStart	<prosody rate="1.0">I am not sure about that</prosody>	1233
2024-05-25 21:05:27	ActionGesture	BrowRaise
2024-05-25 21:05:28	MonitorSpeechStart	<prosody rate="1.0">With the same voltage and higher resistance, the current will be lower according to Ohm's law.</prosody>	4570
2024-05-25 21:05:29	ActionGesture	BrowRaise
2024-05-25 21:05:32	ActionGesture	BrowRaise
2024-05-25 21:05:34	GUIEvent	ANSWER_MARKED	ANSWER[TRUE] [1] [3] SENT .. [ACCEPTED]	1	3	CONDITION1	QuestionPersuasion
2024-05-25 21:05:34	ActionGesture	Smile
2024-05-25 21:05:35	SenseSpeech	ah okay	1060
2024-05-25 21:05:35	FlowEvent	NEW_FLOW_STATE	QuestionCheckpoint	1		CONDITION1	QuestionCheckpoint
2024-05-25 21:05:36	MonitorSpeechStart	<prosody rate="1.0">Nice</prosody>	438
2024-05-25 21:05:36	ActionGesture	BrowRaise
2024-05-25 21:05:37	MonitorSpeechStart	<prosody rate="1.0">So</prosody>	386
2024-05-25 21:05:39	MonitorSpeechStart	<prosody rate="1.0">do we agree it's TRUE?</prosody>	1157
2024-05-25 21:05:39	ActionGesture	BrowRaise
2024-05-25 21:05:42	ActionGesture	Smile
2024-05-25 21:05:43	SenseSpeech	yes	993
2024-05-25 21:05:43	FlowEvent	NEW_FLOW_STATE	QuestionReview	1		CONDITION1	QuestionReview
2024-05-25 21:14:15	Autoreload is disabled because the development mode is off.
2024-05-25 21:14:16	Application started in 0.626 seconds.
2024-05-25 21:14:16	Responding at http://127.0.0.1:8888
2024-05-25 21:14:18	----------------- NEW EXECUTION-------------------
2024-05-25 21:14:18	FlowEvent	NEW_FLOW_STATE	Sleep	0.0		UNDEFINED	Sleep
2024-05-25 21:14:18	ActionGesture	CloseEyes
2024-05-25 21:14:18	ActionGesture	CloseEyes
2024-05-25 21:14:20	GUIEvent	GUI_RELOADED	GUI_RELOADED [ACCEPTED]	0.0	UNDEFINED	UNDEFINED	Sleep
2024-05-25 21:14:22	GUIEvent	NEW_STAGE_REQUESTED	STAGE[0.2] [20] REQUESTED .. [ACCEPTED]	0.0	UNDEFINED	UNDEFINED	Sleep
2024-05-25 21:14:22	SessionEvent	USER_SET	USER TO ACTIVATE.	0.2	20	UNDEFINED	Sleep
2024-05-25 21:14:22	FlowEvent	NEW_FLOW_STATE	Welcome	0.2		CONDITION1	Welcome
2024-05-25 21:14:22	ActionGesture	OpenEyes
2024-05-25 21:14:22	ActionGesture	Smile
2024-05-25 21:14:23	MonitorSpeechStart	<prosody rate="1.0">Hello there</prosody>	543
2024-05-25 21:14:23	ActionGesture	BrowRaise
2024-05-25 21:14:25	MonitorSpeechStart	<prosody rate="1.0">Nice to meet you</prosody>	824
2024-05-25 21:14:25	ActionGesture	BrowRaise
2024-05-25 21:14:26	GUIEvent	NEW_STAGE_REQUESTED	STAGE[1] [20] REQUESTED .. [ACCEPTED]	0.2	20	CONDITION1	Welcome
2024-05-25 21:14:26	SessionEvent	QUESTION_SET	NEW QUESTION TO ACTIVATE	1		CONDITION1	Welcome
2024-05-25 21:14:26	FlowEvent	NEW_FLOW_STATE	QuestionReflection	1		CONDITION1	QuestionReflection
2024-05-25 21:14:27	MonitorSpeechStart	<prosody rate="1.0">Ok</prosody>	618
2024-05-25 21:14:27	ActionGesture	BrowRaise
2024-05-25 21:14:28	MonitorSpeechStart	<prosody rate="1.0">I think I am getting the question 1</prosody>	1802
2024-05-25 21:14:29	ActionGesture	BrowRaise
2024-05-25 21:14:30	ActionGesture	BrowRaise
2024-05-25 21:14:31	GUIEvent	ANSWER_MARKED	ANSWER[FALSE] [1] [20] SENT .. [ACCEPTED]	1	20	CONDITION1	QuestionReflection
2024-05-25 21:14:31	MonitorSpeechStart	<prosody rate="1.0">Let's see</prosody>	658
2024-05-25 21:14:31	ActionGesture	BrowRaise
2024-05-25 21:14:40	MonitorSpeechStart	<prosody rate="1.0">Have you answered already?</prosody>	1137
2024-05-25 21:14:41	ActionGesture	BrowRaise
2024-05-25 21:14:41	ActionGesture	BrowRaise
2024-05-25 21:14:42	ActionGesture	Smile
2024-05-25 21:14:43	SenseSpeech	yes	894
2024-05-25 21:14:43	FlowEvent	NEW_FLOW_STATE	QuestionDisclosure	1		CONDITION1	QuestionDisclosure
2024-05-25 21:14:44	MonitorSpeechStart	<prosody rate="1.0">Good</prosody>	391
2024-05-25 21:14:45	MonitorSpeechStart	<prosody rate="1.0">I replied that it is TRUE</prosody>	1387
2024-05-25 21:14:45	ActionGesture	BrowRaise
2024-05-25 21:14:47	MonitorSpeechStart	<prosody rate="1.0">What do you think?</prosody>	726
2024-05-25 21:14:47	ActionGesture	BrowRaise
2024-05-25 21:14:49	ActionGesture	Smile
2024-05-25 21:14:50	SenseSpeech	I think it's false	1251
2024-05-25 21:14:50	FlowEvent	NEW_FLOW_STATE	QuestionPersuasion	1		CONDITION1	QuestionPersuasion
2024-05-25 21:15:46	MonitorSpeechStart	<prosody rate="1.0">Well If one more lamp is added, then the resistance increases.</prosody>	3357
2024-05-25 21:15:47	ActionGesture	BrowRaise
2024-05-25 21:15:47	ActionGesture	BrowRaise
2024-05-25 21:15:49	ActionGesture	BrowRaise
2024-05-25 21:15:53	ActionGesture	Smile
2024-05-25 21:15:54	SenseSpeech	okay	942
2024-05-25 21:16:17	MonitorSpeechStart	<prosody rate="1.0">Good. You see it too?</prosody>	1507
2024-05-25 21:16:19	MonitorSpeechStart	<prosody rate="1.0">Since it is the same battery, the voltage remains constant.</prosody>	3262
2024-05-25 21:16:20	ActionGesture	BrowRaise
2024-05-25 21:16:22	ActionGesture	BrowRaise
2024-05-25 21:16:24	ActionGesture	Smile
2024-05-25 21:16:27	SenseSpeech	right but the yellows are in battery	2992
2024-05-25 21:16:51	MonitorSpeechStart	<prosody rate="1.0">I am not sure about that</prosody>	1233
2024-05-25 21:16:52	ActionGesture	BrowRaise
2024-05-25 21:16:53	MonitorSpeechStart	<prosody rate="1.0">With the same voltage and higher resistance, the current will be lower according to Ohm's law.</prosody>	4570
2024-05-25 21:16:55	ActionGesture	BrowRaise
2024-05-25 21:16:58	ActionGesture	BrowRaise
2024-05-25 21:17:01	ActionGesture	Smile
2024-05-25 21:17:14	Autoreload is disabled because the development mode is off.
2024-05-25 21:17:15	Application started in 0.626 seconds.
2024-05-25 21:17:15	Responding at http://127.0.0.1:8888
2024-05-25 21:17:17	----------------- NEW EXECUTION-------------------
2024-05-25 21:17:17	FlowEvent	NEW_FLOW_STATE	Sleep	0.0		UNDEFINED	Sleep
2024-05-25 21:17:17	ActionGesture	CloseEyes
2024-05-25 21:17:17	ActionGesture	CloseEyes
2024-05-25 21:17:17	GUIEvent	GUI_RELOADED	GUI_RELOADED [ACCEPTED]	0.0	UNDEFINED	UNDEFINED	Sleep
2024-05-25 21:17:19	GUIEvent	NEW_STAGE_REQUESTED	STAGE[0.2] [20] REQUESTED .. [ACCEPTED]	0.0	UNDEFINED	UNDEFINED	Sleep
2024-05-25 21:17:19	SessionEvent	USER_SET	USER TO ACTIVATE.	0.2	20	UNDEFINED	Sleep
2024-05-25 21:17:19	FlowEvent	NEW_FLOW_STATE	Welcome	0.2		CONDITION1	Welcome
2024-05-25 21:17:19	ActionGesture	OpenEyes
2024-05-25 21:17:19	ActionGesture	Smile
2024-05-25 21:17:20	MonitorSpeechStart	<prosody rate="1.0">Hello there</prosody>	543
2024-05-25 21:17:20	ActionGesture	BrowRaise
2024-05-25 21:17:22	MonitorSpeechStart	<prosody rate="1.0">Nice to meet you</prosody>	824
2024-05-25 21:17:22	ActionGesture	BrowRaise
2024-05-25 21:17:24	MonitorSpeechStart	<prosody rate="1.0">How you doing?</prosody>	741
2024-05-25 21:17:24	ActionGesture	BrowRaise
2024-05-25 21:17:24	GUIEvent	NEW_STAGE_REQUESTED	STAGE[1] [20] REQUESTED .. [ACCEPTED]	0.2	20	CONDITION1	Welcome
2024-05-25 21:17:24	SessionEvent	QUESTION_SET	NEW QUESTION TO ACTIVATE	1		CONDITION1	Welcome
2024-05-25 21:17:24	FlowEvent	NEW_FLOW_STATE	QuestionReflection	1		CONDITION1	QuestionReflection
2024-05-25 21:17:25	MonitorSpeechStart	<prosody rate="1.0">Ok</prosody>	618
2024-05-25 21:17:25	ActionGesture	BrowRaise
2024-05-25 21:17:26	MonitorSpeechStart	<prosody rate="1.0">I think I am getting the question 1</prosody>	1802
2024-05-25 21:17:27	ActionGesture	BrowRaise
2024-05-25 21:17:28	ActionGesture	BrowRaise
2024-05-25 21:17:28	GUIEvent	ANSWER_MARKED	ANSWER[FALSE] [1] [20] SENT .. [ACCEPTED]	1	20	CONDITION1	QuestionReflection
2024-05-25 21:17:29	MonitorSpeechStart	<prosody rate="1.0">Let's see</prosody>	658
2024-05-25 21:17:29	ActionGesture	BrowRaise
2024-05-25 21:17:32	ActionGesture	Smile
2024-05-25 21:17:33	SenseSpeech	I marked it	1079
2024-05-25 21:17:33	FlowEvent	NEW_FLOW_STATE	QuestionDisclosure	1		CONDITION1	QuestionDisclosure
2024-05-25 21:17:33	MonitorSpeechStart	<prosody rate="1.0">I replied that it is TRUE</prosody>	1387
2024-05-25 21:17:34	ActionGesture	BrowRaise
2024-05-25 21:17:35	MonitorSpeechStart	<prosody rate="1.0">What do you think?</prosody>	726
2024-05-25 21:17:35	ActionGesture	BrowRaise
2024-05-25 21:17:37	ActionGesture	Smile
2024-05-25 21:17:38	SenseSpeech	I think it's false	1274
2024-05-25 21:17:38	FlowEvent	NEW_FLOW_STATE	QuestionPersuasion	1		CONDITION1	QuestionPersuasion
2024-05-25 21:17:43	MonitorSpeechStart	<prosody rate="1.0">Well If one more lamp is added, then the resistance increases.</prosody>	3357
2024-05-25 21:17:43	ActionGesture	BrowRaise
2024-05-25 21:17:44	ActionGesture	BrowRaise
2024-05-25 21:17:46	ActionGesture	BrowRaise
2024-05-25 21:17:48	ActionGesture	Smile
2024-05-25 21:17:49	SenseSpeech	okay	846
2024-05-25 21:17:53	MonitorSpeechStart	<prosody rate="1.0">Good. You see it too?</prosody>	1507
2024-05-25 21:17:55	MonitorSpeechStart	<prosody rate="1.0">Since it is the same battery, the voltage remains constant.</prosody>	3262
2024-05-25 21:17:56	ActionGesture	BrowRaise
2024-05-25 21:17:58	ActionGesture	BrowRaise
2024-05-25 21:18:00	ActionGesture	Smile
2024-05-25 21:18:01	SenseSpeech	no	832
2024-05-25 21:18:01	MonitorSpeechStart	<prosody rate="1.0">Oh</prosody>	459
2024-05-25 21:18:02	MonitorSpeechStart	<prosody rate="1.0">well</prosody>	454
2024-05-25 21:18:02	ActionGesture	BrowRaise
2024-05-25 21:18:03	MonitorSpeechStart	<prosody rate="1.0">Where do you want to go from there?</prosody>	1374
2024-05-25 21:18:04	ActionGesture	BrowRaise
2024-05-25 21:18:07	ActionGesture	Smile
2024-05-25 21:18:09	SenseSpeech	well the yellows are in parallel	2251
2024-05-25 21:18:13	MonitorSpeechStart	<prosody rate="1.0">I am not sure about that</prosody>	1233
2024-05-25 21:18:14	ActionGesture	BrowRaise
2024-05-25 21:18:15	MonitorSpeechStart	<prosody rate="1.0">With the same voltage and higher resistance, the current will be lower according to Ohm's law.</prosody>	4570
2024-05-25 21:18:16	ActionGesture	BrowRaise
2024-05-25 21:18:19	ActionGesture	BrowRaise
2024-05-25 21:18:20	GUIEvent	ANSWER_MARKED	ANSWER[TRUE] [1] [20] SENT .. [ACCEPTED]	1	20	CONDITION1	QuestionPersuasion
2024-05-25 21:18:22	ActionGesture	Smile
2024-05-25 21:18:23	SenseSpeech	okay you're you're right	1765
2024-05-25 21:18:23	FlowEvent	NEW_FLOW_STATE	QuestionCheckpoint	1		CONDITION1	QuestionCheckpoint
2024-05-25 21:18:24	MonitorSpeechStart	<prosody rate="1.0">Good</prosody>	391
2024-05-25 21:18:25	MonitorSpeechStart	<prosody rate="1.0">So</prosody>	386
2024-05-25 21:18:26	MonitorSpeechStart	<prosody rate="1.0">do we agree it's TRUE?</prosody>	1157
2024-05-25 21:18:26	ActionGesture	BrowRaise
2024-05-25 21:18:30	ActionGesture	Smile
2024-05-25 21:18:31	SenseSpeech	yes	1201
2024-05-25 21:18:31	FlowEvent	NEW_FLOW_STATE	QuestionReview	1		CONDITION1	QuestionReview
2024-05-25 21:32:24	Autoreload is disabled because the development mode is off.
2024-05-25 21:32:25	Application started in 0.671 seconds.
2024-05-25 21:32:25	Responding at http://127.0.0.1:8888
2024-05-25 21:32:27	----------------- NEW EXECUTION-------------------
2024-05-25 21:32:27	FlowEvent	NEW_FLOW_STATE	Sleep	0.0		UNDEFINED	Sleep
2024-05-25 21:32:27	ActionGesture	CloseEyes
2024-05-25 21:32:27	ActionGesture	CloseEyes
2024-05-25 21:32:28	GUIEvent	GUI_RELOADED	GUI_RELOADED [ACCEPTED]	0.0	UNDEFINED	UNDEFINED	Sleep
2024-05-25 21:32:31	GUIEvent	NEW_STAGE_REQUESTED	STAGE[0] [12] REQUESTED .. [ACCEPTED]	0.0	UNDEFINED	UNDEFINED	Sleep
2024-05-25 21:32:33	GUIEvent	NEW_STAGE_REQUESTED	STAGE[0] [12] REQUESTED .. [ACCEPTED]	0.0	UNDEFINED	UNDEFINED	Sleep
2024-05-25 21:32:39	GUIEvent	GUI_STARTED	GUI_STARTED [ACCEPTED]	0.0	UNDEFINED	UNDEFINED	Sleep
2024-05-25 21:32:46	GUIEvent	NEW_STAGE_REQUESTED	STAGE[0.2] [12] REQUESTED .. [ACCEPTED]	0.0	UNDEFINED	UNDEFINED	Sleep
2024-05-25 21:32:46	SessionEvent	USER_SET	USER TO ACTIVATE.	0.2	12	UNDEFINED	Sleep
2024-05-25 21:32:46	FlowEvent	NEW_FLOW_STATE	Welcome	0.2		CONDITION1	Welcome
2024-05-25 21:32:46	ActionGesture	OpenEyes
2024-05-25 21:32:46	ActionGesture	Smile
2024-05-25 21:32:47	MonitorSpeechStart	<prosody rate="1.0">Hello there</prosody>	543
2024-05-25 21:32:47	ActionGesture	BrowRaise
2024-05-25 21:32:49	MonitorSpeechStart	<prosody rate="1.0">Nice to meet you</prosody>	824
2024-05-25 21:32:49	ActionGesture	BrowRaise
2024-05-25 21:32:50	MonitorSpeechStart	<prosody rate="1.0">How you doing?</prosody>	741
2024-05-25 21:32:51	ActionGesture	BrowRaise
2024-05-25 21:32:52	GUIEvent	NEW_STAGE_REQUESTED	STAGE[1] [12] REQUESTED .. [ACCEPTED]	0.2	12	CONDITION1	Welcome
2024-05-25 21:32:52	SessionEvent	QUESTION_SET	NEW QUESTION TO ACTIVATE	1		CONDITION1	Welcome
2024-05-25 21:32:52	FlowEvent	NEW_FLOW_STATE	QuestionReflection	1		CONDITION1	QuestionReflection
2024-05-25 21:32:53	MonitorSpeechStart	<prosody rate="1.0">Ok</prosody>	618
2024-05-25 21:32:54	ActionGesture	BrowRaise
2024-05-25 21:32:55	MonitorSpeechStart	<prosody rate="1.0">I think I am getting the question 1</prosody>	1802
2024-05-25 21:32:55	ActionGesture	BrowRaise
2024-05-25 21:32:56	ActionGesture	BrowRaise
2024-05-25 21:32:57	GUIEvent	ANSWER_MARKED	ANSWER[FALSE] [1] [12] SENT .. [ACCEPTED]	1	12	CONDITION1	QuestionReflection
2024-05-25 21:32:58	MonitorSpeechStart	<prosody rate="1.0">Let's see</prosody>	658
2024-05-25 21:32:58	ActionGesture	BrowRaise
2024-05-25 21:32:59	ActionGesture	Smile
2024-05-25 21:33:00	SenseSpeech	I marked	1094
2024-05-25 21:33:00	FlowEvent	NEW_FLOW_STATE	QuestionDisclosure	1		CONDITION1	QuestionDisclosure
2024-05-25 21:33:01	MonitorSpeechStart	<prosody rate="1.0">I replied that it is TRUE</prosody>	1387
2024-05-25 21:33:01	ActionGesture	BrowRaise
2024-05-25 21:33:03	MonitorSpeechStart	<prosody rate="1.0">What do you think?</prosody>	726
2024-05-25 21:33:03	ActionGesture	BrowRaise
2024-05-25 21:33:05	ActionGesture	Smile
2024-05-25 21:33:06	SenseSpeech	I think it's false	1488
2024-05-25 21:33:06	FlowEvent	NEW_FLOW_STATE	QuestionPersuasion	1		CONDITION1	QuestionPersuasion
2024-05-25 21:33:12	MonitorSpeechStart	<prosody rate="1.0">Well If one more lamp is added, then the resistance increases.</prosody>	3357
2024-05-25 21:33:13	ActionGesture	BrowRaise
2024-05-25 21:33:13	ActionGesture	BrowRaise
2024-05-25 21:33:15	ActionGesture	BrowRaise
2024-05-25 21:33:17	ActionGesture	Smile
2024-05-25 21:33:18	SenseSpeech	okay	993
2024-05-25 21:33:21	MonitorSpeechStart	<prosody rate="1.0">Good. You see it too?</prosody>	1507
2024-05-25 21:33:24	MonitorSpeechStart	<prosody rate="1.0">Since it is the same battery, the voltage remains constant.</prosody>	3262
2024-05-25 21:33:25	ActionGesture	BrowRaise
2024-05-25 21:33:27	ActionGesture	BrowRaise
2024-05-25 21:33:29	ActionGesture	Smile
2024-05-25 21:33:30	SenseSpeech	no	897
2024-05-25 21:33:30	MonitorSpeechStart	<prosody rate="1.0">Oh</prosody>	459
2024-05-25 21:33:31	MonitorSpeechStart	<prosody rate="1.0">well</prosody>	454
2024-05-25 21:33:31	ActionGesture	BrowRaise
2024-05-25 21:33:33	MonitorSpeechStart	<prosody rate="1.0">Where do you want to go from there?</prosody>	1374
2024-05-25 21:33:34	ActionGesture	BrowRaise
2024-05-25 21:33:35	ActionGesture	Smile
2024-05-25 21:33:37	SenseSpeech	well the yellows are in battery	1928
2024-05-25 21:33:37	MonitorSpeechStart	<prosody rate="1.0">I am not sure about that</prosody>	1233
2024-05-25 21:33:38	ActionGesture	BrowRaise
2024-05-25 21:33:39	MonitorSpeechStart	<prosody rate="1.0">With the same voltage and higher resistance, the current will be lower according to Ohm's law.</prosody>	4570
2024-05-25 21:33:41	ActionGesture	BrowRaise
2024-05-25 21:33:43	GUIEvent	ANSWER_MARKED	ANSWER[TRUE] [1] [12] SENT .. [ACCEPTED]	1	12	CONDITION1	QuestionPersuasion
2024-05-25 21:33:44	ActionGesture	BrowRaise
2024-05-25 21:33:46	ActionGesture	Smile
2024-05-25 21:33:48	SenseSpeech	okay it is true you're right	2017
2024-05-25 21:33:48	FlowEvent	NEW_FLOW_STATE	QuestionCheckpoint	1		CONDITION1	QuestionCheckpoint
2024-05-25 21:33:48	MonitorSpeechStart	<prosody rate="1.0">Good</prosody>	391
2024-05-25 21:33:49	MonitorSpeechStart	<prosody rate="1.0">So</prosody>	386
2024-05-25 21:33:50	MonitorSpeechStart	<prosody rate="1.0">do we agree it's TRUE?</prosody>	1157
2024-05-25 21:33:50	ActionGesture	BrowRaise
2024-05-25 21:33:53	ActionGesture	Smile
2024-05-25 21:33:54	SenseSpeech	yes	904
2024-05-25 21:33:54	FlowEvent	NEW_FLOW_STATE	QuestionReview	1		CONDITION1	QuestionReview
2024-05-25 21:34:03	MonitorSpeechStart	<prosody rate="1.0">That's fine!</prosody>	759
2024-05-25 21:34:03	ActionGesture	BrowRaise
2024-05-25 21:34:05	MonitorSpeechStart	<prosody rate="1.0">If the current is lower, the lights will be dimmer</prosody>	2375
2024-05-25 21:34:06	ActionGesture	BrowRaise
2024-05-25 21:34:07	ActionGesture	BrowRaise
2024-05-25 21:34:13	ActionGesture	Smile
2024-05-25 21:34:14	SenseSpeech	okay	999
2024-05-25 21:34:14	FlowEvent	NEW_FLOW_STATE	QuestionCheckpoint	1		CONDITION1	QuestionCheckpoint
2024-05-25 21:34:14	MonitorSpeechStart	<prosody rate="1.0">Nice</prosody>	438
2024-05-25 21:34:15	ActionGesture	BrowRaise
2024-05-25 21:34:16	MonitorSpeechStart	<prosody rate="1.0">It's TRUE</prosody>	657
2024-05-25 21:34:18	MonitorSpeechStart	<prosody rate="1.0">Shall we go for it?</prosody>	1070
2024-05-25 21:34:19	ActionGesture	BrowRaise
2024-05-25 21:34:21	ActionGesture	Smile
2024-05-25 21:34:23	SenseSpeech	uh yes	1196
2024-05-25 21:34:23	FlowEvent	NEW_FLOW_STATE	QuestionReview	1		CONDITION1	QuestionReview
2024-05-25 21:34:23	FlowEvent	NEW_FLOW_STATE	QuestionCheckpoint	1		CONDITION1	QuestionCheckpoint
2024-05-25 21:34:23	MonitorSpeechStart	<prosody rate="1.0">Perfect</prosody>	513
2024-05-25 21:34:23	ActionGesture	BrowRaise
2024-05-25 21:34:24	MonitorSpeechStart	<prosody rate="1.0">So</prosody>	386
2024-05-25 21:34:25	MonitorSpeechStart	<prosody rate="1.0">do we agree it's TRUE?</prosody>	1157
2024-05-25 21:34:25	ActionGesture	BrowRaise
2024-05-25 21:34:29	ActionGesture	Smile
2024-05-25 21:34:31	SenseSpeech	yes we agree it's true	1809
2024-05-25 21:34:31	FlowEvent	NEW_FLOW_STATE	QuestionReview	1		CONDITION1	QuestionReview
2024-05-25 21:34:31	FlowEvent	NEW_FLOW_STATE	QuestionCheckpoint	1		CONDITION1	QuestionCheckpoint
2024-05-25 21:34:31	MonitorSpeechStart	<prosody rate="1.0">Super</prosody>	526
2024-05-25 21:34:31	ActionGesture	BrowRaise
2024-05-25 21:34:32	MonitorSpeechStart	<prosody rate="1.0">It's TRUE</prosody>	657
2024-05-25 21:34:34	MonitorSpeechStart	<prosody rate="1.0">Shall we go for it?</prosody>	1070
2024-05-25 21:34:34	ActionGesture	BrowRaise
2024-05-25 21:34:40	ActionGesture	Smile
2024-05-25 21:34:41	SenseSpeech	yes	1216
2024-05-25 21:34:41	FlowEvent	NEW_FLOW_STATE	QuestionReview	1		CONDITION1	QuestionReview
2024-05-25 21:34:41	FlowEvent	NEW_FLOW_STATE	QuestionCheckpoint	1		CONDITION1	QuestionCheckpoint
2024-05-25 21:34:41	MonitorSpeechStart	<prosody rate="1.0">That's fine!</prosody>	759
2024-05-25 21:34:41	ActionGesture	BrowRaise
2024-05-25 21:34:43	MonitorSpeechStart	<prosody rate="1.0">So</prosody>	386
2024-05-25 21:34:44	MonitorSpeechStart	<prosody rate="1.0">do we agree it's TRUE?</prosody>	1157
2024-05-25 21:34:44	ActionGesture	BrowRaise
2024-05-25 21:34:54	MonitorSpeechStart	<prosody rate="1.0">Can I ask you</prosody>	780
2024-05-25 21:34:54	ActionGesture	BrowRaise
2024-05-25 21:34:55	MonitorSpeechStart	<prosody rate="1.0">It's TRUE</prosody>	657
2024-05-25 21:34:57	MonitorSpeechStart	<prosody rate="1.0">Shall we go for it?</prosody>	1070
2024-05-25 21:34:57	ActionGesture	BrowRaise
2024-05-25 21:35:01	ActionGesture	Smile
2024-05-25 21:35:02	SenseSpeech	yes	1036
2024-05-25 21:35:02	FlowEvent	NEW_FLOW_STATE	QuestionReview	1		CONDITION1	QuestionReview
2024-05-25 21:35:02	FlowEvent	NEW_FLOW_STATE	QuestionCheckpoint	1		CONDITION1	QuestionCheckpoint
2024-05-25 21:35:02	MonitorSpeechStart	<prosody rate="1.0">Good</prosody>	391
2024-05-25 21:35:03	MonitorSpeechStart	<prosody rate="1.0">So</prosody>	386
2024-05-25 21:35:04	MonitorSpeechStart	<prosody rate="1.0">do we agree it's TRUE?</prosody>	1157
2024-05-25 21:35:05	ActionGesture	BrowRaise
2024-05-25 21:35:14	MonitorSpeechStart	<prosody rate="1.0">Let me insist</prosody>	871
2024-05-25 21:35:14	ActionGesture	BrowRaise
2024-05-25 21:35:16	MonitorSpeechStart	<prosody rate="1.0">It's TRUE</prosody>	657
2024-05-25 21:35:17	MonitorSpeechStart	<prosody rate="1.0">Shall we go for it?</prosody>	1070
2024-05-25 21:35:18	ActionGesture	BrowRaise
2024-05-25 21:35:19	ActionGesture	Smile
2024-05-25 21:35:20	SenseSpeech	yes	866
2024-05-25 21:36:16	FlowEvent	NEW_FLOW_STATE	QuestionReview	1		CONDITION1	QuestionReview
2024-05-25 21:38:55	FlowEvent	NEW_FLOW_STATE	QuestionCheckpoint	1		CONDITION1	QuestionCheckpoint
2024-05-25 21:38:55	MonitorSpeechStart	<prosody rate="1.0">Nice</prosody>	438
2024-05-25 21:38:55	ActionGesture	BrowRaise
2024-05-25 21:38:57	MonitorSpeechStart	<prosody rate="1.0">So</prosody>	386
2024-05-25 21:38:58	MonitorSpeechStart	<prosody rate="1.0">do we agree it's TRUE?</prosody>	1157
2024-05-25 21:38:58	ActionGesture	BrowRaise
2024-05-25 21:39:00	ActionGesture	Smile
2024-05-25 21:39:01	SenseSpeech	yes	1088
2024-05-25 21:39:13	FlowEvent	NEW_FLOW_STATE	QuestionReview	1		CONDITION1	QuestionReview
2024-05-25 21:39:56	FlowEvent	NEW_FLOW_STATE	QuestionCheckpoint	1		CONDITION1	QuestionCheckpoint
2024-05-25 21:39:56	FlowEvent	NEW_FLOW_STATE	QuestionCheckpoint	1		CONDITION1	QuestionCheckpoint
