2024-05-24 17:04:08	Autoreload is disabled because the development mode is off.
2024-05-24 17:04:09	Application started in 0.52 seconds.
2024-05-24 17:04:09	Responding at http://127.0.0.1:8888
2024-05-24 17:04:11	----------------- NEW EXECUTION-------------------
2024-05-24 17:04:11	FlowEvent	NEW_FLOW_STATE	Testing	0.0		UNDEFINED	Testing
2024-05-24 17:04:12	MonitorSpeechStart	Ok, let's test. Say whatever you want.	2873
2024-05-24 17:04:12	ActionGesture	BrowRaise
2024-05-24 17:04:15	ActionGesture	BrowRaise
2024-05-24 17:04:16	ActionGesture	Smile
2024-05-24 17:05:19	Autoreload is disabled because the development mode is off.
2024-05-24 17:05:19	Application started in 0.506 seconds.
2024-05-24 17:05:19	Responding at http://127.0.0.1:8888
2024-05-24 17:05:21	----------------- NEW EXECUTION-------------------
2024-05-24 17:05:21	FlowEvent	NEW_FLOW_STATE	Testing	0.0		UNDEFINED	Testing
2024-05-24 17:05:22	MonitorSpeechStart	Ok, let's test. Say whatever you want.	2873
2024-05-24 17:05:22	ActionGesture	BrowRaise
2024-05-24 17:05:25	Autoreload is disabled because the development mode is off.
2024-05-24 17:05:26	Application started in 0.575 seconds.
2024-05-24 17:05:26	Responding at http://127.0.0.1:8888
2024-05-24 17:05:28	----------------- NEW EXECUTION-------------------
2024-05-24 17:06:46	Autoreload is disabled because the development mode is off.
2024-05-24 17:06:46	Application started in 0.492 seconds.
2024-05-24 17:06:47	Responding at http://127.0.0.1:8888
2024-05-24 17:06:49	----------------- NEW EXECUTION-------------------
2024-05-24 17:06:49	FlowEvent	NEW_FLOW_STATE	Testing	0.0		UNDEFINED	Testing
2024-05-24 17:06:50	MonitorSpeechStart	Ok, let's test. Say whatever you want.	3223
2024-05-24 17:06:50	ActionGesture	BrowRaise
2024-05-24 17:06:51	ActionGesture	BrowRaise
2024-05-24 17:06:53	ActionGesture	BrowRaise
2024-05-24 17:06:54	SenseSpeech	ERROR : No internet detected. Can't connect to http://speech.googleapis.com	null
2024-05-24 17:06:55	MonitorSpeechStart	The connection failed... Can you repeat that?	2588
2024-05-24 17:06:56	ActionGesture	BrowRaise
2024-05-24 17:06:57	ActionGesture	BrowRaise
2024-05-24 17:06:59	SenseSpeech	ERROR : No internet detected. Can't connect to http://speech.googleapis.com	null
2024-05-24 17:06:59	MonitorSpeechStart	The connection failed... Can you repeat that?	2588
2024-05-24 17:07:00	ActionGesture	BrowRaise
2024-05-24 17:07:01	ActionGesture	BrowRaise
2024-05-24 17:08:31	Autoreload is disabled because the development mode is off.
2024-05-24 17:08:32	Application started in 0.515 seconds.
2024-05-24 17:08:32	Responding at http://127.0.0.1:8888
2024-05-24 17:08:34	----------------- NEW EXECUTION-------------------
2024-05-24 17:08:34	FlowEvent	NEW_FLOW_STATE	Testing	0.0		UNDEFINED	Testing
2024-05-24 17:08:34	MonitorSpeechStart	Ok, let's test. Say whatever you want.	3223
2024-05-24 17:08:35	ActionGesture	BrowRaise
2024-05-24 17:08:36	ActionGesture	BrowRaise
2024-05-24 17:08:37	ActionGesture	BrowRaise
2024-05-24 17:08:39	SenseSpeech	ERROR : No internet detected. Can't connect to http://speech.googleapis.com	null
2024-05-24 17:08:39	MonitorSpeechStart	The connection failed... Can you repeat that?	2588
2024-05-24 17:08:40	ActionGesture	BrowRaise
2024-05-24 17:08:42	ActionGesture	BrowRaise
2024-05-24 17:08:43	SenseSpeech	ERROR : No internet detected. Can't connect to http://speech.googleapis.com	null
2024-05-24 17:08:44	MonitorSpeechStart	The connection failed... Can you repeat that?	2588
2024-05-24 17:08:44	ActionGesture	BrowRaise
2024-05-24 17:08:46	ActionGesture	BrowRaise
2024-05-24 17:08:47	SenseSpeech	ERROR : No internet detected. Can't connect to http://speech.googleapis.com	null
2024-05-24 17:08:48	MonitorSpeechStart	The connection failed... Can you repeat that?	2588
2024-05-24 17:08:48	ActionGesture	BrowRaise
2024-05-24 17:08:50	ActionGesture	BrowRaise
2024-05-24 17:08:50	GUIEvent	GUI_RELOADED	GUI_RELOADED [ACCEPTED]	0.0	UNDEFINED	UNDEFINED	Testing
2024-05-24 17:08:51	GUIEvent	SYNCH_REQUESTED	SYNCH REQUESTED .. [ACCEPTED]	0.0	UNDEFINED	UNDEFINED	Testing
2024-05-24 17:08:52	SenseSpeech	ERROR : No internet detected. Can't connect to http://speech.googleapis.com	null
2024-05-24 17:08:52	MonitorSpeechStart	The connection failed... Can you repeat that?	2588
2024-05-24 17:08:53	ActionGesture	BrowRaise
2024-05-24 17:14:46	Autoreload is disabled because the development mode is off.
2024-05-24 17:14:47	Application started in 0.506 seconds.
2024-05-24 17:14:47	Responding at http://127.0.0.1:8888
2024-05-24 17:14:49	----------------- NEW EXECUTION-------------------
2024-05-24 17:14:49	FlowEvent	NEW_FLOW_STATE	Testing	0.0		UNDEFINED	Testing
2024-05-24 17:14:50	MonitorSpeechStart	Ok, let's test. Say whatever you want.	3223
2024-05-24 17:14:50	ActionGesture	BrowRaise
2024-05-24 17:14:51	ActionGesture	BrowRaise
2024-05-24 17:14:53	ActionGesture	BrowRaise
2024-05-24 17:14:56	ActionGesture	Smile
2024-05-24 17:14:59	SenseSpeech	I know I am talking to you	2539
2024-05-24 17:14:59	MonitorSpeechStart	You denied	731
2024-05-24 17:15:00	ActionGesture	BrowRaise
2024-05-24 17:15:03	ActionGesture	Smile
2024-05-24 17:15:06	SenseSpeech	now it's working	3027
2024-05-24 17:15:06	MonitorSpeechStart	You said something in about 3027 milliseconds.	3530
2024-05-24 17:15:07	ActionGesture	BrowRaise
2024-05-24 17:15:08	ActionGesture	BrowRaise
2024-05-24 17:15:08	ActionGesture	BrowRaise
2024-05-24 17:15:10	ActionGesture	BrowRaise
2024-05-24 17:15:12	ActionGesture	Smile
2024-05-24 17:15:14	SenseSpeech	yeah so what are you talking about	2244
2024-05-24 17:15:14	MonitorSpeechStart	You want me to elaborate.	1412
2024-05-24 17:15:16	ActionGesture	BrowRaise
2024-05-24 17:15:18	ActionGesture	Smile
2024-05-24 17:15:20	SenseSpeech	maybe do it	1753
2024-05-24 17:15:20	MonitorSpeechStart	You said something in about 1753 milliseconds.	3196
2024-05-24 17:15:20	ActionGesture	BrowRaise
2024-05-24 17:15:21	ActionGesture	BrowRaise
2024-05-24 17:15:22	ActionGesture	BrowRaise
2024-05-24 17:15:23	ActionGesture	BrowRaise
2024-05-24 17:15:25	ActionGesture	Smile
2024-05-24 17:15:27	SenseSpeech	that is good so what do you think about it	2477
2024-05-24 17:15:27	MonitorSpeechStart	You want me to elaborate.	1412
2024-05-24 17:15:29	ActionGesture	BrowRaise
2024-05-24 17:15:30	ActionGesture	Smile
2024-05-24 17:15:32	SenseSpeech	yeah	1268
2024-05-24 17:15:32	MonitorSpeechStart	You assented	723
2024-05-24 17:15:33	ActionGesture	BrowRaise
2024-05-24 17:15:34	ActionGesture	Smile
2024-05-24 17:15:41	GUIEvent	GUI_RELOADED	GUI_RELOADED [ACCEPTED]	0.0	UNDEFINED	UNDEFINED	Testing
2024-05-24 17:15:41	GUIEvent	SYNCH_REQUESTED	SYNCH REQUESTED .. [ACCEPTED]	0.0	UNDEFINED	UNDEFINED	Testing
2024-05-24 17:15:49	SenseSpeech	yeah so now this is working bro we did not change it to a shower or anything and it is fine do do do you know how to get to a shower because I want to try uh I think let's see so if you if you come here to recognize it right and you go down and	15012
2024-05-24 17:15:50	MonitorSpeechStart	You said something in about 15012 milliseconds.	3345
2024-05-24 17:15:51	ActionGesture	BrowRaise
2024-05-24 17:15:52	ActionGesture	BrowRaise
2024-05-24 17:15:52	ActionGesture	BrowRaise
2024-05-24 17:15:53	ActionGesture	BrowRaise
2024-05-24 17:15:55	ActionGesture	Smile
2024-05-24 17:16:03	SenseSpeech	some provided here right you need to just change it in the uh in your code in the init probably yeah this	7969
2024-05-24 17:16:03	MonitorSpeechStart	You assented	723
2024-05-24 17:16:04	ActionGesture	BrowRaise
2024-05-24 17:16:06	ActionGesture	Smile
2024-05-24 17:16:06	SenseSpeech	which	716
2024-05-24 17:16:07	MonitorSpeechStart	You just backchanneled.	1349
2024-05-24 17:16:08	ActionGesture	BrowRaise
2024-05-24 17:16:09	ActionGesture	Smile
2024-05-24 17:16:10	SenseSpeech	the box and	1060
2024-05-24 17:16:11	MonitorSpeechStart	You said something in about 1060 milliseconds.	3209
2024-05-24 17:16:11	ActionGesture	BrowRaise
2024-05-24 17:16:12	ActionGesture	BrowRaise
2024-05-24 17:16:12	ActionGesture	BrowRaise
2024-05-24 17:16:14	ActionGesture	BrowRaise
2024-05-24 17:16:16	ActionGesture	Smile
2024-05-24 17:16:19	SenseSpeech	was my fault but if I want to	2771
2024-05-24 17:16:19	MonitorSpeechStart	You said something in about 2771 milliseconds.	4003
2024-05-24 17:16:19	ActionGesture	BrowRaise
2024-05-24 17:16:20	ActionGesture	BrowRaise
2024-05-24 17:16:21	ActionGesture	BrowRaise
2024-05-24 17:16:23	ActionGesture	BrowRaise
2024-05-24 17:16:23	ActionGesture	BrowRaise
2024-05-24 17:18:15	Autoreload is disabled because the development mode is off.
2024-05-24 17:18:15	Application started in 0.503 seconds.
2024-05-24 17:18:16	Responding at http://127.0.0.1:8888
2024-05-24 17:18:18	----------------- NEW EXECUTION-------------------
2024-05-24 17:18:18	FlowEvent	NEW_FLOW_STATE	Sleep	0.0		UNDEFINED	Sleep
2024-05-24 17:18:18	ActionGesture	CloseEyes
2024-05-24 17:18:18	ActionGesture	CloseEyes
2024-05-24 17:18:19	ActionGesture	CloseEyes
2024-05-24 17:18:37	GUIEvent	GUI_RELOADED	GUI_RELOADED [ACCEPTED]	0.0	UNDEFINED	UNDEFINED	Sleep
2024-05-24 17:18:37	GUIEvent	SYNCH_REQUESTED	SYNCH REQUESTED .. [ACCEPTED]	0.0	UNDEFINED	UNDEFINED	Sleep
2024-05-24 17:18:42	GUIEvent	NEW_STAGE_REQUESTED	STAGE[0.2] [28] REQUESTED .. [ACCEPTED]	0.0	UNDEFINED	UNDEFINED	Sleep
2024-05-24 17:18:42	SessionEvent	USER_SET	USER TO ACTIVATE.	0.2	28	UNDEFINED	Sleep
2024-05-24 17:18:42	FlowEvent	NEW_FLOW_STATE	Welcome	0.2		CONDITION2	Welcome
2024-05-24 17:18:42	ActionGesture	OpenEyes
2024-05-24 17:18:42	ActionGesture	Smile
2024-05-24 17:18:42	MonitorSpeechStart	\spd=180\Hello there\spd=180\	693
2024-05-24 17:18:43	ActionGesture	BrowRaise
2024-05-24 17:18:44	MonitorSpeechStart	\spd=180\Nice to meet you\spd=180\	808
2024-05-24 17:18:45	ActionGesture	BrowRaise
2024-05-24 17:18:46	MonitorSpeechStart	\spd=180\How you doing?\spd=180\	752
2024-05-24 17:18:47	ActionGesture	BrowRaise
2024-05-24 17:18:49	ActionGesture	Smile
2024-05-24 17:18:50	SenseSpeech	yeah	769
2024-05-24 17:18:50	FlowEvent	NEW_FLOW_STATE	ReviewInstructions	0.2		CONDITION2	ReviewInstructions
2024-05-24 17:18:51	MonitorSpeechStart	\spd=180\Right, as far as I know,we will get some Electronics questions to resolve together. Somebody told you?\spd=180\	6060
2024-05-24 17:18:51	ActionGesture	BrowRaise
2024-05-24 17:18:52	ActionGesture	BrowRaise
2024-05-24 17:18:52	ActionGesture	BrowRaise
2024-05-24 17:18:52	ActionGesture	BrowRaise
2024-05-24 17:18:55	ActionGesture	BrowRaise
2024-05-24 17:18:56	ActionGesture	BrowRaise
2024-05-24 17:19:00	ActionGesture	Smile
2024-05-24 17:19:01	SenseSpeech	no	1071
2024-05-24 17:19:01	MonitorSpeechStart	\spd=180\DENIAL\spd=180\	557
2024-05-24 17:19:02	ActionGesture	BrowRaise
2024-05-24 17:19:02	MonitorSpeechStart	\spd=180\Oh\spd=180\	328
2024-05-24 17:19:02	ActionGesture	BrowRaise
2024-05-24 17:19:04	MonitorSpeechStart	\spd=180\well\spd=180\	463
2024-05-24 17:19:04	ActionGesture	BrowRaise
2024-05-24 17:19:05	MonitorSpeechStart	\spd=180\Basically a question will come up on the tablet, I receive it, we think, we answer separately and then we discuss\spd=180\	6485
2024-05-24 17:19:05	ActionGesture	BrowRaise
2024-05-24 17:19:07	ActionGesture	BrowRaise
2024-05-24 17:19:07	ActionGesture	BrowRaise
2024-05-24 17:19:09	ActionGesture	BrowRaise
2024-05-24 17:19:10	ActionGesture	BrowRaise
2024-05-24 17:19:11	ActionGesture	BrowRaise
2024-05-24 17:19:13	MonitorSpeechStart	\spd=180\Do you want me to explain or are you ready?\spd=180\	2114
2024-05-24 17:19:14	ActionGesture	BrowRaise
2024-05-24 17:19:15	ActionGesture	BrowRaise
2024-05-24 17:19:19	ActionGesture	Smile
2024-05-24 17:19:20	SenseSpeech	yeah I'm ready	1735
2024-05-24 17:19:21	MonitorSpeechStart	\spd=180\OFF_TOPIC\spd=180\	1236
2024-05-24 17:19:21	ActionGesture	BrowRaise
2024-05-24 17:19:22	ActionGesture	BrowRaise
2024-05-24 17:19:22	MonitorSpeechStart	\spd=180\The questions will appear one by one on the tablet\spd=180\	2397
2024-05-24 17:19:23	ActionGesture	BrowRaise
2024-05-24 17:19:24	ActionGesture	BrowRaise
2024-05-24 17:19:24	ActionGesture	BrowRaise
2024-05-24 17:19:25	MonitorSpeechStart	\spd=180\For each one, we will have time to think\spd=180\	2231
2024-05-24 17:19:27	ActionGesture	BrowRaise
2024-05-24 17:19:27	ActionGesture	BrowRaise
2024-05-24 17:19:29	MonitorSpeechStart	\spd=180\Then you mark your answer and I will mark mine\spd=180\	2095
2024-05-24 17:19:30	ActionGesture	BrowRaise
2024-05-24 17:19:31	ActionGesture	BrowRaise
2024-05-24 17:31:36	Autoreload is disabled because the development mode is off.
2024-05-24 17:31:36	Application started in 0.563 seconds.
2024-05-24 17:31:36	Responding at http://127.0.0.1:8888
2024-05-24 17:31:39	----------------- NEW EXECUTION-------------------
2024-05-24 17:31:39	FlowEvent	NEW_FLOW_STATE	Sleep	0.0		UNDEFINED	Sleep
2024-05-24 17:31:39	ActionGesture	CloseEyes
2024-05-24 17:31:39	ActionGesture	CloseEyes
2024-05-24 17:31:53	ActionGesture	CloseEyes
2024-05-24 17:32:07	ActionGesture	CloseEyes
2024-05-24 17:32:26	ActionGesture	CloseEyes
2024-05-24 17:32:45	ActionGesture	CloseEyes
2024-05-24 17:33:46	MonitorSpeechStart	\spd=180\No start signal received, terminating the program.\spd=180\	2965
2024-05-24 17:33:46	ActionGesture	BrowRaise
2024-05-24 17:33:47	ActionGesture	BrowRaise
2024-05-24 17:33:48	ActionGesture	BrowRaise
2024-05-24 17:34:21	Autoreload is disabled because the development mode is off.
2024-05-24 17:34:22	Application started in 0.55 seconds.
2024-05-24 17:34:22	Responding at http://127.0.0.1:8888
2024-05-24 17:34:25	----------------- NEW EXECUTION-------------------
2024-05-24 17:34:25	FlowEvent	NEW_FLOW_STATE	Sleep	0.0		UNDEFINED	Sleep
2024-05-24 17:34:25	ActionGesture	CloseEyes
2024-05-24 17:34:25	ActionGesture	CloseEyes
2024-05-24 17:34:31	ActionGesture	CloseEyes
2024-05-24 17:35:25	GUIEvent	GUI_RELOADED	GUI_RELOADED [ACCEPTED]	0.0	UNDEFINED	UNDEFINED	Sleep
2024-05-24 17:35:26	GUIEvent	SYNCH_REQUESTED	SYNCH REQUESTED .. [ACCEPTED]	0.0	UNDEFINED	UNDEFINED	Sleep
2024-05-24 17:35:31	MonitorSpeechStart	\spd=180\No start signal received, terminating the program.\spd=180\	2965
2024-05-24 17:35:31	ActionGesture	BrowRaise
2024-05-24 17:35:32	ActionGesture	BrowRaise
2024-05-24 17:35:34	ActionGesture	BrowRaise
