2024-05-26 10:30:25	Autoreload is disabled because the development mode is off.
2024-05-26 10:30:26	Application started in 0.567 seconds.
2024-05-26 10:30:26	Responding at http://127.0.0.1:8888
2024-05-26 10:30:28	----------------- NEW EXECUTION-------------------
2024-05-26 10:30:28	FlowEvent	NEW_FLOW_STATE	Sleep	0.0		UNDEFINED	Sleep
2024-05-26 10:30:28	ActionGesture	CloseEyes
2024-05-26 10:30:28	ActionGesture	CloseEyes
2024-05-26 10:30:43	GUIEvent	GUI_RELOADED	GUI_RELOADED [ACCEPTED]	0.0	UNDEFINED	UNDEFINED	Sleep
2024-05-26 10:30:44	GUIEvent	NEW_STAGE_REQUESTED	STAGE[0.2] [4] REQUESTED .. [ACCEPTED]	0.0	UNDEFINED	UNDEFINED	Sleep
2024-05-26 10:30:44	SessionEvent	USER_SET	USER TO ACTIVATE.	0.2	4	UNDEFINED	Sleep
2024-05-26 10:30:44	FlowEvent	NEW_FLOW_STATE	Welcome	0.2		CONDITION1	Welcome
2024-05-26 10:30:44	ActionGesture	OpenEyes
2024-05-26 10:30:51	ActionGesture	Smile
2024-05-26 10:30:51	MonitorSpeechStart	<prosody rate="1.0">Hello there</prosody>	543
2024-05-26 10:30:52	ActionGesture	BrowRaise
2024-05-26 10:30:53	MonitorSpeechStart	<prosody rate="1.0">Nice to meet you</prosody>	824
2024-05-26 10:30:53	ActionGesture	BrowRaise
2024-05-26 10:30:55	MonitorSpeechStart	<prosody rate="1.0">How you doing?</prosody>	741
2024-05-26 10:30:55	ActionGesture	BrowRaise
2024-05-26 10:31:00	ActionGesture	Smile
2024-05-26 10:31:01	SenseSpeech	yeah	1026
2024-05-26 10:31:01	FlowEvent	NEW_FLOW_STATE	ReviewInstructions	0.2		CONDITION1	ReviewInstructions
2024-05-26 10:31:01	MonitorSpeechStart	<prosody rate="1.0">Right, as far as I know,we will get some Electronics questions to resolve together. Somebody told you?</prosody>	6104
2024-05-26 10:31:01	ActionGesture	BrowRaise
2024-05-26 10:31:02	ActionGesture	BrowRaise
2024-05-26 10:31:06	ActionGesture	BrowRaise
2024-05-26 10:31:07	ActionGesture	BrowRaise
2024-05-26 10:31:10	ActionGesture	Smile
2024-05-26 10:31:12	SenseSpeech	uh yes	1338
2024-05-26 10:31:12	MonitorSpeechStart	<prosody rate="1.0">Good</prosody>	391
2024-05-26 10:31:13	MonitorSpeechStart	<prosody rate="1.0">Basically a question will come up on the tablet, I receive it, we think, we answer separately and then we discuss</prosody>	5938
2024-05-26 10:31:13	ActionGesture	BrowRaise
2024-05-26 10:31:15	ActionGesture	BrowRaise
2024-05-26 10:31:19	ActionGesture	BrowRaise
2024-05-26 10:31:20	MonitorSpeechStart	<prosody rate="1.0">Do you want me to explain or are you ready?</prosody>	1666
2024-05-26 10:31:21	ActionGesture	BrowRaise
2024-05-26 10:31:22	ActionGesture	BrowRaise
2024-05-26 10:32:25	Autoreload is disabled because the development mode is off.
2024-05-26 10:32:25	Application started in 0.582 seconds.
2024-05-26 10:32:25	Responding at http://127.0.0.1:8888
2024-05-26 10:32:28	----------------- NEW EXECUTION-------------------
2024-05-26 10:32:28	FlowEvent	NEW_FLOW_STATE	Sleep	0.0		UNDEFINED	Sleep
2024-05-26 10:32:28	ActionGesture	CloseEyes
2024-05-26 10:32:28	ActionGesture	CloseEyes
2024-05-26 10:32:29	GUIEvent	GUI_RELOADED	GUI_RELOADED [ACCEPTED]	0.0	UNDEFINED	UNDEFINED	Sleep
2024-05-26 10:32:35	GUIEvent	NEW_STAGE_REQUESTED	STAGE[0.2] [4] REQUESTED .. [ACCEPTED]	0.0	UNDEFINED	UNDEFINED	Sleep
2024-05-26 10:32:35	SessionEvent	USER_SET	USER TO ACTIVATE.	0.2	4	UNDEFINED	Sleep
2024-05-26 10:32:35	FlowEvent	NEW_FLOW_STATE	Welcome	0.2		CONDITION1	Welcome
2024-05-26 10:32:35	ActionGesture	OpenEyes
2024-05-26 10:32:42	ActionGesture	Smile
2024-05-26 10:32:43	MonitorSpeechStart	<prosody rate="1.0">Hello there</prosody>	543
2024-05-26 10:32:43	ActionGesture	BrowRaise
2024-05-26 10:32:44	MonitorSpeechStart	<prosody rate="1.0">Nice to meet you</prosody>	824
2024-05-26 10:32:44	ActionGesture	BrowRaise
2024-05-26 10:32:46	MonitorSpeechStart	<prosody rate="1.0">How you doing?</prosody>	741
2024-05-26 10:32:46	ActionGesture	BrowRaise
2024-05-26 10:32:49	ActionGesture	Smile
2024-05-26 10:32:49	SenseSpeech	yeah	898
2024-05-26 10:32:49	FlowEvent	NEW_FLOW_STATE	ReviewInstructions	0.2		CONDITION1	ReviewInstructions
2024-05-26 10:32:50	MonitorSpeechStart	<prosody rate="1.0">Right, as far as I know,we will get some Electronics questions to resolve together. Somebody told you?</prosody>	6104
2024-05-26 10:32:50	ActionGesture	BrowRaise
2024-05-26 10:32:51	ActionGesture	BrowRaise
2024-05-26 10:32:54	ActionGesture	BrowRaise
2024-05-26 10:32:55	ActionGesture	BrowRaise
2024-05-26 10:32:58	ActionGesture	Smile
2024-05-26 10:33:00	SenseSpeech	um no	1916
2024-05-26 10:33:00	MonitorSpeechStart	<prosody rate="1.0">Oh</prosody>	459
2024-05-26 10:33:02	MonitorSpeechStart	<prosody rate="1.0">well</prosody>	454
2024-05-26 10:33:02	ActionGesture	BrowRaise
2024-05-26 10:33:03	MonitorSpeechStart	<prosody rate="1.0">Basically a question will come up on the tablet, I receive it, we think, we answer separately and then we discuss</prosody>	5938
2024-05-26 10:33:03	ActionGesture	BrowRaise
2024-05-26 10:33:05	ActionGesture	BrowRaise
2024-05-26 10:33:08	ActionGesture	BrowRaise
2024-05-26 10:33:10	MonitorSpeechStart	<prosody rate="1.0">Do you want me to explain or are you ready?</prosody>	1666
2024-05-26 10:33:11	ActionGesture	BrowRaise
2024-05-26 10:33:11	ActionGesture	BrowRaise
2024-05-26 10:33:14	ActionGesture	Smile
2024-05-26 10:33:15	SenseSpeech	I'm ready	1005
2024-05-26 10:33:15	MonitorSpeechStart	<prosody rate="1.0">Perfect</prosody>	513
2024-05-26 10:33:16	ActionGesture	BrowRaise
2024-05-26 10:33:17	MonitorSpeechStart	<prosody rate="1.0">Ok, when you press the button I will receive the first question, and show on the screen. Whenever you want.</prosody>	5763
2024-05-26 10:33:17	ActionGesture	BrowRaise
2024-05-26 10:33:19	ActionGesture	BrowRaise
2024-05-26 10:33:20	GUIEvent	NEW_STAGE_REQUESTED	STAGE[1] [4] REQUESTED .. [ACCEPTED]	0.2	4	CONDITION1	ReviewInstructions
2024-05-26 10:33:20	SessionEvent	QUESTION_SET	NEW QUESTION TO ACTIVATE	1		CONDITION1	ReviewInstructions
2024-05-26 10:33:20	FlowEvent	NEW_FLOW_STATE	QuestionReflection	1		CONDITION1	QuestionReflection
2024-05-26 10:33:21	ActionGesture	BrowRaise
2024-05-26 10:33:21	MonitorSpeechStart	<prosody rate="1.0">Ok</prosody>	618
2024-05-26 10:33:22	ActionGesture	BrowRaise
2024-05-26 10:33:23	MonitorSpeechStart	<prosody rate="1.0">I think I am getting the question 1</prosody>	1802
2024-05-26 10:33:23	ActionGesture	BrowRaise
2024-05-26 10:33:24	ActionGesture	BrowRaise
2024-05-26 10:33:26	MonitorSpeechStart	<prosody rate="1.0">Let's see</prosody>	658
2024-05-26 10:33:26	ActionGesture	BrowRaise
2024-05-26 10:33:31	GUIEvent	ANSWER_MARKED	ANSWER[TRUE] [1] [4] SENT .. [ACCEPTED]	1	4	CONDITION1	QuestionReflection
2024-05-26 10:33:35	MonitorSpeechStart	<prosody rate="1.0">Have you answered already?</prosody>	1137
2024-05-26 10:33:35	ActionGesture	BrowRaise
2024-05-26 10:33:35	ActionGesture	BrowRaise
2024-05-26 10:33:40	MonitorSpeechStart	<prosody rate="1.0">Let me know when you have it</prosody>	1138
2024-05-26 10:33:41	ActionGesture	BrowRaise
2024-05-26 10:33:44	ActionGesture	Smile
2024-05-26 10:33:45	SenseSpeech	can you repeat	1132
2024-05-26 10:33:46	MonitorSpeechStart	<prosody rate="1.0">Yes</prosody>	493
2024-05-26 10:33:46	ActionGesture	BrowRaise
2024-05-26 10:33:47	MonitorSpeechStart	<prosody rate="1.0">Let me know when you have it</prosody>	1138
2024-05-26 10:33:48	ActionGesture	BrowRaise
2024-05-26 10:33:56	MonitorSpeechStart	<prosody rate="1.0">Have you answered?</prosody>	752
2024-05-26 10:33:57	ActionGesture	BrowRaise
2024-05-26 10:33:58	ActionGesture	Smile
2024-05-26 10:34:01	SenseSpeech	yes	2581
2024-05-26 10:34:01	FlowEvent	NEW_FLOW_STATE	QuestionDisclosure	1		CONDITION1	QuestionDisclosure
2024-05-26 10:34:01	MonitorSpeechStart	<prosody rate="1.0">Good</prosody>	391
2024-05-26 10:34:02	MonitorSpeechStart	<prosody rate="1.0">I replied that it is TRUE</prosody>	1387
2024-05-26 10:34:03	ActionGesture	BrowRaise
2024-05-26 10:34:04	MonitorSpeechStart	<prosody rate="1.0">What do you think?</prosody>	726
2024-05-26 10:34:05	ActionGesture	BrowRaise
2024-05-26 10:34:08	ActionGesture	Smile
2024-05-26 10:34:10	SenseSpeech	um	1131
2024-05-26 10:34:10	FlowEvent	NEW_FLOW_STATE	QuestionReview	1		CONDITION1	QuestionReview
2024-05-26 10:34:10	MonitorSpeechStart	<prosody rate="1.0">Ok, let me put it this way Because the voltage is the same and the resistance increases if a lamp is added</prosody>	5617
2024-05-26 10:34:10	ActionGesture	BrowRaise
2024-05-26 10:34:12	ActionGesture	BrowRaise
2024-05-26 10:34:13	ActionGesture	BrowRaise
2024-05-26 10:34:15	ActionGesture	BrowRaise
2024-05-26 10:34:19	ActionGesture	Smile
2024-05-26 10:34:20	SenseSpeech	can you repeat	1276
2024-05-26 10:34:21	MonitorSpeechStart	<prosody rate="1.0">Sure</prosody>	486
2024-05-26 10:34:22	MonitorSpeechStart	<prosody rate="1.0">Because the voltage is the same and the resistance increases if a lamp is added</prosody>	3824
2024-05-26 10:34:23	ActionGesture	BrowRaise
2024-05-26 10:34:26	ActionGesture	BrowRaise
2024-05-26 10:34:26	ActionGesture	BrowRaise
2024-05-26 10:34:30	ActionGesture	Smile
2024-05-26 10:34:31	SenseSpeech	right	1013
2024-05-26 10:34:31	MonitorSpeechStart	<prosody rate="1.0">Ok, hear this With the same voltage and higher resistance, the current will be lower and the lights will shine more dimly.</prosody>	6112
2024-05-26 10:34:31	ActionGesture	BrowRaise
2024-05-26 10:34:33	ActionGesture	BrowRaise
2024-05-26 10:34:34	ActionGesture	BrowRaise
2024-05-26 10:34:37	ActionGesture	BrowRaise
2024-05-26 10:34:42	ActionGesture	Smile
2024-05-26 10:34:45	SenseSpeech	no but the yellows are in battery	2924
2024-05-26 10:34:45	MonitorSpeechStart	<prosody rate="1.0">Mh</prosody>	607
2024-05-26 10:34:45	ActionGesture	BrowRaise
2024-05-26 10:34:46	MonitorSpeechStart	<prosody rate="1.0">I see!</prosody>	670
2024-05-26 10:34:48	MonitorSpeechStart	<prosody rate="1.0">Where do you want to go from there?</prosody>	1374
2024-05-26 10:34:49	ActionGesture	BrowRaise
2024-05-26 10:34:52	ActionGesture	Smile
2024-05-26 10:34:56	SenseSpeech	well I think I think it's uh it's true yeah you're right	3652
2024-05-26 10:34:56	FlowEvent	NEW_FLOW_STATE	QuestionCheckpoint	1		CONDITION1	QuestionCheckpoint
2024-05-26 10:34:56	MonitorSpeechStart	<prosody rate="1.0">Nice</prosody>	438
2024-05-26 10:34:56	ActionGesture	BrowRaise
2024-05-26 10:34:57	MonitorSpeechStart	<prosody rate="1.0">So</prosody>	386
2024-05-26 10:34:58	MonitorSpeechStart	<prosody rate="1.0">do we agree it's TRUE?</prosody>	1157
2024-05-26 10:34:58	ActionGesture	BrowRaise
2024-05-26 10:35:01	ActionGesture	Smile
2024-05-26 10:35:02	SenseSpeech	yeah I think so	1214
2024-05-26 10:35:03	MonitorSpeechStart	<prosody rate="1.0">well</prosody>	454
2024-05-26 10:35:03	ActionGesture	BrowRaise
2024-05-26 10:35:04	MonitorSpeechStart	<prosody rate="1.0">It's TRUE</prosody>	657
2024-05-26 10:35:05	MonitorSpeechStart	<prosody rate="1.0">Shall we go for it?</prosody>	1070
2024-05-26 10:35:06	ActionGesture	BrowRaise
2024-05-26 10:35:12	ActionGesture	Smile
2024-05-26 10:35:13	SenseSpeech	yes	1213
2024-05-26 10:35:13	FlowEvent	NEW_FLOW_STATE	QuestionReview	1		CONDITION1	QuestionReview
2024-05-26 10:35:13	FlowEvent	NEW_FLOW_STATE	QuestionConfirmation	1		CONDITION1	QuestionConfirmation
2024-05-26 10:35:13	MonitorSpeechStart	<prosody rate="1.0">Perfect</prosody>	513
2024-05-26 10:35:13	ActionGesture	BrowRaise
2024-05-26 10:35:14	MonitorSpeechStart	<prosody rate="1.0">Ok. I marked TRUE already. Can you mark your answer on the tablet and confim?</prosody>	4615
2024-05-26 10:35:15	ActionGesture	BrowRaise
2024-05-26 10:35:18	ActionGesture	BrowRaise
2024-05-26 10:35:18	ActionGesture	BrowRaise
2024-05-26 10:35:19	ActionGesture	BrowRaise
2024-05-26 10:35:20	ActionGesture	Smile
2024-05-26 10:35:23	GUIEvent	NEW_STAGE_REQUESTED	STAGE[2] [4] REQUESTED .. [ACCEPTED]	1	4	CONDITION1	QuestionConfirmation
2024-05-26 10:35:23	SessionEvent	ANSWER_CONFIRMED	QUESTION CONFIRMED IN GUI.	2		CONDITION1	QuestionConfirmation
2024-05-26 10:35:23	SessionEvent	QUESTION_SET	NEW QUESTION TO ACTIVATE	2		CONDITION1	QuestionConfirmation
2024-05-26 10:35:23	FlowEvent	NEW_FLOW_STATE	QuestionReflection	2		CONDITION1	QuestionReflection
2024-05-26 10:35:24	MonitorSpeechStart	<prosody rate="1.0">Right</prosody>	393
2024-05-26 10:35:24	ActionGesture	BrowRaise
2024-05-26 10:35:25	MonitorSpeechStart	<prosody rate="1.0">receiving the question 2</prosody>	1382
2024-05-26 10:35:26	ActionGesture	BrowRaise
2024-05-26 10:35:27	MonitorSpeechStart	<prosody rate="1.0">Ok</prosody>	618
2024-05-26 10:35:27	ActionGesture	BrowRaise
2024-05-26 10:35:36	MonitorSpeechStart	<prosody rate="1.0">OK, I have answered. Have you?</prosody>	2505
2024-05-26 10:35:36	ActionGesture	BrowRaise
2024-05-26 10:35:38	ActionGesture	BrowRaise
2024-05-26 10:35:46	ActionGesture	Smile
2024-05-26 10:35:47	SenseSpeech	um	857
2024-05-26 10:35:47	MonitorSpeechStart	<prosody rate="1.0">Mm</prosody>	208
2024-05-26 10:35:48	MonitorSpeechStart	<prosody rate="1.0">Tell me when you have answered.</prosody>	1297
2024-05-26 10:35:49	ActionGesture	BrowRaise
2024-05-26 10:35:49	ActionGesture	BrowRaise
2024-05-26 10:35:53	GUIEvent	ANSWER_MARKED	ANSWER[FALSE] [2] [4] SENT .. [ACCEPTED]	2	4	CONDITION1	QuestionReflection
2024-05-26 10:35:54	ActionGesture	Smile
2024-05-26 10:35:56	SenseSpeech	okay I have answered	1727
2024-05-26 10:35:56	FlowEvent	NEW_FLOW_STATE	QuestionDisclosure	2		CONDITION1	QuestionDisclosure
2024-05-26 10:35:56	MonitorSpeechStart	<prosody rate="1.0">Super</prosody>	526
2024-05-26 10:35:56	ActionGesture	BrowRaise
2024-05-26 10:35:57	MonitorSpeechStart	<prosody rate="1.0">It is FALSE. What did you answer?</prosody>	1985
2024-05-26 10:35:59	ActionGesture	BrowRaise
2024-05-26 10:36:01	ActionGesture	Smile
2024-05-26 10:36:02	SenseSpeech	yeah I also	1776
2024-05-26 10:36:02	FlowEvent	NEW_FLOW_STATE	QuestionReview	2		CONDITION1	QuestionReview
2024-05-26 10:36:03	MonitorSpeechStart	<prosody rate="1.0">Good. You see it too?</prosody>	1507
2024-05-26 10:36:05	MonitorSpeechStart	<prosody rate="1.0">C1 and C2 are drawn differently, but it is the same circuit and the white, yellow and red lights are paralleled in both.</prosody>	6347
2024-05-26 10:36:08	ActionGesture	BrowRaise
2024-05-26 10:36:09	ActionGesture	BrowRaise
2024-05-26 10:36:10	ActionGesture	BrowRaise
2024-05-26 10:36:10	ActionGesture	BrowRaise
2024-05-26 10:36:10	ActionGesture	BrowRaise
2024-05-26 10:36:13	ActionGesture	Smile
2024-05-26 10:36:15	SenseSpeech	yeah totally	1432
2024-05-26 10:36:15	MonitorSpeechStart	<prosody rate="1.0">That's fine!</prosody>	759
2024-05-26 10:36:15	ActionGesture	BrowRaise
2024-05-26 10:36:16	MonitorSpeechStart	<prosody rate="1.0">The blue lights shine just as brightly because the other lights are shorted.</prosody>	3274
2024-05-26 10:36:17	ActionGesture	BrowRaise
2024-05-26 10:36:17	ActionGesture	BrowRaise
2024-05-26 10:36:20	ActionGesture	BrowRaise
2024-05-26 10:36:23	ActionGesture	Smile
2024-05-26 10:36:25	SenseSpeech	yeah I think I agree	2398
2024-05-26 10:36:25	FlowEvent	NEW_FLOW_STATE	QuestionCheckpoint	2		CONDITION1	QuestionCheckpoint
2024-05-26 10:36:26	MonitorSpeechStart	<prosody rate="1.0">That's fine!</prosody>	759
2024-05-26 10:36:26	ActionGesture	BrowRaise
2024-05-26 10:36:27	MonitorSpeechStart	<prosody rate="1.0">So</prosody>	386
2024-05-26 10:36:30	MonitorSpeechStart	<prosody rate="1.0">do we agree it's FALSE?</prosody>	1200
2024-05-26 10:36:31	ActionGesture	BrowRaise
2024-05-26 10:36:35	ActionGesture	Smile
2024-05-26 10:36:37	SenseSpeech	we agree is false yes	1962
2024-05-26 10:36:37	FlowEvent	NEW_FLOW_STATE	QuestionReview	2		CONDITION1	QuestionReview
2024-05-26 10:36:37	FlowEvent	NEW_FLOW_STATE	QuestionConfirmation	2		CONDITION1	QuestionConfirmation
2024-05-26 10:36:37	MonitorSpeechStart	<prosody rate="1.0">Good</prosody>	391
2024-05-26 10:36:38	MonitorSpeechStart	<prosody rate="1.0">I haven't received the next question. Can you confirm the answer?</prosody>	3345
2024-05-26 10:36:41	ActionGesture	BrowRaise
2024-05-26 10:36:42	ActionGesture	BrowRaise
2024-05-26 10:36:43	ActionGesture	Smile
2024-05-26 10:36:43	GUIEvent	NEW_STAGE_REQUESTED	STAGE[3] [4] REQUESTED .. [ACCEPTED]	2	4	CONDITION1	QuestionConfirmation
2024-05-26 10:36:43	SessionEvent	ANSWER_CONFIRMED	QUESTION CONFIRMED IN GUI.	3		CONDITION1	QuestionConfirmation
2024-05-26 10:36:43	SessionEvent	QUESTION_SET	NEW QUESTION TO ACTIVATE	3		CONDITION1	QuestionConfirmation
2024-05-26 10:36:43	FlowEvent	NEW_FLOW_STATE	QuestionReflection	3		CONDITION1	QuestionReflection
2024-05-26 10:36:44	MonitorSpeechStart	<prosody rate="1.0">Okay, I'm now retrieving question 3</prosody>	2428
2024-05-26 10:36:44	ActionGesture	BrowRaise
2024-05-26 10:36:46	ActionGesture	BrowRaise
2024-05-26 10:36:48	MonitorSpeechStart	<prosody rate="1.0">Let’s check it out.</prosody>	911
2024-05-26 10:36:48	ActionGesture	BrowRaise
2024-05-26 10:36:51	GUIEvent	ANSWER_MARKED	ANSWER[FALSE] [3] [4] SENT .. [ACCEPTED]	3	4	CONDITION1	QuestionReflection
2024-05-26 10:36:53	GUIEvent	ANSWER_MARKED	ANSWER[TRUE] [3] [4] SENT .. [ACCEPTED]	3	4	CONDITION1	QuestionReflection
2024-05-26 10:36:57	MonitorSpeechStart	<prosody rate="1.0">I believe that I am ready. Are you?</prosody>	1894
2024-05-26 10:36:57	ActionGesture	BrowRaise
2024-05-26 10:36:58	ActionGesture	BrowRaise
2024-05-26 10:37:02	ActionGesture	Smile
2024-05-26 10:37:04	SenseSpeech	yes I'm ready	1444
2024-05-26 10:37:04	FlowEvent	NEW_FLOW_STATE	QuestionDisclosure	3		CONDITION1	QuestionDisclosure
2024-05-26 10:37:04	MonitorSpeechStart	<prosody rate="1.0">Great</prosody>	377
2024-05-26 10:37:04	ActionGesture	BrowRaise
2024-05-26 10:37:05	MonitorSpeechStart	<prosody rate="1.0">I replied that it is FALSE</prosody>	1485
2024-05-26 10:37:07	ActionGesture	BrowRaise
2024-05-26 10:37:08	MonitorSpeechStart	<prosody rate="1.0">What do you think?</prosody>	726
2024-05-26 10:37:08	ActionGesture	BrowRaise
2024-05-26 10:37:11	ActionGesture	Smile
2024-05-26 10:37:15	SenseSpeech	yeah I thought I thought it was false uh 2 yeah I changed it	4226
2024-05-26 10:37:15	FlowEvent	NEW_FLOW_STATE	QuestionCheckpoint	3		CONDITION1	QuestionCheckpoint
2024-05-26 10:37:15	MonitorSpeechStart	<prosody rate="1.0">Nice</prosody>	438
2024-05-26 10:37:15	ActionGesture	BrowRaise
2024-05-26 10:37:16	MonitorSpeechStart	<prosody rate="1.0">I believe it's FALSE</prosody>	1113
2024-05-26 10:37:17	ActionGesture	BrowRaise
2024-05-26 10:37:18	MonitorSpeechStart	<prosody rate="1.0">So</prosody>	386
2024-05-26 10:37:19	MonitorSpeechStart	<prosody rate="1.0">do you agree?</prosody>	649
2024-05-26 10:37:20	ActionGesture	BrowRaise
2024-05-26 10:37:21	ActionGesture	Smile
2024-05-26 10:37:23	GUIEvent	ANSWER_MARKED	ANSWER[FALSE] [3] [4] SENT .. [ACCEPTED]	3	4	CONDITION1	QuestionCheckpoint
2024-05-26 10:37:24	SenseSpeech	uh yes I agree	3038
2024-05-26 10:37:24	FlowEvent	NEW_FLOW_STATE	QuestionReview	3		CONDITION1	QuestionReview
2024-05-26 10:37:24	MonitorSpeechStart	<prosody rate="1.0">Did you agree?</prosody>	741
2024-05-26 10:37:25	ActionGesture	BrowRaise
2024-05-26 10:37:26	MonitorSpeechStart	<prosody rate="1.0">C1 and C2 are drawn differently, but it is the same circuit and the white, yellow and red lights are paralleled in both.</prosody>	6347
2024-05-26 10:37:29	ActionGesture	BrowRaise
2024-05-26 10:37:30	ActionGesture	BrowRaise
2024-05-26 10:37:31	ActionGesture	BrowRaise
2024-05-26 10:37:31	ActionGesture	BrowRaise
2024-05-26 10:37:32	ActionGesture	BrowRaise
2024-05-26 10:37:35	ActionGesture	Smile
2024-05-26 10:37:36	SenseSpeech	yeah sure	1059
2024-05-26 10:37:36	MonitorSpeechStart	<prosody rate="1.0">Ok</prosody>	618
2024-05-26 10:37:36	ActionGesture	BrowRaise
2024-05-26 10:37:37	MonitorSpeechStart	<prosody rate="1.0">The blue lights shine just as brightly because the other lights are shorted.</prosody>	3274
2024-05-26 10:37:38	ActionGesture	BrowRaise
2024-05-26 10:37:38	ActionGesture	BrowRaise
2024-05-26 10:37:41	ActionGesture	BrowRaise
2024-05-26 10:37:44	ActionGesture	Smile
2024-05-26 10:37:45	SenseSpeech	okay	937
2024-05-26 10:37:45	FlowEvent	NEW_FLOW_STATE	QuestionConfirmation	3		CONDITION1	QuestionConfirmation
2024-05-26 10:37:46	MonitorSpeechStart	<prosody rate="1.0">Perfect</prosody>	513
2024-05-26 10:37:46	ActionGesture	BrowRaise
2024-05-26 10:37:47	MonitorSpeechStart	<prosody rate="1.0">Ok. I marked FALSE already. Can you mark your answer on the tablet and confim?</prosody>	4674
2024-05-26 10:37:47	ActionGesture	BrowRaise
2024-05-26 10:37:50	ActionGesture	BrowRaise
2024-05-26 10:37:51	ActionGesture	BrowRaise
2024-05-26 10:37:51	ActionGesture	BrowRaise
2024-05-26 10:37:53	GUIEvent	NEW_STAGE_REQUESTED	STAGE[4] [4] REQUESTED .. [ACCEPTED]	3	4	CONDITION1	QuestionConfirmation
2024-05-26 10:37:53	SessionEvent	ANSWER_CONFIRMED	QUESTION CONFIRMED IN GUI.	4		CONDITION1	QuestionConfirmation
2024-05-26 10:37:53	SessionEvent	QUESTION_SET	NEW QUESTION TO ACTIVATE	4		CONDITION1	QuestionConfirmation
2024-05-26 10:37:53	FlowEvent	NEW_FLOW_STATE	QuestionReflection	4		CONDITION1	QuestionReflection
2024-05-26 10:37:54	MonitorSpeechStart	<prosody rate="1.0">Alright, pulling up question 4 now</prosody>	2312
2024-05-26 10:37:56	ActionGesture	BrowRaise
2024-05-26 10:37:57	MonitorSpeechStart	<prosody rate="1.0">Got it.</prosody>	469
2024-05-26 10:37:57	ActionGesture	BrowRaise
