2024-05-16 21:14:15	Autoreload is disabled because the development mode is off.
2024-05-16 21:14:16	Application started in 0.666 seconds.
2024-05-16 21:14:16	Responding at http://127.0.0.1:8888
2024-05-16 21:14:18	----------------- NEW EXECUTION-------------------
2024-05-16 21:14:18	ActionGesture	CloseEyes
2024-05-16 21:15:01	GUIEvent	GUI_RELOADED	GUI_RELOADED [ACCEPTED]	0.0	UNDEFINED	UNDEFINED	Init
2024-05-16 21:15:01	GUIEvent	SYNCH_REQUESTED	SYNCH REQUESTED .. [ACCEPTED]	0.0	UNDEFINED	UNDEFINED	Init
2024-05-16 21:15:03	GUIEvent	NEW_STAGE_REQUESTED	STAGE[0.2] [12] REQUESTED .. [ACCEPTED]	0.0	UNDEFINED	UNDEFINED	Init
2024-05-16 21:15:03	SessionEvent	USER_SET	USER TO ACTIVATE.	0.2	12	UNDEFINED	Init
2024-05-16 21:15:03	ActionGesture	OpenEyes
2024-05-16 21:15:03	ActionGesture	Smile
2024-05-16 21:15:03	MonitorSpeechStart	Oh, hello there	1105
2024-05-16 21:15:04	ActionGesture	BrowRaise
2024-05-16 21:15:05	ActionGesture	BigSmile
2024-05-16 21:15:06	MonitorSpeechStart	Nice to meet you.	824
2024-05-16 21:15:06	ActionGesture	BrowRaise
2024-05-16 21:15:07	MonitorSpeechStart	How you doing?	741
2024-05-16 21:15:07	ActionGesture	BrowRaise
2024-05-16 21:15:10	GUIEvent	NEW_STAGE_REQUESTED	STAGE[1] [12] REQUESTED .. [ACCEPTED]	0.2	12	CONDITION1	Init
2024-05-16 21:15:10	SessionEvent	QUESTION_SET	NEW QUESTION TO ACTIVATE	1		CONDITION1	Init
2024-05-16 21:15:10	MonitorSpeechStart	Ok #QNUM#. Let's see	2658
2024-05-16 21:15:11	ActionGesture	BrowRaise
2024-05-16 21:15:12	ActionGesture	BrowRaise
2024-05-16 21:15:18	MonitorSpeechStart	Ok let me know when you marked the answer	2040
2024-05-16 21:15:20	ActionGesture	BrowRaise
2024-05-16 21:15:22	ActionGesture	Smile
2024-05-16 21:15:23	SenseSpeech	can you repeat	1337
2024-05-16 21:15:24	MonitorSpeechStart	ELABORATION_REQUEST 1 FOR ALL Q	2721
2024-05-16 21:15:25	ActionGesture	BrowRaise
2024-05-16 21:15:25	ActionGesture	BrowRaise
2024-05-16 21:15:27	ActionGesture	BrowRaise
2024-05-16 21:15:31	ActionGesture	Smile
2024-05-16 21:15:33	SenseSpeech	can you repeat that	2158
2024-05-16 21:15:34	MonitorSpeechStart	ELABORATION_REQUEST 2 FOR ALL Q	2640
2024-05-16 21:15:34	ActionGesture	BrowRaise
2024-05-16 21:15:36	ActionGesture	BrowRaise
2024-05-16 21:15:42	MonitorSpeechStart	Whenever you want.	757
2024-05-16 21:15:42	ActionGesture	BrowRaise
2024-05-16 21:15:48	MonitorSpeechStart	Ok. I have it. Do you?	2177
2024-05-16 21:15:49	ActionGesture	BrowRaise
2024-05-16 21:15:55	MonitorSpeechStart	Ok #QNUM#. Let's see	2658
2024-05-16 21:15:56	ActionGesture	BrowRaise
2024-05-16 21:15:57	ActionGesture	BrowRaise
2024-05-16 21:16:03	MonitorSpeechStart	Ok let me know when you marked the answer	2040
2024-05-16 21:16:05	ActionGesture	BrowRaise
2024-05-16 21:16:09	ActionGesture	Smile
2024-05-16 21:16:11	SenseSpeech	well can I can you repeat what you said	2544
2024-05-16 21:16:12	MonitorSpeechStart	ELABORATION_REQUEST 3 FOR ALL Q	2645
2024-05-16 21:16:12	ActionGesture	BrowRaise
2024-05-16 21:16:14	ActionGesture	BrowRaise
2024-05-16 21:16:16	ActionGesture	Smile
2024-05-16 21:16:22	SenseSpeech	unbelievable	6559
2024-05-16 21:16:23	MonitorSpeechStart	ELABORATION_REQUEST 4 FOR ALL Q	2716
2024-05-16 21:16:23	ActionGesture	BrowRaise
2024-05-16 21:16:25	ActionGesture	BrowRaise
2024-05-16 21:16:25	ActionGesture	BrowRaise
2024-05-16 21:16:28	ActionGesture	Smile
2024-05-16 21:16:30	SenseSpeech	give me a second	1622
2024-05-16 21:16:30	MonitorSpeechStart	ELABORATION_REQUEST 5 FOR ALL Q	2797
2024-05-16 21:16:31	ActionGesture	BrowRaise
2024-05-16 21:16:32	ActionGesture	BrowRaise
2024-05-16 21:16:33	ActionGesture	BrowRaise
2024-05-16 21:16:36	ActionGesture	Smile
2024-05-16 21:16:38	SenseSpeech	can you wait	1360
2024-05-16 21:16:38	MonitorSpeechStart	ELABORATION_REQUEST 6 FOR ALL Q	2719
2024-05-16 21:16:39	ActionGesture	BrowRaise
2024-05-16 21:16:41	ActionGesture	BrowRaise
2024-05-16 21:16:46	MonitorSpeechStart	Whenever you want.	757
2024-05-16 21:16:47	ActionGesture	BrowRaise
2024-05-16 21:16:53	MonitorSpeechStart	Ok. I have it. Do you?	2177
2024-05-16 21:16:54	ActionGesture	BrowRaise
2024-05-16 21:16:58	ActionGesture	Smile
2024-05-16 21:16:59	SenseSpeech	um	957
2024-05-16 21:17:00	MonitorSpeechStart	BACKCHANNEL	666
2024-05-16 21:17:00	ActionGesture	BrowRaise
2024-05-16 21:17:01	MonitorSpeechStart	We need to register our preliminary response.	2243
2024-05-16 21:17:03	ActionGesture	BrowRaise
2024-05-16 21:17:09	MonitorSpeechStart	SILENCE	639
2024-05-16 21:17:10	ActionGesture	BrowRaise
2024-05-16 21:17:11	MonitorSpeechStart	We need to record whether we believe it to be true or false.	2960
2024-05-16 21:17:11	ActionGesture	BrowRaise
2024-05-16 21:17:13	ActionGesture	BrowRaise
2024-05-16 21:17:19	MonitorSpeechStart	SILENCE	639
2024-05-16 21:17:19	ActionGesture	BrowRaise
2024-05-16 21:17:20	MonitorSpeechStart	I have registered my answer. Do it too if you haven't.	2869
2024-05-16 21:17:21	ActionGesture	BrowRaise
2024-05-16 21:17:23	ActionGesture	BrowRaise
2024-05-16 21:17:29	MonitorSpeechStart	SILENCE	639
2024-05-16 21:17:29	ActionGesture	BrowRaise
2024-05-16 21:17:29	MonitorSpeechStart	We need to register our preliminary response.	2243
2024-05-16 21:17:31	ActionGesture	BrowRaise
2024-05-16 21:17:35	ActionGesture	Smile
2024-05-16 21:17:58	ActionGesture	Smile
2024-05-16 21:18:00	SenseSpeech	and now we stopped	1984
2024-05-16 21:18:01	MonitorSpeechStart	ELABORATION_REQUEST 7 FOR ALL Q	2773
2024-05-16 21:18:01	ActionGesture	BrowRaise
2024-05-16 21:18:01	ActionGesture	BrowRaise
2024-05-16 21:18:03	ActionGesture	BrowRaise
2024-05-16 21:18:09	MonitorSpeechStart	SILENCE	639
2024-05-16 21:18:09	ActionGesture	BrowRaise
2024-05-16 21:18:10	MonitorSpeechStart	We need to record whether we believe it to be true or false.	2960
2024-05-16 21:18:11	ActionGesture	BrowRaise
2024-05-16 21:18:12	ActionGesture	BrowRaise
2024-05-16 21:18:16	ActionGesture	Smile
2024-05-16 21:18:17	SenseSpeech	where are you	1025
2024-05-16 21:18:18	MonitorSpeechStart	ELABORATION_REQUEST 8 FOR ALL Q	2693
2024-05-16 21:18:18	ActionGesture	BrowRaise
2024-05-16 21:18:20	ActionGesture	BrowRaise
2024-05-16 21:18:20	ActionGesture	BrowRaise
2024-05-16 21:18:26	MonitorSpeechStart	SILENCE	639
2024-05-16 21:18:26	ActionGesture	BrowRaise
2024-05-16 21:18:27	MonitorSpeechStart	I have registered my answer. Do it too if you haven't.	2869
2024-05-16 21:18:28	ActionGesture	BrowRaise
2024-05-16 21:18:29	ActionGesture	BrowRaise
2024-05-16 21:18:35	MonitorSpeechStart	SILENCE	639
2024-05-16 21:18:36	ActionGesture	BrowRaise
2024-05-16 21:18:36	MonitorSpeechStart	We need to register our preliminary response.	2243
2024-05-16 21:18:38	ActionGesture	BrowRaise
2024-05-16 21:18:44	MonitorSpeechStart	SILENCE	639
2024-05-16 21:18:44	ActionGesture	BrowRaise
2024-05-16 21:19:05	MonitorSpeechStart	We need to record whether we believe it to be true or false.	2960
2024-05-16 21:19:05	ActionGesture	BrowRaise
2024-05-16 21:19:07	ActionGesture	BrowRaise
2024-05-16 21:19:14	MonitorSpeechStart	SILENCE	639
2024-05-16 21:19:15	ActionGesture	BrowRaise
2024-05-16 21:19:15	MonitorSpeechStart	I have registered my answer. Do it too if you haven't.	2869
2024-05-16 21:19:16	ActionGesture	BrowRaise
2024-05-16 21:19:18	ActionGesture	BrowRaise
2024-05-16 21:21:01	ActionGesture	Smile
2024-05-16 21:21:02	MonitorSpeechStart	SILENCE	639
2024-05-16 21:21:02	ActionGesture	BrowRaise
2024-05-16 21:21:03	MonitorSpeechStart	We need to register our preliminary response.	2243
2024-05-16 21:21:04	ActionGesture	BrowRaise
2024-05-16 21:21:06	ActionGesture	Smile
2024-05-16 21:21:08	SenseSpeech	can you repeat that	1587
2024-05-16 21:21:09	MonitorSpeechStart	ELABORATION_REQUEST 9 FOR ALL Q	2672
2024-05-16 21:21:10	ActionGesture	BrowRaise
2024-05-16 21:21:11	ActionGesture	BrowRaise
2024-05-16 21:21:11	ActionGesture	BrowRaise
2024-05-16 21:21:17	MonitorSpeechStart	SILENCE	639
2024-05-16 21:21:17	ActionGesture	BrowRaise
2024-05-16 21:21:18	MonitorSpeechStart	We need to record whether we believe it to be true or false.	2960
2024-05-16 21:21:19	ActionGesture	BrowRaise
2024-05-16 21:21:21	ActionGesture	BrowRaise
2024-05-16 21:21:26	MonitorSpeechStart	SILENCE	639
2024-05-16 21:21:27	ActionGesture	BrowRaise
2024-05-16 21:21:27	MonitorSpeechStart	I have registered my answer. Do it too if you haven't.	2869
2024-05-16 21:21:28	ActionGesture	BrowRaise
2024-05-16 21:21:30	ActionGesture	BrowRaise
2024-05-16 21:21:35	MonitorSpeechStart	SILENCE	639
2024-05-16 21:21:36	ActionGesture	BrowRaise
2024-05-16 21:21:36	MonitorSpeechStart	We need to register our preliminary response.	2243
2024-05-16 21:21:38	ActionGesture	BrowRaise
2024-05-16 21:21:44	MonitorSpeechStart	SILENCE	639
2024-05-16 21:21:44	ActionGesture	BrowRaise
2024-05-16 21:21:45	MonitorSpeechStart	We need to record whether we believe it to be true or false.	2960
2024-05-16 21:21:45	ActionGesture	BrowRaise
2024-05-16 21:21:47	ActionGesture	BrowRaise
2024-05-16 21:21:50	ActionGesture	Smile
2024-05-16 21:21:51	SenseSpeech	can you repeat	1571
2024-05-16 21:24:46	Autoreload is disabled because the development mode is off.
2024-05-16 21:24:46	Application started in 0.643 seconds.
2024-05-16 21:24:46	Responding at http://127.0.0.1:8888
2024-05-16 21:24:49	----------------- NEW EXECUTION-------------------
2024-05-16 21:24:49	MonitorSpeechStart	Ok, let's test. Say whatever you want.	2873
2024-05-16 21:24:49	ActionGesture	BrowRaise
2024-05-16 21:24:52	ActionGesture	BrowRaise
2024-05-16 21:24:54	ActionGesture	Smile
2024-05-16 21:24:55	SenseSpeech	can you repeat that	1596
2024-05-16 21:24:55	MonitorSpeechStart	You want me to repeat	1133
2024-05-16 21:24:56	ActionGesture	BrowRaise
2024-05-16 21:25:02	MonitorSpeechStart	I'm listening.	676
2024-05-16 21:25:05	ActionGesture	Smile
2024-05-16 21:25:07	SenseSpeech	can you give me more time	1473
2024-05-16 21:25:08	MonitorSpeechStart	You said something in about 1473 milliseconds.	3750
2024-05-16 21:25:09	ActionGesture	BrowRaise
2024-05-16 21:25:10	ActionGesture	BrowRaise
2024-05-16 21:25:12	ActionGesture	BrowRaise
2024-05-16 21:25:15	ActionGesture	Smile
2024-05-16 21:25:16	SenseSpeech	can you wait	1277
2024-05-16 21:25:17	MonitorSpeechStart	You said something in about 1277 milliseconds.	3749
2024-05-16 21:25:18	ActionGesture	BrowRaise
2024-05-16 21:25:18	ActionGesture	BrowRaise
2024-05-16 21:25:20	ActionGesture	BrowRaise
2024-05-16 21:25:22	ActionGesture	Smile
2024-05-16 21:25:23	SenseSpeech	wait	983
2024-05-16 21:25:24	MonitorSpeechStart	You just backchanneled.	1149
2024-05-16 21:25:24	ActionGesture	BrowRaise
2024-05-16 21:25:29	ActionGesture	Smile
2024-05-16 21:25:31	SenseSpeech	um can you give me time	1665
2024-05-16 21:25:32	MonitorSpeechStart	You said something in about 1665 milliseconds.	3810
2024-05-16 21:25:33	ActionGesture	BrowRaise
2024-05-16 21:25:34	ActionGesture	BrowRaise
2024-05-16 21:25:35	ActionGesture	BrowRaise
2024-05-16 21:27:23	Autoreload is disabled because the development mode is off.
2024-05-16 21:27:24	Application started in 0.658 seconds.
2024-05-16 21:27:24	Responding at http://127.0.0.1:8888
2024-05-16 21:27:26	----------------- NEW EXECUTION-------------------
2024-05-16 21:27:26	MonitorSpeechStart	Ok, let's test. Say whatever you want.	2873
2024-05-16 21:27:26	ActionGesture	BrowRaise
2024-05-16 21:27:29	ActionGesture	BrowRaise
2024-05-16 21:27:31	ActionGesture	Smile
2024-05-16 21:27:32	SenseSpeech	can you give me more time	1368
2024-05-16 21:27:34	MonitorSpeechStart	You said something in about 1368 milliseconds.	3792
2024-05-16 21:27:35	ActionGesture	BrowRaise
2024-05-16 21:27:36	ActionGesture	BrowRaise
2024-05-16 21:27:37	ActionGesture	BrowRaise
2024-05-16 21:27:39	ActionGesture	Smile
2024-05-16 21:27:40	SenseSpeech	wait	851
2024-05-16 21:27:41	MonitorSpeechStart	More time?	653
2024-05-16 21:27:41	ActionGesture	BrowRaise
2024-05-16 21:27:47	MonitorSpeechStart	I'm listening.	676
2024-05-16 21:27:49	ActionGesture	Smile
2024-05-16 21:27:51	SenseSpeech	time	2432
2024-05-16 21:27:51	MonitorSpeechStart	You just backchanneled.	1149
2024-05-16 21:27:52	ActionGesture	BrowRaise
2024-05-16 21:27:58	MonitorSpeechStart	I'm listening.	676
2024-05-16 21:27:59	ActionGesture	Smile
2024-05-16 21:28:01	SenseSpeech	so this is this is just a	2034
2024-05-16 21:28:02	MonitorSpeechStart	You want me to elaborate.	1182
2024-05-16 21:28:03	ActionGesture	BrowRaise
2024-05-16 21:28:05	ActionGesture	Smile
2024-05-16 21:28:07	SenseSpeech	this is just a test page	1688
2024-05-16 21:28:08	MonitorSpeechStart	You said something in about 1688 milliseconds.	3548
2024-05-16 21:28:09	ActionGesture	BrowRaise
2024-05-16 21:28:10	ActionGesture	BrowRaise
2024-05-16 21:28:11	ActionGesture	BrowRaise
2024-05-16 21:28:13	ActionGesture	Smile
2024-05-16 21:28:14	SenseSpeech	I agree	946
2024-05-16 21:28:14	MonitorSpeechStart	You assented	663
2024-05-16 21:28:14	ActionGesture	BrowRaise
2024-05-16 21:28:16	ActionGesture	Smile
2024-05-16 21:28:18	SenseSpeech	I disagree	1146
2024-05-16 21:28:18	MonitorSpeechStart	Oh...	459
2024-05-16 21:28:19	MonitorSpeechStart	You disagreed	875
2024-05-16 21:28:19	ActionGesture	BrowRaise
2024-05-16 21:28:23	ActionGesture	Smile
2024-05-16 21:28:24	SenseSpeech	uh	730
2024-05-16 21:28:24	MonitorSpeechStart	You just backchanneled.	1149
2024-05-16 21:28:25	ActionGesture	BrowRaise
2024-05-16 21:28:27	ActionGesture	Smile
2024-05-16 21:28:30	SenseSpeech	that's cool you know how how I how I did that	3389
2024-05-16 21:28:31	MonitorSpeechStart	You want me to elaborate.	1182
2024-05-16 21:28:32	ActionGesture	BrowRaise
2024-05-16 21:28:33	ActionGesture	Smile
2024-05-16 21:28:36	SenseSpeech	no I measured I measured the time	2829
2024-05-16 21:28:36	MonitorSpeechStart	You denied	734
2024-05-16 21:28:37	ActionGesture	BrowRaise
2024-05-16 21:28:38	ActionGesture	Smile
2024-05-16 21:28:43	SenseSpeech	yeah wait for example if I say something that it doesn't understand	4460
2024-05-16 21:28:43	MonitorSpeechStart	More time?	653
2024-05-16 21:28:43	ActionGesture	BrowRaise
2024-05-16 21:28:46	ActionGesture	Smile
2024-05-16 21:28:49	SenseSpeech	whatever I'm saying forever just	2584
2024-05-16 21:28:50	MonitorSpeechStart	You said something in about 2584 milliseconds.	3608
2024-05-16 21:28:51	ActionGesture	BrowRaise
2024-05-16 21:28:51	ActionGesture	BrowRaise
2024-05-16 21:28:53	ActionGesture	BrowRaise
2024-05-16 21:28:54	ActionGesture	Smile
2024-05-16 21:29:03	SenseSpeech	right so you can catch it and then when once you are in that uh entrance in the handle	9255
2024-05-16 21:29:03	MonitorSpeechStart	You want me to elaborate.	1182
2024-05-16 21:29:04	ActionGesture	BrowRaise
2024-05-16 21:29:06	ActionGesture	Smile
2024-05-16 21:29:07	SenseSpeech	listening she's just going	1639
2024-05-16 21:29:08	MonitorSpeechStart	You said something in about 1639 milliseconds.	3657
2024-05-16 21:29:10	ActionGesture	BrowRaise
2024-05-16 21:29:11	ActionGesture	BrowRaise
2024-05-16 21:29:11	ActionGesture	BrowRaise
2024-05-16 21:29:13	ActionGesture	Smile
2024-05-16 21:29:14	SenseSpeech	that's that's a very	1782
2024-05-16 21:29:15	MonitorSpeechStart	You said something in about 1782 milliseconds.	2934
2024-05-16 21:29:16	ActionGesture	BrowRaise
2024-05-16 21:29:18	ActionGesture	BrowRaise
2024-05-16 21:29:19	ActionGesture	Smile
2024-05-16 21:29:23	SenseSpeech	3 and a half 3 and a half that's not fast okay	4026
2024-05-16 21:29:23	MonitorSpeechStart	You assented	663
2024-05-16 21:29:24	ActionGesture	BrowRaise
2024-05-16 21:29:26	ActionGesture	Smile
2024-05-16 21:29:29	SenseSpeech	of course I have a friend	2061
2024-05-16 21:29:29	MonitorSpeechStart	You assented	663
2024-05-16 21:29:29	ActionGesture	BrowRaise
2024-05-16 21:33:28	Autoreload is disabled because the development mode is off.
2024-05-16 21:33:29	Application started in 0.68 seconds.
2024-05-16 21:33:29	Responding at http://127.0.0.1:8888
2024-05-16 21:33:31	----------------- NEW EXECUTION-------------------
2024-05-16 21:33:59	Autoreload is disabled because the development mode is off.
2024-05-16 21:33:59	Application started in 0.597 seconds.
2024-05-16 21:33:59	Responding at http://127.0.0.1:8888
2024-05-16 21:34:01	----------------- NEW EXECUTION-------------------
2024-05-16 21:34:01	ActionGesture	CloseEyes
2024-05-16 21:34:04	GUIEvent	GUI_RELOADED	GUI_RELOADED [ACCEPTED]	0.0	UNDEFINED	UNDEFINED	Init
2024-05-16 21:34:04	GUIEvent	SYNCH_REQUESTED	SYNCH REQUESTED .. [ACCEPTED]	0.0	UNDEFINED	UNDEFINED	Init
2024-05-16 21:34:06	GUIEvent	NEW_STAGE_REQUESTED	STAGE[0.2] [52] REQUESTED .. [ACCEPTED]	0.0	UNDEFINED	UNDEFINED	Init
2024-05-16 21:34:06	SessionEvent	USER_SET	USER TO ACTIVATE.	0.2	52	UNDEFINED	Init
2024-05-16 21:34:06	ActionGesture	OpenEyes
2024-05-16 21:34:06	ActionGesture	Smile
2024-05-16 21:34:06	MonitorSpeechStart	Hi there	477
2024-05-16 21:34:06	ActionGesture	BrowRaise
2024-05-16 21:34:07	ActionGesture	BigSmile
2024-05-16 21:34:08	MonitorSpeechStart	Nice to meet you.	824
2024-05-16 21:34:08	ActionGesture	BrowRaise
2024-05-16 21:34:09	GUIEvent	NEW_STAGE_REQUESTED	STAGE[1] [52] REQUESTED .. [ACCEPTED]	0.2	52	CONDITION3	Init
2024-05-16 21:34:09	SessionEvent	QUESTION_SET	NEW QUESTION TO ACTIVATE	1		CONDITION3	Init
2024-05-16 21:34:10	MonitorSpeechStart	Ok #QNUM#. Let's see	2658
2024-05-16 21:34:11	ActionGesture	BrowRaise
2024-05-16 21:34:12	ActionGesture	BrowRaise
2024-05-16 21:34:15	ActionGesture	Smile
2024-05-16 21:34:16	SenseSpeech	can you give me more time	1513
2024-05-16 21:34:30	MonitorSpeechStart	ELABORATION_REQUEST 1 FOR ALL Q	2721
2024-05-16 21:34:31	ActionGesture	BrowRaise
2024-05-16 21:34:31	ActionGesture	BrowRaise
2024-05-16 21:34:33	ActionGesture	BrowRaise
2024-05-16 21:34:37	ActionGesture	Smile
2024-05-16 21:34:38	SenseSpeech	can you repeat	1463
2024-05-16 21:34:41	MonitorSpeechStart	ELABORATION_REQUEST 2 FOR ALL Q	2640
2024-05-16 21:34:41	ActionGesture	BrowRaise
2024-05-16 21:34:43	ActionGesture	BrowRaise
2024-05-16 21:34:46	ActionGesture	Smile
2024-05-16 21:34:47	SenseSpeech	repeat	812
2024-05-16 21:34:53	MonitorSpeechStart	BACKCHANNEL	666
2024-05-16 21:34:53	ActionGesture	BrowRaise
2024-05-16 21:34:53	MonitorSpeechStart	We need to register our preliminary response.	2243
2024-05-16 21:34:55	ActionGesture	BrowRaise
2024-05-16 21:34:58	ActionGesture	Smile
2024-05-16 21:34:59	SenseSpeech	repeat	907
2024-05-16 21:35:01	MonitorSpeechStart	BACKCHANNEL	666
2024-05-16 21:35:02	ActionGesture	BrowRaise
2024-05-16 21:35:02	MonitorSpeechStart	We need to record whether we believe it to be true or false.	2960
2024-05-16 21:35:03	ActionGesture	BrowRaise
2024-05-16 21:35:05	ActionGesture	BrowRaise
2024-05-16 21:35:11	MonitorSpeechStart	SILENCE	639
2024-05-16 21:35:11	ActionGesture	BrowRaise
2024-05-16 21:35:12	MonitorSpeechStart	I have registered my answer. Do it too if you haven't.	2869
2024-05-16 21:35:13	ActionGesture	BrowRaise
2024-05-16 21:35:14	ActionGesture	BrowRaise
2024-05-16 21:35:18	ActionGesture	Smile
2024-05-16 21:35:19	SenseSpeech	um	1021
2024-05-16 21:35:19	MonitorSpeechStart	BACKCHANNEL	666
2024-05-16 21:35:19	ActionGesture	BrowRaise
2024-05-16 21:35:20	MonitorSpeechStart	We need to register our preliminary response.	2243
2024-05-16 21:35:22	ActionGesture	BrowRaise
2024-05-16 21:35:28	MonitorSpeechStart	SILENCE	639
2024-05-16 21:35:28	ActionGesture	BrowRaise
2024-05-16 21:35:29	MonitorSpeechStart	We need to record whether we believe it to be true or false.	2960
2024-05-16 21:35:29	ActionGesture	BrowRaise
2024-05-16 21:35:31	ActionGesture	BrowRaise
2024-05-16 21:35:34	ActionGesture	Smile
2024-05-16 21:35:35	SenseSpeech	I marked it	1171
2024-05-16 21:35:35	MonitorSpeechStart	ELABORATION_REQUEST 3 FOR ALL Q	2645
2024-05-16 21:35:35	ActionGesture	BrowRaise
2024-05-16 21:35:37	ActionGesture	BrowRaise
2024-05-16 21:35:40	ActionGesture	Smile
2024-05-16 21:35:42	SenseSpeech	I marked the answer	1340
2024-05-16 21:35:42	MonitorSpeechStart	ELABORATION_REQUEST 4 FOR ALL Q	2716
2024-05-16 21:35:42	ActionGesture	BrowRaise
2024-05-16 21:35:44	ActionGesture	BrowRaise
2024-05-16 21:35:44	ActionGesture	BrowRaise
2024-05-16 21:35:48	ActionGesture	Smile
2024-05-16 21:35:49	SenseSpeech	my goodness	1433
2024-05-16 21:35:49	MonitorSpeechStart	BACKCHANNEL	666
2024-05-16 21:35:50	ActionGesture	BrowRaise
2024-05-16 21:35:50	MonitorSpeechStart	I have registered my answer. Do it too if you haven't.	2869
2024-05-16 21:35:51	ActionGesture	BrowRaise
2024-05-16 21:35:53	ActionGesture	BrowRaise
2024-05-16 21:35:58	MonitorSpeechStart	SILENCE	639
2024-05-16 21:35:59	ActionGesture	BrowRaise
2024-05-16 21:35:59	MonitorSpeechStart	We need to register our preliminary response.	2243
2024-05-16 21:36:01	ActionGesture	BrowRaise
2024-05-16 21:36:03	ActionGesture	Smile
2024-05-16 21:36:04	SenseSpeech	yes	1192
2024-05-16 21:36:05	MonitorSpeechStart	BACKCHANNEL	666
2024-05-16 21:36:05	ActionGesture	BrowRaise
2024-05-16 21:36:06	MonitorSpeechStart	We need to record whether we believe it to be true or false.	2960
2024-05-16 21:36:06	ActionGesture	BrowRaise
2024-05-16 21:36:08	ActionGesture	BrowRaise
2024-05-16 21:36:12	ActionGesture	Smile
2024-05-16 21:36:14	SenseSpeech	the parent	1647
2024-05-16 21:36:14	MonitorSpeechStart	BACKCHANNEL	666
2024-05-16 21:36:14	ActionGesture	BrowRaise
2024-05-16 21:36:15	MonitorSpeechStart	I have registered my answer. Do it too if you haven't.	2869
2024-05-16 21:36:16	ActionGesture	BrowRaise
2024-05-16 21:36:17	ActionGesture	BrowRaise
2024-05-16 21:36:23	MonitorSpeechStart	SILENCE	639
2024-05-16 21:36:23	ActionGesture	BrowRaise
2024-05-16 21:36:24	MonitorSpeechStart	We need to register our preliminary response.	2243
2024-05-16 21:36:26	ActionGesture	BrowRaise
2024-05-16 21:36:32	MonitorSpeechStart	SILENCE	639
2024-05-16 21:36:32	ActionGesture	BrowRaise
2024-05-16 21:36:33	MonitorSpeechStart	We need to record whether we believe it to be true or false.	2960
2024-05-16 21:36:33	ActionGesture	BrowRaise
2024-05-16 21:36:35	ActionGesture	BrowRaise
2024-05-16 21:36:41	MonitorSpeechStart	SILENCE	639
2024-05-16 21:36:41	ActionGesture	BrowRaise
2024-05-16 21:36:42	MonitorSpeechStart	I have registered my answer. Do it too if you haven't.	2869
2024-05-16 21:36:43	ActionGesture	BrowRaise
2024-05-16 21:36:44	ActionGesture	BrowRaise
2024-05-16 21:37:18	MonitorSpeechStart	SILENCE	639
2024-05-16 21:37:18	ActionGesture	BrowRaise
2024-05-16 21:37:47	MonitorSpeechStart	We need to register our preliminary response.	2243
2024-05-16 21:37:48	ActionGesture	BrowRaise
2024-05-16 21:37:52	ActionGesture	Smile
2024-05-16 21:37:53	SenseSpeech	okay	1212
2024-05-16 21:38:00	MonitorSpeechStart	BACKCHANNEL	666
2024-05-16 21:38:00	ActionGesture	BrowRaise
2024-05-16 21:38:46	Autoreload is disabled because the development mode is off.
2024-05-16 21:38:46	Application started in 0.734 seconds.
2024-05-16 21:38:47	Responding at http://127.0.0.1:8888
2024-05-16 21:38:49	----------------- NEW EXECUTION-------------------
2024-05-16 21:38:49	ActionGesture	CloseEyes
2024-05-16 21:38:57	GUIEvent	GUI_RELOADED	GUI_RELOADED [ACCEPTED]	0.0	UNDEFINED	UNDEFINED	Init
2024-05-16 21:38:57	GUIEvent	SYNCH_REQUESTED	SYNCH REQUESTED .. [ACCEPTED]	0.0	UNDEFINED	UNDEFINED	Init
2024-05-16 21:38:58	GUIEvent	NEW_STAGE_REQUESTED	STAGE[0.2] [20] REQUESTED .. [ACCEPTED]	0.0	UNDEFINED	UNDEFINED	Init
2024-05-16 21:38:58	SessionEvent	USER_SET	USER TO ACTIVATE.	0.2	20	UNDEFINED	Init
2024-05-16 21:38:58	ActionGesture	OpenEyes
2024-05-16 21:38:58	ActionGesture	Smile
2024-05-16 21:38:59	MonitorSpeechStart	Hi there	477
2024-05-16 21:38:59	ActionGesture	BrowRaise
2024-05-16 21:39:00	ActionGesture	BigSmile
2024-05-16 21:39:00	MonitorSpeechStart	Nice to meet you.	824
2024-05-16 21:39:00	ActionGesture	BrowRaise
2024-05-16 21:39:02	MonitorSpeechStart	How you doing?	741
2024-05-16 21:39:02	ActionGesture	BrowRaise
2024-05-16 21:39:03	GUIEvent	NEW_STAGE_REQUESTED	STAGE[1] [20] REQUESTED .. [ACCEPTED]	0.2	20	CONDITION1	Init
2024-05-16 21:39:03	SessionEvent	QUESTION_SET	NEW QUESTION TO ACTIVATE	1		CONDITION1	Init
2024-05-16 21:39:03	MonitorSpeechStart	Ok #QNUM#. Let's see	2658
2024-05-16 21:39:05	ActionGesture	BrowRaise
2024-05-16 21:39:05	ActionGesture	BrowRaise
2024-05-16 21:39:08	ActionGesture	Smile
2024-05-16 21:39:09	SenseSpeech	yes	981
2024-05-16 21:39:12	MonitorSpeechStart	BACKCHANNEL	666
2024-05-16 21:39:13	ActionGesture	BrowRaise
2024-05-16 21:40:34	Autoreload is disabled because the development mode is off.
2024-05-16 21:40:35	Application started in 0.799 seconds.
2024-05-16 21:40:36	Responding at http://127.0.0.1:8888
2024-05-16 21:40:37	----------------- NEW EXECUTION-------------------
2024-05-16 21:40:37	ActionGesture	CloseEyes
2024-05-16 21:40:39	GUIEvent	GUI_RELOADED	GUI_RELOADED [ACCEPTED]	0.0	UNDEFINED	UNDEFINED	Init
2024-05-16 21:40:39	GUIEvent	SYNCH_REQUESTED	SYNCH REQUESTED .. [ACCEPTED]	0.0	UNDEFINED	UNDEFINED	Init
2024-05-16 21:40:40	GUIEvent	NEW_STAGE_REQUESTED	STAGE[0.2] [12] REQUESTED .. [ACCEPTED]	0.0	UNDEFINED	UNDEFINED	Init
2024-05-16 21:40:40	SessionEvent	USER_SET	USER TO ACTIVATE.	0.2	12	UNDEFINED	Init
2024-05-16 21:40:40	ActionGesture	OpenEyes
2024-05-16 21:40:40	ActionGesture	Smile
2024-05-16 21:40:41	MonitorSpeechStart	Hi there	477
2024-05-16 21:40:41	ActionGesture	BrowRaise
2024-05-16 21:40:42	ActionGesture	BigSmile
2024-05-16 21:40:42	MonitorSpeechStart	Nice to meet you.	824
2024-05-16 21:40:42	ActionGesture	BrowRaise
2024-05-16 21:40:44	GUIEvent	NEW_STAGE_REQUESTED	STAGE[1] [12] REQUESTED .. [ACCEPTED]	0.2	12	CONDITION1	Init
2024-05-16 21:40:44	SessionEvent	QUESTION_SET	NEW QUESTION TO ACTIVATE	1		CONDITION1	Init
2024-05-16 21:40:44	MonitorSpeechStart	Ok #QNUM#. Let's see	2658
2024-05-16 21:40:45	ActionGesture	BrowRaise
2024-05-16 21:40:46	ActionGesture	BrowRaise
2024-05-16 21:40:50	ActionGesture	Smile
2024-05-16 21:40:51	SenseSpeech	yes	1074
2024-05-16 21:40:51	MonitorSpeechStart	BACKCHANNEL	666
2024-05-16 21:40:51	ActionGesture	BrowRaise
2024-05-16 21:40:52	MonitorSpeechStart	We need to register our preliminary response.	2243
2024-05-16 21:40:54	ActionGesture	BrowRaise
2024-05-16 21:41:00	MonitorSpeechStart	SILENCE	639
2024-05-16 21:42:02	Autoreload is disabled because the development mode is off.
2024-05-16 21:42:03	Application started in 0.679 seconds.
2024-05-16 21:42:03	Responding at http://127.0.0.1:8888
2024-05-16 21:42:05	----------------- NEW EXECUTION-------------------
2024-05-16 21:42:05	ActionGesture	CloseEyes
2024-05-16 21:42:08	GUIEvent	GUI_RELOADED	GUI_RELOADED [ACCEPTED]	0.0	UNDEFINED	UNDEFINED	Init
2024-05-16 21:42:08	GUIEvent	SYNCH_REQUESTED	SYNCH REQUESTED .. [ACCEPTED]	0.0	UNDEFINED	UNDEFINED	Init
2024-05-16 21:42:09	GUIEvent	NEW_STAGE_REQUESTED	STAGE[0.2] [20] REQUESTED .. [ACCEPTED]	0.0	UNDEFINED	UNDEFINED	Init
2024-05-16 21:42:09	SessionEvent	USER_SET	USER TO ACTIVATE.	0.2	20	UNDEFINED	Init
2024-05-16 21:42:09	ActionGesture	OpenEyes
2024-05-16 21:42:09	ActionGesture	Smile
2024-05-16 21:42:09	MonitorSpeechStart	Hi there	477
2024-05-16 21:42:09	ActionGesture	BrowRaise
2024-05-16 21:42:11	ActionGesture	BigSmile
2024-05-16 21:42:11	MonitorSpeechStart	Nice to meet you.	824
2024-05-16 21:42:11	ActionGesture	BrowRaise
2024-05-16 21:42:13	GUIEvent	NEW_STAGE_REQUESTED	STAGE[1] [20] REQUESTED .. [ACCEPTED]	0.2	20	CONDITION1	Init
2024-05-16 21:42:13	SessionEvent	QUESTION_SET	NEW QUESTION TO ACTIVATE	1		CONDITION1	Init
2024-05-16 21:42:13	MonitorSpeechStart	Ok #QNUM#. Let's see	2658
2024-05-16 21:42:14	ActionGesture	BrowRaise
2024-05-16 21:42:15	ActionGesture	BrowRaise
2024-05-16 21:42:17	ActionGesture	Smile
2024-05-16 21:42:18	SenseSpeech	yes	1135
2024-05-16 21:42:18	MonitorSpeechStart	BACKCHANNEL	666
2024-05-16 21:42:18	ActionGesture	BrowRaise
2024-05-16 21:42:19	MonitorSpeechStart	We need to register our preliminary response.	2243
2024-05-16 21:42:21	ActionGesture	BrowRaise
2024-05-16 21:44:04	Autoreload is disabled because the development mode is off.
2024-05-16 21:44:05	Application started in 0.621 seconds.
2024-05-16 21:44:05	Responding at http://127.0.0.1:8888
2024-05-16 21:44:07	----------------- NEW EXECUTION-------------------
2024-05-16 21:44:07	ActionGesture	CloseEyes
2024-05-16 21:44:10	GUIEvent	GUI_RELOADED	GUI_RELOADED [ACCEPTED]	0.0	UNDEFINED	UNDEFINED	Init
2024-05-16 21:44:10	GUIEvent	SYNCH_REQUESTED	SYNCH REQUESTED .. [ACCEPTED]	0.0	UNDEFINED	UNDEFINED	Init
2024-05-16 21:44:11	GUIEvent	NEW_STAGE_REQUESTED	STAGE[0.2] [5] REQUESTED .. [ACCEPTED]	0.0	UNDEFINED	UNDEFINED	Init
2024-05-16 21:44:11	SessionEvent	USER_SET	USER TO ACTIVATE.	0.2	5	UNDEFINED	Init
2024-05-16 21:44:11	ActionGesture	OpenEyes
2024-05-16 21:44:11	ActionGesture	Smile
2024-05-16 21:44:12	MonitorSpeechStart	Hi there	477
2024-05-16 21:44:12	ActionGesture	BrowRaise
2024-05-16 21:44:13	ActionGesture	BigSmile
2024-05-16 21:44:13	MonitorSpeechStart	Nice to meet you.	824
2024-05-16 21:44:13	ActionGesture	BrowRaise
2024-05-16 21:44:15	GUIEvent	NEW_STAGE_REQUESTED	STAGE[1] [5] REQUESTED .. [ACCEPTED]	0.2	5	CONDITION1	Init
2024-05-16 21:44:15	SessionEvent	QUESTION_SET	NEW QUESTION TO ACTIVATE	1		CONDITION1	Init
2024-05-16 21:44:15	MonitorSpeechStart	Ok #QNUM#. Let's see	2658
2024-05-16 21:44:16	ActionGesture	BrowRaise
2024-05-16 21:44:17	ActionGesture	BrowRaise
2024-05-16 21:44:19	ActionGesture	Smile
2024-05-16 21:44:21	SenseSpeech	yes	1136
2024-05-16 21:44:22	MonitorSpeechStart	Backchannel{}	666
2024-05-16 21:44:22	ActionGesture	BrowRaise
2024-05-16 21:44:27	ActionGesture	Smile
2024-05-16 21:44:28	SenseSpeech	no	966
2024-05-16 21:44:28	MonitorSpeechStart	Backchannel{}	666
2024-05-16 21:44:29	ActionGesture	BrowRaise
2024-05-16 21:44:34	MonitorSpeechStart	Ok let me know when you marked the answer	2040
2024-05-16 21:44:36	ActionGesture	BrowRaise
2024-05-16 21:44:42	MonitorSpeechStart	Whenever you want.	757
2024-05-16 21:44:42	ActionGesture	BrowRaise
2024-05-16 21:44:47	ActionGesture	Smile
2024-05-16 21:44:48	SenseSpeech	no	913
2024-05-16 21:45:48	MonitorSpeechStart	Backchannel{}	666
2024-05-16 21:45:48	ActionGesture	BrowRaise
2024-05-16 21:45:52	ActionGesture	Smile
2024-05-16 21:45:53	SenseSpeech	okay	1266
2024-05-16 21:47:14	Autoreload is disabled because the development mode is off.
2024-05-16 21:47:15	Application started in 0.649 seconds.
2024-05-16 21:47:15	Responding at http://127.0.0.1:8888
2024-05-16 21:47:17	----------------- NEW EXECUTION-------------------
2024-05-16 21:47:17	ActionGesture	CloseEyes
2024-05-16 21:47:22	GUIEvent	GUI_RELOADED	GUI_RELOADED [ACCEPTED]	0.0	UNDEFINED	UNDEFINED	Init
2024-05-16 21:47:22	GUIEvent	SYNCH_REQUESTED	SYNCH REQUESTED .. [ACCEPTED]	0.0	UNDEFINED	UNDEFINED	Init
2024-05-16 21:47:24	GUIEvent	NEW_STAGE_REQUESTED	STAGE[0.2] [4] REQUESTED .. [ACCEPTED]	0.0	UNDEFINED	UNDEFINED	Init
2024-05-16 21:47:24	SessionEvent	USER_SET	USER TO ACTIVATE.	0.2	4	UNDEFINED	Init
2024-05-16 21:47:24	ActionGesture	OpenEyes
2024-05-16 21:47:24	ActionGesture	Smile
2024-05-16 21:47:24	MonitorSpeechStart	Hi there	477
2024-05-16 21:47:24	ActionGesture	BrowRaise
2024-05-16 21:47:26	ActionGesture	BigSmile
2024-05-16 21:47:26	MonitorSpeechStart	Nice to meet you.	824
2024-05-16 21:47:26	ActionGesture	BrowRaise
2024-05-16 21:47:28	MonitorSpeechStart	How you doing?	741
2024-05-16 21:47:28	ActionGesture	BrowRaise
2024-05-16 21:47:28	GUIEvent	NEW_STAGE_REQUESTED	STAGE[1] [4] REQUESTED .. [ACCEPTED]	0.2	4	CONDITION1	Init
2024-05-16 21:47:28	SessionEvent	QUESTION_SET	NEW QUESTION TO ACTIVATE	1		CONDITION1	Init
2024-05-16 21:47:29	MonitorSpeechStart	Ok #QNUM#. Let's see	2658
2024-05-16 21:47:30	ActionGesture	BrowRaise
2024-05-16 21:47:31	ActionGesture	BrowRaise
2024-05-16 21:47:33	ActionGesture	Smile
2024-05-16 21:47:34	SenseSpeech	no	770
2024-05-16 21:48:31	Autoreload is disabled because the development mode is off.
2024-05-16 21:48:32	Application started in 0.633 seconds.
2024-05-16 21:48:32	Responding at http://127.0.0.1:8888
2024-05-16 21:48:34	----------------- NEW EXECUTION-------------------
2024-05-16 21:48:34	ActionGesture	CloseEyes
2024-05-16 21:48:35	GUIEvent	GUI_RELOADED	GUI_RELOADED [ACCEPTED]	0.0	UNDEFINED	UNDEFINED	Init
2024-05-16 21:48:35	GUIEvent	SYNCH_REQUESTED	SYNCH REQUESTED .. [ACCEPTED]	0.0	UNDEFINED	UNDEFINED	Init
2024-05-16 21:48:36	GUIEvent	NEW_STAGE_REQUESTED	STAGE[0.2] [36] REQUESTED .. [ACCEPTED]	0.0	UNDEFINED	UNDEFINED	Init
2024-05-16 21:48:36	SessionEvent	USER_SET	USER TO ACTIVATE.	0.2	36	UNDEFINED	Init
2024-05-16 21:48:36	ActionGesture	OpenEyes
2024-05-16 21:48:36	ActionGesture	Smile
2024-05-16 21:48:37	MonitorSpeechStart	Oh, hello there	1105
2024-05-16 21:48:37	ActionGesture	BrowRaise
2024-05-16 21:48:39	ActionGesture	BigSmile
2024-05-16 21:48:39	MonitorSpeechStart	Nice to meet you.	824
2024-05-16 21:48:39	ActionGesture	BrowRaise
2024-05-16 21:48:41	MonitorSpeechStart	How you doing?	741
2024-05-16 21:48:41	ActionGesture	BrowRaise
2024-05-16 21:48:42	GUIEvent	NEW_STAGE_REQUESTED	STAGE[1] [36] REQUESTED .. [ACCEPTED]	0.2	36	CONDITION2	Init
2024-05-16 21:48:42	SessionEvent	QUESTION_SET	NEW QUESTION TO ACTIVATE	1		CONDITION2	Init
2024-05-16 21:48:42	MonitorSpeechStart	Ok #QNUM#. Let's see	2658
2024-05-16 21:48:43	ActionGesture	BrowRaise
2024-05-16 21:48:44	ActionGesture	BrowRaise
2024-05-16 21:48:46	ActionGesture	Smile
2024-05-16 21:48:47	SenseSpeech	no	868
2024-05-16 21:50:10	Autoreload is disabled because the development mode is off.
2024-05-16 21:50:11	Application started in 0.59 seconds.
2024-05-16 21:50:11	Responding at http://127.0.0.1:8888
2024-05-16 21:50:13	----------------- NEW EXECUTION-------------------
2024-05-16 21:50:13	ActionGesture	CloseEyes
2024-05-16 21:50:19	GUIEvent	GUI_RELOADED	GUI_RELOADED [ACCEPTED]	0.0	UNDEFINED	UNDEFINED	Init
2024-05-16 21:50:19	GUIEvent	SYNCH_REQUESTED	SYNCH REQUESTED .. [ACCEPTED]	0.0	UNDEFINED	UNDEFINED	Init
2024-05-16 21:50:37	GUIEvent	NEW_STAGE_REQUESTED	STAGE[0.2] [11] REQUESTED .. [ACCEPTED]	0.0	UNDEFINED	UNDEFINED	Init
2024-05-16 21:50:37	SessionEvent	USER_SET	USER TO ACTIVATE.	0.2	11	UNDEFINED	Init
2024-05-16 21:50:37	ActionGesture	OpenEyes
2024-05-16 21:50:37	ActionGesture	Smile
2024-05-16 21:50:38	MonitorSpeechStart	Oh, hello there	1105
2024-05-16 21:50:38	ActionGesture	BrowRaise
2024-05-16 21:50:40	ActionGesture	BigSmile
2024-05-16 21:50:40	MonitorSpeechStart	Nice to meet you.	824
2024-05-16 21:50:40	ActionGesture	BrowRaise
2024-05-16 21:50:42	MonitorSpeechStart	How you doing?	741
2024-05-16 21:50:42	ActionGesture	BrowRaise
2024-05-16 21:50:44	ActionGesture	Smile
2024-05-16 21:50:45	SenseSpeech	no	1076
2024-05-16 21:50:46	MonitorSpeechStart	Ok	618
2024-05-16 21:50:46	ActionGesture	BrowRaise
2024-05-16 21:50:47	MonitorSpeechStart	I suppose they told you what we are here for a little bit	2441
2024-05-16 21:50:48	ActionGesture	BrowRaise
2024-05-16 21:50:49	ActionGesture	BrowRaise
2024-05-16 21:50:50	MonitorSpeechStart	Right?	438
2024-05-16 21:50:50	ActionGesture	BrowRaise
2024-05-16 21:50:53	GUIEvent	NEW_STAGE_REQUESTED	STAGE[1] [11] REQUESTED .. [ACCEPTED]	0.2	11	CONDITION1	Init
2024-05-16 21:50:53	SessionEvent	QUESTION_SET	NEW QUESTION TO ACTIVATE	1		CONDITION1	Init
2024-05-16 21:50:53	MonitorSpeechStart	Ok #QNUM#. Let's see	2658
2024-05-16 21:50:54	ActionGesture	BrowRaise
2024-05-16 21:50:55	ActionGesture	BrowRaise
2024-05-16 21:50:57	ActionGesture	Smile
2024-05-16 21:50:58	SenseSpeech	no	785
2024-05-16 21:51:25	Autoreload is disabled because the development mode is off.
2024-05-16 21:51:25	Application started in 0.596 seconds.
2024-05-16 21:51:26	Responding at http://127.0.0.1:8888
2024-05-16 21:51:28	----------------- NEW EXECUTION-------------------
2024-05-16 21:51:28	ActionGesture	CloseEyes
2024-05-16 21:51:30	GUIEvent	GUI_RELOADED	GUI_RELOADED [ACCEPTED]	0.0	UNDEFINED	UNDEFINED	Init
2024-05-16 21:51:31	GUIEvent	SYNCH_REQUESTED	SYNCH REQUESTED .. [ACCEPTED]	0.0	UNDEFINED	UNDEFINED	Init
2024-05-16 21:51:32	GUIEvent	NEW_STAGE_REQUESTED	STAGE[0.2] [36] REQUESTED .. [ACCEPTED]	0.0	UNDEFINED	UNDEFINED	Init
2024-05-16 21:51:32	SessionEvent	USER_SET	USER TO ACTIVATE.	0.2	36	UNDEFINED	Init
2024-05-16 21:51:32	ActionGesture	OpenEyes
2024-05-16 21:51:32	ActionGesture	Smile
2024-05-16 21:51:32	MonitorSpeechStart	Oh, hello there	1105
2024-05-16 21:51:33	ActionGesture	BrowRaise
2024-05-16 21:51:34	ActionGesture	BigSmile
2024-05-16 21:51:34	MonitorSpeechStart	Nice to meet you.	824
2024-05-16 21:51:34	ActionGesture	BrowRaise
2024-05-16 21:51:36	GUIEvent	NEW_STAGE_REQUESTED	STAGE[1] [36] REQUESTED .. [ACCEPTED]	0.2	36	CONDITION2	Init
2024-05-16 21:51:36	SessionEvent	QUESTION_SET	NEW QUESTION TO ACTIVATE	1		CONDITION2	Init
2024-05-16 21:51:36	MonitorSpeechStart	Ok #QNUM#. Let's see	2658
2024-05-16 21:51:37	ActionGesture	BrowRaise
2024-05-16 21:51:38	ActionGesture	BrowRaise
2024-05-16 21:51:42	ActionGesture	Smile
2024-05-16 21:51:43	SenseSpeech	uh can you repeat	1368
2024-05-16 21:51:45	MonitorSpeechStart	Yes I would repeat it but I have not been programmed for this yet	2864
2024-05-16 21:51:46	ActionGesture	BrowRaise
2024-05-16 21:51:47	ActionGesture	BrowRaise
2024-05-16 21:51:52	ActionGesture	Smile
2024-05-16 21:51:54	SenseSpeech	uh can you give me more time	2072
2024-05-16 21:51:54	MonitorSpeechStart	ELABORATION_REQUEST 1 FOR ALL Q	2721
2024-05-16 21:51:54	ActionGesture	BrowRaise
2024-05-16 21:51:55	ActionGesture	BrowRaise
2024-05-16 21:51:56	ActionGesture	BrowRaise
2024-05-16 21:51:59	ActionGesture	Smile
2024-05-16 21:52:01	SenseSpeech	can you give me more time	1399
2024-05-16 21:52:01	MonitorSpeechStart	ELABORATION_REQUEST 2 FOR ALL Q	2640
2024-05-16 21:52:01	ActionGesture	BrowRaise
2024-05-16 21:52:03	ActionGesture	BrowRaise
2024-05-16 21:52:06	ActionGesture	Smile
2024-05-16 21:52:07	SenseSpeech	time	861
2024-05-16 21:52:07	MonitorSpeechStart	BACKCHANNEL	666
2024-05-16 21:52:07	ActionGesture	BrowRaise
2024-05-16 21:52:08	MonitorSpeechStart	We need to register our preliminary response.	2243
2024-05-16 21:52:10	ActionGesture	BrowRaise
2024-05-16 21:52:12	ActionGesture	Smile
2024-05-16 21:52:13	SenseSpeech	wait	1023
2024-05-16 21:52:14	MonitorSpeechStart	Yes I would give you more time but I have not been programmed for this yet	3193
2024-05-16 21:52:15	ActionGesture	BrowRaise
2024-05-16 21:52:17	ActionGesture	BrowRaise
