2024-05-27 12:01:51	Autoreload is disabled because the development mode is off.
2024-05-27 12:01:52	Application started in 0.636 seconds.
2024-05-27 12:01:52	Responding at http://127.0.0.1:8888
2024-05-27 12:01:54	----------------- NEW EXECUTION-------------------
2024-05-27 12:01:54	FlowEvent	NEW_FLOW_STATE	Sleep	0.0		UNDEFINED	Sleep
2024-05-27 12:02:04	ActionGesture	CloseEyes
2024-05-27 12:02:04	ActionGesture	CloseEyes
2024-05-27 12:02:10	GUIEvent	GUI_RELOADED	GUI_RELOADED [ACCEPTED]	0.0	UNDEFINED	UNDEFINED	Sleep
2024-05-27 12:02:12	GUIEvent	NEW_STAGE_REQUESTED	STAGE[0.2] [4] REQUESTED .. [ACCEPTED]	0.0	UNDEFINED	UNDEFINED	Sleep
2024-05-27 12:02:12	SessionEvent	USER_SET	USER TO ACTIVATE.	0.2	4	UNDEFINED	Sleep
2024-05-27 12:02:12	FlowEvent	NEW_FLOW_STATE	Welcome	0.2		CONDITION1	Welcome
2024-05-27 12:02:12	ActionGesture	OpenEyes
2024-05-27 12:02:12	ActionGesture	Smile
2024-05-27 12:02:13	MonitorSpeechStart	<prosody rate="1.0">Hej</prosody>	488
2024-05-27 12:02:13	ActionGesture	BrowRaise
2024-05-27 12:02:14	MonitorSpeechStart	<prosody rate="1.0">Trevligt att träffas</prosody>	1315
2024-05-27 12:02:15	ActionGesture	BrowRaise
2024-05-27 12:02:17	MonitorSpeechStart	<prosody rate="1.0">Hur är läget?</prosody>	872
2024-05-27 12:02:17	ActionGesture	BrowRaise
2024-05-27 12:02:40	Autoreload is disabled because the development mode is off.
2024-05-27 12:02:40	Application started in 0.633 seconds.
2024-05-27 12:02:41	Responding at http://127.0.0.1:8888
2024-05-27 12:02:42	----------------- NEW EXECUTION-------------------
2024-05-27 12:02:42	FlowEvent	NEW_FLOW_STATE	Sleep	0.0		UNDEFINED	Sleep
2024-05-27 12:02:42	ActionGesture	CloseEyes
2024-05-27 12:02:42	ActionGesture	CloseEyes
2024-05-27 12:02:50	GUIEvent	GUI_RELOADED	GUI_RELOADED [ACCEPTED]	0.0	UNDEFINED	UNDEFINED	Sleep
2024-05-27 12:02:51	GUIEvent	NEW_STAGE_REQUESTED	STAGE[0.2] [3] REQUESTED .. [ACCEPTED]	0.0	UNDEFINED	UNDEFINED	Sleep
2024-05-27 12:02:51	SessionEvent	USER_SET	USER TO ACTIVATE.	0.2	3	UNDEFINED	Sleep
2024-05-27 12:02:51	FlowEvent	NEW_FLOW_STATE	Welcome	0.2		CONDITION1	Welcome
2024-05-27 12:02:51	ActionGesture	OpenEyes
2024-05-27 12:02:51	ActionGesture	Smile
2024-05-27 12:02:52	MonitorSpeechStart	<prosody rate="1.0">Hej</prosody>	347
2024-05-27 12:02:52	ActionGesture	BrowRaise
2024-05-27 12:02:53	MonitorSpeechStart	<prosody rate="1.0">Trevligt att träffas</prosody>	1126
2024-05-27 12:02:54	ActionGesture	BrowRaise
2024-05-27 12:02:56	MonitorSpeechStart	<prosody rate="1.0">Hur är läget?</prosody>	738
2024-05-27 12:02:56	ActionGesture	BrowRaise
2024-05-27 12:03:01	ActionGesture	Smile
2024-05-27 12:03:02	SenseSpeech	yep	1203
2024-05-27 12:03:02	FlowEvent	NEW_FLOW_STATE	ReviewInstructions	0.2		CONDITION1	ReviewInstructions
2024-05-27 12:03:04	MonitorSpeechStart	<prosody rate="1.0">Jag har fått veta att du och jag ska fundera på åtta problem om elkretsar. Har du också fårtt reda på det?</prosody>	6526
2024-05-27 12:03:05	ActionGesture	BrowRaise
2024-05-27 12:03:06	ActionGesture	BrowRaise
2024-05-27 12:03:07	ActionGesture	BrowRaise
2024-05-27 12:03:08	ActionGesture	BrowRaise
2024-05-27 12:03:09	ActionGesture	BrowRaise
2024-05-27 12:03:10	ActionGesture	BrowRaise
2024-05-27 12:03:10	ActionGesture	BrowRaise
2024-05-27 12:03:13	ActionGesture	Smile
2024-05-27 12:03:14	SenseSpeech	sure	833
2024-05-27 12:04:00	GUIEvent	NEW_STAGE_REQUESTED	STAGE[1] [3] REQUESTED .. [ACCEPTED]	0.2	3	CONDITION1	ReviewInstructions
2024-05-27 12:04:00	SessionEvent	QUESTION_SET	NEW QUESTION TO ACTIVATE	1		CONDITION1	ReviewInstructions
2024-05-27 12:04:00	FlowEvent	NEW_FLOW_STATE	QuestionReflection	1		CONDITION1	QuestionReflection
2024-05-27 12:04:00	MonitorSpeechStart	<prosody rate="1.0">Mm</prosody>	208
2024-05-27 12:04:01	MonitorSpeechStart	<prosody rate="1.0">Ok</prosody>	618
2024-05-27 12:04:01	ActionGesture	BrowRaise
2024-05-27 12:04:03	MonitorSpeechStart	<prosody rate="1.0">I think I am getting the question 1</prosody>	1802
2024-05-27 12:04:03	ActionGesture	BrowRaise
2024-05-27 12:04:04	ActionGesture	BrowRaise
2024-05-27 12:04:05	MonitorSpeechStart	<prosody rate="1.0">Let's see</prosody>	658
2024-05-27 12:04:05	ActionGesture	BrowRaise
2024-05-27 12:04:11	GUIEvent	ANSWER_MARKED	ANSWER[TRUE] [1] [3] SENT .. [ACCEPTED]	1	3	CONDITION1	QuestionReflection
2024-05-27 12:04:14	GUIEvent	ANSWER_MARKED	ANSWER[FALSE] [1] [3] SENT .. [ACCEPTED]	1	3	CONDITION1	QuestionReflection
2024-05-27 12:04:14	MonitorSpeechStart	<prosody rate="1.0">Have you answered?</prosody>	752
2024-05-27 12:04:15	ActionGesture	BrowRaise
2024-05-27 12:04:17	ActionGesture	Smile
2024-05-27 12:04:18	SenseSpeech	yes	1009
2024-05-27 12:04:18	FlowEvent	NEW_FLOW_STATE	QuestionDisclosure	1		CONDITION1	QuestionDisclosure
2024-05-27 12:04:18	MonitorSpeechStart	<prosody rate="1.0">Good</prosody>	391
2024-05-27 12:04:20	MonitorSpeechStart	<prosody rate="1.0">I replied that it is TRUE</prosody>	1387
2024-05-27 12:04:20	ActionGesture	BrowRaise
2024-05-27 12:04:22	MonitorSpeechStart	<prosody rate="1.0">What do you think?</prosody>	726
2024-05-27 12:04:22	ActionGesture	BrowRaise
2024-05-27 12:04:24	ActionGesture	Smile
2024-05-27 12:04:25	SenseSpeech	I think it's false	1298
2024-05-27 12:04:26	FlowEvent	NEW_FLOW_STATE	QuestionPersuasion	1		CONDITION1	QuestionPersuasion
2024-05-27 12:04:26	MonitorSpeechStart	<prosody rate="1.0">Well</prosody>	454
2024-05-27 12:04:26	ActionGesture	BrowRaise
2024-05-27 12:04:30	MonitorSpeechStart	<prosody rate="1.0">If one more lamp is added, then the resistance increases.</prosody>	3222
2024-05-27 12:04:31	ActionGesture	BrowRaise
2024-05-27 12:04:33	ActionGesture	BrowRaise
2024-05-27 12:04:37	ActionGesture	Smile
2024-05-27 12:04:38	SenseSpeech	okay	1051
2024-05-27 12:04:39	MonitorSpeechStart	<prosody rate="1.0">Good. You see it too?</prosody>	1507
2024-05-27 12:04:41	MonitorSpeechStart	<prosody rate="1.0">Since it is the same battery, the voltage remains constant.</prosody>	3262
2024-05-27 12:04:42	ActionGesture	BrowRaise
2024-05-27 12:04:44	ActionGesture	BrowRaise
2024-05-27 12:04:48	ActionGesture	Smile
2024-05-27 12:04:50	SenseSpeech	uh no	1703
2024-05-27 12:04:50	MonitorSpeechStart	<prosody rate="1.0">Oh</prosody>	459
2024-05-27 12:04:51	MonitorSpeechStart	<prosody rate="1.0">well</prosody>	454
2024-05-27 12:04:51	ActionGesture	BrowRaise
2024-05-27 12:04:53	MonitorSpeechStart	<prosody rate="1.0">Where do you want to go from there?</prosody>	1374
2024-05-27 12:04:54	ActionGesture	BrowRaise
2024-05-27 12:04:57	ActionGesture	Smile
2024-05-27 12:05:03	SenseSpeech	well I don't think the yellows and blue are in parallel	5752
2024-05-27 12:05:03	MonitorSpeechStart	<prosody rate="1.0">ok, let me put it this way</prosody>	1959
2024-05-27 12:05:05	ActionGesture	BrowRaise
2024-05-27 12:05:06	MonitorSpeechStart	<prosody rate="1.0">With the same voltage and higher resistance, the current will be lower according to Ohm's law.</prosody>	4570
2024-05-27 12:05:07	ActionGesture	BrowRaise
2024-05-27 12:05:10	ActionGesture	BrowRaise
2024-05-27 12:05:14	ActionGesture	Smile
2024-05-27 12:05:15	SenseSpeech	no	1665
2024-05-27 12:05:16	MonitorSpeechStart	<prosody rate="1.0">Aha</prosody>	574
2024-05-27 12:05:16	ActionGesture	BrowRaise
2024-05-27 12:05:17	MonitorSpeechStart	<prosody rate="1.0">OK</prosody>	618
2024-05-27 12:05:17	ActionGesture	BrowRaise
2024-05-27 12:05:19	MonitorSpeechStart	<prosody rate="1.0">I mean</prosody>	609
2024-05-27 12:05:20	MonitorSpeechStart	<prosody rate="1.0">If the current is lower, the lights will be dimmer.</prosody>	2375
2024-05-27 12:05:21	ActionGesture	BrowRaise
2024-05-27 12:05:23	ActionGesture	BrowRaise
2024-05-27 12:05:26	ActionGesture	Smile
2024-05-27 12:05:27	SenseSpeech	no	996
2024-05-27 12:05:52	FlowEvent	NEW_FLOW_STATE	QuestionCheckpoint	1		CONDITION1	QuestionCheckpoint
2024-05-27 12:06:39	Autoreload is disabled because the development mode is off.
2024-05-27 12:06:40	Application started in 0.652 seconds.
2024-05-27 12:06:40	Responding at http://127.0.0.1:8888
2024-05-27 12:06:42	----------------- NEW EXECUTION-------------------
2024-05-27 12:06:42	FlowEvent	NEW_FLOW_STATE	Sleep	0.0		UNDEFINED	Sleep
2024-05-27 12:06:42	ActionGesture	CloseEyes
2024-05-27 12:06:42	ActionGesture	CloseEyes
2024-05-27 12:06:43	GUIEvent	GUI_RELOADED	GUI_RELOADED [ACCEPTED]	0.0	UNDEFINED	UNDEFINED	Sleep
2024-05-27 12:06:48	GUIEvent	NEW_STAGE_REQUESTED	STAGE[0.2] [2] REQUESTED .. [ACCEPTED]	0.0	UNDEFINED	UNDEFINED	Sleep
2024-05-27 12:06:48	SessionEvent	USER_SET	USER TO ACTIVATE.	0.2	2	UNDEFINED	Sleep
2024-05-27 12:06:48	FlowEvent	NEW_FLOW_STATE	Welcome	0.2		CONDITION1	Welcome
2024-05-27 12:06:48	ActionGesture	OpenEyes
2024-05-27 12:06:48	ActionGesture	Smile
2024-05-27 12:06:49	MonitorSpeechStart	<prosody rate="1.0">Hello there</prosody>	543
2024-05-27 12:06:49	ActionGesture	BrowRaise
2024-05-27 12:06:51	MonitorSpeechStart	<prosody rate="1.0">Nice to meet you</prosody>	824
2024-05-27 12:06:51	ActionGesture	BrowRaise
2024-05-27 12:06:52	MonitorSpeechStart	<prosody rate="1.0">How you doing?</prosody>	741
2024-05-27 12:06:52	ActionGesture	BrowRaise
2024-05-27 12:07:14	Autoreload is disabled because the development mode is off.
2024-05-27 12:07:14	Application started in 0.619 seconds.
2024-05-27 12:07:15	Responding at http://127.0.0.1:8888
2024-05-27 12:07:16	----------------- NEW EXECUTION-------------------
2024-05-27 12:07:16	FlowEvent	NEW_FLOW_STATE	Sleep	0.0		UNDEFINED	Sleep
2024-05-27 12:07:17	ActionGesture	CloseEyes
2024-05-27 12:07:17	ActionGesture	CloseEyes
2024-05-27 12:08:05	GUIEvent	GUI_RELOADED	GUI_RELOADED [ACCEPTED]	0.0	UNDEFINED	UNDEFINED	Sleep
2024-05-27 12:08:09	GUIEvent	NEW_STAGE_REQUESTED	STAGE[0.2] [52] REQUESTED .. [ACCEPTED]	0.0	UNDEFINED	UNDEFINED	Sleep
2024-05-27 12:08:09	SessionEvent	USER_SET	USER TO ACTIVATE.	0.2	52	UNDEFINED	Sleep
2024-05-27 12:08:09	FlowEvent	NEW_FLOW_STATE	Welcome	0.2		CONDITION3	Welcome
2024-05-27 12:08:09	ActionGesture	OpenEyes
2024-05-27 12:08:09	ActionGesture	Smile
2024-05-27 12:08:09	MonitorSpeechStart	<prosody rate="1.0">Hello there</prosody>	543
2024-05-27 12:08:10	ActionGesture	BrowRaise
2024-05-27 12:08:11	MonitorSpeechStart	<prosody rate="1.0">Nice to meet you</prosody>	824
2024-05-27 12:08:11	ActionGesture	BrowRaise
2024-05-27 12:08:13	MonitorSpeechStart	<prosody rate="1.0">How you doing?</prosody>	741
2024-05-27 12:08:13	ActionGesture	BrowRaise
2024-05-27 12:08:13	GUIEvent	NEW_STAGE_REQUESTED	STAGE[1] [52] REQUESTED .. [ACCEPTED]	0.2	52	CONDITION3	Welcome
2024-05-27 12:08:13	SessionEvent	QUESTION_SET	NEW QUESTION TO ACTIVATE	1		CONDITION3	Welcome
2024-05-27 12:08:13	FlowEvent	NEW_FLOW_STATE	QuestionReflection	1		CONDITION3	QuestionReflection
2024-05-27 12:08:14	MonitorSpeechStart	<prosody rate="1.0">Ok</prosody>	618
2024-05-27 12:08:15	ActionGesture	BrowRaise
2024-05-27 12:08:16	MonitorSpeechStart	<prosody rate="1.0">I think I am getting the question 1</prosody>	1802
2024-05-27 12:08:16	ActionGesture	BrowRaise
2024-05-27 12:08:17	ActionGesture	BrowRaise
2024-05-27 12:08:18	GUIEvent	ANSWER_MARKED	ANSWER[FALSE] [1] [52] SENT .. [ACCEPTED]	1	52	CONDITION3	QuestionReflection
2024-05-27 12:08:19	MonitorSpeechStart	<prosody rate="1.0">Let's see</prosody>	658
2024-05-27 12:08:19	ActionGesture	BrowRaise
2024-05-27 12:08:20	GUIEvent	ANSWER_MARKED	ANSWER[TRUE] [1] [52] SENT .. [ACCEPTED]	1	52	CONDITION3	QuestionReflection
2024-05-27 12:08:20	ActionGesture	Smile
2024-05-27 12:08:22	GUIEvent	ANSWER_MARKED	ANSWER[FALSE] [1] [52] SENT .. [ACCEPTED]	1	52	CONDITION3	QuestionReflection
2024-05-27 12:09:11	ActionGesture	Smile
2024-05-27 12:09:12	SenseSpeech	are you listening	909
2024-05-27 12:09:12	MonitorSpeechStart	<prosody rate="1.0">Oh</prosody>	459
2024-05-27 12:09:14	MonitorSpeechStart	<prosody rate="1.0">I see</prosody>	670
2024-05-27 12:09:15	MonitorSpeechStart	<prosody rate="1.0">Have you answered?</prosody>	752
2024-05-27 12:09:16	ActionGesture	BrowRaise
2024-05-27 12:11:07	Autoreload is disabled because the development mode is off.
2024-05-27 12:11:08	Application started in 0.582 seconds.
2024-05-27 12:11:08	Responding at http://127.0.0.1:8888
2024-05-27 12:11:11	----------------- NEW EXECUTION-------------------
2024-05-27 12:11:11	FlowEvent	NEW_FLOW_STATE	Sleep	0.0		UNDEFINED	Sleep
2024-05-27 12:11:11	ActionGesture	CloseEyes
2024-05-27 12:11:11	ActionGesture	CloseEyes
2024-05-27 12:11:13	GUIEvent	GUI_RELOADED	GUI_RELOADED [ACCEPTED]	0.0	UNDEFINED	UNDEFINED	Sleep
2024-05-27 12:11:15	GUIEvent	NEW_STAGE_REQUESTED	STAGE[0.2] [45] REQUESTED .. [ACCEPTED]	0.0	UNDEFINED	UNDEFINED	Sleep
2024-05-27 12:11:15	SessionEvent	USER_SET	USER TO ACTIVATE.	0.2	45	UNDEFINED	Sleep
2024-05-27 12:11:15	FlowEvent	NEW_FLOW_STATE	Welcome	0.2		CONDITION3	Welcome
2024-05-27 12:11:15	ActionGesture	OpenEyes
2024-05-27 12:11:15	ActionGesture	Smile
2024-05-27 12:11:16	MonitorSpeechStart	<prosody rate="1.0">Hello there</prosody>	543
2024-05-27 12:11:16	ActionGesture	BrowRaise
2024-05-27 12:11:17	MonitorSpeechStart	<prosody rate="1.0">Nice to meet you</prosody>	824
2024-05-27 12:11:18	ActionGesture	BrowRaise
2024-05-27 12:11:19	MonitorSpeechStart	<prosody rate="1.0">How you doing?</prosody>	741
2024-05-27 12:11:19	ActionGesture	BrowRaise
2024-05-27 12:11:20	GUIEvent	NEW_STAGE_REQUESTED	STAGE[1] [45] REQUESTED .. [ACCEPTED]	0.2	45	CONDITION3	Welcome
2024-05-27 12:11:20	SessionEvent	QUESTION_SET	NEW QUESTION TO ACTIVATE	1		CONDITION3	Welcome
2024-05-27 12:11:20	FlowEvent	NEW_FLOW_STATE	QuestionReflection	1		CONDITION3	QuestionReflection
2024-05-27 12:11:21	MonitorSpeechStart	<prosody rate="1.0">Ok</prosody>	618
2024-05-27 12:11:21	ActionGesture	BrowRaise
2024-05-27 12:11:22	MonitorSpeechStart	<prosody rate="1.0">I think I am getting the question 1</prosody>	1802
2024-05-27 12:11:22	ActionGesture	BrowRaise
2024-05-27 12:11:23	ActionGesture	BrowRaise
2024-05-27 12:11:24	GUIEvent	ANSWER_MARKED	ANSWER[FALSE] [1] [45] SENT .. [ACCEPTED]	1	45	CONDITION3	QuestionReflection
2024-05-27 12:11:25	MonitorSpeechStart	<prosody rate="1.0">Let's see</prosody>	658
2024-05-27 12:11:25	ActionGesture	BrowRaise
2024-05-27 12:11:26	GUIEvent	ANSWER_MARKED	ANSWER[TRUE] [1] [45] SENT .. [ACCEPTED]	1	45	CONDITION3	QuestionReflection
2024-05-27 12:11:27	GUIEvent	ANSWER_MARKED	ANSWER[FALSE] [1] [45] SENT .. [ACCEPTED]	1	45	CONDITION3	QuestionReflection
2024-05-27 12:11:29	GUIEvent	ANSWER_MARKED	ANSWER[TRUE] [1] [45] SENT .. [ACCEPTED]	1	45	CONDITION3	QuestionReflection
2024-05-27 12:11:34	MonitorSpeechStart	<prosody rate="1.0">Have you answered?</prosody>	752
2024-05-27 12:11:34	ActionGesture	BrowRaise
2024-05-27 12:11:37	ActionGesture	Smile
2024-05-27 12:11:38	SenseSpeech	yes	1237
2024-05-27 12:11:38	FlowEvent	NEW_FLOW_STATE	QuestionDisclosure	1		CONDITION3	QuestionDisclosure
2024-05-27 12:11:38	ActionGesture	SubtleNod
2024-05-27 12:11:39	MonitorSpeechStart	<prosody rate="1.1">Good <mark name="action"/></prosody>	364
2024-05-27 12:11:39	ActionGesture	EyesOpenBrowUpNod
2024-05-27 12:11:40	MonitorSpeechStart	<prosody rate="1.1">I'm convinced that it's TRUE <mark name="action"/></prosody>	1246
2024-05-27 12:11:40	ActionGesture	BrowRaise
2024-05-27 12:11:41	ActionGesture	EyesOpenBrowUpNod
2024-05-27 12:11:42	MonitorSpeechStart	<prosody rate="1.1">What do you think?</prosody>	677
2024-05-27 12:11:42	ActionGesture	BrowRaise
2024-05-27 12:11:46	ActionGesture	Smile
2024-05-27 12:11:49	SenseSpeech	I am I'm not sure	2691
2024-05-27 12:11:49	FlowEvent	NEW_FLOW_STATE	QuestionReview	1		CONDITION3	QuestionReview
2024-05-27 12:11:52	MonitorSpeechStart	<prosody rate="1.1">Ok, let me put it this way <mark name="action"/></prosody>	1807
2024-05-27 12:11:54	ActionGesture	BrowRaise
2024-05-27 12:11:54	ActionGesture	EyesOpenBrowUpNod
2024-05-27 12:11:55	MonitorSpeechStart	<prosody rate="1.1">It is obvious, since the resistance increases with more lamps while the voltage is constant.</prosody>	4424
2024-05-27 12:11:55	ActionGesture	BrowRaise
2024-05-27 12:11:59	ActionGesture	BrowRaise
2024-05-27 12:11:59	ActionGesture	BrowRaise
2024-05-27 12:12:04	ActionGesture	Smile
2024-05-27 12:12:09	SenseSpeech	okay but uh I'm not sure about the yellows	4737
2024-05-27 12:12:09	MonitorSpeechStart	<prosody rate="1.1">Ok <mark name="action"/></prosody>	562
2024-05-27 12:12:09	ActionGesture	BrowRaise
2024-05-27 12:12:10	ActionGesture	EyesOpenBrowUpNod
2024-05-27 12:12:11	MonitorSpeechStart	<prosody rate="1.1">Enligt Ohms lag blir strömmen lägre om resistansen ökar när spänningen hålls konstant, så då kommer lamporna absolut att lysa svagare.</prosody>	7030
2024-05-27 12:12:11	ActionGesture	BrowRaise
2024-05-27 12:12:14	ActionGesture	BrowRaise
2024-05-27 12:12:16	ActionGesture	BrowRaise
2024-05-27 12:12:16	ActionGesture	BrowRaise
2024-05-27 12:12:17	ActionGesture	BrowRaise
2024-05-27 12:12:22	ActionGesture	Smile
2024-05-27 12:12:25	SenseSpeech	okay I can you repeat that	2726
2024-05-27 12:12:31	MonitorSpeechStart	<prosody rate="1.0">Yes</prosody>	493
2024-05-27 12:12:32	ActionGesture	BrowRaise
2024-05-27 12:12:34	MonitorSpeechStart	<prosody rate="1.0">Enligt Ohms lag blir strömmen lägre om resistansen ökar när spänningen hålls konstant, så då kommer lamporna absolut att lysa svagare.</prosody>	7615
2024-05-27 12:12:37	ActionGesture	BrowRaise
2024-05-27 12:12:40	ActionGesture	BrowRaise
2024-05-27 12:12:40	ActionGesture	BrowRaise
2024-05-27 12:12:41	ActionGesture	BrowRaise
2024-05-27 12:12:41	ActionGesture	BrowRaise
2024-05-27 12:12:45	ActionGesture	Smile
2024-05-27 12:12:51	SenseSpeech	right now is a bit more clear but uh I still have a concern about	5969
2024-05-27 12:12:52	MonitorSpeechStart	<prosody rate="1.0">Oh</prosody>	459
2024-05-27 12:12:53	MonitorSpeechStart	<prosody rate="1.0">sorry</prosody>	510
2024-05-27 12:12:53	ActionGesture	BrowRaise
2024-05-27 12:12:54	MonitorSpeechStart	<prosody rate="1.0">Absolutely</prosody>	668
2024-05-27 12:12:55	ActionGesture	BrowRaise
2024-05-27 12:13:00	ActionGesture	Smile
2024-05-27 12:13:01	SenseSpeech	um	981
2024-05-27 12:13:01	FlowEvent	NEW_FLOW_STATE	QuestionCheckpoint	1		CONDITION3	QuestionCheckpoint
2024-05-27 12:13:02	MonitorSpeechStart	<prosody rate="1.1">Mm <mark name="action"/></prosody>	190
2024-05-27 12:13:02	ActionGesture	EyesOpenBrowUpNod
2024-05-27 12:13:03	MonitorSpeechStart	<prosody rate="1.1">So <mark name="action"/></prosody>	346
2024-05-27 12:13:03	ActionGesture	EyesOpenBrowUpNod
2024-05-27 12:13:04	MonitorSpeechStart	<prosody rate="1.1">I'm completely sure <mark name="action"/></prosody>	1003
2024-05-27 12:13:04	ActionGesture	BrowRaise
2024-05-27 12:13:05	ActionGesture	EyesOpenBrowUpNod
2024-05-27 12:13:06	MonitorSpeechStart	<prosody rate="1.1">do we agree it's TRUE?</prosody>	1071
2024-05-27 12:13:06	ActionGesture	BrowRaise
2024-05-27 12:13:09	ActionGesture	Smile
2024-05-27 12:13:12	SenseSpeech	yes is we can agree sir	2388
2024-05-27 12:13:12	FlowEvent	NEW_FLOW_STATE	QuestionReview	1		CONDITION3	QuestionReview
2024-05-27 12:13:12	FlowEvent	NEW_FLOW_STATE	QuestionConfirmation	1		CONDITION3	QuestionConfirmation
2024-05-27 12:13:12	MonitorSpeechStart	<prosody rate="1.0">Nice</prosody>	438
2024-05-27 12:13:12	ActionGesture	BrowRaise
2024-05-27 12:13:13	MonitorSpeechStart	<prosody rate="1.0">Ok. I marked TRUE already. Can you mark your answer on the tablet and confim?</prosody>	4615
2024-05-27 12:13:13	ActionGesture	BrowRaise
2024-05-27 12:13:17	ActionGesture	BrowRaise
2024-05-27 12:13:17	ActionGesture	BrowRaise
2024-05-27 12:13:18	ActionGesture	BrowRaise
2024-05-27 12:13:21	ActionGesture	Smile
2024-05-27 12:13:22	SenseSpeech	yes why not	946
2024-05-27 12:13:22	GUIEvent	NEW_STAGE_REQUESTED	STAGE[2] [45] REQUESTED .. [ACCEPTED]	1	45	CONDITION3	QuestionConfirmation
2024-05-27 12:13:22	SessionEvent	ANSWER_CONFIRMED	QUESTION CONFIRMED IN GUI.	2		CONDITION3	QuestionConfirmation
2024-05-27 12:13:22	SessionEvent	QUESTION_SET	NEW QUESTION TO ACTIVATE	2		CONDITION3	QuestionConfirmation
2024-05-27 12:13:22	FlowEvent	NEW_FLOW_STATE	QuestionReflection	2		CONDITION3	QuestionReflection
2024-05-27 12:13:23	MonitorSpeechStart	<prosody rate="1.0">Right</prosody>	393
2024-05-27 12:13:23	ActionGesture	BrowRaise
2024-05-27 12:13:25	MonitorSpeechStart	<prosody rate="1.0">receiving the question 2</prosody>	1382
2024-05-27 12:13:25	ActionGesture	BrowRaise
2024-05-27 12:13:27	MonitorSpeechStart	<prosody rate="1.0">Ok</prosody>	618
2024-05-27 12:13:27	ActionGesture	BrowRaise
2024-05-27 12:13:41	Autoreload is disabled because the development mode is off.
2024-05-27 12:13:41	Application started in 0.57 seconds.
2024-05-27 12:13:42	Responding at http://127.0.0.1:8888
2024-05-27 12:13:45	----------------- NEW EXECUTION-------------------
2024-05-27 12:13:45	FlowEvent	NEW_FLOW_STATE	Sleep	0.0		UNDEFINED	Sleep
2024-05-27 12:13:45	ActionGesture	CloseEyes
2024-05-27 12:13:45	ActionGesture	CloseEyes
2024-05-27 12:13:50	GUIEvent	GUI_RELOADED	GUI_RELOADED [ACCEPTED]	0.0	UNDEFINED	UNDEFINED	Sleep
2024-05-27 12:13:54	GUIEvent	NEW_STAGE_REQUESTED	STAGE[0.2] [26] REQUESTED .. [ACCEPTED]	0.0	UNDEFINED	UNDEFINED	Sleep
2024-05-27 12:13:54	SessionEvent	USER_SET	USER TO ACTIVATE.	0.2	26	UNDEFINED	Sleep
2024-05-27 12:13:54	FlowEvent	NEW_FLOW_STATE	Welcome	0.2		CONDITION2	Welcome
2024-05-27 12:13:54	ActionGesture	OpenEyes
2024-05-27 12:13:54	ActionGesture	Smile
2024-05-27 12:13:54	MonitorSpeechStart	<prosody rate="1.0">Hello there</prosody>	543
2024-05-27 12:13:55	ActionGesture	BrowRaise
2024-05-27 12:13:56	MonitorSpeechStart	<prosody rate="1.0">Nice to meet you</prosody>	824
2024-05-27 12:13:56	ActionGesture	BrowRaise
2024-05-27 12:13:57	GUIEvent	NEW_STAGE_REQUESTED	STAGE[1] [26] REQUESTED .. [ACCEPTED]	0.2	26	CONDITION2	Welcome
2024-05-27 12:13:57	SessionEvent	QUESTION_SET	NEW QUESTION TO ACTIVATE	1		CONDITION2	Welcome
2024-05-27 12:13:57	FlowEvent	NEW_FLOW_STATE	QuestionReflection	1		CONDITION2	QuestionReflection
2024-05-27 12:13:58	MonitorSpeechStart	<prosody rate="1.0">Ok</prosody>	618
2024-05-27 12:13:58	ActionGesture	BrowRaise
2024-05-27 12:13:59	MonitorSpeechStart	<prosody rate="1.0">I think I am getting the question 1</prosody>	1802
2024-05-27 12:14:00	ActionGesture	BrowRaise
2024-05-27 12:14:01	ActionGesture	BrowRaise
2024-05-27 12:14:02	MonitorSpeechStart	<prosody rate="1.0">Let's see</prosody>	658
2024-05-27 12:14:02	ActionGesture	BrowRaise
2024-05-27 12:14:04	GUIEvent	ANSWER_MARKED	ANSWER[FALSE] [1] [26] SENT .. [ACCEPTED]	1	26	CONDITION2	QuestionReflection
2024-05-27 12:14:05	GUIEvent	ANSWER_MARKED	ANSWER[TRUE] [1] [26] SENT .. [ACCEPTED]	1	26	CONDITION2	QuestionReflection
2024-05-27 12:14:06	GUIEvent	ANSWER_MARKED	ANSWER[FALSE] [1] [26] SENT .. [ACCEPTED]	1	26	CONDITION2	QuestionReflection
2024-05-27 12:14:08	GUIEvent	ANSWER_MARKED	ANSWER[TRUE] [1] [26] SENT .. [ACCEPTED]	1	26	CONDITION2	QuestionReflection
2024-05-27 12:14:11	MonitorSpeechStart	<prosody rate="1.0">Have you answered?</prosody>	752
2024-05-27 12:14:12	ActionGesture	BrowRaise
2024-05-27 12:14:14	ActionGesture	Smile
2024-05-27 12:14:16	SenseSpeech	yes	1175
2024-05-27 12:14:16	FlowEvent	NEW_FLOW_STATE	QuestionDisclosure	1		CONDITION2	QuestionDisclosure
2024-05-27 12:14:16	ActionGesture	SubtleWobbleYes
2024-05-27 12:14:16	MonitorSpeechStart	<prosody rate="0.9">Good <mark name="action"/></prosody>	426
2024-05-27 12:14:16	ActionGesture	PauseUncertain
2024-05-27 12:14:17	MonitorSpeechStart	<prosody rate="0.9">I'm a little unsure <mark name="action"/></prosody>	1158
2024-05-27 12:14:18	ActionGesture	BrowRaise
2024-05-27 12:14:18	ActionGesture	PauseUncertain
2024-05-27 12:14:19	MonitorSpeechStart	<prosody rate="0.9">, but I think that's TRUE <mark name="action"/></prosody>	1565
2024-05-27 12:14:20	ActionGesture	BrowRaise
2024-05-27 12:14:21	ActionGesture	PauseUncertain
2024-05-27 12:14:21	MonitorSpeechStart	<prosody rate="0.9">What do you think?</prosody>	780
2024-05-27 12:14:21	ActionGesture	BrowRaise
2024-05-27 12:14:28	ActionGesture	Smile
2024-05-27 12:14:31	SenseSpeech	um could be true could be false	2505
2024-05-27 12:14:31	FlowEvent	NEW_FLOW_STATE	QuestionReview	1		CONDITION2	QuestionReview
2024-05-27 12:14:33	MonitorSpeechStart	<prosody rate="0.9">Ok, let me put it this way <mark name="action"/></prosody>	2125
2024-05-27 12:14:35	ActionGesture	BrowRaise
2024-05-27 12:14:35	ActionGesture	PauseUncertain
2024-05-27 12:14:36	MonitorSpeechStart	<prosody rate="0.9">I was thinking the voltage is well <mark name="action"/></prosody>	1906
2024-05-27 12:14:37	ActionGesture	BrowRaise
2024-05-27 12:14:38	ActionGesture	PauseUncertain
2024-05-27 12:14:39	MonitorSpeechStart	<prosody rate="0.9">the same if it's the same battery and the resistance increases when a lamp is added right?</prosody>	4359
2024-05-27 12:14:40	ActionGesture	BrowRaise
2024-05-27 12:14:42	ActionGesture	BrowRaise
2024-05-27 12:14:43	ActionGesture	BrowRaise
2024-05-27 12:14:48	ActionGesture	Smile
2024-05-27 12:14:51	SenseSpeech	uh I think I'm changing my mind	3060
2024-05-27 12:14:51	ActionGesture	SubtleWobbleYes
2024-05-27 12:14:52	MonitorSpeechStart	<prosody rate="0.9">I understand, but <mark name="action"/></prosody>	1362
2024-05-27 12:14:52	ActionGesture	BrowRaise
2024-05-27 12:14:53	ActionGesture	BrowRaise
2024-05-27 12:14:53	ActionGesture	PauseUncertain
2024-05-27 12:14:54	MonitorSpeechStart	<prosody rate="0.9">If the resistance increases and the voltage is constant, surely the lights must glow dimmer because the current decreases?</prosody>	6590
2024-05-27 12:14:56	ActionGesture	BrowRaise
2024-05-27 12:14:57	ActionGesture	BrowRaise
2024-05-27 12:15:00	ActionGesture	BrowRaise
2024-05-27 12:15:01	ActionGesture	BrowRaise
2024-05-27 12:15:06	ActionGesture	Smile
2024-05-27 12:15:07	SenseSpeech	uh	858
2024-05-27 12:15:07	FlowEvent	NEW_FLOW_STATE	QuestionCheckpoint	1		CONDITION2	QuestionCheckpoint
2024-05-27 12:15:08	MonitorSpeechStart	<prosody rate="0.9">Mm <mark name="action"/></prosody>	235
2024-05-27 12:15:08	ActionGesture	PauseUncertain
2024-05-27 12:15:09	MonitorSpeechStart	<prosody rate="0.9">So <mark name="action"/></prosody>	426
2024-05-27 12:15:09	ActionGesture	PauseUncertain
2024-05-27 12:15:10	MonitorSpeechStart	<prosody rate="0.9">I'm not completely sure <mark name="action"/></prosody>	1409
2024-05-27 12:15:10	ActionGesture	BrowRaise
2024-05-27 12:15:11	ActionGesture	PauseUncertain
2024-05-27 12:15:12	MonitorSpeechStart	<prosody rate="0.9">but do we agree it's TRUE?</prosody>	1422
2024-05-27 12:15:13	ActionGesture	BrowRaise
2024-05-27 12:15:19	ActionGesture	Smile
2024-05-27 12:15:21	SenseSpeech	yes we can agree is true	2343
2024-05-27 12:15:21	FlowEvent	NEW_FLOW_STATE	QuestionReview	1		CONDITION2	QuestionReview
2024-05-27 12:15:21	FlowEvent	NEW_FLOW_STATE	QuestionConfirmation	1		CONDITION2	QuestionConfirmation
2024-05-27 12:15:22	MonitorSpeechStart	<prosody rate="1.0">Nice</prosody>	438
2024-05-27 12:15:22	ActionGesture	BrowRaise
2024-05-27 12:15:23	MonitorSpeechStart	<prosody rate="1.0">Ok. I marked TRUE already. Can you mark your answer on the tablet and confim?</prosody>	4615
2024-05-27 12:15:23	ActionGesture	BrowRaise
2024-05-27 12:15:26	ActionGesture	BrowRaise
2024-05-27 12:15:27	ActionGesture	BrowRaise
2024-05-27 12:15:27	ActionGesture	BrowRaise
2024-05-27 12:15:30	GUIEvent	NEW_STAGE_REQUESTED	STAGE[2] [26] REQUESTED .. [ACCEPTED]	1	26	CONDITION2	QuestionConfirmation
2024-05-27 12:15:30	SessionEvent	ANSWER_CONFIRMED	QUESTION CONFIRMED IN GUI.	2		CONDITION2	QuestionConfirmation
2024-05-27 12:15:30	SessionEvent	QUESTION_SET	NEW QUESTION TO ACTIVATE	2		CONDITION2	QuestionConfirmation
2024-05-27 12:15:30	FlowEvent	NEW_FLOW_STATE	QuestionReflection	2		CONDITION2	QuestionReflection
2024-05-27 12:15:31	MonitorSpeechStart	<prosody rate="1.0">Right</prosody>	393
2024-05-27 12:15:31	ActionGesture	BrowRaise
2024-05-27 12:15:32	MonitorSpeechStart	<prosody rate="1.0">receiving the question 2</prosody>	1382
2024-05-27 12:15:33	ActionGesture	BrowRaise
2024-05-27 12:15:34	MonitorSpeechStart	<prosody rate="1.0">Ok</prosody>	618
2024-05-27 12:15:34	ActionGesture	BrowRaise
2024-05-27 12:16:50	Autoreload is disabled because the development mode is off.
2024-05-27 12:16:51	Application started in 0.579 seconds.
2024-05-27 12:16:51	Responding at http://127.0.0.1:8888
2024-05-27 12:21:53	Autoreload is disabled because the development mode is off.
2024-05-27 12:21:54	Application started in 0.604 seconds.
2024-05-27 12:21:54	Responding at http://127.0.0.1:8888
2024-05-27 12:23:21	Autoreload is disabled because the development mode is off.
2024-05-27 12:23:21	Application started in 0.588 seconds.
2024-05-27 12:23:21	Responding at http://127.0.0.1:8888
2024-05-27 12:23:24	----------------- NEW EXECUTION-------------------
2024-05-27 12:23:24	FlowEvent	NEW_FLOW_STATE	Sleep	0.0		UNDEFINED	Sleep
2024-05-27 12:23:24	ActionGesture	CloseEyes
2024-05-27 12:23:24	ActionGesture	CloseEyes
2024-05-27 12:23:32	GUIEvent	GUI_RELOADED	GUI_RELOADED [ACCEPTED]	0.0	UNDEFINED	UNDEFINED	Sleep
2024-05-27 12:24:25	MonitorSpeechStart	\spd=180\No start signal received, terminating the program.\spd=180\	2965
2024-05-27 12:24:25	ActionGesture	BrowRaise
2024-05-27 12:24:26	ActionGesture	BrowRaise
2024-05-27 12:24:28	ActionGesture	BrowRaise
2024-05-27 12:24:55	Autoreload is disabled because the development mode is off.
2024-05-27 12:24:55	Application started in 0.605 seconds.
2024-05-27 12:24:56	Responding at http://127.0.0.1:8888
2024-05-27 12:24:58	----------------- NEW EXECUTION-------------------
2024-05-27 12:24:58	FlowEvent	NEW_FLOW_STATE	Sleep	0.0		UNDEFINED	Sleep
2024-05-27 12:24:58	ActionGesture	CloseEyes
2024-05-27 12:24:58	ActionGesture	CloseEyes
2024-05-27 12:25:20	GUIEvent	GUI_RELOADED	GUI_RELOADED [ACCEPTED]	0.0	UNDEFINED	UNDEFINED	Sleep
2024-05-27 12:25:24	GUIEvent	NEW_STAGE_REQUESTED	STAGE[0.2] [27] REQUESTED .. [ACCEPTED]	0.0	UNDEFINED	UNDEFINED	Sleep
2024-05-27 12:25:24	SessionEvent	USER_SET	USER TO ACTIVATE.	0.2	27	UNDEFINED	Sleep
2024-05-27 12:25:42	FlowEvent	NEW_FLOW_STATE	Welcome	0.2		CONDITION2	Welcome
2024-05-27 12:25:42	ActionGesture	OpenEyes
2024-05-27 12:25:42	ActionGesture	Smile
2024-05-27 12:25:43	MonitorSpeechStart	\spd=180\Hello there\spd=180\	693
2024-05-27 12:25:43	ActionGesture	BrowRaise
2024-05-27 12:25:45	MonitorSpeechStart	\spd=180\Nice to meet you\spd=180\	808
2024-05-27 12:25:46	ActionGesture	BrowRaise
2024-05-27 12:25:47	MonitorSpeechStart	\spd=180\How you doing?\spd=180\	752
2024-05-27 12:25:47	ActionGesture	BrowRaise
2024-05-27 12:25:49	ActionGesture	Smile
2024-05-27 12:25:50	SenseSpeech	yeah	860
2024-05-27 12:25:50	FlowEvent	NEW_FLOW_STATE	ReviewInstructions	0.2		CONDITION2	ReviewInstructions
2024-05-27 12:25:51	MonitorSpeechStart	\spd=180\Right, as far as I know,we will get some Electronics questions to resolve together. Somebody told you?\spd=180\	6060
2024-05-27 12:25:51	ActionGesture	BrowRaise
2024-05-27 12:25:52	ActionGesture	BrowRaise
2024-05-27 12:25:52	ActionGesture	BrowRaise
2024-05-27 12:25:52	ActionGesture	BrowRaise
2024-05-27 12:25:55	ActionGesture	BrowRaise
2024-05-27 12:25:56	ActionGesture	BrowRaise
2024-05-27 12:25:59	ActionGesture	Smile
2024-05-27 12:26:00	SenseSpeech	no	882
2024-05-27 12:26:00	MonitorSpeechStart	\spd=180\Oh\spd=180\	328
2024-05-27 12:26:00	ActionGesture	BrowRaise
2024-05-27 12:26:02	MonitorSpeechStart	\spd=180\well\spd=180\	463
2024-05-27 12:26:02	ActionGesture	BrowRaise
2024-05-27 12:26:03	MonitorSpeechStart	\spd=180\Basically a question will come up on the tablet, I receive it, we think, we answer separately and then we discuss\spd=180\	6485
2024-05-27 12:27:29	Autoreload is disabled because the development mode is off.
2024-05-27 12:27:29	Application started in 0.596 seconds.
2024-05-27 12:27:29	Responding at http://127.0.0.1:8888
2024-05-27 12:27:31	----------------- NEW EXECUTION-------------------
2024-05-27 12:27:31	FlowEvent	NEW_FLOW_STATE	Sleep	0.0		UNDEFINED	Sleep
2024-05-27 12:27:31	ActionGesture	CloseEyes
2024-05-27 12:27:31	ActionGesture	CloseEyes
2024-05-27 12:27:32	MonitorSpeechStart	\spd=180\Bye bye!\spd=180\	646
2024-05-27 12:27:32	ActionGesture	BrowRaise
2024-05-27 12:27:47	Autoreload is disabled because the development mode is off.
2024-05-27 12:27:48	Application started in 0.563 seconds.
2024-05-27 12:27:48	Responding at http://127.0.0.1:8888
2024-05-27 12:27:49	----------------- NEW EXECUTION-------------------
2024-05-27 12:27:49	FlowEvent	NEW_FLOW_STATE	Sleep	0.0		UNDEFINED	Sleep
2024-05-27 12:27:50	ActionGesture	CloseEyes
2024-05-27 12:27:50	ActionGesture	CloseEyes
2024-05-27 12:27:54	GUIEvent	GUI_RELOADED	GUI_RELOADED [ACCEPTED]	0.0	UNDEFINED	UNDEFINED	Sleep
2024-05-27 12:27:56	GUIEvent	NEW_STAGE_REQUESTED	STAGE[0.2] [28] REQUESTED .. [ACCEPTED]	0.0	UNDEFINED	UNDEFINED	Sleep
2024-05-27 12:27:56	SessionEvent	USER_SET	USER TO ACTIVATE.	0.2	28	UNDEFINED	Sleep
2024-05-27 12:27:56	FlowEvent	NEW_FLOW_STATE	Welcome	0.2		CONDITION2	Welcome
2024-05-27 12:27:56	ActionGesture	OpenEyes
2024-05-27 12:27:56	ActionGesture	Smile
2024-05-27 12:27:57	MonitorSpeechStart	\spd=180\Hello there\spd=180\	693
2024-05-27 12:27:57	ActionGesture	BrowRaise
2024-05-27 12:27:59	MonitorSpeechStart	\spd=180\Nice to meet you\spd=180\	808
2024-05-27 12:27:59	ActionGesture	BrowRaise
2024-05-27 12:28:01	MonitorSpeechStart	\spd=180\How you doing?\spd=180\	752
2024-05-27 12:28:01	ActionGesture	BrowRaise
2024-05-27 12:28:04	ActionGesture	Smile
2024-05-27 12:28:05	SenseSpeech	yeah	855
2024-05-27 12:28:05	FlowEvent	NEW_FLOW_STATE	ReviewInstructions	0.2		CONDITION2	ReviewInstructions
2024-05-27 12:28:05	MonitorSpeechStart	\spd=180\Right, as far as I know,we will get some Electronics questions to resolve together. Somebody told you?\spd=180\	6060
2024-05-27 12:28:05	ActionGesture	BrowRaise
2024-05-27 12:28:06	ActionGesture	BrowRaise
2024-05-27 12:28:06	ActionGesture	BrowRaise
2024-05-27 12:28:06	ActionGesture	BrowRaise
2024-05-27 12:28:10	ActionGesture	BrowRaise
2024-05-27 12:28:11	ActionGesture	BrowRaise
2024-05-27 12:28:13	ActionGesture	Smile
2024-05-27 12:28:14	SenseSpeech	no	1174
2024-05-27 12:28:19	MonitorSpeechStart	\spd=180\Oh\spd=180\	328
2024-05-27 12:28:19	ActionGesture	BrowRaise
2024-05-27 12:28:20	MonitorSpeechStart	\spd=180\well\spd=180\	463
2024-05-27 12:28:21	ActionGesture	BrowRaise
2024-05-27 12:28:22	MonitorSpeechStart	\spd=180\Basically a question will come up on the tablet, I receive it, we think, we answer separately and then we discuss\spd=180\	6485
2024-05-27 12:28:22	ActionGesture	BrowRaise
2024-05-27 12:28:23	ActionGesture	BrowRaise
2024-05-27 12:28:24	ActionGesture	BrowRaise
2024-05-27 12:28:26	ActionGesture	BrowRaise
2024-05-27 12:28:26	ActionGesture	BrowRaise
2024-05-27 12:28:28	ActionGesture	BrowRaise
2024-05-27 12:28:30	MonitorSpeechStart	\spd=180\Do you want me to explain or are you ready?\spd=180\	2114
2024-05-27 12:28:31	ActionGesture	BrowRaise
2024-05-27 12:28:32	ActionGesture	BrowRaise
2024-05-27 12:28:35	ActionGesture	Smile
2024-05-27 12:28:38	SenseSpeech	I am explaining explained	2579
2024-05-27 12:28:45	MonitorSpeechStart	\spd=180\well\spd=180\	463
2024-05-27 12:28:45	ActionGesture	BrowRaise
2024-05-27 12:28:46	MonitorSpeechStart	\spd=180\The questions will appear one by one on the tablet\spd=180\	2397
2024-05-27 12:28:47	ActionGesture	BrowRaise
2024-05-27 12:28:48	ActionGesture	BrowRaise
2024-05-27 12:28:48	ActionGesture	BrowRaise
2024-05-27 12:28:49	MonitorSpeechStart	\spd=180\For each one, we will have time to think\spd=180\	2231
2024-05-27 12:28:51	ActionGesture	BrowRaise
2024-05-27 12:28:51	ActionGesture	BrowRaise
2024-05-27 12:28:52	MonitorSpeechStart	\spd=180\Then you mark your answer and I will mark mine\spd=180\	2095
2024-05-27 12:28:53	ActionGesture	BrowRaise
2024-05-27 12:28:54	ActionGesture	BrowRaise
2024-05-27 12:28:56	MonitorSpeechStart	\spd=180\You ready?\spd=180\	483
2024-05-27 12:28:56	ActionGesture	BrowRaise
2024-05-27 12:28:58	ActionGesture	Smile
2024-05-27 12:28:59	SenseSpeech	I think so	991
2024-05-27 12:28:59	MonitorSpeechStart	\spd=180\Perfect\spd=180\	575
2024-05-27 12:29:00	ActionGesture	BrowRaise
2024-05-27 12:29:01	MonitorSpeechStart	\spd=180\Ok, when you press the button I will receive the first question, and show on the screen. Whenever you want.\spd=180\	6259
2024-05-27 12:29:01	ActionGesture	BrowRaise
2024-05-27 12:29:01	ActionGesture	BrowRaise
2024-05-27 12:29:04	ActionGesture	BrowRaise
2024-05-27 12:29:05	ActionGesture	BrowRaise
2024-05-27 12:29:07	ActionGesture	BrowRaise
2024-05-27 12:29:08	GUIEvent	NEW_STAGE_REQUESTED	STAGE[1] [28] REQUESTED .. [ACCEPTED]	0.2	28	CONDITION2	ReviewInstructions
2024-05-27 12:29:08	SessionEvent	QUESTION_SET	NEW QUESTION TO ACTIVATE	1		CONDITION2	ReviewInstructions
2024-05-27 12:29:08	FlowEvent	NEW_FLOW_STATE	QuestionReflection	1		CONDITION2	QuestionReflection
2024-05-27 12:29:09	MonitorSpeechStart	\spd=180\Ok\spd=180\	403
2024-05-27 12:29:10	ActionGesture	BrowRaise
2024-05-27 12:29:11	MonitorSpeechStart	\spd=180\I think I am getting the question 1\spd=180\	1746
2024-05-27 12:29:11	ActionGesture	BrowRaise
2024-05-27 12:29:12	ActionGesture	BrowRaise
2024-05-27 12:29:13	MonitorSpeechStart	\spd=180\Let's see\spd=180\	658
2024-05-27 12:29:14	ActionGesture	BrowRaise
2024-05-27 12:29:17	GUIEvent	ANSWER_MARKED	ANSWER[FALSE] [1] [28] SENT .. [ACCEPTED]	1	28	CONDITION2	QuestionReflection
2024-05-27 12:29:21	GUIEvent	ANSWER_MARKED	ANSWER[TRUE] [1] [28] SENT .. [ACCEPTED]	1	28	CONDITION2	QuestionReflection
2024-05-27 12:29:23	MonitorSpeechStart	\spd=180\Have you answered?\spd=180\	840
2024-05-27 12:29:23	ActionGesture	BrowRaise
2024-05-27 12:29:25	ActionGesture	Smile
2024-05-27 12:29:26	SenseSpeech	yes	1004
2024-05-27 12:29:26	FlowEvent	NEW_FLOW_STATE	QuestionDisclosure	1		CONDITION2	QuestionDisclosure
2024-05-27 12:29:26	ActionGesture	SubtleWobbleYes
2024-05-27 12:29:26	MonitorSpeechStart	\spd=162\Good <mark name="action"/>\spd=180\	501
2024-05-27 12:29:27	ActionGesture	PauseUncertain
2024-05-27 12:29:28	MonitorSpeechStart	\spd=162\I'm a little unsure <mark name="action"/>\spd=180\	1270
2024-05-27 12:29:28	ActionGesture	BrowRaise
2024-05-27 12:29:29	ActionGesture	PauseUncertain
2024-05-27 12:29:30	MonitorSpeechStart	\spd=162\, but I think that's TRUE <mark name="action"/>\spd=180\	1410
2024-05-27 12:29:30	ActionGesture	BrowRaise
2024-05-27 12:29:31	ActionGesture	PauseUncertain
2024-05-27 12:29:32	MonitorSpeechStart	\spd=162\What do you think?\spd=180\	898
2024-05-27 12:29:33	ActionGesture	BrowRaise
2024-05-27 12:29:36	ActionGesture	Smile
2024-05-27 12:29:37	SenseSpeech	um	1184
2024-05-27 12:29:37	FlowEvent	NEW_FLOW_STATE	QuestionReview	1		CONDITION2	QuestionReview
2024-05-27 12:29:37	MonitorSpeechStart	\spd=162\Ok <mark name="action"/>\spd=180\	451
2024-05-27 12:29:38	ActionGesture	BrowRaise
2024-05-27 12:29:38	ActionGesture	PauseUncertain
2024-05-27 12:29:39	MonitorSpeechStart	\spd=162\I was thinking the voltage is well <mark name="action"/>\spd=180\	1838
2024-05-27 12:29:40	ActionGesture	PauseUncertain
2024-05-27 12:29:40	ActionGesture	BrowRaise
2024-05-27 12:29:42	MonitorSpeechStart	\spd=162\the same if it's the same battery and the resistance increases when a lamp is added right?\spd=180\	4887
2024-05-27 12:29:42	ActionGesture	BrowRaise
2024-05-27 12:29:43	ActionGesture	BrowRaise
2024-05-27 12:29:46	ActionGesture	BrowRaise
2024-05-27 12:29:46	ActionGesture	BrowRaise
2024-05-27 12:29:46	ActionGesture	BrowRaise
2024-05-27 12:29:49	ActionGesture	Smile
2024-05-27 12:29:50	SenseSpeech	right	928
2024-05-27 12:29:50	MonitorSpeechStart	\spd=162\Ok, hear this If the resistance increases and the voltage is constant, surely the lights must glow dimmer because the current decreases?\spd=180\	8370
2024-05-27 12:29:51	ActionGesture	BrowRaise
2024-05-27 12:29:51	ActionGesture	BrowRaise
2024-05-27 12:29:52	ActionGesture	BrowRaise
2024-05-27 12:29:55	ActionGesture	BrowRaise
2024-05-27 12:29:56	ActionGesture	BrowRaise
2024-05-27 12:29:57	ActionGesture	BrowRaise
2024-05-27 12:29:57	ActionGesture	BrowRaise
2024-05-27 12:29:59	ActionGesture	BrowRaise
2024-05-27 12:30:03	ActionGesture	Smile
2024-05-27 12:30:04	SenseSpeech	right could be yeah maybe	1930
2024-05-27 12:30:04	FlowEvent	NEW_FLOW_STATE	QuestionCheckpoint	1		CONDITION2	QuestionCheckpoint
2024-05-27 12:30:05	MonitorSpeechStart	\spd=162\Right So <mark name="action"/>\spd=180\	751
2024-05-27 12:30:05	ActionGesture	PauseUncertain
2024-05-27 12:30:05	ActionGesture	BrowRaise
2024-05-27 12:30:06	MonitorSpeechStart	\spd=162\I'm not completely sure <mark name="action"/>\spd=180\	1532
2024-05-27 12:30:07	ActionGesture	PauseUncertain
2024-05-27 12:30:08	ActionGesture	BrowRaise
2024-05-27 12:30:09	MonitorSpeechStart	\spd=162\but do we agree it's TRUE?\spd=180\	1522
2024-05-27 12:30:10	ActionGesture	BrowRaise
2024-05-27 12:30:10	ActionGesture	BrowRaise
2024-05-27 12:30:14	ActionGesture	Smile
2024-05-27 12:30:17	SenseSpeech	uh yes I agree we agree it's true	2179
2024-05-27 12:30:17	FlowEvent	NEW_FLOW_STATE	QuestionReview	1		CONDITION2	QuestionReview
2024-05-27 12:30:17	FlowEvent	NEW_FLOW_STATE	QuestionConfirmation	1		CONDITION2	QuestionConfirmation
2024-05-27 12:30:17	MonitorSpeechStart	\spd=180\Nice\spd=180\	453
2024-05-27 12:30:17	ActionGesture	BrowRaise
2024-05-27 12:30:18	MonitorSpeechStart	\spd=180\Ok. I marked TRUE already. Can you mark your answer on the tablet and confim?\spd=180\	4335
2024-05-27 12:30:19	ActionGesture	BrowRaise
2024-05-27 12:30:19	ActionGesture	BrowRaise
2024-05-27 12:30:21	ActionGesture	BrowRaise
2024-05-27 12:30:22	ActionGesture	BrowRaise
2024-05-27 12:30:25	GUIEvent	NEW_STAGE_REQUESTED	STAGE[2] [28] REQUESTED .. [ACCEPTED]	1	28	CONDITION2	QuestionConfirmation
2024-05-27 12:30:25	SessionEvent	ANSWER_CONFIRMED	QUESTION CONFIRMED IN GUI.	2		CONDITION2	QuestionConfirmation
2024-05-27 12:30:25	SessionEvent	QUESTION_SET	NEW QUESTION TO ACTIVATE	2		CONDITION2	QuestionConfirmation
2024-05-27 12:30:25	FlowEvent	NEW_FLOW_STATE	QuestionReflection	2		CONDITION2	QuestionReflection
2024-05-27 12:30:26	MonitorSpeechStart	\spd=180\Right\spd=180\	439
2024-05-27 12:30:26	ActionGesture	BrowRaise
2024-05-27 12:30:27	MonitorSpeechStart	\spd=180\receiving the question 2\spd=180\	1408
2024-05-27 12:30:28	ActionGesture	BrowRaise
2024-05-27 12:30:28	ActionGesture	BrowRaise
2024-05-27 12:30:30	MonitorSpeechStart	\spd=180\Ok\spd=180\	403
2024-05-27 12:30:30	ActionGesture	BrowRaise
2024-05-27 12:30:35	Autoreload is disabled because the development mode is off.
2024-05-27 12:30:36	Application started in 0.561 seconds.
2024-05-27 12:30:36	Responding at http://127.0.0.1:8888
2024-05-27 12:30:37	----------------- NEW EXECUTION-------------------
2024-05-27 12:30:37	FlowEvent	NEW_FLOW_STATE	Sleep	0.0		UNDEFINED	Sleep
2024-05-27 12:30:38	ActionGesture	CloseEyes
2024-05-27 12:30:38	ActionGesture	CloseEyes
2024-05-27 12:30:48	GUIEvent	GUI_RELOADED	GUI_RELOADED [ACCEPTED]	0.0	UNDEFINED	UNDEFINED	Sleep
2024-05-27 12:30:51	GUIEvent	NEW_STAGE_REQUESTED	STAGE[0.2] [47] REQUESTED .. [ACCEPTED]	0.0	UNDEFINED	UNDEFINED	Sleep
2024-05-27 12:30:51	SessionEvent	USER_SET	USER TO ACTIVATE.	0.2	47	UNDEFINED	Sleep
2024-05-27 12:30:51	FlowEvent	NEW_FLOW_STATE	Welcome	0.2		CONDITION3	Welcome
2024-05-27 12:30:51	ActionGesture	OpenEyes
2024-05-27 12:30:51	ActionGesture	Smile
2024-05-27 12:30:52	MonitorSpeechStart	\spd=180\Hello there\spd=180\	693
2024-05-27 12:30:52	ActionGesture	BrowRaise
2024-05-27 12:30:54	MonitorSpeechStart	\spd=180\Nice to meet you\spd=180\	808
2024-05-27 12:30:54	ActionGesture	BrowRaise
2024-05-27 12:30:56	MonitorSpeechStart	\spd=180\How you doing?\spd=180\	752
2024-05-27 12:30:56	ActionGesture	BrowRaise
2024-05-27 12:30:58	ActionGesture	Smile
2024-05-27 12:30:58	SenseSpeech	yeah	828
2024-05-27 12:30:58	FlowEvent	NEW_FLOW_STATE	ReviewInstructions	0.2		CONDITION3	ReviewInstructions
2024-05-27 12:30:59	MonitorSpeechStart	\spd=180\Right, as far as I know,we will get some Electronics questions to resolve together. Somebody told you?\spd=180\	6060
2024-05-27 12:30:59	ActionGesture	BrowRaise
2024-05-27 12:31:00	ActionGesture	BrowRaise
2024-05-27 12:31:00	ActionGesture	BrowRaise
2024-05-27 12:31:00	ActionGesture	BrowRaise
2024-05-27 12:31:01	GUIEvent	NEW_STAGE_REQUESTED	STAGE[1] [47] REQUESTED .. [ACCEPTED]	0.2	47	CONDITION3	ReviewInstructions
2024-05-27 12:31:01	SessionEvent	QUESTION_SET	NEW QUESTION TO ACTIVATE	1		CONDITION3	ReviewInstructions
2024-05-27 12:31:01	FlowEvent	NEW_FLOW_STATE	QuestionReflection	1		CONDITION3	QuestionReflection
2024-05-27 12:31:02	MonitorSpeechStart	\spd=180\Ok\spd=180\	403
2024-05-27 12:31:03	ActionGesture	BrowRaise
2024-05-27 12:31:04	MonitorSpeechStart	\spd=180\I think I am getting the question 1\spd=180\	1746
2024-05-27 12:31:04	ActionGesture	BrowRaise
2024-05-27 12:31:05	ActionGesture	BrowRaise
2024-05-27 12:31:06	MonitorSpeechStart	\spd=180\Let's see\spd=180\	658
2024-05-27 12:31:07	ActionGesture	BrowRaise
2024-05-27 12:31:15	MonitorSpeechStart	\spd=180\Have you answered?\spd=180\	840
2024-05-27 12:31:16	ActionGesture	BrowRaise
2024-05-27 12:31:18	ActionGesture	Smile
2024-05-27 12:31:19	SenseSpeech	uh need to think	1236
2024-05-27 12:31:20	MonitorSpeechStart	\spd=180\Oh\spd=180\	328
2024-05-27 12:31:20	ActionGesture	BrowRaise
2024-05-27 12:31:22	MonitorSpeechStart	\spd=180\I see\spd=180\	443
2024-05-27 12:31:22	ActionGesture	BrowRaise
2024-05-27 12:31:24	MonitorSpeechStart	\spd=180\Have you answered already?\spd=180\	1147
2024-05-27 12:31:24	ActionGesture	BrowRaise
2024-05-27 12:31:25	ActionGesture	BrowRaise
2024-05-27 12:31:33	MonitorSpeechStart	\spd=180\I mean\spd=180\	414
2024-05-27 12:31:33	ActionGesture	BrowRaise
2024-05-27 12:31:35	MonitorSpeechStart	\spd=180\Let me know when you have it\spd=180\	1212
2024-05-27 12:31:35	ActionGesture	BrowRaise
2024-05-27 12:31:36	ActionGesture	BrowRaise
2024-05-27 12:31:39	GUIEvent	ANSWER_MARKED	ANSWER[FALSE] [1] [47] SENT .. [ACCEPTED]	1	47	CONDITION3	QuestionReflection
2024-05-27 12:31:40	ActionGesture	Smile
2024-05-27 12:31:41	SenseSpeech	yes I have it	1401
2024-05-27 12:31:41	FlowEvent	NEW_FLOW_STATE	QuestionDisclosure	1		CONDITION3	QuestionDisclosure
2024-05-27 12:31:41	ActionGesture	SubtleNod
2024-05-27 12:31:41	MonitorSpeechStart	\spd=198\Good <mark name="action"/>\spd=180\	399
2024-05-27 12:31:42	ActionGesture	EyesOpenBrowUpNod
2024-05-27 12:31:43	MonitorSpeechStart	\spd=198\I'm convinced that it's TRUE <mark name="action"/>\spd=180\	1448
2024-05-27 12:31:43	ActionGesture	BrowRaise
2024-05-27 12:31:44	ActionGesture	BrowRaise
2024-05-27 12:31:44	ActionGesture	EyesOpenBrowUpNod
2024-05-27 12:31:45	MonitorSpeechStart	\spd=198\What do you think?\spd=180\	724
2024-05-27 12:31:45	ActionGesture	BrowRaise
2024-05-27 12:31:49	ActionGesture	Smile
2024-05-27 12:31:51	SenseSpeech	can you repeat	1207
2024-05-27 12:31:51	MonitorSpeechStart	\spd=180\Yes\spd=180\	584
2024-05-27 12:31:51	ActionGesture	BrowRaise
2024-05-27 12:31:53	MonitorSpeechStart	\spd=180\I'm convinced that it's TRUE\spd=180\	1614
2024-05-27 12:31:53	ActionGesture	BrowRaise
2024-05-27 12:31:54	ActionGesture	BrowRaise
2024-05-27 12:31:55	MonitorSpeechStart	\spd=180\What do you think?\spd=180\	806
2024-05-27 12:31:56	ActionGesture	BrowRaise
2024-05-27 12:31:59	ActionGesture	Smile
2024-05-27 12:32:01	SenseSpeech	I am not convinced	2134
2024-05-27 12:32:01	FlowEvent	NEW_FLOW_STATE	QuestionPersuasion	1		CONDITION3	QuestionPersuasion
2024-05-27 12:32:01	ActionGesture	SubtleShake
2024-05-27 12:32:02	MonitorSpeechStart	\spd=198\Well <mark name="action"/>\spd=180\	405
2024-05-27 12:32:02	ActionGesture	BrowRaise
2024-05-27 12:32:02	ActionGesture	EyesOpenBrowUpNod
2024-05-27 12:32:03	MonitorSpeechStart	\spd=198\The total resistance increases if one more lamp is added\spd=180\	2928
2024-05-27 12:32:03	ActionGesture	BrowRaise
2024-05-27 12:32:05	ActionGesture	BrowRaise
2024-05-27 12:32:05	ActionGesture	BrowRaise
2024-05-27 12:32:06	ActionGesture	BrowRaise
2024-05-27 12:32:11	ActionGesture	Smile
2024-05-27 12:32:12	SenseSpeech	okay	1042
2024-05-27 12:32:12	ActionGesture	SubtleNod
2024-05-27 12:32:12	MonitorSpeechStart	\spd=198\Good. You see it too? <mark name="action"/>\spd=180\	1580
2024-05-27 12:32:14	ActionGesture	BrowRaise
2024-05-27 12:32:14	ActionGesture	EyesOpenBrowUpNod
2024-05-27 12:32:15	MonitorSpeechStart	\spd=198\Since it is the same battery, the voltage is constant\spd=180\	2637
2024-05-27 12:32:16	ActionGesture	BrowRaise
2024-05-27 12:32:17	ActionGesture	BrowRaise
2024-05-27 12:32:17	ActionGesture	BrowRaise
2024-05-27 12:32:23	ActionGesture	Smile
2024-05-27 12:32:24	SenseSpeech	right	1016
2024-05-27 12:32:24	MonitorSpeechStart	\spd=198\Ok <mark name="action"/>\spd=180\	362
2024-05-27 12:32:24	ActionGesture	BrowRaise
2024-05-27 12:32:24	ActionGesture	EyesOpenBrowUpNod
2024-05-27 12:32:25	MonitorSpeechStart	\spd=198\With the same voltage and higher resistance, the current will be lower according to Ohm's law.\spd=180\	4130
2024-05-27 12:32:26	ActionGesture	BrowRaise
2024-05-27 12:32:26	ActionGesture	BrowRaise
2024-05-27 12:32:28	ActionGesture	BrowRaise
2024-05-27 12:32:29	ActionGesture	BrowRaise
2024-05-27 12:32:53	Autoreload is disabled because the development mode is off.
2024-05-27 12:32:54	Application started in 0.603 seconds.
2024-05-27 12:32:54	Responding at http://127.0.0.1:8888
2024-05-27 12:32:56	----------------- NEW EXECUTION-------------------
2024-05-27 12:32:56	FlowEvent	NEW_FLOW_STATE	Sleep	0.0		UNDEFINED	Sleep
2024-05-27 12:32:56	ActionGesture	CloseEyes
2024-05-27 12:32:56	ActionGesture	CloseEyes
2024-05-27 12:33:02	GUIEvent	GUI_RELOADED	GUI_RELOADED [ACCEPTED]	0.0	UNDEFINED	UNDEFINED	Sleep
2024-05-27 12:33:04	GUIEvent	NEW_STAGE_REQUESTED	STAGE[0.2] [28] REQUESTED .. [ACCEPTED]	0.0	UNDEFINED	UNDEFINED	Sleep
2024-05-27 12:33:04	SessionEvent	USER_SET	USER TO ACTIVATE.	0.2	28	UNDEFINED	Sleep
2024-05-27 12:33:04	FlowEvent	NEW_FLOW_STATE	Welcome	0.2		CONDITION2	Welcome
2024-05-27 12:33:04	ActionGesture	OpenEyes
2024-05-27 12:33:04	ActionGesture	Smile
2024-05-27 12:33:05	MonitorSpeechStart	<prosody rate="1.0">Hello there</prosody>	543
2024-05-27 12:33:05	ActionGesture	BrowRaise
2024-05-27 12:33:07	MonitorSpeechStart	<prosody rate="1.0">Nice to meet you</prosody>	824
2024-05-27 12:33:07	ActionGesture	BrowRaise
2024-05-27 12:33:08	GUIEvent	NEW_STAGE_REQUESTED	STAGE[1] [28] REQUESTED .. [ACCEPTED]	0.2	28	CONDITION2	Welcome
2024-05-27 12:33:08	SessionEvent	QUESTION_SET	NEW QUESTION TO ACTIVATE	1		CONDITION2	Welcome
2024-05-27 12:33:08	FlowEvent	NEW_FLOW_STATE	QuestionReflection	1		CONDITION2	QuestionReflection
2024-05-27 12:33:09	MonitorSpeechStart	<prosody rate="1.0">Ok</prosody>	618
2024-05-27 12:33:10	ActionGesture	BrowRaise
2024-05-27 12:33:11	MonitorSpeechStart	<prosody rate="1.0">I think I am getting the question 1</prosody>	1802
2024-05-27 12:33:11	ActionGesture	BrowRaise
2024-05-27 12:33:12	ActionGesture	BrowRaise
2024-05-27 12:33:13	GUIEvent	ANSWER_MARKED	ANSWER[FALSE] [1] [28] SENT .. [ACCEPTED]	1	28	CONDITION2	QuestionReflection
2024-05-27 12:33:14	MonitorSpeechStart	<prosody rate="1.0">Let's see</prosody>	658
2024-05-27 12:33:14	ActionGesture	BrowRaise
2024-05-27 12:33:17	ActionGesture	Smile
2024-05-27 12:33:18	SenseSpeech	I have	1062
2024-05-27 12:33:18	FlowEvent	NEW_FLOW_STATE	QuestionDisclosure	1		CONDITION2	QuestionDisclosure
2024-05-27 12:33:18	ActionGesture	SubtleWobbleYes
2024-05-27 12:33:18	MonitorSpeechStart	<prosody rate="0.9">Good <mark name="action"/></prosody>	426
2024-05-27 12:33:19	ActionGesture	PauseUncertain
2024-05-27 12:33:19	MonitorSpeechStart	<prosody rate="0.9">I'm a little unsure <mark name="action"/></prosody>	1158
2024-05-27 12:33:20	ActionGesture	BrowRaise
2024-05-27 12:33:21	ActionGesture	PauseUncertain
2024-05-27 12:33:21	MonitorSpeechStart	<prosody rate="0.9">, but I think that's TRUE <mark name="action"/></prosody>	1565
2024-05-27 12:33:22	ActionGesture	BrowRaise
2024-05-27 12:33:23	ActionGesture	PauseUncertain
2024-05-27 12:33:24	MonitorSpeechStart	<prosody rate="0.9">What do you think?</prosody>	780
2024-05-27 12:33:24	ActionGesture	BrowRaise
2024-05-27 12:33:30	Autoreload is disabled because the development mode is off.
2024-05-27 12:33:30	Application started in 0.6 seconds.
2024-05-27 12:33:31	Responding at http://127.0.0.1:8888
2024-05-27 12:33:35	Autoreload is disabled because the development mode is off.
2024-05-27 12:33:35	Application started in 0.568 seconds.
2024-05-27 12:33:36	Responding at http://127.0.0.1:8888
2024-05-27 12:33:37	----------------- NEW EXECUTION-------------------
2024-05-27 12:33:37	FlowEvent	NEW_FLOW_STATE	Sleep	0.0		UNDEFINED	Sleep
2024-05-27 12:33:37	ActionGesture	CloseEyes
2024-05-27 12:33:37	ActionGesture	CloseEyes
2024-05-27 12:33:38	GUIEvent	GUI_RELOADED	GUI_RELOADED [ACCEPTED]	0.0	UNDEFINED	UNDEFINED	Sleep
2024-05-27 12:33:40	GUIEvent	NEW_STAGE_REQUESTED	STAGE[0.2] [53] REQUESTED .. [ACCEPTED]	0.0	UNDEFINED	UNDEFINED	Sleep
2024-05-27 12:33:40	SessionEvent	USER_SET	USER TO ACTIVATE.	0.2	53	UNDEFINED	Sleep
2024-05-27 12:33:40	FlowEvent	NEW_FLOW_STATE	Welcome	0.2		CONDITION3	Welcome
2024-05-27 12:33:40	ActionGesture	OpenEyes
2024-05-27 12:33:40	ActionGesture	Smile
2024-05-27 12:33:41	MonitorSpeechStart	<prosody rate="1.0">Hello there</prosody>	543
2024-05-27 12:33:41	ActionGesture	BrowRaise
2024-05-27 12:33:43	MonitorSpeechStart	<prosody rate="1.0">Nice to meet you</prosody>	824
2024-05-27 12:33:43	ActionGesture	BrowRaise
2024-05-27 12:33:44	GUIEvent	NEW_STAGE_REQUESTED	STAGE[1] [53] REQUESTED .. [ACCEPTED]	0.2	53	CONDITION3	Welcome
2024-05-27 12:33:44	SessionEvent	QUESTION_SET	NEW QUESTION TO ACTIVATE	1		CONDITION3	Welcome
2024-05-27 12:33:44	FlowEvent	NEW_FLOW_STATE	QuestionReflection	1		CONDITION3	QuestionReflection
2024-05-27 12:33:45	MonitorSpeechStart	<prosody rate="1.0">Ok</prosody>	618
2024-05-27 12:33:45	ActionGesture	BrowRaise
2024-05-27 12:33:46	MonitorSpeechStart	<prosody rate="1.0">I think I am getting the question 1</prosody>	1802
2024-05-27 12:33:46	ActionGesture	BrowRaise
2024-05-27 12:33:47	GUIEvent	ANSWER_MARKED	ANSWER[TRUE] [1] [53] SENT .. [ACCEPTED]	1	53	CONDITION3	QuestionReflection
2024-05-27 12:33:48	ActionGesture	BrowRaise
2024-05-27 12:33:49	MonitorSpeechStart	<prosody rate="1.0">Let's see</prosody>	658
2024-05-27 12:33:49	ActionGesture	BrowRaise
2024-05-27 12:33:52	ActionGesture	Smile
2024-05-27 12:33:53	SenseSpeech	I marked	1030
2024-05-27 12:33:53	FlowEvent	NEW_FLOW_STATE	QuestionDisclosure	1		CONDITION3	QuestionDisclosure
2024-05-27 12:33:53	MonitorSpeechStart	<prosody rate="1.1">I'm convinced that it's TRUE <mark name="action"/></prosody>	1246
2024-05-27 12:33:54	ActionGesture	BrowRaise
2024-05-27 12:33:54	ActionGesture	EyesOpenBrowUpNod
2024-05-27 12:33:55	MonitorSpeechStart	<prosody rate="1.1">What do you think?</prosody>	677
2024-05-27 12:33:55	ActionGesture	BrowRaise
2024-05-27 12:34:01	ActionGesture	Smile
2024-05-27 12:34:02	SenseSpeech	right	1657
2024-05-27 12:34:02	FlowEvent	NEW_FLOW_STATE	QuestionReview	1		CONDITION3	QuestionReview
2024-05-27 12:34:03	MonitorSpeechStart	<prosody rate="1.1">Ok <mark name="action"/></prosody>	562
2024-05-27 12:34:03	ActionGesture	BrowRaise
2024-05-27 12:34:03	ActionGesture	EyesOpenBrowUpNod
2024-05-27 12:34:04	MonitorSpeechStart	<prosody rate="1.1">It is obvious, since the resistance increases with more lamps while the voltage is constant.</prosody>	4424
2024-05-27 12:34:04	ActionGesture	BrowRaise
2024-05-27 12:34:08	ActionGesture	BrowRaise
2024-05-27 12:34:08	ActionGesture	BrowRaise
2024-05-27 12:34:11	ActionGesture	Smile
2024-05-27 12:34:12	SenseSpeech	okay	1071
2024-05-27 12:34:12	ActionGesture	SubtleNod
2024-05-27 12:34:13	MonitorSpeechStart	<prosody rate="1.1">Good. You see it too? <mark name="action"/></prosody>	1400
2024-05-27 12:34:14	ActionGesture	EyesOpenBrowUpNod
2024-05-27 12:34:15	MonitorSpeechStart	<prosody rate="1.1">Enligt Ohms lag blir strömmen lägre om resistansen ökar när spänningen hålls konstant, så då kommer lamporna absolut att lysa svagare.</prosody>	7030
2024-05-27 12:34:15	ActionGesture	BrowRaise
2024-05-27 12:34:18	ActionGesture	BrowRaise
2024-05-27 12:34:20	ActionGesture	BrowRaise
2024-05-27 12:34:20	ActionGesture	BrowRaise
2024-05-27 12:45:23	Autoreload is disabled because the development mode is off.
2024-05-27 12:45:23	Application started in 0.645 seconds.
2024-05-27 12:45:24	Responding at http://127.0.0.1:8888
2024-05-27 12:45:26	----------------- NEW EXECUTION-------------------
2024-05-27 12:45:26	FlowEvent	NEW_FLOW_STATE	Sleep	0.0		UNDEFINED	Sleep
2024-05-27 12:45:26	ActionGesture	CloseEyes
2024-05-27 12:45:26	ActionGesture	CloseEyes
2024-05-27 12:45:30	GUIEvent	GUI_RELOADED	GUI_RELOADED [ACCEPTED]	0.0	UNDEFINED	UNDEFINED	Sleep
2024-05-27 12:45:36	GUIEvent	NEW_STAGE_REQUESTED	STAGE[0.2] [53] REQUESTED .. [ACCEPTED]	0.0	UNDEFINED	UNDEFINED	Sleep
2024-05-27 12:45:36	SessionEvent	USER_SET	USER TO ACTIVATE.	0.2	53	UNDEFINED	Sleep
2024-05-27 12:45:36	FlowEvent	NEW_FLOW_STATE	Welcome	0.2		CONDITION3	Welcome
2024-05-27 12:45:36	ActionGesture	OpenEyes
2024-05-27 12:45:36	ActionGesture	Smile
2024-05-27 12:45:37	MonitorSpeechStart	<prosody rate="1.0">Hello there</prosody>	543
2024-05-27 12:45:37	ActionGesture	BrowRaise
2024-05-27 12:45:39	MonitorSpeechStart	<prosody rate="1.0">Nice to meet you</prosody>	824
2024-05-27 12:45:39	ActionGesture	BrowRaise
2024-05-27 12:45:40	MonitorSpeechStart	<prosody rate="1.0">How you doing?</prosody>	741
2024-05-27 12:45:41	GUIEvent	NEW_STAGE_REQUESTED	STAGE[1] [53] REQUESTED .. [ACCEPTED]	0.2	53	CONDITION3	Welcome
2024-05-27 12:45:41	SessionEvent	QUESTION_SET	NEW QUESTION TO ACTIVATE	1		CONDITION3	Welcome
2024-05-27 12:45:41	ActionGesture	BrowRaise
2024-05-27 12:45:41	FlowEvent	NEW_FLOW_STATE	QuestionReflection	1		CONDITION3	QuestionReflection
2024-05-27 12:45:42	MonitorSpeechStart	<prosody rate="1.0">Ok</prosody>	618
2024-05-27 12:45:42	ActionGesture	BrowRaise
2024-05-27 12:45:43	MonitorSpeechStart	<prosody rate="1.0">I think I am getting the question 1</prosody>	1802
2024-05-27 12:45:43	ActionGesture	BrowRaise
2024-05-27 12:45:44	ActionGesture	BrowRaise
2024-05-27 12:45:46	GUIEvent	ANSWER_MARKED	ANSWER[FALSE] [1] [53] SENT .. [ACCEPTED]	1	53	CONDITION3	QuestionReflection
2024-05-27 12:45:46	MonitorSpeechStart	<prosody rate="1.0">Let's see</prosody>	658
2024-05-27 12:45:46	ActionGesture	BrowRaise
2024-05-27 12:45:48	ActionGesture	Smile
2024-05-27 12:45:50	SenseSpeech	I have it	1219
2024-05-27 12:45:50	FlowEvent	NEW_FLOW_STATE	QuestionDisclosure	1		CONDITION3	QuestionDisclosure
2024-05-27 12:45:50	ActionGesture	SubtleNod
2024-05-27 12:45:50	MonitorSpeechStart	<prosody rate="1.1">Good <mark name="action"/></prosody>	364
2024-05-27 12:45:50	ActionGesture	EyesOpenBrowUpNod
2024-05-27 12:45:51	MonitorSpeechStart	<prosody rate="1.1">I'm convinced that it's TRUE <mark name="action"/></prosody>	1246
2024-05-27 12:45:52	ActionGesture	BrowRaise
2024-05-27 12:45:52	ActionGesture	EyesOpenBrowUpNod
2024-05-27 12:45:53	MonitorSpeechStart	<prosody rate="1.1">What do you think?</prosody>	677
2024-05-27 12:45:53	ActionGesture	BrowRaise
2024-05-27 12:45:55	ActionGesture	Smile
2024-05-27 12:46:00	SenseSpeech	you see let's do this alright mhm uh I think it's false	5136
2024-05-27 12:46:00	FlowEvent	NEW_FLOW_STATE	QuestionPersuasion	1		CONDITION3	QuestionPersuasion
2024-05-27 12:46:00	ActionGesture	SubtleShake
2024-05-27 12:46:00	MonitorSpeechStart	<prosody rate="1.1">Well <mark name="action"/></prosody>	404
2024-05-27 12:46:00	ActionGesture	BrowRaise
2024-05-27 12:46:01	ActionGesture	EyesOpenBrowUpNod
2024-05-27 12:46:03	MonitorSpeechStart	<prosody rate="1.1">The total resistance increases if one more lamp is added</prosody>	2656
2024-05-27 12:46:04	ActionGesture	BrowRaise
2024-05-27 12:46:05	ActionGesture	BrowRaise
2024-05-27 12:46:09	ActionGesture	Smile
